-- The C compiler identification is GNU 9.4.0
-- The CXX compiler identification is GNU 9.4.0
-- Check for working C compiler: /usr/bin/cc
-- Check for working C compiler: /usr/bin/cc -- works
-- Detecting C compiler ABI info
-- Detecting C compiler ABI info - done
-- Detecting C compile features
-- Detecting C compile features - done
-- Check for working CXX compiler: /usr/bin/c++
-- Check for working CXX compiler: /usr/bin/c++ -- works
-- Detecting CXX compiler ABI info
-- Detecting CXX compiler ABI info - done
-- Detecting CXX compile features
-- Detecting CXX compile features - done
-- Found ament_cmake: 0.9.11 (/home/hd/ros2_foxy/install/ament_cmake/share/ament_cmake/cmake)
-- Found PythonInterp: /usr/bin/python3 (found suitable version "3.8.10", minimum required is "3") 
-- Using PYTHON_EXECUTABLE: /usr/bin/python3
-- Found rclcpp: 2.4.2 (/home/hd/ros2_foxy/install/rclcpp/share/rclcpp/cmake)
-- Using all available rosidl_typesupport_c: rosidl_typesupport_fastrtps_c;rosidl_typesupport_introspection_c
-- Found rosidl_adapter: 1.3.0 (/home/hd/ros2_foxy/install/rosidl_adapter/share/rosidl_adapter/cmake)
-- Found OpenSSL: /usr/lib/x86_64-linux-gnu/libcrypto.so (found version "1.1.1f")  
-- Found FastRTPS: /home/hd/ros2_foxy/install/fastrtps/include  
-- Using all available rosidl_typesupport_cpp: rosidl_typesupport_fastrtps_cpp;rosidl_typesupport_introspection_cpp
-- Found rmw_implementation_cmake: 1.0.4 (/home/hd/ros2_foxy/install/rmw_implementation_cmake/share/rmw_implementation_cmake/cmake)
-- Using RMW implementation 'rmw_fastrtps_cpp' as default
-- Looking for pthread.h
-- Looking for pthread.h - found
-- Performing Test CMAKE_HAVE_LIBC_PTHREAD
-- Performing Test CMAKE_HAVE_LIBC_PTHREAD - Failed
-- Looking for pthread_create in pthreads
-- Looking for pthread_create in pthreads - not found
-- Looking for pthread_create in pthread
-- Looking for pthread_create in pthread - found
-- Found Threads: TRUE  
-- Configuring done
-- Generating done
-- Build files have been written to: /home/hd/Desktop/Motor_Control/motor_controls.ws/build/coucou
[35m[1mScanning dependencies of target talker[0m
[35m[1mScanning dependencies of target suscriber[0m
[ 25%] [32mBuilding CXX object CMakeFiles/talker.dir/src/send.cpp.o[0m
[ 50%] [32mBuilding CXX object CMakeFiles/suscriber.dir/src/read.cpp.o[0m
[ 75%] [32m[1mLinking CXX executable talker[0m
[ 75%] Built target talker
[100%] [32m[1mLinking CXX executable suscriber[0m
[100%] Built target suscriber
-- Install configuration: ""
-- Installing: /home/hd/Desktop/Motor_Control/motor_controls.ws/install/coucou/lib/coucou/talker
-- Set runtime path of "/home/hd/Desktop/Motor_Control/motor_controls.ws/install/coucou/lib/coucou/talker" to ""
-- Installing: /home/hd/Desktop/Motor_Control/motor_controls.ws/install/coucou/lib/coucou/suscriber
-- Set runtime path of "/home/hd/Desktop/Motor_Control/motor_controls.ws/install/coucou/lib/coucou/suscriber" to ""
-- Installing: /home/hd/Desktop/Motor_Control/motor_controls.ws/install/coucou/share/ament_index/resource_index/package_run_dependencies/coucou
-- Installing: /home/hd/Desktop/Motor_Control/motor_controls.ws/install/coucou/share/ament_index/resource_index/parent_prefix_path/coucou
-- Installing: /home/hd/Desktop/Motor_Control/motor_controls.ws/install/coucou/share/coucou/environment/ament_prefix_path.sh
-- Installing: /home/hd/Desktop/Motor_Control/motor_controls.ws/install/coucou/share/coucou/environment/ament_prefix_path.dsv
-- Installing: /home/hd/Desktop/Motor_Control/motor_controls.ws/install/coucou/share/coucou/environment/path.sh
-- Installing: /home/hd/Desktop/Motor_Control/motor_controls.ws/install/coucou/share/coucou/environment/path.dsv
-- Installing: /home/hd/Desktop/Motor_Control/motor_controls.ws/install/coucou/share/coucou/local_setup.bash
-- Installing: /home/hd/Desktop/Motor_Control/motor_controls.ws/install/coucou/share/coucou/local_setup.sh
-- Installing: /home/hd/Desktop/Motor_Control/motor_controls.ws/install/coucou/share/coucou/local_setup.zsh
-- Installing: /home/hd/Desktop/Motor_Control/motor_controls.ws/install/coucou/share/coucou/local_setup.dsv
-- Installing: /home/hd/Desktop/Motor_Control/motor_controls.ws/install/coucou/share/coucou/package.dsv
-- Installing: /home/hd/Desktop/Motor_Control/motor_controls.ws/install/coucou/share/ament_index/resource_index/packages/coucou
-- Installing: /home/hd/Desktop/Motor_Control/motor_controls.ws/install/coucou/share/coucou/cmake/coucouConfig.cmake
-- Installing: /home/hd/Desktop/Motor_Control/motor_controls.ws/install/coucou/share/coucou/cmake/coucouConfig-version.cmake
-- Installing: /home/hd/Desktop/Motor_Control/motor_controls.ws/install/coucou/share/coucou/package.xml
