running egg_info
creating ../../build/controller/controller.egg-info
writing ../../build/controller/controller.egg-info/PKG-INFO
writing dependency_links to ../../build/controller/controller.egg-info/dependency_links.txt
writing entry points to ../../build/controller/controller.egg-info/entry_points.txt
writing requirements to ../../build/controller/controller.egg-info/requires.txt
writing top-level names to ../../build/controller/controller.egg-info/top_level.txt
writing manifest file '../../build/controller/controller.egg-info/SOURCES.txt'
reading manifest file '../../build/controller/controller.egg-info/SOURCES.txt'
writing manifest file '../../build/controller/controller.egg-info/SOURCES.txt'
running build
running build_py
creating /home/hd/Desktop/Motor_Control/motor_controls.ws/build/controller/build
creating /home/hd/Desktop/Motor_Control/motor_controls.ws/build/controller/build/lib
creating /home/hd/Desktop/Motor_Control/motor_controls.ws/build/controller/build/lib/controller
copying controller/__init__.py -> /home/hd/Desktop/Motor_Control/motor_controls.ws/build/controller/build/lib/controller
copying controller/controller_publisher.py -> /home/hd/Desktop/Motor_Control/motor_controls.ws/build/controller/build/lib/controller
copying controller/new_gamepad.py -> /home/hd/Desktop/Motor_Control/motor_controls.ws/build/controller/build/lib/controller
copying controller/gamepad.py -> /home/hd/Desktop/Motor_Control/motor_controls.ws/build/controller/build/lib/controller
copying controller/old_controller_pub.py -> /home/hd/Desktop/Motor_Control/motor_controls.ws/build/controller/build/lib/controller
copying controller/CS_subscriber.py -> /home/hd/Desktop/Motor_Control/motor_controls.ws/build/controller/build/lib/controller
copying controller/old_controller_publisher.py -> /home/hd/Desktop/Motor_Control/motor_controls.ws/build/controller/build/lib/controller
copying controller/old_cs_sub.py -> /home/hd/Desktop/Motor_Control/motor_controls.ws/build/controller/build/lib/controller
running install
running install_lib
creating /home/hd/Desktop/Motor_Control/motor_controls.ws/install/controller/lib/python3.8/site-packages/controller
copying /home/hd/Desktop/Motor_Control/motor_controls.ws/build/controller/build/lib/controller/__init__.py -> /home/hd/Desktop/Motor_Control/motor_controls.ws/install/controller/lib/python3.8/site-packages/controller
copying /home/hd/Desktop/Motor_Control/motor_controls.ws/build/controller/build/lib/controller/controller_publisher.py -> /home/hd/Desktop/Motor_Control/motor_controls.ws/install/controller/lib/python3.8/site-packages/controller
copying /home/hd/Desktop/Motor_Control/motor_controls.ws/build/controller/build/lib/controller/new_gamepad.py -> /home/hd/Desktop/Motor_Control/motor_controls.ws/install/controller/lib/python3.8/site-packages/controller
copying /home/hd/Desktop/Motor_Control/motor_controls.ws/build/controller/build/lib/controller/gamepad.py -> /home/hd/Desktop/Motor_Control/motor_controls.ws/install/controller/lib/python3.8/site-packages/controller
copying /home/hd/Desktop/Motor_Control/motor_controls.ws/build/controller/build/lib/controller/old_controller_pub.py -> /home/hd/Desktop/Motor_Control/motor_controls.ws/install/controller/lib/python3.8/site-packages/controller
copying /home/hd/Desktop/Motor_Control/motor_controls.ws/build/controller/build/lib/controller/CS_subscriber.py -> /home/hd/Desktop/Motor_Control/motor_controls.ws/install/controller/lib/python3.8/site-packages/controller
copying /home/hd/Desktop/Motor_Control/motor_controls.ws/build/controller/build/lib/controller/old_controller_publisher.py -> /home/hd/Desktop/Motor_Control/motor_controls.ws/install/controller/lib/python3.8/site-packages/controller
copying /home/hd/Desktop/Motor_Control/motor_controls.ws/build/controller/build/lib/controller/old_cs_sub.py -> /home/hd/Desktop/Motor_Control/motor_controls.ws/install/controller/lib/python3.8/site-packages/controller
byte-compiling /home/hd/Desktop/Motor_Control/motor_controls.ws/install/controller/lib/python3.8/site-packages/controller/__init__.py to __init__.cpython-38.pyc
byte-compiling /home/hd/Desktop/Motor_Control/motor_controls.ws/install/controller/lib/python3.8/site-packages/controller/controller_publisher.py to controller_publisher.cpython-38.pyc
byte-compiling /home/hd/Desktop/Motor_Control/motor_controls.ws/install/controller/lib/python3.8/site-packages/controller/new_gamepad.py to new_gamepad.cpython-38.pyc
byte-compiling /home/hd/Desktop/Motor_Control/motor_controls.ws/install/controller/lib/python3.8/site-packages/controller/gamepad.py to gamepad.cpython-38.pyc
byte-compiling /home/hd/Desktop/Motor_Control/motor_controls.ws/install/controller/lib/python3.8/site-packages/controller/old_controller_pub.py to old_controller_pub.cpython-38.pyc
byte-compiling /home/hd/Desktop/Motor_Control/motor_controls.ws/install/controller/lib/python3.8/site-packages/controller/CS_subscriber.py to CS_subscriber.cpython-38.pyc
byte-compiling /home/hd/Desktop/Motor_Control/motor_controls.ws/install/controller/lib/python3.8/site-packages/controller/old_controller_publisher.py to old_controller_publisher.cpython-38.pyc
byte-compiling /home/hd/Desktop/Motor_Control/motor_controls.ws/install/controller/lib/python3.8/site-packages/controller/old_cs_sub.py to old_cs_sub.cpython-38.pyc
running install_data
creating /home/hd/Desktop/Motor_Control/motor_controls.ws/install/controller/share/ament_index
creating /home/hd/Desktop/Motor_Control/motor_controls.ws/install/controller/share/ament_index/resource_index
creating /home/hd/Desktop/Motor_Control/motor_controls.ws/install/controller/share/ament_index/resource_index/packages
copying resource/controller -> /home/hd/Desktop/Motor_Control/motor_controls.ws/install/controller/share/ament_index/resource_index/packages
copying package.xml -> /home/hd/Desktop/Motor_Control/motor_controls.ws/install/controller/share/controller
running install_egg_info
Copying ../../build/controller/controller.egg-info to /home/hd/Desktop/Motor_Control/motor_controls.ws/install/controller/lib/python3.8/site-packages/controller-0.0.0-py3.8.egg-info
running install_scripts
Installing listener script to /home/hd/Desktop/Motor_Control/motor_controls.ws/install/controller/lib/controller
Installing talker script to /home/hd/Desktop/Motor_Control/motor_controls.ws/install/controller/lib/controller
writing list of installed files to '/home/hd/Desktop/Motor_Control/motor_controls.ws/build/controller/install.log'
