[1.764s] Invoking command in '/home/hd/Desktop/Motor_Control/motor_controls.ws/src/controller': PYTHONPATH=/home/hd/Desktop/Motor_Control/motor_controls.ws/build/controller/prefix_override:/home/hd/Desktop/Motor_Control/motor_controls.ws/install/controller/lib/python3.8/site-packages:${PYTHONPATH} /usr/bin/python3 setup.py egg_info --egg-base ../../build/controller build --build-base /home/hd/Desktop/Motor_Control/motor_controls.ws/build/controller/build install --record /home/hd/Desktop/Motor_Control/motor_controls.ws/build/controller/install.log --install-scripts $base/lib/controller --single-version-externally-managed
[2.502s] running egg_info
[2.503s] creating ../../build/controller/controller.egg-info
[2.503s] writing ../../build/controller/controller.egg-info/PKG-INFO
[2.504s] writing dependency_links to ../../build/controller/controller.egg-info/dependency_links.txt
[2.504s] writing entry points to ../../build/controller/controller.egg-info/entry_points.txt
[2.504s] writing requirements to ../../build/controller/controller.egg-info/requires.txt
[2.505s] writing top-level names to ../../build/controller/controller.egg-info/top_level.txt
[2.510s] writing manifest file '../../build/controller/controller.egg-info/SOURCES.txt'
[2.559s] reading manifest file '../../build/controller/controller.egg-info/SOURCES.txt'
[2.560s] writing manifest file '../../build/controller/controller.egg-info/SOURCES.txt'
[2.560s] running build
[2.560s] running build_py
[2.560s] creating /home/hd/Desktop/Motor_Control/motor_controls.ws/build/controller/build
[2.560s] creating /home/hd/Desktop/Motor_Control/motor_controls.ws/build/controller/build/lib
[2.560s] creating /home/hd/Desktop/Motor_Control/motor_controls.ws/build/controller/build/lib/controller
[2.560s] copying controller/__init__.py -> /home/hd/Desktop/Motor_Control/motor_controls.ws/build/controller/build/lib/controller
[2.560s] copying controller/controller_publisher.py -> /home/hd/Desktop/Motor_Control/motor_controls.ws/build/controller/build/lib/controller
[2.560s] copying controller/new_gamepad.py -> /home/hd/Desktop/Motor_Control/motor_controls.ws/build/controller/build/lib/controller
[2.560s] copying controller/gamepad.py -> /home/hd/Desktop/Motor_Control/motor_controls.ws/build/controller/build/lib/controller
[2.560s] copying controller/old_controller_pub.py -> /home/hd/Desktop/Motor_Control/motor_controls.ws/build/controller/build/lib/controller
[2.560s] copying controller/CS_subscriber.py -> /home/hd/Desktop/Motor_Control/motor_controls.ws/build/controller/build/lib/controller
[2.560s] copying controller/old_controller_publisher.py -> /home/hd/Desktop/Motor_Control/motor_controls.ws/build/controller/build/lib/controller
[2.560s] copying controller/old_cs_sub.py -> /home/hd/Desktop/Motor_Control/motor_controls.ws/build/controller/build/lib/controller
[2.560s] running install
[2.561s] running install_lib
[2.562s] creating /home/hd/Desktop/Motor_Control/motor_controls.ws/install/controller/lib/python3.8/site-packages/controller
[2.564s] copying /home/hd/Desktop/Motor_Control/motor_controls.ws/build/controller/build/lib/controller/__init__.py -> /home/hd/Desktop/Motor_Control/motor_controls.ws/install/controller/lib/python3.8/site-packages/controller
[2.565s] copying /home/hd/Desktop/Motor_Control/motor_controls.ws/build/controller/build/lib/controller/controller_publisher.py -> /home/hd/Desktop/Motor_Control/motor_controls.ws/install/controller/lib/python3.8/site-packages/controller
[2.565s] copying /home/hd/Desktop/Motor_Control/motor_controls.ws/build/controller/build/lib/controller/new_gamepad.py -> /home/hd/Desktop/Motor_Control/motor_controls.ws/install/controller/lib/python3.8/site-packages/controller
[2.565s] copying /home/hd/Desktop/Motor_Control/motor_controls.ws/build/controller/build/lib/controller/gamepad.py -> /home/hd/Desktop/Motor_Control/motor_controls.ws/install/controller/lib/python3.8/site-packages/controller
[2.565s] copying /home/hd/Desktop/Motor_Control/motor_controls.ws/build/controller/build/lib/controller/old_controller_pub.py -> /home/hd/Desktop/Motor_Control/motor_controls.ws/install/controller/lib/python3.8/site-packages/controller
[2.565s] copying /home/hd/Desktop/Motor_Control/motor_controls.ws/build/controller/build/lib/controller/CS_subscriber.py -> /home/hd/Desktop/Motor_Control/motor_controls.ws/install/controller/lib/python3.8/site-packages/controller
[2.565s] copying /home/hd/Desktop/Motor_Control/motor_controls.ws/build/controller/build/lib/controller/old_controller_publisher.py -> /home/hd/Desktop/Motor_Control/motor_controls.ws/install/controller/lib/python3.8/site-packages/controller
[2.565s] copying /home/hd/Desktop/Motor_Control/motor_controls.ws/build/controller/build/lib/controller/old_cs_sub.py -> /home/hd/Desktop/Motor_Control/motor_controls.ws/install/controller/lib/python3.8/site-packages/controller
[2.567s] byte-compiling /home/hd/Desktop/Motor_Control/motor_controls.ws/install/controller/lib/python3.8/site-packages/controller/__init__.py to __init__.cpython-38.pyc
[2.569s] byte-compiling /home/hd/Desktop/Motor_Control/motor_controls.ws/install/controller/lib/python3.8/site-packages/controller/controller_publisher.py to controller_publisher.cpython-38.pyc
[2.571s] byte-compiling /home/hd/Desktop/Motor_Control/motor_controls.ws/install/controller/lib/python3.8/site-packages/controller/new_gamepad.py to new_gamepad.cpython-38.pyc
[2.576s] byte-compiling /home/hd/Desktop/Motor_Control/motor_controls.ws/install/controller/lib/python3.8/site-packages/controller/gamepad.py to gamepad.cpython-38.pyc
[2.579s] byte-compiling /home/hd/Desktop/Motor_Control/motor_controls.ws/install/controller/lib/python3.8/site-packages/controller/old_controller_pub.py to old_controller_pub.cpython-38.pyc
[2.580s] byte-compiling /home/hd/Desktop/Motor_Control/motor_controls.ws/install/controller/lib/python3.8/site-packages/controller/CS_subscriber.py to CS_subscriber.cpython-38.pyc
[2.582s] byte-compiling /home/hd/Desktop/Motor_Control/motor_controls.ws/install/controller/lib/python3.8/site-packages/controller/old_controller_publisher.py to old_controller_publisher.cpython-38.pyc
[2.582s] byte-compiling /home/hd/Desktop/Motor_Control/motor_controls.ws/install/controller/lib/python3.8/site-packages/controller/old_cs_sub.py to old_cs_sub.cpython-38.pyc
[2.582s] running install_data
[2.583s] creating /home/hd/Desktop/Motor_Control/motor_controls.ws/install/controller/share/ament_index
[2.583s] creating /home/hd/Desktop/Motor_Control/motor_controls.ws/install/controller/share/ament_index/resource_index
[2.584s] creating /home/hd/Desktop/Motor_Control/motor_controls.ws/install/controller/share/ament_index/resource_index/packages
[2.584s] copying resource/controller -> /home/hd/Desktop/Motor_Control/motor_controls.ws/install/controller/share/ament_index/resource_index/packages
[2.585s] copying package.xml -> /home/hd/Desktop/Motor_Control/motor_controls.ws/install/controller/share/controller
[2.585s] running install_egg_info
[2.589s] Copying ../../build/controller/controller.egg-info to /home/hd/Desktop/Motor_Control/motor_controls.ws/install/controller/lib/python3.8/site-packages/controller-0.0.0-py3.8.egg-info
[2.591s] running install_scripts
[2.626s] Installing listener script to /home/hd/Desktop/Motor_Control/motor_controls.ws/install/controller/lib/controller
[2.626s] Installing talker script to /home/hd/Desktop/Motor_Control/motor_controls.ws/install/controller/lib/controller
[2.627s] writing list of installed files to '/home/hd/Desktop/Motor_Control/motor_controls.ws/build/controller/install.log'
[2.671s] Invoked command in '/home/hd/Desktop/Motor_Control/motor_controls.ws/src/controller' returned '0': PYTHONPATH=/home/hd/Desktop/Motor_Control/motor_controls.ws/build/controller/prefix_override:/home/hd/Desktop/Motor_Control/motor_controls.ws/install/controller/lib/python3.8/site-packages:${PYTHONPATH} /usr/bin/python3 setup.py egg_info --egg-base ../../build/controller build --build-base /home/hd/Desktop/Motor_Control/motor_controls.ws/build/controller/build install --record /home/hd/Desktop/Motor_Control/motor_controls.ws/build/controller/install.log --install-scripts $base/lib/controller --single-version-externally-managed
