-- Found ament_cmake: 0.9.11 (/home/hd/ros2_foxy/install/ament_cmake/share/ament_cmake/cmake)
-- Found PythonInterp: /usr/bin/python3 (found suitable version "3.8.10", minimum required is "3") 
-- Using PYTHON_EXECUTABLE: /usr/bin/python3
-- Found rclcpp: 2.4.2 (/home/hd/ros2_foxy/install/rclcpp/share/rclcpp/cmake)
-- Using all available rosidl_typesupport_c: rosidl_typesupport_fastrtps_c;rosidl_typesupport_introspection_c
-- Found rosidl_adapter: 1.3.0 (/home/hd/ros2_foxy/install/rosidl_adapter/share/rosidl_adapter/cmake)
-- Using all available rosidl_typesupport_cpp: rosidl_typesupport_fastrtps_cpp;rosidl_typesupport_introspection_cpp
-- Found rmw_implementation_cmake: 1.0.4 (/home/hd/ros2_foxy/install/rmw_implementation_cmake/share/rmw_implementation_cmake/cmake)
-- Using RMW implementation 'rmw_fastrtps_cpp' as default
-- Found sensor_msgs: 2.0.5 (/home/hd/ros2_foxy/install/sensor_msgs/share/sensor_msgs/cmake)
-- Found rosidl_default_generators: 1.0.1 (/home/hd/ros2_foxy/install/rosidl_default_generators/share/rosidl_default_generators/cmake)
-- Found PythonInterp: /usr/bin/python3 (found version "3.8.10") 
-- Found ament_cmake_ros: 0.9.2 (/home/hd/ros2_foxy/install/ament_cmake_ros/share/ament_cmake_ros/cmake)
-- Using all available rosidl_typesupport_c: rosidl_typesupport_fastrtps_c;rosidl_typesupport_introspection_c
-- Using all available rosidl_typesupport_cpp: rosidl_typesupport_fastrtps_cpp;rosidl_typesupport_introspection_cpp
-- Found PythonInterp: /usr/bin/python3 (found suitable version "3.8.10", minimum required is "3.5") 
-- Found python_cmake_module: 0.8.1 (/home/hd/ros2_foxy/install/python_cmake_module/share/python_cmake_module/cmake)
-- Using PYTHON_EXECUTABLE: /usr/bin/python3
-- Using PYTHON_INCLUDE_DIRS: /usr/include/python3.8
-- Using PYTHON_LIBRARIES: /usr/lib/x86_64-linux-gnu/libpython3.8.so
-- Configuring done
-- Generating done
-- Build files have been written to: /home/hd/Desktop/Motor_Control/motor_controls.ws/build/coucou
[  2%] Built target coucou__cpp
[  8%] Built target talker
[ 17%] Built target coucou__rosidl_generator_c
[ 25%] Built target coucou__rosidl_typesupport_cpp
[ 34%] Built target coucou__rosidl_typesupport_fastrtps_cpp
[ 42%] Built target coucou__rosidl_typesupport_introspection_c
[ 48%] Built target suscriber
[ 57%] Built target coucou__rosidl_typesupport_introspection_cpp
[ 65%] Built target coucou__rosidl_typesupport_c
[ 74%] Built target coucou__rosidl_typesupport_fastrtps_c
[35m[1mScanning dependencies of target coucou[0m
[ 74%] Built target coucou
[35m[1mScanning dependencies of target coucou__py[0m
[ 77%] [34m[1mGenerating Python code for ROS interfaces[0m
[ 77%] Built target coucou__py
[35m[1mScanning dependencies of target coucou__python[0m
[ 80%] [32mBuilding C object CMakeFiles/coucou__python.dir/rosidl_generator_py/coucou/msg/_motor_command_s.c.o[0m
[ 82%] [32m[1mLinking C shared library rosidl_generator_py/coucou/libcoucou__python.so[0m
[ 82%] Built target coucou__python
[35m[1mScanning dependencies of target coucou__rosidl_typesupport_c__pyext[0m
[35m[1mScanning dependencies of target coucou__rosidl_typesupport_introspection_c__pyext[0m
[ 85%] [32mBuilding C object CMakeFiles/coucou__rosidl_typesupport_c__pyext.dir/rosidl_generator_py/coucou/_coucou_s.ep.rosidl_typesupport_c.c.o[0m
[ 88%] [32mBuilding C object CMakeFiles/coucou__rosidl_typesupport_introspection_c__pyext.dir/rosidl_generator_py/coucou/_coucou_s.ep.rosidl_typesupport_introspection_c.c.o[0m
[ 91%] [32m[1mLinking C shared library rosidl_generator_py/coucou/coucou_s__rosidl_typesupport_introspection_c.cpython-38-x86_64-linux-gnu.so[0m
[ 94%] [32m[1mLinking C shared library rosidl_generator_py/coucou/coucou_s__rosidl_typesupport_c.cpython-38-x86_64-linux-gnu.so[0m
[ 94%] Built target coucou__rosidl_typesupport_introspection_c__pyext
[ 94%] Built target coucou__rosidl_typesupport_c__pyext
[35m[1mScanning dependencies of target coucou__rosidl_typesupport_fastrtps_c__pyext[0m
[ 97%] [32mBuilding C object CMakeFiles/coucou__rosidl_typesupport_fastrtps_c__pyext.dir/rosidl_generator_py/coucou/_coucou_s.ep.rosidl_typesupport_fastrtps_c.c.o[0m
[100%] [32m[1mLinking CXX shared library rosidl_generator_py/coucou/coucou_s__rosidl_typesupport_fastrtps_c.cpython-38-x86_64-linux-gnu.so[0m
[100%] Built target coucou__rosidl_typesupport_fastrtps_c__pyext
-- Install configuration: ""
-- Installing: /home/hd/Desktop/Motor_Control/motor_controls.ws/install/coucou/share/ament_index/resource_index/rosidl_interfaces/coucou
-- Installing: /home/hd/Desktop/Motor_Control/motor_controls.ws/install/coucou/include/coucou
-- Installing: /home/hd/Desktop/Motor_Control/motor_controls.ws/install/coucou/include/coucou/msg
-- Installing: /home/hd/Desktop/Motor_Control/motor_controls.ws/install/coucou/include/coucou/msg/motor_command.h
-- Installing: /home/hd/Desktop/Motor_Control/motor_controls.ws/install/coucou/include/coucou/msg/detail
-- Installing: /home/hd/Desktop/Motor_Control/motor_controls.ws/install/coucou/include/coucou/msg/detail/motor_command__type_support.h
-- Installing: /home/hd/Desktop/Motor_Control/motor_controls.ws/install/coucou/include/coucou/msg/detail/motor_command__struct.h
-- Installing: /home/hd/Desktop/Motor_Control/motor_controls.ws/install/coucou/include/coucou/msg/detail/motor_command__functions.c
-- Installing: /home/hd/Desktop/Motor_Control/motor_controls.ws/install/coucou/include/coucou/msg/detail/motor_command__functions.h
-- Installing: /home/hd/Desktop/Motor_Control/motor_controls.ws/install/coucou/include/coucou/msg/rosidl_generator_c__visibility_control.h
-- Installing: /home/hd/Desktop/Motor_Control/motor_controls.ws/install/coucou/share/coucou/environment/library_path.sh
-- Installing: /home/hd/Desktop/Motor_Control/motor_controls.ws/install/coucou/share/coucou/environment/library_path.dsv
-- Installing: /home/hd/Desktop/Motor_Control/motor_controls.ws/install/coucou/lib/libcoucou__rosidl_generator_c.so
-- Set runtime path of "/home/hd/Desktop/Motor_Control/motor_controls.ws/install/coucou/lib/libcoucou__rosidl_generator_c.so" to ""
-- Up-to-date: /home/hd/Desktop/Motor_Control/motor_controls.ws/install/coucou/include/coucou
-- Up-to-date: /home/hd/Desktop/Motor_Control/motor_controls.ws/install/coucou/include/coucou/msg
-- Up-to-date: /home/hd/Desktop/Motor_Control/motor_controls.ws/install/coucou/include/coucou/msg/detail
-- Installing: /home/hd/Desktop/Motor_Control/motor_controls.ws/install/coucou/include/coucou/msg/detail/motor_command__rosidl_typesupport_fastrtps_c.h
-- Installing: /home/hd/Desktop/Motor_Control/motor_controls.ws/install/coucou/include/coucou/msg/rosidl_typesupport_fastrtps_c__visibility_control.h
-- Installing: /home/hd/Desktop/Motor_Control/motor_controls.ws/install/coucou/lib/libcoucou__rosidl_typesupport_fastrtps_c.so
-- Set runtime path of "/home/hd/Desktop/Motor_Control/motor_controls.ws/install/coucou/lib/libcoucou__rosidl_typesupport_fastrtps_c.so" to ""
-- Up-to-date: /home/hd/Desktop/Motor_Control/motor_controls.ws/install/coucou/include/coucou
-- Up-to-date: /home/hd/Desktop/Motor_Control/motor_controls.ws/install/coucou/include/coucou/msg
-- Installing: /home/hd/Desktop/Motor_Control/motor_controls.ws/install/coucou/include/coucou/msg/rosidl_typesupport_fastrtps_cpp__visibility_control.h
-- Up-to-date: /home/hd/Desktop/Motor_Control/motor_controls.ws/install/coucou/include/coucou/msg/detail
-- Installing: /home/hd/Desktop/Motor_Control/motor_controls.ws/install/coucou/include/coucou/msg/detail/motor_command__rosidl_typesupport_fastrtps_cpp.hpp
-- Installing: /home/hd/Desktop/Motor_Control/motor_controls.ws/install/coucou/include/coucou/msg/detail/dds_fastrtps
-- Installing: /home/hd/Desktop/Motor_Control/motor_controls.ws/install/coucou/lib/libcoucou__rosidl_typesupport_fastrtps_cpp.so
-- Set runtime path of "/home/hd/Desktop/Motor_Control/motor_controls.ws/install/coucou/lib/libcoucou__rosidl_typesupport_fastrtps_cpp.so" to ""
-- Up-to-date: /home/hd/Desktop/Motor_Control/motor_controls.ws/install/coucou/include/coucou
-- Up-to-date: /home/hd/Desktop/Motor_Control/motor_controls.ws/install/coucou/include/coucou/msg
-- Up-to-date: /home/hd/Desktop/Motor_Control/motor_controls.ws/install/coucou/include/coucou/msg/detail
-- Installing: /home/hd/Desktop/Motor_Control/motor_controls.ws/install/coucou/include/coucou/msg/detail/motor_command__rosidl_typesupport_introspection_c.h
-- Installing: /home/hd/Desktop/Motor_Control/motor_controls.ws/install/coucou/include/coucou/msg/detail/motor_command__type_support.c
-- Installing: /home/hd/Desktop/Motor_Control/motor_controls.ws/install/coucou/include/coucou/msg/rosidl_typesupport_introspection_c__visibility_control.h
-- Installing: /home/hd/Desktop/Motor_Control/motor_controls.ws/install/coucou/lib/libcoucou__rosidl_typesupport_introspection_c.so
-- Set runtime path of "/home/hd/Desktop/Motor_Control/motor_controls.ws/install/coucou/lib/libcoucou__rosidl_typesupport_introspection_c.so" to ""
-- Installing: /home/hd/Desktop/Motor_Control/motor_controls.ws/install/coucou/lib/libcoucou__rosidl_typesupport_c.so
-- Set runtime path of "/home/hd/Desktop/Motor_Control/motor_controls.ws/install/coucou/lib/libcoucou__rosidl_typesupport_c.so" to ""
-- Up-to-date: /home/hd/Desktop/Motor_Control/motor_controls.ws/install/coucou/include/coucou
-- Up-to-date: /home/hd/Desktop/Motor_Control/motor_controls.ws/install/coucou/include/coucou/msg
-- Installing: /home/hd/Desktop/Motor_Control/motor_controls.ws/install/coucou/include/coucou/msg/motor_command.hpp
-- Up-to-date: /home/hd/Desktop/Motor_Control/motor_controls.ws/install/coucou/include/coucou/msg/detail
-- Installing: /home/hd/Desktop/Motor_Control/motor_controls.ws/install/coucou/include/coucou/msg/detail/motor_command__builder.hpp
-- Installing: /home/hd/Desktop/Motor_Control/motor_controls.ws/install/coucou/include/coucou/msg/detail/motor_command__struct.hpp
-- Installing: /home/hd/Desktop/Motor_Control/motor_controls.ws/install/coucou/include/coucou/msg/detail/motor_command__traits.hpp
-- Up-to-date: /home/hd/Desktop/Motor_Control/motor_controls.ws/install/coucou/include/coucou
-- Up-to-date: /home/hd/Desktop/Motor_Control/motor_controls.ws/install/coucou/include/coucou/msg
-- Up-to-date: /home/hd/Desktop/Motor_Control/motor_controls.ws/install/coucou/include/coucou/msg/detail
-- Installing: /home/hd/Desktop/Motor_Control/motor_controls.ws/install/coucou/include/coucou/msg/detail/motor_command__rosidl_typesupport_introspection_cpp.hpp
-- Installing: /home/hd/Desktop/Motor_Control/motor_controls.ws/install/coucou/include/coucou/msg/detail/motor_command__type_support.cpp
-- Installing: /home/hd/Desktop/Motor_Control/motor_controls.ws/install/coucou/lib/libcoucou__rosidl_typesupport_introspection_cpp.so
-- Set runtime path of "/home/hd/Desktop/Motor_Control/motor_controls.ws/install/coucou/lib/libcoucou__rosidl_typesupport_introspection_cpp.so" to ""
-- Installing: /home/hd/Desktop/Motor_Control/motor_controls.ws/install/coucou/lib/libcoucou__rosidl_typesupport_cpp.so
-- Set runtime path of "/home/hd/Desktop/Motor_Control/motor_controls.ws/install/coucou/lib/libcoucou__rosidl_typesupport_cpp.so" to ""
-- Installing: /home/hd/Desktop/Motor_Control/motor_controls.ws/install/coucou/share/coucou/environment/pythonpath.sh
-- Installing: /home/hd/Desktop/Motor_Control/motor_controls.ws/install/coucou/share/coucou/environment/pythonpath.dsv
-- Installing: /home/hd/Desktop/Motor_Control/motor_controls.ws/install/coucou/lib/python3.8/site-packages/coucou/__init__.py
Compiling '/home/hd/Desktop/Motor_Control/motor_controls.ws/install/coucou/lib/python3.8/site-packages/coucou/__init__.py'...
-- Installing: /home/hd/Desktop/Motor_Control/motor_controls.ws/install/coucou/lib/python3.8/site-packages/coucou/msg
-- Installing: /home/hd/Desktop/Motor_Control/motor_controls.ws/install/coucou/lib/python3.8/site-packages/coucou/msg/__init__.py
-- Installing: /home/hd/Desktop/Motor_Control/motor_controls.ws/install/coucou/lib/python3.8/site-packages/coucou/msg/_motor_command_s.c
-- Installing: /home/hd/Desktop/Motor_Control/motor_controls.ws/install/coucou/lib/python3.8/site-packages/coucou/msg/_motor_command.py
-- Installing: /home/hd/Desktop/Motor_Control/motor_controls.ws/install/coucou/lib/python3.8/site-packages/coucou/coucou_s__rosidl_typesupport_fastrtps_c.cpython-38-x86_64-linux-gnu.so
-- Set runtime path of "/home/hd/Desktop/Motor_Control/motor_controls.ws/install/coucou/lib/python3.8/site-packages/coucou/coucou_s__rosidl_typesupport_fastrtps_c.cpython-38-x86_64-linux-gnu.so" to ""
-- Installing: /home/hd/Desktop/Motor_Control/motor_controls.ws/install/coucou/lib/python3.8/site-packages/coucou/coucou_s__rosidl_typesupport_introspection_c.cpython-38-x86_64-linux-gnu.so
-- Set runtime path of "/home/hd/Desktop/Motor_Control/motor_controls.ws/install/coucou/lib/python3.8/site-packages/coucou/coucou_s__rosidl_typesupport_introspection_c.cpython-38-x86_64-linux-gnu.so" to ""
-- Installing: /home/hd/Desktop/Motor_Control/motor_controls.ws/install/coucou/lib/python3.8/site-packages/coucou/coucou_s__rosidl_typesupport_c.cpython-38-x86_64-linux-gnu.so
-- Set runtime path of "/home/hd/Desktop/Motor_Control/motor_controls.ws/install/coucou/lib/python3.8/site-packages/coucou/coucou_s__rosidl_typesupport_c.cpython-38-x86_64-linux-gnu.so" to ""
-- Installing: /home/hd/Desktop/Motor_Control/motor_controls.ws/install/coucou/lib/libcoucou__python.so
-- Set runtime path of "/home/hd/Desktop/Motor_Control/motor_controls.ws/install/coucou/lib/libcoucou__python.so" to ""
-- Installing: /home/hd/Desktop/Motor_Control/motor_controls.ws/install/coucou/share/coucou/msg/MotorCommand.idl
-- Installing: /home/hd/Desktop/Motor_Control/motor_controls.ws/install/coucou/share/coucou/msg/MotorCommand.msg
-- Installing: /home/hd/Desktop/Motor_Control/motor_controls.ws/install/coucou/lib/coucou/talker
-- Set runtime path of "/home/hd/Desktop/Motor_Control/motor_controls.ws/install/coucou/lib/coucou/talker" to ""
-- Installing: /home/hd/Desktop/Motor_Control/motor_controls.ws/install/coucou/lib/coucou/suscriber
-- Set runtime path of "/home/hd/Desktop/Motor_Control/motor_controls.ws/install/coucou/lib/coucou/suscriber" to ""
-- Installing: /home/hd/Desktop/Motor_Control/motor_controls.ws/install/coucou/share/ament_index/resource_index/package_run_dependencies/coucou
-- Installing: /home/hd/Desktop/Motor_Control/motor_controls.ws/install/coucou/share/ament_index/resource_index/parent_prefix_path/coucou
-- Installing: /home/hd/Desktop/Motor_Control/motor_controls.ws/install/coucou/share/coucou/environment/ament_prefix_path.dsv
-- Installing: /home/hd/Desktop/Motor_Control/motor_controls.ws/install/coucou/share/coucou/environment/path.dsv
-- Up-to-date: /home/hd/Desktop/Motor_Control/motor_controls.ws/install/coucou/share/coucou/local_setup.bash
-- Installing: /home/hd/Desktop/Motor_Control/motor_controls.ws/install/coucou/share/coucou/local_setup.sh
-- Up-to-date: /home/hd/Desktop/Motor_Control/motor_controls.ws/install/coucou/share/coucou/local_setup.zsh
-- Installing: /home/hd/Desktop/Motor_Control/motor_controls.ws/install/coucou/share/coucou/local_setup.dsv
-- Installing: /home/hd/Desktop/Motor_Control/motor_controls.ws/install/coucou/share/coucou/package.dsv
-- Up-to-date: /home/hd/Desktop/Motor_Control/motor_controls.ws/install/coucou/share/ament_index/resource_index/packages/coucou
-- Installing: /home/hd/Desktop/Motor_Control/motor_controls.ws/install/coucou/share/coucou/cmake/coucou__rosidl_generator_cExport.cmake
-- Installing: /home/hd/Desktop/Motor_Control/motor_controls.ws/install/coucou/share/coucou/cmake/coucou__rosidl_generator_cExport-noconfig.cmake
-- Installing: /home/hd/Desktop/Motor_Control/motor_controls.ws/install/coucou/share/coucou/cmake/coucou__rosidl_typesupport_introspection_cExport.cmake
-- Installing: /home/hd/Desktop/Motor_Control/motor_controls.ws/install/coucou/share/coucou/cmake/coucou__rosidl_typesupport_introspection_cExport-noconfig.cmake
-- Installing: /home/hd/Desktop/Motor_Control/motor_controls.ws/install/coucou/share/coucou/cmake/coucou__rosidl_typesupport_cExport.cmake
-- Installing: /home/hd/Desktop/Motor_Control/motor_controls.ws/install/coucou/share/coucou/cmake/coucou__rosidl_typesupport_cExport-noconfig.cmake
-- Installing: /home/hd/Desktop/Motor_Control/motor_controls.ws/install/coucou/share/coucou/cmake/coucou__rosidl_generator_cppExport.cmake
-- Installing: /home/hd/Desktop/Motor_Control/motor_controls.ws/install/coucou/share/coucou/cmake/coucou__rosidl_typesupport_introspection_cppExport.cmake
-- Installing: /home/hd/Desktop/Motor_Control/motor_controls.ws/install/coucou/share/coucou/cmake/coucou__rosidl_typesupport_introspection_cppExport-noconfig.cmake
-- Installing: /home/hd/Desktop/Motor_Control/motor_controls.ws/install/coucou/share/coucou/cmake/coucou__rosidl_typesupport_cppExport.cmake
-- Installing: /home/hd/Desktop/Motor_Control/motor_controls.ws/install/coucou/share/coucou/cmake/coucou__rosidl_typesupport_cppExport-noconfig.cmake
-- Installing: /home/hd/Desktop/Motor_Control/motor_controls.ws/install/coucou/share/coucou/cmake/rosidl_cmake-extras.cmake
-- Installing: /home/hd/Desktop/Motor_Control/motor_controls.ws/install/coucou/share/coucou/cmake/ament_cmake_export_dependencies-extras.cmake
-- Installing: /home/hd/Desktop/Motor_Control/motor_controls.ws/install/coucou/share/coucou/cmake/ament_cmake_export_libraries-extras.cmake
-- Installing: /home/hd/Desktop/Motor_Control/motor_controls.ws/install/coucou/share/coucou/cmake/ament_cmake_export_targets-extras.cmake
-- Installing: /home/hd/Desktop/Motor_Control/motor_controls.ws/install/coucou/share/coucou/cmake/ament_cmake_export_include_directories-extras.cmake
-- Installing: /home/hd/Desktop/Motor_Control/motor_controls.ws/install/coucou/share/coucou/cmake/rosidl_cmake_export_typesupport_libraries-extras.cmake
-- Installing: /home/hd/Desktop/Motor_Control/motor_controls.ws/install/coucou/share/coucou/cmake/rosidl_cmake_export_typesupport_targets-extras.cmake
-- Installing: /home/hd/Desktop/Motor_Control/motor_controls.ws/install/coucou/share/coucou/cmake/coucouConfig.cmake
-- Up-to-date: /home/hd/Desktop/Motor_Control/motor_controls.ws/install/coucou/share/coucou/cmake/coucouConfig-version.cmake
-- Installing: /home/hd/Desktop/Motor_Control/motor_controls.ws/install/coucou/share/coucou/package.xml
