-- Found ament_cmake: 0.9.11 (/home/hd/ros2_foxy/install/ament_cmake/share/ament_cmake/cmake)
-- Using PYTHON_EXECUTABLE: /usr/bin/python3
-- Found rclcpp: 2.4.2 (/home/hd/ros2_foxy/install/rclcpp/share/rclcpp/cmake)
-- Using all available rosidl_typesupport_c: rosidl_typesupport_fastrtps_c;rosidl_typesupport_introspection_c
-- Found rosidl_adapter: 1.3.0 (/home/hd/ros2_foxy/install/rosidl_adapter/share/rosidl_adapter/cmake)
-- Using all available rosidl_typesupport_cpp: rosidl_typesupport_fastrtps_cpp;rosidl_typesupport_introspection_cpp
-- Found rmw_implementation_cmake: 1.0.4 (/home/hd/ros2_foxy/install/rmw_implementation_cmake/share/rmw_implementation_cmake/cmake)
-- Using RMW implementation 'rmw_fastrtps_cpp' as default
-- Found sensor_msgs: 2.0.5 (/home/hd/ros2_foxy/install/sensor_msgs/share/sensor_msgs/cmake)
-- Found motor_control_interfaces: 0.0.0 (/home/hd/Desktop/Motor_Control/motor_controls.ws/install/motor_control_interfaces/share/motor_control_interfaces/cmake)
-- Configuring done
-- Generating done
-- Build files have been written to: /home/hd/Desktop/Motor_Control/motor_controls.ws/build/coucou
[35m[1mScanning dependencies of target suscriber_test[0m
[ 16%] [32mBuilding CXX object CMakeFiles/suscriber_test.dir/src/read_test.cpp.o[0m
[ 33%] [32m[1mLinking CXX executable suscriber_test[0m
[ 33%] Built target suscriber_test
[35m[1mScanning dependencies of target suscriber[0m
[ 50%] [32mBuilding CXX object CMakeFiles/suscriber.dir/src/read.cpp.o[0m
[ 66%] [32m[1mLinking CXX executable suscriber[0m
[ 66%] Built target suscriber
[35m[1mScanning dependencies of target talker[0m
[ 83%] [32mBuilding CXX object CMakeFiles/talker.dir/src/send.cpp.o[0m
[100%] [32m[1mLinking CXX executable talker[0m
[100%] Built target talker
