[01m[K/home/hd/Desktop/Motor_Control/motor_controls.ws/src/ethercat_device_configurator/src/motor_control.cpp:22:2:[m[K [01;31m[Kerror: [m[Kexpected ‘[01m[K;[m[K’ after struct definition
   22 | }
      |  [01;31m[K^[m[K
      |  [32m[K;[m[K
[01m[K/home/hd/Desktop/Motor_Control/motor_controls.ws/src/ethercat_device_configurator/src/motor_control.cpp:22:1:[m[K [01;31m[Kerror: [m[Kmultiple types in one declaration
   22 | [01;31m[K}[m[K
      | [01;31m[K^[m[K
In file included from [01m[K/usr/include/c++/9/cstdlib:75[m[K,
                 from [01m[K/usr/include/c++/9/ext/string_conversions.h:41[m[K,
                 from [01m[K/usr/include/c++/9/bits/basic_string.h:6496[m[K,
                 from [01m[K/usr/include/c++/9/string:55[m[K,
                 from [01m[K/usr/include/c++/9/stdexcept:39[m[K,
                 from [01m[K/usr/include/c++/9/array:39[m[K,
                 from [01m[K/usr/include/c++/9/tuple:39[m[K,
                 from [01m[K/usr/include/c++/9/bits/unique_ptr.h:37[m[K,
                 from [01m[K/usr/include/c++/9/memory:80[m[K,
                 from [01m[K/home/hd/Desktop/Motor_Control/motor_controls.ws/src/ethercat_device_configurator/include/ethercat_device_configurator/EthercatDeviceConfigurator.hpp:17[m[K,
                 from [01m[K/home/hd/Desktop/Motor_Control/motor_controls.ws/src/ethercat_device_configurator/src/motor_control.cpp:1[m[K:
[01m[K/home/hd/Desktop/Motor_Control/motor_controls.ws/src/ethercat_device_configurator/src/motor_control.cpp:[m[K In constructor ‘[01m[KMotor_controller::Motor_controller(int, char**)[m[K’:
[01m[K/home/hd/Desktop/Motor_Control/motor_controls.ws/src/ethercat_device_configurator/src/motor_control.cpp:33:24:[m[K [01;31m[Kerror: [m[Kreturning a value from a constructor
   33 |                 return [01;31m[KEXIT_FAILURE[m[K;
      |                        [01;31m[K^~~~~~~~~~~~[m[K
[01m[K/home/hd/Desktop/Motor_Control/motor_controls.ws/src/ethercat_device_configurator/src/motor_control.cpp:50:28:[m[K [01;31m[Kerror: [m[Kreturning a value from a constructor
   50 |                     return [01;31m[KEXIT_FAILURE[m[K;
      |                            [01;31m[K^~~~~~~~~~~~[m[K
[01m[K/home/hd/Desktop/Motor_Control/motor_controls.ws/src/ethercat_device_configurator/src/motor_control.cpp:61:38:[m[K [01;31m[Kerror: [m[K‘[01m[Kconfigurator[m[K’ was not declared in this scope; did you mean ‘[01m[Kconfigurator_[m[K’?
   61 |             for(const auto & master: [01;31m[Kconfigurator[m[K->getMasters())
      |                                      [01;31m[K^~~~~~~~~~~~[m[K
      |                                      [32m[Kconfigurator_[m[K
[01m[K/home/hd/Desktop/Motor_Control/motor_controls.ws/src/ethercat_device_configurator/src/motor_control.cpp:73:97:[m[K [01;31m[Kerror: [m[K‘[01m[K_1[m[K’ was not declared in this scope; did you mean ‘[01m[Kstd::placeholders::_1[m[K’?
   73 | , std::bind(&Motor_controller::motor_command_callback, this, [01;31m[K_1[m[K)
      |                                                              [01;31m[K^~[m[K
      |                                                              [32m[Kstd::placeholders::_1[m[K
In file included from [01m[K/usr/include/c++/9/pstl/glue_algorithm_defs.h:13[m[K,
                 from [01m[K/usr/include/c++/9/algorithm:71[m[K,
                 from [01m[K/home/hd/ros2_foxy/install/rclcpp/include/rclcpp/executor.hpp:18[m[K,
                 from [01m[K/home/hd/ros2_foxy/install/rclcpp/include/rclcpp/executors/multi_threaded_executor.hpp:26[m[K,
                 from [01m[K/home/hd/ros2_foxy/install/rclcpp/include/rclcpp/executors.hpp:21[m[K,
                 from [01m[K/home/hd/ros2_foxy/install/rclcpp/include/rclcpp/rclcpp.hpp:146[m[K,
                 from [01m[K/home/hd/Desktop/Motor_Control/motor_controls.ws/src/ethercat_device_configurator/include/ethercat_device_configurator/message_logger/log/log_messages_ros.hpp:44[m[K,
                 from [01m[K/home/hd/Desktop/Motor_Control/motor_controls.ws/src/ethercat_device_configurator/include/ethercat_device_configurator/message_logger/log/log_messages_backend_config.hpp:58[m[K,
                 from [01m[K/home/hd/Desktop/Motor_Control/motor_controls.ws/src/ethercat_device_configurator/include/ethercat_device_configurator/message_logger/log/log_messages_backend.hpp:46[m[K,
                 from [01m[K/home/hd/Desktop/Motor_Control/motor_controls.ws/src/ethercat_device_configurator/include/ethercat_device_configurator/message_logger/log/log_messages.hpp:44[m[K,
                 from [01m[K/home/hd/Desktop/Motor_Control/motor_controls.ws/src/ethercat_device_configurator/include/ethercat_device_configurator/message_logger/message_logger.hpp:43[m[K,
                 from [01m[K/home/hd/Desktop/Motor_Control/motor_controls.ws/src/ethercat_device_configurator/include/ethercat_device_configurator/soem_interface/EthercatBusBase.hpp:36[m[K,
                 from [01m[K/home/hd/Desktop/Motor_Control/motor_controls.ws/src/ethercat_device_configurator/include/ethercat_device_configurator/ethercat_sdk_master/EthercatDevice.hpp:17[m[K,
                 from [01m[K/home/hd/Desktop/Motor_Control/motor_controls.ws/src/ethercat_device_configurator/include/ethercat_device_configurator/../../ethercat_sdk_master/include/ethercat_sdk_master/EthercatMaster.hpp:17[m[K,
                 from [01m[K/home/hd/Desktop/Motor_Control/motor_controls.ws/src/ethercat_device_configurator/include/ethercat_device_configurator/EthercatDeviceConfigurator.hpp:19[m[K,
                 from [01m[K/home/hd/Desktop/Motor_Control/motor_controls.ws/src/ethercat_device_configurator/src/motor_control.cpp:1[m[K:
[01m[K/usr/include/c++/9/functional:211:34:[m[K [01;36m[Knote: [m[K‘[01m[Kstd::placeholders::_1[m[K’ declared here
  211 |     extern const _Placeholder<1> [01;36m[K_1[m[K;
      |                                  [01;36m[K^~[m[K
[01m[K/home/hd/Desktop/Motor_Control/motor_controls.ws/src/ethercat_device_configurator/src/motor_control.cpp:68:18:[m[K [01;35m[Kwarning: [m[Kunused variable ‘[01m[KmaxonEnabledAfterStartup[m[K’ [[01;35m[K-Wunused-variable[m[K]
   68 |             bool [01;35m[KmaxonEnabledAfterStartup[m[K = false;
      |                  [01;35m[K^~~~~~~~~~~~~~~~~~~~~~~~[m[K
[01m[K/home/hd/Desktop/Motor_Control/motor_controls.ws/src/ethercat_device_configurator/src/motor_control.cpp:[m[K In member function ‘[01m[Kvoid Motor_controller::motor_command_callback(motor_control_interfaces::msg::MotorCommand_<std::allocator<void> >::SharedPtr)[m[K’:
[01m[K/home/hd/Desktop/Motor_Control/motor_controls.ws/src/ethercat_device_configurator/src/motor_control.cpp:205:34:[m[K [01;31m[Kerror: [m[Kassignment of member ‘[01m[KMotor_command::mode[m[K’ in read-only object
  205 |                     [01;31m[Kcommand.mode = msg->mode[m[K;
      |                     [01;31m[K~~~~~~~~~~~~~^~~~~~~~~~~[m[K
[01m[K/home/hd/Desktop/Motor_Control/motor_controls.ws/src/ethercat_device_configurator/src/motor_control.cpp:206:44:[m[K [01;31m[Kerror: [m[K‘[01m[Kusing element_type = struct motor_control_interfaces::msg::MotorCommand_<std::allocator<void> >[m[K’ {aka ‘[01m[Kstruct motor_control_interfaces::msg::MotorCommand_<std::allocator<void> >[m[K’} has no member named ‘[01m[Kcommand[m[K’; did you mean ‘[01m[Kcommande[m[K’?
  206 |                     command.command = msg->[01;31m[Kcommand[m[K;
      |                                            [01;31m[K^~~~~~~[m[K
      |                                            [32m[Kcommande[m[K
make[2]: *** [CMakeFiles/motor_control.dir/build.make:63: CMakeFiles/motor_control.dir/src/motor_control.cpp.o] Error 1
make[1]: *** [CMakeFiles/Makefile2:261: CMakeFiles/motor_control.dir/all] Error 2
make: *** [Makefile:141: all] Error 2
