[1.097s] Invoking command in '/home/alex/Desktop/xplore/NAV_workspace/nav_ws/src/controller': PYTHONPATH=/home/alex/Desktop/xplore/NAV_workspace/nav_ws/src/controller/build/controller/prefix_override:/home/alex/Desktop/xplore/NAV_workspace/nav_ws/src/controller/install/controller/lib/python3.8/site-packages:${PYTHONPATH} /usr/bin/python3 setup.py egg_info --egg-base build/controller build --build-base /home/alex/Desktop/xplore/NAV_workspace/nav_ws/src/controller/build/controller/build install --record /home/alex/Desktop/xplore/NAV_workspace/nav_ws/src/controller/build/controller/install.log --install-scripts $base/lib/controller --single-version-externally-managed
[1.368s] running egg_info
[1.370s] writing build/controller/controller.egg-info/PKG-INFO
[1.371s] writing dependency_links to build/controller/controller.egg-info/dependency_links.txt
[1.372s] writing entry points to build/controller/controller.egg-info/entry_points.txt
[1.375s] writing requirements to build/controller/controller.egg-info/requires.txt
[1.376s] writing top-level names to build/controller/controller.egg-info/top_level.txt
[1.407s] reading manifest file 'build/controller/controller.egg-info/SOURCES.txt'
[1.410s] writing manifest file 'build/controller/controller.egg-info/SOURCES.txt'
[1.411s] running build
[1.411s] running build_py
[1.411s] copying controller/CS_subscriber.py -> /home/alex/Desktop/xplore/NAV_workspace/nav_ws/src/controller/build/controller/build/lib/controller
[1.413s] running install
[1.414s] running install_lib
[1.415s] copying /home/alex/Desktop/xplore/NAV_workspace/nav_ws/src/controller/build/controller/build/lib/controller/CS_subscriber.py -> /home/alex/Desktop/xplore/NAV_workspace/nav_ws/src/controller/install/controller/lib/python3.8/site-packages/controller
[1.416s] byte-compiling /home/alex/Desktop/xplore/NAV_workspace/nav_ws/src/controller/install/controller/lib/python3.8/site-packages/controller/CS_subscriber.py to CS_subscriber.cpython-38.pyc
[1.419s] running install_data
[1.420s] running install_egg_info
[1.421s] removing '/home/alex/Desktop/xplore/NAV_workspace/nav_ws/src/controller/install/controller/lib/python3.8/site-packages/controller-0.0.0-py3.8.egg-info' (and everything under it)
[1.438s] Copying build/controller/controller.egg-info to /home/alex/Desktop/xplore/NAV_workspace/nav_ws/src/controller/install/controller/lib/python3.8/site-packages/controller-0.0.0-py3.8.egg-info
[1.439s] running install_scripts
[1.452s] Installing listener script to /home/alex/Desktop/xplore/NAV_workspace/nav_ws/src/controller/install/controller/lib/controller
[1.453s] Installing talker script to /home/alex/Desktop/xplore/NAV_workspace/nav_ws/src/controller/install/controller/lib/controller
[1.455s] writing list of installed files to '/home/alex/Desktop/xplore/NAV_workspace/nav_ws/src/controller/build/controller/install.log'
[1.479s] Invoked command in '/home/alex/Desktop/xplore/NAV_workspace/nav_ws/src/controller' returned '0': PYTHONPATH=/home/alex/Desktop/xplore/NAV_workspace/nav_ws/src/controller/build/controller/prefix_override:/home/alex/Desktop/xplore/NAV_workspace/nav_ws/src/controller/install/controller/lib/python3.8/site-packages:${PYTHONPATH} /usr/bin/python3 setup.py egg_info --egg-base build/controller build --build-base /home/alex/Desktop/xplore/NAV_workspace/nav_ws/src/controller/build/controller/build install --record /home/alex/Desktop/xplore/NAV_workspace/nav_ws/src/controller/build/controller/install.log --install-scripts $base/lib/controller --single-version-externally-managed
