[0.315s] Invoking command in '/home/hd/Desktop/Motor_Control/motor_controls.ws/build/motor_control_interfaces': CMAKE_PREFIX_PATH=${CMAKE_PREFIX_PATH}:/opt/ros/foxy:/home/hd/ros2_foxy/install/ros2bag:/home/hd/ros2_foxy/install/tracetools_launch:/home/hd/ros2_foxy/install/topic_monitor:/home/hd/ros2_foxy/install/examples_tf2_py:/home/hd/ros2_foxy/install/sros2:/home/hd/ros2_foxy/install/rqt_topic:/home/hd/ros2_foxy/install/rqt_top:/home/hd/ros2_foxy/install/rqt_srv:/home/hd/ros2_foxy/install/rqt_shell:/home/hd/ros2_foxy/install/rqt_service_caller:/home/hd/ros2_foxy/install/rqt_reconfigure:/home/hd/ros2_foxy/install/rqt_py_console:/home/hd/ros2_foxy/install/rqt_publisher:/home/hd/ros2_foxy/install/rqt_plot:/home/hd/ros2_foxy/install/rqt_action:/home/hd/ros2_foxy/install/rqt_msg:/home/hd/ros2_foxy/install/rqt_console:/home/hd/ros2_foxy/install/rqt:/home/hd/ros2_foxy/install/rqt_graph:/home/hd/ros2_foxy/install/rqt_gui_py:/home/hd/ros2_foxy/install/rqt_gui:/home/hd/ros2_foxy/install/ros2trace:/home/hd/ros2_foxy/install/ros2topic:/home/hd/ros2_foxy/install/ros2test:/home/hd/ros2_foxy/install/ros2component:/home/hd/ros2_foxy/install/ros2param:/home/hd/ros2_foxy/install/ros2lifecycle:/home/hd/ros2_foxy/install/ros2service:/home/hd/ros2_foxy/install/ros2run:/home/hd/ros2_foxy/install/ros2launch:/home/hd/ros2_foxy/install/ros2pkg:/home/hd/ros2_foxy/install/ros2node:/home/hd/ros2_foxy/install/ros2multicast:/home/hd/ros2_foxy/install/ros2interface:/home/hd/ros2_foxy/install/ros2doctor:/home/hd/ros2_foxy/install/ros2action:/home/hd/ros2_foxy/install/ros2cli:/home/hd/ros2_foxy/install/quality_of_service_demo_py:/home/hd/ros2_foxy/install/launch_testing_ros:/home/hd/ros2_foxy/install/launch_ros:/home/hd/ros2_foxy/install/joystick_ros2:/home/hd/ros2_foxy/install/examples_rclpy_minimal_subscriber:/home/hd/ros2_foxy/install/examples_rclpy_minimal_service:/home/hd/ros2_foxy/install/examples_rclpy_minimal_publisher:/home/hd/ros2_foxy/install/examples_rclpy_minimal_client:/home/hd/ros2_foxy/install/examples_rclpy_minimal_action_server:/home/hd/ros2_foxy/install/examples_rclpy_minimal_action_client:/home/hd/ros2_foxy/install/examples_rclpy_executors:/home/hd/ros2_foxy/install/demo_nodes_py:/home/hd/ros2_foxy/install/action_tutorials_py:/home/hd/ros2_foxy/install/ament_uncrustify:/home/hd/ros2_foxy/install/tracetools_trace:/home/hd/ros2_foxy/install/tracetools_read:/home/hd/ros2_foxy/install/test_launch_ros:/home/hd/ros2_foxy/install/sensor_msgs_py:/home/hd/ros2_foxy/install/rpyutils:/home/hd/ros2_foxy/install/rosidl_runtime_py:/home/hd/ros2_foxy/install/launch_yaml:/home/hd/ros2_foxy/install/launch_xml:/home/hd/ros2_foxy/install/launch_testing:/home/hd/ros2_foxy/install/launch:/home/hd/ros2_foxy/install/osrf_pycommon:/home/hd/ros2_foxy/install/domain_coordinator:/home/hd/ros2_foxy/install/ament_xmllint:/home/hd/ros2_foxy/install/ament_pyflakes:/home/hd/ros2_foxy/install/ament_pycodestyle:/home/hd/ros2_foxy/install/ament_pep257:/home/hd/ros2_foxy/install/ament_pclint:/home/hd/ros2_foxy/install/ament_package:/home/hd/ros2_foxy/install/ament_mypy:/home/hd/ros2_foxy/install/ament_lint_cmake:/home/hd/ros2_foxy/install/ament_flake8:/home/hd/ros2_foxy/install/ament_copyright:/home/hd/ros2_foxy/install/ament_lint:/home/hd/ros2_foxy/install/ament_index_python:/home/hd/ros2_foxy/install/ament_cpplint:/home/hd/ros2_foxy/install/ament_cppcheck:/home/hd/ros2_foxy/install/ament_clang_tidy:/home/hd/ros2_foxy/install/ament_clang_format /usr/bin/cmake --build /home/hd/Desktop/Motor_Control/motor_controls.ws/build/motor_control_interfaces -- -j2 -l2
[1.694s] [  3%] Built target motor_control_interfaces__cpp
[1.994s] [ 12%] Built target motor_control_interfaces__rosidl_generator_c
[2.263s] [ 22%] Built target motor_control_interfaces__rosidl_typesupport_introspection_cpp
[2.421s] [ 32%] Built target motor_control_interfaces__rosidl_typesupport_cpp
[2.629s] [ 41%] Built target motor_control_interfaces__rosidl_typesupport_fastrtps_cpp
[2.794s] [ 51%] Built target motor_control_interfaces__rosidl_typesupport_c
[3.048s] [ 61%] Built target motor_control_interfaces__rosidl_typesupport_introspection_c
[3.333s] [ 70%] Built target motor_control_interfaces__rosidl_typesupport_fastrtps_c
[3.585s] [ 70%] Built target motor_control_interfaces
[3.845s] [ 74%] Built target motor_control_interfaces__py
[4.091s] [ 80%] Built target motor_control_interfaces__python
[4.284s] [ 87%] Built target motor_control_interfaces__rosidl_typesupport_c__pyext
[4.688s] [ 93%] Built target motor_control_interfaces__rosidl_typesupport_introspection_c__pyext
[5.127s] [100%] Built target motor_control_interfaces__rosidl_typesupport_fastrtps_c__pyext
[5.308s] Invoked command in '/home/hd/Desktop/Motor_Control/motor_controls.ws/build/motor_control_interfaces' returned '0': CMAKE_PREFIX_PATH=${CMAKE_PREFIX_PATH}:/opt/ros/foxy:/home/hd/ros2_foxy/install/ros2bag:/home/hd/ros2_foxy/install/tracetools_launch:/home/hd/ros2_foxy/install/topic_monitor:/home/hd/ros2_foxy/install/examples_tf2_py:/home/hd/ros2_foxy/install/sros2:/home/hd/ros2_foxy/install/rqt_topic:/home/hd/ros2_foxy/install/rqt_top:/home/hd/ros2_foxy/install/rqt_srv:/home/hd/ros2_foxy/install/rqt_shell:/home/hd/ros2_foxy/install/rqt_service_caller:/home/hd/ros2_foxy/install/rqt_reconfigure:/home/hd/ros2_foxy/install/rqt_py_console:/home/hd/ros2_foxy/install/rqt_publisher:/home/hd/ros2_foxy/install/rqt_plot:/home/hd/ros2_foxy/install/rqt_action:/home/hd/ros2_foxy/install/rqt_msg:/home/hd/ros2_foxy/install/rqt_console:/home/hd/ros2_foxy/install/rqt:/home/hd/ros2_foxy/install/rqt_graph:/home/hd/ros2_foxy/install/rqt_gui_py:/home/hd/ros2_foxy/install/rqt_gui:/home/hd/ros2_foxy/install/ros2trace:/home/hd/ros2_foxy/install/ros2topic:/home/hd/ros2_foxy/install/ros2test:/home/hd/ros2_foxy/install/ros2component:/home/hd/ros2_foxy/install/ros2param:/home/hd/ros2_foxy/install/ros2lifecycle:/home/hd/ros2_foxy/install/ros2service:/home/hd/ros2_foxy/install/ros2run:/home/hd/ros2_foxy/install/ros2launch:/home/hd/ros2_foxy/install/ros2pkg:/home/hd/ros2_foxy/install/ros2node:/home/hd/ros2_foxy/install/ros2multicast:/home/hd/ros2_foxy/install/ros2interface:/home/hd/ros2_foxy/install/ros2doctor:/home/hd/ros2_foxy/install/ros2action:/home/hd/ros2_foxy/install/ros2cli:/home/hd/ros2_foxy/install/quality_of_service_demo_py:/home/hd/ros2_foxy/install/launch_testing_ros:/home/hd/ros2_foxy/install/launch_ros:/home/hd/ros2_foxy/install/joystick_ros2:/home/hd/ros2_foxy/install/examples_rclpy_minimal_subscriber:/home/hd/ros2_foxy/install/examples_rclpy_minimal_service:/home/hd/ros2_foxy/install/examples_rclpy_minimal_publisher:/home/hd/ros2_foxy/install/examples_rclpy_minimal_client:/home/hd/ros2_foxy/install/examples_rclpy_minimal_action_server:/home/hd/ros2_foxy/install/examples_rclpy_minimal_action_client:/home/hd/ros2_foxy/install/examples_rclpy_executors:/home/hd/ros2_foxy/install/demo_nodes_py:/home/hd/ros2_foxy/install/action_tutorials_py:/home/hd/ros2_foxy/install/ament_uncrustify:/home/hd/ros2_foxy/install/tracetools_trace:/home/hd/ros2_foxy/install/tracetools_read:/home/hd/ros2_foxy/install/test_launch_ros:/home/hd/ros2_foxy/install/sensor_msgs_py:/home/hd/ros2_foxy/install/rpyutils:/home/hd/ros2_foxy/install/rosidl_runtime_py:/home/hd/ros2_foxy/install/launch_yaml:/home/hd/ros2_foxy/install/launch_xml:/home/hd/ros2_foxy/install/launch_testing:/home/hd/ros2_foxy/install/launch:/home/hd/ros2_foxy/install/osrf_pycommon:/home/hd/ros2_foxy/install/domain_coordinator:/home/hd/ros2_foxy/install/ament_xmllint:/home/hd/ros2_foxy/install/ament_pyflakes:/home/hd/ros2_foxy/install/ament_pycodestyle:/home/hd/ros2_foxy/install/ament_pep257:/home/hd/ros2_foxy/install/ament_pclint:/home/hd/ros2_foxy/install/ament_package:/home/hd/ros2_foxy/install/ament_mypy:/home/hd/ros2_foxy/install/ament_lint_cmake:/home/hd/ros2_foxy/install/ament_flake8:/home/hd/ros2_foxy/install/ament_copyright:/home/hd/ros2_foxy/install/ament_lint:/home/hd/ros2_foxy/install/ament_index_python:/home/hd/ros2_foxy/install/ament_cpplint:/home/hd/ros2_foxy/install/ament_cppcheck:/home/hd/ros2_foxy/install/ament_clang_tidy:/home/hd/ros2_foxy/install/ament_clang_format /usr/bin/cmake --build /home/hd/Desktop/Motor_Control/motor_controls.ws/build/motor_control_interfaces -- -j2 -l2
[6.245s] Invoking command in '/home/hd/Desktop/Motor_Control/motor_controls.ws/build/motor_control_interfaces': CMAKE_PREFIX_PATH=${CMAKE_PREFIX_PATH}:/opt/ros/foxy:/home/hd/ros2_foxy/install/ros2bag:/home/hd/ros2_foxy/install/tracetools_launch:/home/hd/ros2_foxy/install/topic_monitor:/home/hd/ros2_foxy/install/examples_tf2_py:/home/hd/ros2_foxy/install/sros2:/home/hd/ros2_foxy/install/rqt_topic:/home/hd/ros2_foxy/install/rqt_top:/home/hd/ros2_foxy/install/rqt_srv:/home/hd/ros2_foxy/install/rqt_shell:/home/hd/ros2_foxy/install/rqt_service_caller:/home/hd/ros2_foxy/install/rqt_reconfigure:/home/hd/ros2_foxy/install/rqt_py_console:/home/hd/ros2_foxy/install/rqt_publisher:/home/hd/ros2_foxy/install/rqt_plot:/home/hd/ros2_foxy/install/rqt_action:/home/hd/ros2_foxy/install/rqt_msg:/home/hd/ros2_foxy/install/rqt_console:/home/hd/ros2_foxy/install/rqt:/home/hd/ros2_foxy/install/rqt_graph:/home/hd/ros2_foxy/install/rqt_gui_py:/home/hd/ros2_foxy/install/rqt_gui:/home/hd/ros2_foxy/install/ros2trace:/home/hd/ros2_foxy/install/ros2topic:/home/hd/ros2_foxy/install/ros2test:/home/hd/ros2_foxy/install/ros2component:/home/hd/ros2_foxy/install/ros2param:/home/hd/ros2_foxy/install/ros2lifecycle:/home/hd/ros2_foxy/install/ros2service:/home/hd/ros2_foxy/install/ros2run:/home/hd/ros2_foxy/install/ros2launch:/home/hd/ros2_foxy/install/ros2pkg:/home/hd/ros2_foxy/install/ros2node:/home/hd/ros2_foxy/install/ros2multicast:/home/hd/ros2_foxy/install/ros2interface:/home/hd/ros2_foxy/install/ros2doctor:/home/hd/ros2_foxy/install/ros2action:/home/hd/ros2_foxy/install/ros2cli:/home/hd/ros2_foxy/install/quality_of_service_demo_py:/home/hd/ros2_foxy/install/launch_testing_ros:/home/hd/ros2_foxy/install/launch_ros:/home/hd/ros2_foxy/install/joystick_ros2:/home/hd/ros2_foxy/install/examples_rclpy_minimal_subscriber:/home/hd/ros2_foxy/install/examples_rclpy_minimal_service:/home/hd/ros2_foxy/install/examples_rclpy_minimal_publisher:/home/hd/ros2_foxy/install/examples_rclpy_minimal_client:/home/hd/ros2_foxy/install/examples_rclpy_minimal_action_server:/home/hd/ros2_foxy/install/examples_rclpy_minimal_action_client:/home/hd/ros2_foxy/install/examples_rclpy_executors:/home/hd/ros2_foxy/install/demo_nodes_py:/home/hd/ros2_foxy/install/action_tutorials_py:/home/hd/ros2_foxy/install/ament_uncrustify:/home/hd/ros2_foxy/install/tracetools_trace:/home/hd/ros2_foxy/install/tracetools_read:/home/hd/ros2_foxy/install/test_launch_ros:/home/hd/ros2_foxy/install/sensor_msgs_py:/home/hd/ros2_foxy/install/rpyutils:/home/hd/ros2_foxy/install/rosidl_runtime_py:/home/hd/ros2_foxy/install/launch_yaml:/home/hd/ros2_foxy/install/launch_xml:/home/hd/ros2_foxy/install/launch_testing:/home/hd/ros2_foxy/install/launch:/home/hd/ros2_foxy/install/osrf_pycommon:/home/hd/ros2_foxy/install/domain_coordinator:/home/hd/ros2_foxy/install/ament_xmllint:/home/hd/ros2_foxy/install/ament_pyflakes:/home/hd/ros2_foxy/install/ament_pycodestyle:/home/hd/ros2_foxy/install/ament_pep257:/home/hd/ros2_foxy/install/ament_pclint:/home/hd/ros2_foxy/install/ament_package:/home/hd/ros2_foxy/install/ament_mypy:/home/hd/ros2_foxy/install/ament_lint_cmake:/home/hd/ros2_foxy/install/ament_flake8:/home/hd/ros2_foxy/install/ament_copyright:/home/hd/ros2_foxy/install/ament_lint:/home/hd/ros2_foxy/install/ament_index_python:/home/hd/ros2_foxy/install/ament_cpplint:/home/hd/ros2_foxy/install/ament_cppcheck:/home/hd/ros2_foxy/install/ament_clang_tidy:/home/hd/ros2_foxy/install/ament_clang_format /usr/bin/cmake --install /home/hd/Desktop/Motor_Control/motor_controls.ws/build/motor_control_interfaces
[6.366s] -- Install configuration: ""
[6.369s] -- Up-to-date: /home/hd/Desktop/Motor_Control/motor_controls.ws/install/motor_control_interfaces/share/ament_index/resource_index/rosidl_interfaces/motor_control_interfaces
[6.369s] -- Up-to-date: /home/hd/Desktop/Motor_Control/motor_controls.ws/install/motor_control_interfaces/include/motor_control_interfaces
[6.369s] -- Up-to-date: /home/hd/Desktop/Motor_Control/motor_controls.ws/install/motor_control_interfaces/include/motor_control_interfaces/msg
[6.370s] -- Up-to-date: /home/hd/Desktop/Motor_Control/motor_controls.ws/install/motor_control_interfaces/include/motor_control_interfaces/msg/motor_command.h
[6.382s] -- Up-to-date: /home/hd/Desktop/Motor_Control/motor_controls.ws/install/motor_control_interfaces/include/motor_control_interfaces/msg/detail
[6.382s] -- Up-to-date: /home/hd/Desktop/Motor_Control/motor_controls.ws/install/motor_control_interfaces/include/motor_control_interfaces/msg/detail/motor_command__type_support.h
[6.383s] -- Up-to-date: /home/hd/Desktop/Motor_Control/motor_controls.ws/install/motor_control_interfaces/include/motor_control_interfaces/msg/detail/motor_command__struct.h
[6.383s] -- Up-to-date: /home/hd/Desktop/Motor_Control/motor_controls.ws/install/motor_control_interfaces/include/motor_control_interfaces/msg/detail/motor_command__functions.c
[6.383s] -- Up-to-date: /home/hd/Desktop/Motor_Control/motor_controls.ws/install/motor_control_interfaces/include/motor_control_interfaces/msg/detail/motor_command__functions.h
[6.383s] -- Up-to-date: /home/hd/Desktop/Motor_Control/motor_controls.ws/install/motor_control_interfaces/include/motor_control_interfaces/msg/rosidl_generator_c__visibility_control.h
[6.385s] -- Up-to-date: /home/hd/Desktop/Motor_Control/motor_controls.ws/install/motor_control_interfaces/share/motor_control_interfaces/environment/library_path.sh
[6.386s] -- Up-to-date: /home/hd/Desktop/Motor_Control/motor_controls.ws/install/motor_control_interfaces/share/motor_control_interfaces/environment/library_path.dsv
[6.393s] -- Up-to-date: /home/hd/Desktop/Motor_Control/motor_controls.ws/install/motor_control_interfaces/lib/libmotor_control_interfaces__rosidl_generator_c.so
[6.393s] -- Up-to-date: /home/hd/Desktop/Motor_Control/motor_controls.ws/install/motor_control_interfaces/include/motor_control_interfaces
[6.393s] -- Up-to-date: /home/hd/Desktop/Motor_Control/motor_controls.ws/install/motor_control_interfaces/include/motor_control_interfaces/msg
[6.394s] -- Up-to-date: /home/hd/Desktop/Motor_Control/motor_controls.ws/install/motor_control_interfaces/include/motor_control_interfaces/msg/detail
[6.395s] -- Up-to-date: /home/hd/Desktop/Motor_Control/motor_controls.ws/install/motor_control_interfaces/include/motor_control_interfaces/msg/detail/motor_command__rosidl_typesupport_fastrtps_c.h
[6.395s] -- Up-to-date: /home/hd/Desktop/Motor_Control/motor_controls.ws/install/motor_control_interfaces/include/motor_control_interfaces/msg/rosidl_typesupport_fastrtps_c__visibility_control.h
[6.402s] -- Up-to-date: /home/hd/Desktop/Motor_Control/motor_controls.ws/install/motor_control_interfaces/lib/libmotor_control_interfaces__rosidl_typesupport_fastrtps_c.so
[6.407s] -- Up-to-date: /home/hd/Desktop/Motor_Control/motor_controls.ws/install/motor_control_interfaces/include/motor_control_interfaces
[6.410s] -- Up-to-date: /home/hd/Desktop/Motor_Control/motor_controls.ws/install/motor_control_interfaces/include/motor_control_interfaces/msg
[6.410s] -- Up-to-date: /home/hd/Desktop/Motor_Control/motor_controls.ws/install/motor_control_interfaces/include/motor_control_interfaces/msg/rosidl_typesupport_fastrtps_cpp__visibility_control.h
[6.410s] -- Up-to-date: /home/hd/Desktop/Motor_Control/motor_controls.ws/install/motor_control_interfaces/include/motor_control_interfaces/msg/detail
[6.410s] -- Up-to-date: /home/hd/Desktop/Motor_Control/motor_controls.ws/install/motor_control_interfaces/include/motor_control_interfaces/msg/detail/motor_command__rosidl_typesupport_fastrtps_cpp.hpp
[6.411s] -- Up-to-date: /home/hd/Desktop/Motor_Control/motor_controls.ws/install/motor_control_interfaces/include/motor_control_interfaces/msg/detail/dds_fastrtps
[6.423s] -- Up-to-date: /home/hd/Desktop/Motor_Control/motor_controls.ws/install/motor_control_interfaces/lib/libmotor_control_interfaces__rosidl_typesupport_fastrtps_cpp.so
[6.423s] -- Up-to-date: /home/hd/Desktop/Motor_Control/motor_controls.ws/install/motor_control_interfaces/include/motor_control_interfaces
[6.424s] -- Up-to-date: /home/hd/Desktop/Motor_Control/motor_controls.ws/install/motor_control_interfaces/include/motor_control_interfaces/msg
[6.424s] -- Up-to-date: /home/hd/Desktop/Motor_Control/motor_controls.ws/install/motor_control_interfaces/include/motor_control_interfaces/msg/detail
[6.424s] -- Up-to-date: /home/hd/Desktop/Motor_Control/motor_controls.ws/install/motor_control_interfaces/include/motor_control_interfaces/msg/detail/motor_command__rosidl_typesupport_introspection_c.h
[6.424s] -- Up-to-date: /home/hd/Desktop/Motor_Control/motor_controls.ws/install/motor_control_interfaces/include/motor_control_interfaces/msg/detail/motor_command__type_support.c
[6.425s] -- Up-to-date: /home/hd/Desktop/Motor_Control/motor_controls.ws/install/motor_control_interfaces/include/motor_control_interfaces/msg/rosidl_typesupport_introspection_c__visibility_control.h
[6.425s] -- Up-to-date: /home/hd/Desktop/Motor_Control/motor_controls.ws/install/motor_control_interfaces/lib/libmotor_control_interfaces__rosidl_typesupport_introspection_c.so
[6.428s] -- Up-to-date: /home/hd/Desktop/Motor_Control/motor_controls.ws/install/motor_control_interfaces/lib/libmotor_control_interfaces__rosidl_typesupport_c.so
[6.429s] -- Up-to-date: /home/hd/Desktop/Motor_Control/motor_controls.ws/install/motor_control_interfaces/include/motor_control_interfaces
[6.430s] -- Up-to-date: /home/hd/Desktop/Motor_Control/motor_controls.ws/install/motor_control_interfaces/include/motor_control_interfaces/msg
[6.433s] -- Up-to-date: /home/hd/Desktop/Motor_Control/motor_controls.ws/install/motor_control_interfaces/include/motor_control_interfaces/msg/motor_command.hpp
[6.434s] -- Up-to-date: /home/hd/Desktop/Motor_Control/motor_controls.ws/install/motor_control_interfaces/include/motor_control_interfaces/msg/detail
[6.434s] -- Up-to-date: /home/hd/Desktop/Motor_Control/motor_controls.ws/install/motor_control_interfaces/include/motor_control_interfaces/msg/detail/motor_command__builder.hpp
[6.434s] -- Up-to-date: /home/hd/Desktop/Motor_Control/motor_controls.ws/install/motor_control_interfaces/include/motor_control_interfaces/msg/detail/motor_command__struct.hpp
[6.443s] -- Up-to-date: /home/hd/Desktop/Motor_Control/motor_controls.ws/install/motor_control_interfaces/include/motor_control_interfaces/msg/detail/motor_command__traits.hpp
[6.444s] -- Up-to-date: /home/hd/Desktop/Motor_Control/motor_controls.ws/install/motor_control_interfaces/include/motor_control_interfaces
[6.445s] -- Up-to-date: /home/hd/Desktop/Motor_Control/motor_controls.ws/install/motor_control_interfaces/include/motor_control_interfaces/msg
[6.445s] -- Up-to-date: /home/hd/Desktop/Motor_Control/motor_controls.ws/install/motor_control_interfaces/include/motor_control_interfaces/msg/detail
[6.445s] -- Up-to-date: /home/hd/Desktop/Motor_Control/motor_controls.ws/install/motor_control_interfaces/include/motor_control_interfaces/msg/detail/motor_command__rosidl_typesupport_introspection_cpp.hpp
[6.445s] -- Up-to-date: /home/hd/Desktop/Motor_Control/motor_controls.ws/install/motor_control_interfaces/include/motor_control_interfaces/msg/detail/motor_command__type_support.cpp
[6.447s] -- Up-to-date: /home/hd/Desktop/Motor_Control/motor_controls.ws/install/motor_control_interfaces/lib/libmotor_control_interfaces__rosidl_typesupport_introspection_cpp.so
[6.459s] -- Up-to-date: /home/hd/Desktop/Motor_Control/motor_controls.ws/install/motor_control_interfaces/lib/libmotor_control_interfaces__rosidl_typesupport_cpp.so
[6.459s] -- Up-to-date: /home/hd/Desktop/Motor_Control/motor_controls.ws/install/motor_control_interfaces/share/motor_control_interfaces/environment/pythonpath.sh
[6.460s] -- Up-to-date: /home/hd/Desktop/Motor_Control/motor_controls.ws/install/motor_control_interfaces/share/motor_control_interfaces/environment/pythonpath.dsv
[6.460s] -- Up-to-date: /home/hd/Desktop/Motor_Control/motor_controls.ws/install/motor_control_interfaces/lib/python3.8/site-packages/motor_control_interfaces/__init__.py
[8.091s] -- Up-to-date: /home/hd/Desktop/Motor_Control/motor_controls.ws/install/motor_control_interfaces/lib/python3.8/site-packages/motor_control_interfaces/msg
[8.091s] -- Up-to-date: /home/hd/Desktop/Motor_Control/motor_controls.ws/install/motor_control_interfaces/lib/python3.8/site-packages/motor_control_interfaces/msg/__init__.py
[8.093s] -- Up-to-date: /home/hd/Desktop/Motor_Control/motor_controls.ws/install/motor_control_interfaces/lib/python3.8/site-packages/motor_control_interfaces/msg/_motor_command_s.c
[8.097s] -- Up-to-date: /home/hd/Desktop/Motor_Control/motor_controls.ws/install/motor_control_interfaces/lib/python3.8/site-packages/motor_control_interfaces/msg/_motor_command.py
[8.098s] -- Up-to-date: /home/hd/Desktop/Motor_Control/motor_controls.ws/install/motor_control_interfaces/lib/python3.8/site-packages/motor_control_interfaces/motor_control_interfaces_s__rosidl_typesupport_fastrtps_c.cpython-38-x86_64-linux-gnu.so
[8.102s] -- Up-to-date: /home/hd/Desktop/Motor_Control/motor_controls.ws/install/motor_control_interfaces/lib/python3.8/site-packages/motor_control_interfaces/motor_control_interfaces_s__rosidl_typesupport_introspection_c.cpython-38-x86_64-linux-gnu.so
[8.107s] -- Up-to-date: /home/hd/Desktop/Motor_Control/motor_controls.ws/install/motor_control_interfaces/lib/python3.8/site-packages/motor_control_interfaces/motor_control_interfaces_s__rosidl_typesupport_c.cpython-38-x86_64-linux-gnu.so
[8.111s] -- Up-to-date: /home/hd/Desktop/Motor_Control/motor_controls.ws/install/motor_control_interfaces/lib/libmotor_control_interfaces__python.so
[8.114s] -- Up-to-date: /home/hd/Desktop/Motor_Control/motor_controls.ws/install/motor_control_interfaces/share/motor_control_interfaces/msg/MotorCommand.idl
[8.114s] -- Up-to-date: /home/hd/Desktop/Motor_Control/motor_controls.ws/install/motor_control_interfaces/share/motor_control_interfaces/msg/MotorCommand.msg
[8.116s] -- Up-to-date: /home/hd/Desktop/Motor_Control/motor_controls.ws/install/motor_control_interfaces/share/ament_index/resource_index/package_run_dependencies/motor_control_interfaces
[8.118s] -- Up-to-date: /home/hd/Desktop/Motor_Control/motor_controls.ws/install/motor_control_interfaces/share/ament_index/resource_index/parent_prefix_path/motor_control_interfaces
[8.119s] -- Up-to-date: /home/hd/Desktop/Motor_Control/motor_controls.ws/install/motor_control_interfaces/share/motor_control_interfaces/environment/ament_prefix_path.dsv
[8.119s] -- Up-to-date: /home/hd/Desktop/Motor_Control/motor_controls.ws/install/motor_control_interfaces/share/motor_control_interfaces/environment/path.dsv
[8.120s] -- Up-to-date: /home/hd/Desktop/Motor_Control/motor_controls.ws/install/motor_control_interfaces/share/motor_control_interfaces/local_setup.bash
[8.121s] -- Up-to-date: /home/hd/Desktop/Motor_Control/motor_controls.ws/install/motor_control_interfaces/share/motor_control_interfaces/local_setup.sh
[8.121s] -- Up-to-date: /home/hd/Desktop/Motor_Control/motor_controls.ws/install/motor_control_interfaces/share/motor_control_interfaces/local_setup.zsh
[8.122s] -- Up-to-date: /home/hd/Desktop/Motor_Control/motor_controls.ws/install/motor_control_interfaces/share/motor_control_interfaces/local_setup.dsv
[8.124s] -- Installing: /home/hd/Desktop/Motor_Control/motor_controls.ws/install/motor_control_interfaces/share/motor_control_interfaces/package.dsv
[8.126s] -- Up-to-date: /home/hd/Desktop/Motor_Control/motor_controls.ws/install/motor_control_interfaces/share/ament_index/resource_index/packages/motor_control_interfaces
[8.129s] -- Up-to-date: /home/hd/Desktop/Motor_Control/motor_controls.ws/install/motor_control_interfaces/share/motor_control_interfaces/cmake/motor_control_interfaces__rosidl_generator_cExport.cmake
[8.130s] -- Up-to-date: /home/hd/Desktop/Motor_Control/motor_controls.ws/install/motor_control_interfaces/share/motor_control_interfaces/cmake/motor_control_interfaces__rosidl_generator_cExport-noconfig.cmake
[8.133s] -- Up-to-date: /home/hd/Desktop/Motor_Control/motor_controls.ws/install/motor_control_interfaces/share/motor_control_interfaces/cmake/motor_control_interfaces__rosidl_typesupport_introspection_cExport.cmake
[8.135s] -- Up-to-date: /home/hd/Desktop/Motor_Control/motor_controls.ws/install/motor_control_interfaces/share/motor_control_interfaces/cmake/motor_control_interfaces__rosidl_typesupport_introspection_cExport-noconfig.cmake
[8.140s] -- Up-to-date: /home/hd/Desktop/Motor_Control/motor_controls.ws/install/motor_control_interfaces/share/motor_control_interfaces/cmake/motor_control_interfaces__rosidl_typesupport_cExport.cmake
[8.141s] -- Up-to-date: /home/hd/Desktop/Motor_Control/motor_controls.ws/install/motor_control_interfaces/share/motor_control_interfaces/cmake/motor_control_interfaces__rosidl_typesupport_cExport-noconfig.cmake
[8.145s] -- Up-to-date: /home/hd/Desktop/Motor_Control/motor_controls.ws/install/motor_control_interfaces/share/motor_control_interfaces/cmake/motor_control_interfaces__rosidl_generator_cppExport.cmake
[8.148s] -- Up-to-date: /home/hd/Desktop/Motor_Control/motor_controls.ws/install/motor_control_interfaces/share/motor_control_interfaces/cmake/motor_control_interfaces__rosidl_typesupport_introspection_cppExport.cmake
[8.150s] -- Up-to-date: /home/hd/Desktop/Motor_Control/motor_controls.ws/install/motor_control_interfaces/share/motor_control_interfaces/cmake/motor_control_interfaces__rosidl_typesupport_introspection_cppExport-noconfig.cmake
[8.152s] -- Up-to-date: /home/hd/Desktop/Motor_Control/motor_controls.ws/install/motor_control_interfaces/share/motor_control_interfaces/cmake/motor_control_interfaces__rosidl_typesupport_cppExport.cmake
[8.153s] -- Up-to-date: /home/hd/Desktop/Motor_Control/motor_controls.ws/install/motor_control_interfaces/share/motor_control_interfaces/cmake/motor_control_interfaces__rosidl_typesupport_cppExport-noconfig.cmake
[8.154s] -- Up-to-date: /home/hd/Desktop/Motor_Control/motor_controls.ws/install/motor_control_interfaces/share/motor_control_interfaces/cmake/rosidl_cmake-extras.cmake
[8.156s] -- Up-to-date: /home/hd/Desktop/Motor_Control/motor_controls.ws/install/motor_control_interfaces/share/motor_control_interfaces/cmake/ament_cmake_export_dependencies-extras.cmake
[8.156s] -- Up-to-date: /home/hd/Desktop/Motor_Control/motor_controls.ws/install/motor_control_interfaces/share/motor_control_interfaces/cmake/ament_cmake_export_libraries-extras.cmake
[8.156s] -- Up-to-date: /home/hd/Desktop/Motor_Control/motor_controls.ws/install/motor_control_interfaces/share/motor_control_interfaces/cmake/ament_cmake_export_targets-extras.cmake
[8.157s] -- Up-to-date: /home/hd/Desktop/Motor_Control/motor_controls.ws/install/motor_control_interfaces/share/motor_control_interfaces/cmake/ament_cmake_export_include_directories-extras.cmake
[8.157s] -- Up-to-date: /home/hd/Desktop/Motor_Control/motor_controls.ws/install/motor_control_interfaces/share/motor_control_interfaces/cmake/rosidl_cmake_export_typesupport_libraries-extras.cmake
[8.158s] -- Up-to-date: /home/hd/Desktop/Motor_Control/motor_controls.ws/install/motor_control_interfaces/share/motor_control_interfaces/cmake/rosidl_cmake_export_typesupport_targets-extras.cmake
[8.158s] -- Up-to-date: /home/hd/Desktop/Motor_Control/motor_controls.ws/install/motor_control_interfaces/share/motor_control_interfaces/cmake/motor_control_interfacesConfig.cmake
[8.158s] -- Up-to-date: /home/hd/Desktop/Motor_Control/motor_controls.ws/install/motor_control_interfaces/share/motor_control_interfaces/cmake/motor_control_interfacesConfig-version.cmake
[8.159s] -- Up-to-date: /home/hd/Desktop/Motor_Control/motor_controls.ws/install/motor_control_interfaces/share/motor_control_interfaces/package.xml
[8.173s] Invoked command in '/home/hd/Desktop/Motor_Control/motor_controls.ws/build/motor_control_interfaces' returned '0': CMAKE_PREFIX_PATH=${CMAKE_PREFIX_PATH}:/opt/ros/foxy:/home/hd/ros2_foxy/install/ros2bag:/home/hd/ros2_foxy/install/tracetools_launch:/home/hd/ros2_foxy/install/topic_monitor:/home/hd/ros2_foxy/install/examples_tf2_py:/home/hd/ros2_foxy/install/sros2:/home/hd/ros2_foxy/install/rqt_topic:/home/hd/ros2_foxy/install/rqt_top:/home/hd/ros2_foxy/install/rqt_srv:/home/hd/ros2_foxy/install/rqt_shell:/home/hd/ros2_foxy/install/rqt_service_caller:/home/hd/ros2_foxy/install/rqt_reconfigure:/home/hd/ros2_foxy/install/rqt_py_console:/home/hd/ros2_foxy/install/rqt_publisher:/home/hd/ros2_foxy/install/rqt_plot:/home/hd/ros2_foxy/install/rqt_action:/home/hd/ros2_foxy/install/rqt_msg:/home/hd/ros2_foxy/install/rqt_console:/home/hd/ros2_foxy/install/rqt:/home/hd/ros2_foxy/install/rqt_graph:/home/hd/ros2_foxy/install/rqt_gui_py:/home/hd/ros2_foxy/install/rqt_gui:/home/hd/ros2_foxy/install/ros2trace:/home/hd/ros2_foxy/install/ros2topic:/home/hd/ros2_foxy/install/ros2test:/home/hd/ros2_foxy/install/ros2component:/home/hd/ros2_foxy/install/ros2param:/home/hd/ros2_foxy/install/ros2lifecycle:/home/hd/ros2_foxy/install/ros2service:/home/hd/ros2_foxy/install/ros2run:/home/hd/ros2_foxy/install/ros2launch:/home/hd/ros2_foxy/install/ros2pkg:/home/hd/ros2_foxy/install/ros2node:/home/hd/ros2_foxy/install/ros2multicast:/home/hd/ros2_foxy/install/ros2interface:/home/hd/ros2_foxy/install/ros2doctor:/home/hd/ros2_foxy/install/ros2action:/home/hd/ros2_foxy/install/ros2cli:/home/hd/ros2_foxy/install/quality_of_service_demo_py:/home/hd/ros2_foxy/install/launch_testing_ros:/home/hd/ros2_foxy/install/launch_ros:/home/hd/ros2_foxy/install/joystick_ros2:/home/hd/ros2_foxy/install/examples_rclpy_minimal_subscriber:/home/hd/ros2_foxy/install/examples_rclpy_minimal_service:/home/hd/ros2_foxy/install/examples_rclpy_minimal_publisher:/home/hd/ros2_foxy/install/examples_rclpy_minimal_client:/home/hd/ros2_foxy/install/examples_rclpy_minimal_action_server:/home/hd/ros2_foxy/install/examples_rclpy_minimal_action_client:/home/hd/ros2_foxy/install/examples_rclpy_executors:/home/hd/ros2_foxy/install/demo_nodes_py:/home/hd/ros2_foxy/install/action_tutorials_py:/home/hd/ros2_foxy/install/ament_uncrustify:/home/hd/ros2_foxy/install/tracetools_trace:/home/hd/ros2_foxy/install/tracetools_read:/home/hd/ros2_foxy/install/test_launch_ros:/home/hd/ros2_foxy/install/sensor_msgs_py:/home/hd/ros2_foxy/install/rpyutils:/home/hd/ros2_foxy/install/rosidl_runtime_py:/home/hd/ros2_foxy/install/launch_yaml:/home/hd/ros2_foxy/install/launch_xml:/home/hd/ros2_foxy/install/launch_testing:/home/hd/ros2_foxy/install/launch:/home/hd/ros2_foxy/install/osrf_pycommon:/home/hd/ros2_foxy/install/domain_coordinator:/home/hd/ros2_foxy/install/ament_xmllint:/home/hd/ros2_foxy/install/ament_pyflakes:/home/hd/ros2_foxy/install/ament_pycodestyle:/home/hd/ros2_foxy/install/ament_pep257:/home/hd/ros2_foxy/install/ament_pclint:/home/hd/ros2_foxy/install/ament_package:/home/hd/ros2_foxy/install/ament_mypy:/home/hd/ros2_foxy/install/ament_lint_cmake:/home/hd/ros2_foxy/install/ament_flake8:/home/hd/ros2_foxy/install/ament_copyright:/home/hd/ros2_foxy/install/ament_lint:/home/hd/ros2_foxy/install/ament_index_python:/home/hd/ros2_foxy/install/ament_cpplint:/home/hd/ros2_foxy/install/ament_cppcheck:/home/hd/ros2_foxy/install/ament_clang_tidy:/home/hd/ros2_foxy/install/ament_clang_format /usr/bin/cmake --install /home/hd/Desktop/Motor_Control/motor_controls.ws/build/motor_control_interfaces
