[0.124s] Invoking command in '/home/hd/Desktop/Motor_Control/motor_controls.ws/build/motor_control_interfaces': CMAKE_PREFIX_PATH=${CMAKE_PREFIX_PATH}:/opt/ros/foxy:/home/hd/ros2_foxy/install/ros2bag:/home/hd/ros2_foxy/install/tracetools_launch:/home/hd/ros2_foxy/install/topic_monitor:/home/hd/ros2_foxy/install/examples_tf2_py:/home/hd/ros2_foxy/install/sros2:/home/hd/ros2_foxy/install/rqt_topic:/home/hd/ros2_foxy/install/rqt_top:/home/hd/ros2_foxy/install/rqt_srv:/home/hd/ros2_foxy/install/rqt_shell:/home/hd/ros2_foxy/install/rqt_service_caller:/home/hd/ros2_foxy/install/rqt_reconfigure:/home/hd/ros2_foxy/install/rqt_py_console:/home/hd/ros2_foxy/install/rqt_publisher:/home/hd/ros2_foxy/install/rqt_plot:/home/hd/ros2_foxy/install/rqt_action:/home/hd/ros2_foxy/install/rqt_msg:/home/hd/ros2_foxy/install/rqt_console:/home/hd/ros2_foxy/install/rqt:/home/hd/ros2_foxy/install/rqt_graph:/home/hd/ros2_foxy/install/rqt_gui_py:/home/hd/ros2_foxy/install/rqt_gui:/home/hd/ros2_foxy/install/ros2trace:/home/hd/ros2_foxy/install/ros2topic:/home/hd/ros2_foxy/install/ros2test:/home/hd/ros2_foxy/install/ros2component:/home/hd/ros2_foxy/install/ros2param:/home/hd/ros2_foxy/install/ros2lifecycle:/home/hd/ros2_foxy/install/ros2service:/home/hd/ros2_foxy/install/ros2run:/home/hd/ros2_foxy/install/ros2launch:/home/hd/ros2_foxy/install/ros2pkg:/home/hd/ros2_foxy/install/ros2node:/home/hd/ros2_foxy/install/ros2multicast:/home/hd/ros2_foxy/install/ros2interface:/home/hd/ros2_foxy/install/ros2doctor:/home/hd/ros2_foxy/install/ros2action:/home/hd/ros2_foxy/install/ros2cli:/home/hd/ros2_foxy/install/quality_of_service_demo_py:/home/hd/ros2_foxy/install/launch_testing_ros:/home/hd/ros2_foxy/install/launch_ros:/home/hd/ros2_foxy/install/joystick_ros2:/home/hd/ros2_foxy/install/examples_rclpy_minimal_subscriber:/home/hd/ros2_foxy/install/examples_rclpy_minimal_service:/home/hd/ros2_foxy/install/examples_rclpy_minimal_publisher:/home/hd/ros2_foxy/install/examples_rclpy_minimal_client:/home/hd/ros2_foxy/install/examples_rclpy_minimal_action_server:/home/hd/ros2_foxy/install/examples_rclpy_minimal_action_client:/home/hd/ros2_foxy/install/examples_rclpy_executors:/home/hd/ros2_foxy/install/demo_nodes_py:/home/hd/ros2_foxy/install/action_tutorials_py:/home/hd/ros2_foxy/install/ament_uncrustify:/home/hd/ros2_foxy/install/tracetools_trace:/home/hd/ros2_foxy/install/tracetools_read:/home/hd/ros2_foxy/install/test_launch_ros:/home/hd/ros2_foxy/install/sensor_msgs_py:/home/hd/ros2_foxy/install/rpyutils:/home/hd/ros2_foxy/install/rosidl_runtime_py:/home/hd/ros2_foxy/install/launch_yaml:/home/hd/ros2_foxy/install/launch_xml:/home/hd/ros2_foxy/install/launch_testing:/home/hd/ros2_foxy/install/launch:/home/hd/ros2_foxy/install/osrf_pycommon:/home/hd/ros2_foxy/install/domain_coordinator:/home/hd/ros2_foxy/install/ament_xmllint:/home/hd/ros2_foxy/install/ament_pyflakes:/home/hd/ros2_foxy/install/ament_pycodestyle:/home/hd/ros2_foxy/install/ament_pep257:/home/hd/ros2_foxy/install/ament_pclint:/home/hd/ros2_foxy/install/ament_package:/home/hd/ros2_foxy/install/ament_mypy:/home/hd/ros2_foxy/install/ament_lint_cmake:/home/hd/ros2_foxy/install/ament_flake8:/home/hd/ros2_foxy/install/ament_copyright:/home/hd/ros2_foxy/install/ament_lint:/home/hd/ros2_foxy/install/ament_index_python:/home/hd/ros2_foxy/install/ament_cpplint:/home/hd/ros2_foxy/install/ament_cppcheck:/home/hd/ros2_foxy/install/ament_clang_tidy:/home/hd/ros2_foxy/install/ament_clang_format /usr/bin/cmake --build /home/hd/Desktop/Motor_Control/motor_controls.ws/build/motor_control_interfaces -- -j2 -l2
[0.462s] [  3%] Built target motor_control_interfaces__cpp
[0.499s] [ 12%] Built target motor_control_interfaces__rosidl_generator_c
[0.595s] [ 22%] Built target motor_control_interfaces__rosidl_typesupport_cpp
[0.599s] [ 32%] Built target motor_control_interfaces__rosidl_typesupport_introspection_cpp
[0.714s] [ 41%] Built target motor_control_interfaces__rosidl_typesupport_fastrtps_cpp
[0.731s] [ 51%] Built target motor_control_interfaces__rosidl_typesupport_c
[0.832s] [ 61%] Built target motor_control_interfaces__rosidl_typesupport_fastrtps_c
[0.844s] [ 70%] Built target motor_control_interfaces__rosidl_typesupport_introspection_c
[0.899s] [ 70%] Built target motor_control_interfaces
[0.975s] [ 74%] Built target motor_control_interfaces__py
[1.044s] [ 80%] Built target motor_control_interfaces__python
[1.147s] [ 87%] Built target motor_control_interfaces__rosidl_typesupport_c__pyext
[1.173s] [ 93%] Built target motor_control_interfaces__rosidl_typesupport_introspection_c__pyext
[1.214s] [100%] Built target motor_control_interfaces__rosidl_typesupport_fastrtps_c__pyext
[1.244s] Invoked command in '/home/hd/Desktop/Motor_Control/motor_controls.ws/build/motor_control_interfaces' returned '0': CMAKE_PREFIX_PATH=${CMAKE_PREFIX_PATH}:/opt/ros/foxy:/home/hd/ros2_foxy/install/ros2bag:/home/hd/ros2_foxy/install/tracetools_launch:/home/hd/ros2_foxy/install/topic_monitor:/home/hd/ros2_foxy/install/examples_tf2_py:/home/hd/ros2_foxy/install/sros2:/home/hd/ros2_foxy/install/rqt_topic:/home/hd/ros2_foxy/install/rqt_top:/home/hd/ros2_foxy/install/rqt_srv:/home/hd/ros2_foxy/install/rqt_shell:/home/hd/ros2_foxy/install/rqt_service_caller:/home/hd/ros2_foxy/install/rqt_reconfigure:/home/hd/ros2_foxy/install/rqt_py_console:/home/hd/ros2_foxy/install/rqt_publisher:/home/hd/ros2_foxy/install/rqt_plot:/home/hd/ros2_foxy/install/rqt_action:/home/hd/ros2_foxy/install/rqt_msg:/home/hd/ros2_foxy/install/rqt_console:/home/hd/ros2_foxy/install/rqt:/home/hd/ros2_foxy/install/rqt_graph:/home/hd/ros2_foxy/install/rqt_gui_py:/home/hd/ros2_foxy/install/rqt_gui:/home/hd/ros2_foxy/install/ros2trace:/home/hd/ros2_foxy/install/ros2topic:/home/hd/ros2_foxy/install/ros2test:/home/hd/ros2_foxy/install/ros2component:/home/hd/ros2_foxy/install/ros2param:/home/hd/ros2_foxy/install/ros2lifecycle:/home/hd/ros2_foxy/install/ros2service:/home/hd/ros2_foxy/install/ros2run:/home/hd/ros2_foxy/install/ros2launch:/home/hd/ros2_foxy/install/ros2pkg:/home/hd/ros2_foxy/install/ros2node:/home/hd/ros2_foxy/install/ros2multicast:/home/hd/ros2_foxy/install/ros2interface:/home/hd/ros2_foxy/install/ros2doctor:/home/hd/ros2_foxy/install/ros2action:/home/hd/ros2_foxy/install/ros2cli:/home/hd/ros2_foxy/install/quality_of_service_demo_py:/home/hd/ros2_foxy/install/launch_testing_ros:/home/hd/ros2_foxy/install/launch_ros:/home/hd/ros2_foxy/install/joystick_ros2:/home/hd/ros2_foxy/install/examples_rclpy_minimal_subscriber:/home/hd/ros2_foxy/install/examples_rclpy_minimal_service:/home/hd/ros2_foxy/install/examples_rclpy_minimal_publisher:/home/hd/ros2_foxy/install/examples_rclpy_minimal_client:/home/hd/ros2_foxy/install/examples_rclpy_minimal_action_server:/home/hd/ros2_foxy/install/examples_rclpy_minimal_action_client:/home/hd/ros2_foxy/install/examples_rclpy_executors:/home/hd/ros2_foxy/install/demo_nodes_py:/home/hd/ros2_foxy/install/action_tutorials_py:/home/hd/ros2_foxy/install/ament_uncrustify:/home/hd/ros2_foxy/install/tracetools_trace:/home/hd/ros2_foxy/install/tracetools_read:/home/hd/ros2_foxy/install/test_launch_ros:/home/hd/ros2_foxy/install/sensor_msgs_py:/home/hd/ros2_foxy/install/rpyutils:/home/hd/ros2_foxy/install/rosidl_runtime_py:/home/hd/ros2_foxy/install/launch_yaml:/home/hd/ros2_foxy/install/launch_xml:/home/hd/ros2_foxy/install/launch_testing:/home/hd/ros2_foxy/install/launch:/home/hd/ros2_foxy/install/osrf_pycommon:/home/hd/ros2_foxy/install/domain_coordinator:/home/hd/ros2_foxy/install/ament_xmllint:/home/hd/ros2_foxy/install/ament_pyflakes:/home/hd/ros2_foxy/install/ament_pycodestyle:/home/hd/ros2_foxy/install/ament_pep257:/home/hd/ros2_foxy/install/ament_pclint:/home/hd/ros2_foxy/install/ament_package:/home/hd/ros2_foxy/install/ament_mypy:/home/hd/ros2_foxy/install/ament_lint_cmake:/home/hd/ros2_foxy/install/ament_flake8:/home/hd/ros2_foxy/install/ament_copyright:/home/hd/ros2_foxy/install/ament_lint:/home/hd/ros2_foxy/install/ament_index_python:/home/hd/ros2_foxy/install/ament_cpplint:/home/hd/ros2_foxy/install/ament_cppcheck:/home/hd/ros2_foxy/install/ament_clang_tidy:/home/hd/ros2_foxy/install/ament_clang_format /usr/bin/cmake --build /home/hd/Desktop/Motor_Control/motor_controls.ws/build/motor_control_interfaces -- -j2 -l2
[1.606s] Invoking command in '/home/hd/Desktop/Motor_Control/motor_controls.ws/build/motor_control_interfaces': CMAKE_PREFIX_PATH=${CMAKE_PREFIX_PATH}:/opt/ros/foxy:/home/hd/ros2_foxy/install/ros2bag:/home/hd/ros2_foxy/install/tracetools_launch:/home/hd/ros2_foxy/install/topic_monitor:/home/hd/ros2_foxy/install/examples_tf2_py:/home/hd/ros2_foxy/install/sros2:/home/hd/ros2_foxy/install/rqt_topic:/home/hd/ros2_foxy/install/rqt_top:/home/hd/ros2_foxy/install/rqt_srv:/home/hd/ros2_foxy/install/rqt_shell:/home/hd/ros2_foxy/install/rqt_service_caller:/home/hd/ros2_foxy/install/rqt_reconfigure:/home/hd/ros2_foxy/install/rqt_py_console:/home/hd/ros2_foxy/install/rqt_publisher:/home/hd/ros2_foxy/install/rqt_plot:/home/hd/ros2_foxy/install/rqt_action:/home/hd/ros2_foxy/install/rqt_msg:/home/hd/ros2_foxy/install/rqt_console:/home/hd/ros2_foxy/install/rqt:/home/hd/ros2_foxy/install/rqt_graph:/home/hd/ros2_foxy/install/rqt_gui_py:/home/hd/ros2_foxy/install/rqt_gui:/home/hd/ros2_foxy/install/ros2trace:/home/hd/ros2_foxy/install/ros2topic:/home/hd/ros2_foxy/install/ros2test:/home/hd/ros2_foxy/install/ros2component:/home/hd/ros2_foxy/install/ros2param:/home/hd/ros2_foxy/install/ros2lifecycle:/home/hd/ros2_foxy/install/ros2service:/home/hd/ros2_foxy/install/ros2run:/home/hd/ros2_foxy/install/ros2launch:/home/hd/ros2_foxy/install/ros2pkg:/home/hd/ros2_foxy/install/ros2node:/home/hd/ros2_foxy/install/ros2multicast:/home/hd/ros2_foxy/install/ros2interface:/home/hd/ros2_foxy/install/ros2doctor:/home/hd/ros2_foxy/install/ros2action:/home/hd/ros2_foxy/install/ros2cli:/home/hd/ros2_foxy/install/quality_of_service_demo_py:/home/hd/ros2_foxy/install/launch_testing_ros:/home/hd/ros2_foxy/install/launch_ros:/home/hd/ros2_foxy/install/joystick_ros2:/home/hd/ros2_foxy/install/examples_rclpy_minimal_subscriber:/home/hd/ros2_foxy/install/examples_rclpy_minimal_service:/home/hd/ros2_foxy/install/examples_rclpy_minimal_publisher:/home/hd/ros2_foxy/install/examples_rclpy_minimal_client:/home/hd/ros2_foxy/install/examples_rclpy_minimal_action_server:/home/hd/ros2_foxy/install/examples_rclpy_minimal_action_client:/home/hd/ros2_foxy/install/examples_rclpy_executors:/home/hd/ros2_foxy/install/demo_nodes_py:/home/hd/ros2_foxy/install/action_tutorials_py:/home/hd/ros2_foxy/install/ament_uncrustify:/home/hd/ros2_foxy/install/tracetools_trace:/home/hd/ros2_foxy/install/tracetools_read:/home/hd/ros2_foxy/install/test_launch_ros:/home/hd/ros2_foxy/install/sensor_msgs_py:/home/hd/ros2_foxy/install/rpyutils:/home/hd/ros2_foxy/install/rosidl_runtime_py:/home/hd/ros2_foxy/install/launch_yaml:/home/hd/ros2_foxy/install/launch_xml:/home/hd/ros2_foxy/install/launch_testing:/home/hd/ros2_foxy/install/launch:/home/hd/ros2_foxy/install/osrf_pycommon:/home/hd/ros2_foxy/install/domain_coordinator:/home/hd/ros2_foxy/install/ament_xmllint:/home/hd/ros2_foxy/install/ament_pyflakes:/home/hd/ros2_foxy/install/ament_pycodestyle:/home/hd/ros2_foxy/install/ament_pep257:/home/hd/ros2_foxy/install/ament_pclint:/home/hd/ros2_foxy/install/ament_package:/home/hd/ros2_foxy/install/ament_mypy:/home/hd/ros2_foxy/install/ament_lint_cmake:/home/hd/ros2_foxy/install/ament_flake8:/home/hd/ros2_foxy/install/ament_copyright:/home/hd/ros2_foxy/install/ament_lint:/home/hd/ros2_foxy/install/ament_index_python:/home/hd/ros2_foxy/install/ament_cpplint:/home/hd/ros2_foxy/install/ament_cppcheck:/home/hd/ros2_foxy/install/ament_clang_tidy:/home/hd/ros2_foxy/install/ament_clang_format /usr/bin/cmake --install /home/hd/Desktop/Motor_Control/motor_controls.ws/build/motor_control_interfaces
[1.629s] -- Install configuration: ""
[1.630s] -- Up-to-date: /home/hd/Desktop/Motor_Control/motor_controls.ws/install/motor_control_interfaces/share/ament_index/resource_index/rosidl_interfaces/motor_control_interfaces
[1.631s] -- Up-to-date: /home/hd/Desktop/Motor_Control/motor_controls.ws/install/motor_control_interfaces/include/motor_control_interfaces
[1.632s] -- Up-to-date: /home/hd/Desktop/Motor_Control/motor_controls.ws/install/motor_control_interfaces/include/motor_control_interfaces/msg
[1.633s] -- Up-to-date: /home/hd/Desktop/Motor_Control/motor_controls.ws/install/motor_control_interfaces/include/motor_control_interfaces/msg/motor_command.h
[1.633s] -- Up-to-date: /home/hd/Desktop/Motor_Control/motor_controls.ws/install/motor_control_interfaces/include/motor_control_interfaces/msg/detail
[1.634s] -- Up-to-date: /home/hd/Desktop/Motor_Control/motor_controls.ws/install/motor_control_interfaces/include/motor_control_interfaces/msg/detail/motor_command__type_support.h
[1.634s] -- Up-to-date: /home/hd/Desktop/Motor_Control/motor_controls.ws/install/motor_control_interfaces/include/motor_control_interfaces/msg/detail/motor_command__struct.h
[1.635s] -- Up-to-date: /home/hd/Desktop/Motor_Control/motor_controls.ws/install/motor_control_interfaces/include/motor_control_interfaces/msg/detail/motor_command__functions.c
[1.635s] -- Up-to-date: /home/hd/Desktop/Motor_Control/motor_controls.ws/install/motor_control_interfaces/include/motor_control_interfaces/msg/detail/motor_command__functions.h
[1.635s] -- Up-to-date: /home/hd/Desktop/Motor_Control/motor_controls.ws/install/motor_control_interfaces/include/motor_control_interfaces/msg/rosidl_generator_c__visibility_control.h
[1.635s] -- Up-to-date: /home/hd/Desktop/Motor_Control/motor_controls.ws/install/motor_control_interfaces/share/motor_control_interfaces/environment/library_path.sh
[1.635s] -- Up-to-date: /home/hd/Desktop/Motor_Control/motor_controls.ws/install/motor_control_interfaces/share/motor_control_interfaces/environment/library_path.dsv
[1.637s] -- Up-to-date: /home/hd/Desktop/Motor_Control/motor_controls.ws/install/motor_control_interfaces/lib/libmotor_control_interfaces__rosidl_generator_c.so
[1.638s] -- Up-to-date: /home/hd/Desktop/Motor_Control/motor_controls.ws/install/motor_control_interfaces/include/motor_control_interfaces
[1.638s] -- Up-to-date: /home/hd/Desktop/Motor_Control/motor_controls.ws/install/motor_control_interfaces/include/motor_control_interfaces/msg
[1.638s] -- Up-to-date: /home/hd/Desktop/Motor_Control/motor_controls.ws/install/motor_control_interfaces/include/motor_control_interfaces/msg/detail
[1.638s] -- Up-to-date: /home/hd/Desktop/Motor_Control/motor_controls.ws/install/motor_control_interfaces/include/motor_control_interfaces/msg/detail/motor_command__rosidl_typesupport_fastrtps_c.h
[1.638s] -- Up-to-date: /home/hd/Desktop/Motor_Control/motor_controls.ws/install/motor_control_interfaces/include/motor_control_interfaces/msg/rosidl_typesupport_fastrtps_c__visibility_control.h
[1.640s] -- Up-to-date: /home/hd/Desktop/Motor_Control/motor_controls.ws/install/motor_control_interfaces/lib/libmotor_control_interfaces__rosidl_typesupport_fastrtps_c.so
[1.640s] -- Up-to-date: /home/hd/Desktop/Motor_Control/motor_controls.ws/install/motor_control_interfaces/include/motor_control_interfaces
[1.641s] -- Up-to-date: /home/hd/Desktop/Motor_Control/motor_controls.ws/install/motor_control_interfaces/include/motor_control_interfaces/msg
[1.641s] -- Up-to-date: /home/hd/Desktop/Motor_Control/motor_controls.ws/install/motor_control_interfaces/include/motor_control_interfaces/msg/rosidl_typesupport_fastrtps_cpp__visibility_control.h
[1.641s] -- Up-to-date: /home/hd/Desktop/Motor_Control/motor_controls.ws/install/motor_control_interfaces/include/motor_control_interfaces/msg/detail
[1.641s] -- Up-to-date: /home/hd/Desktop/Motor_Control/motor_controls.ws/install/motor_control_interfaces/include/motor_control_interfaces/msg/detail/motor_command__rosidl_typesupport_fastrtps_cpp.hpp
[1.641s] -- Up-to-date: /home/hd/Desktop/Motor_Control/motor_controls.ws/install/motor_control_interfaces/include/motor_control_interfaces/msg/detail/dds_fastrtps
[1.642s] -- Up-to-date: /home/hd/Desktop/Motor_Control/motor_controls.ws/install/motor_control_interfaces/lib/libmotor_control_interfaces__rosidl_typesupport_fastrtps_cpp.so
[1.642s] -- Up-to-date: /home/hd/Desktop/Motor_Control/motor_controls.ws/install/motor_control_interfaces/include/motor_control_interfaces
[1.642s] -- Up-to-date: /home/hd/Desktop/Motor_Control/motor_controls.ws/install/motor_control_interfaces/include/motor_control_interfaces/msg
[1.642s] -- Up-to-date: /home/hd/Desktop/Motor_Control/motor_controls.ws/install/motor_control_interfaces/include/motor_control_interfaces/msg/detail
[1.642s] -- Up-to-date: /home/hd/Desktop/Motor_Control/motor_controls.ws/install/motor_control_interfaces/include/motor_control_interfaces/msg/detail/motor_command__rosidl_typesupport_introspection_c.h
[1.642s] -- Up-to-date: /home/hd/Desktop/Motor_Control/motor_controls.ws/install/motor_control_interfaces/include/motor_control_interfaces/msg/detail/motor_command__type_support.c
[1.643s] -- Up-to-date: /home/hd/Desktop/Motor_Control/motor_controls.ws/install/motor_control_interfaces/include/motor_control_interfaces/msg/rosidl_typesupport_introspection_c__visibility_control.h
[1.644s] -- Up-to-date: /home/hd/Desktop/Motor_Control/motor_controls.ws/install/motor_control_interfaces/lib/libmotor_control_interfaces__rosidl_typesupport_introspection_c.so
[1.646s] -- Up-to-date: /home/hd/Desktop/Motor_Control/motor_controls.ws/install/motor_control_interfaces/lib/libmotor_control_interfaces__rosidl_typesupport_c.so
[1.647s] -- Up-to-date: /home/hd/Desktop/Motor_Control/motor_controls.ws/install/motor_control_interfaces/include/motor_control_interfaces
[1.647s] -- Up-to-date: /home/hd/Desktop/Motor_Control/motor_controls.ws/install/motor_control_interfaces/include/motor_control_interfaces/msg
[1.647s] -- Up-to-date: /home/hd/Desktop/Motor_Control/motor_controls.ws/install/motor_control_interfaces/include/motor_control_interfaces/msg/motor_command.hpp
[1.647s] -- Up-to-date: /home/hd/Desktop/Motor_Control/motor_controls.ws/install/motor_control_interfaces/include/motor_control_interfaces/msg/detail
[1.647s] -- Up-to-date: /home/hd/Desktop/Motor_Control/motor_controls.ws/install/motor_control_interfaces/include/motor_control_interfaces/msg/detail/motor_command__builder.hpp
[1.648s] -- Up-to-date: /home/hd/Desktop/Motor_Control/motor_controls.ws/install/motor_control_interfaces/include/motor_control_interfaces/msg/detail/motor_command__struct.hpp
[1.648s] -- Up-to-date: /home/hd/Desktop/Motor_Control/motor_controls.ws/install/motor_control_interfaces/include/motor_control_interfaces/msg/detail/motor_command__traits.hpp
[1.648s] -- Up-to-date: /home/hd/Desktop/Motor_Control/motor_controls.ws/install/motor_control_interfaces/include/motor_control_interfaces
[1.648s] -- Up-to-date: /home/hd/Desktop/Motor_Control/motor_controls.ws/install/motor_control_interfaces/include/motor_control_interfaces/msg
[1.648s] -- Up-to-date: /home/hd/Desktop/Motor_Control/motor_controls.ws/install/motor_control_interfaces/include/motor_control_interfaces/msg/detail
[1.648s] -- Up-to-date: /home/hd/Desktop/Motor_Control/motor_controls.ws/install/motor_control_interfaces/include/motor_control_interfaces/msg/detail/motor_command__rosidl_typesupport_introspection_cpp.hpp
[1.649s] -- Up-to-date: /home/hd/Desktop/Motor_Control/motor_controls.ws/install/motor_control_interfaces/include/motor_control_interfaces/msg/detail/motor_command__type_support.cpp
[1.651s] -- Up-to-date: /home/hd/Desktop/Motor_Control/motor_controls.ws/install/motor_control_interfaces/lib/libmotor_control_interfaces__rosidl_typesupport_introspection_cpp.so
[1.651s] -- Up-to-date: /home/hd/Desktop/Motor_Control/motor_controls.ws/install/motor_control_interfaces/lib/libmotor_control_interfaces__rosidl_typesupport_cpp.so
[1.652s] -- Up-to-date: /home/hd/Desktop/Motor_Control/motor_controls.ws/install/motor_control_interfaces/share/motor_control_interfaces/environment/pythonpath.sh
[1.652s] -- Up-to-date: /home/hd/Desktop/Motor_Control/motor_controls.ws/install/motor_control_interfaces/share/motor_control_interfaces/environment/pythonpath.dsv
[1.653s] -- Up-to-date: /home/hd/Desktop/Motor_Control/motor_controls.ws/install/motor_control_interfaces/lib/python3.8/site-packages/motor_control_interfaces/__init__.py
[2.066s] -- Up-to-date: /home/hd/Desktop/Motor_Control/motor_controls.ws/install/motor_control_interfaces/lib/python3.8/site-packages/motor_control_interfaces/msg
[2.067s] -- Up-to-date: /home/hd/Desktop/Motor_Control/motor_controls.ws/install/motor_control_interfaces/lib/python3.8/site-packages/motor_control_interfaces/msg/__init__.py
[2.072s] -- Up-to-date: /home/hd/Desktop/Motor_Control/motor_controls.ws/install/motor_control_interfaces/lib/python3.8/site-packages/motor_control_interfaces/msg/_motor_command_s.c
[2.072s] -- Up-to-date: /home/hd/Desktop/Motor_Control/motor_controls.ws/install/motor_control_interfaces/lib/python3.8/site-packages/motor_control_interfaces/msg/_motor_command.py
[2.073s] -- Up-to-date: /home/hd/Desktop/Motor_Control/motor_controls.ws/install/motor_control_interfaces/lib/python3.8/site-packages/motor_control_interfaces/motor_control_interfaces_s__rosidl_typesupport_fastrtps_c.cpython-38-x86_64-linux-gnu.so
[2.076s] -- Up-to-date: /home/hd/Desktop/Motor_Control/motor_controls.ws/install/motor_control_interfaces/lib/python3.8/site-packages/motor_control_interfaces/motor_control_interfaces_s__rosidl_typesupport_introspection_c.cpython-38-x86_64-linux-gnu.so
[2.078s] -- Up-to-date: /home/hd/Desktop/Motor_Control/motor_controls.ws/install/motor_control_interfaces/lib/python3.8/site-packages/motor_control_interfaces/motor_control_interfaces_s__rosidl_typesupport_c.cpython-38-x86_64-linux-gnu.so
[2.080s] -- Up-to-date: /home/hd/Desktop/Motor_Control/motor_controls.ws/install/motor_control_interfaces/lib/libmotor_control_interfaces__python.so
[2.081s] -- Up-to-date: /home/hd/Desktop/Motor_Control/motor_controls.ws/install/motor_control_interfaces/share/motor_control_interfaces/msg/MotorCommand.idl
[2.081s] -- Up-to-date: /home/hd/Desktop/Motor_Control/motor_controls.ws/install/motor_control_interfaces/share/motor_control_interfaces/msg/MotorCommand.msg
[2.082s] -- Up-to-date: /home/hd/Desktop/Motor_Control/motor_controls.ws/install/motor_control_interfaces/share/ament_index/resource_index/package_run_dependencies/motor_control_interfaces
[2.084s] -- Up-to-date: /home/hd/Desktop/Motor_Control/motor_controls.ws/install/motor_control_interfaces/share/ament_index/resource_index/parent_prefix_path/motor_control_interfaces
[2.085s] -- Up-to-date: /home/hd/Desktop/Motor_Control/motor_controls.ws/install/motor_control_interfaces/share/motor_control_interfaces/environment/ament_prefix_path.dsv
[2.086s] -- Up-to-date: /home/hd/Desktop/Motor_Control/motor_controls.ws/install/motor_control_interfaces/share/motor_control_interfaces/environment/path.dsv
[2.087s] -- Up-to-date: /home/hd/Desktop/Motor_Control/motor_controls.ws/install/motor_control_interfaces/share/motor_control_interfaces/local_setup.bash
[2.087s] -- Up-to-date: /home/hd/Desktop/Motor_Control/motor_controls.ws/install/motor_control_interfaces/share/motor_control_interfaces/local_setup.sh
[2.087s] -- Up-to-date: /home/hd/Desktop/Motor_Control/motor_controls.ws/install/motor_control_interfaces/share/motor_control_interfaces/local_setup.zsh
[2.087s] -- Up-to-date: /home/hd/Desktop/Motor_Control/motor_controls.ws/install/motor_control_interfaces/share/motor_control_interfaces/local_setup.dsv
[2.088s] -- Installing: /home/hd/Desktop/Motor_Control/motor_controls.ws/install/motor_control_interfaces/share/motor_control_interfaces/package.dsv
[2.089s] -- Up-to-date: /home/hd/Desktop/Motor_Control/motor_controls.ws/install/motor_control_interfaces/share/ament_index/resource_index/packages/motor_control_interfaces
[2.092s] -- Up-to-date: /home/hd/Desktop/Motor_Control/motor_controls.ws/install/motor_control_interfaces/share/motor_control_interfaces/cmake/motor_control_interfaces__rosidl_generator_cExport.cmake
[2.093s] -- Up-to-date: /home/hd/Desktop/Motor_Control/motor_controls.ws/install/motor_control_interfaces/share/motor_control_interfaces/cmake/motor_control_interfaces__rosidl_generator_cExport-noconfig.cmake
[2.094s] -- Up-to-date: /home/hd/Desktop/Motor_Control/motor_controls.ws/install/motor_control_interfaces/share/motor_control_interfaces/cmake/motor_control_interfaces__rosidl_typesupport_introspection_cExport.cmake
[2.094s] -- Up-to-date: /home/hd/Desktop/Motor_Control/motor_controls.ws/install/motor_control_interfaces/share/motor_control_interfaces/cmake/motor_control_interfaces__rosidl_typesupport_introspection_cExport-noconfig.cmake
[2.095s] -- Up-to-date: /home/hd/Desktop/Motor_Control/motor_controls.ws/install/motor_control_interfaces/share/motor_control_interfaces/cmake/motor_control_interfaces__rosidl_typesupport_cExport.cmake
[2.096s] -- Up-to-date: /home/hd/Desktop/Motor_Control/motor_controls.ws/install/motor_control_interfaces/share/motor_control_interfaces/cmake/motor_control_interfaces__rosidl_typesupport_cExport-noconfig.cmake
[2.097s] -- Up-to-date: /home/hd/Desktop/Motor_Control/motor_controls.ws/install/motor_control_interfaces/share/motor_control_interfaces/cmake/motor_control_interfaces__rosidl_generator_cppExport.cmake
[2.098s] -- Up-to-date: /home/hd/Desktop/Motor_Control/motor_controls.ws/install/motor_control_interfaces/share/motor_control_interfaces/cmake/motor_control_interfaces__rosidl_typesupport_introspection_cppExport.cmake
[2.098s] -- Up-to-date: /home/hd/Desktop/Motor_Control/motor_controls.ws/install/motor_control_interfaces/share/motor_control_interfaces/cmake/motor_control_interfaces__rosidl_typesupport_introspection_cppExport-noconfig.cmake
[2.099s] -- Up-to-date: /home/hd/Desktop/Motor_Control/motor_controls.ws/install/motor_control_interfaces/share/motor_control_interfaces/cmake/motor_control_interfaces__rosidl_typesupport_cppExport.cmake
[2.099s] -- Up-to-date: /home/hd/Desktop/Motor_Control/motor_controls.ws/install/motor_control_interfaces/share/motor_control_interfaces/cmake/motor_control_interfaces__rosidl_typesupport_cppExport-noconfig.cmake
[2.099s] -- Up-to-date: /home/hd/Desktop/Motor_Control/motor_controls.ws/install/motor_control_interfaces/share/motor_control_interfaces/cmake/rosidl_cmake-extras.cmake
[2.100s] -- Up-to-date: /home/hd/Desktop/Motor_Control/motor_controls.ws/install/motor_control_interfaces/share/motor_control_interfaces/cmake/ament_cmake_export_dependencies-extras.cmake
[2.100s] -- Up-to-date: /home/hd/Desktop/Motor_Control/motor_controls.ws/install/motor_control_interfaces/share/motor_control_interfaces/cmake/ament_cmake_export_libraries-extras.cmake
[2.100s] -- Up-to-date: /home/hd/Desktop/Motor_Control/motor_controls.ws/install/motor_control_interfaces/share/motor_control_interfaces/cmake/ament_cmake_export_targets-extras.cmake
[2.100s] -- Up-to-date: /home/hd/Desktop/Motor_Control/motor_controls.ws/install/motor_control_interfaces/share/motor_control_interfaces/cmake/ament_cmake_export_include_directories-extras.cmake
[2.101s] -- Up-to-date: /home/hd/Desktop/Motor_Control/motor_controls.ws/install/motor_control_interfaces/share/motor_control_interfaces/cmake/rosidl_cmake_export_typesupport_libraries-extras.cmake
[2.101s] -- Up-to-date: /home/hd/Desktop/Motor_Control/motor_controls.ws/install/motor_control_interfaces/share/motor_control_interfaces/cmake/rosidl_cmake_export_typesupport_targets-extras.cmake
[2.101s] -- Up-to-date: /home/hd/Desktop/Motor_Control/motor_controls.ws/install/motor_control_interfaces/share/motor_control_interfaces/cmake/motor_control_interfacesConfig.cmake
[2.101s] -- Up-to-date: /home/hd/Desktop/Motor_Control/motor_controls.ws/install/motor_control_interfaces/share/motor_control_interfaces/cmake/motor_control_interfacesConfig-version.cmake
[2.101s] -- Up-to-date: /home/hd/Desktop/Motor_Control/motor_controls.ws/install/motor_control_interfaces/share/motor_control_interfaces/package.xml
[2.114s] Invoked command in '/home/hd/Desktop/Motor_Control/motor_controls.ws/build/motor_control_interfaces' returned '0': CMAKE_PREFIX_PATH=${CMAKE_PREFIX_PATH}:/opt/ros/foxy:/home/hd/ros2_foxy/install/ros2bag:/home/hd/ros2_foxy/install/tracetools_launch:/home/hd/ros2_foxy/install/topic_monitor:/home/hd/ros2_foxy/install/examples_tf2_py:/home/hd/ros2_foxy/install/sros2:/home/hd/ros2_foxy/install/rqt_topic:/home/hd/ros2_foxy/install/rqt_top:/home/hd/ros2_foxy/install/rqt_srv:/home/hd/ros2_foxy/install/rqt_shell:/home/hd/ros2_foxy/install/rqt_service_caller:/home/hd/ros2_foxy/install/rqt_reconfigure:/home/hd/ros2_foxy/install/rqt_py_console:/home/hd/ros2_foxy/install/rqt_publisher:/home/hd/ros2_foxy/install/rqt_plot:/home/hd/ros2_foxy/install/rqt_action:/home/hd/ros2_foxy/install/rqt_msg:/home/hd/ros2_foxy/install/rqt_console:/home/hd/ros2_foxy/install/rqt:/home/hd/ros2_foxy/install/rqt_graph:/home/hd/ros2_foxy/install/rqt_gui_py:/home/hd/ros2_foxy/install/rqt_gui:/home/hd/ros2_foxy/install/ros2trace:/home/hd/ros2_foxy/install/ros2topic:/home/hd/ros2_foxy/install/ros2test:/home/hd/ros2_foxy/install/ros2component:/home/hd/ros2_foxy/install/ros2param:/home/hd/ros2_foxy/install/ros2lifecycle:/home/hd/ros2_foxy/install/ros2service:/home/hd/ros2_foxy/install/ros2run:/home/hd/ros2_foxy/install/ros2launch:/home/hd/ros2_foxy/install/ros2pkg:/home/hd/ros2_foxy/install/ros2node:/home/hd/ros2_foxy/install/ros2multicast:/home/hd/ros2_foxy/install/ros2interface:/home/hd/ros2_foxy/install/ros2doctor:/home/hd/ros2_foxy/install/ros2action:/home/hd/ros2_foxy/install/ros2cli:/home/hd/ros2_foxy/install/quality_of_service_demo_py:/home/hd/ros2_foxy/install/launch_testing_ros:/home/hd/ros2_foxy/install/launch_ros:/home/hd/ros2_foxy/install/joystick_ros2:/home/hd/ros2_foxy/install/examples_rclpy_minimal_subscriber:/home/hd/ros2_foxy/install/examples_rclpy_minimal_service:/home/hd/ros2_foxy/install/examples_rclpy_minimal_publisher:/home/hd/ros2_foxy/install/examples_rclpy_minimal_client:/home/hd/ros2_foxy/install/examples_rclpy_minimal_action_server:/home/hd/ros2_foxy/install/examples_rclpy_minimal_action_client:/home/hd/ros2_foxy/install/examples_rclpy_executors:/home/hd/ros2_foxy/install/demo_nodes_py:/home/hd/ros2_foxy/install/action_tutorials_py:/home/hd/ros2_foxy/install/ament_uncrustify:/home/hd/ros2_foxy/install/tracetools_trace:/home/hd/ros2_foxy/install/tracetools_read:/home/hd/ros2_foxy/install/test_launch_ros:/home/hd/ros2_foxy/install/sensor_msgs_py:/home/hd/ros2_foxy/install/rpyutils:/home/hd/ros2_foxy/install/rosidl_runtime_py:/home/hd/ros2_foxy/install/launch_yaml:/home/hd/ros2_foxy/install/launch_xml:/home/hd/ros2_foxy/install/launch_testing:/home/hd/ros2_foxy/install/launch:/home/hd/ros2_foxy/install/osrf_pycommon:/home/hd/ros2_foxy/install/domain_coordinator:/home/hd/ros2_foxy/install/ament_xmllint:/home/hd/ros2_foxy/install/ament_pyflakes:/home/hd/ros2_foxy/install/ament_pycodestyle:/home/hd/ros2_foxy/install/ament_pep257:/home/hd/ros2_foxy/install/ament_pclint:/home/hd/ros2_foxy/install/ament_package:/home/hd/ros2_foxy/install/ament_mypy:/home/hd/ros2_foxy/install/ament_lint_cmake:/home/hd/ros2_foxy/install/ament_flake8:/home/hd/ros2_foxy/install/ament_copyright:/home/hd/ros2_foxy/install/ament_lint:/home/hd/ros2_foxy/install/ament_index_python:/home/hd/ros2_foxy/install/ament_cpplint:/home/hd/ros2_foxy/install/ament_cppcheck:/home/hd/ros2_foxy/install/ament_clang_tidy:/home/hd/ros2_foxy/install/ament_clang_format /usr/bin/cmake --install /home/hd/Desktop/Motor_Control/motor_controls.ws/build/motor_control_interfaces
