[0.053s] Invoking command in '/home/hd/Desktop/Motor_Control/motor_controls.ws/build/ethercat_device_configurator': CMAKE_PREFIX_PATH=${CMAKE_PREFIX_PATH}:/opt/ros/foxy:/home/hd/ros2_foxy/install/ros2bag:/home/hd/ros2_foxy/install/tracetools_launch:/home/hd/ros2_foxy/install/topic_monitor:/home/hd/ros2_foxy/install/examples_tf2_py:/home/hd/ros2_foxy/install/sros2:/home/hd/ros2_foxy/install/rqt_topic:/home/hd/ros2_foxy/install/rqt_top:/home/hd/ros2_foxy/install/rqt_srv:/home/hd/ros2_foxy/install/rqt_shell:/home/hd/ros2_foxy/install/rqt_service_caller:/home/hd/ros2_foxy/install/rqt_reconfigure:/home/hd/ros2_foxy/install/rqt_py_console:/home/hd/ros2_foxy/install/rqt_publisher:/home/hd/ros2_foxy/install/rqt_plot:/home/hd/ros2_foxy/install/rqt_action:/home/hd/ros2_foxy/install/rqt_msg:/home/hd/ros2_foxy/install/rqt_console:/home/hd/ros2_foxy/install/rqt:/home/hd/ros2_foxy/install/rqt_graph:/home/hd/ros2_foxy/install/rqt_gui_py:/home/hd/ros2_foxy/install/rqt_gui:/home/hd/ros2_foxy/install/ros2trace:/home/hd/ros2_foxy/install/ros2topic:/home/hd/ros2_foxy/install/ros2test:/home/hd/ros2_foxy/install/ros2component:/home/hd/ros2_foxy/install/ros2param:/home/hd/ros2_foxy/install/ros2lifecycle:/home/hd/ros2_foxy/install/ros2service:/home/hd/ros2_foxy/install/ros2run:/home/hd/ros2_foxy/install/ros2launch:/home/hd/ros2_foxy/install/ros2pkg:/home/hd/ros2_foxy/install/ros2node:/home/hd/ros2_foxy/install/ros2multicast:/home/hd/ros2_foxy/install/ros2interface:/home/hd/ros2_foxy/install/ros2doctor:/home/hd/ros2_foxy/install/ros2action:/home/hd/ros2_foxy/install/ros2cli:/home/hd/ros2_foxy/install/quality_of_service_demo_py:/home/hd/ros2_foxy/install/launch_testing_ros:/home/hd/ros2_foxy/install/launch_ros:/home/hd/ros2_foxy/install/joystick_ros2:/home/hd/ros2_foxy/install/examples_rclpy_minimal_subscriber:/home/hd/ros2_foxy/install/examples_rclpy_minimal_service:/home/hd/ros2_foxy/install/examples_rclpy_minimal_publisher:/home/hd/ros2_foxy/install/examples_rclpy_minimal_client:/home/hd/ros2_foxy/install/examples_rclpy_minimal_action_server:/home/hd/ros2_foxy/install/examples_rclpy_minimal_action_client:/home/hd/ros2_foxy/install/examples_rclpy_executors:/home/hd/ros2_foxy/install/demo_nodes_py:/home/hd/ros2_foxy/install/action_tutorials_py:/home/hd/ros2_foxy/install/ament_uncrustify:/home/hd/ros2_foxy/install/tracetools_trace:/home/hd/ros2_foxy/install/tracetools_read:/home/hd/ros2_foxy/install/test_launch_ros:/home/hd/ros2_foxy/install/sensor_msgs_py:/home/hd/ros2_foxy/install/rpyutils:/home/hd/ros2_foxy/install/rosidl_runtime_py:/home/hd/ros2_foxy/install/launch_yaml:/home/hd/ros2_foxy/install/launch_xml:/home/hd/ros2_foxy/install/launch_testing:/home/hd/ros2_foxy/install/launch:/home/hd/ros2_foxy/install/osrf_pycommon:/home/hd/ros2_foxy/install/domain_coordinator:/home/hd/ros2_foxy/install/ament_xmllint:/home/hd/ros2_foxy/install/ament_pyflakes:/home/hd/ros2_foxy/install/ament_pycodestyle:/home/hd/ros2_foxy/install/ament_pep257:/home/hd/ros2_foxy/install/ament_pclint:/home/hd/ros2_foxy/install/ament_package:/home/hd/ros2_foxy/install/ament_mypy:/home/hd/ros2_foxy/install/ament_lint_cmake:/home/hd/ros2_foxy/install/ament_flake8:/home/hd/ros2_foxy/install/ament_copyright:/home/hd/ros2_foxy/install/ament_lint:/home/hd/ros2_foxy/install/ament_index_python:/home/hd/ros2_foxy/install/ament_cpplint:/home/hd/ros2_foxy/install/ament_cppcheck:/home/hd/ros2_foxy/install/ament_clang_tidy:/home/hd/ros2_foxy/install/ament_clang_format /usr/bin/cmake --build /home/hd/Desktop/Motor_Control/motor_controls.ws/build/ethercat_device_configurator -- -j2 -l2
[0.158s] -- Found rclcpp: 2.4.2 (/home/hd/ros2_foxy/install/rclcpp/share/rclcpp/cmake)
[0.467s] -- Using PYTHON_EXECUTABLE: /usr/bin/python3
[1.217s] -- Using all available rosidl_typesupport_c: rosidl_typesupport_fastrtps_c;rosidl_typesupport_introspection_c
[1.220s] -- Found rosidl_adapter: 1.3.0 (/home/hd/ros2_foxy/install/rosidl_adapter/share/rosidl_adapter/cmake)
[1.478s] -- Using all available rosidl_typesupport_cpp: rosidl_typesupport_fastrtps_cpp;rosidl_typesupport_introspection_cpp
[1.536s] -- Found rmw_implementation_cmake: 1.0.4 (/home/hd/ros2_foxy/install/rmw_implementation_cmake/share/rmw_implementation_cmake/cmake)
[1.568s] -- Using RMW implementation 'rmw_fastrtps_cpp' as default
[1.726s] -- Found message_logger: 0.0.0 (/home/hd/Desktop/motor_controls.ws/install/ethercat_device_configurator/share/message_logger/cmake)
[1.727s] -- Found soem_interface: 0.0.0 (/home/hd/Desktop/motor_controls.ws/install/ethercat_device_configurator/share/soem_interface/cmake)
[1.728s] -- Found ethercat_sdk_master: 0.0.1 (/home/hd/Desktop/motor_controls.ws/install/ethercat_device_configurator/share/ethercat_sdk_master/cmake)
[1.728s] -- Found maxon_epos_ethercat_sdk: 1.0.1 (/home/hd/Desktop/motor_controls.ws/install/ethercat_device_configurator/share/maxon_epos_ethercat_sdk/cmake)
[1.773s] -- Found ament_lint_auto: 0.9.8 (/home/hd/ros2_foxy/install/ament_lint_auto/share/ament_lint_auto/cmake)
[2.208s] -- Added test 'cppcheck' to perform static code analysis on C / C++ code
[2.208s] -- Configured cppcheck include dirs: /home/hd/Desktop/motor_controls.ws/src/ethercat_device_configurator/ethercat_sdk_master/../soem_interface/soem_interface/include;/home/hd/Desktop/motor_controls.ws/src/ethercat_device_configurator/ethercat_sdk_master/../soem_interface/soem/include;/home/hd/Desktop/motor_controls.ws/src/ethercat_device_configurator/ethercat_sdk_master/../message_logger/include;/home/hd/Desktop/motor_controls.ws/src/ethercat_device_configurator/ethercat_sdk_master/include
[2.209s] -- Configured cppcheck exclude dirs and/or files: 
[2.209s] -- Added test 'lint_cmake' to check CMake code style
[2.209s] -- Added test 'uncrustify' to check C / C++ code style
[2.209s] -- Configured uncrustify additional arguments: 
[2.209s] -- Added test 'xmllint' to check XML markup files
[2.227s] -- Found ament_lint_auto: 0.9.8 (/home/hd/ros2_foxy/install/ament_lint_auto/share/ament_lint_auto/cmake)
[2.632s] -- Added test 'cppcheck' to perform static code analysis on C / C++ code
[2.632s] -- Configured cppcheck include dirs: /home/hd/Desktop/motor_controls.ws/src/ethercat_device_configurator/maxon_epos_ethercat_sdk/include;/home/hd/Desktop/motor_controls.ws/src/ethercat_device_configurator/maxon_epos_ethercat_sdk/../message_logger/include;/home/hd/Desktop/motor_controls.ws/src/ethercat_device_configurator/maxon_epos_ethercat_sdk/../ethercat_sdk_master/include;/home/hd/Desktop/motor_controls.ws/src/ethercat_device_configurator/maxon_epos_ethercat_sdk/../soem_interface/soem_interface/include;/home/hd/Desktop/motor_controls.ws/src/ethercat_device_configurator/maxon_epos_ethercat_sdk/../soem_interface/soem/include
[2.632s] -- Configured cppcheck exclude dirs and/or files: 
[2.633s] -- Added test 'lint_cmake' to check CMake code style
[2.641s] -- Added test 'uncrustify' to check C / C++ code style
[2.641s] -- Configured uncrustify additional arguments: 
[2.641s] -- Added test 'xmllint' to check XML markup files
[2.641s] -- Found rclcpp_components: 2.4.2 (/home/hd/ros2_foxy/install/rclcpp_components/share/rclcpp_components/cmake)
[2.704s]  AHHHHHHHHHHHHHHHHHH message_logger
[3.517s] -- Found soem_rsl: 0.0.0 (/home/hd/Desktop/motor_controls.ws/install/ethercat_device_configurator/share/soem_rsl/cmake)
[3.939s] -- Found ament_lint_auto: 0.9.8 (/home/hd/ros2_foxy/install/ament_lint_auto/share/ament_lint_auto/cmake)
[4.374s] -- Configuring done
[4.664s] -- Generating done
[4.711s] -- Build files have been written to: /home/hd/Desktop/motor_controls.ws/build/ethercat_device_configurator
[4.804s] [  9%] Built target soem_interface
[4.864s] [ 48%] Built target yaml-cpp
[4.943s] [ 51%] Built target ethercat_sdk_master
[5.025s] [ 55%] Built target message_logger
[5.119s] [ 69%] Built target soem
[5.174s] [ 72%] Built target yaml-cpp-read
[5.226s] [ 74%] Built target yaml-cpp-parse
[5.282s] [ 77%] Built target yaml-cpp-sandbox
[5.363s] [ 92%] Built target maxon_epos_ethercat_sdk
[5.437s] [100%] Built target standalone
[5.477s] Invoked command in '/home/hd/Desktop/Motor_Control/motor_controls.ws/build/ethercat_device_configurator' returned '0': CMAKE_PREFIX_PATH=${CMAKE_PREFIX_PATH}:/opt/ros/foxy:/home/hd/ros2_foxy/install/ros2bag:/home/hd/ros2_foxy/install/tracetools_launch:/home/hd/ros2_foxy/install/topic_monitor:/home/hd/ros2_foxy/install/examples_tf2_py:/home/hd/ros2_foxy/install/sros2:/home/hd/ros2_foxy/install/rqt_topic:/home/hd/ros2_foxy/install/rqt_top:/home/hd/ros2_foxy/install/rqt_srv:/home/hd/ros2_foxy/install/rqt_shell:/home/hd/ros2_foxy/install/rqt_service_caller:/home/hd/ros2_foxy/install/rqt_reconfigure:/home/hd/ros2_foxy/install/rqt_py_console:/home/hd/ros2_foxy/install/rqt_publisher:/home/hd/ros2_foxy/install/rqt_plot:/home/hd/ros2_foxy/install/rqt_action:/home/hd/ros2_foxy/install/rqt_msg:/home/hd/ros2_foxy/install/rqt_console:/home/hd/ros2_foxy/install/rqt:/home/hd/ros2_foxy/install/rqt_graph:/home/hd/ros2_foxy/install/rqt_gui_py:/home/hd/ros2_foxy/install/rqt_gui:/home/hd/ros2_foxy/install/ros2trace:/home/hd/ros2_foxy/install/ros2topic:/home/hd/ros2_foxy/install/ros2test:/home/hd/ros2_foxy/install/ros2component:/home/hd/ros2_foxy/install/ros2param:/home/hd/ros2_foxy/install/ros2lifecycle:/home/hd/ros2_foxy/install/ros2service:/home/hd/ros2_foxy/install/ros2run:/home/hd/ros2_foxy/install/ros2launch:/home/hd/ros2_foxy/install/ros2pkg:/home/hd/ros2_foxy/install/ros2node:/home/hd/ros2_foxy/install/ros2multicast:/home/hd/ros2_foxy/install/ros2interface:/home/hd/ros2_foxy/install/ros2doctor:/home/hd/ros2_foxy/install/ros2action:/home/hd/ros2_foxy/install/ros2cli:/home/hd/ros2_foxy/install/quality_of_service_demo_py:/home/hd/ros2_foxy/install/launch_testing_ros:/home/hd/ros2_foxy/install/launch_ros:/home/hd/ros2_foxy/install/joystick_ros2:/home/hd/ros2_foxy/install/examples_rclpy_minimal_subscriber:/home/hd/ros2_foxy/install/examples_rclpy_minimal_service:/home/hd/ros2_foxy/install/examples_rclpy_minimal_publisher:/home/hd/ros2_foxy/install/examples_rclpy_minimal_client:/home/hd/ros2_foxy/install/examples_rclpy_minimal_action_server:/home/hd/ros2_foxy/install/examples_rclpy_minimal_action_client:/home/hd/ros2_foxy/install/examples_rclpy_executors:/home/hd/ros2_foxy/install/demo_nodes_py:/home/hd/ros2_foxy/install/action_tutorials_py:/home/hd/ros2_foxy/install/ament_uncrustify:/home/hd/ros2_foxy/install/tracetools_trace:/home/hd/ros2_foxy/install/tracetools_read:/home/hd/ros2_foxy/install/test_launch_ros:/home/hd/ros2_foxy/install/sensor_msgs_py:/home/hd/ros2_foxy/install/rpyutils:/home/hd/ros2_foxy/install/rosidl_runtime_py:/home/hd/ros2_foxy/install/launch_yaml:/home/hd/ros2_foxy/install/launch_xml:/home/hd/ros2_foxy/install/launch_testing:/home/hd/ros2_foxy/install/launch:/home/hd/ros2_foxy/install/osrf_pycommon:/home/hd/ros2_foxy/install/domain_coordinator:/home/hd/ros2_foxy/install/ament_xmllint:/home/hd/ros2_foxy/install/ament_pyflakes:/home/hd/ros2_foxy/install/ament_pycodestyle:/home/hd/ros2_foxy/install/ament_pep257:/home/hd/ros2_foxy/install/ament_pclint:/home/hd/ros2_foxy/install/ament_package:/home/hd/ros2_foxy/install/ament_mypy:/home/hd/ros2_foxy/install/ament_lint_cmake:/home/hd/ros2_foxy/install/ament_flake8:/home/hd/ros2_foxy/install/ament_copyright:/home/hd/ros2_foxy/install/ament_lint:/home/hd/ros2_foxy/install/ament_index_python:/home/hd/ros2_foxy/install/ament_cpplint:/home/hd/ros2_foxy/install/ament_cppcheck:/home/hd/ros2_foxy/install/ament_clang_tidy:/home/hd/ros2_foxy/install/ament_clang_format /usr/bin/cmake --build /home/hd/Desktop/Motor_Control/motor_controls.ws/build/ethercat_device_configurator -- -j2 -l2
[5.796s] Invoking command in '/home/hd/Desktop/Motor_Control/motor_controls.ws/build/ethercat_device_configurator': CMAKE_PREFIX_PATH=${CMAKE_PREFIX_PATH}:/opt/ros/foxy:/home/hd/ros2_foxy/install/ros2bag:/home/hd/ros2_foxy/install/tracetools_launch:/home/hd/ros2_foxy/install/topic_monitor:/home/hd/ros2_foxy/install/examples_tf2_py:/home/hd/ros2_foxy/install/sros2:/home/hd/ros2_foxy/install/rqt_topic:/home/hd/ros2_foxy/install/rqt_top:/home/hd/ros2_foxy/install/rqt_srv:/home/hd/ros2_foxy/install/rqt_shell:/home/hd/ros2_foxy/install/rqt_service_caller:/home/hd/ros2_foxy/install/rqt_reconfigure:/home/hd/ros2_foxy/install/rqt_py_console:/home/hd/ros2_foxy/install/rqt_publisher:/home/hd/ros2_foxy/install/rqt_plot:/home/hd/ros2_foxy/install/rqt_action:/home/hd/ros2_foxy/install/rqt_msg:/home/hd/ros2_foxy/install/rqt_console:/home/hd/ros2_foxy/install/rqt:/home/hd/ros2_foxy/install/rqt_graph:/home/hd/ros2_foxy/install/rqt_gui_py:/home/hd/ros2_foxy/install/rqt_gui:/home/hd/ros2_foxy/install/ros2trace:/home/hd/ros2_foxy/install/ros2topic:/home/hd/ros2_foxy/install/ros2test:/home/hd/ros2_foxy/install/ros2component:/home/hd/ros2_foxy/install/ros2param:/home/hd/ros2_foxy/install/ros2lifecycle:/home/hd/ros2_foxy/install/ros2service:/home/hd/ros2_foxy/install/ros2run:/home/hd/ros2_foxy/install/ros2launch:/home/hd/ros2_foxy/install/ros2pkg:/home/hd/ros2_foxy/install/ros2node:/home/hd/ros2_foxy/install/ros2multicast:/home/hd/ros2_foxy/install/ros2interface:/home/hd/ros2_foxy/install/ros2doctor:/home/hd/ros2_foxy/install/ros2action:/home/hd/ros2_foxy/install/ros2cli:/home/hd/ros2_foxy/install/quality_of_service_demo_py:/home/hd/ros2_foxy/install/launch_testing_ros:/home/hd/ros2_foxy/install/launch_ros:/home/hd/ros2_foxy/install/joystick_ros2:/home/hd/ros2_foxy/install/examples_rclpy_minimal_subscriber:/home/hd/ros2_foxy/install/examples_rclpy_minimal_service:/home/hd/ros2_foxy/install/examples_rclpy_minimal_publisher:/home/hd/ros2_foxy/install/examples_rclpy_minimal_client:/home/hd/ros2_foxy/install/examples_rclpy_minimal_action_server:/home/hd/ros2_foxy/install/examples_rclpy_minimal_action_client:/home/hd/ros2_foxy/install/examples_rclpy_executors:/home/hd/ros2_foxy/install/demo_nodes_py:/home/hd/ros2_foxy/install/action_tutorials_py:/home/hd/ros2_foxy/install/ament_uncrustify:/home/hd/ros2_foxy/install/tracetools_trace:/home/hd/ros2_foxy/install/tracetools_read:/home/hd/ros2_foxy/install/test_launch_ros:/home/hd/ros2_foxy/install/sensor_msgs_py:/home/hd/ros2_foxy/install/rpyutils:/home/hd/ros2_foxy/install/rosidl_runtime_py:/home/hd/ros2_foxy/install/launch_yaml:/home/hd/ros2_foxy/install/launch_xml:/home/hd/ros2_foxy/install/launch_testing:/home/hd/ros2_foxy/install/launch:/home/hd/ros2_foxy/install/osrf_pycommon:/home/hd/ros2_foxy/install/domain_coordinator:/home/hd/ros2_foxy/install/ament_xmllint:/home/hd/ros2_foxy/install/ament_pyflakes:/home/hd/ros2_foxy/install/ament_pycodestyle:/home/hd/ros2_foxy/install/ament_pep257:/home/hd/ros2_foxy/install/ament_pclint:/home/hd/ros2_foxy/install/ament_package:/home/hd/ros2_foxy/install/ament_mypy:/home/hd/ros2_foxy/install/ament_lint_cmake:/home/hd/ros2_foxy/install/ament_flake8:/home/hd/ros2_foxy/install/ament_copyright:/home/hd/ros2_foxy/install/ament_lint:/home/hd/ros2_foxy/install/ament_index_python:/home/hd/ros2_foxy/install/ament_cpplint:/home/hd/ros2_foxy/install/ament_cppcheck:/home/hd/ros2_foxy/install/ament_clang_tidy:/home/hd/ros2_foxy/install/ament_clang_format /usr/bin/cmake --install /home/hd/Desktop/Motor_Control/motor_controls.ws/build/ethercat_device_configurator
[5.817s] -- Install configuration: ""
[5.817s] -- Up-to-date: /home/hd/Desktop/motor_controls.ws/install/ethercat_device_configurator/lib/ethercat_device_configurator/standalone
[5.817s] -- Up-to-date: /home/hd/Desktop/motor_controls.ws/install/ethercat_device_configurator/share/ament_index/resource_index/package_run_dependencies/ethercat_device_configurator
[5.819s] -- Up-to-date: /home/hd/Desktop/motor_controls.ws/install/ethercat_device_configurator/share/ament_index/resource_index/parent_prefix_path/ethercat_device_configurator
[5.819s] -- Installing: /home/hd/Desktop/motor_controls.ws/install/ethercat_device_configurator/share/ethercat_device_configurator/environment/ament_prefix_path.dsv
[5.820s] -- Installing: /home/hd/Desktop/motor_controls.ws/install/ethercat_device_configurator/share/ethercat_device_configurator/environment/path.dsv
[5.833s] -- Up-to-date: /home/hd/Desktop/motor_controls.ws/install/ethercat_device_configurator/share/ethercat_device_configurator/local_setup.bash
[5.833s] -- Installing: /home/hd/Desktop/motor_controls.ws/install/ethercat_device_configurator/share/ethercat_device_configurator/local_setup.sh
[5.833s] -- Up-to-date: /home/hd/Desktop/motor_controls.ws/install/ethercat_device_configurator/share/ethercat_device_configurator/local_setup.zsh
[5.834s] -- Installing: /home/hd/Desktop/motor_controls.ws/install/ethercat_device_configurator/share/ethercat_device_configurator/local_setup.dsv
[5.834s] -- Installing: /home/hd/Desktop/motor_controls.ws/install/ethercat_device_configurator/share/ethercat_device_configurator/package.dsv
[5.834s] -- Up-to-date: /home/hd/Desktop/motor_controls.ws/install/ethercat_device_configurator/share/ament_index/resource_index/packages/ethercat_device_configurator
[5.834s] -- Up-to-date: /home/hd/Desktop/motor_controls.ws/install/ethercat_device_configurator/share/ethercat_device_configurator/cmake/ethercat_device_configuratorConfig.cmake
[5.834s] -- Up-to-date: /home/hd/Desktop/motor_controls.ws/install/ethercat_device_configurator/share/ethercat_device_configurator/cmake/ethercat_device_configuratorConfig-version.cmake
[5.834s] -- Up-to-date: /home/hd/Desktop/motor_controls.ws/install/ethercat_device_configurator/share/ethercat_device_configurator/package.xml
[5.834s] -- Up-to-date: /home/hd/Desktop/motor_controls.ws/install/ethercat_device_configurator/lib/libethercat_sdk_master.a
[5.835s] -- Up-to-date: /home/hd/Desktop/motor_controls.ws/install/ethercat_device_configurator/include/ethercat_sdk_master
[5.835s] -- Up-to-date: /home/hd/Desktop/motor_controls.ws/install/ethercat_device_configurator/include/ethercat_sdk_master/EthercatDevice.hpp
[5.835s] -- Up-to-date: /home/hd/Desktop/motor_controls.ws/install/ethercat_device_configurator/include/ethercat_sdk_master/EthercatMaster.hpp
[5.835s] -- Up-to-date: /home/hd/Desktop/motor_controls.ws/install/ethercat_device_configurator/include/ethercat_sdk_master/UpdateMode.hpp
[5.835s] -- Up-to-date: /home/hd/Desktop/motor_controls.ws/install/ethercat_device_configurator/include/ethercat_sdk_master/EthercatMasterConfiguration.hpp
[5.835s] -- Up-to-date: /home/hd/Desktop/motor_controls.ws/install/ethercat_device_configurator/share/ament_index/resource_index/package_run_dependencies/ethercat_sdk_master
[5.835s] -- Up-to-date: /home/hd/Desktop/motor_controls.ws/install/ethercat_device_configurator/share/ament_index/resource_index/parent_prefix_path/ethercat_sdk_master
[5.835s] -- Installing: /home/hd/Desktop/motor_controls.ws/install/ethercat_device_configurator/share/ethercat_sdk_master/environment/ament_prefix_path.dsv
[5.835s] -- Installing: /home/hd/Desktop/motor_controls.ws/install/ethercat_device_configurator/share/ethercat_sdk_master/environment/path.dsv
[5.836s] -- Up-to-date: /home/hd/Desktop/motor_controls.ws/install/ethercat_device_configurator/share/ethercat_sdk_master/local_setup.bash
[5.836s] -- Installing: /home/hd/Desktop/motor_controls.ws/install/ethercat_device_configurator/share/ethercat_sdk_master/local_setup.sh
[5.836s] -- Up-to-date: /home/hd/Desktop/motor_controls.ws/install/ethercat_device_configurator/share/ethercat_sdk_master/local_setup.zsh
[5.846s] -- Installing: /home/hd/Desktop/motor_controls.ws/install/ethercat_device_configurator/share/ethercat_sdk_master/local_setup.dsv
[5.846s] -- Installing: /home/hd/Desktop/motor_controls.ws/install/ethercat_device_configurator/share/ethercat_sdk_master/package.dsv
[5.853s] -- Up-to-date: /home/hd/Desktop/motor_controls.ws/install/ethercat_device_configurator/share/ament_index/resource_index/packages/ethercat_sdk_master
[5.854s] -- Up-to-date: /home/hd/Desktop/motor_controls.ws/install/ethercat_device_configurator/share/ethercat_sdk_master/cmake/ethercat_sdk_masterConfig.cmake
[5.854s] -- Up-to-date: /home/hd/Desktop/motor_controls.ws/install/ethercat_device_configurator/share/ethercat_sdk_master/cmake/ethercat_sdk_masterConfig-version.cmake
[5.854s] -- Up-to-date: /home/hd/Desktop/motor_controls.ws/install/ethercat_device_configurator/share/ethercat_sdk_master/package.xml
[5.854s] -- Up-to-date: /home/hd/Desktop/motor_controls.ws/install/ethercat_device_configurator/lib/libmaxon_epos_ethercat_sdk.a
[5.854s] -- Up-to-date: /home/hd/Desktop/motor_controls.ws/install/ethercat_device_configurator/include/maxon_epos_ethercat_sdk
[5.854s] -- Up-to-date: /home/hd/Desktop/motor_controls.ws/install/ethercat_device_configurator/include/maxon_epos_ethercat_sdk/RxPdo.hpp
[5.854s] -- Up-to-date: /home/hd/Desktop/motor_controls.ws/install/ethercat_device_configurator/include/maxon_epos_ethercat_sdk/Maxon.hpp
[5.854s] -- Up-to-date: /home/hd/Desktop/motor_controls.ws/install/ethercat_device_configurator/include/maxon_epos_ethercat_sdk/TxPdo.hpp
[5.854s] -- Up-to-date: /home/hd/Desktop/motor_controls.ws/install/ethercat_device_configurator/include/maxon_epos_ethercat_sdk/ObjectDictionary.hpp
[5.854s] -- Up-to-date: /home/hd/Desktop/motor_controls.ws/install/ethercat_device_configurator/include/maxon_epos_ethercat_sdk/ModeOfOperationEnum.hpp
[5.854s] -- Up-to-date: /home/hd/Desktop/motor_controls.ws/install/ethercat_device_configurator/include/maxon_epos_ethercat_sdk/DriveState.hpp
[5.854s] -- Up-to-date: /home/hd/Desktop/motor_controls.ws/install/ethercat_device_configurator/include/maxon_epos_ethercat_sdk/Error.hpp
[5.854s] -- Up-to-date: /home/hd/Desktop/motor_controls.ws/install/ethercat_device_configurator/include/maxon_epos_ethercat_sdk/ConfigurationParser.hpp
[5.855s] -- Up-to-date: /home/hd/Desktop/motor_controls.ws/install/ethercat_device_configurator/include/maxon_epos_ethercat_sdk/Reading.hpp
[5.855s] -- Up-to-date: /home/hd/Desktop/motor_controls.ws/install/ethercat_device_configurator/include/maxon_epos_ethercat_sdk/PdoTypeEnum.hpp
[5.855s] -- Up-to-date: /home/hd/Desktop/motor_controls.ws/install/ethercat_device_configurator/include/maxon_epos_ethercat_sdk/Command.hpp
[5.855s] -- Up-to-date: /home/hd/Desktop/motor_controls.ws/install/ethercat_device_configurator/include/maxon_epos_ethercat_sdk/Controlword.hpp
[5.855s] -- Up-to-date: /home/hd/Desktop/motor_controls.ws/install/ethercat_device_configurator/include/maxon_epos_ethercat_sdk/Statusword.hpp
[5.855s] -- Up-to-date: /home/hd/Desktop/motor_controls.ws/install/ethercat_device_configurator/include/maxon_epos_ethercat_sdk/Configuration.hpp
[5.855s] -- Up-to-date: /home/hd/Desktop/motor_controls.ws/install/ethercat_device_configurator/share/ament_index/resource_index/package_run_dependencies/maxon_epos_ethercat_sdk
[5.855s] -- Up-to-date: /home/hd/Desktop/motor_controls.ws/install/ethercat_device_configurator/share/ament_index/resource_index/parent_prefix_path/maxon_epos_ethercat_sdk
[5.855s] -- Installing: /home/hd/Desktop/motor_controls.ws/install/ethercat_device_configurator/share/maxon_epos_ethercat_sdk/environment/ament_prefix_path.dsv
[5.855s] -- Installing: /home/hd/Desktop/motor_controls.ws/install/ethercat_device_configurator/share/maxon_epos_ethercat_sdk/environment/path.dsv
[5.855s] -- Up-to-date: /home/hd/Desktop/motor_controls.ws/install/ethercat_device_configurator/share/maxon_epos_ethercat_sdk/local_setup.bash
[5.855s] -- Installing: /home/hd/Desktop/motor_controls.ws/install/ethercat_device_configurator/share/maxon_epos_ethercat_sdk/local_setup.sh
[5.855s] -- Up-to-date: /home/hd/Desktop/motor_controls.ws/install/ethercat_device_configurator/share/maxon_epos_ethercat_sdk/local_setup.zsh
[5.855s] -- Installing: /home/hd/Desktop/motor_controls.ws/install/ethercat_device_configurator/share/maxon_epos_ethercat_sdk/local_setup.dsv
[5.855s] -- Installing: /home/hd/Desktop/motor_controls.ws/install/ethercat_device_configurator/share/maxon_epos_ethercat_sdk/package.dsv
[5.855s] -- Up-to-date: /home/hd/Desktop/motor_controls.ws/install/ethercat_device_configurator/share/ament_index/resource_index/packages/maxon_epos_ethercat_sdk
[5.875s] -- Up-to-date: /home/hd/Desktop/motor_controls.ws/install/ethercat_device_configurator/share/maxon_epos_ethercat_sdk/cmake/maxon_epos_ethercat_sdkConfig.cmake
[5.876s] -- Up-to-date: /home/hd/Desktop/motor_controls.ws/install/ethercat_device_configurator/share/maxon_epos_ethercat_sdk/cmake/maxon_epos_ethercat_sdkConfig-version.cmake
[5.876s] -- Up-to-date: /home/hd/Desktop/motor_controls.ws/install/ethercat_device_configurator/share/maxon_epos_ethercat_sdk/package.xml
[5.876s] -- Up-to-date: /home/hd/Desktop/motor_controls.ws/install/ethercat_device_configurator/lib/libmessage_logger.so
[5.876s] -- Up-to-date: /home/hd/Desktop/motor_controls.ws/install/ethercat_device_configurator/include/message_logger
[5.876s] -- Up-to-date: /home/hd/Desktop/motor_controls.ws/install/ethercat_device_configurator/include/message_logger/time
[5.876s] -- Up-to-date: /home/hd/Desktop/motor_controls.ws/install/ethercat_device_configurator/include/message_logger/time/TimeStd.hpp
[5.876s] -- Up-to-date: /home/hd/Desktop/motor_controls.ws/install/ethercat_device_configurator/include/message_logger/time/Time.hpp
[5.877s] -- Up-to-date: /home/hd/Desktop/motor_controls.ws/install/ethercat_device_configurator/include/message_logger/message_logger.hpp
[5.884s] -- Up-to-date: /home/hd/Desktop/motor_controls.ws/install/ethercat_device_configurator/include/message_logger/common
[5.884s] -- Up-to-date: /home/hd/Desktop/motor_controls.ws/install/ethercat_device_configurator/include/message_logger/common/colors.hpp
[5.884s] -- Up-to-date: /home/hd/Desktop/motor_controls.ws/install/ethercat_device_configurator/include/message_logger/common/source_file_pos.hpp
[5.884s] -- Up-to-date: /home/hd/Desktop/motor_controls.ws/install/ethercat_device_configurator/include/message_logger/common/preprocessor_defines.hpp
[5.885s] -- Up-to-date: /home/hd/Desktop/motor_controls.ws/install/ethercat_device_configurator/include/message_logger/log
[5.885s] -- Up-to-date: /home/hd/Desktop/motor_controls.ws/install/ethercat_device_configurator/include/message_logger/log/log_messages_ros.hpp
[5.885s] -- Up-to-date: /home/hd/Desktop/motor_controls.ws/install/ethercat_device_configurator/include/message_logger/log/log_messages_std.hpp
[5.885s] -- Up-to-date: /home/hd/Desktop/motor_controls.ws/install/ethercat_device_configurator/include/message_logger/log/log_messages_backend_config.hpp
[5.885s] -- Up-to-date: /home/hd/Desktop/motor_controls.ws/install/ethercat_device_configurator/include/message_logger/log/log_messages_backend_config.hpp.in
[5.885s] -- Up-to-date: /home/hd/Desktop/motor_controls.ws/install/ethercat_device_configurator/include/message_logger/log/log_messages_backend.hpp
[5.886s] -- Up-to-date: /home/hd/Desktop/motor_controls.ws/install/ethercat_device_configurator/include/message_logger/log/log_messages.hpp
[5.886s] -- Up-to-date: /home/hd/Desktop/motor_controls.ws/install/ethercat_device_configurator/share/message_logger/environment/library_path.sh
[5.886s] -- Installing: /home/hd/Desktop/motor_controls.ws/install/ethercat_device_configurator/share/message_logger/environment/library_path.dsv
[5.886s] -- Up-to-date: /home/hd/Desktop/motor_controls.ws/install/ethercat_device_configurator/share/ament_index/resource_index/package_run_dependencies/message_logger
[5.886s] -- Up-to-date: /home/hd/Desktop/motor_controls.ws/install/ethercat_device_configurator/share/ament_index/resource_index/parent_prefix_path/message_logger
[5.887s] -- Installing: /home/hd/Desktop/motor_controls.ws/install/ethercat_device_configurator/share/message_logger/environment/ament_prefix_path.dsv
[5.888s] -- Installing: /home/hd/Desktop/motor_controls.ws/install/ethercat_device_configurator/share/message_logger/environment/path.dsv
[5.888s] -- Up-to-date: /home/hd/Desktop/motor_controls.ws/install/ethercat_device_configurator/share/message_logger/local_setup.bash
[5.888s] -- Installing: /home/hd/Desktop/motor_controls.ws/install/ethercat_device_configurator/share/message_logger/local_setup.sh
[5.888s] -- Up-to-date: /home/hd/Desktop/motor_controls.ws/install/ethercat_device_configurator/share/message_logger/local_setup.zsh
[5.888s] -- Installing: /home/hd/Desktop/motor_controls.ws/install/ethercat_device_configurator/share/message_logger/local_setup.dsv
[5.888s] -- Installing: /home/hd/Desktop/motor_controls.ws/install/ethercat_device_configurator/share/message_logger/package.dsv
[5.889s] -- Up-to-date: /home/hd/Desktop/motor_controls.ws/install/ethercat_device_configurator/share/ament_index/resource_index/packages/message_logger
[5.889s] -- Up-to-date: /home/hd/Desktop/motor_controls.ws/install/ethercat_device_configurator/share/message_logger/cmake/ament_cmake_export_include_directories-extras.cmake
[5.889s] -- Up-to-date: /home/hd/Desktop/motor_controls.ws/install/ethercat_device_configurator/share/message_logger/cmake/ament_cmake_export_libraries-extras.cmake
[5.889s] -- Up-to-date: /home/hd/Desktop/motor_controls.ws/install/ethercat_device_configurator/share/message_logger/cmake/message_loggerConfig.cmake
[5.889s] -- Up-to-date: /home/hd/Desktop/motor_controls.ws/install/ethercat_device_configurator/share/message_logger/cmake/message_loggerConfig-version.cmake
[5.889s] -- Up-to-date: /home/hd/Desktop/motor_controls.ws/install/ethercat_device_configurator/share/message_logger/package.xml
[5.889s] -- Up-to-date: /home/hd/Desktop/motor_controls.ws/install/ethercat_device_configurator/share/ament_index/resource_index/package_run_dependencies/soem_rsl
[5.889s] -- Up-to-date: /home/hd/Desktop/motor_controls.ws/install/ethercat_device_configurator/share/ament_index/resource_index/parent_prefix_path/soem_rsl
[5.889s] -- Installing: /home/hd/Desktop/motor_controls.ws/install/ethercat_device_configurator/share/soem_rsl/environment/ament_prefix_path.dsv
[5.889s] -- Installing: /home/hd/Desktop/motor_controls.ws/install/ethercat_device_configurator/share/soem_rsl/environment/path.dsv
[5.889s] -- Up-to-date: /home/hd/Desktop/motor_controls.ws/install/ethercat_device_configurator/share/soem_rsl/local_setup.bash
[5.889s] -- Installing: /home/hd/Desktop/motor_controls.ws/install/ethercat_device_configurator/share/soem_rsl/local_setup.sh
[5.889s] -- Up-to-date: /home/hd/Desktop/motor_controls.ws/install/ethercat_device_configurator/share/soem_rsl/local_setup.zsh
[5.889s] -- Installing: /home/hd/Desktop/motor_controls.ws/install/ethercat_device_configurator/share/soem_rsl/local_setup.dsv
[5.889s] -- Installing: /home/hd/Desktop/motor_controls.ws/install/ethercat_device_configurator/share/soem_rsl/package.dsv
[5.889s] -- Up-to-date: /home/hd/Desktop/motor_controls.ws/install/ethercat_device_configurator/share/ament_index/resource_index/packages/soem_rsl
[5.890s] -- Up-to-date: /home/hd/Desktop/motor_controls.ws/install/ethercat_device_configurator/share/soem_rsl/cmake/soem_rslConfig.cmake
[5.890s] -- Up-to-date: /home/hd/Desktop/motor_controls.ws/install/ethercat_device_configurator/share/soem_rsl/cmake/soem_rslConfig-version.cmake
[5.890s] -- Up-to-date: /home/hd/Desktop/motor_controls.ws/install/ethercat_device_configurator/share/soem_rsl/package.xml
[5.890s] -- Up-to-date: /home/hd/Desktop/motor_controls.ws/install/ethercat_device_configurator/include
[5.890s] -- Up-to-date: /home/hd/Desktop/motor_controls.ws/install/ethercat_device_configurator/include/EthercatBusManagerBase.hpp
[5.890s] -- Up-to-date: /home/hd/Desktop/motor_controls.ws/install/ethercat_device_configurator/include/EthercatSlaveBase.hpp
[5.890s] -- Up-to-date: /home/hd/Desktop/motor_controls.ws/install/ethercat_device_configurator/include/common
[5.890s] -- Up-to-date: /home/hd/Desktop/motor_controls.ws/install/ethercat_device_configurator/include/common/Macros.hpp
[5.890s] -- Up-to-date: /home/hd/Desktop/motor_controls.ws/install/ethercat_device_configurator/include/common/ThreadSleep.hpp
[5.890s] -- Up-to-date: /home/hd/Desktop/motor_controls.ws/install/ethercat_device_configurator/include/EthercatBusBase.hpp
[5.890s] -- Up-to-date: /home/hd/Desktop/motor_controls.ws/install/ethercat_device_configurator/share/ament_index/resource_index/package_run_dependencies/soem_interface
[5.890s] -- Up-to-date: /home/hd/Desktop/motor_controls.ws/install/ethercat_device_configurator/share/ament_index/resource_index/parent_prefix_path/soem_interface
[5.890s] -- Installing: /home/hd/Desktop/motor_controls.ws/install/ethercat_device_configurator/share/soem_interface/environment/ament_prefix_path.dsv
[5.890s] -- Installing: /home/hd/Desktop/motor_controls.ws/install/ethercat_device_configurator/share/soem_interface/environment/path.dsv
[5.890s] -- Up-to-date: /home/hd/Desktop/motor_controls.ws/install/ethercat_device_configurator/share/soem_interface/local_setup.bash
[5.890s] -- Installing: /home/hd/Desktop/motor_controls.ws/install/ethercat_device_configurator/share/soem_interface/local_setup.sh
[5.890s] -- Up-to-date: /home/hd/Desktop/motor_controls.ws/install/ethercat_device_configurator/share/soem_interface/local_setup.zsh
[5.891s] -- Installing: /home/hd/Desktop/motor_controls.ws/install/ethercat_device_configurator/share/soem_interface/local_setup.dsv
[5.891s] -- Installing: /home/hd/Desktop/motor_controls.ws/install/ethercat_device_configurator/share/soem_interface/package.dsv
[5.891s] -- Up-to-date: /home/hd/Desktop/motor_controls.ws/install/ethercat_device_configurator/share/ament_index/resource_index/packages/soem_interface
[5.891s] -- Up-to-date: /home/hd/Desktop/motor_controls.ws/install/ethercat_device_configurator/share/soem_interface/cmake/soem_interfaceConfig.cmake
[5.891s] -- Up-to-date: /home/hd/Desktop/motor_controls.ws/install/ethercat_device_configurator/share/soem_interface/cmake/soem_interfaceConfig-version.cmake
[5.891s] -- Up-to-date: /home/hd/Desktop/motor_controls.ws/install/ethercat_device_configurator/share/soem_interface/package.xml
[5.891s] Invoked command in '/home/hd/Desktop/Motor_Control/motor_controls.ws/build/ethercat_device_configurator' returned '0': CMAKE_PREFIX_PATH=${CMAKE_PREFIX_PATH}:/opt/ros/foxy:/home/hd/ros2_foxy/install/ros2bag:/home/hd/ros2_foxy/install/tracetools_launch:/home/hd/ros2_foxy/install/topic_monitor:/home/hd/ros2_foxy/install/examples_tf2_py:/home/hd/ros2_foxy/install/sros2:/home/hd/ros2_foxy/install/rqt_topic:/home/hd/ros2_foxy/install/rqt_top:/home/hd/ros2_foxy/install/rqt_srv:/home/hd/ros2_foxy/install/rqt_shell:/home/hd/ros2_foxy/install/rqt_service_caller:/home/hd/ros2_foxy/install/rqt_reconfigure:/home/hd/ros2_foxy/install/rqt_py_console:/home/hd/ros2_foxy/install/rqt_publisher:/home/hd/ros2_foxy/install/rqt_plot:/home/hd/ros2_foxy/install/rqt_action:/home/hd/ros2_foxy/install/rqt_msg:/home/hd/ros2_foxy/install/rqt_console:/home/hd/ros2_foxy/install/rqt:/home/hd/ros2_foxy/install/rqt_graph:/home/hd/ros2_foxy/install/rqt_gui_py:/home/hd/ros2_foxy/install/rqt_gui:/home/hd/ros2_foxy/install/ros2trace:/home/hd/ros2_foxy/install/ros2topic:/home/hd/ros2_foxy/install/ros2test:/home/hd/ros2_foxy/install/ros2component:/home/hd/ros2_foxy/install/ros2param:/home/hd/ros2_foxy/install/ros2lifecycle:/home/hd/ros2_foxy/install/ros2service:/home/hd/ros2_foxy/install/ros2run:/home/hd/ros2_foxy/install/ros2launch:/home/hd/ros2_foxy/install/ros2pkg:/home/hd/ros2_foxy/install/ros2node:/home/hd/ros2_foxy/install/ros2multicast:/home/hd/ros2_foxy/install/ros2interface:/home/hd/ros2_foxy/install/ros2doctor:/home/hd/ros2_foxy/install/ros2action:/home/hd/ros2_foxy/install/ros2cli:/home/hd/ros2_foxy/install/quality_of_service_demo_py:/home/hd/ros2_foxy/install/launch_testing_ros:/home/hd/ros2_foxy/install/launch_ros:/home/hd/ros2_foxy/install/joystick_ros2:/home/hd/ros2_foxy/install/examples_rclpy_minimal_subscriber:/home/hd/ros2_foxy/install/examples_rclpy_minimal_service:/home/hd/ros2_foxy/install/examples_rclpy_minimal_publisher:/home/hd/ros2_foxy/install/examples_rclpy_minimal_client:/home/hd/ros2_foxy/install/examples_rclpy_minimal_action_server:/home/hd/ros2_foxy/install/examples_rclpy_minimal_action_client:/home/hd/ros2_foxy/install/examples_rclpy_executors:/home/hd/ros2_foxy/install/demo_nodes_py:/home/hd/ros2_foxy/install/action_tutorials_py:/home/hd/ros2_foxy/install/ament_uncrustify:/home/hd/ros2_foxy/install/tracetools_trace:/home/hd/ros2_foxy/install/tracetools_read:/home/hd/ros2_foxy/install/test_launch_ros:/home/hd/ros2_foxy/install/sensor_msgs_py:/home/hd/ros2_foxy/install/rpyutils:/home/hd/ros2_foxy/install/rosidl_runtime_py:/home/hd/ros2_foxy/install/launch_yaml:/home/hd/ros2_foxy/install/launch_xml:/home/hd/ros2_foxy/install/launch_testing:/home/hd/ros2_foxy/install/launch:/home/hd/ros2_foxy/install/osrf_pycommon:/home/hd/ros2_foxy/install/domain_coordinator:/home/hd/ros2_foxy/install/ament_xmllint:/home/hd/ros2_foxy/install/ament_pyflakes:/home/hd/ros2_foxy/install/ament_pycodestyle:/home/hd/ros2_foxy/install/ament_pep257:/home/hd/ros2_foxy/install/ament_pclint:/home/hd/ros2_foxy/install/ament_package:/home/hd/ros2_foxy/install/ament_mypy:/home/hd/ros2_foxy/install/ament_lint_cmake:/home/hd/ros2_foxy/install/ament_flake8:/home/hd/ros2_foxy/install/ament_copyright:/home/hd/ros2_foxy/install/ament_lint:/home/hd/ros2_foxy/install/ament_index_python:/home/hd/ros2_foxy/install/ament_cpplint:/home/hd/ros2_foxy/install/ament_cppcheck:/home/hd/ros2_foxy/install/ament_clang_tidy:/home/hd/ros2_foxy/install/ament_clang_format /usr/bin/cmake --install /home/hd/Desktop/Motor_Control/motor_controls.ws/build/ethercat_device_configurator
