[0.272s] DEBUG:colcon:Command line arguments: ['/usr/bin/colcon', 'build']
[0.272s] DEBUG:colcon:Parsed command line arguments: Namespace(allow_overriding=[], ament_cmake_args=None, base_paths=['.'], build_base='build', catkin_cmake_args=None, catkin_skip_building_tests=False, cmake_args=None, cmake_clean_cache=False, cmake_clean_first=False, cmake_force_configure=False, cmake_target=None, cmake_target_skip_unavailable=False, continue_on_error=False, event_handlers=None, executor='parallel', ignore_user_meta=False, install_base='install', log_base=None, log_level=None, main=<bound method BuildVerb.main of <colcon_core.verb.build.BuildVerb object at 0x7f8255d62b20>>, merge_install=False, metas=['./colcon.meta'], packages_above=None, packages_above_and_dependencies=None, packages_above_depth=None, packages_end=None, packages_ignore=None, packages_ignore_regex=None, packages_select=None, packages_select_build_failed=False, packages_select_by_dep=None, packages_select_regex=None, packages_select_test_failures=False, packages_skip=None, packages_skip_build_finished=False, packages_skip_by_dep=None, packages_skip_regex=None, packages_skip_test_passed=False, packages_skip_up_to=None, packages_start=None, packages_up_to=None, packages_up_to_regex=None, parallel_workers=1, paths=None, symlink_install=False, test_result_base=None, verb_extension=<colcon_core.verb.build.BuildVerb object at 0x7f8255d62b20>, verb_name='build', verb_parser=<colcon_defaults.argument_parser.defaults.DefaultArgumentsDecorator object at 0x7f8255cec0d0>)
[0.297s] Level 1:colcon.colcon_core.package_discovery:discover_packages(colcon_meta) check parameters
[0.298s] Level 1:colcon.colcon_core.package_discovery:discover_packages(recursive) check parameters
[0.298s] Level 1:colcon.colcon_core.package_discovery:discover_packages(ignore) check parameters
[0.298s] Level 1:colcon.colcon_core.package_discovery:discover_packages(path) check parameters
[0.298s] Level 1:colcon.colcon_core.package_discovery:discover_packages(colcon_meta) discover
[0.298s] Level 1:colcon.colcon_core.package_discovery:discover_packages(recursive) discover
[0.298s] INFO:colcon.colcon_core.package_discovery:Crawling recursively for packages in '/home/alex/Desktop/xplore/NAV_workspace/nav_ws/src/controller'
[0.298s] Level 1:colcon.colcon_core.package_identification:_identify(.) by extensions ['ignore', 'ignore_ament_install']
[0.298s] Level 1:colcon.colcon_core.package_identification:_identify(.) by extension 'ignore'
[0.299s] Level 1:colcon.colcon_core.package_identification:_identify(.) by extension 'ignore_ament_install'
[0.299s] Level 1:colcon.colcon_core.package_identification:_identify(.) by extensions ['colcon_pkg']
[0.299s] Level 1:colcon.colcon_core.package_identification:_identify(.) by extension 'colcon_pkg'
[0.299s] Level 1:colcon.colcon_core.package_identification:_identify(.) by extensions ['colcon_meta']
[0.299s] Level 1:colcon.colcon_core.package_identification:_identify(.) by extension 'colcon_meta'
[0.299s] Level 1:colcon.colcon_core.package_identification:_identify(.) by extensions ['ros']
[0.299s] Level 1:colcon.colcon_core.package_identification:_identify(.) by extension 'ros'
[0.321s] DEBUG:colcon.colcon_core.package_identification:Package '.' with type 'ros.ament_python' and name 'controller'
[0.321s] Level 1:colcon.colcon_core.package_discovery:discover_packages(recursive) using defaults
[0.321s] Level 1:colcon.colcon_core.package_discovery:discover_packages(ignore) discover
[0.321s] Level 1:colcon.colcon_core.package_discovery:discover_packages(ignore) using defaults
[0.322s] Level 1:colcon.colcon_core.package_discovery:discover_packages(path) discover
[0.322s] Level 1:colcon.colcon_core.package_discovery:discover_packages(path) using defaults
[0.339s] Level 1:colcon.colcon_core.package_discovery:discover_packages(prefix_path) check parameters
[0.339s] Level 1:colcon.colcon_core.package_discovery:discover_packages(prefix_path) discover
[0.341s] DEBUG:colcon.colcon_installed_package_information.package_discovery:Found 1 installed packages in /home/alex/Desktop/xplore/NAV_workspace/nav_ws/src/controller/install
[0.343s] DEBUG:colcon.colcon_installed_package_information.package_discovery:Found 256 installed packages in /opt/ros/foxy
[0.344s] Level 1:colcon.colcon_core.package_discovery:discover_packages(prefix_path) using defaults
[0.416s] Level 5:colcon.colcon_core.verb:set package 'controller' build argument 'cmake_args' from command line to 'None'
[0.417s] Level 5:colcon.colcon_core.verb:set package 'controller' build argument 'cmake_target' from command line to 'None'
[0.417s] Level 5:colcon.colcon_core.verb:set package 'controller' build argument 'cmake_target_skip_unavailable' from command line to 'False'
[0.417s] Level 5:colcon.colcon_core.verb:set package 'controller' build argument 'cmake_clean_cache' from command line to 'False'
[0.417s] Level 5:colcon.colcon_core.verb:set package 'controller' build argument 'cmake_clean_first' from command line to 'False'
[0.417s] Level 5:colcon.colcon_core.verb:set package 'controller' build argument 'cmake_force_configure' from command line to 'False'
[0.417s] Level 5:colcon.colcon_core.verb:set package 'controller' build argument 'ament_cmake_args' from command line to 'None'
[0.417s] Level 5:colcon.colcon_core.verb:set package 'controller' build argument 'catkin_cmake_args' from command line to 'None'
[0.417s] Level 5:colcon.colcon_core.verb:set package 'controller' build argument 'catkin_skip_building_tests' from command line to 'False'
[0.418s] DEBUG:colcon.colcon_core.verb:Building package 'controller' with the following arguments: {'ament_cmake_args': None, 'build_base': '/home/alex/Desktop/xplore/NAV_workspace/nav_ws/src/controller/build/controller', 'catkin_cmake_args': None, 'catkin_skip_building_tests': False, 'cmake_args': None, 'cmake_clean_cache': False, 'cmake_clean_first': False, 'cmake_force_configure': False, 'cmake_target': None, 'cmake_target_skip_unavailable': False, 'install_base': '/home/alex/Desktop/xplore/NAV_workspace/nav_ws/src/controller/install/controller', 'merge_install': False, 'path': '/home/alex/Desktop/xplore/NAV_workspace/nav_ws/src/controller', 'symlink_install': False, 'test_result_base': None}
[0.420s] INFO:colcon.colcon_core.executor:Executing jobs using 'parallel' executor
[0.425s] DEBUG:colcon.colcon_parallel_executor.executor.parallel:run_until_complete
[0.425s] INFO:colcon.colcon_ros.task.ament_python.build:Building ROS package in '/home/alex/Desktop/xplore/NAV_workspace/nav_ws/src/controller' with build type 'ament_python'
[0.425s] Level 1:colcon.colcon_core.shell:create_environment_hook('controller', 'ament_prefix_path')
[0.430s] INFO:colcon.colcon_core.plugin_system:Skipping extension 'colcon_core.shell.bat': Not used on non-Windows systems
[0.431s] INFO:colcon.colcon_core.shell:Creating environment hook '/home/alex/Desktop/xplore/NAV_workspace/nav_ws/src/controller/install/controller/share/controller/hook/ament_prefix_path.ps1'
[0.432s] INFO:colcon.colcon_core.shell:Creating environment descriptor '/home/alex/Desktop/xplore/NAV_workspace/nav_ws/src/controller/install/controller/share/controller/hook/ament_prefix_path.dsv'
[0.433s] INFO:colcon.colcon_core.shell:Creating environment hook '/home/alex/Desktop/xplore/NAV_workspace/nav_ws/src/controller/install/controller/share/controller/hook/ament_prefix_path.sh'
[0.435s] INFO:colcon.colcon_core.shell:Skip shell extension 'powershell' for command environment: Not usable outside of PowerShell
[0.435s] DEBUG:colcon.colcon_core.shell:Skip shell extension 'dsv' for command environment
[0.808s] INFO:colcon.colcon_core.task.python.build:Building Python package in '/home/alex/Desktop/xplore/NAV_workspace/nav_ws/src/controller'
[0.809s] INFO:colcon.colcon_core.shell:Skip shell extension 'powershell' for command environment: Not usable outside of PowerShell
[0.809s] DEBUG:colcon.colcon_core.shell:Skip shell extension 'dsv' for command environment
[1.398s] DEBUG:colcon.colcon_core.event_handler.log_command:Invoking command in '/home/alex/Desktop/xplore/NAV_workspace/nav_ws/src/controller': PYTHONPATH=/home/alex/Desktop/xplore/NAV_workspace/nav_ws/src/controller/build/controller/prefix_override:/home/alex/Desktop/xplore/NAV_workspace/nav_ws/src/controller/install/controller/lib/python3.8/site-packages:${PYTHONPATH} /usr/bin/python3 setup.py egg_info --egg-base build/controller build --build-base /home/alex/Desktop/xplore/NAV_workspace/nav_ws/src/controller/build/controller/build install --record /home/alex/Desktop/xplore/NAV_workspace/nav_ws/src/controller/build/controller/install.log --install-scripts $base/lib/controller --single-version-externally-managed
[1.721s] DEBUG:colcon.colcon_core.event_handler.log_command:Invoked command in '/home/alex/Desktop/xplore/NAV_workspace/nav_ws/src/controller' returned '0': PYTHONPATH=/home/alex/Desktop/xplore/NAV_workspace/nav_ws/src/controller/build/controller/prefix_override:/home/alex/Desktop/xplore/NAV_workspace/nav_ws/src/controller/install/controller/lib/python3.8/site-packages:${PYTHONPATH} /usr/bin/python3 setup.py egg_info --egg-base build/controller build --build-base /home/alex/Desktop/xplore/NAV_workspace/nav_ws/src/controller/build/controller/build install --record /home/alex/Desktop/xplore/NAV_workspace/nav_ws/src/controller/build/controller/install.log --install-scripts $base/lib/controller --single-version-externally-managed
[1.731s] Level 1:colcon.colcon_core.environment:checking '/home/alex/Desktop/xplore/NAV_workspace/nav_ws/src/controller/install/controller' for CMake module files
[1.732s] Level 1:colcon.colcon_core.environment:checking '/home/alex/Desktop/xplore/NAV_workspace/nav_ws/src/controller/install/controller' for CMake config files
[1.732s] Level 1:colcon.colcon_core.environment:checking '/home/alex/Desktop/xplore/NAV_workspace/nav_ws/src/controller/install/controller/lib'
[1.733s] Level 1:colcon.colcon_core.environment:checking '/home/alex/Desktop/xplore/NAV_workspace/nav_ws/src/controller/install/controller/bin'
[1.733s] Level 1:colcon.colcon_core.environment:checking '/home/alex/Desktop/xplore/NAV_workspace/nav_ws/src/controller/install/controller/lib/pkgconfig/controller.pc'
[1.733s] Level 1:colcon.colcon_core.environment:checking '/home/alex/Desktop/xplore/NAV_workspace/nav_ws/src/controller/install/controller/lib/python3.8/site-packages'
[1.733s] Level 1:colcon.colcon_core.shell:create_environment_hook('controller', 'pythonpath')
[1.734s] INFO:colcon.colcon_core.shell:Creating environment hook '/home/alex/Desktop/xplore/NAV_workspace/nav_ws/src/controller/install/controller/share/controller/hook/pythonpath.ps1'
[1.738s] INFO:colcon.colcon_core.shell:Creating environment descriptor '/home/alex/Desktop/xplore/NAV_workspace/nav_ws/src/controller/install/controller/share/controller/hook/pythonpath.dsv'
[1.739s] INFO:colcon.colcon_core.shell:Creating environment hook '/home/alex/Desktop/xplore/NAV_workspace/nav_ws/src/controller/install/controller/share/controller/hook/pythonpath.sh'
[1.740s] Level 1:colcon.colcon_core.environment:checking '/home/alex/Desktop/xplore/NAV_workspace/nav_ws/src/controller/install/controller/bin'
[1.740s] Level 1:colcon.colcon_core.environment:create_environment_scripts_only(controller)
[1.742s] INFO:colcon.colcon_core.shell:Creating package script '/home/alex/Desktop/xplore/NAV_workspace/nav_ws/src/controller/install/controller/share/controller/package.ps1'
[1.743s] INFO:colcon.colcon_core.shell:Creating package descriptor '/home/alex/Desktop/xplore/NAV_workspace/nav_ws/src/controller/install/controller/share/controller/package.dsv'
[1.744s] INFO:colcon.colcon_core.shell:Creating package script '/home/alex/Desktop/xplore/NAV_workspace/nav_ws/src/controller/install/controller/share/controller/package.sh'
[1.745s] INFO:colcon.colcon_core.shell:Creating package script '/home/alex/Desktop/xplore/NAV_workspace/nav_ws/src/controller/install/controller/share/controller/package.bash'
[1.746s] INFO:colcon.colcon_core.shell:Creating package script '/home/alex/Desktop/xplore/NAV_workspace/nav_ws/src/controller/install/controller/share/controller/package.zsh'
[1.746s] Level 1:colcon.colcon_core.environment:create_file_with_runtime_dependencies(/home/alex/Desktop/xplore/NAV_workspace/nav_ws/src/controller/install/controller/share/colcon-core/packages/controller)
[1.747s] DEBUG:colcon.colcon_parallel_executor.executor.parallel:closing loop
[1.748s] DEBUG:colcon.colcon_parallel_executor.executor.parallel:loop closed
[1.748s] DEBUG:colcon.colcon_parallel_executor.executor.parallel:run_until_complete finished with '0'
[1.748s] DEBUG:colcon.colcon_core.event_reactor:joining thread
[1.754s] INFO:colcon.colcon_core.plugin_system:Skipping extension 'colcon_notification.desktop_notification.terminal_notifier': Not used on non-Darwin systems
[1.755s] INFO:colcon.colcon_core.plugin_system:Skipping extension 'colcon_notification.desktop_notification.win32': Not used on non-Windows systems
[1.763s] INFO:colcon.colcon_notification.desktop_notification:Sending desktop notification using 'notify2'
[1.781s] DEBUG:colcon.colcon_core.event_reactor:joined thread
[1.782s] INFO:colcon.colcon_core.shell:Creating prefix script '/home/alex/Desktop/xplore/NAV_workspace/nav_ws/src/controller/install/local_setup.ps1'
[1.783s] INFO:colcon.colcon_core.shell:Creating prefix util module '/home/alex/Desktop/xplore/NAV_workspace/nav_ws/src/controller/install/_local_setup_util_ps1.py'
[1.784s] INFO:colcon.colcon_core.shell:Creating prefix chain script '/home/alex/Desktop/xplore/NAV_workspace/nav_ws/src/controller/install/setup.ps1'
[1.794s] INFO:colcon.colcon_core.shell:Creating prefix script '/home/alex/Desktop/xplore/NAV_workspace/nav_ws/src/controller/install/local_setup.sh'
[1.798s] INFO:colcon.colcon_core.shell:Creating prefix util module '/home/alex/Desktop/xplore/NAV_workspace/nav_ws/src/controller/install/_local_setup_util_sh.py'
[1.799s] INFO:colcon.colcon_core.shell:Creating prefix chain script '/home/alex/Desktop/xplore/NAV_workspace/nav_ws/src/controller/install/setup.sh'
[1.807s] INFO:colcon.colcon_core.shell:Creating prefix script '/home/alex/Desktop/xplore/NAV_workspace/nav_ws/src/controller/install/local_setup.bash'
[1.811s] INFO:colcon.colcon_core.shell:Creating prefix chain script '/home/alex/Desktop/xplore/NAV_workspace/nav_ws/src/controller/install/setup.bash'
[1.813s] INFO:colcon.colcon_core.shell:Creating prefix script '/home/alex/Desktop/xplore/NAV_workspace/nav_ws/src/controller/install/local_setup.zsh'
[1.813s] INFO:colcon.colcon_core.shell:Creating prefix chain script '/home/alex/Desktop/xplore/NAV_workspace/nav_ws/src/controller/install/setup.zsh'
