[0.063s] Invoking command in '/home/hd/Desktop/Motor_Control/motor_controls.ws/build/motor_control_interfaces': CMAKE_PREFIX_PATH=${CMAKE_PREFIX_PATH}:/opt/ros/foxy:/home/hd/ros2_foxy/install/ros2bag:/home/hd/ros2_foxy/install/tracetools_launch:/home/hd/ros2_foxy/install/topic_monitor:/home/hd/ros2_foxy/install/examples_tf2_py:/home/hd/ros2_foxy/install/sros2:/home/hd/ros2_foxy/install/rqt_topic:/home/hd/ros2_foxy/install/rqt_top:/home/hd/ros2_foxy/install/rqt_srv:/home/hd/ros2_foxy/install/rqt_shell:/home/hd/ros2_foxy/install/rqt_service_caller:/home/hd/ros2_foxy/install/rqt_reconfigure:/home/hd/ros2_foxy/install/rqt_py_console:/home/hd/ros2_foxy/install/rqt_publisher:/home/hd/ros2_foxy/install/rqt_plot:/home/hd/ros2_foxy/install/rqt_action:/home/hd/ros2_foxy/install/rqt_msg:/home/hd/ros2_foxy/install/rqt_console:/home/hd/ros2_foxy/install/rqt:/home/hd/ros2_foxy/install/rqt_graph:/home/hd/ros2_foxy/install/rqt_gui_py:/home/hd/ros2_foxy/install/rqt_gui:/home/hd/ros2_foxy/install/ros2trace:/home/hd/ros2_foxy/install/ros2topic:/home/hd/ros2_foxy/install/ros2test:/home/hd/ros2_foxy/install/ros2component:/home/hd/ros2_foxy/install/ros2param:/home/hd/ros2_foxy/install/ros2lifecycle:/home/hd/ros2_foxy/install/ros2service:/home/hd/ros2_foxy/install/ros2run:/home/hd/ros2_foxy/install/ros2launch:/home/hd/ros2_foxy/install/ros2pkg:/home/hd/ros2_foxy/install/ros2node:/home/hd/ros2_foxy/install/ros2multicast:/home/hd/ros2_foxy/install/ros2interface:/home/hd/ros2_foxy/install/ros2doctor:/home/hd/ros2_foxy/install/ros2action:/home/hd/ros2_foxy/install/ros2cli:/home/hd/ros2_foxy/install/quality_of_service_demo_py:/home/hd/ros2_foxy/install/launch_testing_ros:/home/hd/ros2_foxy/install/launch_ros:/home/hd/ros2_foxy/install/joystick_ros2:/home/hd/ros2_foxy/install/examples_rclpy_minimal_subscriber:/home/hd/ros2_foxy/install/examples_rclpy_minimal_service:/home/hd/ros2_foxy/install/examples_rclpy_minimal_publisher:/home/hd/ros2_foxy/install/examples_rclpy_minimal_client:/home/hd/ros2_foxy/install/examples_rclpy_minimal_action_server:/home/hd/ros2_foxy/install/examples_rclpy_minimal_action_client:/home/hd/ros2_foxy/install/examples_rclpy_executors:/home/hd/ros2_foxy/install/demo_nodes_py:/home/hd/ros2_foxy/install/action_tutorials_py:/home/hd/ros2_foxy/install/ament_uncrustify:/home/hd/ros2_foxy/install/tracetools_trace:/home/hd/ros2_foxy/install/tracetools_read:/home/hd/ros2_foxy/install/test_launch_ros:/home/hd/ros2_foxy/install/sensor_msgs_py:/home/hd/ros2_foxy/install/rpyutils:/home/hd/ros2_foxy/install/rosidl_runtime_py:/home/hd/ros2_foxy/install/launch_yaml:/home/hd/ros2_foxy/install/launch_xml:/home/hd/ros2_foxy/install/launch_testing:/home/hd/ros2_foxy/install/launch:/home/hd/ros2_foxy/install/osrf_pycommon:/home/hd/ros2_foxy/install/domain_coordinator:/home/hd/ros2_foxy/install/ament_xmllint:/home/hd/ros2_foxy/install/ament_pyflakes:/home/hd/ros2_foxy/install/ament_pycodestyle:/home/hd/ros2_foxy/install/ament_pep257:/home/hd/ros2_foxy/install/ament_pclint:/home/hd/ros2_foxy/install/ament_package:/home/hd/ros2_foxy/install/ament_mypy:/home/hd/ros2_foxy/install/ament_lint_cmake:/home/hd/ros2_foxy/install/ament_flake8:/home/hd/ros2_foxy/install/ament_copyright:/home/hd/ros2_foxy/install/ament_lint:/home/hd/ros2_foxy/install/ament_index_python:/home/hd/ros2_foxy/install/ament_cpplint:/home/hd/ros2_foxy/install/ament_cppcheck:/home/hd/ros2_foxy/install/ament_clang_tidy:/home/hd/ros2_foxy/install/ament_clang_format /usr/bin/cmake --build /home/hd/Desktop/Motor_Control/motor_controls.ws/build/motor_control_interfaces -- -j2 -l2
[0.202s] [ 10%] Built target motor_control_interfaces__rosidl_generator_c
[0.203s] [ 12%] Built target motor_control_interfaces__cpp
[0.255s] [ 23%] Built target motor_control_interfaces__rosidl_typesupport_introspection_cpp
[0.261s] [ 33%] Built target motor_control_interfaces__rosidl_typesupport_fastrtps_cpp
[0.309s] [ 43%] Built target motor_control_interfaces__rosidl_typesupport_cpp
[0.337s] [ 53%] Built target motor_control_interfaces__rosidl_typesupport_c
[0.367s] [ 64%] Built target motor_control_interfaces__rosidl_typesupport_introspection_c
[0.393s] [ 74%] Built target motor_control_interfaces__rosidl_typesupport_fastrtps_c
[0.445s] [ 74%] Built target motor_control_interfaces
[0.497s] [ 76%] Built target motor_control_interfaces__py
[0.553s] [ 84%] Built target motor_control_interfaces__python
[0.611s] [ 89%] Built target motor_control_interfaces__rosidl_typesupport_introspection_c__pyext
[0.613s] [ 94%] Built target motor_control_interfaces__rosidl_typesupport_c__pyext
[0.676s] [100%] Built target motor_control_interfaces__rosidl_typesupport_fastrtps_c__pyext
[0.706s] Invoked command in '/home/hd/Desktop/Motor_Control/motor_controls.ws/build/motor_control_interfaces' returned '0': CMAKE_PREFIX_PATH=${CMAKE_PREFIX_PATH}:/opt/ros/foxy:/home/hd/ros2_foxy/install/ros2bag:/home/hd/ros2_foxy/install/tracetools_launch:/home/hd/ros2_foxy/install/topic_monitor:/home/hd/ros2_foxy/install/examples_tf2_py:/home/hd/ros2_foxy/install/sros2:/home/hd/ros2_foxy/install/rqt_topic:/home/hd/ros2_foxy/install/rqt_top:/home/hd/ros2_foxy/install/rqt_srv:/home/hd/ros2_foxy/install/rqt_shell:/home/hd/ros2_foxy/install/rqt_service_caller:/home/hd/ros2_foxy/install/rqt_reconfigure:/home/hd/ros2_foxy/install/rqt_py_console:/home/hd/ros2_foxy/install/rqt_publisher:/home/hd/ros2_foxy/install/rqt_plot:/home/hd/ros2_foxy/install/rqt_action:/home/hd/ros2_foxy/install/rqt_msg:/home/hd/ros2_foxy/install/rqt_console:/home/hd/ros2_foxy/install/rqt:/home/hd/ros2_foxy/install/rqt_graph:/home/hd/ros2_foxy/install/rqt_gui_py:/home/hd/ros2_foxy/install/rqt_gui:/home/hd/ros2_foxy/install/ros2trace:/home/hd/ros2_foxy/install/ros2topic:/home/hd/ros2_foxy/install/ros2test:/home/hd/ros2_foxy/install/ros2component:/home/hd/ros2_foxy/install/ros2param:/home/hd/ros2_foxy/install/ros2lifecycle:/home/hd/ros2_foxy/install/ros2service:/home/hd/ros2_foxy/install/ros2run:/home/hd/ros2_foxy/install/ros2launch:/home/hd/ros2_foxy/install/ros2pkg:/home/hd/ros2_foxy/install/ros2node:/home/hd/ros2_foxy/install/ros2multicast:/home/hd/ros2_foxy/install/ros2interface:/home/hd/ros2_foxy/install/ros2doctor:/home/hd/ros2_foxy/install/ros2action:/home/hd/ros2_foxy/install/ros2cli:/home/hd/ros2_foxy/install/quality_of_service_demo_py:/home/hd/ros2_foxy/install/launch_testing_ros:/home/hd/ros2_foxy/install/launch_ros:/home/hd/ros2_foxy/install/joystick_ros2:/home/hd/ros2_foxy/install/examples_rclpy_minimal_subscriber:/home/hd/ros2_foxy/install/examples_rclpy_minimal_service:/home/hd/ros2_foxy/install/examples_rclpy_minimal_publisher:/home/hd/ros2_foxy/install/examples_rclpy_minimal_client:/home/hd/ros2_foxy/install/examples_rclpy_minimal_action_server:/home/hd/ros2_foxy/install/examples_rclpy_minimal_action_client:/home/hd/ros2_foxy/install/examples_rclpy_executors:/home/hd/ros2_foxy/install/demo_nodes_py:/home/hd/ros2_foxy/install/action_tutorials_py:/home/hd/ros2_foxy/install/ament_uncrustify:/home/hd/ros2_foxy/install/tracetools_trace:/home/hd/ros2_foxy/install/tracetools_read:/home/hd/ros2_foxy/install/test_launch_ros:/home/hd/ros2_foxy/install/sensor_msgs_py:/home/hd/ros2_foxy/install/rpyutils:/home/hd/ros2_foxy/install/rosidl_runtime_py:/home/hd/ros2_foxy/install/launch_yaml:/home/hd/ros2_foxy/install/launch_xml:/home/hd/ros2_foxy/install/launch_testing:/home/hd/ros2_foxy/install/launch:/home/hd/ros2_foxy/install/osrf_pycommon:/home/hd/ros2_foxy/install/domain_coordinator:/home/hd/ros2_foxy/install/ament_xmllint:/home/hd/ros2_foxy/install/ament_pyflakes:/home/hd/ros2_foxy/install/ament_pycodestyle:/home/hd/ros2_foxy/install/ament_pep257:/home/hd/ros2_foxy/install/ament_pclint:/home/hd/ros2_foxy/install/ament_package:/home/hd/ros2_foxy/install/ament_mypy:/home/hd/ros2_foxy/install/ament_lint_cmake:/home/hd/ros2_foxy/install/ament_flake8:/home/hd/ros2_foxy/install/ament_copyright:/home/hd/ros2_foxy/install/ament_lint:/home/hd/ros2_foxy/install/ament_index_python:/home/hd/ros2_foxy/install/ament_cpplint:/home/hd/ros2_foxy/install/ament_cppcheck:/home/hd/ros2_foxy/install/ament_clang_tidy:/home/hd/ros2_foxy/install/ament_clang_format /usr/bin/cmake --build /home/hd/Desktop/Motor_Control/motor_controls.ws/build/motor_control_interfaces -- -j2 -l2
[0.980s] Invoking command in '/home/hd/Desktop/Motor_Control/motor_controls.ws/build/motor_control_interfaces': CMAKE_PREFIX_PATH=${CMAKE_PREFIX_PATH}:/opt/ros/foxy:/home/hd/ros2_foxy/install/ros2bag:/home/hd/ros2_foxy/install/tracetools_launch:/home/hd/ros2_foxy/install/topic_monitor:/home/hd/ros2_foxy/install/examples_tf2_py:/home/hd/ros2_foxy/install/sros2:/home/hd/ros2_foxy/install/rqt_topic:/home/hd/ros2_foxy/install/rqt_top:/home/hd/ros2_foxy/install/rqt_srv:/home/hd/ros2_foxy/install/rqt_shell:/home/hd/ros2_foxy/install/rqt_service_caller:/home/hd/ros2_foxy/install/rqt_reconfigure:/home/hd/ros2_foxy/install/rqt_py_console:/home/hd/ros2_foxy/install/rqt_publisher:/home/hd/ros2_foxy/install/rqt_plot:/home/hd/ros2_foxy/install/rqt_action:/home/hd/ros2_foxy/install/rqt_msg:/home/hd/ros2_foxy/install/rqt_console:/home/hd/ros2_foxy/install/rqt:/home/hd/ros2_foxy/install/rqt_graph:/home/hd/ros2_foxy/install/rqt_gui_py:/home/hd/ros2_foxy/install/rqt_gui:/home/hd/ros2_foxy/install/ros2trace:/home/hd/ros2_foxy/install/ros2topic:/home/hd/ros2_foxy/install/ros2test:/home/hd/ros2_foxy/install/ros2component:/home/hd/ros2_foxy/install/ros2param:/home/hd/ros2_foxy/install/ros2lifecycle:/home/hd/ros2_foxy/install/ros2service:/home/hd/ros2_foxy/install/ros2run:/home/hd/ros2_foxy/install/ros2launch:/home/hd/ros2_foxy/install/ros2pkg:/home/hd/ros2_foxy/install/ros2node:/home/hd/ros2_foxy/install/ros2multicast:/home/hd/ros2_foxy/install/ros2interface:/home/hd/ros2_foxy/install/ros2doctor:/home/hd/ros2_foxy/install/ros2action:/home/hd/ros2_foxy/install/ros2cli:/home/hd/ros2_foxy/install/quality_of_service_demo_py:/home/hd/ros2_foxy/install/launch_testing_ros:/home/hd/ros2_foxy/install/launch_ros:/home/hd/ros2_foxy/install/joystick_ros2:/home/hd/ros2_foxy/install/examples_rclpy_minimal_subscriber:/home/hd/ros2_foxy/install/examples_rclpy_minimal_service:/home/hd/ros2_foxy/install/examples_rclpy_minimal_publisher:/home/hd/ros2_foxy/install/examples_rclpy_minimal_client:/home/hd/ros2_foxy/install/examples_rclpy_minimal_action_server:/home/hd/ros2_foxy/install/examples_rclpy_minimal_action_client:/home/hd/ros2_foxy/install/examples_rclpy_executors:/home/hd/ros2_foxy/install/demo_nodes_py:/home/hd/ros2_foxy/install/action_tutorials_py:/home/hd/ros2_foxy/install/ament_uncrustify:/home/hd/ros2_foxy/install/tracetools_trace:/home/hd/ros2_foxy/install/tracetools_read:/home/hd/ros2_foxy/install/test_launch_ros:/home/hd/ros2_foxy/install/sensor_msgs_py:/home/hd/ros2_foxy/install/rpyutils:/home/hd/ros2_foxy/install/rosidl_runtime_py:/home/hd/ros2_foxy/install/launch_yaml:/home/hd/ros2_foxy/install/launch_xml:/home/hd/ros2_foxy/install/launch_testing:/home/hd/ros2_foxy/install/launch:/home/hd/ros2_foxy/install/osrf_pycommon:/home/hd/ros2_foxy/install/domain_coordinator:/home/hd/ros2_foxy/install/ament_xmllint:/home/hd/ros2_foxy/install/ament_pyflakes:/home/hd/ros2_foxy/install/ament_pycodestyle:/home/hd/ros2_foxy/install/ament_pep257:/home/hd/ros2_foxy/install/ament_pclint:/home/hd/ros2_foxy/install/ament_package:/home/hd/ros2_foxy/install/ament_mypy:/home/hd/ros2_foxy/install/ament_lint_cmake:/home/hd/ros2_foxy/install/ament_flake8:/home/hd/ros2_foxy/install/ament_copyright:/home/hd/ros2_foxy/install/ament_lint:/home/hd/ros2_foxy/install/ament_index_python:/home/hd/ros2_foxy/install/ament_cpplint:/home/hd/ros2_foxy/install/ament_cppcheck:/home/hd/ros2_foxy/install/ament_clang_tidy:/home/hd/ros2_foxy/install/ament_clang_format /usr/bin/cmake --install /home/hd/Desktop/Motor_Control/motor_controls.ws/build/motor_control_interfaces
[1.001s] -- Install configuration: ""
[1.002s] -- Up-to-date: /home/hd/Desktop/Motor_Control/motor_controls.ws/install/motor_control_interfaces/share/ament_index/resource_index/rosidl_interfaces/motor_control_interfaces
[1.002s] -- Up-to-date: /home/hd/Desktop/Motor_Control/motor_controls.ws/install/motor_control_interfaces/include/motor_control_interfaces
[1.004s] -- Up-to-date: /home/hd/Desktop/Motor_Control/motor_controls.ws/install/motor_control_interfaces/include/motor_control_interfaces/msg
[1.004s] -- Up-to-date: /home/hd/Desktop/Motor_Control/motor_controls.ws/install/motor_control_interfaces/include/motor_control_interfaces/msg/motor_command.h
[1.004s] -- Up-to-date: /home/hd/Desktop/Motor_Control/motor_controls.ws/install/motor_control_interfaces/include/motor_control_interfaces/msg/motor_data.h
[1.004s] -- Up-to-date: /home/hd/Desktop/Motor_Control/motor_controls.ws/install/motor_control_interfaces/include/motor_control_interfaces/msg/detail
[1.004s] -- Up-to-date: /home/hd/Desktop/Motor_Control/motor_controls.ws/install/motor_control_interfaces/include/motor_control_interfaces/msg/detail/motor_data__struct.h
[1.005s] -- Up-to-date: /home/hd/Desktop/Motor_Control/motor_controls.ws/install/motor_control_interfaces/include/motor_control_interfaces/msg/detail/motor_command__type_support.h
[1.005s] -- Up-to-date: /home/hd/Desktop/Motor_Control/motor_controls.ws/install/motor_control_interfaces/include/motor_control_interfaces/msg/detail/motor_command__struct.h
[1.005s] -- Up-to-date: /home/hd/Desktop/Motor_Control/motor_controls.ws/install/motor_control_interfaces/include/motor_control_interfaces/msg/detail/motor_command__functions.c
[1.005s] -- Up-to-date: /home/hd/Desktop/Motor_Control/motor_controls.ws/install/motor_control_interfaces/include/motor_control_interfaces/msg/detail/motor_data__functions.h
[1.006s] -- Up-to-date: /home/hd/Desktop/Motor_Control/motor_controls.ws/install/motor_control_interfaces/include/motor_control_interfaces/msg/detail/motor_data__functions.c
[1.006s] -- Up-to-date: /home/hd/Desktop/Motor_Control/motor_controls.ws/install/motor_control_interfaces/include/motor_control_interfaces/msg/detail/motor_command__functions.h
[1.007s] -- Up-to-date: /home/hd/Desktop/Motor_Control/motor_controls.ws/install/motor_control_interfaces/include/motor_control_interfaces/msg/detail/motor_data__type_support.h
[1.007s] -- Up-to-date: /home/hd/Desktop/Motor_Control/motor_controls.ws/install/motor_control_interfaces/include/motor_control_interfaces/msg/rosidl_generator_c__visibility_control.h
[1.007s] -- Up-to-date: /home/hd/Desktop/Motor_Control/motor_controls.ws/install/motor_control_interfaces/share/motor_control_interfaces/environment/library_path.sh
[1.007s] -- Up-to-date: /home/hd/Desktop/Motor_Control/motor_controls.ws/install/motor_control_interfaces/share/motor_control_interfaces/environment/library_path.dsv
[1.008s] -- Up-to-date: /home/hd/Desktop/Motor_Control/motor_controls.ws/install/motor_control_interfaces/lib/libmotor_control_interfaces__rosidl_generator_c.so
[1.008s] -- Up-to-date: /home/hd/Desktop/Motor_Control/motor_controls.ws/install/motor_control_interfaces/include/motor_control_interfaces
[1.008s] -- Up-to-date: /home/hd/Desktop/Motor_Control/motor_controls.ws/install/motor_control_interfaces/include/motor_control_interfaces/msg
[1.008s] -- Up-to-date: /home/hd/Desktop/Motor_Control/motor_controls.ws/install/motor_control_interfaces/include/motor_control_interfaces/msg/detail
[1.008s] -- Up-to-date: /home/hd/Desktop/Motor_Control/motor_controls.ws/install/motor_control_interfaces/include/motor_control_interfaces/msg/detail/motor_data__rosidl_typesupport_fastrtps_c.h
[1.008s] -- Up-to-date: /home/hd/Desktop/Motor_Control/motor_controls.ws/install/motor_control_interfaces/include/motor_control_interfaces/msg/detail/motor_command__rosidl_typesupport_fastrtps_c.h
[1.008s] -- Up-to-date: /home/hd/Desktop/Motor_Control/motor_controls.ws/install/motor_control_interfaces/include/motor_control_interfaces/msg/rosidl_typesupport_fastrtps_c__visibility_control.h
[1.008s] -- Up-to-date: /home/hd/Desktop/Motor_Control/motor_controls.ws/install/motor_control_interfaces/lib/libmotor_control_interfaces__rosidl_typesupport_fastrtps_c.so
[1.008s] -- Up-to-date: /home/hd/Desktop/Motor_Control/motor_controls.ws/install/motor_control_interfaces/include/motor_control_interfaces
[1.008s] -- Up-to-date: /home/hd/Desktop/Motor_Control/motor_controls.ws/install/motor_control_interfaces/include/motor_control_interfaces/msg
[1.009s] -- Up-to-date: /home/hd/Desktop/Motor_Control/motor_controls.ws/install/motor_control_interfaces/include/motor_control_interfaces/msg/rosidl_typesupport_fastrtps_cpp__visibility_control.h
[1.009s] -- Up-to-date: /home/hd/Desktop/Motor_Control/motor_controls.ws/install/motor_control_interfaces/include/motor_control_interfaces/msg/detail
[1.009s] -- Up-to-date: /home/hd/Desktop/Motor_Control/motor_controls.ws/install/motor_control_interfaces/include/motor_control_interfaces/msg/detail/motor_command__rosidl_typesupport_fastrtps_cpp.hpp
[1.009s] -- Up-to-date: /home/hd/Desktop/Motor_Control/motor_controls.ws/install/motor_control_interfaces/include/motor_control_interfaces/msg/detail/dds_fastrtps
[1.009s] -- Up-to-date: /home/hd/Desktop/Motor_Control/motor_controls.ws/install/motor_control_interfaces/include/motor_control_interfaces/msg/detail/motor_data__rosidl_typesupport_fastrtps_cpp.hpp
[1.010s] -- Up-to-date: /home/hd/Desktop/Motor_Control/motor_controls.ws/install/motor_control_interfaces/lib/libmotor_control_interfaces__rosidl_typesupport_fastrtps_cpp.so
[1.010s] -- Up-to-date: /home/hd/Desktop/Motor_Control/motor_controls.ws/install/motor_control_interfaces/include/motor_control_interfaces
[1.010s] -- Up-to-date: /home/hd/Desktop/Motor_Control/motor_controls.ws/install/motor_control_interfaces/include/motor_control_interfaces/msg
[1.011s] -- Up-to-date: /home/hd/Desktop/Motor_Control/motor_controls.ws/install/motor_control_interfaces/include/motor_control_interfaces/msg/detail
[1.011s] -- Up-to-date: /home/hd/Desktop/Motor_Control/motor_controls.ws/install/motor_control_interfaces/include/motor_control_interfaces/msg/detail/motor_command__rosidl_typesupport_introspection_c.h
[1.011s] -- Up-to-date: /home/hd/Desktop/Motor_Control/motor_controls.ws/install/motor_control_interfaces/include/motor_control_interfaces/msg/detail/motor_data__type_support.c
[1.012s] -- Up-to-date: /home/hd/Desktop/Motor_Control/motor_controls.ws/install/motor_control_interfaces/include/motor_control_interfaces/msg/detail/motor_command__type_support.c
[1.012s] -- Up-to-date: /home/hd/Desktop/Motor_Control/motor_controls.ws/install/motor_control_interfaces/include/motor_control_interfaces/msg/detail/motor_data__rosidl_typesupport_introspection_c.h
[1.013s] -- Up-to-date: /home/hd/Desktop/Motor_Control/motor_controls.ws/install/motor_control_interfaces/include/motor_control_interfaces/msg/rosidl_typesupport_introspection_c__visibility_control.h
[1.014s] -- Up-to-date: /home/hd/Desktop/Motor_Control/motor_controls.ws/install/motor_control_interfaces/lib/libmotor_control_interfaces__rosidl_typesupport_introspection_c.so
[1.014s] -- Up-to-date: /home/hd/Desktop/Motor_Control/motor_controls.ws/install/motor_control_interfaces/lib/libmotor_control_interfaces__rosidl_typesupport_c.so
[1.015s] -- Up-to-date: /home/hd/Desktop/Motor_Control/motor_controls.ws/install/motor_control_interfaces/include/motor_control_interfaces
[1.015s] -- Up-to-date: /home/hd/Desktop/Motor_Control/motor_controls.ws/install/motor_control_interfaces/include/motor_control_interfaces/msg
[1.015s] -- Up-to-date: /home/hd/Desktop/Motor_Control/motor_controls.ws/install/motor_control_interfaces/include/motor_control_interfaces/msg/motor_command.hpp
[1.015s] -- Up-to-date: /home/hd/Desktop/Motor_Control/motor_controls.ws/install/motor_control_interfaces/include/motor_control_interfaces/msg/detail
[1.015s] -- Up-to-date: /home/hd/Desktop/Motor_Control/motor_controls.ws/install/motor_control_interfaces/include/motor_control_interfaces/msg/detail/motor_data__builder.hpp
[1.015s] -- Up-to-date: /home/hd/Desktop/Motor_Control/motor_controls.ws/install/motor_control_interfaces/include/motor_control_interfaces/msg/detail/motor_command__builder.hpp
[1.016s] -- Up-to-date: /home/hd/Desktop/Motor_Control/motor_controls.ws/install/motor_control_interfaces/include/motor_control_interfaces/msg/detail/motor_data__struct.hpp
[1.016s] -- Up-to-date: /home/hd/Desktop/Motor_Control/motor_controls.ws/install/motor_control_interfaces/include/motor_control_interfaces/msg/detail/motor_data__traits.hpp
[1.016s] -- Up-to-date: /home/hd/Desktop/Motor_Control/motor_controls.ws/install/motor_control_interfaces/include/motor_control_interfaces/msg/detail/motor_command__struct.hpp
[1.017s] -- Up-to-date: /home/hd/Desktop/Motor_Control/motor_controls.ws/install/motor_control_interfaces/include/motor_control_interfaces/msg/detail/motor_command__traits.hpp
[1.017s] -- Up-to-date: /home/hd/Desktop/Motor_Control/motor_controls.ws/install/motor_control_interfaces/include/motor_control_interfaces/msg/motor_data.hpp
[1.017s] -- Up-to-date: /home/hd/Desktop/Motor_Control/motor_controls.ws/install/motor_control_interfaces/include/motor_control_interfaces
[1.017s] -- Up-to-date: /home/hd/Desktop/Motor_Control/motor_controls.ws/install/motor_control_interfaces/include/motor_control_interfaces/msg
[1.017s] -- Up-to-date: /home/hd/Desktop/Motor_Control/motor_controls.ws/install/motor_control_interfaces/include/motor_control_interfaces/msg/detail
[1.018s] -- Up-to-date: /home/hd/Desktop/Motor_Control/motor_controls.ws/install/motor_control_interfaces/include/motor_control_interfaces/msg/detail/motor_data__rosidl_typesupport_introspection_cpp.hpp
[1.018s] -- Up-to-date: /home/hd/Desktop/Motor_Control/motor_controls.ws/install/motor_control_interfaces/include/motor_control_interfaces/msg/detail/motor_command__rosidl_typesupport_introspection_cpp.hpp
[1.018s] -- Up-to-date: /home/hd/Desktop/Motor_Control/motor_controls.ws/install/motor_control_interfaces/include/motor_control_interfaces/msg/detail/motor_command__type_support.cpp
[1.018s] -- Up-to-date: /home/hd/Desktop/Motor_Control/motor_controls.ws/install/motor_control_interfaces/include/motor_control_interfaces/msg/detail/motor_data__type_support.cpp
[1.018s] -- Up-to-date: /home/hd/Desktop/Motor_Control/motor_controls.ws/install/motor_control_interfaces/lib/libmotor_control_interfaces__rosidl_typesupport_introspection_cpp.so
[1.018s] -- Up-to-date: /home/hd/Desktop/Motor_Control/motor_controls.ws/install/motor_control_interfaces/lib/libmotor_control_interfaces__rosidl_typesupport_cpp.so
[1.018s] -- Up-to-date: /home/hd/Desktop/Motor_Control/motor_controls.ws/install/motor_control_interfaces/share/motor_control_interfaces/environment/pythonpath.sh
[1.018s] -- Up-to-date: /home/hd/Desktop/Motor_Control/motor_controls.ws/install/motor_control_interfaces/share/motor_control_interfaces/environment/pythonpath.dsv
[1.018s] -- Up-to-date: /home/hd/Desktop/Motor_Control/motor_controls.ws/install/motor_control_interfaces/lib/python3.8/site-packages/motor_control_interfaces/__init__.py
[1.339s] -- Up-to-date: /home/hd/Desktop/Motor_Control/motor_controls.ws/install/motor_control_interfaces/lib/python3.8/site-packages/motor_control_interfaces/msg
[1.340s] -- Up-to-date: /home/hd/Desktop/Motor_Control/motor_controls.ws/install/motor_control_interfaces/lib/python3.8/site-packages/motor_control_interfaces/msg/__init__.py
[1.340s] -- Up-to-date: /home/hd/Desktop/Motor_Control/motor_controls.ws/install/motor_control_interfaces/lib/python3.8/site-packages/motor_control_interfaces/msg/_motor_data_s.c
[1.340s] -- Up-to-date: /home/hd/Desktop/Motor_Control/motor_controls.ws/install/motor_control_interfaces/lib/python3.8/site-packages/motor_control_interfaces/msg/_motor_command_s.c
[1.340s] -- Up-to-date: /home/hd/Desktop/Motor_Control/motor_controls.ws/install/motor_control_interfaces/lib/python3.8/site-packages/motor_control_interfaces/msg/_motor_data.py
[1.340s] -- Up-to-date: /home/hd/Desktop/Motor_Control/motor_controls.ws/install/motor_control_interfaces/lib/python3.8/site-packages/motor_control_interfaces/msg/_motor_command.py
[1.340s] -- Up-to-date: /home/hd/Desktop/Motor_Control/motor_controls.ws/install/motor_control_interfaces/lib/python3.8/site-packages/motor_control_interfaces/motor_control_interfaces_s__rosidl_typesupport_fastrtps_c.cpython-38-x86_64-linux-gnu.so
[1.341s] -- Up-to-date: /home/hd/Desktop/Motor_Control/motor_controls.ws/install/motor_control_interfaces/lib/python3.8/site-packages/motor_control_interfaces/motor_control_interfaces_s__rosidl_typesupport_introspection_c.cpython-38-x86_64-linux-gnu.so
[1.341s] -- Up-to-date: /home/hd/Desktop/Motor_Control/motor_controls.ws/install/motor_control_interfaces/lib/python3.8/site-packages/motor_control_interfaces/motor_control_interfaces_s__rosidl_typesupport_c.cpython-38-x86_64-linux-gnu.so
[1.342s] -- Up-to-date: /home/hd/Desktop/Motor_Control/motor_controls.ws/install/motor_control_interfaces/lib/libmotor_control_interfaces__python.so
[1.342s] -- Up-to-date: /home/hd/Desktop/Motor_Control/motor_controls.ws/install/motor_control_interfaces/share/motor_control_interfaces/msg/MotorCommand.idl
[1.343s] -- Up-to-date: /home/hd/Desktop/Motor_Control/motor_controls.ws/install/motor_control_interfaces/share/motor_control_interfaces/msg/MotorData.idl
[1.343s] -- Up-to-date: /home/hd/Desktop/Motor_Control/motor_controls.ws/install/motor_control_interfaces/share/motor_control_interfaces/msg/MotorCommand.msg
[1.343s] -- Up-to-date: /home/hd/Desktop/Motor_Control/motor_controls.ws/install/motor_control_interfaces/share/motor_control_interfaces/msg/MotorData.msg
[1.343s] -- Up-to-date: /home/hd/Desktop/Motor_Control/motor_controls.ws/install/motor_control_interfaces/share/ament_index/resource_index/package_run_dependencies/motor_control_interfaces
[1.343s] -- Up-to-date: /home/hd/Desktop/Motor_Control/motor_controls.ws/install/motor_control_interfaces/share/ament_index/resource_index/parent_prefix_path/motor_control_interfaces
[1.343s] -- Up-to-date: /home/hd/Desktop/Motor_Control/motor_controls.ws/install/motor_control_interfaces/share/motor_control_interfaces/environment/ament_prefix_path.dsv
[1.344s] -- Up-to-date: /home/hd/Desktop/Motor_Control/motor_controls.ws/install/motor_control_interfaces/share/motor_control_interfaces/environment/path.dsv
[1.344s] -- Up-to-date: /home/hd/Desktop/Motor_Control/motor_controls.ws/install/motor_control_interfaces/share/motor_control_interfaces/local_setup.bash
[1.344s] -- Up-to-date: /home/hd/Desktop/Motor_Control/motor_controls.ws/install/motor_control_interfaces/share/motor_control_interfaces/local_setup.sh
[1.345s] -- Up-to-date: /home/hd/Desktop/Motor_Control/motor_controls.ws/install/motor_control_interfaces/share/motor_control_interfaces/local_setup.zsh
[1.345s] -- Up-to-date: /home/hd/Desktop/Motor_Control/motor_controls.ws/install/motor_control_interfaces/share/motor_control_interfaces/local_setup.dsv
[1.345s] -- Installing: /home/hd/Desktop/Motor_Control/motor_controls.ws/install/motor_control_interfaces/share/motor_control_interfaces/package.dsv
[1.351s] -- Up-to-date: /home/hd/Desktop/Motor_Control/motor_controls.ws/install/motor_control_interfaces/share/ament_index/resource_index/packages/motor_control_interfaces
[1.351s] -- Up-to-date: /home/hd/Desktop/Motor_Control/motor_controls.ws/install/motor_control_interfaces/share/motor_control_interfaces/cmake/motor_control_interfaces__rosidl_generator_cExport.cmake
[1.351s] -- Up-to-date: /home/hd/Desktop/Motor_Control/motor_controls.ws/install/motor_control_interfaces/share/motor_control_interfaces/cmake/motor_control_interfaces__rosidl_generator_cExport-noconfig.cmake
[1.352s] -- Up-to-date: /home/hd/Desktop/Motor_Control/motor_controls.ws/install/motor_control_interfaces/share/motor_control_interfaces/cmake/motor_control_interfaces__rosidl_typesupport_introspection_cExport.cmake
[1.352s] -- Up-to-date: /home/hd/Desktop/Motor_Control/motor_controls.ws/install/motor_control_interfaces/share/motor_control_interfaces/cmake/motor_control_interfaces__rosidl_typesupport_introspection_cExport-noconfig.cmake
[1.352s] -- Up-to-date: /home/hd/Desktop/Motor_Control/motor_controls.ws/install/motor_control_interfaces/share/motor_control_interfaces/cmake/motor_control_interfaces__rosidl_typesupport_cExport.cmake
[1.352s] -- Up-to-date: /home/hd/Desktop/Motor_Control/motor_controls.ws/install/motor_control_interfaces/share/motor_control_interfaces/cmake/motor_control_interfaces__rosidl_typesupport_cExport-noconfig.cmake
[1.353s] -- Up-to-date: /home/hd/Desktop/Motor_Control/motor_controls.ws/install/motor_control_interfaces/share/motor_control_interfaces/cmake/motor_control_interfaces__rosidl_generator_cppExport.cmake
[1.353s] -- Up-to-date: /home/hd/Desktop/Motor_Control/motor_controls.ws/install/motor_control_interfaces/share/motor_control_interfaces/cmake/motor_control_interfaces__rosidl_typesupport_introspection_cppExport.cmake
[1.353s] -- Up-to-date: /home/hd/Desktop/Motor_Control/motor_controls.ws/install/motor_control_interfaces/share/motor_control_interfaces/cmake/motor_control_interfaces__rosidl_typesupport_introspection_cppExport-noconfig.cmake
[1.353s] -- Up-to-date: /home/hd/Desktop/Motor_Control/motor_controls.ws/install/motor_control_interfaces/share/motor_control_interfaces/cmake/motor_control_interfaces__rosidl_typesupport_cppExport.cmake
[1.353s] -- Up-to-date: /home/hd/Desktop/Motor_Control/motor_controls.ws/install/motor_control_interfaces/share/motor_control_interfaces/cmake/motor_control_interfaces__rosidl_typesupport_cppExport-noconfig.cmake
[1.353s] -- Up-to-date: /home/hd/Desktop/Motor_Control/motor_controls.ws/install/motor_control_interfaces/share/motor_control_interfaces/cmake/rosidl_cmake-extras.cmake
[1.353s] -- Up-to-date: /home/hd/Desktop/Motor_Control/motor_controls.ws/install/motor_control_interfaces/share/motor_control_interfaces/cmake/ament_cmake_export_dependencies-extras.cmake
[1.353s] -- Up-to-date: /home/hd/Desktop/Motor_Control/motor_controls.ws/install/motor_control_interfaces/share/motor_control_interfaces/cmake/ament_cmake_export_libraries-extras.cmake
[1.353s] -- Up-to-date: /home/hd/Desktop/Motor_Control/motor_controls.ws/install/motor_control_interfaces/share/motor_control_interfaces/cmake/ament_cmake_export_targets-extras.cmake
[1.353s] -- Up-to-date: /home/hd/Desktop/Motor_Control/motor_controls.ws/install/motor_control_interfaces/share/motor_control_interfaces/cmake/ament_cmake_export_include_directories-extras.cmake
[1.354s] -- Up-to-date: /home/hd/Desktop/Motor_Control/motor_controls.ws/install/motor_control_interfaces/share/motor_control_interfaces/cmake/rosidl_cmake_export_typesupport_libraries-extras.cmake
[1.354s] -- Up-to-date: /home/hd/Desktop/Motor_Control/motor_controls.ws/install/motor_control_interfaces/share/motor_control_interfaces/cmake/rosidl_cmake_export_typesupport_targets-extras.cmake
[1.354s] -- Up-to-date: /home/hd/Desktop/Motor_Control/motor_controls.ws/install/motor_control_interfaces/share/motor_control_interfaces/cmake/motor_control_interfacesConfig.cmake
[1.354s] -- Up-to-date: /home/hd/Desktop/Motor_Control/motor_controls.ws/install/motor_control_interfaces/share/motor_control_interfaces/cmake/motor_control_interfacesConfig-version.cmake
[1.355s] -- Up-to-date: /home/hd/Desktop/Motor_Control/motor_controls.ws/install/motor_control_interfaces/share/motor_control_interfaces/package.xml
[1.358s] Invoked command in '/home/hd/Desktop/Motor_Control/motor_controls.ws/build/motor_control_interfaces' returned '0': CMAKE_PREFIX_PATH=${CMAKE_PREFIX_PATH}:/opt/ros/foxy:/home/hd/ros2_foxy/install/ros2bag:/home/hd/ros2_foxy/install/tracetools_launch:/home/hd/ros2_foxy/install/topic_monitor:/home/hd/ros2_foxy/install/examples_tf2_py:/home/hd/ros2_foxy/install/sros2:/home/hd/ros2_foxy/install/rqt_topic:/home/hd/ros2_foxy/install/rqt_top:/home/hd/ros2_foxy/install/rqt_srv:/home/hd/ros2_foxy/install/rqt_shell:/home/hd/ros2_foxy/install/rqt_service_caller:/home/hd/ros2_foxy/install/rqt_reconfigure:/home/hd/ros2_foxy/install/rqt_py_console:/home/hd/ros2_foxy/install/rqt_publisher:/home/hd/ros2_foxy/install/rqt_plot:/home/hd/ros2_foxy/install/rqt_action:/home/hd/ros2_foxy/install/rqt_msg:/home/hd/ros2_foxy/install/rqt_console:/home/hd/ros2_foxy/install/rqt:/home/hd/ros2_foxy/install/rqt_graph:/home/hd/ros2_foxy/install/rqt_gui_py:/home/hd/ros2_foxy/install/rqt_gui:/home/hd/ros2_foxy/install/ros2trace:/home/hd/ros2_foxy/install/ros2topic:/home/hd/ros2_foxy/install/ros2test:/home/hd/ros2_foxy/install/ros2component:/home/hd/ros2_foxy/install/ros2param:/home/hd/ros2_foxy/install/ros2lifecycle:/home/hd/ros2_foxy/install/ros2service:/home/hd/ros2_foxy/install/ros2run:/home/hd/ros2_foxy/install/ros2launch:/home/hd/ros2_foxy/install/ros2pkg:/home/hd/ros2_foxy/install/ros2node:/home/hd/ros2_foxy/install/ros2multicast:/home/hd/ros2_foxy/install/ros2interface:/home/hd/ros2_foxy/install/ros2doctor:/home/hd/ros2_foxy/install/ros2action:/home/hd/ros2_foxy/install/ros2cli:/home/hd/ros2_foxy/install/quality_of_service_demo_py:/home/hd/ros2_foxy/install/launch_testing_ros:/home/hd/ros2_foxy/install/launch_ros:/home/hd/ros2_foxy/install/joystick_ros2:/home/hd/ros2_foxy/install/examples_rclpy_minimal_subscriber:/home/hd/ros2_foxy/install/examples_rclpy_minimal_service:/home/hd/ros2_foxy/install/examples_rclpy_minimal_publisher:/home/hd/ros2_foxy/install/examples_rclpy_minimal_client:/home/hd/ros2_foxy/install/examples_rclpy_minimal_action_server:/home/hd/ros2_foxy/install/examples_rclpy_minimal_action_client:/home/hd/ros2_foxy/install/examples_rclpy_executors:/home/hd/ros2_foxy/install/demo_nodes_py:/home/hd/ros2_foxy/install/action_tutorials_py:/home/hd/ros2_foxy/install/ament_uncrustify:/home/hd/ros2_foxy/install/tracetools_trace:/home/hd/ros2_foxy/install/tracetools_read:/home/hd/ros2_foxy/install/test_launch_ros:/home/hd/ros2_foxy/install/sensor_msgs_py:/home/hd/ros2_foxy/install/rpyutils:/home/hd/ros2_foxy/install/rosidl_runtime_py:/home/hd/ros2_foxy/install/launch_yaml:/home/hd/ros2_foxy/install/launch_xml:/home/hd/ros2_foxy/install/launch_testing:/home/hd/ros2_foxy/install/launch:/home/hd/ros2_foxy/install/osrf_pycommon:/home/hd/ros2_foxy/install/domain_coordinator:/home/hd/ros2_foxy/install/ament_xmllint:/home/hd/ros2_foxy/install/ament_pyflakes:/home/hd/ros2_foxy/install/ament_pycodestyle:/home/hd/ros2_foxy/install/ament_pep257:/home/hd/ros2_foxy/install/ament_pclint:/home/hd/ros2_foxy/install/ament_package:/home/hd/ros2_foxy/install/ament_mypy:/home/hd/ros2_foxy/install/ament_lint_cmake:/home/hd/ros2_foxy/install/ament_flake8:/home/hd/ros2_foxy/install/ament_copyright:/home/hd/ros2_foxy/install/ament_lint:/home/hd/ros2_foxy/install/ament_index_python:/home/hd/ros2_foxy/install/ament_cpplint:/home/hd/ros2_foxy/install/ament_cppcheck:/home/hd/ros2_foxy/install/ament_clang_tidy:/home/hd/ros2_foxy/install/ament_clang_format /usr/bin/cmake --install /home/hd/Desktop/Motor_Control/motor_controls.ws/build/motor_control_interfaces
