[2.300s] DEBUG:colcon:Command line arguments: ['/usr/bin/colcon', 'build']
[2.301s] DEBUG:colcon:Parsed command line arguments: Namespace(allow_overriding=[], ament_cmake_args=None, base_paths=['.'], build_base='build', catkin_cmake_args=None, catkin_skip_building_tests=False, cmake_args=None, cmake_clean_cache=False, cmake_clean_first=False, cmake_force_configure=False, cmake_target=None, cmake_target_skip_unavailable=False, continue_on_error=False, event_handlers=None, executor='parallel', ignore_user_meta=False, install_base='install', log_base=None, log_level=None, main=<bound method BuildVerb.main of <colcon_core.verb.build.BuildVerb object at 0x7f7406189400>>, merge_install=False, metas=['./colcon.meta'], packages_above=None, packages_above_and_dependencies=None, packages_above_depth=None, packages_end=None, packages_ignore=None, packages_ignore_regex=None, packages_select=None, packages_select_build_failed=False, packages_select_by_dep=None, packages_select_regex=None, packages_select_test_failures=False, packages_skip=None, packages_skip_build_finished=False, packages_skip_by_dep=None, packages_skip_regex=None, packages_skip_test_passed=False, packages_skip_up_to=None, packages_start=None, packages_up_to=None, packages_up_to_regex=None, parallel_workers=2, paths=None, symlink_install=False, test_result_base=None, verb_extension=<colcon_core.verb.build.BuildVerb object at 0x7f7406189400>, verb_name='build', verb_parser=<colcon_defaults.argument_parser.defaults.DefaultArgumentsDecorator object at 0x7f7406189940>)
[2.575s] Level 1:colcon.colcon_core.package_discovery:discover_packages(colcon_meta) check parameters
[2.575s] Level 1:colcon.colcon_core.package_discovery:discover_packages(recursive) check parameters
[2.575s] Level 1:colcon.colcon_core.package_discovery:discover_packages(ignore) check parameters
[2.576s] Level 1:colcon.colcon_core.package_discovery:discover_packages(path) check parameters
[2.576s] Level 1:colcon.colcon_core.package_discovery:discover_packages(colcon_meta) discover
[2.576s] Level 1:colcon.colcon_core.package_discovery:discover_packages(recursive) discover
[2.576s] INFO:colcon.colcon_core.package_discovery:Crawling recursively for packages in '/home/hd/Desktop/Motor_Control/motor_controls.ws'
[2.576s] Level 1:colcon.colcon_core.package_identification:_identify(.) by extensions ['ignore', 'ignore_ament_install']
[2.577s] Level 1:colcon.colcon_core.package_identification:_identify(.) by extension 'ignore'
[2.577s] Level 1:colcon.colcon_core.package_identification:_identify(.) by extension 'ignore_ament_install'
[2.577s] Level 1:colcon.colcon_core.package_identification:_identify(.) by extensions ['colcon_pkg']
[2.578s] Level 1:colcon.colcon_core.package_identification:_identify(.) by extension 'colcon_pkg'
[2.578s] Level 1:colcon.colcon_core.package_identification:_identify(.) by extensions ['colcon_meta']
[2.578s] Level 1:colcon.colcon_core.package_identification:_identify(.) by extension 'colcon_meta'
[2.578s] Level 1:colcon.colcon_core.package_identification:_identify(.) by extensions ['ros']
[2.578s] Level 1:colcon.colcon_core.package_identification:_identify(.) by extension 'ros'
[2.608s] Level 1:colcon.colcon_core.package_identification:_identify(.) by extensions ['cmake', 'python']
[2.608s] Level 1:colcon.colcon_core.package_identification:_identify(.) by extension 'cmake'
[2.609s] Level 1:colcon.colcon_core.package_identification:_identify(.) by extension 'python'
[2.609s] Level 1:colcon.colcon_core.package_identification:_identify(.) by extensions ['python_setup_py']
[2.609s] Level 1:colcon.colcon_core.package_identification:_identify(.) by extension 'python_setup_py'
[2.610s] Level 1:colcon.colcon_core.package_identification:_identify(build) by extensions ['ignore', 'ignore_ament_install']
[2.610s] Level 1:colcon.colcon_core.package_identification:_identify(build) by extension 'ignore'
[2.610s] Level 1:colcon.colcon_core.package_identification:_identify(build) ignored
[2.611s] Level 1:colcon.colcon_core.package_identification:_identify(install) by extensions ['ignore', 'ignore_ament_install']
[2.611s] Level 1:colcon.colcon_core.package_identification:_identify(install) by extension 'ignore'
[2.611s] Level 1:colcon.colcon_core.package_identification:_identify(install) ignored
[2.612s] Level 1:colcon.colcon_core.package_identification:_identify(log) by extensions ['ignore', 'ignore_ament_install']
[2.612s] Level 1:colcon.colcon_core.package_identification:_identify(log) by extension 'ignore'
[2.612s] Level 1:colcon.colcon_core.package_identification:_identify(log) ignored
[2.612s] Level 1:colcon.colcon_core.package_identification:_identify(src) by extensions ['ignore', 'ignore_ament_install']
[2.613s] Level 1:colcon.colcon_core.package_identification:_identify(src) by extension 'ignore'
[2.613s] Level 1:colcon.colcon_core.package_identification:_identify(src) by extension 'ignore_ament_install'
[2.613s] Level 1:colcon.colcon_core.package_identification:_identify(src) by extensions ['colcon_pkg']
[2.614s] Level 1:colcon.colcon_core.package_identification:_identify(src) by extension 'colcon_pkg'
[2.614s] Level 1:colcon.colcon_core.package_identification:_identify(src) by extensions ['colcon_meta']
[2.614s] Level 1:colcon.colcon_core.package_identification:_identify(src) by extension 'colcon_meta'
[2.614s] Level 1:colcon.colcon_core.package_identification:_identify(src) by extensions ['ros']
[2.614s] Level 1:colcon.colcon_core.package_identification:_identify(src) by extension 'ros'
[2.615s] Level 1:colcon.colcon_core.package_identification:_identify(src) by extensions ['cmake', 'python']
[2.615s] Level 1:colcon.colcon_core.package_identification:_identify(src) by extension 'cmake'
[2.615s] Level 1:colcon.colcon_core.package_identification:_identify(src) by extension 'python'
[2.615s] Level 1:colcon.colcon_core.package_identification:_identify(src) by extensions ['python_setup_py']
[2.615s] Level 1:colcon.colcon_core.package_identification:_identify(src) by extension 'python_setup_py'
[2.616s] Level 1:colcon.colcon_core.package_identification:_identify(src/coucou) by extensions ['ignore', 'ignore_ament_install']
[2.616s] Level 1:colcon.colcon_core.package_identification:_identify(src/coucou) by extension 'ignore'
[2.616s] Level 1:colcon.colcon_core.package_identification:_identify(src/coucou) by extension 'ignore_ament_install'
[2.616s] Level 1:colcon.colcon_core.package_identification:_identify(src/coucou) by extensions ['colcon_pkg']
[2.617s] Level 1:colcon.colcon_core.package_identification:_identify(src/coucou) by extension 'colcon_pkg'
[2.617s] Level 1:colcon.colcon_core.package_identification:_identify(src/coucou) by extensions ['colcon_meta']
[2.617s] Level 1:colcon.colcon_core.package_identification:_identify(src/coucou) by extension 'colcon_meta'
[2.617s] Level 1:colcon.colcon_core.package_identification:_identify(src/coucou) by extensions ['ros']
[2.618s] Level 1:colcon.colcon_core.package_identification:_identify(src/coucou) by extension 'ros'
[2.625s] DEBUG:colcon.colcon_core.package_identification:Package 'src/coucou' with type 'ros.ament_cmake' and name 'coucou'
[2.626s] Level 1:colcon.colcon_core.package_identification:_identify(src/ethercat_device_configurator) by extensions ['ignore', 'ignore_ament_install']
[2.626s] Level 1:colcon.colcon_core.package_identification:_identify(src/ethercat_device_configurator) by extension 'ignore'
[2.626s] Level 1:colcon.colcon_core.package_identification:_identify(src/ethercat_device_configurator) by extension 'ignore_ament_install'
[2.627s] Level 1:colcon.colcon_core.package_identification:_identify(src/ethercat_device_configurator) by extensions ['colcon_pkg']
[2.627s] Level 1:colcon.colcon_core.package_identification:_identify(src/ethercat_device_configurator) by extension 'colcon_pkg'
[2.627s] Level 1:colcon.colcon_core.package_identification:_identify(src/ethercat_device_configurator) by extensions ['colcon_meta']
[2.627s] Level 1:colcon.colcon_core.package_identification:_identify(src/ethercat_device_configurator) by extension 'colcon_meta'
[2.627s] Level 1:colcon.colcon_core.package_identification:_identify(src/ethercat_device_configurator) by extensions ['ros']
[2.627s] Level 1:colcon.colcon_core.package_identification:_identify(src/ethercat_device_configurator) by extension 'ros'
[2.630s] DEBUG:colcon.colcon_core.package_identification:Package 'src/ethercat_device_configurator' with type 'ros.ament_cmake' and name 'ethercat_device_configurator'
[2.630s] Level 1:colcon.colcon_core.package_identification:_identify(src/motor_control_interfaces) by extensions ['ignore', 'ignore_ament_install']
[2.631s] Level 1:colcon.colcon_core.package_identification:_identify(src/motor_control_interfaces) by extension 'ignore'
[2.631s] Level 1:colcon.colcon_core.package_identification:_identify(src/motor_control_interfaces) by extension 'ignore_ament_install'
[2.631s] Level 1:colcon.colcon_core.package_identification:_identify(src/motor_control_interfaces) by extensions ['colcon_pkg']
[2.632s] Level 1:colcon.colcon_core.package_identification:_identify(src/motor_control_interfaces) by extension 'colcon_pkg'
[2.632s] Level 1:colcon.colcon_core.package_identification:_identify(src/motor_control_interfaces) by extensions ['colcon_meta']
[2.632s] Level 1:colcon.colcon_core.package_identification:_identify(src/motor_control_interfaces) by extension 'colcon_meta'
[2.632s] Level 1:colcon.colcon_core.package_identification:_identify(src/motor_control_interfaces) by extensions ['ros']
[2.632s] Level 1:colcon.colcon_core.package_identification:_identify(src/motor_control_interfaces) by extension 'ros'
[2.634s] DEBUG:colcon.colcon_core.package_identification:Package 'src/motor_control_interfaces' with type 'ros.ament_cmake' and name 'motor_control_interfaces'
[2.634s] Level 1:colcon.colcon_core.package_discovery:discover_packages(recursive) using defaults
[2.634s] Level 1:colcon.colcon_core.package_discovery:discover_packages(ignore) discover
[2.634s] Level 1:colcon.colcon_core.package_discovery:discover_packages(ignore) using defaults
[2.635s] Level 1:colcon.colcon_core.package_discovery:discover_packages(path) discover
[2.635s] Level 1:colcon.colcon_core.package_discovery:discover_packages(path) using defaults
[2.742s] Level 1:colcon.colcon_core.package_discovery:discover_packages(prefix_path) check parameters
[2.742s] Level 1:colcon.colcon_core.package_discovery:discover_packages(prefix_path) discover
[2.789s] DEBUG:colcon.colcon_installed_package_information.package_discovery:Found 312 installed packages in /home/hd/ros2_foxy/install
[2.797s] DEBUG:colcon.colcon_installed_package_information.package_discovery:Found 78 installed packages in /opt/ros/foxy
[2.802s] Level 1:colcon.colcon_core.package_discovery:discover_packages(prefix_path) using defaults
[5.531s] Level 5:colcon.colcon_core.verb:set package 'ethercat_device_configurator' build argument 'cmake_args' from command line to 'None'
[5.531s] Level 5:colcon.colcon_core.verb:set package 'ethercat_device_configurator' build argument 'cmake_target' from command line to 'None'
[5.531s] Level 5:colcon.colcon_core.verb:set package 'ethercat_device_configurator' build argument 'cmake_target_skip_unavailable' from command line to 'False'
[5.532s] Level 5:colcon.colcon_core.verb:set package 'ethercat_device_configurator' build argument 'cmake_clean_cache' from command line to 'False'
[5.532s] Level 5:colcon.colcon_core.verb:set package 'ethercat_device_configurator' build argument 'cmake_clean_first' from command line to 'False'
[5.532s] Level 5:colcon.colcon_core.verb:set package 'ethercat_device_configurator' build argument 'cmake_force_configure' from command line to 'False'
[5.532s] Level 5:colcon.colcon_core.verb:set package 'ethercat_device_configurator' build argument 'ament_cmake_args' from command line to 'None'
[5.532s] Level 5:colcon.colcon_core.verb:set package 'ethercat_device_configurator' build argument 'catkin_cmake_args' from command line to 'None'
[5.532s] Level 5:colcon.colcon_core.verb:set package 'ethercat_device_configurator' build argument 'catkin_skip_building_tests' from command line to 'False'
[5.532s] DEBUG:colcon.colcon_core.verb:Building package 'ethercat_device_configurator' with the following arguments: {'ament_cmake_args': None, 'build_base': '/home/hd/Desktop/Motor_Control/motor_controls.ws/build/ethercat_device_configurator', 'catkin_cmake_args': None, 'catkin_skip_building_tests': False, 'cmake_args': None, 'cmake_clean_cache': False, 'cmake_clean_first': False, 'cmake_force_configure': False, 'cmake_target': None, 'cmake_target_skip_unavailable': False, 'install_base': '/home/hd/Desktop/Motor_Control/motor_controls.ws/install/ethercat_device_configurator', 'merge_install': False, 'path': '/home/hd/Desktop/Motor_Control/motor_controls.ws/src/ethercat_device_configurator', 'symlink_install': False, 'test_result_base': None}
[5.536s] Level 5:colcon.colcon_core.verb:set package 'motor_control_interfaces' build argument 'cmake_args' from command line to 'None'
[5.537s] Level 5:colcon.colcon_core.verb:set package 'motor_control_interfaces' build argument 'cmake_target' from command line to 'None'
[5.537s] Level 5:colcon.colcon_core.verb:set package 'motor_control_interfaces' build argument 'cmake_target_skip_unavailable' from command line to 'False'
[5.537s] Level 5:colcon.colcon_core.verb:set package 'motor_control_interfaces' build argument 'cmake_clean_cache' from command line to 'False'
[5.537s] Level 5:colcon.colcon_core.verb:set package 'motor_control_interfaces' build argument 'cmake_clean_first' from command line to 'False'
[5.537s] Level 5:colcon.colcon_core.verb:set package 'motor_control_interfaces' build argument 'cmake_force_configure' from command line to 'False'
[5.537s] Level 5:colcon.colcon_core.verb:set package 'motor_control_interfaces' build argument 'ament_cmake_args' from command line to 'None'
[5.537s] Level 5:colcon.colcon_core.verb:set package 'motor_control_interfaces' build argument 'catkin_cmake_args' from command line to 'None'
[5.537s] Level 5:colcon.colcon_core.verb:set package 'motor_control_interfaces' build argument 'catkin_skip_building_tests' from command line to 'False'
[5.537s] DEBUG:colcon.colcon_core.verb:Building package 'motor_control_interfaces' with the following arguments: {'ament_cmake_args': None, 'build_base': '/home/hd/Desktop/Motor_Control/motor_controls.ws/build/motor_control_interfaces', 'catkin_cmake_args': None, 'catkin_skip_building_tests': False, 'cmake_args': None, 'cmake_clean_cache': False, 'cmake_clean_first': False, 'cmake_force_configure': False, 'cmake_target': None, 'cmake_target_skip_unavailable': False, 'install_base': '/home/hd/Desktop/Motor_Control/motor_controls.ws/install/motor_control_interfaces', 'merge_install': False, 'path': '/home/hd/Desktop/Motor_Control/motor_controls.ws/src/motor_control_interfaces', 'symlink_install': False, 'test_result_base': None}
[5.541s] Level 5:colcon.colcon_core.verb:set package 'coucou' build argument 'cmake_args' from command line to 'None'
[5.541s] Level 5:colcon.colcon_core.verb:set package 'coucou' build argument 'cmake_target' from command line to 'None'
[5.541s] Level 5:colcon.colcon_core.verb:set package 'coucou' build argument 'cmake_target_skip_unavailable' from command line to 'False'
[5.543s] Level 5:colcon.colcon_core.verb:set package 'coucou' build argument 'cmake_clean_cache' from command line to 'False'
[5.543s] Level 5:colcon.colcon_core.verb:set package 'coucou' build argument 'cmake_clean_first' from command line to 'False'
[5.543s] Level 5:colcon.colcon_core.verb:set package 'coucou' build argument 'cmake_force_configure' from command line to 'False'
[5.544s] Level 5:colcon.colcon_core.verb:set package 'coucou' build argument 'ament_cmake_args' from command line to 'None'
[5.544s] Level 5:colcon.colcon_core.verb:set package 'coucou' build argument 'catkin_cmake_args' from command line to 'None'
[5.544s] Level 5:colcon.colcon_core.verb:set package 'coucou' build argument 'catkin_skip_building_tests' from command line to 'False'
[5.544s] DEBUG:colcon.colcon_core.verb:Building package 'coucou' with the following arguments: {'ament_cmake_args': None, 'build_base': '/home/hd/Desktop/Motor_Control/motor_controls.ws/build/coucou', 'catkin_cmake_args': None, 'catkin_skip_building_tests': False, 'cmake_args': None, 'cmake_clean_cache': False, 'cmake_clean_first': False, 'cmake_force_configure': False, 'cmake_target': None, 'cmake_target_skip_unavailable': False, 'install_base': '/home/hd/Desktop/Motor_Control/motor_controls.ws/install/coucou', 'merge_install': False, 'path': '/home/hd/Desktop/Motor_Control/motor_controls.ws/src/coucou', 'symlink_install': False, 'test_result_base': None}
[5.547s] INFO:colcon.colcon_core.executor:Executing jobs using 'parallel' executor
[5.578s] DEBUG:colcon.colcon_parallel_executor.executor.parallel:run_until_complete
[5.579s] INFO:colcon.colcon_ros.task.ament_cmake.build:Building ROS package in '/home/hd/Desktop/Motor_Control/motor_controls.ws/src/motor_control_interfaces' with build type 'ament_cmake'
[5.579s] INFO:colcon.colcon_cmake.task.cmake.build:Building CMake package in '/home/hd/Desktop/Motor_Control/motor_controls.ws/src/motor_control_interfaces'
[5.639s] INFO:colcon.colcon_core.plugin_system:Skipping extension 'colcon_core.shell.bat': Not used on non-Windows systems
[5.640s] INFO:colcon.colcon_core.shell:Skip shell extension 'powershell' for command environment: Not usable outside of PowerShell
[5.640s] DEBUG:colcon.colcon_core.shell:Skip shell extension 'dsv' for command environment
[5.703s] INFO:colcon.colcon_ros.task.ament_cmake.build:Building ROS package in '/home/hd/Desktop/Motor_Control/motor_controls.ws/src/ethercat_device_configurator' with build type 'ament_cmake'
[5.704s] INFO:colcon.colcon_cmake.task.cmake.build:Building CMake package in '/home/hd/Desktop/Motor_Control/motor_controls.ws/src/ethercat_device_configurator'
[5.723s] INFO:colcon.colcon_core.shell:Skip shell extension 'powershell' for command environment: Not usable outside of PowerShell
[5.724s] DEBUG:colcon.colcon_core.shell:Skip shell extension 'dsv' for command environment
[5.837s] DEBUG:colcon.colcon_core.event_handler.log_command:Invoking command in '/home/hd/Desktop/Motor_Control/motor_controls.ws/build/motor_control_interfaces': CMAKE_PREFIX_PATH=${CMAKE_PREFIX_PATH}:/opt/ros/foxy:/home/hd/ros2_foxy/install/ros2bag:/home/hd/ros2_foxy/install/tracetools_launch:/home/hd/ros2_foxy/install/topic_monitor:/home/hd/ros2_foxy/install/examples_tf2_py:/home/hd/ros2_foxy/install/sros2:/home/hd/ros2_foxy/install/rqt_topic:/home/hd/ros2_foxy/install/rqt_top:/home/hd/ros2_foxy/install/rqt_srv:/home/hd/ros2_foxy/install/rqt_shell:/home/hd/ros2_foxy/install/rqt_service_caller:/home/hd/ros2_foxy/install/rqt_reconfigure:/home/hd/ros2_foxy/install/rqt_py_console:/home/hd/ros2_foxy/install/rqt_publisher:/home/hd/ros2_foxy/install/rqt_plot:/home/hd/ros2_foxy/install/rqt_action:/home/hd/ros2_foxy/install/rqt_msg:/home/hd/ros2_foxy/install/rqt_console:/home/hd/ros2_foxy/install/rqt:/home/hd/ros2_foxy/install/rqt_graph:/home/hd/ros2_foxy/install/rqt_gui_py:/home/hd/ros2_foxy/install/rqt_gui:/home/hd/ros2_foxy/install/ros2trace:/home/hd/ros2_foxy/install/ros2topic:/home/hd/ros2_foxy/install/ros2test:/home/hd/ros2_foxy/install/ros2component:/home/hd/ros2_foxy/install/ros2param:/home/hd/ros2_foxy/install/ros2lifecycle:/home/hd/ros2_foxy/install/ros2service:/home/hd/ros2_foxy/install/ros2run:/home/hd/ros2_foxy/install/ros2launch:/home/hd/ros2_foxy/install/ros2pkg:/home/hd/ros2_foxy/install/ros2node:/home/hd/ros2_foxy/install/ros2multicast:/home/hd/ros2_foxy/install/ros2interface:/home/hd/ros2_foxy/install/ros2doctor:/home/hd/ros2_foxy/install/ros2action:/home/hd/ros2_foxy/install/ros2cli:/home/hd/ros2_foxy/install/quality_of_service_demo_py:/home/hd/ros2_foxy/install/launch_testing_ros:/home/hd/ros2_foxy/install/launch_ros:/home/hd/ros2_foxy/install/joystick_ros2:/home/hd/ros2_foxy/install/examples_rclpy_minimal_subscriber:/home/hd/ros2_foxy/install/examples_rclpy_minimal_service:/home/hd/ros2_foxy/install/examples_rclpy_minimal_publisher:/home/hd/ros2_foxy/install/examples_rclpy_minimal_client:/home/hd/ros2_foxy/install/examples_rclpy_minimal_action_server:/home/hd/ros2_foxy/install/examples_rclpy_minimal_action_client:/home/hd/ros2_foxy/install/examples_rclpy_executors:/home/hd/ros2_foxy/install/demo_nodes_py:/home/hd/ros2_foxy/install/action_tutorials_py:/home/hd/ros2_foxy/install/ament_uncrustify:/home/hd/ros2_foxy/install/tracetools_trace:/home/hd/ros2_foxy/install/tracetools_read:/home/hd/ros2_foxy/install/test_launch_ros:/home/hd/ros2_foxy/install/sensor_msgs_py:/home/hd/ros2_foxy/install/rpyutils:/home/hd/ros2_foxy/install/rosidl_runtime_py:/home/hd/ros2_foxy/install/launch_yaml:/home/hd/ros2_foxy/install/launch_xml:/home/hd/ros2_foxy/install/launch_testing:/home/hd/ros2_foxy/install/launch:/home/hd/ros2_foxy/install/osrf_pycommon:/home/hd/ros2_foxy/install/domain_coordinator:/home/hd/ros2_foxy/install/ament_xmllint:/home/hd/ros2_foxy/install/ament_pyflakes:/home/hd/ros2_foxy/install/ament_pycodestyle:/home/hd/ros2_foxy/install/ament_pep257:/home/hd/ros2_foxy/install/ament_pclint:/home/hd/ros2_foxy/install/ament_package:/home/hd/ros2_foxy/install/ament_mypy:/home/hd/ros2_foxy/install/ament_lint_cmake:/home/hd/ros2_foxy/install/ament_flake8:/home/hd/ros2_foxy/install/ament_copyright:/home/hd/ros2_foxy/install/ament_lint:/home/hd/ros2_foxy/install/ament_index_python:/home/hd/ros2_foxy/install/ament_cpplint:/home/hd/ros2_foxy/install/ament_cppcheck:/home/hd/ros2_foxy/install/ament_clang_tidy:/home/hd/ros2_foxy/install/ament_clang_format /usr/bin/cmake --build /home/hd/Desktop/Motor_Control/motor_controls.ws/build/motor_control_interfaces -- -j2 -l2
[6.121s] DEBUG:colcon.colcon_core.event_handler.log_command:Invoking command in '/home/hd/Desktop/Motor_Control/motor_controls.ws/build/ethercat_device_configurator': CMAKE_PREFIX_PATH=${CMAKE_PREFIX_PATH}:/opt/ros/foxy:/home/hd/ros2_foxy/install/ros2bag:/home/hd/ros2_foxy/install/tracetools_launch:/home/hd/ros2_foxy/install/topic_monitor:/home/hd/ros2_foxy/install/examples_tf2_py:/home/hd/ros2_foxy/install/sros2:/home/hd/ros2_foxy/install/rqt_topic:/home/hd/ros2_foxy/install/rqt_top:/home/hd/ros2_foxy/install/rqt_srv:/home/hd/ros2_foxy/install/rqt_shell:/home/hd/ros2_foxy/install/rqt_service_caller:/home/hd/ros2_foxy/install/rqt_reconfigure:/home/hd/ros2_foxy/install/rqt_py_console:/home/hd/ros2_foxy/install/rqt_publisher:/home/hd/ros2_foxy/install/rqt_plot:/home/hd/ros2_foxy/install/rqt_action:/home/hd/ros2_foxy/install/rqt_msg:/home/hd/ros2_foxy/install/rqt_console:/home/hd/ros2_foxy/install/rqt:/home/hd/ros2_foxy/install/rqt_graph:/home/hd/ros2_foxy/install/rqt_gui_py:/home/hd/ros2_foxy/install/rqt_gui:/home/hd/ros2_foxy/install/ros2trace:/home/hd/ros2_foxy/install/ros2topic:/home/hd/ros2_foxy/install/ros2test:/home/hd/ros2_foxy/install/ros2component:/home/hd/ros2_foxy/install/ros2param:/home/hd/ros2_foxy/install/ros2lifecycle:/home/hd/ros2_foxy/install/ros2service:/home/hd/ros2_foxy/install/ros2run:/home/hd/ros2_foxy/install/ros2launch:/home/hd/ros2_foxy/install/ros2pkg:/home/hd/ros2_foxy/install/ros2node:/home/hd/ros2_foxy/install/ros2multicast:/home/hd/ros2_foxy/install/ros2interface:/home/hd/ros2_foxy/install/ros2doctor:/home/hd/ros2_foxy/install/ros2action:/home/hd/ros2_foxy/install/ros2cli:/home/hd/ros2_foxy/install/quality_of_service_demo_py:/home/hd/ros2_foxy/install/launch_testing_ros:/home/hd/ros2_foxy/install/launch_ros:/home/hd/ros2_foxy/install/joystick_ros2:/home/hd/ros2_foxy/install/examples_rclpy_minimal_subscriber:/home/hd/ros2_foxy/install/examples_rclpy_minimal_service:/home/hd/ros2_foxy/install/examples_rclpy_minimal_publisher:/home/hd/ros2_foxy/install/examples_rclpy_minimal_client:/home/hd/ros2_foxy/install/examples_rclpy_minimal_action_server:/home/hd/ros2_foxy/install/examples_rclpy_minimal_action_client:/home/hd/ros2_foxy/install/examples_rclpy_executors:/home/hd/ros2_foxy/install/demo_nodes_py:/home/hd/ros2_foxy/install/action_tutorials_py:/home/hd/ros2_foxy/install/ament_uncrustify:/home/hd/ros2_foxy/install/tracetools_trace:/home/hd/ros2_foxy/install/tracetools_read:/home/hd/ros2_foxy/install/test_launch_ros:/home/hd/ros2_foxy/install/sensor_msgs_py:/home/hd/ros2_foxy/install/rpyutils:/home/hd/ros2_foxy/install/rosidl_runtime_py:/home/hd/ros2_foxy/install/launch_yaml:/home/hd/ros2_foxy/install/launch_xml:/home/hd/ros2_foxy/install/launch_testing:/home/hd/ros2_foxy/install/launch:/home/hd/ros2_foxy/install/osrf_pycommon:/home/hd/ros2_foxy/install/domain_coordinator:/home/hd/ros2_foxy/install/ament_xmllint:/home/hd/ros2_foxy/install/ament_pyflakes:/home/hd/ros2_foxy/install/ament_pycodestyle:/home/hd/ros2_foxy/install/ament_pep257:/home/hd/ros2_foxy/install/ament_pclint:/home/hd/ros2_foxy/install/ament_package:/home/hd/ros2_foxy/install/ament_mypy:/home/hd/ros2_foxy/install/ament_lint_cmake:/home/hd/ros2_foxy/install/ament_flake8:/home/hd/ros2_foxy/install/ament_copyright:/home/hd/ros2_foxy/install/ament_lint:/home/hd/ros2_foxy/install/ament_index_python:/home/hd/ros2_foxy/install/ament_cpplint:/home/hd/ros2_foxy/install/ament_cppcheck:/home/hd/ros2_foxy/install/ament_clang_tidy:/home/hd/ros2_foxy/install/ament_clang_format /usr/bin/cmake --build /home/hd/Desktop/Motor_Control/motor_controls.ws/build/ethercat_device_configurator -- -j2 -l2
[9.924s] DEBUG:colcon.colcon_core.event_handler.log_command:Invoked command in '/home/hd/Desktop/Motor_Control/motor_controls.ws/build/motor_control_interfaces' returned '0': CMAKE_PREFIX_PATH=${CMAKE_PREFIX_PATH}:/opt/ros/foxy:/home/hd/ros2_foxy/install/ros2bag:/home/hd/ros2_foxy/install/tracetools_launch:/home/hd/ros2_foxy/install/topic_monitor:/home/hd/ros2_foxy/install/examples_tf2_py:/home/hd/ros2_foxy/install/sros2:/home/hd/ros2_foxy/install/rqt_topic:/home/hd/ros2_foxy/install/rqt_top:/home/hd/ros2_foxy/install/rqt_srv:/home/hd/ros2_foxy/install/rqt_shell:/home/hd/ros2_foxy/install/rqt_service_caller:/home/hd/ros2_foxy/install/rqt_reconfigure:/home/hd/ros2_foxy/install/rqt_py_console:/home/hd/ros2_foxy/install/rqt_publisher:/home/hd/ros2_foxy/install/rqt_plot:/home/hd/ros2_foxy/install/rqt_action:/home/hd/ros2_foxy/install/rqt_msg:/home/hd/ros2_foxy/install/rqt_console:/home/hd/ros2_foxy/install/rqt:/home/hd/ros2_foxy/install/rqt_graph:/home/hd/ros2_foxy/install/rqt_gui_py:/home/hd/ros2_foxy/install/rqt_gui:/home/hd/ros2_foxy/install/ros2trace:/home/hd/ros2_foxy/install/ros2topic:/home/hd/ros2_foxy/install/ros2test:/home/hd/ros2_foxy/install/ros2component:/home/hd/ros2_foxy/install/ros2param:/home/hd/ros2_foxy/install/ros2lifecycle:/home/hd/ros2_foxy/install/ros2service:/home/hd/ros2_foxy/install/ros2run:/home/hd/ros2_foxy/install/ros2launch:/home/hd/ros2_foxy/install/ros2pkg:/home/hd/ros2_foxy/install/ros2node:/home/hd/ros2_foxy/install/ros2multicast:/home/hd/ros2_foxy/install/ros2interface:/home/hd/ros2_foxy/install/ros2doctor:/home/hd/ros2_foxy/install/ros2action:/home/hd/ros2_foxy/install/ros2cli:/home/hd/ros2_foxy/install/quality_of_service_demo_py:/home/hd/ros2_foxy/install/launch_testing_ros:/home/hd/ros2_foxy/install/launch_ros:/home/hd/ros2_foxy/install/joystick_ros2:/home/hd/ros2_foxy/install/examples_rclpy_minimal_subscriber:/home/hd/ros2_foxy/install/examples_rclpy_minimal_service:/home/hd/ros2_foxy/install/examples_rclpy_minimal_publisher:/home/hd/ros2_foxy/install/examples_rclpy_minimal_client:/home/hd/ros2_foxy/install/examples_rclpy_minimal_action_server:/home/hd/ros2_foxy/install/examples_rclpy_minimal_action_client:/home/hd/ros2_foxy/install/examples_rclpy_executors:/home/hd/ros2_foxy/install/demo_nodes_py:/home/hd/ros2_foxy/install/action_tutorials_py:/home/hd/ros2_foxy/install/ament_uncrustify:/home/hd/ros2_foxy/install/tracetools_trace:/home/hd/ros2_foxy/install/tracetools_read:/home/hd/ros2_foxy/install/test_launch_ros:/home/hd/ros2_foxy/install/sensor_msgs_py:/home/hd/ros2_foxy/install/rpyutils:/home/hd/ros2_foxy/install/rosidl_runtime_py:/home/hd/ros2_foxy/install/launch_yaml:/home/hd/ros2_foxy/install/launch_xml:/home/hd/ros2_foxy/install/launch_testing:/home/hd/ros2_foxy/install/launch:/home/hd/ros2_foxy/install/osrf_pycommon:/home/hd/ros2_foxy/install/domain_coordinator:/home/hd/ros2_foxy/install/ament_xmllint:/home/hd/ros2_foxy/install/ament_pyflakes:/home/hd/ros2_foxy/install/ament_pycodestyle:/home/hd/ros2_foxy/install/ament_pep257:/home/hd/ros2_foxy/install/ament_pclint:/home/hd/ros2_foxy/install/ament_package:/home/hd/ros2_foxy/install/ament_mypy:/home/hd/ros2_foxy/install/ament_lint_cmake:/home/hd/ros2_foxy/install/ament_flake8:/home/hd/ros2_foxy/install/ament_copyright:/home/hd/ros2_foxy/install/ament_lint:/home/hd/ros2_foxy/install/ament_index_python:/home/hd/ros2_foxy/install/ament_cpplint:/home/hd/ros2_foxy/install/ament_cppcheck:/home/hd/ros2_foxy/install/ament_clang_tidy:/home/hd/ros2_foxy/install/ament_clang_format /usr/bin/cmake --build /home/hd/Desktop/Motor_Control/motor_controls.ws/build/motor_control_interfaces -- -j2 -l2
[10.440s] DEBUG:colcon.colcon_core.event_handler.log_command:Invoking command in '/home/hd/Desktop/Motor_Control/motor_controls.ws/build/motor_control_interfaces': CMAKE_PREFIX_PATH=${CMAKE_PREFIX_PATH}:/opt/ros/foxy:/home/hd/ros2_foxy/install/ros2bag:/home/hd/ros2_foxy/install/tracetools_launch:/home/hd/ros2_foxy/install/topic_monitor:/home/hd/ros2_foxy/install/examples_tf2_py:/home/hd/ros2_foxy/install/sros2:/home/hd/ros2_foxy/install/rqt_topic:/home/hd/ros2_foxy/install/rqt_top:/home/hd/ros2_foxy/install/rqt_srv:/home/hd/ros2_foxy/install/rqt_shell:/home/hd/ros2_foxy/install/rqt_service_caller:/home/hd/ros2_foxy/install/rqt_reconfigure:/home/hd/ros2_foxy/install/rqt_py_console:/home/hd/ros2_foxy/install/rqt_publisher:/home/hd/ros2_foxy/install/rqt_plot:/home/hd/ros2_foxy/install/rqt_action:/home/hd/ros2_foxy/install/rqt_msg:/home/hd/ros2_foxy/install/rqt_console:/home/hd/ros2_foxy/install/rqt:/home/hd/ros2_foxy/install/rqt_graph:/home/hd/ros2_foxy/install/rqt_gui_py:/home/hd/ros2_foxy/install/rqt_gui:/home/hd/ros2_foxy/install/ros2trace:/home/hd/ros2_foxy/install/ros2topic:/home/hd/ros2_foxy/install/ros2test:/home/hd/ros2_foxy/install/ros2component:/home/hd/ros2_foxy/install/ros2param:/home/hd/ros2_foxy/install/ros2lifecycle:/home/hd/ros2_foxy/install/ros2service:/home/hd/ros2_foxy/install/ros2run:/home/hd/ros2_foxy/install/ros2launch:/home/hd/ros2_foxy/install/ros2pkg:/home/hd/ros2_foxy/install/ros2node:/home/hd/ros2_foxy/install/ros2multicast:/home/hd/ros2_foxy/install/ros2interface:/home/hd/ros2_foxy/install/ros2doctor:/home/hd/ros2_foxy/install/ros2action:/home/hd/ros2_foxy/install/ros2cli:/home/hd/ros2_foxy/install/quality_of_service_demo_py:/home/hd/ros2_foxy/install/launch_testing_ros:/home/hd/ros2_foxy/install/launch_ros:/home/hd/ros2_foxy/install/joystick_ros2:/home/hd/ros2_foxy/install/examples_rclpy_minimal_subscriber:/home/hd/ros2_foxy/install/examples_rclpy_minimal_service:/home/hd/ros2_foxy/install/examples_rclpy_minimal_publisher:/home/hd/ros2_foxy/install/examples_rclpy_minimal_client:/home/hd/ros2_foxy/install/examples_rclpy_minimal_action_server:/home/hd/ros2_foxy/install/examples_rclpy_minimal_action_client:/home/hd/ros2_foxy/install/examples_rclpy_executors:/home/hd/ros2_foxy/install/demo_nodes_py:/home/hd/ros2_foxy/install/action_tutorials_py:/home/hd/ros2_foxy/install/ament_uncrustify:/home/hd/ros2_foxy/install/tracetools_trace:/home/hd/ros2_foxy/install/tracetools_read:/home/hd/ros2_foxy/install/test_launch_ros:/home/hd/ros2_foxy/install/sensor_msgs_py:/home/hd/ros2_foxy/install/rpyutils:/home/hd/ros2_foxy/install/rosidl_runtime_py:/home/hd/ros2_foxy/install/launch_yaml:/home/hd/ros2_foxy/install/launch_xml:/home/hd/ros2_foxy/install/launch_testing:/home/hd/ros2_foxy/install/launch:/home/hd/ros2_foxy/install/osrf_pycommon:/home/hd/ros2_foxy/install/domain_coordinator:/home/hd/ros2_foxy/install/ament_xmllint:/home/hd/ros2_foxy/install/ament_pyflakes:/home/hd/ros2_foxy/install/ament_pycodestyle:/home/hd/ros2_foxy/install/ament_pep257:/home/hd/ros2_foxy/install/ament_pclint:/home/hd/ros2_foxy/install/ament_package:/home/hd/ros2_foxy/install/ament_mypy:/home/hd/ros2_foxy/install/ament_lint_cmake:/home/hd/ros2_foxy/install/ament_flake8:/home/hd/ros2_foxy/install/ament_copyright:/home/hd/ros2_foxy/install/ament_lint:/home/hd/ros2_foxy/install/ament_index_python:/home/hd/ros2_foxy/install/ament_cpplint:/home/hd/ros2_foxy/install/ament_cppcheck:/home/hd/ros2_foxy/install/ament_clang_tidy:/home/hd/ros2_foxy/install/ament_clang_format /usr/bin/cmake --install /home/hd/Desktop/Motor_Control/motor_controls.ws/build/motor_control_interfaces
[11.682s] Level 1:colcon.colcon_core.environment:create_environment_scripts_only(motor_control_interfaces)
[11.684s] DEBUG:colcon.colcon_core.event_handler.log_command:Invoked command in '/home/hd/Desktop/Motor_Control/motor_controls.ws/build/motor_control_interfaces' returned '0': CMAKE_PREFIX_PATH=${CMAKE_PREFIX_PATH}:/opt/ros/foxy:/home/hd/ros2_foxy/install/ros2bag:/home/hd/ros2_foxy/install/tracetools_launch:/home/hd/ros2_foxy/install/topic_monitor:/home/hd/ros2_foxy/install/examples_tf2_py:/home/hd/ros2_foxy/install/sros2:/home/hd/ros2_foxy/install/rqt_topic:/home/hd/ros2_foxy/install/rqt_top:/home/hd/ros2_foxy/install/rqt_srv:/home/hd/ros2_foxy/install/rqt_shell:/home/hd/ros2_foxy/install/rqt_service_caller:/home/hd/ros2_foxy/install/rqt_reconfigure:/home/hd/ros2_foxy/install/rqt_py_console:/home/hd/ros2_foxy/install/rqt_publisher:/home/hd/ros2_foxy/install/rqt_plot:/home/hd/ros2_foxy/install/rqt_action:/home/hd/ros2_foxy/install/rqt_msg:/home/hd/ros2_foxy/install/rqt_console:/home/hd/ros2_foxy/install/rqt:/home/hd/ros2_foxy/install/rqt_graph:/home/hd/ros2_foxy/install/rqt_gui_py:/home/hd/ros2_foxy/install/rqt_gui:/home/hd/ros2_foxy/install/ros2trace:/home/hd/ros2_foxy/install/ros2topic:/home/hd/ros2_foxy/install/ros2test:/home/hd/ros2_foxy/install/ros2component:/home/hd/ros2_foxy/install/ros2param:/home/hd/ros2_foxy/install/ros2lifecycle:/home/hd/ros2_foxy/install/ros2service:/home/hd/ros2_foxy/install/ros2run:/home/hd/ros2_foxy/install/ros2launch:/home/hd/ros2_foxy/install/ros2pkg:/home/hd/ros2_foxy/install/ros2node:/home/hd/ros2_foxy/install/ros2multicast:/home/hd/ros2_foxy/install/ros2interface:/home/hd/ros2_foxy/install/ros2doctor:/home/hd/ros2_foxy/install/ros2action:/home/hd/ros2_foxy/install/ros2cli:/home/hd/ros2_foxy/install/quality_of_service_demo_py:/home/hd/ros2_foxy/install/launch_testing_ros:/home/hd/ros2_foxy/install/launch_ros:/home/hd/ros2_foxy/install/joystick_ros2:/home/hd/ros2_foxy/install/examples_rclpy_minimal_subscriber:/home/hd/ros2_foxy/install/examples_rclpy_minimal_service:/home/hd/ros2_foxy/install/examples_rclpy_minimal_publisher:/home/hd/ros2_foxy/install/examples_rclpy_minimal_client:/home/hd/ros2_foxy/install/examples_rclpy_minimal_action_server:/home/hd/ros2_foxy/install/examples_rclpy_minimal_action_client:/home/hd/ros2_foxy/install/examples_rclpy_executors:/home/hd/ros2_foxy/install/demo_nodes_py:/home/hd/ros2_foxy/install/action_tutorials_py:/home/hd/ros2_foxy/install/ament_uncrustify:/home/hd/ros2_foxy/install/tracetools_trace:/home/hd/ros2_foxy/install/tracetools_read:/home/hd/ros2_foxy/install/test_launch_ros:/home/hd/ros2_foxy/install/sensor_msgs_py:/home/hd/ros2_foxy/install/rpyutils:/home/hd/ros2_foxy/install/rosidl_runtime_py:/home/hd/ros2_foxy/install/launch_yaml:/home/hd/ros2_foxy/install/launch_xml:/home/hd/ros2_foxy/install/launch_testing:/home/hd/ros2_foxy/install/launch:/home/hd/ros2_foxy/install/osrf_pycommon:/home/hd/ros2_foxy/install/domain_coordinator:/home/hd/ros2_foxy/install/ament_xmllint:/home/hd/ros2_foxy/install/ament_pyflakes:/home/hd/ros2_foxy/install/ament_pycodestyle:/home/hd/ros2_foxy/install/ament_pep257:/home/hd/ros2_foxy/install/ament_pclint:/home/hd/ros2_foxy/install/ament_package:/home/hd/ros2_foxy/install/ament_mypy:/home/hd/ros2_foxy/install/ament_lint_cmake:/home/hd/ros2_foxy/install/ament_flake8:/home/hd/ros2_foxy/install/ament_copyright:/home/hd/ros2_foxy/install/ament_lint:/home/hd/ros2_foxy/install/ament_index_python:/home/hd/ros2_foxy/install/ament_cpplint:/home/hd/ros2_foxy/install/ament_cppcheck:/home/hd/ros2_foxy/install/ament_clang_tidy:/home/hd/ros2_foxy/install/ament_clang_format /usr/bin/cmake --install /home/hd/Desktop/Motor_Control/motor_controls.ws/build/motor_control_interfaces
[11.751s] Level 1:colcon.colcon_core.environment:checking '/home/hd/Desktop/Motor_Control/motor_controls.ws/install/motor_control_interfaces' for CMake module files
[11.752s] Level 1:colcon.colcon_core.environment:checking '/home/hd/Desktop/Motor_Control/motor_controls.ws/install/motor_control_interfaces' for CMake config files
[11.753s] Level 1:colcon.colcon_core.shell:create_environment_hook('motor_control_interfaces', 'cmake_prefix_path')
[11.769s] INFO:colcon.colcon_core.shell:Creating environment hook '/home/hd/Desktop/Motor_Control/motor_controls.ws/install/motor_control_interfaces/share/motor_control_interfaces/hook/cmake_prefix_path.ps1'
[11.774s] INFO:colcon.colcon_core.shell:Creating environment descriptor '/home/hd/Desktop/Motor_Control/motor_controls.ws/install/motor_control_interfaces/share/motor_control_interfaces/hook/cmake_prefix_path.dsv'
[11.778s] INFO:colcon.colcon_core.shell:Creating environment hook '/home/hd/Desktop/Motor_Control/motor_controls.ws/install/motor_control_interfaces/share/motor_control_interfaces/hook/cmake_prefix_path.sh'
[11.783s] Level 1:colcon.colcon_core.environment:checking '/home/hd/Desktop/Motor_Control/motor_controls.ws/install/motor_control_interfaces/lib'
[11.783s] Level 1:colcon.colcon_core.shell:create_environment_hook('motor_control_interfaces', 'ld_library_path_lib')
[11.796s] INFO:colcon.colcon_core.shell:Creating environment hook '/home/hd/Desktop/Motor_Control/motor_controls.ws/install/motor_control_interfaces/share/motor_control_interfaces/hook/ld_library_path_lib.ps1'
[11.798s] INFO:colcon.colcon_core.shell:Creating environment descriptor '/home/hd/Desktop/Motor_Control/motor_controls.ws/install/motor_control_interfaces/share/motor_control_interfaces/hook/ld_library_path_lib.dsv'
[11.799s] INFO:colcon.colcon_core.shell:Creating environment hook '/home/hd/Desktop/Motor_Control/motor_controls.ws/install/motor_control_interfaces/share/motor_control_interfaces/hook/ld_library_path_lib.sh'
[11.801s] Level 1:colcon.colcon_core.environment:checking '/home/hd/Desktop/Motor_Control/motor_controls.ws/install/motor_control_interfaces/bin'
[11.801s] Level 1:colcon.colcon_core.environment:checking '/home/hd/Desktop/Motor_Control/motor_controls.ws/install/motor_control_interfaces/lib/pkgconfig/motor_control_interfaces.pc'
[11.802s] Level 1:colcon.colcon_core.environment:checking '/home/hd/Desktop/Motor_Control/motor_controls.ws/install/motor_control_interfaces/lib/python3.8/site-packages'
[11.802s] Level 1:colcon.colcon_core.shell:create_environment_hook('motor_control_interfaces', 'pythonpath')
[11.814s] INFO:colcon.colcon_core.shell:Creating environment hook '/home/hd/Desktop/Motor_Control/motor_controls.ws/install/motor_control_interfaces/share/motor_control_interfaces/hook/pythonpath.ps1'
[11.815s] INFO:colcon.colcon_core.shell:Creating environment descriptor '/home/hd/Desktop/Motor_Control/motor_controls.ws/install/motor_control_interfaces/share/motor_control_interfaces/hook/pythonpath.dsv'
[11.817s] INFO:colcon.colcon_core.shell:Creating environment hook '/home/hd/Desktop/Motor_Control/motor_controls.ws/install/motor_control_interfaces/share/motor_control_interfaces/hook/pythonpath.sh'
[11.819s] Level 1:colcon.colcon_core.environment:checking '/home/hd/Desktop/Motor_Control/motor_controls.ws/install/motor_control_interfaces/bin'
[11.831s] INFO:colcon.colcon_core.shell:Creating package script '/home/hd/Desktop/Motor_Control/motor_controls.ws/install/motor_control_interfaces/share/motor_control_interfaces/package.ps1'
[11.835s] INFO:colcon.colcon_core.shell:Creating package descriptor '/home/hd/Desktop/Motor_Control/motor_controls.ws/install/motor_control_interfaces/share/motor_control_interfaces/package.dsv'
[11.838s] INFO:colcon.colcon_core.shell:Creating package script '/home/hd/Desktop/Motor_Control/motor_controls.ws/install/motor_control_interfaces/share/motor_control_interfaces/package.sh'
[11.842s] INFO:colcon.colcon_core.shell:Creating package script '/home/hd/Desktop/Motor_Control/motor_controls.ws/install/motor_control_interfaces/share/motor_control_interfaces/package.bash'
[11.847s] INFO:colcon.colcon_core.shell:Creating package script '/home/hd/Desktop/Motor_Control/motor_controls.ws/install/motor_control_interfaces/share/motor_control_interfaces/package.zsh'
[11.851s] Level 1:colcon.colcon_core.environment:create_file_with_runtime_dependencies(/home/hd/Desktop/Motor_Control/motor_controls.ws/install/motor_control_interfaces/share/colcon-core/packages/motor_control_interfaces)
[11.864s] DEBUG:colcon.colcon_core.event_handler.log_command:Invoked command in '/home/hd/Desktop/Motor_Control/motor_controls.ws/build/ethercat_device_configurator' returned '2': CMAKE_PREFIX_PATH=${CMAKE_PREFIX_PATH}:/opt/ros/foxy:/home/hd/ros2_foxy/install/ros2bag:/home/hd/ros2_foxy/install/tracetools_launch:/home/hd/ros2_foxy/install/topic_monitor:/home/hd/ros2_foxy/install/examples_tf2_py:/home/hd/ros2_foxy/install/sros2:/home/hd/ros2_foxy/install/rqt_topic:/home/hd/ros2_foxy/install/rqt_top:/home/hd/ros2_foxy/install/rqt_srv:/home/hd/ros2_foxy/install/rqt_shell:/home/hd/ros2_foxy/install/rqt_service_caller:/home/hd/ros2_foxy/install/rqt_reconfigure:/home/hd/ros2_foxy/install/rqt_py_console:/home/hd/ros2_foxy/install/rqt_publisher:/home/hd/ros2_foxy/install/rqt_plot:/home/hd/ros2_foxy/install/rqt_action:/home/hd/ros2_foxy/install/rqt_msg:/home/hd/ros2_foxy/install/rqt_console:/home/hd/ros2_foxy/install/rqt:/home/hd/ros2_foxy/install/rqt_graph:/home/hd/ros2_foxy/install/rqt_gui_py:/home/hd/ros2_foxy/install/rqt_gui:/home/hd/ros2_foxy/install/ros2trace:/home/hd/ros2_foxy/install/ros2topic:/home/hd/ros2_foxy/install/ros2test:/home/hd/ros2_foxy/install/ros2component:/home/hd/ros2_foxy/install/ros2param:/home/hd/ros2_foxy/install/ros2lifecycle:/home/hd/ros2_foxy/install/ros2service:/home/hd/ros2_foxy/install/ros2run:/home/hd/ros2_foxy/install/ros2launch:/home/hd/ros2_foxy/install/ros2pkg:/home/hd/ros2_foxy/install/ros2node:/home/hd/ros2_foxy/install/ros2multicast:/home/hd/ros2_foxy/install/ros2interface:/home/hd/ros2_foxy/install/ros2doctor:/home/hd/ros2_foxy/install/ros2action:/home/hd/ros2_foxy/install/ros2cli:/home/hd/ros2_foxy/install/quality_of_service_demo_py:/home/hd/ros2_foxy/install/launch_testing_ros:/home/hd/ros2_foxy/install/launch_ros:/home/hd/ros2_foxy/install/joystick_ros2:/home/hd/ros2_foxy/install/examples_rclpy_minimal_subscriber:/home/hd/ros2_foxy/install/examples_rclpy_minimal_service:/home/hd/ros2_foxy/install/examples_rclpy_minimal_publisher:/home/hd/ros2_foxy/install/examples_rclpy_minimal_client:/home/hd/ros2_foxy/install/examples_rclpy_minimal_action_server:/home/hd/ros2_foxy/install/examples_rclpy_minimal_action_client:/home/hd/ros2_foxy/install/examples_rclpy_executors:/home/hd/ros2_foxy/install/demo_nodes_py:/home/hd/ros2_foxy/install/action_tutorials_py:/home/hd/ros2_foxy/install/ament_uncrustify:/home/hd/ros2_foxy/install/tracetools_trace:/home/hd/ros2_foxy/install/tracetools_read:/home/hd/ros2_foxy/install/test_launch_ros:/home/hd/ros2_foxy/install/sensor_msgs_py:/home/hd/ros2_foxy/install/rpyutils:/home/hd/ros2_foxy/install/rosidl_runtime_py:/home/hd/ros2_foxy/install/launch_yaml:/home/hd/ros2_foxy/install/launch_xml:/home/hd/ros2_foxy/install/launch_testing:/home/hd/ros2_foxy/install/launch:/home/hd/ros2_foxy/install/osrf_pycommon:/home/hd/ros2_foxy/install/domain_coordinator:/home/hd/ros2_foxy/install/ament_xmllint:/home/hd/ros2_foxy/install/ament_pyflakes:/home/hd/ros2_foxy/install/ament_pycodestyle:/home/hd/ros2_foxy/install/ament_pep257:/home/hd/ros2_foxy/install/ament_pclint:/home/hd/ros2_foxy/install/ament_package:/home/hd/ros2_foxy/install/ament_mypy:/home/hd/ros2_foxy/install/ament_lint_cmake:/home/hd/ros2_foxy/install/ament_flake8:/home/hd/ros2_foxy/install/ament_copyright:/home/hd/ros2_foxy/install/ament_lint:/home/hd/ros2_foxy/install/ament_index_python:/home/hd/ros2_foxy/install/ament_cpplint:/home/hd/ros2_foxy/install/ament_cppcheck:/home/hd/ros2_foxy/install/ament_clang_tidy:/home/hd/ros2_foxy/install/ament_clang_format /usr/bin/cmake --build /home/hd/Desktop/Motor_Control/motor_controls.ws/build/ethercat_device_configurator -- -j2 -l2
[12.180s] Level 1:colcon.colcon_core.environment:create_environment_scripts_only(motor_control_interfaces)
[12.196s] Level 1:colcon.colcon_core.environment:checking '/home/hd/Desktop/Motor_Control/motor_controls.ws/install/motor_control_interfaces' for CMake module files
[12.197s] Level 1:colcon.colcon_core.environment:checking '/home/hd/Desktop/Motor_Control/motor_controls.ws/install/motor_control_interfaces' for CMake config files
[12.198s] Level 1:colcon.colcon_core.shell:create_environment_hook('motor_control_interfaces', 'cmake_prefix_path')
[12.206s] INFO:colcon.colcon_core.shell:Creating environment hook '/home/hd/Desktop/Motor_Control/motor_controls.ws/install/motor_control_interfaces/share/motor_control_interfaces/hook/cmake_prefix_path.ps1'
[12.208s] INFO:colcon.colcon_core.shell:Creating environment descriptor '/home/hd/Desktop/Motor_Control/motor_controls.ws/install/motor_control_interfaces/share/motor_control_interfaces/hook/cmake_prefix_path.dsv'
[12.210s] INFO:colcon.colcon_core.shell:Creating environment hook '/home/hd/Desktop/Motor_Control/motor_controls.ws/install/motor_control_interfaces/share/motor_control_interfaces/hook/cmake_prefix_path.sh'
[12.212s] Level 1:colcon.colcon_core.environment:checking '/home/hd/Desktop/Motor_Control/motor_controls.ws/install/motor_control_interfaces/lib'
[12.212s] Level 1:colcon.colcon_core.shell:create_environment_hook('motor_control_interfaces', 'ld_library_path_lib')
[12.220s] INFO:colcon.colcon_core.shell:Creating environment hook '/home/hd/Desktop/Motor_Control/motor_controls.ws/install/motor_control_interfaces/share/motor_control_interfaces/hook/ld_library_path_lib.ps1'
[12.221s] INFO:colcon.colcon_core.shell:Creating environment descriptor '/home/hd/Desktop/Motor_Control/motor_controls.ws/install/motor_control_interfaces/share/motor_control_interfaces/hook/ld_library_path_lib.dsv'
[12.223s] INFO:colcon.colcon_core.shell:Creating environment hook '/home/hd/Desktop/Motor_Control/motor_controls.ws/install/motor_control_interfaces/share/motor_control_interfaces/hook/ld_library_path_lib.sh'
[12.225s] Level 1:colcon.colcon_core.environment:checking '/home/hd/Desktop/Motor_Control/motor_controls.ws/install/motor_control_interfaces/bin'
[12.225s] Level 1:colcon.colcon_core.environment:checking '/home/hd/Desktop/Motor_Control/motor_controls.ws/install/motor_control_interfaces/lib/pkgconfig/motor_control_interfaces.pc'
[12.225s] Level 1:colcon.colcon_core.environment:checking '/home/hd/Desktop/Motor_Control/motor_controls.ws/install/motor_control_interfaces/lib/python3.8/site-packages'
[12.226s] Level 1:colcon.colcon_core.shell:create_environment_hook('motor_control_interfaces', 'pythonpath')
[12.233s] INFO:colcon.colcon_core.shell:Creating environment hook '/home/hd/Desktop/Motor_Control/motor_controls.ws/install/motor_control_interfaces/share/motor_control_interfaces/hook/pythonpath.ps1'
[12.235s] INFO:colcon.colcon_core.shell:Creating environment descriptor '/home/hd/Desktop/Motor_Control/motor_controls.ws/install/motor_control_interfaces/share/motor_control_interfaces/hook/pythonpath.dsv'
[12.236s] INFO:colcon.colcon_core.shell:Creating environment hook '/home/hd/Desktop/Motor_Control/motor_controls.ws/install/motor_control_interfaces/share/motor_control_interfaces/hook/pythonpath.sh'
[12.238s] Level 1:colcon.colcon_core.environment:checking '/home/hd/Desktop/Motor_Control/motor_controls.ws/install/motor_control_interfaces/bin'
[12.246s] INFO:colcon.colcon_core.shell:Creating package script '/home/hd/Desktop/Motor_Control/motor_controls.ws/install/motor_control_interfaces/share/motor_control_interfaces/package.ps1'
[12.248s] INFO:colcon.colcon_core.shell:Creating package descriptor '/home/hd/Desktop/Motor_Control/motor_controls.ws/install/motor_control_interfaces/share/motor_control_interfaces/package.dsv'
[12.251s] INFO:colcon.colcon_core.shell:Creating package script '/home/hd/Desktop/Motor_Control/motor_controls.ws/install/motor_control_interfaces/share/motor_control_interfaces/package.sh'
[12.253s] INFO:colcon.colcon_core.shell:Creating package script '/home/hd/Desktop/Motor_Control/motor_controls.ws/install/motor_control_interfaces/share/motor_control_interfaces/package.bash'
[12.255s] INFO:colcon.colcon_core.shell:Creating package script '/home/hd/Desktop/Motor_Control/motor_controls.ws/install/motor_control_interfaces/share/motor_control_interfaces/package.zsh'
[12.256s] Level 1:colcon.colcon_core.environment:create_file_with_runtime_dependencies(/home/hd/Desktop/Motor_Control/motor_controls.ws/install/motor_control_interfaces/share/colcon-core/packages/motor_control_interfaces)
[12.260s] INFO:colcon.colcon_ros.task.ament_cmake.build:Building ROS package in '/home/hd/Desktop/Motor_Control/motor_controls.ws/src/coucou' with build type 'ament_cmake'
[12.261s] INFO:colcon.colcon_cmake.task.cmake.build:Building CMake package in '/home/hd/Desktop/Motor_Control/motor_controls.ws/src/coucou'
[12.270s] INFO:colcon.colcon_core.shell:Skip shell extension 'powershell' for command environment: Not usable outside of PowerShell
[12.270s] DEBUG:colcon.colcon_core.shell:Skip shell extension 'dsv' for command environment
[12.344s] Level 1:colcon.colcon_core.environment:create_environment_scripts_only(ethercat_device_configurator)
[12.369s] Level 1:colcon.colcon_core.environment:checking '/home/hd/Desktop/Motor_Control/motor_controls.ws/install/ethercat_device_configurator' for CMake module files
[12.370s] Level 1:colcon.colcon_core.environment:checking '/home/hd/Desktop/Motor_Control/motor_controls.ws/install/ethercat_device_configurator' for CMake config files
[12.371s] Level 1:colcon.colcon_core.shell:create_environment_hook('ethercat_device_configurator', 'cmake_prefix_path')
[12.378s] INFO:colcon.colcon_core.shell:Creating environment hook '/home/hd/Desktop/Motor_Control/motor_controls.ws/install/ethercat_device_configurator/share/ethercat_device_configurator/hook/cmake_prefix_path.ps1'
[12.380s] INFO:colcon.colcon_core.shell:Creating environment descriptor '/home/hd/Desktop/Motor_Control/motor_controls.ws/install/ethercat_device_configurator/share/ethercat_device_configurator/hook/cmake_prefix_path.dsv'
[12.382s] INFO:colcon.colcon_core.shell:Creating environment hook '/home/hd/Desktop/Motor_Control/motor_controls.ws/install/ethercat_device_configurator/share/ethercat_device_configurator/hook/cmake_prefix_path.sh'
[12.396s] Level 1:colcon.colcon_core.environment:checking '/home/hd/Desktop/Motor_Control/motor_controls.ws/install/ethercat_device_configurator/lib'
[12.397s] Level 1:colcon.colcon_core.shell:create_environment_hook('ethercat_device_configurator', 'ld_library_path_lib')
[12.407s] INFO:colcon.colcon_core.shell:Creating environment hook '/home/hd/Desktop/Motor_Control/motor_controls.ws/install/ethercat_device_configurator/share/ethercat_device_configurator/hook/ld_library_path_lib.ps1'
[12.409s] INFO:colcon.colcon_core.shell:Creating environment descriptor '/home/hd/Desktop/Motor_Control/motor_controls.ws/install/ethercat_device_configurator/share/ethercat_device_configurator/hook/ld_library_path_lib.dsv'
[12.410s] INFO:colcon.colcon_core.shell:Creating environment hook '/home/hd/Desktop/Motor_Control/motor_controls.ws/install/ethercat_device_configurator/share/ethercat_device_configurator/hook/ld_library_path_lib.sh'
[12.412s] Level 1:colcon.colcon_core.environment:checking '/home/hd/Desktop/Motor_Control/motor_controls.ws/install/ethercat_device_configurator/bin'
[12.412s] Level 1:colcon.colcon_core.environment:checking '/home/hd/Desktop/Motor_Control/motor_controls.ws/install/ethercat_device_configurator/lib/pkgconfig/ethercat_device_configurator.pc'
[12.413s] Level 1:colcon.colcon_core.environment:checking '/home/hd/Desktop/Motor_Control/motor_controls.ws/install/ethercat_device_configurator/lib/python3.8/site-packages'
[12.413s] Level 1:colcon.colcon_core.environment:checking '/home/hd/Desktop/Motor_Control/motor_controls.ws/install/ethercat_device_configurator/bin'
[12.422s] INFO:colcon.colcon_core.shell:Creating package script '/home/hd/Desktop/Motor_Control/motor_controls.ws/install/ethercat_device_configurator/share/ethercat_device_configurator/package.ps1'
[12.424s] INFO:colcon.colcon_core.shell:Creating package descriptor '/home/hd/Desktop/Motor_Control/motor_controls.ws/install/ethercat_device_configurator/share/ethercat_device_configurator/package.dsv'
[12.426s] INFO:colcon.colcon_core.shell:Creating package script '/home/hd/Desktop/Motor_Control/motor_controls.ws/install/ethercat_device_configurator/share/ethercat_device_configurator/package.sh'
[12.427s] INFO:colcon.colcon_core.shell:Creating package script '/home/hd/Desktop/Motor_Control/motor_controls.ws/install/ethercat_device_configurator/share/ethercat_device_configurator/package.bash'
[12.429s] INFO:colcon.colcon_core.shell:Creating package script '/home/hd/Desktop/Motor_Control/motor_controls.ws/install/ethercat_device_configurator/share/ethercat_device_configurator/package.zsh'
[12.431s] Level 1:colcon.colcon_core.environment:create_file_with_runtime_dependencies(/home/hd/Desktop/Motor_Control/motor_controls.ws/install/ethercat_device_configurator/share/colcon-core/packages/ethercat_device_configurator)
[12.445s] DEBUG:colcon.colcon_parallel_executor.executor.parallel:closing loop
[12.446s] DEBUG:colcon.colcon_parallel_executor.executor.parallel:loop closed
[12.446s] DEBUG:colcon.colcon_parallel_executor.executor.parallel:run_until_complete finished with '2'
[12.446s] DEBUG:colcon.colcon_core.event_reactor:joining thread
[12.470s] INFO:colcon.colcon_core.plugin_system:Skipping extension 'colcon_notification.desktop_notification.terminal_notifier': Not used on non-Darwin systems
[12.470s] INFO:colcon.colcon_core.plugin_system:Skipping extension 'colcon_notification.desktop_notification.win32': Not used on non-Windows systems
[12.470s] INFO:colcon.colcon_notification.desktop_notification:Sending desktop notification using 'notify2'
[12.527s] DEBUG:colcon.colcon_core.event_reactor:joined thread
[12.534s] INFO:colcon.colcon_core.shell:Creating prefix script '/home/hd/Desktop/Motor_Control/motor_controls.ws/install/local_setup.ps1'
[12.547s] INFO:colcon.colcon_core.shell:Creating prefix util module '/home/hd/Desktop/Motor_Control/motor_controls.ws/install/_local_setup_util_ps1.py'
[12.552s] INFO:colcon.colcon_core.shell:Creating prefix chain script '/home/hd/Desktop/Motor_Control/motor_controls.ws/install/setup.ps1'
[12.604s] INFO:colcon.colcon_core.shell:Creating prefix script '/home/hd/Desktop/Motor_Control/motor_controls.ws/install/local_setup.sh'
[12.607s] INFO:colcon.colcon_core.shell:Creating prefix util module '/home/hd/Desktop/Motor_Control/motor_controls.ws/install/_local_setup_util_sh.py'
[12.608s] INFO:colcon.colcon_core.shell:Creating prefix chain script '/home/hd/Desktop/Motor_Control/motor_controls.ws/install/setup.sh'
[12.638s] INFO:colcon.colcon_core.shell:Creating prefix script '/home/hd/Desktop/Motor_Control/motor_controls.ws/install/local_setup.bash'
[12.652s] INFO:colcon.colcon_core.shell:Creating prefix chain script '/home/hd/Desktop/Motor_Control/motor_controls.ws/install/setup.bash'
[12.684s] INFO:colcon.colcon_core.shell:Creating prefix script '/home/hd/Desktop/Motor_Control/motor_controls.ws/install/local_setup.zsh'
[12.687s] INFO:colcon.colcon_core.shell:Creating prefix chain script '/home/hd/Desktop/Motor_Control/motor_controls.ws/install/setup.zsh'
