/home/hd/Desktop/Motor_Control/motor_controls.ws/install/controller/lib/python3.8/site-packages/controller/__init__.py
/home/hd/Desktop/Motor_Control/motor_controls.ws/install/controller/lib/python3.8/site-packages/controller/controller_publisher.py
/home/hd/Desktop/Motor_Control/motor_controls.ws/install/controller/lib/python3.8/site-packages/controller/new_gamepad.py
/home/hd/Desktop/Motor_Control/motor_controls.ws/install/controller/lib/python3.8/site-packages/controller/gamepad.py
/home/hd/Desktop/Motor_Control/motor_controls.ws/install/controller/lib/python3.8/site-packages/controller/old_controller_pub.py
/home/hd/Desktop/Motor_Control/motor_controls.ws/install/controller/lib/python3.8/site-packages/controller/CS_subscriber.py
/home/hd/Desktop/Motor_Control/motor_controls.ws/install/controller/lib/python3.8/site-packages/controller/old_controller_publisher.py
/home/hd/Desktop/Motor_Control/motor_controls.ws/install/controller/lib/python3.8/site-packages/controller/old_cs_sub.py
/home/hd/Desktop/Motor_Control/motor_controls.ws/install/controller/lib/python3.8/site-packages/controller/__pycache__/__init__.cpython-38.pyc
/home/hd/Desktop/Motor_Control/motor_controls.ws/install/controller/lib/python3.8/site-packages/controller/__pycache__/controller_publisher.cpython-38.pyc
/home/hd/Desktop/Motor_Control/motor_controls.ws/install/controller/lib/python3.8/site-packages/controller/__pycache__/new_gamepad.cpython-38.pyc
/home/hd/Desktop/Motor_Control/motor_controls.ws/install/controller/lib/python3.8/site-packages/controller/__pycache__/gamepad.cpython-38.pyc
/home/hd/Desktop/Motor_Control/motor_controls.ws/install/controller/lib/python3.8/site-packages/controller/__pycache__/old_controller_pub.cpython-38.pyc
/home/hd/Desktop/Motor_Control/motor_controls.ws/install/controller/lib/python3.8/site-packages/controller/__pycache__/CS_subscriber.cpython-38.pyc
/home/hd/Desktop/Motor_Control/motor_controls.ws/install/controller/lib/python3.8/site-packages/controller/__pycache__/old_controller_publisher.cpython-38.pyc
/home/hd/Desktop/Motor_Control/motor_controls.ws/install/controller/lib/python3.8/site-packages/controller/__pycache__/old_cs_sub.cpython-38.pyc
/home/hd/Desktop/Motor_Control/motor_controls.ws/install/controller/share/ament_index/resource_index/packages/controller
/home/hd/Desktop/Motor_Control/motor_controls.ws/install/controller/share/controller/package.xml
/home/hd/Desktop/Motor_Control/motor_controls.ws/install/controller/lib/python3.8/site-packages/controller-0.0.0-py3.8.egg-info/PKG-INFO
/home/hd/Desktop/Motor_Control/motor_controls.ws/install/controller/lib/python3.8/site-packages/controller-0.0.0-py3.8.egg-info/entry_points.txt
/home/hd/Desktop/Motor_Control/motor_controls.ws/install/controller/lib/python3.8/site-packages/controller-0.0.0-py3.8.egg-info/requires.txt
/home/hd/Desktop/Motor_Control/motor_controls.ws/install/controller/lib/python3.8/site-packages/controller-0.0.0-py3.8.egg-info/top_level.txt
/home/hd/Desktop/Motor_Control/motor_controls.ws/install/controller/lib/python3.8/site-packages/controller-0.0.0-py3.8.egg-info/SOURCES.txt
/home/hd/Desktop/Motor_Control/motor_controls.ws/install/controller/lib/python3.8/site-packages/controller-0.0.0-py3.8.egg-info/zip-safe
/home/hd/Desktop/Motor_Control/motor_controls.ws/install/controller/lib/python3.8/site-packages/controller-0.0.0-py3.8.egg-info/dependency_links.txt
/home/hd/Desktop/Motor_Control/motor_controls.ws/install/controller/lib/controller/listener
/home/hd/Desktop/Motor_Control/motor_controls.ws/install/controller/lib/controller/talker
