[ 38%] Built target yaml-cpp
[ 48%] Built target soem_interface
[ 63%] Built target maxon_epos_ethercat_sdk
[ 67%] Built target ethercat_sdk_master
[ 81%] Built target soem
[ 85%] Built target message_logger
[ 87%] Built target yaml-cpp-parse
[ 90%] Built target yaml-cpp-read
[ 92%] Built target yaml-cpp-sandbox
[100%] Built target motor_control
-- Install configuration: ""
-- Up-to-date: /home/hd/Desktop/Motor_Control/motor_controls.ws/install/ethercat_device_configurator/lib/ethercat_device_configurator/motor_control
-- Up-to-date: /home/hd/Desktop/Motor_Control/motor_controls.ws/install/ethercat_device_configurator/share/ament_index/resource_index/package_run_dependencies/ethercat_device_configurator
-- Up-to-date: /home/hd/Desktop/Motor_Control/motor_controls.ws/install/ethercat_device_configurator/share/ament_index/resource_index/parent_prefix_path/ethercat_device_configurator
-- Up-to-date: /home/hd/Desktop/Motor_Control/motor_controls.ws/install/ethercat_device_configurator/share/ethercat_device_configurator/environment/ament_prefix_path.dsv
-- Up-to-date: /home/hd/Desktop/Motor_Control/motor_controls.ws/install/ethercat_device_configurator/share/ethercat_device_configurator/environment/path.dsv
-- Up-to-date: /home/hd/Desktop/Motor_Control/motor_controls.ws/install/ethercat_device_configurator/share/ethercat_device_configurator/local_setup.bash
-- Up-to-date: /home/hd/Desktop/Motor_Control/motor_controls.ws/install/ethercat_device_configurator/share/ethercat_device_configurator/local_setup.sh
-- Up-to-date: /home/hd/Desktop/Motor_Control/motor_controls.ws/install/ethercat_device_configurator/share/ethercat_device_configurator/local_setup.zsh
-- Up-to-date: /home/hd/Desktop/Motor_Control/motor_controls.ws/install/ethercat_device_configurator/share/ethercat_device_configurator/local_setup.dsv
-- Installing: /home/hd/Desktop/Motor_Control/motor_controls.ws/install/ethercat_device_configurator/share/ethercat_device_configurator/package.dsv
-- Up-to-date: /home/hd/Desktop/Motor_Control/motor_controls.ws/install/ethercat_device_configurator/share/ament_index/resource_index/packages/ethercat_device_configurator
-- Up-to-date: /home/hd/Desktop/Motor_Control/motor_controls.ws/install/ethercat_device_configurator/share/ethercat_device_configurator/cmake/ethercat_device_configuratorConfig.cmake
-- Up-to-date: /home/hd/Desktop/Motor_Control/motor_controls.ws/install/ethercat_device_configurator/share/ethercat_device_configurator/cmake/ethercat_device_configuratorConfig-version.cmake
-- Up-to-date: /home/hd/Desktop/Motor_Control/motor_controls.ws/install/ethercat_device_configurator/share/ethercat_device_configurator/package.xml
-- Up-to-date: /home/hd/Desktop/Motor_Control/motor_controls.ws/install/ethercat_device_configurator/lib/libethercat_sdk_master.a
-- Up-to-date: /home/hd/Desktop/Motor_Control/motor_controls.ws/install/ethercat_device_configurator/include/ethercat_sdk_master
-- Up-to-date: /home/hd/Desktop/Motor_Control/motor_controls.ws/install/ethercat_device_configurator/include/ethercat_sdk_master/EthercatDevice.hpp
-- Up-to-date: /home/hd/Desktop/Motor_Control/motor_controls.ws/install/ethercat_device_configurator/include/ethercat_sdk_master/EthercatMaster.hpp
-- Up-to-date: /home/hd/Desktop/Motor_Control/motor_controls.ws/install/ethercat_device_configurator/include/ethercat_sdk_master/UpdateMode.hpp
-- Up-to-date: /home/hd/Desktop/Motor_Control/motor_controls.ws/install/ethercat_device_configurator/include/ethercat_sdk_master/EthercatMasterConfiguration.hpp
-- Up-to-date: /home/hd/Desktop/Motor_Control/motor_controls.ws/install/ethercat_device_configurator/share/ament_index/resource_index/package_run_dependencies/ethercat_sdk_master
-- Up-to-date: /home/hd/Desktop/Motor_Control/motor_controls.ws/install/ethercat_device_configurator/share/ament_index/resource_index/parent_prefix_path/ethercat_sdk_master
-- Up-to-date: /home/hd/Desktop/Motor_Control/motor_controls.ws/install/ethercat_device_configurator/share/ethercat_sdk_master/environment/ament_prefix_path.dsv
-- Up-to-date: /home/hd/Desktop/Motor_Control/motor_controls.ws/install/ethercat_device_configurator/share/ethercat_sdk_master/environment/path.dsv
-- Up-to-date: /home/hd/Desktop/Motor_Control/motor_controls.ws/install/ethercat_device_configurator/share/ethercat_sdk_master/local_setup.bash
-- Up-to-date: /home/hd/Desktop/Motor_Control/motor_controls.ws/install/ethercat_device_configurator/share/ethercat_sdk_master/local_setup.sh
-- Up-to-date: /home/hd/Desktop/Motor_Control/motor_controls.ws/install/ethercat_device_configurator/share/ethercat_sdk_master/local_setup.zsh
-- Up-to-date: /home/hd/Desktop/Motor_Control/motor_controls.ws/install/ethercat_device_configurator/share/ethercat_sdk_master/local_setup.dsv
-- Up-to-date: /home/hd/Desktop/Motor_Control/motor_controls.ws/install/ethercat_device_configurator/share/ethercat_sdk_master/package.dsv
-- Up-to-date: /home/hd/Desktop/Motor_Control/motor_controls.ws/install/ethercat_device_configurator/share/ament_index/resource_index/packages/ethercat_sdk_master
-- Up-to-date: /home/hd/Desktop/Motor_Control/motor_controls.ws/install/ethercat_device_configurator/share/ethercat_sdk_master/cmake/ethercat_sdk_masterConfig.cmake
-- Up-to-date: /home/hd/Desktop/Motor_Control/motor_controls.ws/install/ethercat_device_configurator/share/ethercat_sdk_master/cmake/ethercat_sdk_masterConfig-version.cmake
-- Up-to-date: /home/hd/Desktop/Motor_Control/motor_controls.ws/install/ethercat_device_configurator/share/ethercat_sdk_master/package.xml
-- Up-to-date: /home/hd/Desktop/Motor_Control/motor_controls.ws/install/ethercat_device_configurator/lib/libmaxon_epos_ethercat_sdk.a
-- Up-to-date: /home/hd/Desktop/Motor_Control/motor_controls.ws/install/ethercat_device_configurator/include/maxon_epos_ethercat_sdk
-- Up-to-date: /home/hd/Desktop/Motor_Control/motor_controls.ws/install/ethercat_device_configurator/include/maxon_epos_ethercat_sdk/RxPdo.hpp
-- Up-to-date: /home/hd/Desktop/Motor_Control/motor_controls.ws/install/ethercat_device_configurator/include/maxon_epos_ethercat_sdk/Maxon.hpp
-- Up-to-date: /home/hd/Desktop/Motor_Control/motor_controls.ws/install/ethercat_device_configurator/include/maxon_epos_ethercat_sdk/TxPdo.hpp
-- Up-to-date: /home/hd/Desktop/Motor_Control/motor_controls.ws/install/ethercat_device_configurator/include/maxon_epos_ethercat_sdk/ObjectDictionary.hpp
-- Up-to-date: /home/hd/Desktop/Motor_Control/motor_controls.ws/install/ethercat_device_configurator/include/maxon_epos_ethercat_sdk/ModeOfOperationEnum.hpp
-- Up-to-date: /home/hd/Desktop/Motor_Control/motor_controls.ws/install/ethercat_device_configurator/include/maxon_epos_ethercat_sdk/DriveState.hpp
-- Up-to-date: /home/hd/Desktop/Motor_Control/motor_controls.ws/install/ethercat_device_configurator/include/maxon_epos_ethercat_sdk/Error.hpp
-- Up-to-date: /home/hd/Desktop/Motor_Control/motor_controls.ws/install/ethercat_device_configurator/include/maxon_epos_ethercat_sdk/ConfigurationParser.hpp
-- Up-to-date: /home/hd/Desktop/Motor_Control/motor_controls.ws/install/ethercat_device_configurator/include/maxon_epos_ethercat_sdk/Reading.hpp
-- Up-to-date: /home/hd/Desktop/Motor_Control/motor_controls.ws/install/ethercat_device_configurator/include/maxon_epos_ethercat_sdk/PdoTypeEnum.hpp
-- Up-to-date: /home/hd/Desktop/Motor_Control/motor_controls.ws/install/ethercat_device_configurator/include/maxon_epos_ethercat_sdk/Command.hpp
-- Up-to-date: /home/hd/Desktop/Motor_Control/motor_controls.ws/install/ethercat_device_configurator/include/maxon_epos_ethercat_sdk/Controlword.hpp
-- Up-to-date: /home/hd/Desktop/Motor_Control/motor_controls.ws/install/ethercat_device_configurator/include/maxon_epos_ethercat_sdk/Statusword.hpp
-- Up-to-date: /home/hd/Desktop/Motor_Control/motor_controls.ws/install/ethercat_device_configurator/include/maxon_epos_ethercat_sdk/Configuration.hpp
-- Up-to-date: /home/hd/Desktop/Motor_Control/motor_controls.ws/install/ethercat_device_configurator/share/ament_index/resource_index/package_run_dependencies/maxon_epos_ethercat_sdk
-- Up-to-date: /home/hd/Desktop/Motor_Control/motor_controls.ws/install/ethercat_device_configurator/share/ament_index/resource_index/parent_prefix_path/maxon_epos_ethercat_sdk
-- Up-to-date: /home/hd/Desktop/Motor_Control/motor_controls.ws/install/ethercat_device_configurator/share/maxon_epos_ethercat_sdk/environment/ament_prefix_path.dsv
-- Up-to-date: /home/hd/Desktop/Motor_Control/motor_controls.ws/install/ethercat_device_configurator/share/maxon_epos_ethercat_sdk/environment/path.dsv
-- Up-to-date: /home/hd/Desktop/Motor_Control/motor_controls.ws/install/ethercat_device_configurator/share/maxon_epos_ethercat_sdk/local_setup.bash
-- Up-to-date: /home/hd/Desktop/Motor_Control/motor_controls.ws/install/ethercat_device_configurator/share/maxon_epos_ethercat_sdk/local_setup.sh
-- Up-to-date: /home/hd/Desktop/Motor_Control/motor_controls.ws/install/ethercat_device_configurator/share/maxon_epos_ethercat_sdk/local_setup.zsh
-- Up-to-date: /home/hd/Desktop/Motor_Control/motor_controls.ws/install/ethercat_device_configurator/share/maxon_epos_ethercat_sdk/local_setup.dsv
-- Up-to-date: /home/hd/Desktop/Motor_Control/motor_controls.ws/install/ethercat_device_configurator/share/maxon_epos_ethercat_sdk/package.dsv
-- Up-to-date: /home/hd/Desktop/Motor_Control/motor_controls.ws/install/ethercat_device_configurator/share/ament_index/resource_index/packages/maxon_epos_ethercat_sdk
-- Up-to-date: /home/hd/Desktop/Motor_Control/motor_controls.ws/install/ethercat_device_configurator/share/maxon_epos_ethercat_sdk/cmake/maxon_epos_ethercat_sdkConfig.cmake
-- Up-to-date: /home/hd/Desktop/Motor_Control/motor_controls.ws/install/ethercat_device_configurator/share/maxon_epos_ethercat_sdk/cmake/maxon_epos_ethercat_sdkConfig-version.cmake
-- Up-to-date: /home/hd/Desktop/Motor_Control/motor_controls.ws/install/ethercat_device_configurator/share/maxon_epos_ethercat_sdk/package.xml
-- Up-to-date: /home/hd/Desktop/Motor_Control/motor_controls.ws/install/ethercat_device_configurator/lib/libmessage_logger.so
-- Up-to-date: /home/hd/Desktop/Motor_Control/motor_controls.ws/install/ethercat_device_configurator/include/message_logger
-- Up-to-date: /home/hd/Desktop/Motor_Control/motor_controls.ws/install/ethercat_device_configurator/include/message_logger/time
-- Up-to-date: /home/hd/Desktop/Motor_Control/motor_controls.ws/install/ethercat_device_configurator/include/message_logger/time/TimeStd.hpp
-- Up-to-date: /home/hd/Desktop/Motor_Control/motor_controls.ws/install/ethercat_device_configurator/include/message_logger/time/Time.hpp
-- Up-to-date: /home/hd/Desktop/Motor_Control/motor_controls.ws/install/ethercat_device_configurator/include/message_logger/message_logger.hpp
-- Up-to-date: /home/hd/Desktop/Motor_Control/motor_controls.ws/install/ethercat_device_configurator/include/message_logger/common
-- Up-to-date: /home/hd/Desktop/Motor_Control/motor_controls.ws/install/ethercat_device_configurator/include/message_logger/common/colors.hpp
-- Up-to-date: /home/hd/Desktop/Motor_Control/motor_controls.ws/install/ethercat_device_configurator/include/message_logger/common/source_file_pos.hpp
-- Up-to-date: /home/hd/Desktop/Motor_Control/motor_controls.ws/install/ethercat_device_configurator/include/message_logger/common/preprocessor_defines.hpp
-- Up-to-date: /home/hd/Desktop/Motor_Control/motor_controls.ws/install/ethercat_device_configurator/include/message_logger/log
-- Up-to-date: /home/hd/Desktop/Motor_Control/motor_controls.ws/install/ethercat_device_configurator/include/message_logger/log/log_messages_ros.hpp
-- Up-to-date: /home/hd/Desktop/Motor_Control/motor_controls.ws/install/ethercat_device_configurator/include/message_logger/log/log_messages_std.hpp
-- Up-to-date: /home/hd/Desktop/Motor_Control/motor_controls.ws/install/ethercat_device_configurator/include/message_logger/log/log_messages_backend_config.hpp
-- Up-to-date: /home/hd/Desktop/Motor_Control/motor_controls.ws/install/ethercat_device_configurator/include/message_logger/log/log_messages_backend_config.hpp.in
-- Up-to-date: /home/hd/Desktop/Motor_Control/motor_controls.ws/install/ethercat_device_configurator/include/message_logger/log/log_messages_backend.hpp
-- Up-to-date: /home/hd/Desktop/Motor_Control/motor_controls.ws/install/ethercat_device_configurator/include/message_logger/log/log_messages.hpp
-- Up-to-date: /home/hd/Desktop/Motor_Control/motor_controls.ws/install/ethercat_device_configurator/share/message_logger/environment/library_path.sh
-- Up-to-date: /home/hd/Desktop/Motor_Control/motor_controls.ws/install/ethercat_device_configurator/share/message_logger/environment/library_path.dsv
-- Up-to-date: /home/hd/Desktop/Motor_Control/motor_controls.ws/install/ethercat_device_configurator/share/ament_index/resource_index/package_run_dependencies/message_logger
-- Up-to-date: /home/hd/Desktop/Motor_Control/motor_controls.ws/install/ethercat_device_configurator/share/ament_index/resource_index/parent_prefix_path/message_logger
-- Up-to-date: /home/hd/Desktop/Motor_Control/motor_controls.ws/install/ethercat_device_configurator/share/message_logger/environment/ament_prefix_path.dsv
-- Up-to-date: /home/hd/Desktop/Motor_Control/motor_controls.ws/install/ethercat_device_configurator/share/message_logger/environment/path.dsv
-- Up-to-date: /home/hd/Desktop/Motor_Control/motor_controls.ws/install/ethercat_device_configurator/share/message_logger/local_setup.bash
-- Up-to-date: /home/hd/Desktop/Motor_Control/motor_controls.ws/install/ethercat_device_configurator/share/message_logger/local_setup.sh
-- Up-to-date: /home/hd/Desktop/Motor_Control/motor_controls.ws/install/ethercat_device_configurator/share/message_logger/local_setup.zsh
-- Up-to-date: /home/hd/Desktop/Motor_Control/motor_controls.ws/install/ethercat_device_configurator/share/message_logger/local_setup.dsv
-- Up-to-date: /home/hd/Desktop/Motor_Control/motor_controls.ws/install/ethercat_device_configurator/share/message_logger/package.dsv
-- Up-to-date: /home/hd/Desktop/Motor_Control/motor_controls.ws/install/ethercat_device_configurator/share/ament_index/resource_index/packages/message_logger
-- Up-to-date: /home/hd/Desktop/Motor_Control/motor_controls.ws/install/ethercat_device_configurator/share/message_logger/cmake/ament_cmake_export_include_directories-extras.cmake
-- Up-to-date: /home/hd/Desktop/Motor_Control/motor_controls.ws/install/ethercat_device_configurator/share/message_logger/cmake/ament_cmake_export_libraries-extras.cmake
-- Up-to-date: /home/hd/Desktop/Motor_Control/motor_controls.ws/install/ethercat_device_configurator/share/message_logger/cmake/message_loggerConfig.cmake
-- Up-to-date: /home/hd/Desktop/Motor_Control/motor_controls.ws/install/ethercat_device_configurator/share/message_logger/cmake/message_loggerConfig-version.cmake
-- Up-to-date: /home/hd/Desktop/Motor_Control/motor_controls.ws/install/ethercat_device_configurator/share/message_logger/package.xml
-- Up-to-date: /home/hd/Desktop/Motor_Control/motor_controls.ws/install/ethercat_device_configurator/share/ament_index/resource_index/package_run_dependencies/soem_rsl
-- Up-to-date: /home/hd/Desktop/Motor_Control/motor_controls.ws/install/ethercat_device_configurator/share/ament_index/resource_index/parent_prefix_path/soem_rsl
-- Up-to-date: /home/hd/Desktop/Motor_Control/motor_controls.ws/install/ethercat_device_configurator/share/soem_rsl/environment/ament_prefix_path.dsv
-- Up-to-date: /home/hd/Desktop/Motor_Control/motor_controls.ws/install/ethercat_device_configurator/share/soem_rsl/environment/path.dsv
-- Up-to-date: /home/hd/Desktop/Motor_Control/motor_controls.ws/install/ethercat_device_configurator/share/soem_rsl/local_setup.bash
-- Up-to-date: /home/hd/Desktop/Motor_Control/motor_controls.ws/install/ethercat_device_configurator/share/soem_rsl/local_setup.sh
-- Up-to-date: /home/hd/Desktop/Motor_Control/motor_controls.ws/install/ethercat_device_configurator/share/soem_rsl/local_setup.zsh
-- Up-to-date: /home/hd/Desktop/Motor_Control/motor_controls.ws/install/ethercat_device_configurator/share/soem_rsl/local_setup.dsv
-- Up-to-date: /home/hd/Desktop/Motor_Control/motor_controls.ws/install/ethercat_device_configurator/share/soem_rsl/package.dsv
-- Up-to-date: /home/hd/Desktop/Motor_Control/motor_controls.ws/install/ethercat_device_configurator/share/ament_index/resource_index/packages/soem_rsl
-- Up-to-date: /home/hd/Desktop/Motor_Control/motor_controls.ws/install/ethercat_device_configurator/share/soem_rsl/cmake/soem_rslConfig.cmake
-- Up-to-date: /home/hd/Desktop/Motor_Control/motor_controls.ws/install/ethercat_device_configurator/share/soem_rsl/cmake/soem_rslConfig-version.cmake
-- Up-to-date: /home/hd/Desktop/Motor_Control/motor_controls.ws/install/ethercat_device_configurator/share/soem_rsl/package.xml
-- Up-to-date: /home/hd/Desktop/Motor_Control/motor_controls.ws/install/ethercat_device_configurator/include
-- Up-to-date: /home/hd/Desktop/Motor_Control/motor_controls.ws/install/ethercat_device_configurator/include/EthercatBusManagerBase.hpp
-- Up-to-date: /home/hd/Desktop/Motor_Control/motor_controls.ws/install/ethercat_device_configurator/include/EthercatSlaveBase.hpp
-- Up-to-date: /home/hd/Desktop/Motor_Control/motor_controls.ws/install/ethercat_device_configurator/include/common
-- Up-to-date: /home/hd/Desktop/Motor_Control/motor_controls.ws/install/ethercat_device_configurator/include/common/Macros.hpp
-- Up-to-date: /home/hd/Desktop/Motor_Control/motor_controls.ws/install/ethercat_device_configurator/include/common/ThreadSleep.hpp
-- Up-to-date: /home/hd/Desktop/Motor_Control/motor_controls.ws/install/ethercat_device_configurator/include/EthercatBusBase.hpp
-- Up-to-date: /home/hd/Desktop/Motor_Control/motor_controls.ws/install/ethercat_device_configurator/share/ament_index/resource_index/package_run_dependencies/soem_interface
-- Up-to-date: /home/hd/Desktop/Motor_Control/motor_controls.ws/install/ethercat_device_configurator/share/ament_index/resource_index/parent_prefix_path/soem_interface
-- Up-to-date: /home/hd/Desktop/Motor_Control/motor_controls.ws/install/ethercat_device_configurator/share/soem_interface/environment/ament_prefix_path.dsv
-- Up-to-date: /home/hd/Desktop/Motor_Control/motor_controls.ws/install/ethercat_device_configurator/share/soem_interface/environment/path.dsv
-- Up-to-date: /home/hd/Desktop/Motor_Control/motor_controls.ws/install/ethercat_device_configurator/share/soem_interface/local_setup.bash
-- Up-to-date: /home/hd/Desktop/Motor_Control/motor_controls.ws/install/ethercat_device_configurator/share/soem_interface/local_setup.sh
-- Up-to-date: /home/hd/Desktop/Motor_Control/motor_controls.ws/install/ethercat_device_configurator/share/soem_interface/local_setup.zsh
-- Up-to-date: /home/hd/Desktop/Motor_Control/motor_controls.ws/install/ethercat_device_configurator/share/soem_interface/local_setup.dsv
-- Up-to-date: /home/hd/Desktop/Motor_Control/motor_controls.ws/install/ethercat_device_configurator/share/soem_interface/package.dsv
-- Up-to-date: /home/hd/Desktop/Motor_Control/motor_controls.ws/install/ethercat_device_configurator/share/ament_index/resource_index/packages/soem_interface
-- Up-to-date: /home/hd/Desktop/Motor_Control/motor_controls.ws/install/ethercat_device_configurator/share/soem_interface/cmake/soem_interfaceConfig.cmake
-- Up-to-date: /home/hd/Desktop/Motor_Control/motor_controls.ws/install/ethercat_device_configurator/share/soem_interface/cmake/soem_interfaceConfig-version.cmake
-- Up-to-date: /home/hd/Desktop/Motor_Control/motor_controls.ws/install/ethercat_device_configurator/share/soem_interface/package.xml
