-- Found rclcpp: 2.4.2 (/home/hd/ros2_foxy/install/rclcpp/share/rclcpp/cmake)
-- Found PythonInterp: /usr/bin/python3 (found suitable version "3.8.10", minimum required is "3") 
-- Using PYTHON_EXECUTABLE: /usr/bin/python3
-- Using all available rosidl_typesupport_c: rosidl_typesupport_fastrtps_c;rosidl_typesupport_introspection_c
-- Found rosidl_adapter: 1.3.0 (/home/hd/ros2_foxy/install/rosidl_adapter/share/rosidl_adapter/cmake)
-- Using all available rosidl_typesupport_cpp: rosidl_typesupport_fastrtps_cpp;rosidl_typesupport_introspection_cpp
-- Found rmw_implementation_cmake: 1.0.4 (/home/hd/ros2_foxy/install/rmw_implementation_cmake/share/rmw_implementation_cmake/cmake)
-- Using RMW implementation 'rmw_fastrtps_cpp' as default
-- Found motor_control_interfaces: 0.0.0 (/home/hd/Desktop/Motor_Control/motor_controls.ws/install/motor_control_interfaces/share/motor_control_interfaces/cmake)
CMake Warning at CMakeLists.txt:28 (find_package):
  By not providing "Findmessage_logger.cmake" in CMAKE_MODULE_PATH this
  project has asked CMake to find a package configuration file provided by
  "message_logger", but CMake did not find one.

  Could not find a package configuration file provided by "message_logger"
  with any of the following names:

    message_loggerConfig.cmake
    message_logger-config.cmake

  Add the installation prefix of "message_logger" to CMAKE_PREFIX_PATH or set
  "message_logger_DIR" to a directory containing one of the above files.  If
  "message_logger" provides a separate development package or SDK, be sure it
  has been installed.


CMake Warning at CMakeLists.txt:29 (find_package):
  By not providing "Findsoem_interface.cmake" in CMAKE_MODULE_PATH this
  project has asked CMake to find a package configuration file provided by
  "soem_interface", but CMake did not find one.

  Could not find a package configuration file provided by "soem_interface"
  with any of the following names:

    soem_interfaceConfig.cmake
    soem_interface-config.cmake

  Add the installation prefix of "soem_interface" to CMAKE_PREFIX_PATH or set
  "soem_interface_DIR" to a directory containing one of the above files.  If
  "soem_interface" provides a separate development package or SDK, be sure it
  has been installed.


CMake Warning at CMakeLists.txt:30 (find_package):
  By not providing "Findethercat_sdk_master.cmake" in CMAKE_MODULE_PATH this
  project has asked CMake to find a package configuration file provided by
  "ethercat_sdk_master", but CMake did not find one.

  Could not find a package configuration file provided by
  "ethercat_sdk_master" with any of the following names:

    ethercat_sdk_masterConfig.cmake
    ethercat_sdk_master-config.cmake

  Add the installation prefix of "ethercat_sdk_master" to CMAKE_PREFIX_PATH
  or set "ethercat_sdk_master_DIR" to a directory containing one of the above
  files.  If "ethercat_sdk_master" provides a separate development package or
  SDK, be sure it has been installed.


CMake Warning at CMakeLists.txt:31 (find_package):
  By not providing "Findmaxon_epos_ethercat_sdk.cmake" in CMAKE_MODULE_PATH
  this project has asked CMake to find a package configuration file provided
  by "maxon_epos_ethercat_sdk", but CMake did not find one.

  Could not find a package configuration file provided by
  "maxon_epos_ethercat_sdk" with any of the following names:

    maxon_epos_ethercat_sdkConfig.cmake
    maxon_epos_ethercat_sdk-config.cmake

  Add the installation prefix of "maxon_epos_ethercat_sdk" to
  CMAKE_PREFIX_PATH or set "maxon_epos_ethercat_sdk_DIR" to a directory
  containing one of the above files.  If "maxon_epos_ethercat_sdk" provides a
  separate development package or SDK, be sure it has been installed.


-- Found ament_lint_auto: 0.9.8 (/home/hd/ros2_foxy/install/ament_lint_auto/share/ament_lint_auto/cmake)
-- Added test 'cppcheck' to perform static code analysis on C / C++ code
-- Configured cppcheck include dirs: /home/hd/Desktop/Motor_Control/motor_controls.ws/src/ethercat_device_configurator/ethercat_sdk_master/../soem_interface/soem_interface/include;/home/hd/Desktop/Motor_Control/motor_controls.ws/src/ethercat_device_configurator/ethercat_sdk_master/../soem_interface/soem/include;/home/hd/Desktop/Motor_Control/motor_controls.ws/src/ethercat_device_configurator/ethercat_sdk_master/../message_logger/include;/home/hd/Desktop/Motor_Control/motor_controls.ws/src/ethercat_device_configurator/ethercat_sdk_master/include
-- Configured cppcheck exclude dirs and/or files: 
-- Added test 'lint_cmake' to check CMake code style
-- Added test 'uncrustify' to check C / C++ code style
-- Configured uncrustify additional arguments: 
-- Added test 'xmllint' to check XML markup files
-- Found ament_lint_auto: 0.9.8 (/home/hd/ros2_foxy/install/ament_lint_auto/share/ament_lint_auto/cmake)
-- Added test 'cppcheck' to perform static code analysis on C / C++ code
-- Configured cppcheck include dirs: /home/hd/Desktop/Motor_Control/motor_controls.ws/src/ethercat_device_configurator/maxon_epos_ethercat_sdk/include;/home/hd/Desktop/Motor_Control/motor_controls.ws/src/ethercat_device_configurator/maxon_epos_ethercat_sdk/../message_logger/include;/home/hd/Desktop/Motor_Control/motor_controls.ws/src/ethercat_device_configurator/maxon_epos_ethercat_sdk/../ethercat_sdk_master/include;/home/hd/Desktop/Motor_Control/motor_controls.ws/src/ethercat_device_configurator/maxon_epos_ethercat_sdk/../soem_interface/soem_interface/include;/home/hd/Desktop/Motor_Control/motor_controls.ws/src/ethercat_device_configurator/maxon_epos_ethercat_sdk/../soem_interface/soem/include
-- Configured cppcheck exclude dirs and/or files: 
-- Added test 'lint_cmake' to check CMake code style
-- Added test 'uncrustify' to check C / C++ code style
-- Configured uncrustify additional arguments: 
-- Added test 'xmllint' to check XML markup files
-- Found rclcpp_components: 2.4.2 (/home/hd/ros2_foxy/install/rclcpp_components/share/rclcpp_components/cmake)
 AHHHHHHHHHHHHHHHHHH message_logger
CMake Warning at soem_interface/soem_interface/CMakeLists.txt:22 (find_package):
  By not providing "Findsoem_rsl.cmake" in CMAKE_MODULE_PATH this project has
  asked CMake to find a package configuration file provided by "soem_rsl",
  but CMake did not find one.

  Could not find a package configuration file provided by "soem_rsl" with any
  of the following names:

    soem_rslConfig.cmake
    soem_rsl-config.cmake

  Add the installation prefix of "soem_rsl" to CMAKE_PREFIX_PATH or set
  "soem_rsl_DIR" to a directory containing one of the above files.  If
  "soem_rsl" provides a separate development package or SDK, be sure it has
  been installed.


CMake Warning at soem_interface/soem_interface/CMakeLists.txt:23 (find_package):
  By not providing "Findmessage_logger.cmake" in CMAKE_MODULE_PATH this
  project has asked CMake to find a package configuration file provided by
  "message_logger", but CMake did not find one.

  Could not find a package configuration file provided by "message_logger"
  with any of the following names:

    message_loggerConfig.cmake
    message_logger-config.cmake

  Add the installation prefix of "message_logger" to CMAKE_PREFIX_PATH or set
  "message_logger_DIR" to a directory containing one of the above files.  If
  "message_logger" provides a separate development package or SDK, be sure it
  has been installed.


CMake Error at CMakeLists.txt:52 (target_link_libraries):
  The plain signature for target_link_libraries has already been used with
  the target "standalone".  All uses of target_link_libraries with a target
  must be either all-keyword or all-plain.

  The uses of the plain signature are here:

   * /home/hd/ros2_foxy/install/ament_cmake_target_dependencies/share/ament_cmake_target_dependencies/cmake/ament_target_dependencies.cmake:145 (target_link_libraries)



CMake Error at CMakeLists.txt:64 (add_executable):
  add_executable cannot create target "standalone" because another target
  with the same name already exists.  The existing target is an executable
  created in source directory
  "/home/hd/Desktop/Motor_Control/motor_controls.ws/src/ethercat_device_configurator".
  See documentation for policy CMP0002 for more details.


CMake Error at CMakeLists.txt:82 (install):
  install TARGETS given target "motor_control" which does not exist.


-- Found ament_lint_auto: 0.9.8 (/home/hd/ros2_foxy/install/ament_lint_auto/share/ament_lint_auto/cmake)
-- Configuring incomplete, errors occurred!
See also "/home/hd/Desktop/Motor_Control/motor_controls.ws/build/ethercat_device_configurator/CMakeFiles/CMakeOutput.log".
See also "/home/hd/Desktop/Motor_Control/motor_controls.ws/build/ethercat_device_configurator/CMakeFiles/CMakeError.log".
