[0.100s] Invoking command in '/home/hd/Desktop/Motor_Control/motor_controls.ws/build/ethercat_device_configurator': CMAKE_PREFIX_PATH=${CMAKE_PREFIX_PATH}:/home/hd/Desktop/Motor_Control/motor_controls.ws/install/controller:/opt/ros/foxy:/home/hd/ros2_foxy/install/ros2bag:/home/hd/ros2_foxy/install/tracetools_launch:/home/hd/ros2_foxy/install/topic_monitor:/home/hd/ros2_foxy/install/examples_tf2_py:/home/hd/ros2_foxy/install/sros2:/home/hd/ros2_foxy/install/rqt_topic:/home/hd/ros2_foxy/install/rqt_top:/home/hd/ros2_foxy/install/rqt_srv:/home/hd/ros2_foxy/install/rqt_shell:/home/hd/ros2_foxy/install/rqt_service_caller:/home/hd/ros2_foxy/install/rqt_reconfigure:/home/hd/ros2_foxy/install/rqt_py_console:/home/hd/ros2_foxy/install/rqt_publisher:/home/hd/ros2_foxy/install/rqt_plot:/home/hd/ros2_foxy/install/rqt_action:/home/hd/ros2_foxy/install/rqt_msg:/home/hd/ros2_foxy/install/rqt_console:/home/hd/ros2_foxy/install/rqt:/home/hd/ros2_foxy/install/rqt_graph:/home/hd/ros2_foxy/install/rqt_gui_py:/home/hd/ros2_foxy/install/rqt_gui:/home/hd/ros2_foxy/install/ros2trace:/home/hd/ros2_foxy/install/ros2topic:/home/hd/ros2_foxy/install/ros2test:/home/hd/ros2_foxy/install/ros2component:/home/hd/ros2_foxy/install/ros2param:/home/hd/ros2_foxy/install/ros2lifecycle:/home/hd/ros2_foxy/install/ros2service:/home/hd/ros2_foxy/install/ros2run:/home/hd/ros2_foxy/install/ros2launch:/home/hd/ros2_foxy/install/ros2pkg:/home/hd/ros2_foxy/install/ros2node:/home/hd/ros2_foxy/install/ros2multicast:/home/hd/ros2_foxy/install/ros2interface:/home/hd/ros2_foxy/install/ros2doctor:/home/hd/ros2_foxy/install/ros2action:/home/hd/ros2_foxy/install/ros2cli:/home/hd/ros2_foxy/install/quality_of_service_demo_py:/home/hd/ros2_foxy/install/launch_testing_ros:/home/hd/ros2_foxy/install/launch_ros:/home/hd/ros2_foxy/install/joystick_ros2:/home/hd/ros2_foxy/install/examples_rclpy_minimal_subscriber:/home/hd/ros2_foxy/install/examples_rclpy_minimal_service:/home/hd/ros2_foxy/install/examples_rclpy_minimal_publisher:/home/hd/ros2_foxy/install/examples_rclpy_minimal_client:/home/hd/ros2_foxy/install/examples_rclpy_minimal_action_server:/home/hd/ros2_foxy/install/examples_rclpy_minimal_action_client:/home/hd/ros2_foxy/install/examples_rclpy_executors:/home/hd/ros2_foxy/install/demo_nodes_py:/home/hd/ros2_foxy/install/action_tutorials_py:/home/hd/ros2_foxy/install/ament_uncrustify:/home/hd/ros2_foxy/install/tracetools_trace:/home/hd/ros2_foxy/install/tracetools_read:/home/hd/ros2_foxy/install/test_launch_ros:/home/hd/ros2_foxy/install/sensor_msgs_py:/home/hd/ros2_foxy/install/rpyutils:/home/hd/ros2_foxy/install/rosidl_runtime_py:/home/hd/ros2_foxy/install/launch_yaml:/home/hd/ros2_foxy/install/launch_xml:/home/hd/ros2_foxy/install/launch_testing:/home/hd/ros2_foxy/install/launch:/home/hd/ros2_foxy/install/osrf_pycommon:/home/hd/ros2_foxy/install/domain_coordinator:/home/hd/ros2_foxy/install/ament_xmllint:/home/hd/ros2_foxy/install/ament_pyflakes:/home/hd/ros2_foxy/install/ament_pycodestyle:/home/hd/ros2_foxy/install/ament_pep257:/home/hd/ros2_foxy/install/ament_pclint:/home/hd/ros2_foxy/install/ament_package:/home/hd/ros2_foxy/install/ament_mypy:/home/hd/ros2_foxy/install/ament_lint_cmake:/home/hd/ros2_foxy/install/ament_flake8:/home/hd/ros2_foxy/install/ament_copyright:/home/hd/ros2_foxy/install/ament_lint:/home/hd/ros2_foxy/install/ament_index_python:/home/hd/ros2_foxy/install/ament_cpplint:/home/hd/ros2_foxy/install/ament_cppcheck:/home/hd/ros2_foxy/install/ament_clang_tidy:/home/hd/ros2_foxy/install/ament_clang_format /usr/bin/cmake /home/hd/Desktop/Motor_Control/motor_controls.ws/src/ethercat_device_configurator -DCMAKE_INSTALL_PREFIX=/home/hd/Desktop/Motor_Control/motor_controls.ws/install/ethercat_device_configurator
[0.203s] -- Found rclcpp: 2.4.2 (/home/hd/ros2_foxy/install/rclcpp/share/rclcpp/cmake)
[0.741s] -- Found PythonInterp: /usr/bin/python3 (found suitable version "3.8.10", minimum required is "3") 
[0.742s] -- Using PYTHON_EXECUTABLE: /usr/bin/python3
[2.181s] -- Using all available rosidl_typesupport_c: rosidl_typesupport_fastrtps_c;rosidl_typesupport_introspection_c
[2.197s] -- Found rosidl_adapter: 1.3.0 (/home/hd/ros2_foxy/install/rosidl_adapter/share/rosidl_adapter/cmake)
[2.690s] -- Using all available rosidl_typesupport_cpp: rosidl_typesupport_fastrtps_cpp;rosidl_typesupport_introspection_cpp
[2.831s] -- Found rmw_implementation_cmake: 1.0.4 (/home/hd/ros2_foxy/install/rmw_implementation_cmake/share/rmw_implementation_cmake/cmake)
[2.898s] -- Using RMW implementation 'rmw_fastrtps_cpp' as default
[3.238s] -- Found motor_control_interfaces: 0.0.0 (/home/hd/Desktop/Motor_Control/motor_controls.ws/install/motor_control_interfaces/share/motor_control_interfaces/cmake)
[3.296s] CMake Warning at CMakeLists.txt:28 (find_package):
[3.296s]   By not providing "Findmessage_logger.cmake" in CMAKE_MODULE_PATH this
[3.296s]   project has asked CMake to find a package configuration file provided by
[3.296s]   "message_logger", but CMake did not find one.
[3.296s] 
[3.296s]   Could not find a package configuration file provided by "message_logger"
[3.296s]   with any of the following names:
[3.297s] 
[3.297s]     message_loggerConfig.cmake
[3.297s]     message_logger-config.cmake
[3.297s] 
[3.297s]   Add the installation prefix of "message_logger" to CMAKE_PREFIX_PATH or set
[3.297s]   "message_logger_DIR" to a directory containing one of the above files.  If
[3.297s]   "message_logger" provides a separate development package or SDK, be sure it
[3.297s]   has been installed.
[3.297s] 
[3.297s] 
[3.330s] CMake Warning at CMakeLists.txt:29 (find_package):
[3.330s]   By not providing "Findsoem_interface.cmake" in CMAKE_MODULE_PATH this
[3.330s]   project has asked CMake to find a package configuration file provided by
[3.331s]   "soem_interface", but CMake did not find one.
[3.333s] 
[3.334s]   Could not find a package configuration file provided by "soem_interface"
[3.334s]   with any of the following names:
[3.335s] 
[3.335s]     soem_interfaceConfig.cmake
[3.335s]     soem_interface-config.cmake
[3.335s] 
[3.335s]   Add the installation prefix of "soem_interface" to CMAKE_PREFIX_PATH or set
[3.335s]   "soem_interface_DIR" to a directory containing one of the above files.  If
[3.335s]   "soem_interface" provides a separate development package or SDK, be sure it
[3.335s]   has been installed.
[3.336s] 
[3.336s] 
[3.370s] CMake Warning at CMakeLists.txt:30 (find_package):
[3.371s]   By not providing "Findethercat_sdk_master.cmake" in CMAKE_MODULE_PATH this
[3.371s]   project has asked CMake to find a package configuration file provided by
[3.372s]   "ethercat_sdk_master", but CMake did not find one.
[3.372s] 
[3.372s]   Could not find a package configuration file provided by
[3.372s]   "ethercat_sdk_master" with any of the following names:
[3.373s] 
[3.373s]     ethercat_sdk_masterConfig.cmake
[3.373s]     ethercat_sdk_master-config.cmake
[3.373s] 
[3.373s]   Add the installation prefix of "ethercat_sdk_master" to CMAKE_PREFIX_PATH
[3.373s]   or set "ethercat_sdk_master_DIR" to a directory containing one of the above
[3.373s]   files.  If "ethercat_sdk_master" provides a separate development package or
[3.373s]   SDK, be sure it has been installed.
[3.373s] 
[3.374s] 
[3.403s] CMake Warning at CMakeLists.txt:31 (find_package):
[3.404s]   By not providing "Findmaxon_epos_ethercat_sdk.cmake" in CMAKE_MODULE_PATH
[3.404s]   this project has asked CMake to find a package configuration file provided
[3.406s]   by "maxon_epos_ethercat_sdk", but CMake did not find one.
[3.406s] 
[3.406s]   Could not find a package configuration file provided by
[3.406s]   "maxon_epos_ethercat_sdk" with any of the following names:
[3.406s] 
[3.406s]     maxon_epos_ethercat_sdkConfig.cmake
[3.407s]     maxon_epos_ethercat_sdk-config.cmake
[3.407s] 
[3.407s]   Add the installation prefix of "maxon_epos_ethercat_sdk" to
[3.407s]   CMAKE_PREFIX_PATH or set "maxon_epos_ethercat_sdk_DIR" to a directory
[3.407s]   containing one of the above files.  If "maxon_epos_ethercat_sdk" provides a
[3.407s]   separate development package or SDK, be sure it has been installed.
[3.407s] 
[3.407s] 
[3.502s] -- Found ament_lint_auto: 0.9.8 (/home/hd/ros2_foxy/install/ament_lint_auto/share/ament_lint_auto/cmake)
[4.369s] -- Added test 'cppcheck' to perform static code analysis on C / C++ code
[4.371s] -- Configured cppcheck include dirs: /home/hd/Desktop/Motor_Control/motor_controls.ws/src/ethercat_device_configurator/ethercat_sdk_master/../soem_interface/soem_interface/include;/home/hd/Desktop/Motor_Control/motor_controls.ws/src/ethercat_device_configurator/ethercat_sdk_master/../soem_interface/soem/include;/home/hd/Desktop/Motor_Control/motor_controls.ws/src/ethercat_device_configurator/ethercat_sdk_master/../message_logger/include;/home/hd/Desktop/Motor_Control/motor_controls.ws/src/ethercat_device_configurator/ethercat_sdk_master/include
[4.371s] -- Configured cppcheck exclude dirs and/or files: 
[4.375s] -- Added test 'lint_cmake' to check CMake code style
[4.383s] -- Added test 'uncrustify' to check C / C++ code style
[4.383s] -- Configured uncrustify additional arguments: 
[4.385s] -- Added test 'xmllint' to check XML markup files
[4.427s] -- Found ament_lint_auto: 0.9.8 (/home/hd/ros2_foxy/install/ament_lint_auto/share/ament_lint_auto/cmake)
[5.077s] -- Added test 'cppcheck' to perform static code analysis on C / C++ code
[5.080s] -- Configured cppcheck include dirs: /home/hd/Desktop/Motor_Control/motor_controls.ws/src/ethercat_device_configurator/maxon_epos_ethercat_sdk/include;/home/hd/Desktop/Motor_Control/motor_controls.ws/src/ethercat_device_configurator/maxon_epos_ethercat_sdk/../message_logger/include;/home/hd/Desktop/Motor_Control/motor_controls.ws/src/ethercat_device_configurator/maxon_epos_ethercat_sdk/../ethercat_sdk_master/include;/home/hd/Desktop/Motor_Control/motor_controls.ws/src/ethercat_device_configurator/maxon_epos_ethercat_sdk/../soem_interface/soem_interface/include;/home/hd/Desktop/Motor_Control/motor_controls.ws/src/ethercat_device_configurator/maxon_epos_ethercat_sdk/../soem_interface/soem/include
[5.080s] -- Configured cppcheck exclude dirs and/or files: 
[5.083s] -- Added test 'lint_cmake' to check CMake code style
[5.084s] -- Added test 'uncrustify' to check C / C++ code style
[5.084s] -- Configured uncrustify additional arguments: 
[5.087s] -- Added test 'xmllint' to check XML markup files
[5.104s] -- Found rclcpp_components: 2.4.2 (/home/hd/ros2_foxy/install/rclcpp_components/share/rclcpp_components/cmake)
[5.296s]  AHHHHHHHHHHHHHHHHHH message_logger
[6.707s] CMake Warning at soem_interface/soem_interface/CMakeLists.txt:22 (find_package):
[6.708s]   By not providing "Findsoem_rsl.cmake" in CMAKE_MODULE_PATH this project has
[6.708s]   asked CMake to find a package configuration file provided by "soem_rsl",
[6.708s]   but CMake did not find one.
[6.708s] 
[6.708s]   Could not find a package configuration file provided by "soem_rsl" with any
[6.708s]   of the following names:
[6.709s] 
[6.709s]     soem_rslConfig.cmake
[6.709s]     soem_rsl-config.cmake
[6.709s] 
[6.709s]   Add the installation prefix of "soem_rsl" to CMAKE_PREFIX_PATH or set
[6.710s]   "soem_rsl_DIR" to a directory containing one of the above files.  If
[6.710s]   "soem_rsl" provides a separate development package or SDK, be sure it has
[6.710s]   been installed.
[6.711s] 
[6.711s] 
[6.757s] CMake Warning at soem_interface/soem_interface/CMakeLists.txt:23 (find_package):
[6.757s]   By not providing "Findmessage_logger.cmake" in CMAKE_MODULE_PATH this
[6.757s]   project has asked CMake to find a package configuration file provided by
[6.758s]   "message_logger", but CMake did not find one.
[6.758s] 
[6.758s]   Could not find a package configuration file provided by "message_logger"
[6.758s]   with any of the following names:
[6.758s] 
[6.758s]     message_loggerConfig.cmake
[6.758s]     message_logger-config.cmake
[6.758s] 
[6.758s]   Add the installation prefix of "message_logger" to CMAKE_PREFIX_PATH or set
[6.758s]   "message_logger_DIR" to a directory containing one of the above files.  If
[6.758s]   "message_logger" provides a separate development package or SDK, be sure it
[6.758s]   has been installed.
[6.759s] 
[6.759s] 
[7.308s] CMake Error at CMakeLists.txt:52 (target_link_libraries):
[7.309s]   The plain signature for target_link_libraries has already been used with
[7.309s]   the target "standalone".  All uses of target_link_libraries with a target
[7.309s]   must be either all-keyword or all-plain.
[7.310s] 
[7.310s]   The uses of the plain signature are here:
[7.310s] 
[7.310s]    * /home/hd/ros2_foxy/install/ament_cmake_target_dependencies/share/ament_cmake_target_dependencies/cmake/ament_target_dependencies.cmake:145 (target_link_libraries)
[7.311s] 
[7.311s] 
[7.311s] 
[7.312s] CMake Error at CMakeLists.txt:64 (add_executable):
[7.312s]   add_executable cannot create target "standalone" because another target
[7.312s]   with the same name already exists.  The existing target is an executable
[7.313s]   created in source directory
[7.313s]   "/home/hd/Desktop/Motor_Control/motor_controls.ws/src/ethercat_device_configurator".
[7.314s]   See documentation for policy CMP0002 for more details.
[7.314s] 
[7.314s] 
[7.316s] CMake Error at CMakeLists.txt:82 (install):
[7.316s]   install TARGETS given target "motor_control" which does not exist.
[7.317s] 
[7.317s] 
[7.320s] -- Found ament_lint_auto: 0.9.8 (/home/hd/ros2_foxy/install/ament_lint_auto/share/ament_lint_auto/cmake)
[7.955s] -- Configuring incomplete, errors occurred!
[7.955s] See also "/home/hd/Desktop/Motor_Control/motor_controls.ws/build/ethercat_device_configurator/CMakeFiles/CMakeOutput.log".
[7.956s] See also "/home/hd/Desktop/Motor_Control/motor_controls.ws/build/ethercat_device_configurator/CMakeFiles/CMakeError.log".
[7.988s] Invoked command in '/home/hd/Desktop/Motor_Control/motor_controls.ws/build/ethercat_device_configurator' returned '1': CMAKE_PREFIX_PATH=${CMAKE_PREFIX_PATH}:/home/hd/Desktop/Motor_Control/motor_controls.ws/install/controller:/opt/ros/foxy:/home/hd/ros2_foxy/install/ros2bag:/home/hd/ros2_foxy/install/tracetools_launch:/home/hd/ros2_foxy/install/topic_monitor:/home/hd/ros2_foxy/install/examples_tf2_py:/home/hd/ros2_foxy/install/sros2:/home/hd/ros2_foxy/install/rqt_topic:/home/hd/ros2_foxy/install/rqt_top:/home/hd/ros2_foxy/install/rqt_srv:/home/hd/ros2_foxy/install/rqt_shell:/home/hd/ros2_foxy/install/rqt_service_caller:/home/hd/ros2_foxy/install/rqt_reconfigure:/home/hd/ros2_foxy/install/rqt_py_console:/home/hd/ros2_foxy/install/rqt_publisher:/home/hd/ros2_foxy/install/rqt_plot:/home/hd/ros2_foxy/install/rqt_action:/home/hd/ros2_foxy/install/rqt_msg:/home/hd/ros2_foxy/install/rqt_console:/home/hd/ros2_foxy/install/rqt:/home/hd/ros2_foxy/install/rqt_graph:/home/hd/ros2_foxy/install/rqt_gui_py:/home/hd/ros2_foxy/install/rqt_gui:/home/hd/ros2_foxy/install/ros2trace:/home/hd/ros2_foxy/install/ros2topic:/home/hd/ros2_foxy/install/ros2test:/home/hd/ros2_foxy/install/ros2component:/home/hd/ros2_foxy/install/ros2param:/home/hd/ros2_foxy/install/ros2lifecycle:/home/hd/ros2_foxy/install/ros2service:/home/hd/ros2_foxy/install/ros2run:/home/hd/ros2_foxy/install/ros2launch:/home/hd/ros2_foxy/install/ros2pkg:/home/hd/ros2_foxy/install/ros2node:/home/hd/ros2_foxy/install/ros2multicast:/home/hd/ros2_foxy/install/ros2interface:/home/hd/ros2_foxy/install/ros2doctor:/home/hd/ros2_foxy/install/ros2action:/home/hd/ros2_foxy/install/ros2cli:/home/hd/ros2_foxy/install/quality_of_service_demo_py:/home/hd/ros2_foxy/install/launch_testing_ros:/home/hd/ros2_foxy/install/launch_ros:/home/hd/ros2_foxy/install/joystick_ros2:/home/hd/ros2_foxy/install/examples_rclpy_minimal_subscriber:/home/hd/ros2_foxy/install/examples_rclpy_minimal_service:/home/hd/ros2_foxy/install/examples_rclpy_minimal_publisher:/home/hd/ros2_foxy/install/examples_rclpy_minimal_client:/home/hd/ros2_foxy/install/examples_rclpy_minimal_action_server:/home/hd/ros2_foxy/install/examples_rclpy_minimal_action_client:/home/hd/ros2_foxy/install/examples_rclpy_executors:/home/hd/ros2_foxy/install/demo_nodes_py:/home/hd/ros2_foxy/install/action_tutorials_py:/home/hd/ros2_foxy/install/ament_uncrustify:/home/hd/ros2_foxy/install/tracetools_trace:/home/hd/ros2_foxy/install/tracetools_read:/home/hd/ros2_foxy/install/test_launch_ros:/home/hd/ros2_foxy/install/sensor_msgs_py:/home/hd/ros2_foxy/install/rpyutils:/home/hd/ros2_foxy/install/rosidl_runtime_py:/home/hd/ros2_foxy/install/launch_yaml:/home/hd/ros2_foxy/install/launch_xml:/home/hd/ros2_foxy/install/launch_testing:/home/hd/ros2_foxy/install/launch:/home/hd/ros2_foxy/install/osrf_pycommon:/home/hd/ros2_foxy/install/domain_coordinator:/home/hd/ros2_foxy/install/ament_xmllint:/home/hd/ros2_foxy/install/ament_pyflakes:/home/hd/ros2_foxy/install/ament_pycodestyle:/home/hd/ros2_foxy/install/ament_pep257:/home/hd/ros2_foxy/install/ament_pclint:/home/hd/ros2_foxy/install/ament_package:/home/hd/ros2_foxy/install/ament_mypy:/home/hd/ros2_foxy/install/ament_lint_cmake:/home/hd/ros2_foxy/install/ament_flake8:/home/hd/ros2_foxy/install/ament_copyright:/home/hd/ros2_foxy/install/ament_lint:/home/hd/ros2_foxy/install/ament_index_python:/home/hd/ros2_foxy/install/ament_cpplint:/home/hd/ros2_foxy/install/ament_cppcheck:/home/hd/ros2_foxy/install/ament_clang_tidy:/home/hd/ros2_foxy/install/ament_clang_format /usr/bin/cmake /home/hd/Desktop/Motor_Control/motor_controls.ws/src/ethercat_device_configurator -DCMAKE_INSTALL_PREFIX=/home/hd/Desktop/Motor_Control/motor_controls.ws/install/ethercat_device_configurator
