[35m[1mScanning dependencies of target talker[0m
[ 25%] [32mBuilding CXX object CMakeFiles/talker.dir/src/send.cpp.o[0m
[ 75%] Built target suscriber
[100%] [32m[1mLinking CXX executable talker[0m
[100%] Built target talker
-- Install configuration: ""
-- Installing: /home/hd/Desktop/motor_controls.ws/install/coucou/lib/coucou/talker
-- Set runtime path of "/home/hd/Desktop/motor_controls.ws/install/coucou/lib/coucou/talker" to ""
-- Up-to-date: /home/hd/Desktop/motor_controls.ws/install/coucou/lib/coucou/suscriber
-- Up-to-date: /home/hd/Desktop/motor_controls.ws/install/coucou/share/ament_index/resource_index/package_run_dependencies/coucou
-- Up-to-date: /home/hd/Desktop/motor_controls.ws/install/coucou/share/ament_index/resource_index/parent_prefix_path/coucou
-- Up-to-date: /home/hd/Desktop/motor_controls.ws/install/coucou/share/coucou/environment/ament_prefix_path.dsv
-- Up-to-date: /home/hd/Desktop/motor_controls.ws/install/coucou/share/coucou/environment/path.dsv
-- Up-to-date: /home/hd/Desktop/motor_controls.ws/install/coucou/share/coucou/local_setup.bash
-- Up-to-date: /home/hd/Desktop/motor_controls.ws/install/coucou/share/coucou/local_setup.sh
-- Up-to-date: /home/hd/Desktop/motor_controls.ws/install/coucou/share/coucou/local_setup.zsh
-- Up-to-date: /home/hd/Desktop/motor_controls.ws/install/coucou/share/coucou/local_setup.dsv
-- Installing: /home/hd/Desktop/motor_controls.ws/install/coucou/share/coucou/package.dsv
-- Up-to-date: /home/hd/Desktop/motor_controls.ws/install/coucou/share/ament_index/resource_index/packages/coucou
-- Up-to-date: /home/hd/Desktop/motor_controls.ws/install/coucou/share/coucou/cmake/coucouConfig.cmake
-- Up-to-date: /home/hd/Desktop/motor_controls.ws/install/coucou/share/coucou/cmake/coucouConfig-version.cmake
-- Up-to-date: /home/hd/Desktop/motor_controls.ws/install/coucou/share/coucou/package.xml
