[35m[1mScanning dependencies of target suscriber_test[0m
[ 33%] Built target suscriber
[ 50%] [32mBuilding CXX object CMakeFiles/suscriber_test.dir/src/read_test.cpp.o[0m
[ 83%] Built target talker
[100%] [32m[1mLinking CXX executable suscriber_test[0m
[100%] Built target suscriber_test
-- Install configuration: ""
-- Up-to-date: /home/hd/Desktop/Motor_Control/motor_controls.ws/install/coucou/lib/coucou/talker
-- Up-to-date: /home/hd/Desktop/Motor_Control/motor_controls.ws/install/coucou/lib/coucou/suscriber
-- Installing: /home/hd/Desktop/Motor_Control/motor_controls.ws/install/coucou/lib/coucou/suscriber_test
-- Set runtime path of "/home/hd/Desktop/Motor_Control/motor_controls.ws/install/coucou/lib/coucou/suscriber_test" to ""
-- Up-to-date: /home/hd/Desktop/Motor_Control/motor_controls.ws/install/coucou/share/ament_index/resource_index/package_run_dependencies/coucou
-- Up-to-date: /home/hd/Desktop/Motor_Control/motor_controls.ws/install/coucou/share/ament_index/resource_index/parent_prefix_path/coucou
-- Up-to-date: /home/hd/Desktop/Motor_Control/motor_controls.ws/install/coucou/share/coucou/environment/ament_prefix_path.dsv
-- Up-to-date: /home/hd/Desktop/Motor_Control/motor_controls.ws/install/coucou/share/coucou/environment/path.dsv
-- Up-to-date: /home/hd/Desktop/Motor_Control/motor_controls.ws/install/coucou/share/coucou/local_setup.bash
-- Up-to-date: /home/hd/Desktop/Motor_Control/motor_controls.ws/install/coucou/share/coucou/local_setup.sh
-- Up-to-date: /home/hd/Desktop/Motor_Control/motor_controls.ws/install/coucou/share/coucou/local_setup.zsh
-- Up-to-date: /home/hd/Desktop/Motor_Control/motor_controls.ws/install/coucou/share/coucou/local_setup.dsv
-- Installing: /home/hd/Desktop/Motor_Control/motor_controls.ws/install/coucou/share/coucou/package.dsv
-- Up-to-date: /home/hd/Desktop/Motor_Control/motor_controls.ws/install/coucou/share/ament_index/resource_index/packages/coucou
-- Up-to-date: /home/hd/Desktop/Motor_Control/motor_controls.ws/install/coucou/share/coucou/cmake/coucouConfig.cmake
-- Up-to-date: /home/hd/Desktop/Motor_Control/motor_controls.ws/install/coucou/share/coucou/cmake/coucouConfig-version.cmake
-- Up-to-date: /home/hd/Desktop/Motor_Control/motor_controls.ws/install/coucou/share/coucou/package.xml
