[0.617s] DEBUG:colcon:Command line arguments: ['/usr/bin/colcon', 'build', '--packages-select', 'coucou']
[0.617s] DEBUG:colcon:Parsed command line arguments: Namespace(allow_overriding=[], ament_cmake_args=None, base_paths=['.'], build_base='build', catkin_cmake_args=None, catkin_skip_building_tests=False, cmake_args=None, cmake_clean_cache=False, cmake_clean_first=False, cmake_force_configure=False, cmake_target=None, cmake_target_skip_unavailable=False, continue_on_error=False, event_handlers=None, executor='parallel', ignore_user_meta=False, install_base='install', log_base=None, log_level=None, main=<bound method BuildVerb.main of <colcon_core.verb.build.BuildVerb object at 0x7fbee67b8580>>, merge_install=False, metas=['./colcon.meta'], packages_above=None, packages_above_and_dependencies=None, packages_above_depth=None, packages_end=None, packages_ignore=None, packages_ignore_regex=None, packages_select=['coucou'], packages_select_build_failed=False, packages_select_by_dep=None, packages_select_regex=None, packages_select_test_failures=False, packages_skip=None, packages_skip_build_finished=False, packages_skip_by_dep=None, packages_skip_regex=None, packages_skip_test_passed=False, packages_skip_up_to=None, packages_start=None, packages_up_to=None, packages_up_to_regex=None, parallel_workers=2, paths=None, symlink_install=False, test_result_base=None, verb_extension=<colcon_core.verb.build.BuildVerb object at 0x7fbee67b8580>, verb_name='build', verb_parser=<colcon_defaults.argument_parser.defaults.DefaultArgumentsDecorator object at 0x7fbee67b8ac0>)
[0.685s] Level 1:colcon.colcon_core.package_discovery:discover_packages(colcon_meta) check parameters
[0.685s] Level 1:colcon.colcon_core.package_discovery:discover_packages(recursive) check parameters
[0.685s] Level 1:colcon.colcon_core.package_discovery:discover_packages(ignore) check parameters
[0.685s] Level 1:colcon.colcon_core.package_discovery:discover_packages(path) check parameters
[0.685s] Level 1:colcon.colcon_core.package_discovery:discover_packages(colcon_meta) discover
[0.685s] Level 1:colcon.colcon_core.package_discovery:discover_packages(recursive) discover
[0.686s] INFO:colcon.colcon_core.package_discovery:Crawling recursively for packages in '/home/hd/Desktop/Motor_Control/motor_controls.ws'
[0.686s] Level 1:colcon.colcon_core.package_identification:_identify(.) by extensions ['ignore', 'ignore_ament_install']
[0.686s] Level 1:colcon.colcon_core.package_identification:_identify(.) by extension 'ignore'
[0.686s] Level 1:colcon.colcon_core.package_identification:_identify(.) by extension 'ignore_ament_install'
[0.686s] Level 1:colcon.colcon_core.package_identification:_identify(.) by extensions ['colcon_pkg']
[0.686s] Level 1:colcon.colcon_core.package_identification:_identify(.) by extension 'colcon_pkg'
[0.686s] Level 1:colcon.colcon_core.package_identification:_identify(.) by extensions ['colcon_meta']
[0.686s] Level 1:colcon.colcon_core.package_identification:_identify(.) by extension 'colcon_meta'
[0.686s] Level 1:colcon.colcon_core.package_identification:_identify(.) by extensions ['ros']
[0.686s] Level 1:colcon.colcon_core.package_identification:_identify(.) by extension 'ros'
[0.700s] Level 1:colcon.colcon_core.package_identification:_identify(.) by extensions ['cmake', 'python']
[0.701s] Level 1:colcon.colcon_core.package_identification:_identify(.) by extension 'cmake'
[0.701s] Level 1:colcon.colcon_core.package_identification:_identify(.) by extension 'python'
[0.701s] Level 1:colcon.colcon_core.package_identification:_identify(.) by extensions ['python_setup_py']
[0.701s] Level 1:colcon.colcon_core.package_identification:_identify(.) by extension 'python_setup_py'
[0.701s] Level 1:colcon.colcon_core.package_identification:_identify(build) by extensions ['ignore', 'ignore_ament_install']
[0.701s] Level 1:colcon.colcon_core.package_identification:_identify(build) by extension 'ignore'
[0.701s] Level 1:colcon.colcon_core.package_identification:_identify(build) ignored
[0.701s] Level 1:colcon.colcon_core.package_identification:_identify(install) by extensions ['ignore', 'ignore_ament_install']
[0.701s] Level 1:colcon.colcon_core.package_identification:_identify(install) by extension 'ignore'
[0.701s] Level 1:colcon.colcon_core.package_identification:_identify(install) ignored
[0.701s] Level 1:colcon.colcon_core.package_identification:_identify(log) by extensions ['ignore', 'ignore_ament_install']
[0.702s] Level 1:colcon.colcon_core.package_identification:_identify(log) by extension 'ignore'
[0.702s] Level 1:colcon.colcon_core.package_identification:_identify(log) ignored
[0.702s] Level 1:colcon.colcon_core.package_identification:_identify(src) by extensions ['ignore', 'ignore_ament_install']
[0.702s] Level 1:colcon.colcon_core.package_identification:_identify(src) by extension 'ignore'
[0.702s] Level 1:colcon.colcon_core.package_identification:_identify(src) by extension 'ignore_ament_install'
[0.702s] Level 1:colcon.colcon_core.package_identification:_identify(src) by extensions ['colcon_pkg']
[0.702s] Level 1:colcon.colcon_core.package_identification:_identify(src) by extension 'colcon_pkg'
[0.702s] Level 1:colcon.colcon_core.package_identification:_identify(src) by extensions ['colcon_meta']
[0.702s] Level 1:colcon.colcon_core.package_identification:_identify(src) by extension 'colcon_meta'
[0.702s] Level 1:colcon.colcon_core.package_identification:_identify(src) by extensions ['ros']
[0.702s] Level 1:colcon.colcon_core.package_identification:_identify(src) by extension 'ros'
[0.702s] Level 1:colcon.colcon_core.package_identification:_identify(src) by extensions ['cmake', 'python']
[0.702s] Level 1:colcon.colcon_core.package_identification:_identify(src) by extension 'cmake'
[0.702s] Level 1:colcon.colcon_core.package_identification:_identify(src) by extension 'python'
[0.702s] Level 1:colcon.colcon_core.package_identification:_identify(src) by extensions ['python_setup_py']
[0.703s] Level 1:colcon.colcon_core.package_identification:_identify(src) by extension 'python_setup_py'
[0.703s] Level 1:colcon.colcon_core.package_identification:_identify(src/controller) by extensions ['ignore', 'ignore_ament_install']
[0.703s] Level 1:colcon.colcon_core.package_identification:_identify(src/controller) by extension 'ignore'
[0.703s] Level 1:colcon.colcon_core.package_identification:_identify(src/controller) by extension 'ignore_ament_install'
[0.703s] Level 1:colcon.colcon_core.package_identification:_identify(src/controller) by extensions ['colcon_pkg']
[0.703s] Level 1:colcon.colcon_core.package_identification:_identify(src/controller) by extension 'colcon_pkg'
[0.703s] Level 1:colcon.colcon_core.package_identification:_identify(src/controller) by extensions ['colcon_meta']
[0.703s] Level 1:colcon.colcon_core.package_identification:_identify(src/controller) by extension 'colcon_meta'
[0.703s] Level 1:colcon.colcon_core.package_identification:_identify(src/controller) by extensions ['ros']
[0.703s] Level 1:colcon.colcon_core.package_identification:_identify(src/controller) by extension 'ros'
[0.705s] DEBUG:colcon.colcon_core.package_identification:Package 'src/controller' with type 'ros.ament_python' and name 'controller'
[0.705s] Level 1:colcon.colcon_core.package_identification:_identify(src/coucou) by extensions ['ignore', 'ignore_ament_install']
[0.705s] Level 1:colcon.colcon_core.package_identification:_identify(src/coucou) by extension 'ignore'
[0.706s] Level 1:colcon.colcon_core.package_identification:_identify(src/coucou) by extension 'ignore_ament_install'
[0.706s] Level 1:colcon.colcon_core.package_identification:_identify(src/coucou) by extensions ['colcon_pkg']
[0.706s] Level 1:colcon.colcon_core.package_identification:_identify(src/coucou) by extension 'colcon_pkg'
[0.706s] Level 1:colcon.colcon_core.package_identification:_identify(src/coucou) by extensions ['colcon_meta']
[0.706s] Level 1:colcon.colcon_core.package_identification:_identify(src/coucou) by extension 'colcon_meta'
[0.706s] Level 1:colcon.colcon_core.package_identification:_identify(src/coucou) by extensions ['ros']
[0.706s] Level 1:colcon.colcon_core.package_identification:_identify(src/coucou) by extension 'ros'
[0.707s] DEBUG:colcon.colcon_core.package_identification:Package 'src/coucou' with type 'ros.ament_cmake' and name 'coucou'
[0.707s] Level 1:colcon.colcon_core.package_identification:_identify(src/ethercat_device_configurator) by extensions ['ignore', 'ignore_ament_install']
[0.707s] Level 1:colcon.colcon_core.package_identification:_identify(src/ethercat_device_configurator) by extension 'ignore'
[0.707s] Level 1:colcon.colcon_core.package_identification:_identify(src/ethercat_device_configurator) by extension 'ignore_ament_install'
[0.707s] Level 1:colcon.colcon_core.package_identification:_identify(src/ethercat_device_configurator) by extensions ['colcon_pkg']
[0.707s] Level 1:colcon.colcon_core.package_identification:_identify(src/ethercat_device_configurator) by extension 'colcon_pkg'
[0.708s] Level 1:colcon.colcon_core.package_identification:_identify(src/ethercat_device_configurator) by extensions ['colcon_meta']
[0.708s] Level 1:colcon.colcon_core.package_identification:_identify(src/ethercat_device_configurator) by extension 'colcon_meta'
[0.708s] Level 1:colcon.colcon_core.package_identification:_identify(src/ethercat_device_configurator) by extensions ['ros']
[0.708s] Level 1:colcon.colcon_core.package_identification:_identify(src/ethercat_device_configurator) by extension 'ros'
[0.708s] DEBUG:colcon.colcon_core.package_identification:Package 'src/ethercat_device_configurator' with type 'ros.ament_cmake' and name 'ethercat_device_configurator'
[0.709s] Level 1:colcon.colcon_core.package_discovery:discover_packages(recursive) using defaults
[0.709s] Level 1:colcon.colcon_core.package_discovery:discover_packages(ignore) discover
[0.709s] Level 1:colcon.colcon_core.package_discovery:discover_packages(ignore) using defaults
[0.709s] Level 1:colcon.colcon_core.package_discovery:discover_packages(path) discover
[0.709s] Level 1:colcon.colcon_core.package_discovery:discover_packages(path) using defaults
[0.759s] INFO:colcon.colcon_core.package_selection:Skipping not selected package 'controller' in 'src/controller'
[0.759s] INFO:colcon.colcon_core.package_selection:Skipping not selected package 'ethercat_device_configurator' in 'src/ethercat_device_configurator'
[0.760s] Level 1:colcon.colcon_core.package_discovery:discover_packages(prefix_path) check parameters
[0.760s] Level 1:colcon.colcon_core.package_discovery:discover_packages(prefix_path) discover
[0.776s] DEBUG:colcon.colcon_installed_package_information.package_discovery:Found 2 installed packages in /home/hd/Desktop/Motor_Control/motor_controls.ws/install
[0.786s] DEBUG:colcon.colcon_installed_package_information.package_discovery:Found 312 installed packages in /home/hd/ros2_foxy/install
[0.791s] DEBUG:colcon.colcon_installed_package_information.package_discovery:Found 78 installed packages in /opt/ros/foxy
[0.794s] Level 1:colcon.colcon_core.package_discovery:discover_packages(prefix_path) using defaults
[0.836s] Level 5:colcon.colcon_core.verb:set package 'coucou' build argument 'cmake_args' from command line to 'None'
[0.836s] Level 5:colcon.colcon_core.verb:set package 'coucou' build argument 'cmake_target' from command line to 'None'
[0.836s] Level 5:colcon.colcon_core.verb:set package 'coucou' build argument 'cmake_target_skip_unavailable' from command line to 'False'
[0.836s] Level 5:colcon.colcon_core.verb:set package 'coucou' build argument 'cmake_clean_cache' from command line to 'False'
[0.836s] Level 5:colcon.colcon_core.verb:set package 'coucou' build argument 'cmake_clean_first' from command line to 'False'
[0.836s] Level 5:colcon.colcon_core.verb:set package 'coucou' build argument 'cmake_force_configure' from command line to 'False'
[0.836s] Level 5:colcon.colcon_core.verb:set package 'coucou' build argument 'ament_cmake_args' from command line to 'None'
[0.836s] Level 5:colcon.colcon_core.verb:set package 'coucou' build argument 'catkin_cmake_args' from command line to 'None'
[0.836s] Level 5:colcon.colcon_core.verb:set package 'coucou' build argument 'catkin_skip_building_tests' from command line to 'False'
[0.836s] DEBUG:colcon.colcon_core.verb:Building package 'coucou' with the following arguments: {'ament_cmake_args': None, 'build_base': '/home/hd/Desktop/Motor_Control/motor_controls.ws/build/coucou', 'catkin_cmake_args': None, 'catkin_skip_building_tests': False, 'cmake_args': None, 'cmake_clean_cache': False, 'cmake_clean_first': False, 'cmake_force_configure': False, 'cmake_target': None, 'cmake_target_skip_unavailable': False, 'install_base': '/home/hd/Desktop/Motor_Control/motor_controls.ws/install/coucou', 'merge_install': False, 'path': '/home/hd/Desktop/Motor_Control/motor_controls.ws/src/coucou', 'symlink_install': False, 'test_result_base': None}
[0.839s] INFO:colcon.colcon_core.executor:Executing jobs using 'parallel' executor
[0.851s] DEBUG:colcon.colcon_parallel_executor.executor.parallel:run_until_complete
[0.852s] INFO:colcon.colcon_ros.task.ament_cmake.build:Building ROS package in '/home/hd/Desktop/Motor_Control/motor_controls.ws/src/coucou' with build type 'ament_cmake'
[0.852s] INFO:colcon.colcon_cmake.task.cmake.build:Building CMake package in '/home/hd/Desktop/Motor_Control/motor_controls.ws/src/coucou'
[0.867s] INFO:colcon.colcon_core.plugin_system:Skipping extension 'colcon_core.shell.bat': Not used on non-Windows systems
[0.867s] INFO:colcon.colcon_core.shell:Skip shell extension 'powershell' for command environment: Not usable outside of PowerShell
[0.868s] DEBUG:colcon.colcon_core.shell:Skip shell extension 'dsv' for command environment
[0.916s] DEBUG:colcon.colcon_core.event_handler.log_command:Invoking command in '/home/hd/Desktop/Motor_Control/motor_controls.ws/build/coucou': CMAKE_PREFIX_PATH=${CMAKE_PREFIX_PATH}:/home/hd/Desktop/Motor_Control/motor_controls.ws/install/controller:/opt/ros/foxy:/home/hd/ros2_foxy/install/ros2bag:/home/hd/ros2_foxy/install/tracetools_launch:/home/hd/ros2_foxy/install/topic_monitor:/home/hd/ros2_foxy/install/examples_tf2_py:/home/hd/ros2_foxy/install/sros2:/home/hd/ros2_foxy/install/rqt_topic:/home/hd/ros2_foxy/install/rqt_top:/home/hd/ros2_foxy/install/rqt_srv:/home/hd/ros2_foxy/install/rqt_shell:/home/hd/ros2_foxy/install/rqt_service_caller:/home/hd/ros2_foxy/install/rqt_reconfigure:/home/hd/ros2_foxy/install/rqt_py_console:/home/hd/ros2_foxy/install/rqt_publisher:/home/hd/ros2_foxy/install/rqt_plot:/home/hd/ros2_foxy/install/rqt_action:/home/hd/ros2_foxy/install/rqt_msg:/home/hd/ros2_foxy/install/rqt_console:/home/hd/ros2_foxy/install/rqt:/home/hd/ros2_foxy/install/rqt_graph:/home/hd/ros2_foxy/install/rqt_gui_py:/home/hd/ros2_foxy/install/rqt_gui:/home/hd/ros2_foxy/install/ros2trace:/home/hd/ros2_foxy/install/ros2topic:/home/hd/ros2_foxy/install/ros2test:/home/hd/ros2_foxy/install/ros2component:/home/hd/ros2_foxy/install/ros2param:/home/hd/ros2_foxy/install/ros2lifecycle:/home/hd/ros2_foxy/install/ros2service:/home/hd/ros2_foxy/install/ros2run:/home/hd/ros2_foxy/install/ros2launch:/home/hd/ros2_foxy/install/ros2pkg:/home/hd/ros2_foxy/install/ros2node:/home/hd/ros2_foxy/install/ros2multicast:/home/hd/ros2_foxy/install/ros2interface:/home/hd/ros2_foxy/install/ros2doctor:/home/hd/ros2_foxy/install/ros2action:/home/hd/ros2_foxy/install/ros2cli:/home/hd/ros2_foxy/install/quality_of_service_demo_py:/home/hd/ros2_foxy/install/launch_testing_ros:/home/hd/ros2_foxy/install/launch_ros:/home/hd/ros2_foxy/install/joystick_ros2:/home/hd/ros2_foxy/install/examples_rclpy_minimal_subscriber:/home/hd/ros2_foxy/install/examples_rclpy_minimal_service:/home/hd/ros2_foxy/install/examples_rclpy_minimal_publisher:/home/hd/ros2_foxy/install/examples_rclpy_minimal_client:/home/hd/ros2_foxy/install/examples_rclpy_minimal_action_server:/home/hd/ros2_foxy/install/examples_rclpy_minimal_action_client:/home/hd/ros2_foxy/install/examples_rclpy_executors:/home/hd/ros2_foxy/install/demo_nodes_py:/home/hd/ros2_foxy/install/action_tutorials_py:/home/hd/ros2_foxy/install/ament_uncrustify:/home/hd/ros2_foxy/install/tracetools_trace:/home/hd/ros2_foxy/install/tracetools_read:/home/hd/ros2_foxy/install/test_launch_ros:/home/hd/ros2_foxy/install/sensor_msgs_py:/home/hd/ros2_foxy/install/rpyutils:/home/hd/ros2_foxy/install/rosidl_runtime_py:/home/hd/ros2_foxy/install/launch_yaml:/home/hd/ros2_foxy/install/launch_xml:/home/hd/ros2_foxy/install/launch_testing:/home/hd/ros2_foxy/install/launch:/home/hd/ros2_foxy/install/osrf_pycommon:/home/hd/ros2_foxy/install/domain_coordinator:/home/hd/ros2_foxy/install/ament_xmllint:/home/hd/ros2_foxy/install/ament_pyflakes:/home/hd/ros2_foxy/install/ament_pycodestyle:/home/hd/ros2_foxy/install/ament_pep257:/home/hd/ros2_foxy/install/ament_pclint:/home/hd/ros2_foxy/install/ament_package:/home/hd/ros2_foxy/install/ament_mypy:/home/hd/ros2_foxy/install/ament_lint_cmake:/home/hd/ros2_foxy/install/ament_flake8:/home/hd/ros2_foxy/install/ament_copyright:/home/hd/ros2_foxy/install/ament_lint:/home/hd/ros2_foxy/install/ament_index_python:/home/hd/ros2_foxy/install/ament_cpplint:/home/hd/ros2_foxy/install/ament_cppcheck:/home/hd/ros2_foxy/install/ament_clang_tidy:/home/hd/ros2_foxy/install/ament_clang_format /usr/bin/cmake --build /home/hd/Desktop/Motor_Control/motor_controls.ws/build/coucou -- -j2 -l2
[8.462s] DEBUG:colcon.colcon_core.event_handler.log_command:Invoked command in '/home/hd/Desktop/Motor_Control/motor_controls.ws/build/coucou' returned '0': CMAKE_PREFIX_PATH=${CMAKE_PREFIX_PATH}:/home/hd/Desktop/Motor_Control/motor_controls.ws/install/controller:/opt/ros/foxy:/home/hd/ros2_foxy/install/ros2bag:/home/hd/ros2_foxy/install/tracetools_launch:/home/hd/ros2_foxy/install/topic_monitor:/home/hd/ros2_foxy/install/examples_tf2_py:/home/hd/ros2_foxy/install/sros2:/home/hd/ros2_foxy/install/rqt_topic:/home/hd/ros2_foxy/install/rqt_top:/home/hd/ros2_foxy/install/rqt_srv:/home/hd/ros2_foxy/install/rqt_shell:/home/hd/ros2_foxy/install/rqt_service_caller:/home/hd/ros2_foxy/install/rqt_reconfigure:/home/hd/ros2_foxy/install/rqt_py_console:/home/hd/ros2_foxy/install/rqt_publisher:/home/hd/ros2_foxy/install/rqt_plot:/home/hd/ros2_foxy/install/rqt_action:/home/hd/ros2_foxy/install/rqt_msg:/home/hd/ros2_foxy/install/rqt_console:/home/hd/ros2_foxy/install/rqt:/home/hd/ros2_foxy/install/rqt_graph:/home/hd/ros2_foxy/install/rqt_gui_py:/home/hd/ros2_foxy/install/rqt_gui:/home/hd/ros2_foxy/install/ros2trace:/home/hd/ros2_foxy/install/ros2topic:/home/hd/ros2_foxy/install/ros2test:/home/hd/ros2_foxy/install/ros2component:/home/hd/ros2_foxy/install/ros2param:/home/hd/ros2_foxy/install/ros2lifecycle:/home/hd/ros2_foxy/install/ros2service:/home/hd/ros2_foxy/install/ros2run:/home/hd/ros2_foxy/install/ros2launch:/home/hd/ros2_foxy/install/ros2pkg:/home/hd/ros2_foxy/install/ros2node:/home/hd/ros2_foxy/install/ros2multicast:/home/hd/ros2_foxy/install/ros2interface:/home/hd/ros2_foxy/install/ros2doctor:/home/hd/ros2_foxy/install/ros2action:/home/hd/ros2_foxy/install/ros2cli:/home/hd/ros2_foxy/install/quality_of_service_demo_py:/home/hd/ros2_foxy/install/launch_testing_ros:/home/hd/ros2_foxy/install/launch_ros:/home/hd/ros2_foxy/install/joystick_ros2:/home/hd/ros2_foxy/install/examples_rclpy_minimal_subscriber:/home/hd/ros2_foxy/install/examples_rclpy_minimal_service:/home/hd/ros2_foxy/install/examples_rclpy_minimal_publisher:/home/hd/ros2_foxy/install/examples_rclpy_minimal_client:/home/hd/ros2_foxy/install/examples_rclpy_minimal_action_server:/home/hd/ros2_foxy/install/examples_rclpy_minimal_action_client:/home/hd/ros2_foxy/install/examples_rclpy_executors:/home/hd/ros2_foxy/install/demo_nodes_py:/home/hd/ros2_foxy/install/action_tutorials_py:/home/hd/ros2_foxy/install/ament_uncrustify:/home/hd/ros2_foxy/install/tracetools_trace:/home/hd/ros2_foxy/install/tracetools_read:/home/hd/ros2_foxy/install/test_launch_ros:/home/hd/ros2_foxy/install/sensor_msgs_py:/home/hd/ros2_foxy/install/rpyutils:/home/hd/ros2_foxy/install/rosidl_runtime_py:/home/hd/ros2_foxy/install/launch_yaml:/home/hd/ros2_foxy/install/launch_xml:/home/hd/ros2_foxy/install/launch_testing:/home/hd/ros2_foxy/install/launch:/home/hd/ros2_foxy/install/osrf_pycommon:/home/hd/ros2_foxy/install/domain_coordinator:/home/hd/ros2_foxy/install/ament_xmllint:/home/hd/ros2_foxy/install/ament_pyflakes:/home/hd/ros2_foxy/install/ament_pycodestyle:/home/hd/ros2_foxy/install/ament_pep257:/home/hd/ros2_foxy/install/ament_pclint:/home/hd/ros2_foxy/install/ament_package:/home/hd/ros2_foxy/install/ament_mypy:/home/hd/ros2_foxy/install/ament_lint_cmake:/home/hd/ros2_foxy/install/ament_flake8:/home/hd/ros2_foxy/install/ament_copyright:/home/hd/ros2_foxy/install/ament_lint:/home/hd/ros2_foxy/install/ament_index_python:/home/hd/ros2_foxy/install/ament_cpplint:/home/hd/ros2_foxy/install/ament_cppcheck:/home/hd/ros2_foxy/install/ament_clang_tidy:/home/hd/ros2_foxy/install/ament_clang_format /usr/bin/cmake --build /home/hd/Desktop/Motor_Control/motor_controls.ws/build/coucou -- -j2 -l2
[8.591s] DEBUG:colcon.colcon_core.event_handler.log_command:Invoking command in '/home/hd/Desktop/Motor_Control/motor_controls.ws/build/coucou': CMAKE_PREFIX_PATH=${CMAKE_PREFIX_PATH}:/home/hd/Desktop/Motor_Control/motor_controls.ws/install/controller:/opt/ros/foxy:/home/hd/ros2_foxy/install/ros2bag:/home/hd/ros2_foxy/install/tracetools_launch:/home/hd/ros2_foxy/install/topic_monitor:/home/hd/ros2_foxy/install/examples_tf2_py:/home/hd/ros2_foxy/install/sros2:/home/hd/ros2_foxy/install/rqt_topic:/home/hd/ros2_foxy/install/rqt_top:/home/hd/ros2_foxy/install/rqt_srv:/home/hd/ros2_foxy/install/rqt_shell:/home/hd/ros2_foxy/install/rqt_service_caller:/home/hd/ros2_foxy/install/rqt_reconfigure:/home/hd/ros2_foxy/install/rqt_py_console:/home/hd/ros2_foxy/install/rqt_publisher:/home/hd/ros2_foxy/install/rqt_plot:/home/hd/ros2_foxy/install/rqt_action:/home/hd/ros2_foxy/install/rqt_msg:/home/hd/ros2_foxy/install/rqt_console:/home/hd/ros2_foxy/install/rqt:/home/hd/ros2_foxy/install/rqt_graph:/home/hd/ros2_foxy/install/rqt_gui_py:/home/hd/ros2_foxy/install/rqt_gui:/home/hd/ros2_foxy/install/ros2trace:/home/hd/ros2_foxy/install/ros2topic:/home/hd/ros2_foxy/install/ros2test:/home/hd/ros2_foxy/install/ros2component:/home/hd/ros2_foxy/install/ros2param:/home/hd/ros2_foxy/install/ros2lifecycle:/home/hd/ros2_foxy/install/ros2service:/home/hd/ros2_foxy/install/ros2run:/home/hd/ros2_foxy/install/ros2launch:/home/hd/ros2_foxy/install/ros2pkg:/home/hd/ros2_foxy/install/ros2node:/home/hd/ros2_foxy/install/ros2multicast:/home/hd/ros2_foxy/install/ros2interface:/home/hd/ros2_foxy/install/ros2doctor:/home/hd/ros2_foxy/install/ros2action:/home/hd/ros2_foxy/install/ros2cli:/home/hd/ros2_foxy/install/quality_of_service_demo_py:/home/hd/ros2_foxy/install/launch_testing_ros:/home/hd/ros2_foxy/install/launch_ros:/home/hd/ros2_foxy/install/joystick_ros2:/home/hd/ros2_foxy/install/examples_rclpy_minimal_subscriber:/home/hd/ros2_foxy/install/examples_rclpy_minimal_service:/home/hd/ros2_foxy/install/examples_rclpy_minimal_publisher:/home/hd/ros2_foxy/install/examples_rclpy_minimal_client:/home/hd/ros2_foxy/install/examples_rclpy_minimal_action_server:/home/hd/ros2_foxy/install/examples_rclpy_minimal_action_client:/home/hd/ros2_foxy/install/examples_rclpy_executors:/home/hd/ros2_foxy/install/demo_nodes_py:/home/hd/ros2_foxy/install/action_tutorials_py:/home/hd/ros2_foxy/install/ament_uncrustify:/home/hd/ros2_foxy/install/tracetools_trace:/home/hd/ros2_foxy/install/tracetools_read:/home/hd/ros2_foxy/install/test_launch_ros:/home/hd/ros2_foxy/install/sensor_msgs_py:/home/hd/ros2_foxy/install/rpyutils:/home/hd/ros2_foxy/install/rosidl_runtime_py:/home/hd/ros2_foxy/install/launch_yaml:/home/hd/ros2_foxy/install/launch_xml:/home/hd/ros2_foxy/install/launch_testing:/home/hd/ros2_foxy/install/launch:/home/hd/ros2_foxy/install/osrf_pycommon:/home/hd/ros2_foxy/install/domain_coordinator:/home/hd/ros2_foxy/install/ament_xmllint:/home/hd/ros2_foxy/install/ament_pyflakes:/home/hd/ros2_foxy/install/ament_pycodestyle:/home/hd/ros2_foxy/install/ament_pep257:/home/hd/ros2_foxy/install/ament_pclint:/home/hd/ros2_foxy/install/ament_package:/home/hd/ros2_foxy/install/ament_mypy:/home/hd/ros2_foxy/install/ament_lint_cmake:/home/hd/ros2_foxy/install/ament_flake8:/home/hd/ros2_foxy/install/ament_copyright:/home/hd/ros2_foxy/install/ament_lint:/home/hd/ros2_foxy/install/ament_index_python:/home/hd/ros2_foxy/install/ament_cpplint:/home/hd/ros2_foxy/install/ament_cppcheck:/home/hd/ros2_foxy/install/ament_clang_tidy:/home/hd/ros2_foxy/install/ament_clang_format /usr/bin/cmake --install /home/hd/Desktop/Motor_Control/motor_controls.ws/build/coucou
[8.640s] Level 1:colcon.colcon_core.environment:create_environment_scripts_only(coucou)
[8.644s] DEBUG:colcon.colcon_core.event_handler.log_command:Invoked command in '/home/hd/Desktop/Motor_Control/motor_controls.ws/build/coucou' returned '0': CMAKE_PREFIX_PATH=${CMAKE_PREFIX_PATH}:/home/hd/Desktop/Motor_Control/motor_controls.ws/install/controller:/opt/ros/foxy:/home/hd/ros2_foxy/install/ros2bag:/home/hd/ros2_foxy/install/tracetools_launch:/home/hd/ros2_foxy/install/topic_monitor:/home/hd/ros2_foxy/install/examples_tf2_py:/home/hd/ros2_foxy/install/sros2:/home/hd/ros2_foxy/install/rqt_topic:/home/hd/ros2_foxy/install/rqt_top:/home/hd/ros2_foxy/install/rqt_srv:/home/hd/ros2_foxy/install/rqt_shell:/home/hd/ros2_foxy/install/rqt_service_caller:/home/hd/ros2_foxy/install/rqt_reconfigure:/home/hd/ros2_foxy/install/rqt_py_console:/home/hd/ros2_foxy/install/rqt_publisher:/home/hd/ros2_foxy/install/rqt_plot:/home/hd/ros2_foxy/install/rqt_action:/home/hd/ros2_foxy/install/rqt_msg:/home/hd/ros2_foxy/install/rqt_console:/home/hd/ros2_foxy/install/rqt:/home/hd/ros2_foxy/install/rqt_graph:/home/hd/ros2_foxy/install/rqt_gui_py:/home/hd/ros2_foxy/install/rqt_gui:/home/hd/ros2_foxy/install/ros2trace:/home/hd/ros2_foxy/install/ros2topic:/home/hd/ros2_foxy/install/ros2test:/home/hd/ros2_foxy/install/ros2component:/home/hd/ros2_foxy/install/ros2param:/home/hd/ros2_foxy/install/ros2lifecycle:/home/hd/ros2_foxy/install/ros2service:/home/hd/ros2_foxy/install/ros2run:/home/hd/ros2_foxy/install/ros2launch:/home/hd/ros2_foxy/install/ros2pkg:/home/hd/ros2_foxy/install/ros2node:/home/hd/ros2_foxy/install/ros2multicast:/home/hd/ros2_foxy/install/ros2interface:/home/hd/ros2_foxy/install/ros2doctor:/home/hd/ros2_foxy/install/ros2action:/home/hd/ros2_foxy/install/ros2cli:/home/hd/ros2_foxy/install/quality_of_service_demo_py:/home/hd/ros2_foxy/install/launch_testing_ros:/home/hd/ros2_foxy/install/launch_ros:/home/hd/ros2_foxy/install/joystick_ros2:/home/hd/ros2_foxy/install/examples_rclpy_minimal_subscriber:/home/hd/ros2_foxy/install/examples_rclpy_minimal_service:/home/hd/ros2_foxy/install/examples_rclpy_minimal_publisher:/home/hd/ros2_foxy/install/examples_rclpy_minimal_client:/home/hd/ros2_foxy/install/examples_rclpy_minimal_action_server:/home/hd/ros2_foxy/install/examples_rclpy_minimal_action_client:/home/hd/ros2_foxy/install/examples_rclpy_executors:/home/hd/ros2_foxy/install/demo_nodes_py:/home/hd/ros2_foxy/install/action_tutorials_py:/home/hd/ros2_foxy/install/ament_uncrustify:/home/hd/ros2_foxy/install/tracetools_trace:/home/hd/ros2_foxy/install/tracetools_read:/home/hd/ros2_foxy/install/test_launch_ros:/home/hd/ros2_foxy/install/sensor_msgs_py:/home/hd/ros2_foxy/install/rpyutils:/home/hd/ros2_foxy/install/rosidl_runtime_py:/home/hd/ros2_foxy/install/launch_yaml:/home/hd/ros2_foxy/install/launch_xml:/home/hd/ros2_foxy/install/launch_testing:/home/hd/ros2_foxy/install/launch:/home/hd/ros2_foxy/install/osrf_pycommon:/home/hd/ros2_foxy/install/domain_coordinator:/home/hd/ros2_foxy/install/ament_xmllint:/home/hd/ros2_foxy/install/ament_pyflakes:/home/hd/ros2_foxy/install/ament_pycodestyle:/home/hd/ros2_foxy/install/ament_pep257:/home/hd/ros2_foxy/install/ament_pclint:/home/hd/ros2_foxy/install/ament_package:/home/hd/ros2_foxy/install/ament_mypy:/home/hd/ros2_foxy/install/ament_lint_cmake:/home/hd/ros2_foxy/install/ament_flake8:/home/hd/ros2_foxy/install/ament_copyright:/home/hd/ros2_foxy/install/ament_lint:/home/hd/ros2_foxy/install/ament_index_python:/home/hd/ros2_foxy/install/ament_cpplint:/home/hd/ros2_foxy/install/ament_cppcheck:/home/hd/ros2_foxy/install/ament_clang_tidy:/home/hd/ros2_foxy/install/ament_clang_format /usr/bin/cmake --install /home/hd/Desktop/Motor_Control/motor_controls.ws/build/coucou
[8.661s] Level 1:colcon.colcon_core.environment:checking '/home/hd/Desktop/Motor_Control/motor_controls.ws/install/coucou' for CMake module files
[8.661s] Level 1:colcon.colcon_core.environment:checking '/home/hd/Desktop/Motor_Control/motor_controls.ws/install/coucou' for CMake config files
[8.662s] Level 1:colcon.colcon_core.shell:create_environment_hook('coucou', 'cmake_prefix_path')
[8.669s] INFO:colcon.colcon_core.shell:Creating environment hook '/home/hd/Desktop/Motor_Control/motor_controls.ws/install/coucou/share/coucou/hook/cmake_prefix_path.ps1'
[8.673s] INFO:colcon.colcon_core.shell:Creating environment descriptor '/home/hd/Desktop/Motor_Control/motor_controls.ws/install/coucou/share/coucou/hook/cmake_prefix_path.dsv'
[8.675s] INFO:colcon.colcon_core.shell:Creating environment hook '/home/hd/Desktop/Motor_Control/motor_controls.ws/install/coucou/share/coucou/hook/cmake_prefix_path.sh'
[8.676s] Level 1:colcon.colcon_core.environment:checking '/home/hd/Desktop/Motor_Control/motor_controls.ws/install/coucou/lib'
[8.676s] Level 1:colcon.colcon_core.environment:checking '/home/hd/Desktop/Motor_Control/motor_controls.ws/install/coucou/bin'
[8.676s] Level 1:colcon.colcon_core.environment:checking '/home/hd/Desktop/Motor_Control/motor_controls.ws/install/coucou/lib/pkgconfig/coucou.pc'
[8.677s] Level 1:colcon.colcon_core.environment:checking '/home/hd/Desktop/Motor_Control/motor_controls.ws/install/coucou/lib/python3.8/site-packages'
[8.677s] Level 1:colcon.colcon_core.environment:checking '/home/hd/Desktop/Motor_Control/motor_controls.ws/install/coucou/bin'
[8.681s] INFO:colcon.colcon_core.shell:Creating package script '/home/hd/Desktop/Motor_Control/motor_controls.ws/install/coucou/share/coucou/package.ps1'
[8.683s] INFO:colcon.colcon_core.shell:Creating package descriptor '/home/hd/Desktop/Motor_Control/motor_controls.ws/install/coucou/share/coucou/package.dsv'
[8.683s] INFO:colcon.colcon_core.shell:Creating package script '/home/hd/Desktop/Motor_Control/motor_controls.ws/install/coucou/share/coucou/package.sh'
[8.684s] INFO:colcon.colcon_core.shell:Creating package script '/home/hd/Desktop/Motor_Control/motor_controls.ws/install/coucou/share/coucou/package.bash'
[8.687s] INFO:colcon.colcon_core.shell:Creating package script '/home/hd/Desktop/Motor_Control/motor_controls.ws/install/coucou/share/coucou/package.zsh'
[8.688s] Level 1:colcon.colcon_core.environment:create_file_with_runtime_dependencies(/home/hd/Desktop/Motor_Control/motor_controls.ws/install/coucou/share/colcon-core/packages/coucou)
[8.787s] Level 1:colcon.colcon_core.environment:create_environment_scripts_only(coucou)
[8.795s] Level 1:colcon.colcon_core.environment:checking '/home/hd/Desktop/Motor_Control/motor_controls.ws/install/coucou' for CMake module files
[8.795s] Level 1:colcon.colcon_core.environment:checking '/home/hd/Desktop/Motor_Control/motor_controls.ws/install/coucou' for CMake config files
[8.795s] Level 1:colcon.colcon_core.shell:create_environment_hook('coucou', 'cmake_prefix_path')
[8.800s] INFO:colcon.colcon_core.shell:Creating environment hook '/home/hd/Desktop/Motor_Control/motor_controls.ws/install/coucou/share/coucou/hook/cmake_prefix_path.ps1'
[8.801s] INFO:colcon.colcon_core.shell:Creating environment descriptor '/home/hd/Desktop/Motor_Control/motor_controls.ws/install/coucou/share/coucou/hook/cmake_prefix_path.dsv'
[8.802s] INFO:colcon.colcon_core.shell:Creating environment hook '/home/hd/Desktop/Motor_Control/motor_controls.ws/install/coucou/share/coucou/hook/cmake_prefix_path.sh'
[8.803s] Level 1:colcon.colcon_core.environment:checking '/home/hd/Desktop/Motor_Control/motor_controls.ws/install/coucou/lib'
[8.804s] Level 1:colcon.colcon_core.environment:checking '/home/hd/Desktop/Motor_Control/motor_controls.ws/install/coucou/bin'
[8.804s] Level 1:colcon.colcon_core.environment:checking '/home/hd/Desktop/Motor_Control/motor_controls.ws/install/coucou/lib/pkgconfig/coucou.pc'
[8.804s] Level 1:colcon.colcon_core.environment:checking '/home/hd/Desktop/Motor_Control/motor_controls.ws/install/coucou/lib/python3.8/site-packages'
[8.804s] Level 1:colcon.colcon_core.environment:checking '/home/hd/Desktop/Motor_Control/motor_controls.ws/install/coucou/bin'
[8.809s] INFO:colcon.colcon_core.shell:Creating package script '/home/hd/Desktop/Motor_Control/motor_controls.ws/install/coucou/share/coucou/package.ps1'
[8.811s] INFO:colcon.colcon_core.shell:Creating package descriptor '/home/hd/Desktop/Motor_Control/motor_controls.ws/install/coucou/share/coucou/package.dsv'
[8.811s] INFO:colcon.colcon_core.shell:Creating package script '/home/hd/Desktop/Motor_Control/motor_controls.ws/install/coucou/share/coucou/package.sh'
[8.812s] INFO:colcon.colcon_core.shell:Creating package script '/home/hd/Desktop/Motor_Control/motor_controls.ws/install/coucou/share/coucou/package.bash'
[8.813s] INFO:colcon.colcon_core.shell:Creating package script '/home/hd/Desktop/Motor_Control/motor_controls.ws/install/coucou/share/coucou/package.zsh'
[8.813s] Level 1:colcon.colcon_core.environment:create_file_with_runtime_dependencies(/home/hd/Desktop/Motor_Control/motor_controls.ws/install/coucou/share/colcon-core/packages/coucou)
[8.815s] DEBUG:colcon.colcon_parallel_executor.executor.parallel:closing loop
[8.815s] DEBUG:colcon.colcon_parallel_executor.executor.parallel:loop closed
[8.815s] DEBUG:colcon.colcon_parallel_executor.executor.parallel:run_until_complete finished with '0'
[8.815s] DEBUG:colcon.colcon_core.event_reactor:joining thread
[8.847s] INFO:colcon.colcon_core.plugin_system:Skipping extension 'colcon_notification.desktop_notification.terminal_notifier': Not used on non-Darwin systems
[8.847s] INFO:colcon.colcon_core.plugin_system:Skipping extension 'colcon_notification.desktop_notification.win32': Not used on non-Windows systems
[8.847s] INFO:colcon.colcon_notification.desktop_notification:Sending desktop notification using 'notify2'
[8.865s] DEBUG:colcon.colcon_core.event_reactor:joined thread
[8.871s] INFO:colcon.colcon_core.shell:Creating prefix script '/home/hd/Desktop/Motor_Control/motor_controls.ws/install/local_setup.ps1'
[8.873s] INFO:colcon.colcon_core.shell:Creating prefix util module '/home/hd/Desktop/Motor_Control/motor_controls.ws/install/_local_setup_util_ps1.py'
[8.875s] INFO:colcon.colcon_core.shell:Creating prefix chain script '/home/hd/Desktop/Motor_Control/motor_controls.ws/install/setup.ps1'
[8.899s] INFO:colcon.colcon_core.shell:Creating prefix script '/home/hd/Desktop/Motor_Control/motor_controls.ws/install/local_setup.sh'
[8.902s] INFO:colcon.colcon_core.shell:Creating prefix util module '/home/hd/Desktop/Motor_Control/motor_controls.ws/install/_local_setup_util_sh.py'
[8.903s] INFO:colcon.colcon_core.shell:Creating prefix chain script '/home/hd/Desktop/Motor_Control/motor_controls.ws/install/setup.sh'
[8.917s] INFO:colcon.colcon_core.shell:Creating prefix script '/home/hd/Desktop/Motor_Control/motor_controls.ws/install/local_setup.bash'
[8.918s] INFO:colcon.colcon_core.shell:Creating prefix chain script '/home/hd/Desktop/Motor_Control/motor_controls.ws/install/setup.bash'
[8.932s] INFO:colcon.colcon_core.shell:Creating prefix script '/home/hd/Desktop/Motor_Control/motor_controls.ws/install/local_setup.zsh'
[8.933s] INFO:colcon.colcon_core.shell:Creating prefix chain script '/home/hd/Desktop/Motor_Control/motor_controls.ws/install/setup.zsh'
