[0.073s] Invoking command in '/home/hd/Desktop/Motor_Control/motor_controls.ws/build/ethercat_device_configurator': CMAKE_PREFIX_PATH=${CMAKE_PREFIX_PATH}:/opt/ros/foxy:/home/hd/ros2_foxy/install/ros2bag:/home/hd/ros2_foxy/install/tracetools_launch:/home/hd/ros2_foxy/install/topic_monitor:/home/hd/ros2_foxy/install/examples_tf2_py:/home/hd/ros2_foxy/install/sros2:/home/hd/ros2_foxy/install/rqt_topic:/home/hd/ros2_foxy/install/rqt_top:/home/hd/ros2_foxy/install/rqt_srv:/home/hd/ros2_foxy/install/rqt_shell:/home/hd/ros2_foxy/install/rqt_service_caller:/home/hd/ros2_foxy/install/rqt_reconfigure:/home/hd/ros2_foxy/install/rqt_py_console:/home/hd/ros2_foxy/install/rqt_publisher:/home/hd/ros2_foxy/install/rqt_plot:/home/hd/ros2_foxy/install/rqt_action:/home/hd/ros2_foxy/install/rqt_msg:/home/hd/ros2_foxy/install/rqt_console:/home/hd/ros2_foxy/install/rqt:/home/hd/ros2_foxy/install/rqt_graph:/home/hd/ros2_foxy/install/rqt_gui_py:/home/hd/ros2_foxy/install/rqt_gui:/home/hd/ros2_foxy/install/ros2trace:/home/hd/ros2_foxy/install/ros2topic:/home/hd/ros2_foxy/install/ros2test:/home/hd/ros2_foxy/install/ros2component:/home/hd/ros2_foxy/install/ros2param:/home/hd/ros2_foxy/install/ros2lifecycle:/home/hd/ros2_foxy/install/ros2service:/home/hd/ros2_foxy/install/ros2run:/home/hd/ros2_foxy/install/ros2launch:/home/hd/ros2_foxy/install/ros2pkg:/home/hd/ros2_foxy/install/ros2node:/home/hd/ros2_foxy/install/ros2multicast:/home/hd/ros2_foxy/install/ros2interface:/home/hd/ros2_foxy/install/ros2doctor:/home/hd/ros2_foxy/install/ros2action:/home/hd/ros2_foxy/install/ros2cli:/home/hd/ros2_foxy/install/quality_of_service_demo_py:/home/hd/ros2_foxy/install/launch_testing_ros:/home/hd/ros2_foxy/install/launch_ros:/home/hd/ros2_foxy/install/joystick_ros2:/home/hd/ros2_foxy/install/examples_rclpy_minimal_subscriber:/home/hd/ros2_foxy/install/examples_rclpy_minimal_service:/home/hd/ros2_foxy/install/examples_rclpy_minimal_publisher:/home/hd/ros2_foxy/install/examples_rclpy_minimal_client:/home/hd/ros2_foxy/install/examples_rclpy_minimal_action_server:/home/hd/ros2_foxy/install/examples_rclpy_minimal_action_client:/home/hd/ros2_foxy/install/examples_rclpy_executors:/home/hd/ros2_foxy/install/demo_nodes_py:/home/hd/ros2_foxy/install/action_tutorials_py:/home/hd/ros2_foxy/install/ament_uncrustify:/home/hd/ros2_foxy/install/tracetools_trace:/home/hd/ros2_foxy/install/tracetools_read:/home/hd/ros2_foxy/install/test_launch_ros:/home/hd/ros2_foxy/install/sensor_msgs_py:/home/hd/ros2_foxy/install/rpyutils:/home/hd/ros2_foxy/install/rosidl_runtime_py:/home/hd/ros2_foxy/install/launch_yaml:/home/hd/ros2_foxy/install/launch_xml:/home/hd/ros2_foxy/install/launch_testing:/home/hd/ros2_foxy/install/launch:/home/hd/ros2_foxy/install/osrf_pycommon:/home/hd/ros2_foxy/install/domain_coordinator:/home/hd/ros2_foxy/install/ament_xmllint:/home/hd/ros2_foxy/install/ament_pyflakes:/home/hd/ros2_foxy/install/ament_pycodestyle:/home/hd/ros2_foxy/install/ament_pep257:/home/hd/ros2_foxy/install/ament_pclint:/home/hd/ros2_foxy/install/ament_package:/home/hd/ros2_foxy/install/ament_mypy:/home/hd/ros2_foxy/install/ament_lint_cmake:/home/hd/ros2_foxy/install/ament_flake8:/home/hd/ros2_foxy/install/ament_copyright:/home/hd/ros2_foxy/install/ament_lint:/home/hd/ros2_foxy/install/ament_index_python:/home/hd/ros2_foxy/install/ament_cpplint:/home/hd/ros2_foxy/install/ament_cppcheck:/home/hd/ros2_foxy/install/ament_clang_tidy:/home/hd/ros2_foxy/install/ament_clang_format /usr/bin/cmake /home/hd/Desktop/Motor_Control/motor_controls.ws/src/ethercat_device_configurator -DCMAKE_INSTALL_PREFIX=/home/hd/Desktop/Motor_Control/motor_controls.ws/install/ethercat_device_configurator
[0.111s] -- Found rclcpp: 2.4.2 (/home/hd/ros2_foxy/install/rclcpp/share/rclcpp/cmake)
[0.476s] -- Using PYTHON_EXECUTABLE: /usr/bin/python3
[1.209s] -- Using all available rosidl_typesupport_c: rosidl_typesupport_fastrtps_c;rosidl_typesupport_introspection_c
[1.213s] -- Found rosidl_adapter: 1.3.0 (/home/hd/ros2_foxy/install/rosidl_adapter/share/rosidl_adapter/cmake)
[1.485s] -- Using all available rosidl_typesupport_cpp: rosidl_typesupport_fastrtps_cpp;rosidl_typesupport_introspection_cpp
[1.541s] -- Found rmw_implementation_cmake: 1.0.4 (/home/hd/ros2_foxy/install/rmw_implementation_cmake/share/rmw_implementation_cmake/cmake)
[1.571s] -- Using RMW implementation 'rmw_fastrtps_cpp' as default
[1.747s] -- Found motor_control_interfaces: 0.0.0 (/home/hd/Desktop/Motor_Control/motor_controls.ws/install/motor_control_interfaces/share/motor_control_interfaces/cmake)
[1.763s] CMake Warning at CMakeLists.txt:28 (find_package):
[1.763s]   By not providing "Findmessage_logger.cmake" in CMAKE_MODULE_PATH this
[1.763s]   project has asked CMake to find a package configuration file provided by
[1.763s]   "message_logger", but CMake did not find one.
[1.763s] 
[1.763s]   Could not find a package configuration file provided by "message_logger"
[1.763s]   with any of the following names:
[1.763s] 
[1.763s]     message_loggerConfig.cmake
[1.763s]     message_logger-config.cmake
[1.763s] 
[1.763s]   Add the installation prefix of "message_logger" to CMAKE_PREFIX_PATH or set
[1.763s]   "message_logger_DIR" to a directory containing one of the above files.  If
[1.763s]   "message_logger" provides a separate development package or SDK, be sure it
[1.764s]   has been installed.
[1.764s] 
[1.764s] 
[1.789s] CMake Warning at CMakeLists.txt:29 (find_package):
[1.789s]   By not providing "Findsoem_interface.cmake" in CMAKE_MODULE_PATH this
[1.789s]   project has asked CMake to find a package configuration file provided by
[1.789s]   "soem_interface", but CMake did not find one.
[1.789s] 
[1.789s]   Could not find a package configuration file provided by "soem_interface"
[1.790s]   with any of the following names:
[1.790s] 
[1.790s]     soem_interfaceConfig.cmake
[1.790s]     soem_interface-config.cmake
[1.790s] 
[1.790s]   Add the installation prefix of "soem_interface" to CMAKE_PREFIX_PATH or set
[1.790s]   "soem_interface_DIR" to a directory containing one of the above files.  If
[1.790s]   "soem_interface" provides a separate development package or SDK, be sure it
[1.790s]   has been installed.
[1.790s] 
[1.790s] 
[1.822s] CMake Warning at CMakeLists.txt:30 (find_package):
[1.822s]   By not providing "Findethercat_sdk_master.cmake" in CMAKE_MODULE_PATH this
[1.822s]   project has asked CMake to find a package configuration file provided by
[1.822s]   "ethercat_sdk_master", but CMake did not find one.
[1.822s] 
[1.822s]   Could not find a package configuration file provided by
[1.822s]   "ethercat_sdk_master" with any of the following names:
[1.822s] 
[1.822s]     ethercat_sdk_masterConfig.cmake
[1.823s]     ethercat_sdk_master-config.cmake
[1.823s] 
[1.823s]   Add the installation prefix of "ethercat_sdk_master" to CMAKE_PREFIX_PATH
[1.823s]   or set "ethercat_sdk_master_DIR" to a directory containing one of the above
[1.823s]   files.  If "ethercat_sdk_master" provides a separate development package or
[1.823s]   SDK, be sure it has been installed.
[1.823s] 
[1.823s] 
[1.847s] CMake Warning at CMakeLists.txt:31 (find_package):
[1.847s]   By not providing "Findmaxon_epos_ethercat_sdk.cmake" in CMAKE_MODULE_PATH
[1.847s]   this project has asked CMake to find a package configuration file provided
[1.847s]   by "maxon_epos_ethercat_sdk", but CMake did not find one.
[1.847s] 
[1.847s]   Could not find a package configuration file provided by
[1.847s]   "maxon_epos_ethercat_sdk" with any of the following names:
[1.847s] 
[1.847s]     maxon_epos_ethercat_sdkConfig.cmake
[1.847s]     maxon_epos_ethercat_sdk-config.cmake
[1.847s] 
[1.847s]   Add the installation prefix of "maxon_epos_ethercat_sdk" to
[1.847s]   CMAKE_PREFIX_PATH or set "maxon_epos_ethercat_sdk_DIR" to a directory
[1.847s]   containing one of the above files.  If "maxon_epos_ethercat_sdk" provides a
[1.847s]   separate development package or SDK, be sure it has been installed.
[1.847s] 
[1.847s] 
[1.889s] -- Found ament_lint_auto: 0.9.8 (/home/hd/ros2_foxy/install/ament_lint_auto/share/ament_lint_auto/cmake)
[2.301s] -- Added test 'cppcheck' to perform static code analysis on C / C++ code
[2.302s] -- Configured cppcheck include dirs: /home/hd/Desktop/Motor_Control/motor_controls.ws/src/ethercat_device_configurator/ethercat_sdk_master/../soem_interface/soem_interface/include;/home/hd/Desktop/Motor_Control/motor_controls.ws/src/ethercat_device_configurator/ethercat_sdk_master/../soem_interface/soem/include;/home/hd/Desktop/Motor_Control/motor_controls.ws/src/ethercat_device_configurator/ethercat_sdk_master/../message_logger/include;/home/hd/Desktop/Motor_Control/motor_controls.ws/src/ethercat_device_configurator/ethercat_sdk_master/include
[2.302s] -- Configured cppcheck exclude dirs and/or files: 
[2.302s] -- Added test 'lint_cmake' to check CMake code style
[2.302s] -- Added test 'uncrustify' to check C / C++ code style
[2.302s] -- Configured uncrustify additional arguments: 
[2.302s] -- Added test 'xmllint' to check XML markup files
[2.317s] -- Found ament_lint_auto: 0.9.8 (/home/hd/ros2_foxy/install/ament_lint_auto/share/ament_lint_auto/cmake)
[2.712s] -- Added test 'cppcheck' to perform static code analysis on C / C++ code
[2.712s] -- Configured cppcheck include dirs: /home/hd/Desktop/Motor_Control/motor_controls.ws/src/ethercat_device_configurator/maxon_epos_ethercat_sdk/include;/home/hd/Desktop/Motor_Control/motor_controls.ws/src/ethercat_device_configurator/maxon_epos_ethercat_sdk/../message_logger/include;/home/hd/Desktop/Motor_Control/motor_controls.ws/src/ethercat_device_configurator/maxon_epos_ethercat_sdk/../ethercat_sdk_master/include;/home/hd/Desktop/Motor_Control/motor_controls.ws/src/ethercat_device_configurator/maxon_epos_ethercat_sdk/../soem_interface/soem_interface/include;/home/hd/Desktop/Motor_Control/motor_controls.ws/src/ethercat_device_configurator/maxon_epos_ethercat_sdk/../soem_interface/soem/include
[2.712s] -- Configured cppcheck exclude dirs and/or files: 
[2.713s] -- Added test 'lint_cmake' to check CMake code style
[2.716s] -- Added test 'uncrustify' to check C / C++ code style
[2.716s] -- Configured uncrustify additional arguments: 
[2.717s] -- Added test 'xmllint' to check XML markup files
[2.720s] -- Found rclcpp_components: 2.4.2 (/home/hd/ros2_foxy/install/rclcpp_components/share/rclcpp_components/cmake)
[2.784s]  AHHHHHHHHHHHHHHHHHH message_logger
[3.708s] CMake Warning at soem_interface/soem_interface/CMakeLists.txt:22 (find_package):
[3.708s]   By not providing "Findsoem_rsl.cmake" in CMAKE_MODULE_PATH this project has
[3.708s]   asked CMake to find a package configuration file provided by "soem_rsl",
[3.708s]   but CMake did not find one.
[3.708s] 
[3.708s]   Could not find a package configuration file provided by "soem_rsl" with any
[3.708s]   of the following names:
[3.708s] 
[3.708s]     soem_rslConfig.cmake
[3.709s]     soem_rsl-config.cmake
[3.709s] 
[3.709s]   Add the installation prefix of "soem_rsl" to CMAKE_PREFIX_PATH or set
[3.709s]   "soem_rsl_DIR" to a directory containing one of the above files.  If
[3.709s]   "soem_rsl" provides a separate development package or SDK, be sure it has
[3.709s]   been installed.
[3.709s] 
[3.709s] 
[3.730s] CMake Warning at soem_interface/soem_interface/CMakeLists.txt:23 (find_package):
[3.730s]   By not providing "Findmessage_logger.cmake" in CMAKE_MODULE_PATH this
[3.730s]   project has asked CMake to find a package configuration file provided by
[3.730s]   "message_logger", but CMake did not find one.
[3.730s] 
[3.730s]   Could not find a package configuration file provided by "message_logger"
[3.731s]   with any of the following names:
[3.731s] 
[3.731s]     message_loggerConfig.cmake
[3.731s]     message_logger-config.cmake
[3.731s] 
[3.731s]   Add the installation prefix of "message_logger" to CMAKE_PREFIX_PATH or set
[3.731s]   "message_logger_DIR" to a directory containing one of the above files.  If
[3.731s]   "message_logger" provides a separate development package or SDK, be sure it
[3.731s]   has been installed.
[3.731s] 
[3.731s] 
[4.152s] CMake Error at CMakeLists.txt:82 (install):
[4.152s]   install TARGETS given target "motor_control" which does not exist.
[4.152s] 
[4.152s] 
[4.152s] -- Found ament_lint_auto: 0.9.8 (/home/hd/ros2_foxy/install/ament_lint_auto/share/ament_lint_auto/cmake)
[4.559s] -- Configuring incomplete, errors occurred!
[4.559s] See also "/home/hd/Desktop/Motor_Control/motor_controls.ws/build/ethercat_device_configurator/CMakeFiles/CMakeOutput.log".
[4.559s] See also "/home/hd/Desktop/Motor_Control/motor_controls.ws/build/ethercat_device_configurator/CMakeFiles/CMakeError.log".
[4.573s] Invoked command in '/home/hd/Desktop/Motor_Control/motor_controls.ws/build/ethercat_device_configurator' returned '1': CMAKE_PREFIX_PATH=${CMAKE_PREFIX_PATH}:/opt/ros/foxy:/home/hd/ros2_foxy/install/ros2bag:/home/hd/ros2_foxy/install/tracetools_launch:/home/hd/ros2_foxy/install/topic_monitor:/home/hd/ros2_foxy/install/examples_tf2_py:/home/hd/ros2_foxy/install/sros2:/home/hd/ros2_foxy/install/rqt_topic:/home/hd/ros2_foxy/install/rqt_top:/home/hd/ros2_foxy/install/rqt_srv:/home/hd/ros2_foxy/install/rqt_shell:/home/hd/ros2_foxy/install/rqt_service_caller:/home/hd/ros2_foxy/install/rqt_reconfigure:/home/hd/ros2_foxy/install/rqt_py_console:/home/hd/ros2_foxy/install/rqt_publisher:/home/hd/ros2_foxy/install/rqt_plot:/home/hd/ros2_foxy/install/rqt_action:/home/hd/ros2_foxy/install/rqt_msg:/home/hd/ros2_foxy/install/rqt_console:/home/hd/ros2_foxy/install/rqt:/home/hd/ros2_foxy/install/rqt_graph:/home/hd/ros2_foxy/install/rqt_gui_py:/home/hd/ros2_foxy/install/rqt_gui:/home/hd/ros2_foxy/install/ros2trace:/home/hd/ros2_foxy/install/ros2topic:/home/hd/ros2_foxy/install/ros2test:/home/hd/ros2_foxy/install/ros2component:/home/hd/ros2_foxy/install/ros2param:/home/hd/ros2_foxy/install/ros2lifecycle:/home/hd/ros2_foxy/install/ros2service:/home/hd/ros2_foxy/install/ros2run:/home/hd/ros2_foxy/install/ros2launch:/home/hd/ros2_foxy/install/ros2pkg:/home/hd/ros2_foxy/install/ros2node:/home/hd/ros2_foxy/install/ros2multicast:/home/hd/ros2_foxy/install/ros2interface:/home/hd/ros2_foxy/install/ros2doctor:/home/hd/ros2_foxy/install/ros2action:/home/hd/ros2_foxy/install/ros2cli:/home/hd/ros2_foxy/install/quality_of_service_demo_py:/home/hd/ros2_foxy/install/launch_testing_ros:/home/hd/ros2_foxy/install/launch_ros:/home/hd/ros2_foxy/install/joystick_ros2:/home/hd/ros2_foxy/install/examples_rclpy_minimal_subscriber:/home/hd/ros2_foxy/install/examples_rclpy_minimal_service:/home/hd/ros2_foxy/install/examples_rclpy_minimal_publisher:/home/hd/ros2_foxy/install/examples_rclpy_minimal_client:/home/hd/ros2_foxy/install/examples_rclpy_minimal_action_server:/home/hd/ros2_foxy/install/examples_rclpy_minimal_action_client:/home/hd/ros2_foxy/install/examples_rclpy_executors:/home/hd/ros2_foxy/install/demo_nodes_py:/home/hd/ros2_foxy/install/action_tutorials_py:/home/hd/ros2_foxy/install/ament_uncrustify:/home/hd/ros2_foxy/install/tracetools_trace:/home/hd/ros2_foxy/install/tracetools_read:/home/hd/ros2_foxy/install/test_launch_ros:/home/hd/ros2_foxy/install/sensor_msgs_py:/home/hd/ros2_foxy/install/rpyutils:/home/hd/ros2_foxy/install/rosidl_runtime_py:/home/hd/ros2_foxy/install/launch_yaml:/home/hd/ros2_foxy/install/launch_xml:/home/hd/ros2_foxy/install/launch_testing:/home/hd/ros2_foxy/install/launch:/home/hd/ros2_foxy/install/osrf_pycommon:/home/hd/ros2_foxy/install/domain_coordinator:/home/hd/ros2_foxy/install/ament_xmllint:/home/hd/ros2_foxy/install/ament_pyflakes:/home/hd/ros2_foxy/install/ament_pycodestyle:/home/hd/ros2_foxy/install/ament_pep257:/home/hd/ros2_foxy/install/ament_pclint:/home/hd/ros2_foxy/install/ament_package:/home/hd/ros2_foxy/install/ament_mypy:/home/hd/ros2_foxy/install/ament_lint_cmake:/home/hd/ros2_foxy/install/ament_flake8:/home/hd/ros2_foxy/install/ament_copyright:/home/hd/ros2_foxy/install/ament_lint:/home/hd/ros2_foxy/install/ament_index_python:/home/hd/ros2_foxy/install/ament_cpplint:/home/hd/ros2_foxy/install/ament_cppcheck:/home/hd/ros2_foxy/install/ament_clang_tidy:/home/hd/ros2_foxy/install/ament_clang_format /usr/bin/cmake /home/hd/Desktop/Motor_Control/motor_controls.ws/src/ethercat_device_configurator -DCMAKE_INSTALL_PREFIX=/home/hd/Desktop/Motor_Control/motor_controls.ws/install/ethercat_device_configurator
