 AHHHHHHHHHHHHHHHHHH message_logger
[01m[Kcc1:[m[K [01;35m[Kwarning: [m[Kcommand line option ‘[01m[K-std=c++17[m[K’ is valid for C++/ObjC++ but not for C
In file included from [01m[K/home/hd/Desktop/Motor_Control/motor_controls.ws/src/ethercat_device_configurator/include/ethercat_device_configurator/soem/oshw/oshw.h:54[m[K,
                 from [01m[K/home/hd/Desktop/Motor_Control/motor_controls.ws/src/ethercat_device_configurator/include/ethercat_device_configurator/soem/soem/ethercatconfig.c:53[m[K:
[01m[K/home/hd/Desktop/Motor_Control/motor_controls.ws/src/ethercat_device_configurator/include/ethercat_device_configurator/soem/soem/ethercattype.h:532:5:[m[K [01;35m[Kwarning: [m[KISO C99 doesn’t support unnamed structs/unions [[01;35m[K-Wpedantic[m[K]
  532 |    }[01;35m[K;[m[K
      |     [01;35m[K^[m[K
In file included from [01m[K/home/hd/Desktop/Motor_Control/motor_controls.ws/src/ethercat_device_configurator/include/ethercat_device_configurator/soem/soem/ethercatconfig.c:58[m[K:
[01m[K/home/hd/Desktop/Motor_Control/motor_controls.ws/src/ethercat_device_configurator/include/ethercat_device_configurator/soem/soem/ethercatsoe.h:96:5:[m[K [01;35m[Kwarning: [m[KISO C99 doesn’t support unnamed structs/unions [[01;35m[K-Wpedantic[m[K]
   96 |    }[01;35m[K;[m[K
      |     [01;35m[K^[m[K
[01m[K/home/hd/Desktop/Motor_Control/motor_controls.ws/src/ethercat_device_configurator/include/ethercat_device_configurator/soem/soem/ethercatconfig.c:[m[K In function ‘[01m[Kecx_config_from_table[m[K’:
[01m[K/home/hd/Desktop/Motor_Control/motor_controls.ws/src/ethercat_device_configurator/include/ethercat_device_configurator/soem/soem/ethercatconfig.c:290:48:[m[K [01;35m[Kwarning: [m[Kunused parameter ‘[01m[Kcontext[m[K’ [[01;35m[K-Wunused-parameter[m[K]
  290 | static int ecx_config_from_table([01;35m[Kecx_contextt *context[m[K, uint16 slave)
      |                                  [01;35m[K~~~~~~~~~~~~~~^~~~~~~[m[K
[01m[K/home/hd/Desktop/Motor_Control/motor_controls.ws/src/ethercat_device_configurator/include/ethercat_device_configurator/soem/soem/ethercatconfig.c:290:64:[m[K [01;35m[Kwarning: [m[Kunused parameter ‘[01m[Kslave[m[K’ [[01;35m[K-Wunused-parameter[m[K]
  290 | static int ecx_config_from_table(ecx_contextt *context, [01;35m[Kuint16 slave[m[K)
      |                                                         [01;35m[K~~~~~~~^~~~~[m[K
[01m[K/home/hd/Desktop/Motor_Control/motor_controls.ws/src/ethercat_device_configurator/include/ethercat_device_configurator/soem/soem/ethercatconfig.c:[m[K In function ‘[01m[Kecx_config_map_group[m[K’:
[01m[K/home/hd/Desktop/Motor_Control/motor_controls.ws/src/ethercat_device_configurator/include/ethercat_device_configurator/soem/soem/ethercatconfig.c:918:19:[m[K [01;35m[Kwarning: [m[KISO C forbids passing argument 3 of ‘[01m[Kosal_thread_create[m[K’ between function pointer and ‘[01m[Kvoid *[m[K’ [[01;35m[K-Wpedantic[m[K]
  918 |                   [01;35m[K&ecx_mapper_thread[m[K, &(ecx_mapt[thrn]));
      |                   [01;35m[K^~~~~~~~~~~~~~~~~~[m[K
In file included from [01m[K/home/hd/Desktop/Motor_Control/motor_controls.ws/src/ethercat_device_configurator/include/ethercat_device_configurator/soem/soem/ethercatconfig.c:52[m[K:
[01m[K/home/hd/Desktop/Motor_Control/motor_controls.ws/src/ethercat_device_configurator/include/ethercat_device_configurator/soem/osal/osal.h:63:60:[m[K [01;36m[Knote: [m[Kexpected ‘[01m[Kvoid *[m[K’ but argument is of type ‘[01m[Kvoid (*)(void *)[m[K’
   63 | int osal_thread_create(void *thandle, int stacksize, [01;36m[Kvoid *func[m[K, void *param);
      |                                                      [01;36m[K~~~~~~^~~~[m[K
[01m[K/home/hd/Desktop/Motor_Control/motor_controls.ws/src/ethercat_device_configurator/src/motor_control.cpp:5:10:[m[K [01;31m[Kfatal error: [m[Kmotor_control_interfaces/msg/motor_command.hpp: No such file or directory
    5 | #include [01;31m[K"motor_control_interfaces/msg/motor_command.hpp"[m[K
      |          [01;31m[K^~~~~~~~~~~~~~~~~~~~~~~~~~~~~~~~~~~~~~~~~~~~~~~~[m[K
compilation terminated.
make[2]: *** [CMakeFiles/motor_control.dir/build.make:63: CMakeFiles/motor_control.dir/src/motor_control.cpp.o] Error 1
make[2]: *** Waiting for unfinished jobs....
make[1]: *** [CMakeFiles/Makefile2:261: CMakeFiles/motor_control.dir/all] Error 2
make: *** [Makefile:141: all] Error 2
