-- Found rclcpp: 2.4.2 (/home/hd/ros2_foxy/install/rclcpp/share/rclcpp/cmake)
-- Using PYTHON_EXECUTABLE: /usr/bin/python3
-- Using all available rosidl_typesupport_c: rosidl_typesupport_fastrtps_c;rosidl_typesupport_introspection_c
-- Found rosidl_adapter: 1.3.0 (/home/hd/ros2_foxy/install/rosidl_adapter/share/rosidl_adapter/cmake)
-- Using all available rosidl_typesupport_cpp: rosidl_typesupport_fastrtps_cpp;rosidl_typesupport_introspection_cpp
-- Found rmw_implementation_cmake: 1.0.4 (/home/hd/ros2_foxy/install/rmw_implementation_cmake/share/rmw_implementation_cmake/cmake)
-- Using RMW implementation 'rmw_fastrtps_cpp' as default
-- Found message_logger: 0.0.0 (/home/hd/Desktop/Motor_Control/motor_controls.ws/install/ethercat_device_configurator/share/message_logger/cmake)
-- Found soem_interface: 0.0.0 (/home/hd/Desktop/Motor_Control/motor_controls.ws/install/ethercat_device_configurator/share/soem_interface/cmake)
-- Found ethercat_sdk_master: 0.0.1 (/home/hd/Desktop/Motor_Control/motor_controls.ws/install/ethercat_device_configurator/share/ethercat_sdk_master/cmake)
-- Found maxon_epos_ethercat_sdk: 1.0.1 (/home/hd/Desktop/Motor_Control/motor_controls.ws/install/ethercat_device_configurator/share/maxon_epos_ethercat_sdk/cmake)
-- Found motor_control_interfaces: 0.0.0 (/home/hd/Desktop/Motor_Control/motor_controls.ws/install/motor_control_interfaces/share/motor_control_interfaces/cmake)
-- Found ament_lint_auto: 0.9.8 (/home/hd/ros2_foxy/install/ament_lint_auto/share/ament_lint_auto/cmake)
-- Added test 'cppcheck' to perform static code analysis on C / C++ code
-- Configured cppcheck include dirs: /home/hd/Desktop/Motor_Control/motor_controls.ws/src/ethercat_device_configurator/ethercat_sdk_master/../soem_interface/soem_interface/include;/home/hd/Desktop/Motor_Control/motor_controls.ws/src/ethercat_device_configurator/ethercat_sdk_master/../soem_interface/soem/include;/home/hd/Desktop/Motor_Control/motor_controls.ws/src/ethercat_device_configurator/ethercat_sdk_master/../message_logger/include;/home/hd/Desktop/Motor_Control/motor_controls.ws/src/ethercat_device_configurator/ethercat_sdk_master/include
-- Configured cppcheck exclude dirs and/or files: 
-- Added test 'lint_cmake' to check CMake code style
-- Added test 'uncrustify' to check C / C++ code style
-- Configured uncrustify additional arguments: 
-- Added test 'xmllint' to check XML markup files
-- Found ament_lint_auto: 0.9.8 (/home/hd/ros2_foxy/install/ament_lint_auto/share/ament_lint_auto/cmake)
-- Added test 'cppcheck' to perform static code analysis on C / C++ code
-- Configured cppcheck include dirs: /home/hd/Desktop/Motor_Control/motor_controls.ws/src/ethercat_device_configurator/maxon_epos_ethercat_sdk/include;/home/hd/Desktop/Motor_Control/motor_controls.ws/src/ethercat_device_configurator/maxon_epos_ethercat_sdk/../message_logger/include;/home/hd/Desktop/Motor_Control/motor_controls.ws/src/ethercat_device_configurator/maxon_epos_ethercat_sdk/../ethercat_sdk_master/include;/home/hd/Desktop/Motor_Control/motor_controls.ws/src/ethercat_device_configurator/maxon_epos_ethercat_sdk/../soem_interface/soem_interface/include;/home/hd/Desktop/Motor_Control/motor_controls.ws/src/ethercat_device_configurator/maxon_epos_ethercat_sdk/../soem_interface/soem/include
-- Configured cppcheck exclude dirs and/or files: 
-- Added test 'lint_cmake' to check CMake code style
-- Added test 'uncrustify' to check C / C++ code style
-- Configured uncrustify additional arguments: 
-- Added test 'xmllint' to check XML markup files
-- Found rclcpp_components: 2.4.2 (/home/hd/ros2_foxy/install/rclcpp_components/share/rclcpp_components/cmake)
 AHHHHHHHHHHHHHHHHHH message_logger
-- Found soem_rsl: 0.0.0 (/home/hd/Desktop/Motor_Control/motor_controls.ws/install/ethercat_device_configurator/share/soem_rsl/cmake)
-- Found ament_lint_auto: 0.9.8 (/home/hd/ros2_foxy/install/ament_lint_auto/share/ament_lint_auto/cmake)
-- Configuring done
-- Generating done
-- Build files have been written to: /home/hd/Desktop/Motor_Control/motor_controls.ws/build/ethercat_device_configurator
[  9%] Built target soem_interface
[ 48%] Built target yaml-cpp
[ 51%] Built target message_logger
[ 55%] Built target ethercat_sdk_master
[ 69%] Built target soem
[ 72%] Built target yaml-cpp-read
[ 74%] Built target yaml-cpp-parse
[ 77%] Built target yaml-cpp-sandbox
[ 92%] Built target maxon_epos_ethercat_sdk
[ 93%] [32mBuilding CXX object CMakeFiles/motor_control.dir/src/motor_control.cpp.o[0m
[ 95%] [32mBuilding C object CMakeFiles/motor_control.dir/include/ethercat_device_configurator/soem/soem/ethercatconfig.c.o[0m
[01m[Kcc1:[m[K [01;35m[Kwarning: [m[Kcommand line option ‘[01m[K-std=c++17[m[K’ is valid for C++/ObjC++ but not for C
In file included from [01m[K/home/hd/Desktop/Motor_Control/motor_controls.ws/src/ethercat_device_configurator/include/ethercat_device_configurator/soem/oshw/oshw.h:54[m[K,
                 from [01m[K/home/hd/Desktop/Motor_Control/motor_controls.ws/src/ethercat_device_configurator/include/ethercat_device_configurator/soem/soem/ethercatconfig.c:53[m[K:
[01m[K/home/hd/Desktop/Motor_Control/motor_controls.ws/src/ethercat_device_configurator/include/ethercat_device_configurator/soem/soem/ethercattype.h:532:5:[m[K [01;35m[Kwarning: [m[KISO C99 doesn’t support unnamed structs/unions [[01;35m[K-Wpedantic[m[K]
  532 |    }[01;35m[K;[m[K
      |     [01;35m[K^[m[K
In file included from [01m[K/home/hd/Desktop/Motor_Control/motor_controls.ws/src/ethercat_device_configurator/include/ethercat_device_configurator/soem/soem/ethercatconfig.c:58[m[K:
[01m[K/home/hd/Desktop/Motor_Control/motor_controls.ws/src/ethercat_device_configurator/include/ethercat_device_configurator/soem/soem/ethercatsoe.h:96:5:[m[K [01;35m[Kwarning: [m[KISO C99 doesn’t support unnamed structs/unions [[01;35m[K-Wpedantic[m[K]
   96 |    }[01;35m[K;[m[K
      |     [01;35m[K^[m[K
[01m[K/home/hd/Desktop/Motor_Control/motor_controls.ws/src/ethercat_device_configurator/include/ethercat_device_configurator/soem/soem/ethercatconfig.c:[m[K In function ‘[01m[Kecx_config_from_table[m[K’:
[01m[K/home/hd/Desktop/Motor_Control/motor_controls.ws/src/ethercat_device_configurator/include/ethercat_device_configurator/soem/soem/ethercatconfig.c:290:48:[m[K [01;35m[Kwarning: [m[Kunused parameter ‘[01m[Kcontext[m[K’ [[01;35m[K-Wunused-parameter[m[K]
  290 | static int ecx_config_from_table([01;35m[Kecx_contextt *context[m[K, uint16 slave)
      |                                  [01;35m[K~~~~~~~~~~~~~~^~~~~~~[m[K
[01m[K/home/hd/Desktop/Motor_Control/motor_controls.ws/src/ethercat_device_configurator/include/ethercat_device_configurator/soem/soem/ethercatconfig.c:290:64:[m[K [01;35m[Kwarning: [m[Kunused parameter ‘[01m[Kslave[m[K’ [[01;35m[K-Wunused-parameter[m[K]
  290 | static int ecx_config_from_table(ecx_contextt *context, [01;35m[Kuint16 slave[m[K)
      |                                                         [01;35m[K~~~~~~~^~~~~[m[K
[01m[K/home/hd/Desktop/Motor_Control/motor_controls.ws/src/ethercat_device_configurator/include/ethercat_device_configurator/soem/soem/ethercatconfig.c:[m[K In function ‘[01m[Kecx_config_map_group[m[K’:
[01m[K/home/hd/Desktop/Motor_Control/motor_controls.ws/src/ethercat_device_configurator/include/ethercat_device_configurator/soem/soem/ethercatconfig.c:918:19:[m[K [01;35m[Kwarning: [m[KISO C forbids passing argument 3 of ‘[01m[Kosal_thread_create[m[K’ between function pointer and ‘[01m[Kvoid *[m[K’ [[01;35m[K-Wpedantic[m[K]
  918 |                   [01;35m[K&ecx_mapper_thread[m[K, &(ecx_mapt[thrn]));
      |                   [01;35m[K^~~~~~~~~~~~~~~~~~[m[K
In file included from [01m[K/home/hd/Desktop/Motor_Control/motor_controls.ws/src/ethercat_device_configurator/include/ethercat_device_configurator/soem/soem/ethercatconfig.c:52[m[K:
[01m[K/home/hd/Desktop/Motor_Control/motor_controls.ws/src/ethercat_device_configurator/include/ethercat_device_configurator/soem/osal/osal.h:63:60:[m[K [01;36m[Knote: [m[Kexpected ‘[01m[Kvoid *[m[K’ but argument is of type ‘[01m[Kvoid (*)(void *)[m[K’
   63 | int osal_thread_create(void *thandle, int stacksize, [01;36m[Kvoid *func[m[K, void *param);
      |                                                      [01;36m[K~~~~~~^~~~[m[K
[01m[K/home/hd/Desktop/Motor_Control/motor_controls.ws/src/ethercat_device_configurator/src/motor_control.cpp:5:10:[m[K [01;31m[Kfatal error: [m[Kmotor_control_interfaces/msg/motor_command.hpp: No such file or directory
    5 | #include [01;31m[K"motor_control_interfaces/msg/motor_command.hpp"[m[K
      |          [01;31m[K^~~~~~~~~~~~~~~~~~~~~~~~~~~~~~~~~~~~~~~~~~~~~~~~[m[K
compilation terminated.
make[2]: *** [CMakeFiles/motor_control.dir/build.make:63: CMakeFiles/motor_control.dir/src/motor_control.cpp.o] Error 1
make[2]: *** Waiting for unfinished jobs....
make[1]: *** [CMakeFiles/Makefile2:261: CMakeFiles/motor_control.dir/all] Error 2
make: *** [Makefile:141: all] Error 2
