[0.083s] Invoking command in '/home/hd/Desktop/Motor_Control/motor_controls.ws/build/ethercat_device_configurator': CMAKE_PREFIX_PATH=${CMAKE_PREFIX_PATH}:/opt/ros/foxy:/home/hd/ros2_foxy/install/ros2bag:/home/hd/ros2_foxy/install/tracetools_launch:/home/hd/ros2_foxy/install/topic_monitor:/home/hd/ros2_foxy/install/examples_tf2_py:/home/hd/ros2_foxy/install/sros2:/home/hd/ros2_foxy/install/rqt_topic:/home/hd/ros2_foxy/install/rqt_top:/home/hd/ros2_foxy/install/rqt_srv:/home/hd/ros2_foxy/install/rqt_shell:/home/hd/ros2_foxy/install/rqt_service_caller:/home/hd/ros2_foxy/install/rqt_reconfigure:/home/hd/ros2_foxy/install/rqt_py_console:/home/hd/ros2_foxy/install/rqt_publisher:/home/hd/ros2_foxy/install/rqt_plot:/home/hd/ros2_foxy/install/rqt_action:/home/hd/ros2_foxy/install/rqt_msg:/home/hd/ros2_foxy/install/rqt_console:/home/hd/ros2_foxy/install/rqt:/home/hd/ros2_foxy/install/rqt_graph:/home/hd/ros2_foxy/install/rqt_gui_py:/home/hd/ros2_foxy/install/rqt_gui:/home/hd/ros2_foxy/install/ros2trace:/home/hd/ros2_foxy/install/ros2topic:/home/hd/ros2_foxy/install/ros2test:/home/hd/ros2_foxy/install/ros2component:/home/hd/ros2_foxy/install/ros2param:/home/hd/ros2_foxy/install/ros2lifecycle:/home/hd/ros2_foxy/install/ros2service:/home/hd/ros2_foxy/install/ros2run:/home/hd/ros2_foxy/install/ros2launch:/home/hd/ros2_foxy/install/ros2pkg:/home/hd/ros2_foxy/install/ros2node:/home/hd/ros2_foxy/install/ros2multicast:/home/hd/ros2_foxy/install/ros2interface:/home/hd/ros2_foxy/install/ros2doctor:/home/hd/ros2_foxy/install/ros2action:/home/hd/ros2_foxy/install/ros2cli:/home/hd/ros2_foxy/install/quality_of_service_demo_py:/home/hd/ros2_foxy/install/launch_testing_ros:/home/hd/ros2_foxy/install/launch_ros:/home/hd/ros2_foxy/install/joystick_ros2:/home/hd/ros2_foxy/install/examples_rclpy_minimal_subscriber:/home/hd/ros2_foxy/install/examples_rclpy_minimal_service:/home/hd/ros2_foxy/install/examples_rclpy_minimal_publisher:/home/hd/ros2_foxy/install/examples_rclpy_minimal_client:/home/hd/ros2_foxy/install/examples_rclpy_minimal_action_server:/home/hd/ros2_foxy/install/examples_rclpy_minimal_action_client:/home/hd/ros2_foxy/install/examples_rclpy_executors:/home/hd/ros2_foxy/install/demo_nodes_py:/home/hd/ros2_foxy/install/action_tutorials_py:/home/hd/ros2_foxy/install/ament_uncrustify:/home/hd/ros2_foxy/install/tracetools_trace:/home/hd/ros2_foxy/install/tracetools_read:/home/hd/ros2_foxy/install/test_launch_ros:/home/hd/ros2_foxy/install/sensor_msgs_py:/home/hd/ros2_foxy/install/rpyutils:/home/hd/ros2_foxy/install/rosidl_runtime_py:/home/hd/ros2_foxy/install/launch_yaml:/home/hd/ros2_foxy/install/launch_xml:/home/hd/ros2_foxy/install/launch_testing:/home/hd/ros2_foxy/install/launch:/home/hd/ros2_foxy/install/osrf_pycommon:/home/hd/ros2_foxy/install/domain_coordinator:/home/hd/ros2_foxy/install/ament_xmllint:/home/hd/ros2_foxy/install/ament_pyflakes:/home/hd/ros2_foxy/install/ament_pycodestyle:/home/hd/ros2_foxy/install/ament_pep257:/home/hd/ros2_foxy/install/ament_pclint:/home/hd/ros2_foxy/install/ament_package:/home/hd/ros2_foxy/install/ament_mypy:/home/hd/ros2_foxy/install/ament_lint_cmake:/home/hd/ros2_foxy/install/ament_flake8:/home/hd/ros2_foxy/install/ament_copyright:/home/hd/ros2_foxy/install/ament_lint:/home/hd/ros2_foxy/install/ament_index_python:/home/hd/ros2_foxy/install/ament_cpplint:/home/hd/ros2_foxy/install/ament_cppcheck:/home/hd/ros2_foxy/install/ament_clang_tidy:/home/hd/ros2_foxy/install/ament_clang_format /usr/bin/cmake --build /home/hd/Desktop/Motor_Control/motor_controls.ws/build/ethercat_device_configurator -- -j2 -l2
[0.372s] [ 38%] Built target yaml-cpp
[0.402s] [ 48%] Built target soem_interface
[0.481s] [ 51%] Built target ethercat_sdk_master
[0.610s] [ 67%] Built target maxon_epos_ethercat_sdk
[0.619s] [ 71%] Built target message_logger
[0.720s] [ 85%] Built target soem
[0.720s] [ 87%] Built target yaml-cpp-read
[0.815s] [ 90%] Built target yaml-cpp-sandbox
[0.838s] [ 92%] Built target yaml-cpp-parse
[0.880s] [35m[1mScanning dependencies of target motor_control[0m
[0.983s] [ 93%] [32mBuilding CXX object CMakeFiles/motor_control.dir/src/motor_control.cpp.o[0m
[8.871s] [ 95%] [32m[1mLinking CXX executable motor_control[0m
[10.879s] [100%] Built target motor_control
[10.918s] Invoked command in '/home/hd/Desktop/Motor_Control/motor_controls.ws/build/ethercat_device_configurator' returned '0': CMAKE_PREFIX_PATH=${CMAKE_PREFIX_PATH}:/opt/ros/foxy:/home/hd/ros2_foxy/install/ros2bag:/home/hd/ros2_foxy/install/tracetools_launch:/home/hd/ros2_foxy/install/topic_monitor:/home/hd/ros2_foxy/install/examples_tf2_py:/home/hd/ros2_foxy/install/sros2:/home/hd/ros2_foxy/install/rqt_topic:/home/hd/ros2_foxy/install/rqt_top:/home/hd/ros2_foxy/install/rqt_srv:/home/hd/ros2_foxy/install/rqt_shell:/home/hd/ros2_foxy/install/rqt_service_caller:/home/hd/ros2_foxy/install/rqt_reconfigure:/home/hd/ros2_foxy/install/rqt_py_console:/home/hd/ros2_foxy/install/rqt_publisher:/home/hd/ros2_foxy/install/rqt_plot:/home/hd/ros2_foxy/install/rqt_action:/home/hd/ros2_foxy/install/rqt_msg:/home/hd/ros2_foxy/install/rqt_console:/home/hd/ros2_foxy/install/rqt:/home/hd/ros2_foxy/install/rqt_graph:/home/hd/ros2_foxy/install/rqt_gui_py:/home/hd/ros2_foxy/install/rqt_gui:/home/hd/ros2_foxy/install/ros2trace:/home/hd/ros2_foxy/install/ros2topic:/home/hd/ros2_foxy/install/ros2test:/home/hd/ros2_foxy/install/ros2component:/home/hd/ros2_foxy/install/ros2param:/home/hd/ros2_foxy/install/ros2lifecycle:/home/hd/ros2_foxy/install/ros2service:/home/hd/ros2_foxy/install/ros2run:/home/hd/ros2_foxy/install/ros2launch:/home/hd/ros2_foxy/install/ros2pkg:/home/hd/ros2_foxy/install/ros2node:/home/hd/ros2_foxy/install/ros2multicast:/home/hd/ros2_foxy/install/ros2interface:/home/hd/ros2_foxy/install/ros2doctor:/home/hd/ros2_foxy/install/ros2action:/home/hd/ros2_foxy/install/ros2cli:/home/hd/ros2_foxy/install/quality_of_service_demo_py:/home/hd/ros2_foxy/install/launch_testing_ros:/home/hd/ros2_foxy/install/launch_ros:/home/hd/ros2_foxy/install/joystick_ros2:/home/hd/ros2_foxy/install/examples_rclpy_minimal_subscriber:/home/hd/ros2_foxy/install/examples_rclpy_minimal_service:/home/hd/ros2_foxy/install/examples_rclpy_minimal_publisher:/home/hd/ros2_foxy/install/examples_rclpy_minimal_client:/home/hd/ros2_foxy/install/examples_rclpy_minimal_action_server:/home/hd/ros2_foxy/install/examples_rclpy_minimal_action_client:/home/hd/ros2_foxy/install/examples_rclpy_executors:/home/hd/ros2_foxy/install/demo_nodes_py:/home/hd/ros2_foxy/install/action_tutorials_py:/home/hd/ros2_foxy/install/ament_uncrustify:/home/hd/ros2_foxy/install/tracetools_trace:/home/hd/ros2_foxy/install/tracetools_read:/home/hd/ros2_foxy/install/test_launch_ros:/home/hd/ros2_foxy/install/sensor_msgs_py:/home/hd/ros2_foxy/install/rpyutils:/home/hd/ros2_foxy/install/rosidl_runtime_py:/home/hd/ros2_foxy/install/launch_yaml:/home/hd/ros2_foxy/install/launch_xml:/home/hd/ros2_foxy/install/launch_testing:/home/hd/ros2_foxy/install/launch:/home/hd/ros2_foxy/install/osrf_pycommon:/home/hd/ros2_foxy/install/domain_coordinator:/home/hd/ros2_foxy/install/ament_xmllint:/home/hd/ros2_foxy/install/ament_pyflakes:/home/hd/ros2_foxy/install/ament_pycodestyle:/home/hd/ros2_foxy/install/ament_pep257:/home/hd/ros2_foxy/install/ament_pclint:/home/hd/ros2_foxy/install/ament_package:/home/hd/ros2_foxy/install/ament_mypy:/home/hd/ros2_foxy/install/ament_lint_cmake:/home/hd/ros2_foxy/install/ament_flake8:/home/hd/ros2_foxy/install/ament_copyright:/home/hd/ros2_foxy/install/ament_lint:/home/hd/ros2_foxy/install/ament_index_python:/home/hd/ros2_foxy/install/ament_cpplint:/home/hd/ros2_foxy/install/ament_cppcheck:/home/hd/ros2_foxy/install/ament_clang_tidy:/home/hd/ros2_foxy/install/ament_clang_format /usr/bin/cmake --build /home/hd/Desktop/Motor_Control/motor_controls.ws/build/ethercat_device_configurator -- -j2 -l2
[11.151s] Invoking command in '/home/hd/Desktop/Motor_Control/motor_controls.ws/build/ethercat_device_configurator': CMAKE_PREFIX_PATH=${CMAKE_PREFIX_PATH}:/opt/ros/foxy:/home/hd/ros2_foxy/install/ros2bag:/home/hd/ros2_foxy/install/tracetools_launch:/home/hd/ros2_foxy/install/topic_monitor:/home/hd/ros2_foxy/install/examples_tf2_py:/home/hd/ros2_foxy/install/sros2:/home/hd/ros2_foxy/install/rqt_topic:/home/hd/ros2_foxy/install/rqt_top:/home/hd/ros2_foxy/install/rqt_srv:/home/hd/ros2_foxy/install/rqt_shell:/home/hd/ros2_foxy/install/rqt_service_caller:/home/hd/ros2_foxy/install/rqt_reconfigure:/home/hd/ros2_foxy/install/rqt_py_console:/home/hd/ros2_foxy/install/rqt_publisher:/home/hd/ros2_foxy/install/rqt_plot:/home/hd/ros2_foxy/install/rqt_action:/home/hd/ros2_foxy/install/rqt_msg:/home/hd/ros2_foxy/install/rqt_console:/home/hd/ros2_foxy/install/rqt:/home/hd/ros2_foxy/install/rqt_graph:/home/hd/ros2_foxy/install/rqt_gui_py:/home/hd/ros2_foxy/install/rqt_gui:/home/hd/ros2_foxy/install/ros2trace:/home/hd/ros2_foxy/install/ros2topic:/home/hd/ros2_foxy/install/ros2test:/home/hd/ros2_foxy/install/ros2component:/home/hd/ros2_foxy/install/ros2param:/home/hd/ros2_foxy/install/ros2lifecycle:/home/hd/ros2_foxy/install/ros2service:/home/hd/ros2_foxy/install/ros2run:/home/hd/ros2_foxy/install/ros2launch:/home/hd/ros2_foxy/install/ros2pkg:/home/hd/ros2_foxy/install/ros2node:/home/hd/ros2_foxy/install/ros2multicast:/home/hd/ros2_foxy/install/ros2interface:/home/hd/ros2_foxy/install/ros2doctor:/home/hd/ros2_foxy/install/ros2action:/home/hd/ros2_foxy/install/ros2cli:/home/hd/ros2_foxy/install/quality_of_service_demo_py:/home/hd/ros2_foxy/install/launch_testing_ros:/home/hd/ros2_foxy/install/launch_ros:/home/hd/ros2_foxy/install/joystick_ros2:/home/hd/ros2_foxy/install/examples_rclpy_minimal_subscriber:/home/hd/ros2_foxy/install/examples_rclpy_minimal_service:/home/hd/ros2_foxy/install/examples_rclpy_minimal_publisher:/home/hd/ros2_foxy/install/examples_rclpy_minimal_client:/home/hd/ros2_foxy/install/examples_rclpy_minimal_action_server:/home/hd/ros2_foxy/install/examples_rclpy_minimal_action_client:/home/hd/ros2_foxy/install/examples_rclpy_executors:/home/hd/ros2_foxy/install/demo_nodes_py:/home/hd/ros2_foxy/install/action_tutorials_py:/home/hd/ros2_foxy/install/ament_uncrustify:/home/hd/ros2_foxy/install/tracetools_trace:/home/hd/ros2_foxy/install/tracetools_read:/home/hd/ros2_foxy/install/test_launch_ros:/home/hd/ros2_foxy/install/sensor_msgs_py:/home/hd/ros2_foxy/install/rpyutils:/home/hd/ros2_foxy/install/rosidl_runtime_py:/home/hd/ros2_foxy/install/launch_yaml:/home/hd/ros2_foxy/install/launch_xml:/home/hd/ros2_foxy/install/launch_testing:/home/hd/ros2_foxy/install/launch:/home/hd/ros2_foxy/install/osrf_pycommon:/home/hd/ros2_foxy/install/domain_coordinator:/home/hd/ros2_foxy/install/ament_xmllint:/home/hd/ros2_foxy/install/ament_pyflakes:/home/hd/ros2_foxy/install/ament_pycodestyle:/home/hd/ros2_foxy/install/ament_pep257:/home/hd/ros2_foxy/install/ament_pclint:/home/hd/ros2_foxy/install/ament_package:/home/hd/ros2_foxy/install/ament_mypy:/home/hd/ros2_foxy/install/ament_lint_cmake:/home/hd/ros2_foxy/install/ament_flake8:/home/hd/ros2_foxy/install/ament_copyright:/home/hd/ros2_foxy/install/ament_lint:/home/hd/ros2_foxy/install/ament_index_python:/home/hd/ros2_foxy/install/ament_cpplint:/home/hd/ros2_foxy/install/ament_cppcheck:/home/hd/ros2_foxy/install/ament_clang_tidy:/home/hd/ros2_foxy/install/ament_clang_format /usr/bin/cmake --install /home/hd/Desktop/Motor_Control/motor_controls.ws/build/ethercat_device_configurator
[11.172s] -- Install configuration: ""
[11.172s] -- Installing: /home/hd/Desktop/Motor_Control/motor_controls.ws/install/ethercat_device_configurator/lib/ethercat_device_configurator/motor_control
[11.178s] -- Set runtime path of "/home/hd/Desktop/Motor_Control/motor_controls.ws/install/ethercat_device_configurator/lib/ethercat_device_configurator/motor_control" to ""
[11.178s] -- Up-to-date: /home/hd/Desktop/Motor_Control/motor_controls.ws/install/ethercat_device_configurator/share/ament_index/resource_index/package_run_dependencies/ethercat_device_configurator
[11.179s] -- Up-to-date: /home/hd/Desktop/Motor_Control/motor_controls.ws/install/ethercat_device_configurator/share/ament_index/resource_index/parent_prefix_path/ethercat_device_configurator
[11.179s] -- Up-to-date: /home/hd/Desktop/Motor_Control/motor_controls.ws/install/ethercat_device_configurator/share/ethercat_device_configurator/environment/ament_prefix_path.dsv
[11.179s] -- Up-to-date: /home/hd/Desktop/Motor_Control/motor_controls.ws/install/ethercat_device_configurator/share/ethercat_device_configurator/environment/path.dsv
[11.179s] -- Up-to-date: /home/hd/Desktop/Motor_Control/motor_controls.ws/install/ethercat_device_configurator/share/ethercat_device_configurator/local_setup.bash
[11.179s] -- Up-to-date: /home/hd/Desktop/Motor_Control/motor_controls.ws/install/ethercat_device_configurator/share/ethercat_device_configurator/local_setup.sh
[11.180s] -- Up-to-date: /home/hd/Desktop/Motor_Control/motor_controls.ws/install/ethercat_device_configurator/share/ethercat_device_configurator/local_setup.zsh
[11.180s] -- Up-to-date: /home/hd/Desktop/Motor_Control/motor_controls.ws/install/ethercat_device_configurator/share/ethercat_device_configurator/local_setup.dsv
[11.180s] -- Installing: /home/hd/Desktop/Motor_Control/motor_controls.ws/install/ethercat_device_configurator/share/ethercat_device_configurator/package.dsv
[11.181s] -- Up-to-date: /home/hd/Desktop/Motor_Control/motor_controls.ws/install/ethercat_device_configurator/share/ament_index/resource_index/packages/ethercat_device_configurator
[11.182s] -- Up-to-date: /home/hd/Desktop/Motor_Control/motor_controls.ws/install/ethercat_device_configurator/share/ethercat_device_configurator/cmake/ethercat_device_configuratorConfig.cmake
[11.182s] -- Up-to-date: /home/hd/Desktop/Motor_Control/motor_controls.ws/install/ethercat_device_configurator/share/ethercat_device_configurator/cmake/ethercat_device_configuratorConfig-version.cmake
[11.182s] -- Up-to-date: /home/hd/Desktop/Motor_Control/motor_controls.ws/install/ethercat_device_configurator/share/ethercat_device_configurator/package.xml
[11.183s] -- Up-to-date: /home/hd/Desktop/Motor_Control/motor_controls.ws/install/ethercat_device_configurator/lib/libethercat_sdk_master.a
[11.183s] -- Up-to-date: /home/hd/Desktop/Motor_Control/motor_controls.ws/install/ethercat_device_configurator/include/ethercat_sdk_master
[11.184s] -- Up-to-date: /home/hd/Desktop/Motor_Control/motor_controls.ws/install/ethercat_device_configurator/include/ethercat_sdk_master/EthercatDevice.hpp
[11.184s] -- Up-to-date: /home/hd/Desktop/Motor_Control/motor_controls.ws/install/ethercat_device_configurator/include/ethercat_sdk_master/EthercatMaster.hpp
[11.184s] -- Up-to-date: /home/hd/Desktop/Motor_Control/motor_controls.ws/install/ethercat_device_configurator/include/ethercat_sdk_master/UpdateMode.hpp
[11.184s] -- Up-to-date: /home/hd/Desktop/Motor_Control/motor_controls.ws/install/ethercat_device_configurator/include/ethercat_sdk_master/EthercatMasterConfiguration.hpp
[11.184s] -- Up-to-date: /home/hd/Desktop/Motor_Control/motor_controls.ws/install/ethercat_device_configurator/share/ament_index/resource_index/package_run_dependencies/ethercat_sdk_master
[11.185s] -- Up-to-date: /home/hd/Desktop/Motor_Control/motor_controls.ws/install/ethercat_device_configurator/share/ament_index/resource_index/parent_prefix_path/ethercat_sdk_master
[11.186s] -- Up-to-date: /home/hd/Desktop/Motor_Control/motor_controls.ws/install/ethercat_device_configurator/share/ethercat_sdk_master/environment/ament_prefix_path.dsv
[11.187s] -- Up-to-date: /home/hd/Desktop/Motor_Control/motor_controls.ws/install/ethercat_device_configurator/share/ethercat_sdk_master/environment/path.dsv
[11.187s] -- Up-to-date: /home/hd/Desktop/Motor_Control/motor_controls.ws/install/ethercat_device_configurator/share/ethercat_sdk_master/local_setup.bash
[11.187s] -- Up-to-date: /home/hd/Desktop/Motor_Control/motor_controls.ws/install/ethercat_device_configurator/share/ethercat_sdk_master/local_setup.sh
[11.187s] -- Up-to-date: /home/hd/Desktop/Motor_Control/motor_controls.ws/install/ethercat_device_configurator/share/ethercat_sdk_master/local_setup.zsh
[11.187s] -- Up-to-date: /home/hd/Desktop/Motor_Control/motor_controls.ws/install/ethercat_device_configurator/share/ethercat_sdk_master/local_setup.dsv
[11.188s] -- Up-to-date: /home/hd/Desktop/Motor_Control/motor_controls.ws/install/ethercat_device_configurator/share/ethercat_sdk_master/package.dsv
[11.188s] -- Up-to-date: /home/hd/Desktop/Motor_Control/motor_controls.ws/install/ethercat_device_configurator/share/ament_index/resource_index/packages/ethercat_sdk_master
[11.189s] -- Up-to-date: /home/hd/Desktop/Motor_Control/motor_controls.ws/install/ethercat_device_configurator/share/ethercat_sdk_master/cmake/ethercat_sdk_masterConfig.cmake
[11.190s] -- Up-to-date: /home/hd/Desktop/Motor_Control/motor_controls.ws/install/ethercat_device_configurator/share/ethercat_sdk_master/cmake/ethercat_sdk_masterConfig-version.cmake
[11.190s] -- Up-to-date: /home/hd/Desktop/Motor_Control/motor_controls.ws/install/ethercat_device_configurator/share/ethercat_sdk_master/package.xml
[11.191s] -- Up-to-date: /home/hd/Desktop/Motor_Control/motor_controls.ws/install/ethercat_device_configurator/lib/libmaxon_epos_ethercat_sdk.a
[11.191s] -- Up-to-date: /home/hd/Desktop/Motor_Control/motor_controls.ws/install/ethercat_device_configurator/include/maxon_epos_ethercat_sdk
[11.191s] -- Up-to-date: /home/hd/Desktop/Motor_Control/motor_controls.ws/install/ethercat_device_configurator/include/maxon_epos_ethercat_sdk/RxPdo.hpp
[11.191s] -- Up-to-date: /home/hd/Desktop/Motor_Control/motor_controls.ws/install/ethercat_device_configurator/include/maxon_epos_ethercat_sdk/Maxon.hpp
[11.191s] -- Up-to-date: /home/hd/Desktop/Motor_Control/motor_controls.ws/install/ethercat_device_configurator/include/maxon_epos_ethercat_sdk/TxPdo.hpp
[11.191s] -- Up-to-date: /home/hd/Desktop/Motor_Control/motor_controls.ws/install/ethercat_device_configurator/include/maxon_epos_ethercat_sdk/ObjectDictionary.hpp
[11.191s] -- Up-to-date: /home/hd/Desktop/Motor_Control/motor_controls.ws/install/ethercat_device_configurator/include/maxon_epos_ethercat_sdk/ModeOfOperationEnum.hpp
[11.191s] -- Up-to-date: /home/hd/Desktop/Motor_Control/motor_controls.ws/install/ethercat_device_configurator/include/maxon_epos_ethercat_sdk/DriveState.hpp
[11.191s] -- Up-to-date: /home/hd/Desktop/Motor_Control/motor_controls.ws/install/ethercat_device_configurator/include/maxon_epos_ethercat_sdk/Error.hpp
[11.191s] -- Up-to-date: /home/hd/Desktop/Motor_Control/motor_controls.ws/install/ethercat_device_configurator/include/maxon_epos_ethercat_sdk/ConfigurationParser.hpp
[11.191s] -- Up-to-date: /home/hd/Desktop/Motor_Control/motor_controls.ws/install/ethercat_device_configurator/include/maxon_epos_ethercat_sdk/Reading.hpp
[11.191s] -- Up-to-date: /home/hd/Desktop/Motor_Control/motor_controls.ws/install/ethercat_device_configurator/include/maxon_epos_ethercat_sdk/PdoTypeEnum.hpp
[11.191s] -- Up-to-date: /home/hd/Desktop/Motor_Control/motor_controls.ws/install/ethercat_device_configurator/include/maxon_epos_ethercat_sdk/Command.hpp
[11.192s] -- Up-to-date: /home/hd/Desktop/Motor_Control/motor_controls.ws/install/ethercat_device_configurator/include/maxon_epos_ethercat_sdk/Controlword.hpp
[11.192s] -- Up-to-date: /home/hd/Desktop/Motor_Control/motor_controls.ws/install/ethercat_device_configurator/include/maxon_epos_ethercat_sdk/Statusword.hpp
[11.192s] -- Up-to-date: /home/hd/Desktop/Motor_Control/motor_controls.ws/install/ethercat_device_configurator/include/maxon_epos_ethercat_sdk/Configuration.hpp
[11.192s] -- Up-to-date: /home/hd/Desktop/Motor_Control/motor_controls.ws/install/ethercat_device_configurator/share/ament_index/resource_index/package_run_dependencies/maxon_epos_ethercat_sdk
[11.192s] -- Up-to-date: /home/hd/Desktop/Motor_Control/motor_controls.ws/install/ethercat_device_configurator/share/ament_index/resource_index/parent_prefix_path/maxon_epos_ethercat_sdk
[11.192s] -- Up-to-date: /home/hd/Desktop/Motor_Control/motor_controls.ws/install/ethercat_device_configurator/share/maxon_epos_ethercat_sdk/environment/ament_prefix_path.dsv
[11.192s] -- Up-to-date: /home/hd/Desktop/Motor_Control/motor_controls.ws/install/ethercat_device_configurator/share/maxon_epos_ethercat_sdk/environment/path.dsv
[11.192s] -- Up-to-date: /home/hd/Desktop/Motor_Control/motor_controls.ws/install/ethercat_device_configurator/share/maxon_epos_ethercat_sdk/local_setup.bash
[11.192s] -- Up-to-date: /home/hd/Desktop/Motor_Control/motor_controls.ws/install/ethercat_device_configurator/share/maxon_epos_ethercat_sdk/local_setup.sh
[11.192s] -- Up-to-date: /home/hd/Desktop/Motor_Control/motor_controls.ws/install/ethercat_device_configurator/share/maxon_epos_ethercat_sdk/local_setup.zsh
[11.192s] -- Up-to-date: /home/hd/Desktop/Motor_Control/motor_controls.ws/install/ethercat_device_configurator/share/maxon_epos_ethercat_sdk/local_setup.dsv
[11.192s] -- Up-to-date: /home/hd/Desktop/Motor_Control/motor_controls.ws/install/ethercat_device_configurator/share/maxon_epos_ethercat_sdk/package.dsv
[11.202s] -- Up-to-date: /home/hd/Desktop/Motor_Control/motor_controls.ws/install/ethercat_device_configurator/share/ament_index/resource_index/packages/maxon_epos_ethercat_sdk
[11.202s] -- Up-to-date: /home/hd/Desktop/Motor_Control/motor_controls.ws/install/ethercat_device_configurator/share/maxon_epos_ethercat_sdk/cmake/maxon_epos_ethercat_sdkConfig.cmake
[11.202s] -- Up-to-date: /home/hd/Desktop/Motor_Control/motor_controls.ws/install/ethercat_device_configurator/share/maxon_epos_ethercat_sdk/cmake/maxon_epos_ethercat_sdkConfig-version.cmake
[11.203s] -- Up-to-date: /home/hd/Desktop/Motor_Control/motor_controls.ws/install/ethercat_device_configurator/share/maxon_epos_ethercat_sdk/package.xml
[11.203s] -- Up-to-date: /home/hd/Desktop/Motor_Control/motor_controls.ws/install/ethercat_device_configurator/lib/libmessage_logger.so
[11.203s] -- Up-to-date: /home/hd/Desktop/Motor_Control/motor_controls.ws/install/ethercat_device_configurator/include/message_logger
[11.203s] -- Up-to-date: /home/hd/Desktop/Motor_Control/motor_controls.ws/install/ethercat_device_configurator/include/message_logger/time
[11.204s] -- Up-to-date: /home/hd/Desktop/Motor_Control/motor_controls.ws/install/ethercat_device_configurator/include/message_logger/time/TimeStd.hpp
[11.204s] -- Up-to-date: /home/hd/Desktop/Motor_Control/motor_controls.ws/install/ethercat_device_configurator/include/message_logger/time/Time.hpp
[11.204s] -- Up-to-date: /home/hd/Desktop/Motor_Control/motor_controls.ws/install/ethercat_device_configurator/include/message_logger/message_logger.hpp
[11.204s] -- Up-to-date: /home/hd/Desktop/Motor_Control/motor_controls.ws/install/ethercat_device_configurator/include/message_logger/common
[11.204s] -- Up-to-date: /home/hd/Desktop/Motor_Control/motor_controls.ws/install/ethercat_device_configurator/include/message_logger/common/colors.hpp
[11.204s] -- Up-to-date: /home/hd/Desktop/Motor_Control/motor_controls.ws/install/ethercat_device_configurator/include/message_logger/common/source_file_pos.hpp
[11.211s] -- Up-to-date: /home/hd/Desktop/Motor_Control/motor_controls.ws/install/ethercat_device_configurator/include/message_logger/common/preprocessor_defines.hpp
[11.212s] -- Up-to-date: /home/hd/Desktop/Motor_Control/motor_controls.ws/install/ethercat_device_configurator/include/message_logger/log
[11.212s] -- Up-to-date: /home/hd/Desktop/Motor_Control/motor_controls.ws/install/ethercat_device_configurator/include/message_logger/log/log_messages_ros.hpp
[11.212s] -- Up-to-date: /home/hd/Desktop/Motor_Control/motor_controls.ws/install/ethercat_device_configurator/include/message_logger/log/log_messages_std.hpp
[11.212s] -- Up-to-date: /home/hd/Desktop/Motor_Control/motor_controls.ws/install/ethercat_device_configurator/include/message_logger/log/log_messages_backend_config.hpp
[11.213s] -- Up-to-date: /home/hd/Desktop/Motor_Control/motor_controls.ws/install/ethercat_device_configurator/include/message_logger/log/log_messages_backend_config.hpp.in
[11.213s] -- Up-to-date: /home/hd/Desktop/Motor_Control/motor_controls.ws/install/ethercat_device_configurator/include/message_logger/log/log_messages_backend.hpp
[11.214s] -- Up-to-date: /home/hd/Desktop/Motor_Control/motor_controls.ws/install/ethercat_device_configurator/include/message_logger/log/log_messages.hpp
[11.214s] -- Up-to-date: /home/hd/Desktop/Motor_Control/motor_controls.ws/install/ethercat_device_configurator/share/message_logger/environment/library_path.sh
[11.214s] -- Up-to-date: /home/hd/Desktop/Motor_Control/motor_controls.ws/install/ethercat_device_configurator/share/message_logger/environment/library_path.dsv
[11.215s] -- Up-to-date: /home/hd/Desktop/Motor_Control/motor_controls.ws/install/ethercat_device_configurator/share/ament_index/resource_index/package_run_dependencies/message_logger
[11.215s] -- Up-to-date: /home/hd/Desktop/Motor_Control/motor_controls.ws/install/ethercat_device_configurator/share/ament_index/resource_index/parent_prefix_path/message_logger
[11.221s] -- Up-to-date: /home/hd/Desktop/Motor_Control/motor_controls.ws/install/ethercat_device_configurator/share/message_logger/environment/ament_prefix_path.dsv
[11.221s] -- Up-to-date: /home/hd/Desktop/Motor_Control/motor_controls.ws/install/ethercat_device_configurator/share/message_logger/environment/path.dsv
[11.222s] -- Up-to-date: /home/hd/Desktop/Motor_Control/motor_controls.ws/install/ethercat_device_configurator/share/message_logger/local_setup.bash
[11.223s] -- Up-to-date: /home/hd/Desktop/Motor_Control/motor_controls.ws/install/ethercat_device_configurator/share/message_logger/local_setup.sh
[11.223s] -- Up-to-date: /home/hd/Desktop/Motor_Control/motor_controls.ws/install/ethercat_device_configurator/share/message_logger/local_setup.zsh
[11.223s] -- Up-to-date: /home/hd/Desktop/Motor_Control/motor_controls.ws/install/ethercat_device_configurator/share/message_logger/local_setup.dsv
[11.224s] -- Up-to-date: /home/hd/Desktop/Motor_Control/motor_controls.ws/install/ethercat_device_configurator/share/message_logger/package.dsv
[11.224s] -- Up-to-date: /home/hd/Desktop/Motor_Control/motor_controls.ws/install/ethercat_device_configurator/share/ament_index/resource_index/packages/message_logger
[11.225s] -- Up-to-date: /home/hd/Desktop/Motor_Control/motor_controls.ws/install/ethercat_device_configurator/share/message_logger/cmake/ament_cmake_export_include_directories-extras.cmake
[11.225s] -- Up-to-date: /home/hd/Desktop/Motor_Control/motor_controls.ws/install/ethercat_device_configurator/share/message_logger/cmake/ament_cmake_export_libraries-extras.cmake
[11.226s] -- Up-to-date: /home/hd/Desktop/Motor_Control/motor_controls.ws/install/ethercat_device_configurator/share/message_logger/cmake/message_loggerConfig.cmake
[11.226s] -- Up-to-date: /home/hd/Desktop/Motor_Control/motor_controls.ws/install/ethercat_device_configurator/share/message_logger/cmake/message_loggerConfig-version.cmake
[11.226s] -- Up-to-date: /home/hd/Desktop/Motor_Control/motor_controls.ws/install/ethercat_device_configurator/share/message_logger/package.xml
[11.226s] -- Up-to-date: /home/hd/Desktop/Motor_Control/motor_controls.ws/install/ethercat_device_configurator/share/ament_index/resource_index/package_run_dependencies/soem_rsl
[11.227s] -- Up-to-date: /home/hd/Desktop/Motor_Control/motor_controls.ws/install/ethercat_device_configurator/share/ament_index/resource_index/parent_prefix_path/soem_rsl
[11.227s] -- Up-to-date: /home/hd/Desktop/Motor_Control/motor_controls.ws/install/ethercat_device_configurator/share/soem_rsl/environment/ament_prefix_path.dsv
[11.227s] -- Up-to-date: /home/hd/Desktop/Motor_Control/motor_controls.ws/install/ethercat_device_configurator/share/soem_rsl/environment/path.dsv
[11.234s] -- Up-to-date: /home/hd/Desktop/Motor_Control/motor_controls.ws/install/ethercat_device_configurator/share/soem_rsl/local_setup.bash
[11.235s] -- Up-to-date: /home/hd/Desktop/Motor_Control/motor_controls.ws/install/ethercat_device_configurator/share/soem_rsl/local_setup.sh
[11.235s] -- Up-to-date: /home/hd/Desktop/Motor_Control/motor_controls.ws/install/ethercat_device_configurator/share/soem_rsl/local_setup.zsh
[11.235s] -- Up-to-date: /home/hd/Desktop/Motor_Control/motor_controls.ws/install/ethercat_device_configurator/share/soem_rsl/local_setup.dsv
[11.235s] -- Up-to-date: /home/hd/Desktop/Motor_Control/motor_controls.ws/install/ethercat_device_configurator/share/soem_rsl/package.dsv
[11.235s] -- Up-to-date: /home/hd/Desktop/Motor_Control/motor_controls.ws/install/ethercat_device_configurator/share/ament_index/resource_index/packages/soem_rsl
[11.236s] -- Up-to-date: /home/hd/Desktop/Motor_Control/motor_controls.ws/install/ethercat_device_configurator/share/soem_rsl/cmake/soem_rslConfig.cmake
[11.236s] -- Up-to-date: /home/hd/Desktop/Motor_Control/motor_controls.ws/install/ethercat_device_configurator/share/soem_rsl/cmake/soem_rslConfig-version.cmake
[11.237s] -- Up-to-date: /home/hd/Desktop/Motor_Control/motor_controls.ws/install/ethercat_device_configurator/share/soem_rsl/package.xml
[11.237s] -- Up-to-date: /home/hd/Desktop/Motor_Control/motor_controls.ws/install/ethercat_device_configurator/include
[11.239s] -- Up-to-date: /home/hd/Desktop/Motor_Control/motor_controls.ws/install/ethercat_device_configurator/include/EthercatBusManagerBase.hpp
[11.239s] -- Up-to-date: /home/hd/Desktop/Motor_Control/motor_controls.ws/install/ethercat_device_configurator/include/EthercatSlaveBase.hpp
[11.239s] -- Up-to-date: /home/hd/Desktop/Motor_Control/motor_controls.ws/install/ethercat_device_configurator/include/common
[11.240s] -- Up-to-date: /home/hd/Desktop/Motor_Control/motor_controls.ws/install/ethercat_device_configurator/include/common/Macros.hpp
[11.240s] -- Up-to-date: /home/hd/Desktop/Motor_Control/motor_controls.ws/install/ethercat_device_configurator/include/common/ThreadSleep.hpp
[11.240s] -- Up-to-date: /home/hd/Desktop/Motor_Control/motor_controls.ws/install/ethercat_device_configurator/include/EthercatBusBase.hpp
[11.240s] -- Up-to-date: /home/hd/Desktop/Motor_Control/motor_controls.ws/install/ethercat_device_configurator/share/ament_index/resource_index/package_run_dependencies/soem_interface
[11.240s] -- Up-to-date: /home/hd/Desktop/Motor_Control/motor_controls.ws/install/ethercat_device_configurator/share/ament_index/resource_index/parent_prefix_path/soem_interface
[11.241s] -- Up-to-date: /home/hd/Desktop/Motor_Control/motor_controls.ws/install/ethercat_device_configurator/share/soem_interface/environment/ament_prefix_path.dsv
[11.241s] -- Up-to-date: /home/hd/Desktop/Motor_Control/motor_controls.ws/install/ethercat_device_configurator/share/soem_interface/environment/path.dsv
[11.241s] -- Up-to-date: /home/hd/Desktop/Motor_Control/motor_controls.ws/install/ethercat_device_configurator/share/soem_interface/local_setup.bash
[11.241s] -- Up-to-date: /home/hd/Desktop/Motor_Control/motor_controls.ws/install/ethercat_device_configurator/share/soem_interface/local_setup.sh
[11.242s] -- Up-to-date: /home/hd/Desktop/Motor_Control/motor_controls.ws/install/ethercat_device_configurator/share/soem_interface/local_setup.zsh
[11.242s] -- Up-to-date: /home/hd/Desktop/Motor_Control/motor_controls.ws/install/ethercat_device_configurator/share/soem_interface/local_setup.dsv
[11.243s] -- Up-to-date: /home/hd/Desktop/Motor_Control/motor_controls.ws/install/ethercat_device_configurator/share/soem_interface/package.dsv
[11.244s] -- Up-to-date: /home/hd/Desktop/Motor_Control/motor_controls.ws/install/ethercat_device_configurator/share/ament_index/resource_index/packages/soem_interface
[11.244s] -- Up-to-date: /home/hd/Desktop/Motor_Control/motor_controls.ws/install/ethercat_device_configurator/share/soem_interface/cmake/soem_interfaceConfig.cmake
[11.244s] -- Up-to-date: /home/hd/Desktop/Motor_Control/motor_controls.ws/install/ethercat_device_configurator/share/soem_interface/cmake/soem_interfaceConfig-version.cmake
[11.247s] -- Up-to-date: /home/hd/Desktop/Motor_Control/motor_controls.ws/install/ethercat_device_configurator/share/soem_interface/package.xml
[11.248s] Invoked command in '/home/hd/Desktop/Motor_Control/motor_controls.ws/build/ethercat_device_configurator' returned '0': CMAKE_PREFIX_PATH=${CMAKE_PREFIX_PATH}:/opt/ros/foxy:/home/hd/ros2_foxy/install/ros2bag:/home/hd/ros2_foxy/install/tracetools_launch:/home/hd/ros2_foxy/install/topic_monitor:/home/hd/ros2_foxy/install/examples_tf2_py:/home/hd/ros2_foxy/install/sros2:/home/hd/ros2_foxy/install/rqt_topic:/home/hd/ros2_foxy/install/rqt_top:/home/hd/ros2_foxy/install/rqt_srv:/home/hd/ros2_foxy/install/rqt_shell:/home/hd/ros2_foxy/install/rqt_service_caller:/home/hd/ros2_foxy/install/rqt_reconfigure:/home/hd/ros2_foxy/install/rqt_py_console:/home/hd/ros2_foxy/install/rqt_publisher:/home/hd/ros2_foxy/install/rqt_plot:/home/hd/ros2_foxy/install/rqt_action:/home/hd/ros2_foxy/install/rqt_msg:/home/hd/ros2_foxy/install/rqt_console:/home/hd/ros2_foxy/install/rqt:/home/hd/ros2_foxy/install/rqt_graph:/home/hd/ros2_foxy/install/rqt_gui_py:/home/hd/ros2_foxy/install/rqt_gui:/home/hd/ros2_foxy/install/ros2trace:/home/hd/ros2_foxy/install/ros2topic:/home/hd/ros2_foxy/install/ros2test:/home/hd/ros2_foxy/install/ros2component:/home/hd/ros2_foxy/install/ros2param:/home/hd/ros2_foxy/install/ros2lifecycle:/home/hd/ros2_foxy/install/ros2service:/home/hd/ros2_foxy/install/ros2run:/home/hd/ros2_foxy/install/ros2launch:/home/hd/ros2_foxy/install/ros2pkg:/home/hd/ros2_foxy/install/ros2node:/home/hd/ros2_foxy/install/ros2multicast:/home/hd/ros2_foxy/install/ros2interface:/home/hd/ros2_foxy/install/ros2doctor:/home/hd/ros2_foxy/install/ros2action:/home/hd/ros2_foxy/install/ros2cli:/home/hd/ros2_foxy/install/quality_of_service_demo_py:/home/hd/ros2_foxy/install/launch_testing_ros:/home/hd/ros2_foxy/install/launch_ros:/home/hd/ros2_foxy/install/joystick_ros2:/home/hd/ros2_foxy/install/examples_rclpy_minimal_subscriber:/home/hd/ros2_foxy/install/examples_rclpy_minimal_service:/home/hd/ros2_foxy/install/examples_rclpy_minimal_publisher:/home/hd/ros2_foxy/install/examples_rclpy_minimal_client:/home/hd/ros2_foxy/install/examples_rclpy_minimal_action_server:/home/hd/ros2_foxy/install/examples_rclpy_minimal_action_client:/home/hd/ros2_foxy/install/examples_rclpy_executors:/home/hd/ros2_foxy/install/demo_nodes_py:/home/hd/ros2_foxy/install/action_tutorials_py:/home/hd/ros2_foxy/install/ament_uncrustify:/home/hd/ros2_foxy/install/tracetools_trace:/home/hd/ros2_foxy/install/tracetools_read:/home/hd/ros2_foxy/install/test_launch_ros:/home/hd/ros2_foxy/install/sensor_msgs_py:/home/hd/ros2_foxy/install/rpyutils:/home/hd/ros2_foxy/install/rosidl_runtime_py:/home/hd/ros2_foxy/install/launch_yaml:/home/hd/ros2_foxy/install/launch_xml:/home/hd/ros2_foxy/install/launch_testing:/home/hd/ros2_foxy/install/launch:/home/hd/ros2_foxy/install/osrf_pycommon:/home/hd/ros2_foxy/install/domain_coordinator:/home/hd/ros2_foxy/install/ament_xmllint:/home/hd/ros2_foxy/install/ament_pyflakes:/home/hd/ros2_foxy/install/ament_pycodestyle:/home/hd/ros2_foxy/install/ament_pep257:/home/hd/ros2_foxy/install/ament_pclint:/home/hd/ros2_foxy/install/ament_package:/home/hd/ros2_foxy/install/ament_mypy:/home/hd/ros2_foxy/install/ament_lint_cmake:/home/hd/ros2_foxy/install/ament_flake8:/home/hd/ros2_foxy/install/ament_copyright:/home/hd/ros2_foxy/install/ament_lint:/home/hd/ros2_foxy/install/ament_index_python:/home/hd/ros2_foxy/install/ament_cpplint:/home/hd/ros2_foxy/install/ament_cppcheck:/home/hd/ros2_foxy/install/ament_clang_tidy:/home/hd/ros2_foxy/install/ament_clang_format /usr/bin/cmake --install /home/hd/Desktop/Motor_Control/motor_controls.ws/build/ethercat_device_configurator
