CMake Warning at CMakeLists.txt:27 (find_package):
  By not providing "Findmessage_logger.cmake" in CMAKE_MODULE_PATH this
  project has asked CMake to find a package configuration file provided by
  "message_logger", but CMake did not find one.

  Could not find a package configuration file provided by "message_logger"
  with any of the following names:

    message_loggerConfig.cmake
    message_logger-config.cmake

  Add the installation prefix of "message_logger" to CMAKE_PREFIX_PATH or set
  "message_logger_DIR" to a directory containing one of the above files.  If
  "message_logger" provides a separate development package or SDK, be sure it
  has been installed.


CMake Warning at CMakeLists.txt:28 (find_package):
  By not providing "Findsoem_interface.cmake" in CMAKE_MODULE_PATH this
  project has asked CMake to find a package configuration file provided by
  "soem_interface", but CMake did not find one.

  Could not find a package configuration file provided by "soem_interface"
  with any of the following names:

    soem_interfaceConfig.cmake
    soem_interface-config.cmake

  Add the installation prefix of "soem_interface" to CMAKE_PREFIX_PATH or set
  "soem_interface_DIR" to a directory containing one of the above files.  If
  "soem_interface" provides a separate development package or SDK, be sure it
  has been installed.


CMake Warning at CMakeLists.txt:29 (find_package):
  By not providing "Findethercat_sdk_master.cmake" in CMAKE_MODULE_PATH this
  project has asked CMake to find a package configuration file provided by
  "ethercat_sdk_master", but CMake did not find one.

  Could not find a package configuration file provided by
  "ethercat_sdk_master" with any of the following names:

    ethercat_sdk_masterConfig.cmake
    ethercat_sdk_master-config.cmake

  Add the installation prefix of "ethercat_sdk_master" to CMAKE_PREFIX_PATH
  or set "ethercat_sdk_master_DIR" to a directory containing one of the above
  files.  If "ethercat_sdk_master" provides a separate development package or
  SDK, be sure it has been installed.


CMake Warning at CMakeLists.txt:30 (find_package):
  By not providing "Findmaxon_epos_ethercat_sdk.cmake" in CMAKE_MODULE_PATH
  this project has asked CMake to find a package configuration file provided
  by "maxon_epos_ethercat_sdk", but CMake did not find one.

  Could not find a package configuration file provided by
  "maxon_epos_ethercat_sdk" with any of the following names:

    maxon_epos_ethercat_sdkConfig.cmake
    maxon_epos_ethercat_sdk-config.cmake

  Add the installation prefix of "maxon_epos_ethercat_sdk" to
  CMAKE_PREFIX_PATH or set "maxon_epos_ethercat_sdk_DIR" to a directory
  containing one of the above files.  If "maxon_epos_ethercat_sdk" provides a
  separate development package or SDK, be sure it has been installed.


 AHHHHHHHHHHHHHHHHHH message_logger
CMake Warning at soem_interface/soem_interface/CMakeLists.txt:22 (find_package):
  By not providing "Findsoem_rsl.cmake" in CMAKE_MODULE_PATH this project has
  asked CMake to find a package configuration file provided by "soem_rsl",
  but CMake did not find one.

  Could not find a package configuration file provided by "soem_rsl" with any
  of the following names:

    soem_rslConfig.cmake
    soem_rsl-config.cmake

  Add the installation prefix of "soem_rsl" to CMAKE_PREFIX_PATH or set
  "soem_rsl_DIR" to a directory containing one of the above files.  If
  "soem_rsl" provides a separate development package or SDK, be sure it has
  been installed.


CMake Warning at soem_interface/soem_interface/CMakeLists.txt:23 (find_package):
  By not providing "Findmessage_logger.cmake" in CMAKE_MODULE_PATH this
  project has asked CMake to find a package configuration file provided by
  "message_logger", but CMake did not find one.

  Could not find a package configuration file provided by "message_logger"
  with any of the following names:

    message_loggerConfig.cmake
    message_logger-config.cmake

  Add the installation prefix of "message_logger" to CMAKE_PREFIX_PATH or set
  "message_logger_DIR" to a directory containing one of the above files.  If
  "message_logger" provides a separate development package or SDK, be sure it
  has been installed.


CMake Error at /home/hd/ros2_foxy/install/rosidl_adapter/share/rosidl_adapter/cmake/rosidl_adapt_interfaces.cmake:60 (message):
  execute_process(/usr/bin/python3 -m rosidl_adapter --package-name
  ethercat_device_configurator --arguments-file
  /home/hd/Desktop/Motor_Control/motor_controls.ws/build/ethercat_device_configurator/rosidl_adapter__arguments__ethercat_device_configurator.json
  --output-dir
  /home/hd/Desktop/Motor_Control/motor_controls.ws/build/ethercat_device_configurator/rosidl_adapter/ethercat_device_configurator
  --output-file
  /home/hd/Desktop/Motor_Control/motor_controls.ws/build/ethercat_device_configurator/rosidl_adapter/ethercat_device_configurator.idls)
  returned error code 1:

  Error processing 'int mode' of
  'ethercat_device_configurator/motor_command': ''int' is an invalid message
  name.  It should have the pattern '^[A-Z][A-Za-z0-9]*$''

  Traceback (most recent call last):

    File "/usr/lib/python3.8/runpy.py", line 194, in _run_module_as_main
      return _run_code(code, main_globals, None,
    File "/usr/lib/python3.8/runpy.py", line 87, in _run_code
      exec(code, run_globals)
    File "/opt/ros/foxy/lib/python3.8/site-packages/rosidl_adapter/__main__.py", line 19, in <module>
      sys.exit(main())
    File "/opt/ros/foxy/lib/python3.8/site-packages/rosidl_adapter/main.py", line 53, in main
      abs_idl_file = convert_to_idl(
    File "/opt/ros/foxy/lib/python3.8/site-packages/rosidl_adapter/__init__.py", line 19, in convert_to_idl
      return convert_msg_to_idl(
    File "/opt/ros/foxy/lib/python3.8/site-packages/rosidl_adapter/msg/__init__.py", line 28, in convert_msg_to_idl
      msg = parse_message_string(package_name, input_file.stem, content)
    File "/opt/ros/foxy/lib/python3.8/site-packages/rosidl_adapter/parser.py", line 516, in parse_message_string
      Type(type_string, context_package_name=pkg_name),
    File "/opt/ros/foxy/lib/python3.8/site-packages/rosidl_adapter/parser.py", line 276, in __init__
      super(Type, self).__init__(
    File "/opt/ros/foxy/lib/python3.8/site-packages/rosidl_adapter/parser.py", line 204, in __init__
      raise InvalidResourceName(

  rosidl_adapter.parser.InvalidResourceName: 'int' is an invalid message
  name.  It should have the pattern '^[A-Z][A-Za-z0-9]*$'

Call Stack (most recent call first):
  /home/hd/ros2_foxy/install/rosidl_cmake/share/rosidl_cmake/cmake/rosidl_generate_interfaces.cmake:130 (rosidl_adapt_interfaces)
  CMakeLists.txt:47 (rosidl_generate_interfaces)


