-- Found ament_cmake: 0.9.11 (/home/hd/ros2_foxy/install/ament_cmake/share/ament_cmake/cmake)
-- Using PYTHON_EXECUTABLE: /usr/bin/python3
-- Found rclcpp: 2.4.2 (/home/hd/ros2_foxy/install/rclcpp/share/rclcpp/cmake)
-- Using all available rosidl_typesupport_c: rosidl_typesupport_introspection_c;rosidl_typesupport_fastrtps_c
-- Found rosidl_adapter: 1.3.0 (/home/hd/ros2_foxy/install/rosidl_adapter/share/rosidl_adapter/cmake)
-- Using all available rosidl_typesupport_cpp: rosidl_typesupport_introspection_cpp;rosidl_typesupport_fastrtps_cpp
-- Found rmw_implementation_cmake: 1.0.4 (/home/hd/ros2_foxy/install/rmw_implementation_cmake/share/rmw_implementation_cmake/cmake)
-- Using RMW implementation 'rmw_fastrtps_cpp' as default
-- Configuring done
-- Generating done
-- Build files have been written to: /home/hd/Desktop/motor_controls.ws/build/coucou
[35m[1mScanning dependencies of target suscriber[0m
[ 25%] [32mBuilding CXX object CMakeFiles/suscriber.dir/src/read.cpp.o[0m
[ 75%] Built target talker
[100%] [32m[1mLinking CXX executable suscriber[0m
[100%] Built target suscriber
-- Install configuration: ""
-- Up-to-date: /home/hd/Desktop/motor_controls.ws/install/coucou/lib/coucou/talker
-- Installing: /home/hd/Desktop/motor_controls.ws/install/coucou/lib/coucou/suscriber
-- Set runtime path of "/home/hd/Desktop/motor_controls.ws/install/coucou/lib/coucou/suscriber" to ""
-- Up-to-date: /home/hd/Desktop/motor_controls.ws/install/coucou/share/ament_index/resource_index/package_run_dependencies/coucou
-- Up-to-date: /home/hd/Desktop/motor_controls.ws/install/coucou/share/ament_index/resource_index/parent_prefix_path/coucou
-- Installing: /home/hd/Desktop/motor_controls.ws/install/coucou/share/coucou/environment/ament_prefix_path.dsv
-- Installing: /home/hd/Desktop/motor_controls.ws/install/coucou/share/coucou/environment/path.dsv
-- Up-to-date: /home/hd/Desktop/motor_controls.ws/install/coucou/share/coucou/local_setup.bash
-- Up-to-date: /home/hd/Desktop/motor_controls.ws/install/coucou/share/coucou/local_setup.sh
-- Up-to-date: /home/hd/Desktop/motor_controls.ws/install/coucou/share/coucou/local_setup.zsh
-- Installing: /home/hd/Desktop/motor_controls.ws/install/coucou/share/coucou/local_setup.dsv
-- Installing: /home/hd/Desktop/motor_controls.ws/install/coucou/share/coucou/package.dsv
-- Up-to-date: /home/hd/Desktop/motor_controls.ws/install/coucou/share/ament_index/resource_index/packages/coucou
-- Up-to-date: /home/hd/Desktop/motor_controls.ws/install/coucou/share/coucou/cmake/coucouConfig.cmake
-- Up-to-date: /home/hd/Desktop/motor_controls.ws/install/coucou/share/coucou/cmake/coucouConfig-version.cmake
-- Up-to-date: /home/hd/Desktop/motor_controls.ws/install/coucou/share/coucou/package.xml
