-- Found ament_cmake: 0.9.11 (/home/hd/ros2_foxy/install/ament_cmake/share/ament_cmake/cmake)
-- Found PythonInterp: /usr/bin/python3 (found suitable version "3.8.10", minimum required is "3") 
-- Using PYTHON_EXECUTABLE: /usr/bin/python3
-- Found rosidl_default_generators: 1.0.1 (/home/hd/ros2_foxy/install/rosidl_default_generators/share/rosidl_default_generators/cmake)
-- Using all available rosidl_typesupport_c: rosidl_typesupport_fastrtps_c;rosidl_typesupport_introspection_c
-- Found rosidl_adapter: 1.3.0 (/home/hd/ros2_foxy/install/rosidl_adapter/share/rosidl_adapter/cmake)
-- Using all available rosidl_typesupport_cpp: rosidl_typesupport_fastrtps_cpp;rosidl_typesupport_introspection_cpp
-- Found PythonInterp: /usr/bin/python3 (found version "3.8.10") 
-- Found ament_cmake_ros: 0.9.2 (/home/hd/ros2_foxy/install/ament_cmake_ros/share/ament_cmake_ros/cmake)
-- Using all available rosidl_typesupport_c: rosidl_typesupport_fastrtps_c;rosidl_typesupport_introspection_c
-- Using all available rosidl_typesupport_cpp: rosidl_typesupport_fastrtps_cpp;rosidl_typesupport_introspection_cpp
-- Found PythonInterp: /usr/bin/python3 (found suitable version "3.8.10", minimum required is "3.5") 
-- Found python_cmake_module: 0.8.1 (/home/hd/ros2_foxy/install/python_cmake_module/share/python_cmake_module/cmake)
-- Using PYTHON_EXECUTABLE: /usr/bin/python3
-- Using PYTHON_INCLUDE_DIRS: /usr/include/python3.8
-- Using PYTHON_LIBRARIES: /usr/lib/x86_64-linux-gnu/libpython3.8.so
-- Configuring done
-- Generating done
-- Build files have been written to: /home/hd/Desktop/Motor_Control/motor_controls.ws/build/motor_control_interfaces
[  3%] [34m[1mGenerating C++ code for ROS interfaces[0m
[  6%] [34m[1mGenerating C code for ROS interfaces[0m
[  6%] Built target motor_control_interfaces__cpp
[  9%] [34m[1mGenerating C++ introspection for ROS interfaces[0m
[35m[1mScanning dependencies of target motor_control_interfaces__rosidl_generator_c[0m
[ 12%] [32mBuilding C object CMakeFiles/motor_control_interfaces__rosidl_generator_c.dir/rosidl_generator_c/motor_control_interfaces/msg/detail/motor_command__functions.c.o[0m
[ 16%] [32m[1mLinking C shared library libmotor_control_interfaces__rosidl_generator_c.so[0m
[35m[1mScanning dependencies of target motor_control_interfaces__rosidl_typesupport_introspection_cpp[0m
[ 16%] Built target motor_control_interfaces__rosidl_generator_c
[ 19%] [32mBuilding CXX object CMakeFiles/motor_control_interfaces__rosidl_typesupport_introspection_cpp.dir/rosidl_typesupport_introspection_cpp/motor_control_interfaces/msg/detail/motor_command__type_support.cpp.o[0m
[ 22%] [34m[1mGenerating C++ type support dispatch for ROS interfaces[0m
[ 25%] [32m[1mLinking CXX shared library libmotor_control_interfaces__rosidl_typesupport_introspection_cpp.so[0m
[ 25%] Built target motor_control_interfaces__rosidl_typesupport_introspection_cpp
[ 29%] [34m[1mGenerating C++ type support for eProsima Fast-RTPS[0m
[35m[1mScanning dependencies of target motor_control_interfaces__rosidl_typesupport_cpp[0m
[ 32%] [32mBuilding CXX object CMakeFiles/motor_control_interfaces__rosidl_typesupport_cpp.dir/rosidl_typesupport_cpp/motor_control_interfaces/msg/motor_command__type_support.cpp.o[0m
[ 35%] [32m[1mLinking CXX shared library libmotor_control_interfaces__rosidl_typesupport_cpp.so[0m
[ 35%] Built target motor_control_interfaces__rosidl_typesupport_cpp
[ 38%] [34m[1mGenerating C type support dispatch for ROS interfaces[0m
[35m[1mScanning dependencies of target motor_control_interfaces__rosidl_typesupport_fastrtps_cpp[0m
[ 41%] [32mBuilding CXX object CMakeFiles/motor_control_interfaces__rosidl_typesupport_fastrtps_cpp.dir/rosidl_typesupport_fastrtps_cpp/motor_control_interfaces/msg/detail/dds_fastrtps/motor_command__type_support.cpp.o[0m
[ 45%] [32m[1mLinking CXX shared library libmotor_control_interfaces__rosidl_typesupport_fastrtps_cpp.so[0m
[35m[1mScanning dependencies of target motor_control_interfaces__rosidl_typesupport_c[0m
[ 48%] [32mBuilding CXX object CMakeFiles/motor_control_interfaces__rosidl_typesupport_c.dir/rosidl_typesupport_c/motor_control_interfaces/msg/motor_command__type_support.cpp.o[0m
[ 51%] [32m[1mLinking CXX shared library libmotor_control_interfaces__rosidl_typesupport_c.so[0m
[ 51%] Built target motor_control_interfaces__rosidl_typesupport_fastrtps_cpp
[ 54%] [34m[1mGenerating C introspection for ROS interfaces[0m
[ 54%] Built target motor_control_interfaces__rosidl_typesupport_c
[ 58%] [34m[1mGenerating C type support for eProsima Fast-RTPS[0m
[35m[1mScanning dependencies of target motor_control_interfaces__rosidl_typesupport_introspection_c[0m
[35m[1mScanning dependencies of target motor_control_interfaces__rosidl_typesupport_fastrtps_c[0m
[ 61%] [32mBuilding C object CMakeFiles/motor_control_interfaces__rosidl_typesupport_introspection_c.dir/rosidl_typesupport_introspection_c/motor_control_interfaces/msg/detail/motor_command__type_support.c.o[0m
[ 64%] [32mBuilding CXX object CMakeFiles/motor_control_interfaces__rosidl_typesupport_fastrtps_c.dir/rosidl_typesupport_fastrtps_c/motor_control_interfaces/msg/detail/motor_command__type_support_c.cpp.o[0m
[ 67%] [32m[1mLinking C shared library libmotor_control_interfaces__rosidl_typesupport_introspection_c.so[0m
[ 70%] [32m[1mLinking CXX shared library libmotor_control_interfaces__rosidl_typesupport_fastrtps_c.so[0m
[ 70%] Built target motor_control_interfaces__rosidl_typesupport_introspection_c
[ 70%] Built target motor_control_interfaces__rosidl_typesupport_fastrtps_c
[ 70%] Built target motor_control_interfaces
[ 74%] [34m[1mGenerating Python code for ROS interfaces[0m
[ 74%] Built target motor_control_interfaces__py
[35m[1mScanning dependencies of target motor_control_interfaces__python[0m
[ 77%] [32mBuilding C object CMakeFiles/motor_control_interfaces__python.dir/rosidl_generator_py/motor_control_interfaces/msg/_motor_command_s.c.o[0m
[ 80%] [32m[1mLinking C shared library rosidl_generator_py/motor_control_interfaces/libmotor_control_interfaces__python.so[0m
[ 80%] Built target motor_control_interfaces__python
[35m[1mScanning dependencies of target motor_control_interfaces__rosidl_typesupport_introspection_c__pyext[0m
[35m[1mScanning dependencies of target motor_control_interfaces__rosidl_typesupport_c__pyext[0m
[ 83%] [32mBuilding C object CMakeFiles/motor_control_interfaces__rosidl_typesupport_introspection_c__pyext.dir/rosidl_generator_py/motor_control_interfaces/_motor_control_interfaces_s.ep.rosidl_typesupport_introspection_c.c.o[0m
[ 87%] [32mBuilding C object CMakeFiles/motor_control_interfaces__rosidl_typesupport_c__pyext.dir/rosidl_generator_py/motor_control_interfaces/_motor_control_interfaces_s.ep.rosidl_typesupport_c.c.o[0m
[ 90%] [32m[1mLinking C shared library rosidl_generator_py/motor_control_interfaces/motor_control_interfaces_s__rosidl_typesupport_introspection_c.cpython-38-x86_64-linux-gnu.so[0m
[ 93%] [32m[1mLinking C shared library rosidl_generator_py/motor_control_interfaces/motor_control_interfaces_s__rosidl_typesupport_c.cpython-38-x86_64-linux-gnu.so[0m
[ 93%] Built target motor_control_interfaces__rosidl_typesupport_introspection_c__pyext
[ 93%] Built target motor_control_interfaces__rosidl_typesupport_c__pyext
[35m[1mScanning dependencies of target motor_control_interfaces__rosidl_typesupport_fastrtps_c__pyext[0m
[ 96%] [32mBuilding C object CMakeFiles/motor_control_interfaces__rosidl_typesupport_fastrtps_c__pyext.dir/rosidl_generator_py/motor_control_interfaces/_motor_control_interfaces_s.ep.rosidl_typesupport_fastrtps_c.c.o[0m
[100%] [32m[1mLinking CXX shared library rosidl_generator_py/motor_control_interfaces/motor_control_interfaces_s__rosidl_typesupport_fastrtps_c.cpython-38-x86_64-linux-gnu.so[0m
[100%] Built target motor_control_interfaces__rosidl_typesupport_fastrtps_c__pyext
