[0.955s] Invoking command in '/home/alex/Desktop/xplore/NAV_workspace/nav_ws/src/controller': PYTHONPATH=/home/alex/Desktop/xplore/NAV_workspace/nav_ws/src/controller/build/controller/prefix_override:/home/alex/Desktop/xplore/NAV_workspace/nav_ws/src/controller/install/controller/lib/python3.8/site-packages:${PYTHONPATH} /usr/bin/python3 setup.py egg_info --egg-base build/controller build --build-base /home/alex/Desktop/xplore/NAV_workspace/nav_ws/src/controller/build/controller/build install --record /home/alex/Desktop/xplore/NAV_workspace/nav_ws/src/controller/build/controller/install.log --install-scripts $base/lib/controller --single-version-externally-managed
[1.131s] running egg_info
[1.132s] writing build/controller/controller.egg-info/PKG-INFO
[1.133s] writing dependency_links to build/controller/controller.egg-info/dependency_links.txt
[1.134s] writing entry points to build/controller/controller.egg-info/entry_points.txt
[1.134s] writing requirements to build/controller/controller.egg-info/requires.txt
[1.135s] writing top-level names to build/controller/controller.egg-info/top_level.txt
[1.167s] reading manifest file 'build/controller/controller.egg-info/SOURCES.txt'
[1.168s] writing manifest file 'build/controller/controller.egg-info/SOURCES.txt'
[1.169s] running build
[1.169s] running build_py
[1.170s] copying controller/CS_subscriber.py -> /home/alex/Desktop/xplore/NAV_workspace/nav_ws/src/controller/build/controller/build/lib/controller
[1.171s] running install
[1.172s] running install_lib
[1.173s] copying /home/alex/Desktop/xplore/NAV_workspace/nav_ws/src/controller/build/controller/build/lib/controller/CS_subscriber.py -> /home/alex/Desktop/xplore/NAV_workspace/nav_ws/src/controller/install/controller/lib/python3.8/site-packages/controller
[1.176s] byte-compiling /home/alex/Desktop/xplore/NAV_workspace/nav_ws/src/controller/install/controller/lib/python3.8/site-packages/controller/CS_subscriber.py to CS_subscriber.cpython-38.pyc
[1.180s] running install_data
[1.181s] running install_egg_info
[1.182s] removing '/home/alex/Desktop/xplore/NAV_workspace/nav_ws/src/controller/install/controller/lib/python3.8/site-packages/controller-0.0.0-py3.8.egg-info' (and everything under it)
[1.194s] Copying build/controller/controller.egg-info to /home/alex/Desktop/xplore/NAV_workspace/nav_ws/src/controller/install/controller/lib/python3.8/site-packages/controller-0.0.0-py3.8.egg-info
[1.195s] running install_scripts
[1.211s] Installing listener script to /home/alex/Desktop/xplore/NAV_workspace/nav_ws/src/controller/install/controller/lib/controller
[1.213s] Installing talker script to /home/alex/Desktop/xplore/NAV_workspace/nav_ws/src/controller/install/controller/lib/controller
[1.214s] writing list of installed files to '/home/alex/Desktop/xplore/NAV_workspace/nav_ws/src/controller/build/controller/install.log'
[1.238s] Invoked command in '/home/alex/Desktop/xplore/NAV_workspace/nav_ws/src/controller' returned '0': PYTHONPATH=/home/alex/Desktop/xplore/NAV_workspace/nav_ws/src/controller/build/controller/prefix_override:/home/alex/Desktop/xplore/NAV_workspace/nav_ws/src/controller/install/controller/lib/python3.8/site-packages:${PYTHONPATH} /usr/bin/python3 setup.py egg_info --egg-base build/controller build --build-base /home/alex/Desktop/xplore/NAV_workspace/nav_ws/src/controller/build/controller/build install --record /home/alex/Desktop/xplore/NAV_workspace/nav_ws/src/controller/build/controller/install.log --install-scripts $base/lib/controller --single-version-externally-managed
