[0.085s] Invoking command in '/home/hd/Desktop/Motor_Control/motor_controls.ws/build/ethercat_device_configurator': CMAKE_PREFIX_PATH=${CMAKE_PREFIX_PATH}:/opt/ros/foxy:/home/hd/ros2_foxy/install/ros2bag:/home/hd/ros2_foxy/install/tracetools_launch:/home/hd/ros2_foxy/install/topic_monitor:/home/hd/ros2_foxy/install/examples_tf2_py:/home/hd/ros2_foxy/install/sros2:/home/hd/ros2_foxy/install/rqt_topic:/home/hd/ros2_foxy/install/rqt_top:/home/hd/ros2_foxy/install/rqt_srv:/home/hd/ros2_foxy/install/rqt_shell:/home/hd/ros2_foxy/install/rqt_service_caller:/home/hd/ros2_foxy/install/rqt_reconfigure:/home/hd/ros2_foxy/install/rqt_py_console:/home/hd/ros2_foxy/install/rqt_publisher:/home/hd/ros2_foxy/install/rqt_plot:/home/hd/ros2_foxy/install/rqt_action:/home/hd/ros2_foxy/install/rqt_msg:/home/hd/ros2_foxy/install/rqt_console:/home/hd/ros2_foxy/install/rqt:/home/hd/ros2_foxy/install/rqt_graph:/home/hd/ros2_foxy/install/rqt_gui_py:/home/hd/ros2_foxy/install/rqt_gui:/home/hd/ros2_foxy/install/ros2trace:/home/hd/ros2_foxy/install/ros2topic:/home/hd/ros2_foxy/install/ros2test:/home/hd/ros2_foxy/install/ros2component:/home/hd/ros2_foxy/install/ros2param:/home/hd/ros2_foxy/install/ros2lifecycle:/home/hd/ros2_foxy/install/ros2service:/home/hd/ros2_foxy/install/ros2run:/home/hd/ros2_foxy/install/ros2launch:/home/hd/ros2_foxy/install/ros2pkg:/home/hd/ros2_foxy/install/ros2node:/home/hd/ros2_foxy/install/ros2multicast:/home/hd/ros2_foxy/install/ros2interface:/home/hd/ros2_foxy/install/ros2doctor:/home/hd/ros2_foxy/install/ros2action:/home/hd/ros2_foxy/install/ros2cli:/home/hd/ros2_foxy/install/quality_of_service_demo_py:/home/hd/ros2_foxy/install/launch_testing_ros:/home/hd/ros2_foxy/install/launch_ros:/home/hd/ros2_foxy/install/joystick_ros2:/home/hd/ros2_foxy/install/examples_rclpy_minimal_subscriber:/home/hd/ros2_foxy/install/examples_rclpy_minimal_service:/home/hd/ros2_foxy/install/examples_rclpy_minimal_publisher:/home/hd/ros2_foxy/install/examples_rclpy_minimal_client:/home/hd/ros2_foxy/install/examples_rclpy_minimal_action_server:/home/hd/ros2_foxy/install/examples_rclpy_minimal_action_client:/home/hd/ros2_foxy/install/examples_rclpy_executors:/home/hd/ros2_foxy/install/demo_nodes_py:/home/hd/ros2_foxy/install/action_tutorials_py:/home/hd/ros2_foxy/install/ament_uncrustify:/home/hd/ros2_foxy/install/tracetools_trace:/home/hd/ros2_foxy/install/tracetools_read:/home/hd/ros2_foxy/install/test_launch_ros:/home/hd/ros2_foxy/install/sensor_msgs_py:/home/hd/ros2_foxy/install/rpyutils:/home/hd/ros2_foxy/install/rosidl_runtime_py:/home/hd/ros2_foxy/install/launch_yaml:/home/hd/ros2_foxy/install/launch_xml:/home/hd/ros2_foxy/install/launch_testing:/home/hd/ros2_foxy/install/launch:/home/hd/ros2_foxy/install/osrf_pycommon:/home/hd/ros2_foxy/install/domain_coordinator:/home/hd/ros2_foxy/install/ament_xmllint:/home/hd/ros2_foxy/install/ament_pyflakes:/home/hd/ros2_foxy/install/ament_pycodestyle:/home/hd/ros2_foxy/install/ament_pep257:/home/hd/ros2_foxy/install/ament_pclint:/home/hd/ros2_foxy/install/ament_package:/home/hd/ros2_foxy/install/ament_mypy:/home/hd/ros2_foxy/install/ament_lint_cmake:/home/hd/ros2_foxy/install/ament_flake8:/home/hd/ros2_foxy/install/ament_copyright:/home/hd/ros2_foxy/install/ament_lint:/home/hd/ros2_foxy/install/ament_index_python:/home/hd/ros2_foxy/install/ament_cpplint:/home/hd/ros2_foxy/install/ament_cppcheck:/home/hd/ros2_foxy/install/ament_clang_tidy:/home/hd/ros2_foxy/install/ament_clang_format /usr/bin/cmake --build /home/hd/Desktop/Motor_Control/motor_controls.ws/build/ethercat_device_configurator -- -j2 -l2
[0.175s] -- Found rclcpp: 2.4.2 (/home/hd/ros2_foxy/install/rclcpp/share/rclcpp/cmake)
[0.516s] -- Using PYTHON_EXECUTABLE: /usr/bin/python3
[1.177s] -- Using all available rosidl_typesupport_c: rosidl_typesupport_fastrtps_c;rosidl_typesupport_introspection_c
[1.181s] -- Found rosidl_adapter: 1.3.0 (/home/hd/ros2_foxy/install/rosidl_adapter/share/rosidl_adapter/cmake)
[1.434s] -- Using all available rosidl_typesupport_cpp: rosidl_typesupport_fastrtps_cpp;rosidl_typesupport_introspection_cpp
[1.491s] -- Found rmw_implementation_cmake: 1.0.4 (/home/hd/ros2_foxy/install/rmw_implementation_cmake/share/rmw_implementation_cmake/cmake)
[1.523s] -- Using RMW implementation 'rmw_fastrtps_cpp' as default
[1.673s] -- Found message_logger: 0.0.0 (/home/hd/Desktop/Motor_Control/motor_controls.ws/install/ethercat_device_configurator/share/message_logger/cmake)
[1.676s] -- Found soem_interface: 0.0.0 (/home/hd/Desktop/Motor_Control/motor_controls.ws/install/ethercat_device_configurator/share/soem_interface/cmake)
[1.677s] -- Found ethercat_sdk_master: 0.0.1 (/home/hd/Desktop/Motor_Control/motor_controls.ws/install/ethercat_device_configurator/share/ethercat_sdk_master/cmake)
[1.677s] -- Found maxon_epos_ethercat_sdk: 1.0.1 (/home/hd/Desktop/Motor_Control/motor_controls.ws/install/ethercat_device_configurator/share/maxon_epos_ethercat_sdk/cmake)
[1.702s] CMake Warning at CMakeLists.txt:31 (find_package):
[1.702s]   By not providing "Findmotor_control_interfaces.cmake" in CMAKE_MODULE_PATH
[1.702s]   this project has asked CMake to find a package configuration file provided
[1.702s]   by "motor_control_interfaces", but CMake did not find one.
[1.702s] 
[1.702s]   Could not find a package configuration file provided by
[1.703s]   "motor_control_interfaces" with any of the following names:
[1.703s] 
[1.703s]     motor_control_interfacesConfig.cmake
[1.703s]     motor_control_interfaces-config.cmake
[1.703s] 
[1.703s]   Add the installation prefix of "motor_control_interfaces" to
[1.703s]   CMAKE_PREFIX_PATH or set "motor_control_interfaces_DIR" to a directory
[1.703s]   containing one of the above files.  If "motor_control_interfaces" provides
[1.703s]   a separate development package or SDK, be sure it has been installed.
[1.703s] 
[1.703s] 
[1.750s] -- Found ament_lint_auto: 0.9.8 (/home/hd/ros2_foxy/install/ament_lint_auto/share/ament_lint_auto/cmake)
[2.133s] -- Added test 'cppcheck' to perform static code analysis on C / C++ code
[2.134s] -- Configured cppcheck include dirs: /home/hd/Desktop/Motor_Control/motor_controls.ws/src/ethercat_device_configurator/ethercat_sdk_master/../soem_interface/soem_interface/include;/home/hd/Desktop/Motor_Control/motor_controls.ws/src/ethercat_device_configurator/ethercat_sdk_master/../soem_interface/soem/include;/home/hd/Desktop/Motor_Control/motor_controls.ws/src/ethercat_device_configurator/ethercat_sdk_master/../message_logger/include;/home/hd/Desktop/Motor_Control/motor_controls.ws/src/ethercat_device_configurator/ethercat_sdk_master/include
[2.134s] -- Configured cppcheck exclude dirs and/or files: 
[2.134s] -- Added test 'lint_cmake' to check CMake code style
[2.135s] -- Added test 'uncrustify' to check C / C++ code style
[2.135s] -- Configured uncrustify additional arguments: 
[2.136s] -- Added test 'xmllint' to check XML markup files
[2.152s] -- Found ament_lint_auto: 0.9.8 (/home/hd/ros2_foxy/install/ament_lint_auto/share/ament_lint_auto/cmake)
[2.595s] -- Added test 'cppcheck' to perform static code analysis on C / C++ code
[2.595s] -- Configured cppcheck include dirs: /home/hd/Desktop/Motor_Control/motor_controls.ws/src/ethercat_device_configurator/maxon_epos_ethercat_sdk/include;/home/hd/Desktop/Motor_Control/motor_controls.ws/src/ethercat_device_configurator/maxon_epos_ethercat_sdk/../message_logger/include;/home/hd/Desktop/Motor_Control/motor_controls.ws/src/ethercat_device_configurator/maxon_epos_ethercat_sdk/../ethercat_sdk_master/include;/home/hd/Desktop/Motor_Control/motor_controls.ws/src/ethercat_device_configurator/maxon_epos_ethercat_sdk/../soem_interface/soem_interface/include;/home/hd/Desktop/Motor_Control/motor_controls.ws/src/ethercat_device_configurator/maxon_epos_ethercat_sdk/../soem_interface/soem/include
[2.595s] -- Configured cppcheck exclude dirs and/or files: 
[2.596s] -- Added test 'lint_cmake' to check CMake code style
[2.598s] -- Added test 'uncrustify' to check C / C++ code style
[2.598s] -- Configured uncrustify additional arguments: 
[2.598s] -- Added test 'xmllint' to check XML markup files
[2.601s] -- Found rclcpp_components: 2.4.2 (/home/hd/ros2_foxy/install/rclcpp_components/share/rclcpp_components/cmake)
[2.660s]  AHHHHHHHHHHHHHHHHHH message_logger
[3.546s] -- Found soem_rsl: 0.0.0 (/home/hd/Desktop/Motor_Control/motor_controls.ws/install/ethercat_device_configurator/share/soem_rsl/cmake)
[3.911s] CMake Error at /home/hd/ros2_foxy/install/ament_cmake_target_dependencies/share/ament_cmake_target_dependencies/cmake/ament_target_dependencies.cmake:77 (message):
[3.911s]   ament_target_dependencies() the passed package name
[3.911s]   'motor_control_interfaces' was not found before
[3.911s] Call Stack (most recent call first):
[3.911s]   CMakeLists.txt:51 (ament_target_dependencies)
[3.911s] 
[3.911s] 
[3.917s] -- Configuring incomplete, errors occurred!
[3.917s] See also "/home/hd/Desktop/Motor_Control/motor_controls.ws/build/ethercat_device_configurator/CMakeFiles/CMakeOutput.log".
[3.918s] See also "/home/hd/Desktop/Motor_Control/motor_controls.ws/build/ethercat_device_configurator/CMakeFiles/CMakeError.log".
[3.933s] make: *** [Makefile:920: cmake_check_build_system] Error 1
[3.939s] Invoked command in '/home/hd/Desktop/Motor_Control/motor_controls.ws/build/ethercat_device_configurator' returned '2': CMAKE_PREFIX_PATH=${CMAKE_PREFIX_PATH}:/opt/ros/foxy:/home/hd/ros2_foxy/install/ros2bag:/home/hd/ros2_foxy/install/tracetools_launch:/home/hd/ros2_foxy/install/topic_monitor:/home/hd/ros2_foxy/install/examples_tf2_py:/home/hd/ros2_foxy/install/sros2:/home/hd/ros2_foxy/install/rqt_topic:/home/hd/ros2_foxy/install/rqt_top:/home/hd/ros2_foxy/install/rqt_srv:/home/hd/ros2_foxy/install/rqt_shell:/home/hd/ros2_foxy/install/rqt_service_caller:/home/hd/ros2_foxy/install/rqt_reconfigure:/home/hd/ros2_foxy/install/rqt_py_console:/home/hd/ros2_foxy/install/rqt_publisher:/home/hd/ros2_foxy/install/rqt_plot:/home/hd/ros2_foxy/install/rqt_action:/home/hd/ros2_foxy/install/rqt_msg:/home/hd/ros2_foxy/install/rqt_console:/home/hd/ros2_foxy/install/rqt:/home/hd/ros2_foxy/install/rqt_graph:/home/hd/ros2_foxy/install/rqt_gui_py:/home/hd/ros2_foxy/install/rqt_gui:/home/hd/ros2_foxy/install/ros2trace:/home/hd/ros2_foxy/install/ros2topic:/home/hd/ros2_foxy/install/ros2test:/home/hd/ros2_foxy/install/ros2component:/home/hd/ros2_foxy/install/ros2param:/home/hd/ros2_foxy/install/ros2lifecycle:/home/hd/ros2_foxy/install/ros2service:/home/hd/ros2_foxy/install/ros2run:/home/hd/ros2_foxy/install/ros2launch:/home/hd/ros2_foxy/install/ros2pkg:/home/hd/ros2_foxy/install/ros2node:/home/hd/ros2_foxy/install/ros2multicast:/home/hd/ros2_foxy/install/ros2interface:/home/hd/ros2_foxy/install/ros2doctor:/home/hd/ros2_foxy/install/ros2action:/home/hd/ros2_foxy/install/ros2cli:/home/hd/ros2_foxy/install/quality_of_service_demo_py:/home/hd/ros2_foxy/install/launch_testing_ros:/home/hd/ros2_foxy/install/launch_ros:/home/hd/ros2_foxy/install/joystick_ros2:/home/hd/ros2_foxy/install/examples_rclpy_minimal_subscriber:/home/hd/ros2_foxy/install/examples_rclpy_minimal_service:/home/hd/ros2_foxy/install/examples_rclpy_minimal_publisher:/home/hd/ros2_foxy/install/examples_rclpy_minimal_client:/home/hd/ros2_foxy/install/examples_rclpy_minimal_action_server:/home/hd/ros2_foxy/install/examples_rclpy_minimal_action_client:/home/hd/ros2_foxy/install/examples_rclpy_executors:/home/hd/ros2_foxy/install/demo_nodes_py:/home/hd/ros2_foxy/install/action_tutorials_py:/home/hd/ros2_foxy/install/ament_uncrustify:/home/hd/ros2_foxy/install/tracetools_trace:/home/hd/ros2_foxy/install/tracetools_read:/home/hd/ros2_foxy/install/test_launch_ros:/home/hd/ros2_foxy/install/sensor_msgs_py:/home/hd/ros2_foxy/install/rpyutils:/home/hd/ros2_foxy/install/rosidl_runtime_py:/home/hd/ros2_foxy/install/launch_yaml:/home/hd/ros2_foxy/install/launch_xml:/home/hd/ros2_foxy/install/launch_testing:/home/hd/ros2_foxy/install/launch:/home/hd/ros2_foxy/install/osrf_pycommon:/home/hd/ros2_foxy/install/domain_coordinator:/home/hd/ros2_foxy/install/ament_xmllint:/home/hd/ros2_foxy/install/ament_pyflakes:/home/hd/ros2_foxy/install/ament_pycodestyle:/home/hd/ros2_foxy/install/ament_pep257:/home/hd/ros2_foxy/install/ament_pclint:/home/hd/ros2_foxy/install/ament_package:/home/hd/ros2_foxy/install/ament_mypy:/home/hd/ros2_foxy/install/ament_lint_cmake:/home/hd/ros2_foxy/install/ament_flake8:/home/hd/ros2_foxy/install/ament_copyright:/home/hd/ros2_foxy/install/ament_lint:/home/hd/ros2_foxy/install/ament_index_python:/home/hd/ros2_foxy/install/ament_cpplint:/home/hd/ros2_foxy/install/ament_cppcheck:/home/hd/ros2_foxy/install/ament_clang_tidy:/home/hd/ros2_foxy/install/ament_clang_format /usr/bin/cmake --build /home/hd/Desktop/Motor_Control/motor_controls.ws/build/ethercat_device_configurator -- -j2 -l2
