[0.113s] Invoking command in '/home/hd/Desktop/Motor_Control/motor_controls.ws/build/ethercat_device_configurator': CMAKE_PREFIX_PATH=${CMAKE_PREFIX_PATH}:/opt/ros/foxy:/home/hd/ros2_foxy/install/ros2bag:/home/hd/ros2_foxy/install/tracetools_launch:/home/hd/ros2_foxy/install/topic_monitor:/home/hd/ros2_foxy/install/examples_tf2_py:/home/hd/ros2_foxy/install/sros2:/home/hd/ros2_foxy/install/rqt_topic:/home/hd/ros2_foxy/install/rqt_top:/home/hd/ros2_foxy/install/rqt_srv:/home/hd/ros2_foxy/install/rqt_shell:/home/hd/ros2_foxy/install/rqt_service_caller:/home/hd/ros2_foxy/install/rqt_reconfigure:/home/hd/ros2_foxy/install/rqt_py_console:/home/hd/ros2_foxy/install/rqt_publisher:/home/hd/ros2_foxy/install/rqt_plot:/home/hd/ros2_foxy/install/rqt_action:/home/hd/ros2_foxy/install/rqt_msg:/home/hd/ros2_foxy/install/rqt_console:/home/hd/ros2_foxy/install/rqt:/home/hd/ros2_foxy/install/rqt_graph:/home/hd/ros2_foxy/install/rqt_gui_py:/home/hd/ros2_foxy/install/rqt_gui:/home/hd/ros2_foxy/install/ros2trace:/home/hd/ros2_foxy/install/ros2topic:/home/hd/ros2_foxy/install/ros2test:/home/hd/ros2_foxy/install/ros2component:/home/hd/ros2_foxy/install/ros2param:/home/hd/ros2_foxy/install/ros2lifecycle:/home/hd/ros2_foxy/install/ros2service:/home/hd/ros2_foxy/install/ros2run:/home/hd/ros2_foxy/install/ros2launch:/home/hd/ros2_foxy/install/ros2pkg:/home/hd/ros2_foxy/install/ros2node:/home/hd/ros2_foxy/install/ros2multicast:/home/hd/ros2_foxy/install/ros2interface:/home/hd/ros2_foxy/install/ros2doctor:/home/hd/ros2_foxy/install/ros2action:/home/hd/ros2_foxy/install/ros2cli:/home/hd/ros2_foxy/install/quality_of_service_demo_py:/home/hd/ros2_foxy/install/launch_testing_ros:/home/hd/ros2_foxy/install/launch_ros:/home/hd/ros2_foxy/install/joystick_ros2:/home/hd/ros2_foxy/install/examples_rclpy_minimal_subscriber:/home/hd/ros2_foxy/install/examples_rclpy_minimal_service:/home/hd/ros2_foxy/install/examples_rclpy_minimal_publisher:/home/hd/ros2_foxy/install/examples_rclpy_minimal_client:/home/hd/ros2_foxy/install/examples_rclpy_minimal_action_server:/home/hd/ros2_foxy/install/examples_rclpy_minimal_action_client:/home/hd/ros2_foxy/install/examples_rclpy_executors:/home/hd/ros2_foxy/install/demo_nodes_py:/home/hd/ros2_foxy/install/action_tutorials_py:/home/hd/ros2_foxy/install/ament_uncrustify:/home/hd/ros2_foxy/install/tracetools_trace:/home/hd/ros2_foxy/install/tracetools_read:/home/hd/ros2_foxy/install/test_launch_ros:/home/hd/ros2_foxy/install/sensor_msgs_py:/home/hd/ros2_foxy/install/rpyutils:/home/hd/ros2_foxy/install/rosidl_runtime_py:/home/hd/ros2_foxy/install/launch_yaml:/home/hd/ros2_foxy/install/launch_xml:/home/hd/ros2_foxy/install/launch_testing:/home/hd/ros2_foxy/install/launch:/home/hd/ros2_foxy/install/osrf_pycommon:/home/hd/ros2_foxy/install/domain_coordinator:/home/hd/ros2_foxy/install/ament_xmllint:/home/hd/ros2_foxy/install/ament_pyflakes:/home/hd/ros2_foxy/install/ament_pycodestyle:/home/hd/ros2_foxy/install/ament_pep257:/home/hd/ros2_foxy/install/ament_pclint:/home/hd/ros2_foxy/install/ament_package:/home/hd/ros2_foxy/install/ament_mypy:/home/hd/ros2_foxy/install/ament_lint_cmake:/home/hd/ros2_foxy/install/ament_flake8:/home/hd/ros2_foxy/install/ament_copyright:/home/hd/ros2_foxy/install/ament_lint:/home/hd/ros2_foxy/install/ament_index_python:/home/hd/ros2_foxy/install/ament_cpplint:/home/hd/ros2_foxy/install/ament_cppcheck:/home/hd/ros2_foxy/install/ament_clang_tidy:/home/hd/ros2_foxy/install/ament_clang_format /usr/bin/cmake /home/hd/Desktop/Motor_Control/motor_controls.ws/src/ethercat_device_configurator -DCMAKE_INSTALL_PREFIX=/home/hd/Desktop/Motor_Control/motor_controls.ws/install/ethercat_device_configurator
[0.174s] -- Found rclcpp: 2.4.2 (/home/hd/ros2_foxy/install/rclcpp/share/rclcpp/cmake)
[0.599s] -- Using PYTHON_EXECUTABLE: /usr/bin/python3
[1.494s] -- Using all available rosidl_typesupport_c: rosidl_typesupport_fastrtps_c;rosidl_typesupport_introspection_c
[1.500s] -- Found rosidl_adapter: 1.3.0 (/home/hd/ros2_foxy/install/rosidl_adapter/share/rosidl_adapter/cmake)
[1.767s] -- Using all available rosidl_typesupport_cpp: rosidl_typesupport_fastrtps_cpp;rosidl_typesupport_introspection_cpp
[1.830s] -- Found rmw_implementation_cmake: 1.0.4 (/home/hd/ros2_foxy/install/rmw_implementation_cmake/share/rmw_implementation_cmake/cmake)
[1.862s] -- Using RMW implementation 'rmw_fastrtps_cpp' as default
[2.054s] -- Found motor_control_interfaces: 0.0.0 (/home/hd/Desktop/Motor_Control/motor_controls.ws/install/motor_control_interfaces/share/motor_control_interfaces/cmake)
[2.090s] CMake Warning at CMakeLists.txt:28 (find_package):
[2.090s]   By not providing "Findmessage_logger.cmake" in CMAKE_MODULE_PATH this
[2.090s]   project has asked CMake to find a package configuration file provided by
[2.091s]   "message_logger", but CMake did not find one.
[2.091s] 
[2.091s]   Could not find a package configuration file provided by "message_logger"
[2.091s]   with any of the following names:
[2.091s] 
[2.091s]     message_loggerConfig.cmake
[2.091s]     message_logger-config.cmake
[2.091s] 
[2.091s]   Add the installation prefix of "message_logger" to CMAKE_PREFIX_PATH or set
[2.091s]   "message_logger_DIR" to a directory containing one of the above files.  If
[2.091s]   "message_logger" provides a separate development package or SDK, be sure it
[2.091s]   has been installed.
[2.091s] 
[2.091s] 
[2.124s] CMake Warning at CMakeLists.txt:29 (find_package):
[2.125s]   By not providing "Findsoem_interface.cmake" in CMAKE_MODULE_PATH this
[2.125s]   project has asked CMake to find a package configuration file provided by
[2.125s]   "soem_interface", but CMake did not find one.
[2.125s] 
[2.125s]   Could not find a package configuration file provided by "soem_interface"
[2.125s]   with any of the following names:
[2.125s] 
[2.125s]     soem_interfaceConfig.cmake
[2.125s]     soem_interface-config.cmake
[2.125s] 
[2.125s]   Add the installation prefix of "soem_interface" to CMAKE_PREFIX_PATH or set
[2.125s]   "soem_interface_DIR" to a directory containing one of the above files.  If
[2.125s]   "soem_interface" provides a separate development package or SDK, be sure it
[2.125s]   has been installed.
[2.125s] 
[2.125s] 
[2.155s] CMake Warning at CMakeLists.txt:30 (find_package):
[2.156s]   By not providing "Findethercat_sdk_master.cmake" in CMAKE_MODULE_PATH this
[2.156s]   project has asked CMake to find a package configuration file provided by
[2.156s]   "ethercat_sdk_master", but CMake did not find one.
[2.156s] 
[2.156s]   Could not find a package configuration file provided by
[2.156s]   "ethercat_sdk_master" with any of the following names:
[2.156s] 
[2.156s]     ethercat_sdk_masterConfig.cmake
[2.156s]     ethercat_sdk_master-config.cmake
[2.156s] 
[2.156s]   Add the installation prefix of "ethercat_sdk_master" to CMAKE_PREFIX_PATH
[2.156s]   or set "ethercat_sdk_master_DIR" to a directory containing one of the above
[2.156s]   files.  If "ethercat_sdk_master" provides a separate development package or
[2.156s]   SDK, be sure it has been installed.
[2.156s] 
[2.156s] 
[2.185s] CMake Warning at CMakeLists.txt:31 (find_package):
[2.185s]   By not providing "Findmaxon_epos_ethercat_sdk.cmake" in CMAKE_MODULE_PATH
[2.186s]   this project has asked CMake to find a package configuration file provided
[2.186s]   by "maxon_epos_ethercat_sdk", but CMake did not find one.
[2.186s] 
[2.186s]   Could not find a package configuration file provided by
[2.186s]   "maxon_epos_ethercat_sdk" with any of the following names:
[2.186s] 
[2.186s]     maxon_epos_ethercat_sdkConfig.cmake
[2.186s]     maxon_epos_ethercat_sdk-config.cmake
[2.186s] 
[2.186s]   Add the installation prefix of "maxon_epos_ethercat_sdk" to
[2.186s]   CMAKE_PREFIX_PATH or set "maxon_epos_ethercat_sdk_DIR" to a directory
[2.186s]   containing one of the above files.  If "maxon_epos_ethercat_sdk" provides a
[2.186s]   separate development package or SDK, be sure it has been installed.
[2.186s] 
[2.186s] 
[2.240s] -- Found ament_lint_auto: 0.9.8 (/home/hd/ros2_foxy/install/ament_lint_auto/share/ament_lint_auto/cmake)
[2.830s] -- Added test 'cppcheck' to perform static code analysis on C / C++ code
[2.830s] -- Configured cppcheck include dirs: /home/hd/Desktop/Motor_Control/motor_controls.ws/src/ethercat_device_configurator/ethercat_sdk_master/../soem_interface/soem_interface/include;/home/hd/Desktop/Motor_Control/motor_controls.ws/src/ethercat_device_configurator/ethercat_sdk_master/../soem_interface/soem/include;/home/hd/Desktop/Motor_Control/motor_controls.ws/src/ethercat_device_configurator/ethercat_sdk_master/../message_logger/include;/home/hd/Desktop/Motor_Control/motor_controls.ws/src/ethercat_device_configurator/ethercat_sdk_master/include
[2.830s] -- Configured cppcheck exclude dirs and/or files: 
[2.832s] -- Added test 'lint_cmake' to check CMake code style
[2.833s] -- Added test 'uncrustify' to check C / C++ code style
[2.833s] -- Configured uncrustify additional arguments: 
[2.833s] -- Added test 'xmllint' to check XML markup files
[2.853s] -- Found ament_lint_auto: 0.9.8 (/home/hd/ros2_foxy/install/ament_lint_auto/share/ament_lint_auto/cmake)
[3.299s] -- Added test 'cppcheck' to perform static code analysis on C / C++ code
[3.300s] -- Configured cppcheck include dirs: /home/hd/Desktop/Motor_Control/motor_controls.ws/src/ethercat_device_configurator/maxon_epos_ethercat_sdk/include;/home/hd/Desktop/Motor_Control/motor_controls.ws/src/ethercat_device_configurator/maxon_epos_ethercat_sdk/../message_logger/include;/home/hd/Desktop/Motor_Control/motor_controls.ws/src/ethercat_device_configurator/maxon_epos_ethercat_sdk/../ethercat_sdk_master/include;/home/hd/Desktop/Motor_Control/motor_controls.ws/src/ethercat_device_configurator/maxon_epos_ethercat_sdk/../soem_interface/soem_interface/include;/home/hd/Desktop/Motor_Control/motor_controls.ws/src/ethercat_device_configurator/maxon_epos_ethercat_sdk/../soem_interface/soem/include
[3.300s] -- Configured cppcheck exclude dirs and/or files: 
[3.301s] -- Added test 'lint_cmake' to check CMake code style
[3.303s] -- Added test 'uncrustify' to check C / C++ code style
[3.303s] -- Configured uncrustify additional arguments: 
[3.304s] -- Added test 'xmllint' to check XML markup files
[3.312s] -- Found rclcpp_components: 2.4.2 (/home/hd/ros2_foxy/install/rclcpp_components/share/rclcpp_components/cmake)
[3.379s]  AHHHHHHHHHHHHHHHHHH message_logger
[4.311s] CMake Warning at soem_interface/soem_interface/CMakeLists.txt:22 (find_package):
[4.311s]   By not providing "Findsoem_rsl.cmake" in CMAKE_MODULE_PATH this project has
[4.311s]   asked CMake to find a package configuration file provided by "soem_rsl",
[4.312s]   but CMake did not find one.
[4.312s] 
[4.312s]   Could not find a package configuration file provided by "soem_rsl" with any
[4.312s]   of the following names:
[4.312s] 
[4.312s]     soem_rslConfig.cmake
[4.312s]     soem_rsl-config.cmake
[4.312s] 
[4.312s]   Add the installation prefix of "soem_rsl" to CMAKE_PREFIX_PATH or set
[4.312s]   "soem_rsl_DIR" to a directory containing one of the above files.  If
[4.312s]   "soem_rsl" provides a separate development package or SDK, be sure it has
[4.313s]   been installed.
[4.313s] 
[4.313s] 
[4.339s] CMake Warning at soem_interface/soem_interface/CMakeLists.txt:23 (find_package):
[4.339s]   By not providing "Findmessage_logger.cmake" in CMAKE_MODULE_PATH this
[4.339s]   project has asked CMake to find a package configuration file provided by
[4.339s]   "message_logger", but CMake did not find one.
[4.339s] 
[4.339s]   Could not find a package configuration file provided by "message_logger"
[4.340s]   with any of the following names:
[4.340s] 
[4.340s]     message_loggerConfig.cmake
[4.340s]     message_logger-config.cmake
[4.340s] 
[4.340s]   Add the installation prefix of "message_logger" to CMAKE_PREFIX_PATH or set
[4.340s]   "message_logger_DIR" to a directory containing one of the above files.  If
[4.340s]   "message_logger" provides a separate development package or SDK, be sure it
[4.340s]   has been installed.
[4.341s] 
[4.341s] 
[4.731s] CMake Error at CMakeLists.txt:82 (install):
[4.731s]   install TARGETS given target "motor_control" which does not exist.
[4.732s] 
[4.732s] 
[4.735s] -- Found ament_lint_auto: 0.9.8 (/home/hd/ros2_foxy/install/ament_lint_auto/share/ament_lint_auto/cmake)
[5.110s] -- Configuring incomplete, errors occurred!
[5.110s] See also "/home/hd/Desktop/Motor_Control/motor_controls.ws/build/ethercat_device_configurator/CMakeFiles/CMakeOutput.log".
[5.110s] See also "/home/hd/Desktop/Motor_Control/motor_controls.ws/build/ethercat_device_configurator/CMakeFiles/CMakeError.log".
[5.133s] Invoked command in '/home/hd/Desktop/Motor_Control/motor_controls.ws/build/ethercat_device_configurator' returned '1': CMAKE_PREFIX_PATH=${CMAKE_PREFIX_PATH}:/opt/ros/foxy:/home/hd/ros2_foxy/install/ros2bag:/home/hd/ros2_foxy/install/tracetools_launch:/home/hd/ros2_foxy/install/topic_monitor:/home/hd/ros2_foxy/install/examples_tf2_py:/home/hd/ros2_foxy/install/sros2:/home/hd/ros2_foxy/install/rqt_topic:/home/hd/ros2_foxy/install/rqt_top:/home/hd/ros2_foxy/install/rqt_srv:/home/hd/ros2_foxy/install/rqt_shell:/home/hd/ros2_foxy/install/rqt_service_caller:/home/hd/ros2_foxy/install/rqt_reconfigure:/home/hd/ros2_foxy/install/rqt_py_console:/home/hd/ros2_foxy/install/rqt_publisher:/home/hd/ros2_foxy/install/rqt_plot:/home/hd/ros2_foxy/install/rqt_action:/home/hd/ros2_foxy/install/rqt_msg:/home/hd/ros2_foxy/install/rqt_console:/home/hd/ros2_foxy/install/rqt:/home/hd/ros2_foxy/install/rqt_graph:/home/hd/ros2_foxy/install/rqt_gui_py:/home/hd/ros2_foxy/install/rqt_gui:/home/hd/ros2_foxy/install/ros2trace:/home/hd/ros2_foxy/install/ros2topic:/home/hd/ros2_foxy/install/ros2test:/home/hd/ros2_foxy/install/ros2component:/home/hd/ros2_foxy/install/ros2param:/home/hd/ros2_foxy/install/ros2lifecycle:/home/hd/ros2_foxy/install/ros2service:/home/hd/ros2_foxy/install/ros2run:/home/hd/ros2_foxy/install/ros2launch:/home/hd/ros2_foxy/install/ros2pkg:/home/hd/ros2_foxy/install/ros2node:/home/hd/ros2_foxy/install/ros2multicast:/home/hd/ros2_foxy/install/ros2interface:/home/hd/ros2_foxy/install/ros2doctor:/home/hd/ros2_foxy/install/ros2action:/home/hd/ros2_foxy/install/ros2cli:/home/hd/ros2_foxy/install/quality_of_service_demo_py:/home/hd/ros2_foxy/install/launch_testing_ros:/home/hd/ros2_foxy/install/launch_ros:/home/hd/ros2_foxy/install/joystick_ros2:/home/hd/ros2_foxy/install/examples_rclpy_minimal_subscriber:/home/hd/ros2_foxy/install/examples_rclpy_minimal_service:/home/hd/ros2_foxy/install/examples_rclpy_minimal_publisher:/home/hd/ros2_foxy/install/examples_rclpy_minimal_client:/home/hd/ros2_foxy/install/examples_rclpy_minimal_action_server:/home/hd/ros2_foxy/install/examples_rclpy_minimal_action_client:/home/hd/ros2_foxy/install/examples_rclpy_executors:/home/hd/ros2_foxy/install/demo_nodes_py:/home/hd/ros2_foxy/install/action_tutorials_py:/home/hd/ros2_foxy/install/ament_uncrustify:/home/hd/ros2_foxy/install/tracetools_trace:/home/hd/ros2_foxy/install/tracetools_read:/home/hd/ros2_foxy/install/test_launch_ros:/home/hd/ros2_foxy/install/sensor_msgs_py:/home/hd/ros2_foxy/install/rpyutils:/home/hd/ros2_foxy/install/rosidl_runtime_py:/home/hd/ros2_foxy/install/launch_yaml:/home/hd/ros2_foxy/install/launch_xml:/home/hd/ros2_foxy/install/launch_testing:/home/hd/ros2_foxy/install/launch:/home/hd/ros2_foxy/install/osrf_pycommon:/home/hd/ros2_foxy/install/domain_coordinator:/home/hd/ros2_foxy/install/ament_xmllint:/home/hd/ros2_foxy/install/ament_pyflakes:/home/hd/ros2_foxy/install/ament_pycodestyle:/home/hd/ros2_foxy/install/ament_pep257:/home/hd/ros2_foxy/install/ament_pclint:/home/hd/ros2_foxy/install/ament_package:/home/hd/ros2_foxy/install/ament_mypy:/home/hd/ros2_foxy/install/ament_lint_cmake:/home/hd/ros2_foxy/install/ament_flake8:/home/hd/ros2_foxy/install/ament_copyright:/home/hd/ros2_foxy/install/ament_lint:/home/hd/ros2_foxy/install/ament_index_python:/home/hd/ros2_foxy/install/ament_cpplint:/home/hd/ros2_foxy/install/ament_cppcheck:/home/hd/ros2_foxy/install/ament_clang_tidy:/home/hd/ros2_foxy/install/ament_clang_format /usr/bin/cmake /home/hd/Desktop/Motor_Control/motor_controls.ws/src/ethercat_device_configurator -DCMAKE_INSTALL_PREFIX=/home/hd/Desktop/Motor_Control/motor_controls.ws/install/ethercat_device_configurator
