[  2%] Built target coucou__cpp
[  8%] Built target talker
[ 17%] Built target coucou__rosidl_generator_c
[ 25%] Built target coucou__rosidl_typesupport_cpp
[ 34%] Built target coucou__rosidl_typesupport_fastrtps_cpp
[ 42%] Built target coucou__rosidl_typesupport_introspection_c
[ 48%] Built target suscriber
[ 57%] Built target coucou__rosidl_typesupport_introspection_cpp
[ 65%] Built target coucou__rosidl_typesupport_c
[ 74%] Built target coucou__rosidl_typesupport_fastrtps_c
[ 74%] Built target coucou
[ 77%] Built target coucou__py
[ 82%] Built target coucou__python
[ 88%] Built target coucou__rosidl_typesupport_c__pyext
[ 94%] Built target coucou__rosidl_typesupport_introspection_c__pyext
[100%] Built target coucou__rosidl_typesupport_fastrtps_c__pyext
-- Install configuration: ""
-- Up-to-date: /home/hd/Desktop/Motor_Control/motor_controls.ws/install/coucou/share/ament_index/resource_index/rosidl_interfaces/coucou
-- Up-to-date: /home/hd/Desktop/Motor_Control/motor_controls.ws/install/coucou/include/coucou
-- Up-to-date: /home/hd/Desktop/Motor_Control/motor_controls.ws/install/coucou/include/coucou/msg
-- Up-to-date: /home/hd/Desktop/Motor_Control/motor_controls.ws/install/coucou/include/coucou/msg/motor_command.h
-- Up-to-date: /home/hd/Desktop/Motor_Control/motor_controls.ws/install/coucou/include/coucou/msg/detail
-- Up-to-date: /home/hd/Desktop/Motor_Control/motor_controls.ws/install/coucou/include/coucou/msg/detail/motor_command__type_support.h
-- Up-to-date: /home/hd/Desktop/Motor_Control/motor_controls.ws/install/coucou/include/coucou/msg/detail/motor_command__struct.h
-- Up-to-date: /home/hd/Desktop/Motor_Control/motor_controls.ws/install/coucou/include/coucou/msg/detail/motor_command__functions.c
-- Up-to-date: /home/hd/Desktop/Motor_Control/motor_controls.ws/install/coucou/include/coucou/msg/detail/motor_command__functions.h
-- Up-to-date: /home/hd/Desktop/Motor_Control/motor_controls.ws/install/coucou/include/coucou/msg/rosidl_generator_c__visibility_control.h
-- Up-to-date: /home/hd/Desktop/Motor_Control/motor_controls.ws/install/coucou/share/coucou/environment/library_path.sh
-- Up-to-date: /home/hd/Desktop/Motor_Control/motor_controls.ws/install/coucou/share/coucou/environment/library_path.dsv
-- Up-to-date: /home/hd/Desktop/Motor_Control/motor_controls.ws/install/coucou/lib/libcoucou__rosidl_generator_c.so
-- Up-to-date: /home/hd/Desktop/Motor_Control/motor_controls.ws/install/coucou/include/coucou
-- Up-to-date: /home/hd/Desktop/Motor_Control/motor_controls.ws/install/coucou/include/coucou/msg
-- Up-to-date: /home/hd/Desktop/Motor_Control/motor_controls.ws/install/coucou/include/coucou/msg/detail
-- Up-to-date: /home/hd/Desktop/Motor_Control/motor_controls.ws/install/coucou/include/coucou/msg/detail/motor_command__rosidl_typesupport_fastrtps_c.h
-- Up-to-date: /home/hd/Desktop/Motor_Control/motor_controls.ws/install/coucou/include/coucou/msg/rosidl_typesupport_fastrtps_c__visibility_control.h
-- Up-to-date: /home/hd/Desktop/Motor_Control/motor_controls.ws/install/coucou/lib/libcoucou__rosidl_typesupport_fastrtps_c.so
-- Up-to-date: /home/hd/Desktop/Motor_Control/motor_controls.ws/install/coucou/include/coucou
-- Up-to-date: /home/hd/Desktop/Motor_Control/motor_controls.ws/install/coucou/include/coucou/msg
-- Up-to-date: /home/hd/Desktop/Motor_Control/motor_controls.ws/install/coucou/include/coucou/msg/rosidl_typesupport_fastrtps_cpp__visibility_control.h
-- Up-to-date: /home/hd/Desktop/Motor_Control/motor_controls.ws/install/coucou/include/coucou/msg/detail
-- Up-to-date: /home/hd/Desktop/Motor_Control/motor_controls.ws/install/coucou/include/coucou/msg/detail/motor_command__rosidl_typesupport_fastrtps_cpp.hpp
-- Up-to-date: /home/hd/Desktop/Motor_Control/motor_controls.ws/install/coucou/include/coucou/msg/detail/dds_fastrtps
-- Up-to-date: /home/hd/Desktop/Motor_Control/motor_controls.ws/install/coucou/lib/libcoucou__rosidl_typesupport_fastrtps_cpp.so
-- Up-to-date: /home/hd/Desktop/Motor_Control/motor_controls.ws/install/coucou/include/coucou
-- Up-to-date: /home/hd/Desktop/Motor_Control/motor_controls.ws/install/coucou/include/coucou/msg
-- Up-to-date: /home/hd/Desktop/Motor_Control/motor_controls.ws/install/coucou/include/coucou/msg/detail
-- Up-to-date: /home/hd/Desktop/Motor_Control/motor_controls.ws/install/coucou/include/coucou/msg/detail/motor_command__rosidl_typesupport_introspection_c.h
-- Up-to-date: /home/hd/Desktop/Motor_Control/motor_controls.ws/install/coucou/include/coucou/msg/detail/motor_command__type_support.c
-- Up-to-date: /home/hd/Desktop/Motor_Control/motor_controls.ws/install/coucou/include/coucou/msg/rosidl_typesupport_introspection_c__visibility_control.h
-- Up-to-date: /home/hd/Desktop/Motor_Control/motor_controls.ws/install/coucou/lib/libcoucou__rosidl_typesupport_introspection_c.so
-- Up-to-date: /home/hd/Desktop/Motor_Control/motor_controls.ws/install/coucou/lib/libcoucou__rosidl_typesupport_c.so
-- Up-to-date: /home/hd/Desktop/Motor_Control/motor_controls.ws/install/coucou/include/coucou
-- Up-to-date: /home/hd/Desktop/Motor_Control/motor_controls.ws/install/coucou/include/coucou/msg
-- Up-to-date: /home/hd/Desktop/Motor_Control/motor_controls.ws/install/coucou/include/coucou/msg/motor_command.hpp
-- Up-to-date: /home/hd/Desktop/Motor_Control/motor_controls.ws/install/coucou/include/coucou/msg/detail
-- Up-to-date: /home/hd/Desktop/Motor_Control/motor_controls.ws/install/coucou/include/coucou/msg/detail/motor_command__builder.hpp
-- Up-to-date: /home/hd/Desktop/Motor_Control/motor_controls.ws/install/coucou/include/coucou/msg/detail/motor_command__struct.hpp
-- Up-to-date: /home/hd/Desktop/Motor_Control/motor_controls.ws/install/coucou/include/coucou/msg/detail/motor_command__traits.hpp
-- Up-to-date: /home/hd/Desktop/Motor_Control/motor_controls.ws/install/coucou/include/coucou
-- Up-to-date: /home/hd/Desktop/Motor_Control/motor_controls.ws/install/coucou/include/coucou/msg
-- Up-to-date: /home/hd/Desktop/Motor_Control/motor_controls.ws/install/coucou/include/coucou/msg/detail
-- Up-to-date: /home/hd/Desktop/Motor_Control/motor_controls.ws/install/coucou/include/coucou/msg/detail/motor_command__rosidl_typesupport_introspection_cpp.hpp
-- Up-to-date: /home/hd/Desktop/Motor_Control/motor_controls.ws/install/coucou/include/coucou/msg/detail/motor_command__type_support.cpp
-- Up-to-date: /home/hd/Desktop/Motor_Control/motor_controls.ws/install/coucou/lib/libcoucou__rosidl_typesupport_introspection_cpp.so
-- Up-to-date: /home/hd/Desktop/Motor_Control/motor_controls.ws/install/coucou/lib/libcoucou__rosidl_typesupport_cpp.so
-- Up-to-date: /home/hd/Desktop/Motor_Control/motor_controls.ws/install/coucou/share/coucou/environment/pythonpath.sh
-- Up-to-date: /home/hd/Desktop/Motor_Control/motor_controls.ws/install/coucou/share/coucou/environment/pythonpath.dsv
-- Up-to-date: /home/hd/Desktop/Motor_Control/motor_controls.ws/install/coucou/lib/python3.8/site-packages/coucou/__init__.py
-- Up-to-date: /home/hd/Desktop/Motor_Control/motor_controls.ws/install/coucou/lib/python3.8/site-packages/coucou/msg
-- Up-to-date: /home/hd/Desktop/Motor_Control/motor_controls.ws/install/coucou/lib/python3.8/site-packages/coucou/msg/__init__.py
-- Up-to-date: /home/hd/Desktop/Motor_Control/motor_controls.ws/install/coucou/lib/python3.8/site-packages/coucou/msg/_motor_command_s.c
-- Up-to-date: /home/hd/Desktop/Motor_Control/motor_controls.ws/install/coucou/lib/python3.8/site-packages/coucou/msg/_motor_command.py
-- Up-to-date: /home/hd/Desktop/Motor_Control/motor_controls.ws/install/coucou/lib/python3.8/site-packages/coucou/coucou_s__rosidl_typesupport_fastrtps_c.cpython-38-x86_64-linux-gnu.so
-- Up-to-date: /home/hd/Desktop/Motor_Control/motor_controls.ws/install/coucou/lib/python3.8/site-packages/coucou/coucou_s__rosidl_typesupport_introspection_c.cpython-38-x86_64-linux-gnu.so
-- Up-to-date: /home/hd/Desktop/Motor_Control/motor_controls.ws/install/coucou/lib/python3.8/site-packages/coucou/coucou_s__rosidl_typesupport_c.cpython-38-x86_64-linux-gnu.so
-- Up-to-date: /home/hd/Desktop/Motor_Control/motor_controls.ws/install/coucou/lib/libcoucou__python.so
-- Up-to-date: /home/hd/Desktop/Motor_Control/motor_controls.ws/install/coucou/share/coucou/msg/MotorCommand.idl
-- Up-to-date: /home/hd/Desktop/Motor_Control/motor_controls.ws/install/coucou/share/coucou/msg/MotorCommand.msg
-- Up-to-date: /home/hd/Desktop/Motor_Control/motor_controls.ws/install/coucou/lib/coucou/talker
-- Up-to-date: /home/hd/Desktop/Motor_Control/motor_controls.ws/install/coucou/lib/coucou/suscriber
-- Up-to-date: /home/hd/Desktop/Motor_Control/motor_controls.ws/install/coucou/share/ament_index/resource_index/package_run_dependencies/coucou
-- Up-to-date: /home/hd/Desktop/Motor_Control/motor_controls.ws/install/coucou/share/ament_index/resource_index/parent_prefix_path/coucou
-- Up-to-date: /home/hd/Desktop/Motor_Control/motor_controls.ws/install/coucou/share/coucou/environment/ament_prefix_path.dsv
-- Up-to-date: /home/hd/Desktop/Motor_Control/motor_controls.ws/install/coucou/share/coucou/environment/path.dsv
-- Up-to-date: /home/hd/Desktop/Motor_Control/motor_controls.ws/install/coucou/share/coucou/local_setup.bash
-- Up-to-date: /home/hd/Desktop/Motor_Control/motor_controls.ws/install/coucou/share/coucou/local_setup.sh
-- Up-to-date: /home/hd/Desktop/Motor_Control/motor_controls.ws/install/coucou/share/coucou/local_setup.zsh
-- Up-to-date: /home/hd/Desktop/Motor_Control/motor_controls.ws/install/coucou/share/coucou/local_setup.dsv
-- Installing: /home/hd/Desktop/Motor_Control/motor_controls.ws/install/coucou/share/coucou/package.dsv
-- Up-to-date: /home/hd/Desktop/Motor_Control/motor_controls.ws/install/coucou/share/ament_index/resource_index/packages/coucou
-- Up-to-date: /home/hd/Desktop/Motor_Control/motor_controls.ws/install/coucou/share/coucou/cmake/coucou__rosidl_generator_cExport.cmake
-- Up-to-date: /home/hd/Desktop/Motor_Control/motor_controls.ws/install/coucou/share/coucou/cmake/coucou__rosidl_generator_cExport-noconfig.cmake
-- Up-to-date: /home/hd/Desktop/Motor_Control/motor_controls.ws/install/coucou/share/coucou/cmake/coucou__rosidl_typesupport_introspection_cExport.cmake
-- Up-to-date: /home/hd/Desktop/Motor_Control/motor_controls.ws/install/coucou/share/coucou/cmake/coucou__rosidl_typesupport_introspection_cExport-noconfig.cmake
-- Up-to-date: /home/hd/Desktop/Motor_Control/motor_controls.ws/install/coucou/share/coucou/cmake/coucou__rosidl_typesupport_cExport.cmake
-- Up-to-date: /home/hd/Desktop/Motor_Control/motor_controls.ws/install/coucou/share/coucou/cmake/coucou__rosidl_typesupport_cExport-noconfig.cmake
-- Up-to-date: /home/hd/Desktop/Motor_Control/motor_controls.ws/install/coucou/share/coucou/cmake/coucou__rosidl_generator_cppExport.cmake
-- Up-to-date: /home/hd/Desktop/Motor_Control/motor_controls.ws/install/coucou/share/coucou/cmake/coucou__rosidl_typesupport_introspection_cppExport.cmake
-- Up-to-date: /home/hd/Desktop/Motor_Control/motor_controls.ws/install/coucou/share/coucou/cmake/coucou__rosidl_typesupport_introspection_cppExport-noconfig.cmake
-- Up-to-date: /home/hd/Desktop/Motor_Control/motor_controls.ws/install/coucou/share/coucou/cmake/coucou__rosidl_typesupport_cppExport.cmake
-- Up-to-date: /home/hd/Desktop/Motor_Control/motor_controls.ws/install/coucou/share/coucou/cmake/coucou__rosidl_typesupport_cppExport-noconfig.cmake
-- Up-to-date: /home/hd/Desktop/Motor_Control/motor_controls.ws/install/coucou/share/coucou/cmake/rosidl_cmake-extras.cmake
-- Up-to-date: /home/hd/Desktop/Motor_Control/motor_controls.ws/install/coucou/share/coucou/cmake/ament_cmake_export_dependencies-extras.cmake
-- Up-to-date: /home/hd/Desktop/Motor_Control/motor_controls.ws/install/coucou/share/coucou/cmake/ament_cmake_export_libraries-extras.cmake
-- Up-to-date: /home/hd/Desktop/Motor_Control/motor_controls.ws/install/coucou/share/coucou/cmake/ament_cmake_export_targets-extras.cmake
-- Up-to-date: /home/hd/Desktop/Motor_Control/motor_controls.ws/install/coucou/share/coucou/cmake/ament_cmake_export_include_directories-extras.cmake
-- Up-to-date: /home/hd/Desktop/Motor_Control/motor_controls.ws/install/coucou/share/coucou/cmake/rosidl_cmake_export_typesupport_libraries-extras.cmake
-- Up-to-date: /home/hd/Desktop/Motor_Control/motor_controls.ws/install/coucou/share/coucou/cmake/rosidl_cmake_export_typesupport_targets-extras.cmake
-- Up-to-date: /home/hd/Desktop/Motor_Control/motor_controls.ws/install/coucou/share/coucou/cmake/coucouConfig.cmake
-- Up-to-date: /home/hd/Desktop/Motor_Control/motor_controls.ws/install/coucou/share/coucou/cmake/coucouConfig-version.cmake
-- Up-to-date: /home/hd/Desktop/Motor_Control/motor_controls.ws/install/coucou/share/coucou/package.xml
