[0.081s] Invoking command in '/home/hd/Desktop/Motor_Control/motor_controls.ws/build/coucou': CMAKE_PREFIX_PATH=${CMAKE_PREFIX_PATH}:/home/hd/Desktop/Motor_Control/motor_controls.ws/install/controller:/opt/ros/foxy:/home/hd/ros2_foxy/install/ros2bag:/home/hd/ros2_foxy/install/tracetools_launch:/home/hd/ros2_foxy/install/topic_monitor:/home/hd/ros2_foxy/install/examples_tf2_py:/home/hd/ros2_foxy/install/sros2:/home/hd/ros2_foxy/install/rqt_topic:/home/hd/ros2_foxy/install/rqt_top:/home/hd/ros2_foxy/install/rqt_srv:/home/hd/ros2_foxy/install/rqt_shell:/home/hd/ros2_foxy/install/rqt_service_caller:/home/hd/ros2_foxy/install/rqt_reconfigure:/home/hd/ros2_foxy/install/rqt_py_console:/home/hd/ros2_foxy/install/rqt_publisher:/home/hd/ros2_foxy/install/rqt_plot:/home/hd/ros2_foxy/install/rqt_action:/home/hd/ros2_foxy/install/rqt_msg:/home/hd/ros2_foxy/install/rqt_console:/home/hd/ros2_foxy/install/rqt:/home/hd/ros2_foxy/install/rqt_graph:/home/hd/ros2_foxy/install/rqt_gui_py:/home/hd/ros2_foxy/install/rqt_gui:/home/hd/ros2_foxy/install/ros2trace:/home/hd/ros2_foxy/install/ros2topic:/home/hd/ros2_foxy/install/ros2test:/home/hd/ros2_foxy/install/ros2component:/home/hd/ros2_foxy/install/ros2param:/home/hd/ros2_foxy/install/ros2lifecycle:/home/hd/ros2_foxy/install/ros2service:/home/hd/ros2_foxy/install/ros2run:/home/hd/ros2_foxy/install/ros2launch:/home/hd/ros2_foxy/install/ros2pkg:/home/hd/ros2_foxy/install/ros2node:/home/hd/ros2_foxy/install/ros2multicast:/home/hd/ros2_foxy/install/ros2interface:/home/hd/ros2_foxy/install/ros2doctor:/home/hd/ros2_foxy/install/ros2action:/home/hd/ros2_foxy/install/ros2cli:/home/hd/ros2_foxy/install/quality_of_service_demo_py:/home/hd/ros2_foxy/install/launch_testing_ros:/home/hd/ros2_foxy/install/launch_ros:/home/hd/ros2_foxy/install/joystick_ros2:/home/hd/ros2_foxy/install/examples_rclpy_minimal_subscriber:/home/hd/ros2_foxy/install/examples_rclpy_minimal_service:/home/hd/ros2_foxy/install/examples_rclpy_minimal_publisher:/home/hd/ros2_foxy/install/examples_rclpy_minimal_client:/home/hd/ros2_foxy/install/examples_rclpy_minimal_action_server:/home/hd/ros2_foxy/install/examples_rclpy_minimal_action_client:/home/hd/ros2_foxy/install/examples_rclpy_executors:/home/hd/ros2_foxy/install/demo_nodes_py:/home/hd/ros2_foxy/install/action_tutorials_py:/home/hd/ros2_foxy/install/ament_uncrustify:/home/hd/ros2_foxy/install/tracetools_trace:/home/hd/ros2_foxy/install/tracetools_read:/home/hd/ros2_foxy/install/test_launch_ros:/home/hd/ros2_foxy/install/sensor_msgs_py:/home/hd/ros2_foxy/install/rpyutils:/home/hd/ros2_foxy/install/rosidl_runtime_py:/home/hd/ros2_foxy/install/launch_yaml:/home/hd/ros2_foxy/install/launch_xml:/home/hd/ros2_foxy/install/launch_testing:/home/hd/ros2_foxy/install/launch:/home/hd/ros2_foxy/install/osrf_pycommon:/home/hd/ros2_foxy/install/domain_coordinator:/home/hd/ros2_foxy/install/ament_xmllint:/home/hd/ros2_foxy/install/ament_pyflakes:/home/hd/ros2_foxy/install/ament_pycodestyle:/home/hd/ros2_foxy/install/ament_pep257:/home/hd/ros2_foxy/install/ament_pclint:/home/hd/ros2_foxy/install/ament_package:/home/hd/ros2_foxy/install/ament_mypy:/home/hd/ros2_foxy/install/ament_lint_cmake:/home/hd/ros2_foxy/install/ament_flake8:/home/hd/ros2_foxy/install/ament_copyright:/home/hd/ros2_foxy/install/ament_lint:/home/hd/ros2_foxy/install/ament_index_python:/home/hd/ros2_foxy/install/ament_cpplint:/home/hd/ros2_foxy/install/ament_cppcheck:/home/hd/ros2_foxy/install/ament_clang_tidy:/home/hd/ros2_foxy/install/ament_clang_format /usr/bin/cmake --build /home/hd/Desktop/Motor_Control/motor_controls.ws/build/coucou -- -j2 -l2
[0.282s] [  2%] Built target coucou__cpp
[0.311s] [  8%] Built target talker
[0.357s] [ 17%] Built target coucou__rosidl_generator_c
[0.397s] [ 25%] Built target coucou__rosidl_typesupport_cpp
[0.462s] [ 34%] Built target coucou__rosidl_typesupport_fastrtps_cpp
[0.515s] [ 42%] Built target coucou__rosidl_typesupport_introspection_c
[0.604s] [ 48%] Built target suscriber
[0.624s] [ 57%] Built target coucou__rosidl_typesupport_introspection_cpp
[0.742s] [ 65%] Built target coucou__rosidl_typesupport_c
[0.767s] [ 74%] Built target coucou__rosidl_typesupport_fastrtps_c
[0.858s] [ 74%] Built target coucou
[0.952s] [ 77%] Built target coucou__py
[1.049s] [ 82%] Built target coucou__python
[1.151s] [ 88%] Built target coucou__rosidl_typesupport_c__pyext
[1.158s] [ 94%] Built target coucou__rosidl_typesupport_introspection_c__pyext
[1.272s] [100%] Built target coucou__rosidl_typesupport_fastrtps_c__pyext
[1.337s] Invoked command in '/home/hd/Desktop/Motor_Control/motor_controls.ws/build/coucou' returned '0': CMAKE_PREFIX_PATH=${CMAKE_PREFIX_PATH}:/home/hd/Desktop/Motor_Control/motor_controls.ws/install/controller:/opt/ros/foxy:/home/hd/ros2_foxy/install/ros2bag:/home/hd/ros2_foxy/install/tracetools_launch:/home/hd/ros2_foxy/install/topic_monitor:/home/hd/ros2_foxy/install/examples_tf2_py:/home/hd/ros2_foxy/install/sros2:/home/hd/ros2_foxy/install/rqt_topic:/home/hd/ros2_foxy/install/rqt_top:/home/hd/ros2_foxy/install/rqt_srv:/home/hd/ros2_foxy/install/rqt_shell:/home/hd/ros2_foxy/install/rqt_service_caller:/home/hd/ros2_foxy/install/rqt_reconfigure:/home/hd/ros2_foxy/install/rqt_py_console:/home/hd/ros2_foxy/install/rqt_publisher:/home/hd/ros2_foxy/install/rqt_plot:/home/hd/ros2_foxy/install/rqt_action:/home/hd/ros2_foxy/install/rqt_msg:/home/hd/ros2_foxy/install/rqt_console:/home/hd/ros2_foxy/install/rqt:/home/hd/ros2_foxy/install/rqt_graph:/home/hd/ros2_foxy/install/rqt_gui_py:/home/hd/ros2_foxy/install/rqt_gui:/home/hd/ros2_foxy/install/ros2trace:/home/hd/ros2_foxy/install/ros2topic:/home/hd/ros2_foxy/install/ros2test:/home/hd/ros2_foxy/install/ros2component:/home/hd/ros2_foxy/install/ros2param:/home/hd/ros2_foxy/install/ros2lifecycle:/home/hd/ros2_foxy/install/ros2service:/home/hd/ros2_foxy/install/ros2run:/home/hd/ros2_foxy/install/ros2launch:/home/hd/ros2_foxy/install/ros2pkg:/home/hd/ros2_foxy/install/ros2node:/home/hd/ros2_foxy/install/ros2multicast:/home/hd/ros2_foxy/install/ros2interface:/home/hd/ros2_foxy/install/ros2doctor:/home/hd/ros2_foxy/install/ros2action:/home/hd/ros2_foxy/install/ros2cli:/home/hd/ros2_foxy/install/quality_of_service_demo_py:/home/hd/ros2_foxy/install/launch_testing_ros:/home/hd/ros2_foxy/install/launch_ros:/home/hd/ros2_foxy/install/joystick_ros2:/home/hd/ros2_foxy/install/examples_rclpy_minimal_subscriber:/home/hd/ros2_foxy/install/examples_rclpy_minimal_service:/home/hd/ros2_foxy/install/examples_rclpy_minimal_publisher:/home/hd/ros2_foxy/install/examples_rclpy_minimal_client:/home/hd/ros2_foxy/install/examples_rclpy_minimal_action_server:/home/hd/ros2_foxy/install/examples_rclpy_minimal_action_client:/home/hd/ros2_foxy/install/examples_rclpy_executors:/home/hd/ros2_foxy/install/demo_nodes_py:/home/hd/ros2_foxy/install/action_tutorials_py:/home/hd/ros2_foxy/install/ament_uncrustify:/home/hd/ros2_foxy/install/tracetools_trace:/home/hd/ros2_foxy/install/tracetools_read:/home/hd/ros2_foxy/install/test_launch_ros:/home/hd/ros2_foxy/install/sensor_msgs_py:/home/hd/ros2_foxy/install/rpyutils:/home/hd/ros2_foxy/install/rosidl_runtime_py:/home/hd/ros2_foxy/install/launch_yaml:/home/hd/ros2_foxy/install/launch_xml:/home/hd/ros2_foxy/install/launch_testing:/home/hd/ros2_foxy/install/launch:/home/hd/ros2_foxy/install/osrf_pycommon:/home/hd/ros2_foxy/install/domain_coordinator:/home/hd/ros2_foxy/install/ament_xmllint:/home/hd/ros2_foxy/install/ament_pyflakes:/home/hd/ros2_foxy/install/ament_pycodestyle:/home/hd/ros2_foxy/install/ament_pep257:/home/hd/ros2_foxy/install/ament_pclint:/home/hd/ros2_foxy/install/ament_package:/home/hd/ros2_foxy/install/ament_mypy:/home/hd/ros2_foxy/install/ament_lint_cmake:/home/hd/ros2_foxy/install/ament_flake8:/home/hd/ros2_foxy/install/ament_copyright:/home/hd/ros2_foxy/install/ament_lint:/home/hd/ros2_foxy/install/ament_index_python:/home/hd/ros2_foxy/install/ament_cpplint:/home/hd/ros2_foxy/install/ament_cppcheck:/home/hd/ros2_foxy/install/ament_clang_tidy:/home/hd/ros2_foxy/install/ament_clang_format /usr/bin/cmake --build /home/hd/Desktop/Motor_Control/motor_controls.ws/build/coucou -- -j2 -l2
[1.851s] Invoking command in '/home/hd/Desktop/Motor_Control/motor_controls.ws/build/coucou': CMAKE_PREFIX_PATH=${CMAKE_PREFIX_PATH}:/home/hd/Desktop/Motor_Control/motor_controls.ws/install/controller:/opt/ros/foxy:/home/hd/ros2_foxy/install/ros2bag:/home/hd/ros2_foxy/install/tracetools_launch:/home/hd/ros2_foxy/install/topic_monitor:/home/hd/ros2_foxy/install/examples_tf2_py:/home/hd/ros2_foxy/install/sros2:/home/hd/ros2_foxy/install/rqt_topic:/home/hd/ros2_foxy/install/rqt_top:/home/hd/ros2_foxy/install/rqt_srv:/home/hd/ros2_foxy/install/rqt_shell:/home/hd/ros2_foxy/install/rqt_service_caller:/home/hd/ros2_foxy/install/rqt_reconfigure:/home/hd/ros2_foxy/install/rqt_py_console:/home/hd/ros2_foxy/install/rqt_publisher:/home/hd/ros2_foxy/install/rqt_plot:/home/hd/ros2_foxy/install/rqt_action:/home/hd/ros2_foxy/install/rqt_msg:/home/hd/ros2_foxy/install/rqt_console:/home/hd/ros2_foxy/install/rqt:/home/hd/ros2_foxy/install/rqt_graph:/home/hd/ros2_foxy/install/rqt_gui_py:/home/hd/ros2_foxy/install/rqt_gui:/home/hd/ros2_foxy/install/ros2trace:/home/hd/ros2_foxy/install/ros2topic:/home/hd/ros2_foxy/install/ros2test:/home/hd/ros2_foxy/install/ros2component:/home/hd/ros2_foxy/install/ros2param:/home/hd/ros2_foxy/install/ros2lifecycle:/home/hd/ros2_foxy/install/ros2service:/home/hd/ros2_foxy/install/ros2run:/home/hd/ros2_foxy/install/ros2launch:/home/hd/ros2_foxy/install/ros2pkg:/home/hd/ros2_foxy/install/ros2node:/home/hd/ros2_foxy/install/ros2multicast:/home/hd/ros2_foxy/install/ros2interface:/home/hd/ros2_foxy/install/ros2doctor:/home/hd/ros2_foxy/install/ros2action:/home/hd/ros2_foxy/install/ros2cli:/home/hd/ros2_foxy/install/quality_of_service_demo_py:/home/hd/ros2_foxy/install/launch_testing_ros:/home/hd/ros2_foxy/install/launch_ros:/home/hd/ros2_foxy/install/joystick_ros2:/home/hd/ros2_foxy/install/examples_rclpy_minimal_subscriber:/home/hd/ros2_foxy/install/examples_rclpy_minimal_service:/home/hd/ros2_foxy/install/examples_rclpy_minimal_publisher:/home/hd/ros2_foxy/install/examples_rclpy_minimal_client:/home/hd/ros2_foxy/install/examples_rclpy_minimal_action_server:/home/hd/ros2_foxy/install/examples_rclpy_minimal_action_client:/home/hd/ros2_foxy/install/examples_rclpy_executors:/home/hd/ros2_foxy/install/demo_nodes_py:/home/hd/ros2_foxy/install/action_tutorials_py:/home/hd/ros2_foxy/install/ament_uncrustify:/home/hd/ros2_foxy/install/tracetools_trace:/home/hd/ros2_foxy/install/tracetools_read:/home/hd/ros2_foxy/install/test_launch_ros:/home/hd/ros2_foxy/install/sensor_msgs_py:/home/hd/ros2_foxy/install/rpyutils:/home/hd/ros2_foxy/install/rosidl_runtime_py:/home/hd/ros2_foxy/install/launch_yaml:/home/hd/ros2_foxy/install/launch_xml:/home/hd/ros2_foxy/install/launch_testing:/home/hd/ros2_foxy/install/launch:/home/hd/ros2_foxy/install/osrf_pycommon:/home/hd/ros2_foxy/install/domain_coordinator:/home/hd/ros2_foxy/install/ament_xmllint:/home/hd/ros2_foxy/install/ament_pyflakes:/home/hd/ros2_foxy/install/ament_pycodestyle:/home/hd/ros2_foxy/install/ament_pep257:/home/hd/ros2_foxy/install/ament_pclint:/home/hd/ros2_foxy/install/ament_package:/home/hd/ros2_foxy/install/ament_mypy:/home/hd/ros2_foxy/install/ament_lint_cmake:/home/hd/ros2_foxy/install/ament_flake8:/home/hd/ros2_foxy/install/ament_copyright:/home/hd/ros2_foxy/install/ament_lint:/home/hd/ros2_foxy/install/ament_index_python:/home/hd/ros2_foxy/install/ament_cpplint:/home/hd/ros2_foxy/install/ament_cppcheck:/home/hd/ros2_foxy/install/ament_clang_tidy:/home/hd/ros2_foxy/install/ament_clang_format /usr/bin/cmake --install /home/hd/Desktop/Motor_Control/motor_controls.ws/build/coucou
[1.912s] -- Install configuration: ""
[1.912s] -- Up-to-date: /home/hd/Desktop/Motor_Control/motor_controls.ws/install/coucou/share/ament_index/resource_index/rosidl_interfaces/coucou
[1.912s] -- Up-to-date: /home/hd/Desktop/Motor_Control/motor_controls.ws/install/coucou/include/coucou
[1.913s] -- Up-to-date: /home/hd/Desktop/Motor_Control/motor_controls.ws/install/coucou/include/coucou/msg
[1.913s] -- Up-to-date: /home/hd/Desktop/Motor_Control/motor_controls.ws/install/coucou/include/coucou/msg/motor_command.h
[1.913s] -- Up-to-date: /home/hd/Desktop/Motor_Control/motor_controls.ws/install/coucou/include/coucou/msg/detail
[1.914s] -- Up-to-date: /home/hd/Desktop/Motor_Control/motor_controls.ws/install/coucou/include/coucou/msg/detail/motor_command__type_support.h
[1.914s] -- Up-to-date: /home/hd/Desktop/Motor_Control/motor_controls.ws/install/coucou/include/coucou/msg/detail/motor_command__struct.h
[1.914s] -- Up-to-date: /home/hd/Desktop/Motor_Control/motor_controls.ws/install/coucou/include/coucou/msg/detail/motor_command__functions.c
[1.915s] -- Up-to-date: /home/hd/Desktop/Motor_Control/motor_controls.ws/install/coucou/include/coucou/msg/detail/motor_command__functions.h
[1.915s] -- Up-to-date: /home/hd/Desktop/Motor_Control/motor_controls.ws/install/coucou/include/coucou/msg/rosidl_generator_c__visibility_control.h
[1.915s] -- Up-to-date: /home/hd/Desktop/Motor_Control/motor_controls.ws/install/coucou/share/coucou/environment/library_path.sh
[1.915s] -- Up-to-date: /home/hd/Desktop/Motor_Control/motor_controls.ws/install/coucou/share/coucou/environment/library_path.dsv
[1.915s] -- Up-to-date: /home/hd/Desktop/Motor_Control/motor_controls.ws/install/coucou/lib/libcoucou__rosidl_generator_c.so
[1.915s] -- Up-to-date: /home/hd/Desktop/Motor_Control/motor_controls.ws/install/coucou/include/coucou
[1.916s] -- Up-to-date: /home/hd/Desktop/Motor_Control/motor_controls.ws/install/coucou/include/coucou/msg
[1.916s] -- Up-to-date: /home/hd/Desktop/Motor_Control/motor_controls.ws/install/coucou/include/coucou/msg/detail
[1.916s] -- Up-to-date: /home/hd/Desktop/Motor_Control/motor_controls.ws/install/coucou/include/coucou/msg/detail/motor_command__rosidl_typesupport_fastrtps_c.h
[1.916s] -- Up-to-date: /home/hd/Desktop/Motor_Control/motor_controls.ws/install/coucou/include/coucou/msg/rosidl_typesupport_fastrtps_c__visibility_control.h
[1.917s] -- Up-to-date: /home/hd/Desktop/Motor_Control/motor_controls.ws/install/coucou/lib/libcoucou__rosidl_typesupport_fastrtps_c.so
[1.917s] -- Up-to-date: /home/hd/Desktop/Motor_Control/motor_controls.ws/install/coucou/include/coucou
[1.917s] -- Up-to-date: /home/hd/Desktop/Motor_Control/motor_controls.ws/install/coucou/include/coucou/msg
[1.917s] -- Up-to-date: /home/hd/Desktop/Motor_Control/motor_controls.ws/install/coucou/include/coucou/msg/rosidl_typesupport_fastrtps_cpp__visibility_control.h
[1.917s] -- Up-to-date: /home/hd/Desktop/Motor_Control/motor_controls.ws/install/coucou/include/coucou/msg/detail
[1.918s] -- Up-to-date: /home/hd/Desktop/Motor_Control/motor_controls.ws/install/coucou/include/coucou/msg/detail/motor_command__rosidl_typesupport_fastrtps_cpp.hpp
[1.918s] -- Up-to-date: /home/hd/Desktop/Motor_Control/motor_controls.ws/install/coucou/include/coucou/msg/detail/dds_fastrtps
[1.918s] -- Up-to-date: /home/hd/Desktop/Motor_Control/motor_controls.ws/install/coucou/lib/libcoucou__rosidl_typesupport_fastrtps_cpp.so
[1.919s] -- Up-to-date: /home/hd/Desktop/Motor_Control/motor_controls.ws/install/coucou/include/coucou
[1.920s] -- Up-to-date: /home/hd/Desktop/Motor_Control/motor_controls.ws/install/coucou/include/coucou/msg
[1.920s] -- Up-to-date: /home/hd/Desktop/Motor_Control/motor_controls.ws/install/coucou/include/coucou/msg/detail
[1.921s] -- Up-to-date: /home/hd/Desktop/Motor_Control/motor_controls.ws/install/coucou/include/coucou/msg/detail/motor_command__rosidl_typesupport_introspection_c.h
[1.921s] -- Up-to-date: /home/hd/Desktop/Motor_Control/motor_controls.ws/install/coucou/include/coucou/msg/detail/motor_command__type_support.c
[1.921s] -- Up-to-date: /home/hd/Desktop/Motor_Control/motor_controls.ws/install/coucou/include/coucou/msg/rosidl_typesupport_introspection_c__visibility_control.h
[1.923s] -- Up-to-date: /home/hd/Desktop/Motor_Control/motor_controls.ws/install/coucou/lib/libcoucou__rosidl_typesupport_introspection_c.so
[1.923s] -- Up-to-date: /home/hd/Desktop/Motor_Control/motor_controls.ws/install/coucou/lib/libcoucou__rosidl_typesupport_c.so
[1.923s] -- Up-to-date: /home/hd/Desktop/Motor_Control/motor_controls.ws/install/coucou/include/coucou
[1.924s] -- Up-to-date: /home/hd/Desktop/Motor_Control/motor_controls.ws/install/coucou/include/coucou/msg
[1.924s] -- Up-to-date: /home/hd/Desktop/Motor_Control/motor_controls.ws/install/coucou/include/coucou/msg/motor_command.hpp
[1.924s] -- Up-to-date: /home/hd/Desktop/Motor_Control/motor_controls.ws/install/coucou/include/coucou/msg/detail
[1.924s] -- Up-to-date: /home/hd/Desktop/Motor_Control/motor_controls.ws/install/coucou/include/coucou/msg/detail/motor_command__builder.hpp
[1.924s] -- Up-to-date: /home/hd/Desktop/Motor_Control/motor_controls.ws/install/coucou/include/coucou/msg/detail/motor_command__struct.hpp
[1.925s] -- Up-to-date: /home/hd/Desktop/Motor_Control/motor_controls.ws/install/coucou/include/coucou/msg/detail/motor_command__traits.hpp
[1.925s] -- Up-to-date: /home/hd/Desktop/Motor_Control/motor_controls.ws/install/coucou/include/coucou
[1.925s] -- Up-to-date: /home/hd/Desktop/Motor_Control/motor_controls.ws/install/coucou/include/coucou/msg
[1.925s] -- Up-to-date: /home/hd/Desktop/Motor_Control/motor_controls.ws/install/coucou/include/coucou/msg/detail
[1.925s] -- Up-to-date: /home/hd/Desktop/Motor_Control/motor_controls.ws/install/coucou/include/coucou/msg/detail/motor_command__rosidl_typesupport_introspection_cpp.hpp
[1.925s] -- Up-to-date: /home/hd/Desktop/Motor_Control/motor_controls.ws/install/coucou/include/coucou/msg/detail/motor_command__type_support.cpp
[1.925s] -- Up-to-date: /home/hd/Desktop/Motor_Control/motor_controls.ws/install/coucou/lib/libcoucou__rosidl_typesupport_introspection_cpp.so
[1.925s] -- Up-to-date: /home/hd/Desktop/Motor_Control/motor_controls.ws/install/coucou/lib/libcoucou__rosidl_typesupport_cpp.so
[1.925s] -- Up-to-date: /home/hd/Desktop/Motor_Control/motor_controls.ws/install/coucou/share/coucou/environment/pythonpath.sh
[1.926s] -- Up-to-date: /home/hd/Desktop/Motor_Control/motor_controls.ws/install/coucou/share/coucou/environment/pythonpath.dsv
[1.926s] -- Up-to-date: /home/hd/Desktop/Motor_Control/motor_controls.ws/install/coucou/lib/python3.8/site-packages/coucou/__init__.py
[2.615s] -- Up-to-date: /home/hd/Desktop/Motor_Control/motor_controls.ws/install/coucou/lib/python3.8/site-packages/coucou/msg
[2.618s] -- Up-to-date: /home/hd/Desktop/Motor_Control/motor_controls.ws/install/coucou/lib/python3.8/site-packages/coucou/msg/__init__.py
[2.620s] -- Up-to-date: /home/hd/Desktop/Motor_Control/motor_controls.ws/install/coucou/lib/python3.8/site-packages/coucou/msg/_motor_command_s.c
[2.621s] -- Up-to-date: /home/hd/Desktop/Motor_Control/motor_controls.ws/install/coucou/lib/python3.8/site-packages/coucou/msg/_motor_command.py
[2.622s] -- Up-to-date: /home/hd/Desktop/Motor_Control/motor_controls.ws/install/coucou/lib/python3.8/site-packages/coucou/coucou_s__rosidl_typesupport_fastrtps_c.cpython-38-x86_64-linux-gnu.so
[2.622s] -- Up-to-date: /home/hd/Desktop/Motor_Control/motor_controls.ws/install/coucou/lib/python3.8/site-packages/coucou/coucou_s__rosidl_typesupport_introspection_c.cpython-38-x86_64-linux-gnu.so
[2.622s] -- Up-to-date: /home/hd/Desktop/Motor_Control/motor_controls.ws/install/coucou/lib/python3.8/site-packages/coucou/coucou_s__rosidl_typesupport_c.cpython-38-x86_64-linux-gnu.so
[2.623s] -- Up-to-date: /home/hd/Desktop/Motor_Control/motor_controls.ws/install/coucou/lib/libcoucou__python.so
[2.624s] -- Up-to-date: /home/hd/Desktop/Motor_Control/motor_controls.ws/install/coucou/share/coucou/msg/MotorCommand.idl
[2.624s] -- Up-to-date: /home/hd/Desktop/Motor_Control/motor_controls.ws/install/coucou/share/coucou/msg/MotorCommand.msg
[2.625s] -- Up-to-date: /home/hd/Desktop/Motor_Control/motor_controls.ws/install/coucou/lib/coucou/talker
[2.626s] -- Up-to-date: /home/hd/Desktop/Motor_Control/motor_controls.ws/install/coucou/lib/coucou/suscriber
[2.627s] -- Up-to-date: /home/hd/Desktop/Motor_Control/motor_controls.ws/install/coucou/share/ament_index/resource_index/package_run_dependencies/coucou
[2.627s] -- Up-to-date: /home/hd/Desktop/Motor_Control/motor_controls.ws/install/coucou/share/ament_index/resource_index/parent_prefix_path/coucou
[2.627s] -- Up-to-date: /home/hd/Desktop/Motor_Control/motor_controls.ws/install/coucou/share/coucou/environment/ament_prefix_path.dsv
[2.628s] -- Up-to-date: /home/hd/Desktop/Motor_Control/motor_controls.ws/install/coucou/share/coucou/environment/path.dsv
[2.628s] -- Up-to-date: /home/hd/Desktop/Motor_Control/motor_controls.ws/install/coucou/share/coucou/local_setup.bash
[2.629s] -- Up-to-date: /home/hd/Desktop/Motor_Control/motor_controls.ws/install/coucou/share/coucou/local_setup.sh
[2.629s] -- Up-to-date: /home/hd/Desktop/Motor_Control/motor_controls.ws/install/coucou/share/coucou/local_setup.zsh
[2.629s] -- Up-to-date: /home/hd/Desktop/Motor_Control/motor_controls.ws/install/coucou/share/coucou/local_setup.dsv
[2.629s] -- Installing: /home/hd/Desktop/Motor_Control/motor_controls.ws/install/coucou/share/coucou/package.dsv
[2.631s] -- Up-to-date: /home/hd/Desktop/Motor_Control/motor_controls.ws/install/coucou/share/ament_index/resource_index/packages/coucou
[2.631s] -- Up-to-date: /home/hd/Desktop/Motor_Control/motor_controls.ws/install/coucou/share/coucou/cmake/coucou__rosidl_generator_cExport.cmake
[2.631s] -- Up-to-date: /home/hd/Desktop/Motor_Control/motor_controls.ws/install/coucou/share/coucou/cmake/coucou__rosidl_generator_cExport-noconfig.cmake
[2.631s] -- Up-to-date: /home/hd/Desktop/Motor_Control/motor_controls.ws/install/coucou/share/coucou/cmake/coucou__rosidl_typesupport_introspection_cExport.cmake
[2.631s] -- Up-to-date: /home/hd/Desktop/Motor_Control/motor_controls.ws/install/coucou/share/coucou/cmake/coucou__rosidl_typesupport_introspection_cExport-noconfig.cmake
[2.631s] -- Up-to-date: /home/hd/Desktop/Motor_Control/motor_controls.ws/install/coucou/share/coucou/cmake/coucou__rosidl_typesupport_cExport.cmake
[2.635s] -- Up-to-date: /home/hd/Desktop/Motor_Control/motor_controls.ws/install/coucou/share/coucou/cmake/coucou__rosidl_typesupport_cExport-noconfig.cmake
[2.636s] -- Up-to-date: /home/hd/Desktop/Motor_Control/motor_controls.ws/install/coucou/share/coucou/cmake/coucou__rosidl_generator_cppExport.cmake
[2.638s] -- Up-to-date: /home/hd/Desktop/Motor_Control/motor_controls.ws/install/coucou/share/coucou/cmake/coucou__rosidl_typesupport_introspection_cppExport.cmake
[2.640s] -- Up-to-date: /home/hd/Desktop/Motor_Control/motor_controls.ws/install/coucou/share/coucou/cmake/coucou__rosidl_typesupport_introspection_cppExport-noconfig.cmake
[2.641s] -- Up-to-date: /home/hd/Desktop/Motor_Control/motor_controls.ws/install/coucou/share/coucou/cmake/coucou__rosidl_typesupport_cppExport.cmake
[2.643s] -- Up-to-date: /home/hd/Desktop/Motor_Control/motor_controls.ws/install/coucou/share/coucou/cmake/coucou__rosidl_typesupport_cppExport-noconfig.cmake
[2.643s] -- Up-to-date: /home/hd/Desktop/Motor_Control/motor_controls.ws/install/coucou/share/coucou/cmake/rosidl_cmake-extras.cmake
[2.643s] -- Up-to-date: /home/hd/Desktop/Motor_Control/motor_controls.ws/install/coucou/share/coucou/cmake/ament_cmake_export_dependencies-extras.cmake
[2.644s] -- Up-to-date: /home/hd/Desktop/Motor_Control/motor_controls.ws/install/coucou/share/coucou/cmake/ament_cmake_export_libraries-extras.cmake
[2.644s] -- Up-to-date: /home/hd/Desktop/Motor_Control/motor_controls.ws/install/coucou/share/coucou/cmake/ament_cmake_export_targets-extras.cmake
[2.644s] -- Up-to-date: /home/hd/Desktop/Motor_Control/motor_controls.ws/install/coucou/share/coucou/cmake/ament_cmake_export_include_directories-extras.cmake
[2.644s] -- Up-to-date: /home/hd/Desktop/Motor_Control/motor_controls.ws/install/coucou/share/coucou/cmake/rosidl_cmake_export_typesupport_libraries-extras.cmake
[2.644s] -- Up-to-date: /home/hd/Desktop/Motor_Control/motor_controls.ws/install/coucou/share/coucou/cmake/rosidl_cmake_export_typesupport_targets-extras.cmake
[2.644s] -- Up-to-date: /home/hd/Desktop/Motor_Control/motor_controls.ws/install/coucou/share/coucou/cmake/coucouConfig.cmake
[2.644s] -- Up-to-date: /home/hd/Desktop/Motor_Control/motor_controls.ws/install/coucou/share/coucou/cmake/coucouConfig-version.cmake
[2.645s] -- Up-to-date: /home/hd/Desktop/Motor_Control/motor_controls.ws/install/coucou/share/coucou/package.xml
[2.653s] Invoked command in '/home/hd/Desktop/Motor_Control/motor_controls.ws/build/coucou' returned '0': CMAKE_PREFIX_PATH=${CMAKE_PREFIX_PATH}:/home/hd/Desktop/Motor_Control/motor_controls.ws/install/controller:/opt/ros/foxy:/home/hd/ros2_foxy/install/ros2bag:/home/hd/ros2_foxy/install/tracetools_launch:/home/hd/ros2_foxy/install/topic_monitor:/home/hd/ros2_foxy/install/examples_tf2_py:/home/hd/ros2_foxy/install/sros2:/home/hd/ros2_foxy/install/rqt_topic:/home/hd/ros2_foxy/install/rqt_top:/home/hd/ros2_foxy/install/rqt_srv:/home/hd/ros2_foxy/install/rqt_shell:/home/hd/ros2_foxy/install/rqt_service_caller:/home/hd/ros2_foxy/install/rqt_reconfigure:/home/hd/ros2_foxy/install/rqt_py_console:/home/hd/ros2_foxy/install/rqt_publisher:/home/hd/ros2_foxy/install/rqt_plot:/home/hd/ros2_foxy/install/rqt_action:/home/hd/ros2_foxy/install/rqt_msg:/home/hd/ros2_foxy/install/rqt_console:/home/hd/ros2_foxy/install/rqt:/home/hd/ros2_foxy/install/rqt_graph:/home/hd/ros2_foxy/install/rqt_gui_py:/home/hd/ros2_foxy/install/rqt_gui:/home/hd/ros2_foxy/install/ros2trace:/home/hd/ros2_foxy/install/ros2topic:/home/hd/ros2_foxy/install/ros2test:/home/hd/ros2_foxy/install/ros2component:/home/hd/ros2_foxy/install/ros2param:/home/hd/ros2_foxy/install/ros2lifecycle:/home/hd/ros2_foxy/install/ros2service:/home/hd/ros2_foxy/install/ros2run:/home/hd/ros2_foxy/install/ros2launch:/home/hd/ros2_foxy/install/ros2pkg:/home/hd/ros2_foxy/install/ros2node:/home/hd/ros2_foxy/install/ros2multicast:/home/hd/ros2_foxy/install/ros2interface:/home/hd/ros2_foxy/install/ros2doctor:/home/hd/ros2_foxy/install/ros2action:/home/hd/ros2_foxy/install/ros2cli:/home/hd/ros2_foxy/install/quality_of_service_demo_py:/home/hd/ros2_foxy/install/launch_testing_ros:/home/hd/ros2_foxy/install/launch_ros:/home/hd/ros2_foxy/install/joystick_ros2:/home/hd/ros2_foxy/install/examples_rclpy_minimal_subscriber:/home/hd/ros2_foxy/install/examples_rclpy_minimal_service:/home/hd/ros2_foxy/install/examples_rclpy_minimal_publisher:/home/hd/ros2_foxy/install/examples_rclpy_minimal_client:/home/hd/ros2_foxy/install/examples_rclpy_minimal_action_server:/home/hd/ros2_foxy/install/examples_rclpy_minimal_action_client:/home/hd/ros2_foxy/install/examples_rclpy_executors:/home/hd/ros2_foxy/install/demo_nodes_py:/home/hd/ros2_foxy/install/action_tutorials_py:/home/hd/ros2_foxy/install/ament_uncrustify:/home/hd/ros2_foxy/install/tracetools_trace:/home/hd/ros2_foxy/install/tracetools_read:/home/hd/ros2_foxy/install/test_launch_ros:/home/hd/ros2_foxy/install/sensor_msgs_py:/home/hd/ros2_foxy/install/rpyutils:/home/hd/ros2_foxy/install/rosidl_runtime_py:/home/hd/ros2_foxy/install/launch_yaml:/home/hd/ros2_foxy/install/launch_xml:/home/hd/ros2_foxy/install/launch_testing:/home/hd/ros2_foxy/install/launch:/home/hd/ros2_foxy/install/osrf_pycommon:/home/hd/ros2_foxy/install/domain_coordinator:/home/hd/ros2_foxy/install/ament_xmllint:/home/hd/ros2_foxy/install/ament_pyflakes:/home/hd/ros2_foxy/install/ament_pycodestyle:/home/hd/ros2_foxy/install/ament_pep257:/home/hd/ros2_foxy/install/ament_pclint:/home/hd/ros2_foxy/install/ament_package:/home/hd/ros2_foxy/install/ament_mypy:/home/hd/ros2_foxy/install/ament_lint_cmake:/home/hd/ros2_foxy/install/ament_flake8:/home/hd/ros2_foxy/install/ament_copyright:/home/hd/ros2_foxy/install/ament_lint:/home/hd/ros2_foxy/install/ament_index_python:/home/hd/ros2_foxy/install/ament_cpplint:/home/hd/ros2_foxy/install/ament_cppcheck:/home/hd/ros2_foxy/install/ament_clang_tidy:/home/hd/ros2_foxy/install/ament_clang_format /usr/bin/cmake --install /home/hd/Desktop/Motor_Control/motor_controls.ws/build/coucou
