-- The C compiler identification is GNU 9.4.0
-- The CXX compiler identification is GNU 9.4.0
-- Check for working C compiler: /usr/bin/cc
-- Check for working C compiler: /usr/bin/cc -- works
-- Detecting C compiler ABI info
-- Detecting C compiler ABI info - done
-- Detecting C compile features
-- Detecting C compile features - done
-- Check for working CXX compiler: /usr/bin/c++
-- Check for working CXX compiler: /usr/bin/c++ -- works
-- Detecting CXX compiler ABI info
-- Detecting CXX compiler ABI info - done
-- Detecting CXX compile features
-- Detecting CXX compile features - done
-- Found rclcpp: 2.4.2 (/home/hd/ros2_foxy/install/rclcpp/share/rclcpp/cmake)
-- Found PythonInterp: /usr/bin/python3 (found suitable version "3.8.10", minimum required is "3") 
-- Using PYTHON_EXECUTABLE: /usr/bin/python3
-- Using all available rosidl_typesupport_c: rosidl_typesupport_introspection_c;rosidl_typesupport_fastrtps_c
-- Found rosidl_adapter: 1.3.0 (/home/hd/ros2_foxy/install/rosidl_adapter/share/rosidl_adapter/cmake)
-- Found OpenSSL: /usr/lib/x86_64-linux-gnu/libcrypto.so (found version "1.1.1f")  
-- Found FastRTPS: /home/hd/ros2_foxy/install/fastrtps/include  
-- Using all available rosidl_typesupport_cpp: rosidl_typesupport_introspection_cpp;rosidl_typesupport_fastrtps_cpp
-- Found rmw_implementation_cmake: 1.0.4 (/home/hd/ros2_foxy/install/rmw_implementation_cmake/share/rmw_implementation_cmake/cmake)
-- Using RMW implementation 'rmw_fastrtps_cpp' as default
-- Looking for pthread.h
-- Looking for pthread.h - found
-- Performing Test CMAKE_HAVE_LIBC_PTHREAD
-- Performing Test CMAKE_HAVE_LIBC_PTHREAD - Failed
-- Looking for pthread_create in pthreads
-- Looking for pthread_create in pthreads - not found
-- Looking for pthread_create in pthread
-- Looking for pthread_create in pthread - found
-- Found Threads: TRUE  
-- Found ament_lint_auto: 0.9.8 (/home/hd/ros2_foxy/install/ament_lint_auto/share/ament_lint_auto/cmake)
-- Added test 'cppcheck' to perform static code analysis on C / C++ code
-- Configured cppcheck include dirs: /home/hd/Desktop/motor_controls.ws/src/ethercat_device_configurator/ethercat_sdk_master/../soem_interface/soem_interface/include;/home/hd/Desktop/motor_controls.ws/src/ethercat_device_configurator/ethercat_sdk_master/../soem_interface/soem/include;/home/hd/Desktop/motor_controls.ws/src/ethercat_device_configurator/ethercat_sdk_master/../message_logger/include;/home/hd/Desktop/motor_controls.ws/src/ethercat_device_configurator/ethercat_sdk_master/include
-- Configured cppcheck exclude dirs and/or files: 
-- Added test 'lint_cmake' to check CMake code style
-- Added test 'uncrustify' to check C / C++ code style
-- Configured uncrustify additional arguments: 
-- Added test 'xmllint' to check XML markup files
-- Found ament_lint_auto: 0.9.8 (/home/hd/ros2_foxy/install/ament_lint_auto/share/ament_lint_auto/cmake)
-- Added test 'cppcheck' to perform static code analysis on C / C++ code
-- Configured cppcheck include dirs: /home/hd/Desktop/motor_controls.ws/src/ethercat_device_configurator/maxon_epos_ethercat_sdk/include;/home/hd/Desktop/motor_controls.ws/src/ethercat_device_configurator/maxon_epos_ethercat_sdk/../message_logger/include;/home/hd/Desktop/motor_controls.ws/src/ethercat_device_configurator/maxon_epos_ethercat_sdk/../ethercat_sdk_master/include;/home/hd/Desktop/motor_controls.ws/src/ethercat_device_configurator/maxon_epos_ethercat_sdk/../soem_interface/soem_interface/include;/home/hd/Desktop/motor_controls.ws/src/ethercat_device_configurator/maxon_epos_ethercat_sdk/../soem_interface/soem/include
-- Configured cppcheck exclude dirs and/or files: 
-- Added test 'lint_cmake' to check CMake code style
-- Added test 'uncrustify' to check C / C++ code style
-- Configured uncrustify additional arguments: 
-- Added test 'xmllint' to check XML markup files
-- Found rclcpp_components: 2.4.2 (/home/hd/ros2_foxy/install/rclcpp_components/share/rclcpp_components/cmake)
-- Found ament_lint_auto: 0.9.8 (/home/hd/ros2_foxy/install/ament_lint_auto/share/ament_lint_auto/cmake)
-- Configuring done
-- Generating done
-- Build files have been written to: /home/hd/Desktop/motor_controls.ws/build/ethercat_device_configurator
[35m[1mScanning dependencies of target soem_interface[0m
[35m[1mScanning dependencies of target yaml-cpp[0m
[  1%] [32mBuilding CXX object soem_interface/soem_interface/CMakeFiles/soem_interface.dir/src/soem_interface/common/ThreadSleep.cpp.o[0m
[  2%] [32mBuilding CXX object yaml-cpp/yaml-cpp/CMakeFiles/yaml-cpp.dir/src/contrib/graphbuilder.cpp.o[0m
[  3%] [32mBuilding CXX object soem_interface/soem_interface/CMakeFiles/soem_interface.dir/src/soem_interface/common/Macros.cpp.o[0m
[  4%] [32mBuilding CXX object yaml-cpp/yaml-cpp/CMakeFiles/yaml-cpp.dir/src/contrib/graphbuilderadapter.cpp.o[0m
[  6%] [32mBuilding CXX object yaml-cpp/yaml-cpp/CMakeFiles/yaml-cpp.dir/src/binary.cpp.o[0m
[  7%] [32mBuilding CXX object yaml-cpp/yaml-cpp/CMakeFiles/yaml-cpp.dir/src/convert.cpp.o[0m
[  8%] [32mBuilding CXX object soem_interface/soem_interface/CMakeFiles/soem_interface.dir/src/soem_interface/EthercatSlaveBase.cpp.o[0m
[  9%] [32mBuilding CXX object yaml-cpp/yaml-cpp/CMakeFiles/yaml-cpp.dir/src/depthguard.cpp.o[0m
[ 10%] [32mBuilding CXX object yaml-cpp/yaml-cpp/CMakeFiles/yaml-cpp.dir/src/directives.cpp.o[0m
[ 12%] [32mBuilding CXX object soem_interface/soem_interface/CMakeFiles/soem_interface.dir/src/soem_interface/EthercatBusManagerBase.cpp.o[0m
[ 13%] [32mBuilding CXX object yaml-cpp/yaml-cpp/CMakeFiles/yaml-cpp.dir/src/emit.cpp.o[0m
[ 14%] [32mBuilding CXX object yaml-cpp/yaml-cpp/CMakeFiles/yaml-cpp.dir/src/emitfromevents.cpp.o[0m
[ 15%] [32mBuilding CXX object yaml-cpp/yaml-cpp/CMakeFiles/yaml-cpp.dir/src/emitter.cpp.o[0m
[ 16%] [32mBuilding CXX object soem_interface/soem_interface/CMakeFiles/soem_interface.dir/src/soem_interface/EthercatBusBase.cpp.o[0m
[ 18%] [32mBuilding CXX object yaml-cpp/yaml-cpp/CMakeFiles/yaml-cpp.dir/src/emitterstate.cpp.o[0m
[ 19%] [32mBuilding CXX object yaml-cpp/yaml-cpp/CMakeFiles/yaml-cpp.dir/src/emitterutils.cpp.o[0m
[ 20%] [32mBuilding CXX object soem_interface/soem_interface/CMakeFiles/soem_interface.dir/__/__/message_logger/src/time/Time.cpp.o[0m
[ 21%] [32mBuilding CXX object soem_interface/soem_interface/CMakeFiles/soem_interface.dir/__/__/message_logger/src/time/TimeStd.cpp.o[0m
[ 22%] [32mBuilding CXX object yaml-cpp/yaml-cpp/CMakeFiles/yaml-cpp.dir/src/exceptions.cpp.o[0m
[ 24%] [32mBuilding CXX object yaml-cpp/yaml-cpp/CMakeFiles/yaml-cpp.dir/src/exp.cpp.o[0m
[ 25%] [32m[1mLinking CXX static library libsoem_interface.a[0m
[ 25%] Built target soem_interface
[ 26%] [32mBuilding CXX object yaml-cpp/yaml-cpp/CMakeFiles/yaml-cpp.dir/src/memory.cpp.o[0m
[35m[1mScanning dependencies of target ethercat_sdk_master[0m
[ 27%] [32mBuilding CXX object ethercat_sdk_master/CMakeFiles/ethercat_sdk_master.dir/src/ethercat_sdk_master/EthercatMaster.cpp.o[0m
[ 28%] [32mBuilding CXX object yaml-cpp/yaml-cpp/CMakeFiles/yaml-cpp.dir/src/node.cpp.o[0m
[ 30%] [32mBuilding CXX object yaml-cpp/yaml-cpp/CMakeFiles/yaml-cpp.dir/src/node_data.cpp.o[0m
[ 31%] [32mBuilding CXX object yaml-cpp/yaml-cpp/CMakeFiles/yaml-cpp.dir/src/nodebuilder.cpp.o[0m
[ 32%] [32mBuilding CXX object yaml-cpp/yaml-cpp/CMakeFiles/yaml-cpp.dir/src/nodeevents.cpp.o[0m
[ 33%] [32mBuilding CXX object yaml-cpp/yaml-cpp/CMakeFiles/yaml-cpp.dir/src/null.cpp.o[0m
[ 34%] [32mBuilding CXX object ethercat_sdk_master/CMakeFiles/ethercat_sdk_master.dir/src/ethercat_sdk_master/EthercatDevice.cpp.o[0m
[ 36%] [32mBuilding CXX object yaml-cpp/yaml-cpp/CMakeFiles/yaml-cpp.dir/src/ostream_wrapper.cpp.o[0m
[ 37%] [32mBuilding CXX object yaml-cpp/yaml-cpp/CMakeFiles/yaml-cpp.dir/src/parse.cpp.o[0m
[ 38%] [32mBuilding CXX object yaml-cpp/yaml-cpp/CMakeFiles/yaml-cpp.dir/src/parser.cpp.o[0m
[ 39%] [32m[1mLinking CXX static library libethercat_sdk_master.a[0m
[ 39%] Built target ethercat_sdk_master
[35m[1mScanning dependencies of target message_logger[0m
[ 40%] [32mBuilding CXX object message_logger/CMakeFiles/message_logger.dir/src/time/Time.cpp.o[0m
[ 42%] [32mBuilding CXX object yaml-cpp/yaml-cpp/CMakeFiles/yaml-cpp.dir/src/regex_yaml.cpp.o[0m
[ 43%] [32mBuilding CXX object message_logger/CMakeFiles/message_logger.dir/src/time/TimeStd.cpp.o[0m
[ 44%] [32mBuilding CXX object yaml-cpp/yaml-cpp/CMakeFiles/yaml-cpp.dir/src/scanner.cpp.o[0m
[ 45%] [32m[1mLinking CXX shared library libmessage_logger.so[0m
[ 45%] Built target message_logger
[ 46%] [32mBuilding CXX object yaml-cpp/yaml-cpp/CMakeFiles/yaml-cpp.dir/src/scanscalar.cpp.o[0m
[ 48%] [32mBuilding CXX object yaml-cpp/yaml-cpp/CMakeFiles/yaml-cpp.dir/src/scantag.cpp.o[0m
[ 49%] [32mBuilding CXX object yaml-cpp/yaml-cpp/CMakeFiles/yaml-cpp.dir/src/scantoken.cpp.o[0m
[35m[1mScanning dependencies of target soem[0m
[ 50%] [32mBuilding C object soem_interface/soem/CMakeFiles/soem.dir/include/soem/soem/ethercatbase.c.o[0m
[ 51%] [32mBuilding C object soem_interface/soem/CMakeFiles/soem.dir/include/soem/soem/ethercatcoe.c.o[0m
[ 53%] [32mBuilding C object soem_interface/soem/CMakeFiles/soem.dir/include/soem/soem/ethercatconfig.c.o[0m
[ 54%] [32mBuilding C object soem_interface/soem/CMakeFiles/soem.dir/include/soem/soem/ethercatdc.c.o[0m
[ 55%] [32mBuilding C object soem_interface/soem/CMakeFiles/soem.dir/include/soem/soem/ethercatfoe.c.o[0m
[ 56%] [32mBuilding C object soem_interface/soem/CMakeFiles/soem.dir/include/soem/soem/ethercatmain.c.o[0m
[ 57%] [32mBuilding C object soem_interface/soem/CMakeFiles/soem.dir/include/soem/soem/ethercatprint.c.o[0m
[ 59%] [32mBuilding C object soem_interface/soem/CMakeFiles/soem.dir/include/soem/soem/ethercatsoe.c.o[0m
[ 60%] [32mBuilding C object soem_interface/soem/CMakeFiles/soem.dir/include_linux/soem/osal/osal.c.o[0m
[ 61%] [32mBuilding CXX object yaml-cpp/yaml-cpp/CMakeFiles/yaml-cpp.dir/src/simplekey.cpp.o[0m
[ 62%] [32mBuilding C object soem_interface/soem/CMakeFiles/soem.dir/include_linux/soem/oshw/nicdrv.c.o[0m
[ 63%] [32mBuilding C object soem_interface/soem/CMakeFiles/soem.dir/include_linux/soem/oshw/oshw.c.o[0m
[ 65%] [32m[1mLinking C static library libsoem.a[0m
[ 65%] Built target soem
[ 66%] [32mBuilding CXX object yaml-cpp/yaml-cpp/CMakeFiles/yaml-cpp.dir/src/singledocparser.cpp.o[0m
[ 67%] [32mBuilding CXX object yaml-cpp/yaml-cpp/CMakeFiles/yaml-cpp.dir/src/stream.cpp.o[0m
[ 68%] [32mBuilding CXX object yaml-cpp/yaml-cpp/CMakeFiles/yaml-cpp.dir/src/tag.cpp.o[0m
[ 69%] [32m[1mLinking CXX static library libyaml-cpp.a[0m
[ 69%] Built target yaml-cpp
[35m[1mScanning dependencies of target yaml-cpp-read[0m
[35m[1mScanning dependencies of target maxon_epos_ethercat_sdk[0m
[ 71%] [32mBuilding CXX object yaml-cpp/yaml-cpp/util/CMakeFiles/yaml-cpp-read.dir/read.cpp.o[0m
[ 72%] [32mBuilding CXX object maxon_epos_ethercat_sdk/CMakeFiles/maxon_epos_ethercat_sdk.dir/src/maxon_epos_ethercat_sdk/Command.cpp.o[0m
[ 73%] [32m[1mLinking CXX executable read[0m
[ 74%] [32mBuilding CXX object maxon_epos_ethercat_sdk/CMakeFiles/maxon_epos_ethercat_sdk.dir/src/maxon_epos_ethercat_sdk/Configuration.cpp.o[0m
[ 74%] Built target yaml-cpp-read
[35m[1mScanning dependencies of target yaml-cpp-parse[0m
[ 75%] [32mBuilding CXX object yaml-cpp/yaml-cpp/util/CMakeFiles/yaml-cpp-parse.dir/parse.cpp.o[0m
[ 77%] [32m[1mLinking CXX executable parse[0m
[ 78%] [32mBuilding CXX object maxon_epos_ethercat_sdk/CMakeFiles/maxon_epos_ethercat_sdk.dir/src/maxon_epos_ethercat_sdk/ConfigurationParser.cpp.o[0m
[ 78%] Built target yaml-cpp-parse
[35m[1mScanning dependencies of target yaml-cpp-sandbox[0m
[ 79%] [32mBuilding CXX object yaml-cpp/yaml-cpp/util/CMakeFiles/yaml-cpp-sandbox.dir/sandbox.cpp.o[0m
[ 80%] [32m[1mLinking CXX executable sandbox[0m
[ 80%] Built target yaml-cpp-sandbox
[ 81%] [32mBuilding CXX object maxon_epos_ethercat_sdk/CMakeFiles/maxon_epos_ethercat_sdk.dir/src/maxon_epos_ethercat_sdk/ConfigureParameters.cpp.o[0m
[ 83%] [32mBuilding CXX object maxon_epos_ethercat_sdk/CMakeFiles/maxon_epos_ethercat_sdk.dir/src/maxon_epos_ethercat_sdk/Controlword.cpp.o[0m
[ 84%] [32mBuilding CXX object maxon_epos_ethercat_sdk/CMakeFiles/maxon_epos_ethercat_sdk.dir/src/maxon_epos_ethercat_sdk/Diagnostics.cpp.o[0m
[ 85%] [32mBuilding CXX object maxon_epos_ethercat_sdk/CMakeFiles/maxon_epos_ethercat_sdk.dir/src/maxon_epos_ethercat_sdk/DriveState.cpp.o[0m
[ 86%] [32mBuilding CXX object maxon_epos_ethercat_sdk/CMakeFiles/maxon_epos_ethercat_sdk.dir/src/maxon_epos_ethercat_sdk/Maxon.cpp.o[0m
[ 87%] [32mBuilding CXX object maxon_epos_ethercat_sdk/CMakeFiles/maxon_epos_ethercat_sdk.dir/src/maxon_epos_ethercat_sdk/ModeOfOperationEnum.cpp.o[0m
[ 89%] [32mBuilding CXX object maxon_epos_ethercat_sdk/CMakeFiles/maxon_epos_ethercat_sdk.dir/src/maxon_epos_ethercat_sdk/PdoTypeEnum.cpp.o[0m
[ 90%] [32mBuilding CXX object maxon_epos_ethercat_sdk/CMakeFiles/maxon_epos_ethercat_sdk.dir/src/maxon_epos_ethercat_sdk/Reading.cpp.o[0m
[ 91%] [32mBuilding CXX object maxon_epos_ethercat_sdk/CMakeFiles/maxon_epos_ethercat_sdk.dir/src/maxon_epos_ethercat_sdk/Statusword.cpp.o[0m
[ 92%] [32m[1mLinking CXX static library libmaxon_epos_ethercat_sdk.a[0m
[ 92%] Built target maxon_epos_ethercat_sdk
[35m[1mScanning dependencies of target standalone[0m
[ 93%] [32mBuilding CXX object CMakeFiles/standalone.dir/src/standalone.cpp.o[0m
[ 95%] [32mBuilding CXX object CMakeFiles/standalone.dir/src/EthercatDeviceConfigurator.cpp.o[0m
[ 96%] [32mBuilding C object CMakeFiles/standalone.dir/include/ethercat_device_configurator/soem/soem/ethercatconfig.c.o[0m
[ 97%] [32mBuilding C object CMakeFiles/standalone.dir/include/ethercat_device_configurator/soem/soem/ethercatprint.c.o[0m
[ 98%] [32mBuilding C object CMakeFiles/standalone.dir/include/ethercat_device_configurator/soem/soem/ethercatdc.c.o[0m
[100%] [32m[1mLinking CXX executable standalone[0m
[100%] Built target standalone
-- Install configuration: ""
-- Installing: /home/hd/Desktop/motor_controls.ws/install/ethercat_device_configurator/lib/ethercat_device_configurator/standalone
-- Set runtime path of "/home/hd/Desktop/motor_controls.ws/install/ethercat_device_configurator/lib/ethercat_device_configurator/standalone" to ""
-- Installing: /home/hd/Desktop/motor_controls.ws/install/ethercat_device_configurator/share/ament_index/resource_index/package_run_dependencies/ethercat_device_configurator
-- Installing: /home/hd/Desktop/motor_controls.ws/install/ethercat_device_configurator/share/ament_index/resource_index/parent_prefix_path/ethercat_device_configurator
-- Installing: /home/hd/Desktop/motor_controls.ws/install/ethercat_device_configurator/share/ethercat_device_configurator/environment/ament_prefix_path.sh
-- Installing: /home/hd/Desktop/motor_controls.ws/install/ethercat_device_configurator/share/ethercat_device_configurator/environment/ament_prefix_path.dsv
-- Installing: /home/hd/Desktop/motor_controls.ws/install/ethercat_device_configurator/share/ethercat_device_configurator/environment/path.sh
-- Installing: /home/hd/Desktop/motor_controls.ws/install/ethercat_device_configurator/share/ethercat_device_configurator/environment/path.dsv
-- Installing: /home/hd/Desktop/motor_controls.ws/install/ethercat_device_configurator/share/ethercat_device_configurator/local_setup.bash
-- Installing: /home/hd/Desktop/motor_controls.ws/install/ethercat_device_configurator/share/ethercat_device_configurator/local_setup.sh
-- Installing: /home/hd/Desktop/motor_controls.ws/install/ethercat_device_configurator/share/ethercat_device_configurator/local_setup.zsh
-- Installing: /home/hd/Desktop/motor_controls.ws/install/ethercat_device_configurator/share/ethercat_device_configurator/local_setup.dsv
-- Installing: /home/hd/Desktop/motor_controls.ws/install/ethercat_device_configurator/share/ethercat_device_configurator/package.dsv
-- Installing: /home/hd/Desktop/motor_controls.ws/install/ethercat_device_configurator/share/ament_index/resource_index/packages/ethercat_device_configurator
-- Installing: /home/hd/Desktop/motor_controls.ws/install/ethercat_device_configurator/share/ethercat_device_configurator/cmake/ethercat_device_configuratorConfig.cmake
-- Installing: /home/hd/Desktop/motor_controls.ws/install/ethercat_device_configurator/share/ethercat_device_configurator/cmake/ethercat_device_configuratorConfig-version.cmake
-- Installing: /home/hd/Desktop/motor_controls.ws/install/ethercat_device_configurator/share/ethercat_device_configurator/package.xml
-- Installing: /home/hd/Desktop/motor_controls.ws/install/ethercat_device_configurator/lib/libethercat_sdk_master.a
-- Installing: /home/hd/Desktop/motor_controls.ws/install/ethercat_device_configurator/include/ethercat_sdk_master
-- Installing: /home/hd/Desktop/motor_controls.ws/install/ethercat_device_configurator/include/ethercat_sdk_master/EthercatDevice.hpp
-- Installing: /home/hd/Desktop/motor_controls.ws/install/ethercat_device_configurator/include/ethercat_sdk_master/EthercatMaster.hpp
-- Installing: /home/hd/Desktop/motor_controls.ws/install/ethercat_device_configurator/include/ethercat_sdk_master/UpdateMode.hpp
-- Installing: /home/hd/Desktop/motor_controls.ws/install/ethercat_device_configurator/include/ethercat_sdk_master/EthercatMasterConfiguration.hpp
-- Installing: /home/hd/Desktop/motor_controls.ws/install/ethercat_device_configurator/share/ament_index/resource_index/package_run_dependencies/ethercat_sdk_master
-- Installing: /home/hd/Desktop/motor_controls.ws/install/ethercat_device_configurator/share/ament_index/resource_index/parent_prefix_path/ethercat_sdk_master
-- Installing: /home/hd/Desktop/motor_controls.ws/install/ethercat_device_configurator/share/ethercat_sdk_master/environment/ament_prefix_path.sh
-- Installing: /home/hd/Desktop/motor_controls.ws/install/ethercat_device_configurator/share/ethercat_sdk_master/environment/ament_prefix_path.dsv
-- Installing: /home/hd/Desktop/motor_controls.ws/install/ethercat_device_configurator/share/ethercat_sdk_master/environment/path.sh
-- Installing: /home/hd/Desktop/motor_controls.ws/install/ethercat_device_configurator/share/ethercat_sdk_master/environment/path.dsv
-- Installing: /home/hd/Desktop/motor_controls.ws/install/ethercat_device_configurator/share/ethercat_sdk_master/local_setup.bash
-- Installing: /home/hd/Desktop/motor_controls.ws/install/ethercat_device_configurator/share/ethercat_sdk_master/local_setup.sh
-- Installing: /home/hd/Desktop/motor_controls.ws/install/ethercat_device_configurator/share/ethercat_sdk_master/local_setup.zsh
-- Installing: /home/hd/Desktop/motor_controls.ws/install/ethercat_device_configurator/share/ethercat_sdk_master/local_setup.dsv
-- Installing: /home/hd/Desktop/motor_controls.ws/install/ethercat_device_configurator/share/ethercat_sdk_master/package.dsv
-- Installing: /home/hd/Desktop/motor_controls.ws/install/ethercat_device_configurator/share/ament_index/resource_index/packages/ethercat_sdk_master
-- Installing: /home/hd/Desktop/motor_controls.ws/install/ethercat_device_configurator/share/ethercat_sdk_master/cmake/ethercat_sdk_masterConfig.cmake
-- Installing: /home/hd/Desktop/motor_controls.ws/install/ethercat_device_configurator/share/ethercat_sdk_master/cmake/ethercat_sdk_masterConfig-version.cmake
-- Installing: /home/hd/Desktop/motor_controls.ws/install/ethercat_device_configurator/share/ethercat_sdk_master/package.xml
-- Installing: /home/hd/Desktop/motor_controls.ws/install/ethercat_device_configurator/lib/libmaxon_epos_ethercat_sdk.a
-- Installing: /home/hd/Desktop/motor_controls.ws/install/ethercat_device_configurator/include/maxon_epos_ethercat_sdk
-- Installing: /home/hd/Desktop/motor_controls.ws/install/ethercat_device_configurator/include/maxon_epos_ethercat_sdk/RxPdo.hpp
-- Installing: /home/hd/Desktop/motor_controls.ws/install/ethercat_device_configurator/include/maxon_epos_ethercat_sdk/Maxon.hpp
-- Installing: /home/hd/Desktop/motor_controls.ws/install/ethercat_device_configurator/include/maxon_epos_ethercat_sdk/TxPdo.hpp
-- Installing: /home/hd/Desktop/motor_controls.ws/install/ethercat_device_configurator/include/maxon_epos_ethercat_sdk/ObjectDictionary.hpp
-- Installing: /home/hd/Desktop/motor_controls.ws/install/ethercat_device_configurator/include/maxon_epos_ethercat_sdk/ModeOfOperationEnum.hpp
-- Installing: /home/hd/Desktop/motor_controls.ws/install/ethercat_device_configurator/include/maxon_epos_ethercat_sdk/DriveState.hpp
-- Installing: /home/hd/Desktop/motor_controls.ws/install/ethercat_device_configurator/include/maxon_epos_ethercat_sdk/Error.hpp
-- Installing: /home/hd/Desktop/motor_controls.ws/install/ethercat_device_configurator/include/maxon_epos_ethercat_sdk/ConfigurationParser.hpp
-- Installing: /home/hd/Desktop/motor_controls.ws/install/ethercat_device_configurator/include/maxon_epos_ethercat_sdk/Reading.hpp
-- Installing: /home/hd/Desktop/motor_controls.ws/install/ethercat_device_configurator/include/maxon_epos_ethercat_sdk/PdoTypeEnum.hpp
-- Installing: /home/hd/Desktop/motor_controls.ws/install/ethercat_device_configurator/include/maxon_epos_ethercat_sdk/Command.hpp
-- Installing: /home/hd/Desktop/motor_controls.ws/install/ethercat_device_configurator/include/maxon_epos_ethercat_sdk/Controlword.hpp
-- Installing: /home/hd/Desktop/motor_controls.ws/install/ethercat_device_configurator/include/maxon_epos_ethercat_sdk/Statusword.hpp
-- Installing: /home/hd/Desktop/motor_controls.ws/install/ethercat_device_configurator/include/maxon_epos_ethercat_sdk/Configuration.hpp
-- Installing: /home/hd/Desktop/motor_controls.ws/install/ethercat_device_configurator/share/ament_index/resource_index/package_run_dependencies/maxon_epos_ethercat_sdk
-- Installing: /home/hd/Desktop/motor_controls.ws/install/ethercat_device_configurator/share/ament_index/resource_index/parent_prefix_path/maxon_epos_ethercat_sdk
-- Installing: /home/hd/Desktop/motor_controls.ws/install/ethercat_device_configurator/share/maxon_epos_ethercat_sdk/environment/ament_prefix_path.sh
-- Installing: /home/hd/Desktop/motor_controls.ws/install/ethercat_device_configurator/share/maxon_epos_ethercat_sdk/environment/ament_prefix_path.dsv
-- Installing: /home/hd/Desktop/motor_controls.ws/install/ethercat_device_configurator/share/maxon_epos_ethercat_sdk/environment/path.sh
-- Installing: /home/hd/Desktop/motor_controls.ws/install/ethercat_device_configurator/share/maxon_epos_ethercat_sdk/environment/path.dsv
-- Installing: /home/hd/Desktop/motor_controls.ws/install/ethercat_device_configurator/share/maxon_epos_ethercat_sdk/local_setup.bash
-- Installing: /home/hd/Desktop/motor_controls.ws/install/ethercat_device_configurator/share/maxon_epos_ethercat_sdk/local_setup.sh
-- Installing: /home/hd/Desktop/motor_controls.ws/install/ethercat_device_configurator/share/maxon_epos_ethercat_sdk/local_setup.zsh
-- Installing: /home/hd/Desktop/motor_controls.ws/install/ethercat_device_configurator/share/maxon_epos_ethercat_sdk/local_setup.dsv
-- Installing: /home/hd/Desktop/motor_controls.ws/install/ethercat_device_configurator/share/maxon_epos_ethercat_sdk/package.dsv
-- Installing: /home/hd/Desktop/motor_controls.ws/install/ethercat_device_configurator/share/ament_index/resource_index/packages/maxon_epos_ethercat_sdk
-- Installing: /home/hd/Desktop/motor_controls.ws/install/ethercat_device_configurator/share/maxon_epos_ethercat_sdk/cmake/maxon_epos_ethercat_sdkConfig.cmake
-- Installing: /home/hd/Desktop/motor_controls.ws/install/ethercat_device_configurator/share/maxon_epos_ethercat_sdk/cmake/maxon_epos_ethercat_sdkConfig-version.cmake
-- Installing: /home/hd/Desktop/motor_controls.ws/install/ethercat_device_configurator/share/maxon_epos_ethercat_sdk/package.xml
-- Installing: /home/hd/Desktop/motor_controls.ws/install/ethercat_device_configurator/lib/libmessage_logger.so
-- Set runtime path of "/home/hd/Desktop/motor_controls.ws/install/ethercat_device_configurator/lib/libmessage_logger.so" to ""
-- Installing: /home/hd/Desktop/motor_controls.ws/install/ethercat_device_configurator/include/message_logger
-- Installing: /home/hd/Desktop/motor_controls.ws/install/ethercat_device_configurator/include/message_logger/time
-- Installing: /home/hd/Desktop/motor_controls.ws/install/ethercat_device_configurator/include/message_logger/time/TimeStd.hpp
-- Installing: /home/hd/Desktop/motor_controls.ws/install/ethercat_device_configurator/include/message_logger/time/Time.hpp
-- Installing: /home/hd/Desktop/motor_controls.ws/install/ethercat_device_configurator/include/message_logger/message_logger.hpp
-- Installing: /home/hd/Desktop/motor_controls.ws/install/ethercat_device_configurator/include/message_logger/common
-- Installing: /home/hd/Desktop/motor_controls.ws/install/ethercat_device_configurator/include/message_logger/common/colors.hpp
-- Installing: /home/hd/Desktop/motor_controls.ws/install/ethercat_device_configurator/include/message_logger/common/source_file_pos.hpp
-- Installing: /home/hd/Desktop/motor_controls.ws/install/ethercat_device_configurator/include/message_logger/common/preprocessor_defines.hpp
-- Installing: /home/hd/Desktop/motor_controls.ws/install/ethercat_device_configurator/include/message_logger/log
-- Installing: /home/hd/Desktop/motor_controls.ws/install/ethercat_device_configurator/include/message_logger/log/log_messages_ros.hpp
-- Installing: /home/hd/Desktop/motor_controls.ws/install/ethercat_device_configurator/include/message_logger/log/log_messages_std.hpp
-- Installing: /home/hd/Desktop/motor_controls.ws/install/ethercat_device_configurator/include/message_logger/log/log_messages_backend_config.hpp
-- Installing: /home/hd/Desktop/motor_controls.ws/install/ethercat_device_configurator/include/message_logger/log/log_messages_backend_config.hpp.in
-- Installing: /home/hd/Desktop/motor_controls.ws/install/ethercat_device_configurator/include/message_logger/log/log_messages_backend.hpp
-- Installing: /home/hd/Desktop/motor_controls.ws/install/ethercat_device_configurator/include/message_logger/log/log_messages.hpp
-- Installing: /home/hd/Desktop/motor_controls.ws/install/ethercat_device_configurator/share/message_logger/environment/library_path.sh
-- Installing: /home/hd/Desktop/motor_controls.ws/install/ethercat_device_configurator/share/message_logger/environment/library_path.dsv
-- Installing: /home/hd/Desktop/motor_controls.ws/install/ethercat_device_configurator/share/ament_index/resource_index/package_run_dependencies/message_logger
-- Installing: /home/hd/Desktop/motor_controls.ws/install/ethercat_device_configurator/share/ament_index/resource_index/parent_prefix_path/message_logger
-- Installing: /home/hd/Desktop/motor_controls.ws/install/ethercat_device_configurator/share/message_logger/environment/ament_prefix_path.sh
-- Installing: /home/hd/Desktop/motor_controls.ws/install/ethercat_device_configurator/share/message_logger/environment/ament_prefix_path.dsv
-- Installing: /home/hd/Desktop/motor_controls.ws/install/ethercat_device_configurator/share/message_logger/environment/path.sh
-- Installing: /home/hd/Desktop/motor_controls.ws/install/ethercat_device_configurator/share/message_logger/environment/path.dsv
-- Installing: /home/hd/Desktop/motor_controls.ws/install/ethercat_device_configurator/share/message_logger/local_setup.bash
-- Installing: /home/hd/Desktop/motor_controls.ws/install/ethercat_device_configurator/share/message_logger/local_setup.sh
-- Installing: /home/hd/Desktop/motor_controls.ws/install/ethercat_device_configurator/share/message_logger/local_setup.zsh
-- Installing: /home/hd/Desktop/motor_controls.ws/install/ethercat_device_configurator/share/message_logger/local_setup.dsv
-- Installing: /home/hd/Desktop/motor_controls.ws/install/ethercat_device_configurator/share/message_logger/package.dsv
-- Installing: /home/hd/Desktop/motor_controls.ws/install/ethercat_device_configurator/share/ament_index/resource_index/packages/message_logger
-- Installing: /home/hd/Desktop/motor_controls.ws/install/ethercat_device_configurator/share/message_logger/cmake/ament_cmake_export_include_directories-extras.cmake
-- Installing: /home/hd/Desktop/motor_controls.ws/install/ethercat_device_configurator/share/message_logger/cmake/ament_cmake_export_libraries-extras.cmake
-- Installing: /home/hd/Desktop/motor_controls.ws/install/ethercat_device_configurator/share/message_logger/cmake/message_loggerConfig.cmake
-- Installing: /home/hd/Desktop/motor_controls.ws/install/ethercat_device_configurator/share/message_logger/cmake/message_loggerConfig-version.cmake
-- Installing: /home/hd/Desktop/motor_controls.ws/install/ethercat_device_configurator/share/message_logger/package.xml
-- Installing: /home/hd/Desktop/motor_controls.ws/install/ethercat_device_configurator/share/ament_index/resource_index/package_run_dependencies/soem_rsl
-- Installing: /home/hd/Desktop/motor_controls.ws/install/ethercat_device_configurator/share/ament_index/resource_index/parent_prefix_path/soem_rsl
-- Installing: /home/hd/Desktop/motor_controls.ws/install/ethercat_device_configurator/share/soem_rsl/environment/ament_prefix_path.sh
-- Installing: /home/hd/Desktop/motor_controls.ws/install/ethercat_device_configurator/share/soem_rsl/environment/ament_prefix_path.dsv
-- Installing: /home/hd/Desktop/motor_controls.ws/install/ethercat_device_configurator/share/soem_rsl/environment/path.sh
-- Installing: /home/hd/Desktop/motor_controls.ws/install/ethercat_device_configurator/share/soem_rsl/environment/path.dsv
-- Installing: /home/hd/Desktop/motor_controls.ws/install/ethercat_device_configurator/share/soem_rsl/local_setup.bash
-- Installing: /home/hd/Desktop/motor_controls.ws/install/ethercat_device_configurator/share/soem_rsl/local_setup.sh
-- Installing: /home/hd/Desktop/motor_controls.ws/install/ethercat_device_configurator/share/soem_rsl/local_setup.zsh
-- Installing: /home/hd/Desktop/motor_controls.ws/install/ethercat_device_configurator/share/soem_rsl/local_setup.dsv
-- Installing: /home/hd/Desktop/motor_controls.ws/install/ethercat_device_configurator/share/soem_rsl/package.dsv
-- Installing: /home/hd/Desktop/motor_controls.ws/install/ethercat_device_configurator/share/ament_index/resource_index/packages/soem_rsl
-- Installing: /home/hd/Desktop/motor_controls.ws/install/ethercat_device_configurator/share/soem_rsl/cmake/soem_rslConfig.cmake
-- Installing: /home/hd/Desktop/motor_controls.ws/install/ethercat_device_configurator/share/soem_rsl/cmake/soem_rslConfig-version.cmake
-- Installing: /home/hd/Desktop/motor_controls.ws/install/ethercat_device_configurator/share/soem_rsl/package.xml
-- Up-to-date: /home/hd/Desktop/motor_controls.ws/install/ethercat_device_configurator/include
-- Installing: /home/hd/Desktop/motor_controls.ws/install/ethercat_device_configurator/include/EthercatBusManagerBase.hpp
-- Installing: /home/hd/Desktop/motor_controls.ws/install/ethercat_device_configurator/include/EthercatSlaveBase.hpp
-- Installing: /home/hd/Desktop/motor_controls.ws/install/ethercat_device_configurator/include/common
-- Installing: /home/hd/Desktop/motor_controls.ws/install/ethercat_device_configurator/include/common/Macros.hpp
-- Installing: /home/hd/Desktop/motor_controls.ws/install/ethercat_device_configurator/include/common/ThreadSleep.hpp
-- Installing: /home/hd/Desktop/motor_controls.ws/install/ethercat_device_configurator/include/EthercatBusBase.hpp
-- Installing: /home/hd/Desktop/motor_controls.ws/install/ethercat_device_configurator/share/ament_index/resource_index/package_run_dependencies/soem_interface
-- Installing: /home/hd/Desktop/motor_controls.ws/install/ethercat_device_configurator/share/ament_index/resource_index/parent_prefix_path/soem_interface
-- Installing: /home/hd/Desktop/motor_controls.ws/install/ethercat_device_configurator/share/soem_interface/environment/ament_prefix_path.sh
-- Installing: /home/hd/Desktop/motor_controls.ws/install/ethercat_device_configurator/share/soem_interface/environment/ament_prefix_path.dsv
-- Installing: /home/hd/Desktop/motor_controls.ws/install/ethercat_device_configurator/share/soem_interface/environment/path.sh
-- Installing: /home/hd/Desktop/motor_controls.ws/install/ethercat_device_configurator/share/soem_interface/environment/path.dsv
-- Installing: /home/hd/Desktop/motor_controls.ws/install/ethercat_device_configurator/share/soem_interface/local_setup.bash
-- Installing: /home/hd/Desktop/motor_controls.ws/install/ethercat_device_configurator/share/soem_interface/local_setup.sh
-- Installing: /home/hd/Desktop/motor_controls.ws/install/ethercat_device_configurator/share/soem_interface/local_setup.zsh
-- Installing: /home/hd/Desktop/motor_controls.ws/install/ethercat_device_configurator/share/soem_interface/local_setup.dsv
-- Installing: /home/hd/Desktop/motor_controls.ws/install/ethercat_device_configurator/share/soem_interface/package.dsv
-- Installing: /home/hd/Desktop/motor_controls.ws/install/ethercat_device_configurator/share/ament_index/resource_index/packages/soem_interface
-- Installing: /home/hd/Desktop/motor_controls.ws/install/ethercat_device_configurator/share/soem_interface/cmake/soem_interfaceConfig.cmake
-- Installing: /home/hd/Desktop/motor_controls.ws/install/ethercat_device_configurator/share/soem_interface/cmake/soem_interfaceConfig-version.cmake
-- Installing: /home/hd/Desktop/motor_controls.ws/install/ethercat_device_configurator/share/soem_interface/package.xml
