-- The C compiler identification is GNU 9.4.0
-- The CXX compiler identification is GNU 9.4.0
-- Check for working C compiler: /usr/bin/cc
-- Check for working C compiler: /usr/bin/cc -- works
-- Detecting C compiler ABI info
-- Detecting C compiler ABI info - done
-- Detecting C compile features
-- Detecting C compile features - done
-- Check for working CXX compiler: /usr/bin/c++
-- Check for working CXX compiler: /usr/bin/c++ -- works
-- Detecting CXX compiler ABI info
-- Detecting CXX compiler ABI info - done
-- Detecting CXX compile features
-- Detecting CXX compile features - done
-- Found rclcpp: 2.4.2 (/home/hd/ros2_foxy/install/rclcpp/share/rclcpp/cmake)
-- Found PythonInterp: /usr/bin/python3 (found suitable version "3.8.10", minimum required is "3") 
-- Using PYTHON_EXECUTABLE: /usr/bin/python3
-- Using all available rosidl_typesupport_c: rosidl_typesupport_introspection_c;rosidl_typesupport_fastrtps_c
-- Found rosidl_adapter: 1.3.0 (/home/hd/ros2_foxy/install/rosidl_adapter/share/rosidl_adapter/cmake)
-- Found OpenSSL: /usr/lib/x86_64-linux-gnu/libcrypto.so (found version "1.1.1f")  
-- Found FastRTPS: /home/hd/ros2_foxy/install/fastrtps/include  
-- Using all available rosidl_typesupport_cpp: rosidl_typesupport_introspection_cpp;rosidl_typesupport_fastrtps_cpp
-- Found rmw_implementation_cmake: 1.0.4 (/home/hd/ros2_foxy/install/rmw_implementation_cmake/share/rmw_implementation_cmake/cmake)
-- Using RMW implementation 'rmw_fastrtps_cpp' as default
-- Looking for pthread.h
-- Looking for pthread.h - found
-- Performing Test CMAKE_HAVE_LIBC_PTHREAD
-- Performing Test CMAKE_HAVE_LIBC_PTHREAD - Failed
-- Looking for pthread_create in pthreads
-- Looking for pthread_create in pthreads - not found
-- Looking for pthread_create in pthread
-- Looking for pthread_create in pthread - found
-- Found Threads: TRUE  
CMake Warning at CMakeLists.txt:27 (find_package):
  By not providing "Findmessage_logger.cmake" in CMAKE_MODULE_PATH this
  project has asked CMake to find a package configuration file provided by
  "message_logger", but CMake did not find one.

  Could not find a package configuration file provided by "message_logger"
  with any of the following names:

    message_loggerConfig.cmake
    message_logger-config.cmake

  Add the installation prefix of "message_logger" to CMAKE_PREFIX_PATH or set
  "message_logger_DIR" to a directory containing one of the above files.  If
  "message_logger" provides a separate development package or SDK, be sure it
  has been installed.


CMake Warning at CMakeLists.txt:28 (find_package):
  By not providing "Findsoem_interface.cmake" in CMAKE_MODULE_PATH this
  project has asked CMake to find a package configuration file provided by
  "soem_interface", but CMake did not find one.

  Could not find a package configuration file provided by "soem_interface"
  with any of the following names:

    soem_interfaceConfig.cmake
    soem_interface-config.cmake

  Add the installation prefix of "soem_interface" to CMAKE_PREFIX_PATH or set
  "soem_interface_DIR" to a directory containing one of the above files.  If
  "soem_interface" provides a separate development package or SDK, be sure it
  has been installed.


CMake Warning at CMakeLists.txt:29 (find_package):
  By not providing "Findethercat_sdk_master.cmake" in CMAKE_MODULE_PATH this
  project has asked CMake to find a package configuration file provided by
  "ethercat_sdk_master", but CMake did not find one.

  Could not find a package configuration file provided by
  "ethercat_sdk_master" with any of the following names:

    ethercat_sdk_masterConfig.cmake
    ethercat_sdk_master-config.cmake

  Add the installation prefix of "ethercat_sdk_master" to CMAKE_PREFIX_PATH
  or set "ethercat_sdk_master_DIR" to a directory containing one of the above
  files.  If "ethercat_sdk_master" provides a separate development package or
  SDK, be sure it has been installed.


CMake Warning at CMakeLists.txt:30 (find_package):
  By not providing "Findmaxon_epos_ethercat_sdk.cmake" in CMAKE_MODULE_PATH
  this project has asked CMake to find a package configuration file provided
  by "maxon_epos_ethercat_sdk", but CMake did not find one.

  Could not find a package configuration file provided by
  "maxon_epos_ethercat_sdk" with any of the following names:

    maxon_epos_ethercat_sdkConfig.cmake
    maxon_epos_ethercat_sdk-config.cmake

  Add the installation prefix of "maxon_epos_ethercat_sdk" to
  CMAKE_PREFIX_PATH or set "maxon_epos_ethercat_sdk_DIR" to a directory
  containing one of the above files.  If "maxon_epos_ethercat_sdk" provides a
  separate development package or SDK, be sure it has been installed.


-- Found ament_lint_auto: 0.9.8 (/home/hd/ros2_foxy/install/ament_lint_auto/share/ament_lint_auto/cmake)
-- Added test 'cppcheck' to perform static code analysis on C / C++ code
-- Configured cppcheck include dirs: /home/hd/Desktop/motor_controls.ws/src/ethercat_device_configurator/ethercat_sdk_master/../soem_interface/soem_interface/include;/home/hd/Desktop/motor_controls.ws/src/ethercat_device_configurator/ethercat_sdk_master/../soem_interface/soem/include;/home/hd/Desktop/motor_controls.ws/src/ethercat_device_configurator/ethercat_sdk_master/../message_logger/include;/home/hd/Desktop/motor_controls.ws/src/ethercat_device_configurator/ethercat_sdk_master/include
-- Configured cppcheck exclude dirs and/or files: 
-- Added test 'lint_cmake' to check CMake code style
-- Added test 'uncrustify' to check C / C++ code style
-- Configured uncrustify additional arguments: 
-- Added test 'xmllint' to check XML markup files
-- Found ament_lint_auto: 0.9.8 (/home/hd/ros2_foxy/install/ament_lint_auto/share/ament_lint_auto/cmake)
-- Added test 'cppcheck' to perform static code analysis on C / C++ code
-- Configured cppcheck include dirs: /home/hd/Desktop/motor_controls.ws/src/ethercat_device_configurator/maxon_epos_ethercat_sdk/include;/home/hd/Desktop/motor_controls.ws/src/ethercat_device_configurator/maxon_epos_ethercat_sdk/../message_logger/include;/home/hd/Desktop/motor_controls.ws/src/ethercat_device_configurator/maxon_epos_ethercat_sdk/../ethercat_sdk_master/include;/home/hd/Desktop/motor_controls.ws/src/ethercat_device_configurator/maxon_epos_ethercat_sdk/../soem_interface/soem_interface/include;/home/hd/Desktop/motor_controls.ws/src/ethercat_device_configurator/maxon_epos_ethercat_sdk/../soem_interface/soem/include
-- Configured cppcheck exclude dirs and/or files: 
-- Added test 'lint_cmake' to check CMake code style
-- Added test 'uncrustify' to check C / C++ code style
-- Configured uncrustify additional arguments: 
-- Added test 'xmllint' to check XML markup files
-- Found rclcpp_components: 2.4.2 (/home/hd/ros2_foxy/install/rclcpp_components/share/rclcpp_components/cmake)
 AHHHHHHHHHHHHHHHHHH message_logger
CMake Warning at soem_interface/soem_interface/CMakeLists.txt:22 (find_package):
  By not providing "Findsoem_rsl.cmake" in CMAKE_MODULE_PATH this project has
  asked CMake to find a package configuration file provided by "soem_rsl",
  but CMake did not find one.

  Could not find a package configuration file provided by "soem_rsl" with any
  of the following names:

    soem_rslConfig.cmake
    soem_rsl-config.cmake

  Add the installation prefix of "soem_rsl" to CMAKE_PREFIX_PATH or set
  "soem_rsl_DIR" to a directory containing one of the above files.  If
  "soem_rsl" provides a separate development package or SDK, be sure it has
  been installed.


CMake Warning at soem_interface/soem_interface/CMakeLists.txt:23 (find_package):
  By not providing "Findmessage_logger.cmake" in CMAKE_MODULE_PATH this
  project has asked CMake to find a package configuration file provided by
  "message_logger", but CMake did not find one.

  Could not find a package configuration file provided by "message_logger"
  with any of the following names:

    message_loggerConfig.cmake
    message_logger-config.cmake

  Add the installation prefix of "message_logger" to CMAKE_PREFIX_PATH or set
  "message_logger_DIR" to a directory containing one of the above files.  If
  "message_logger" provides a separate development package or SDK, be sure it
  has been installed.


-- Found ament_lint_auto: 0.9.8 (/home/hd/ros2_foxy/install/ament_lint_auto/share/ament_lint_auto/cmake)
-- Configuring done
-- Generating done
-- Build files have been written to: /home/hd/Desktop/motor_controls.ws/build/ethercat_device_configurator
[35m[1mScanning dependencies of target soem_interface[0m
[35m[1mScanning dependencies of target yaml-cpp[0m
[  1%] [32mBuilding CXX object soem_interface/soem_interface/CMakeFiles/soem_interface.dir/src/soem_interface/common/ThreadSleep.cpp.o[0m
[  2%] [32mBuilding CXX object yaml-cpp/yaml-cpp/CMakeFiles/yaml-cpp.dir/src/contrib/graphbuilder.cpp.o[0m
[  3%] [32mBuilding CXX object soem_interface/soem_interface/CMakeFiles/soem_interface.dir/src/soem_interface/common/Macros.cpp.o[0m
[  4%] [32mBuilding CXX object yaml-cpp/yaml-cpp/CMakeFiles/yaml-cpp.dir/src/contrib/graphbuilderadapter.cpp.o[0m
[  6%] [32mBuilding CXX object yaml-cpp/yaml-cpp/CMakeFiles/yaml-cpp.dir/src/binary.cpp.o[0m
[  7%] [32mBuilding CXX object yaml-cpp/yaml-cpp/CMakeFiles/yaml-cpp.dir/src/convert.cpp.o[0m
[  8%] [32mBuilding CXX object soem_interface/soem_interface/CMakeFiles/soem_interface.dir/src/soem_interface/EthercatSlaveBase.cpp.o[0m
[  9%] [32mBuilding CXX object yaml-cpp/yaml-cpp/CMakeFiles/yaml-cpp.dir/src/depthguard.cpp.o[0m
[ 10%] [32mBuilding CXX object yaml-cpp/yaml-cpp/CMakeFiles/yaml-cpp.dir/src/directives.cpp.o[0m
[ 12%] [32mBuilding CXX object soem_interface/soem_interface/CMakeFiles/soem_interface.dir/src/soem_interface/EthercatBusManagerBase.cpp.o[0m
[ 13%] [32mBuilding CXX object yaml-cpp/yaml-cpp/CMakeFiles/yaml-cpp.dir/src/emit.cpp.o[0m
[ 14%] [32mBuilding CXX object yaml-cpp/yaml-cpp/CMakeFiles/yaml-cpp.dir/src/emitfromevents.cpp.o[0m
[ 15%] [32mBuilding CXX object yaml-cpp/yaml-cpp/CMakeFiles/yaml-cpp.dir/src/emitter.cpp.o[0m
[ 16%] [32mBuilding CXX object soem_interface/soem_interface/CMakeFiles/soem_interface.dir/src/soem_interface/EthercatBusBase.cpp.o[0m
[ 18%] [32mBuilding CXX object yaml-cpp/yaml-cpp/CMakeFiles/yaml-cpp.dir/src/emitterstate.cpp.o[0m
[ 19%] [32mBuilding CXX object yaml-cpp/yaml-cpp/CMakeFiles/yaml-cpp.dir/src/emitterutils.cpp.o[0m
[ 20%] [32mBuilding CXX object soem_interface/soem_interface/CMakeFiles/soem_interface.dir/__/__/message_logger/src/time/Time.cpp.o[0m
[ 21%] [32mBuilding CXX object soem_interface/soem_interface/CMakeFiles/soem_interface.dir/__/__/message_logger/src/time/TimeStd.cpp.o[0m
[ 22%] [32mBuilding CXX object yaml-cpp/yaml-cpp/CMakeFiles/yaml-cpp.dir/src/exceptions.cpp.o[0m
[ 24%] [32mBuilding CXX object yaml-cpp/yaml-cpp/CMakeFiles/yaml-cpp.dir/src/exp.cpp.o[0m
[01m[K/home/hd/Desktop/motor_controls.ws/src/ethercat_device_configurator/message_logger/src/time/TimeStd.cpp:[m[K In member function ‘[01m[Kmessage_logger::time::TimeStd& message_logger::time::TimeStd::from(uint32_t, uint32_t)[m[K’:
[01m[K/home/hd/Desktop/motor_controls.ws/src/ethercat_device_configurator/message_logger/src/time/TimeStd.cpp:115:33:[m[K [01;35m[Kwarning: [m[Kunused parameter ‘[01m[Ksec[m[K’ [[01;35m[K-Wunused-parameter[m[K]
  115 | TimeStd& TimeStd::from([01;35m[Kuint32_t sec[m[K, uint32_t nsec) {
      |                        [01;35m[K~~~~~~~~~^~~[m[K
[01m[K/home/hd/Desktop/motor_controls.ws/src/ethercat_device_configurator/message_logger/src/time/TimeStd.cpp:115:47:[m[K [01;35m[Kwarning: [m[Kunused parameter ‘[01m[Knsec[m[K’ [[01;35m[K-Wunused-parameter[m[K]
  115 | TimeStd& TimeStd::from(uint32_t sec, [01;35m[Kuint32_t nsec[m[K) {
      |                                      [01;35m[K~~~~~~~~~^~~~[m[K
[ 25%] [32m[1mLinking CXX static library libsoem_interface.a[0m
[ 25%] Built target soem_interface
[ 26%] [32mBuilding CXX object yaml-cpp/yaml-cpp/CMakeFiles/yaml-cpp.dir/src/memory.cpp.o[0m
[35m[1mScanning dependencies of target ethercat_sdk_master[0m
[ 27%] [32mBuilding CXX object ethercat_sdk_master/CMakeFiles/ethercat_sdk_master.dir/src/ethercat_sdk_master/EthercatMaster.cpp.o[0m
[ 28%] [32mBuilding CXX object yaml-cpp/yaml-cpp/CMakeFiles/yaml-cpp.dir/src/node.cpp.o[0m
[ 30%] [32mBuilding CXX object yaml-cpp/yaml-cpp/CMakeFiles/yaml-cpp.dir/src/node_data.cpp.o[0m
[ 31%] [32mBuilding CXX object yaml-cpp/yaml-cpp/CMakeFiles/yaml-cpp.dir/src/nodebuilder.cpp.o[0m
[ 32%] [32mBuilding CXX object yaml-cpp/yaml-cpp/CMakeFiles/yaml-cpp.dir/src/nodeevents.cpp.o[0m
[ 33%] [32mBuilding CXX object yaml-cpp/yaml-cpp/CMakeFiles/yaml-cpp.dir/src/null.cpp.o[0m
[ 34%] [32mBuilding CXX object ethercat_sdk_master/CMakeFiles/ethercat_sdk_master.dir/src/ethercat_sdk_master/EthercatDevice.cpp.o[0m
[ 36%] [32mBuilding CXX object yaml-cpp/yaml-cpp/CMakeFiles/yaml-cpp.dir/src/ostream_wrapper.cpp.o[0m
[ 37%] [32mBuilding CXX object yaml-cpp/yaml-cpp/CMakeFiles/yaml-cpp.dir/src/parse.cpp.o[0m
[ 38%] [32mBuilding CXX object yaml-cpp/yaml-cpp/CMakeFiles/yaml-cpp.dir/src/parser.cpp.o[0m
[ 39%] [32m[1mLinking CXX static library libethercat_sdk_master.a[0m
[ 39%] Built target ethercat_sdk_master
[35m[1mScanning dependencies of target message_logger[0m
[ 40%] [32mBuilding CXX object message_logger/CMakeFiles/message_logger.dir/src/time/Time.cpp.o[0m
[ 42%] [32mBuilding CXX object yaml-cpp/yaml-cpp/CMakeFiles/yaml-cpp.dir/src/regex_yaml.cpp.o[0m
[ 43%] [32mBuilding CXX object message_logger/CMakeFiles/message_logger.dir/src/time/TimeStd.cpp.o[0m
[ 44%] [32mBuilding CXX object yaml-cpp/yaml-cpp/CMakeFiles/yaml-cpp.dir/src/scanner.cpp.o[0m
[01m[K/home/hd/Desktop/motor_controls.ws/src/ethercat_device_configurator/message_logger/src/time/TimeStd.cpp:[m[K In member function ‘[01m[Kmessage_logger::time::TimeStd& message_logger::time::TimeStd::from(uint32_t, uint32_t)[m[K’:
[01m[K/home/hd/Desktop/motor_controls.ws/src/ethercat_device_configurator/message_logger/src/time/TimeStd.cpp:115:33:[m[K [01;35m[Kwarning: [m[Kunused parameter ‘[01m[Ksec[m[K’ [[01;35m[K-Wunused-parameter[m[K]
  115 | TimeStd& TimeStd::from([01;35m[Kuint32_t sec[m[K, uint32_t nsec) {
      |                        [01;35m[K~~~~~~~~~^~~[m[K
[01m[K/home/hd/Desktop/motor_controls.ws/src/ethercat_device_configurator/message_logger/src/time/TimeStd.cpp:115:47:[m[K [01;35m[Kwarning: [m[Kunused parameter ‘[01m[Knsec[m[K’ [[01;35m[K-Wunused-parameter[m[K]
  115 | TimeStd& TimeStd::from(uint32_t sec, [01;35m[Kuint32_t nsec[m[K) {
      |                                      [01;35m[K~~~~~~~~~^~~~[m[K
[ 45%] [32m[1mLinking CXX shared library libmessage_logger.so[0m
[ 45%] Built target message_logger
[ 46%] [32mBuilding CXX object yaml-cpp/yaml-cpp/CMakeFiles/yaml-cpp.dir/src/scanscalar.cpp.o[0m
[ 48%] [32mBuilding CXX object yaml-cpp/yaml-cpp/CMakeFiles/yaml-cpp.dir/src/scantag.cpp.o[0m
[ 49%] [32mBuilding CXX object yaml-cpp/yaml-cpp/CMakeFiles/yaml-cpp.dir/src/scantoken.cpp.o[0m
[35m[1mScanning dependencies of target soem[0m
[ 50%] [32mBuilding C object soem_interface/soem/CMakeFiles/soem.dir/include/soem/soem/ethercatbase.c.o[0m
[01m[Kcc1:[m[K [01;35m[Kwarning: [m[Kcommand line option ‘[01m[K-std=c++17[m[K’ is valid for C++/ObjC++ but not for C
In file included from [01m[K/home/hd/Desktop/motor_controls.ws/src/ethercat_device_configurator/soem_interface/soem/include/soem/oshw/oshw.h:54[m[K,
                 from [01m[K/home/hd/Desktop/motor_controls.ws/src/ethercat_device_configurator/soem_interface/soem/include/soem/soem/ethercatbase.c:55[m[K:
[01m[K/home/hd/Desktop/motor_controls.ws/src/ethercat_device_configurator/soem_interface/soem/include/soem/soem/ethercattype.h:532:5:[m[K [01;35m[Kwarning: [m[KISO C99 doesn’t support unnamed structs/unions [[01;35m[K-Wpedantic[m[K]
  532 |    }[01;35m[K;[m[K
      |     [01;35m[K^[m[K
[ 51%] [32mBuilding C object soem_interface/soem/CMakeFiles/soem.dir/include/soem/soem/ethercatcoe.c.o[0m
[01m[Kcc1:[m[K [01;35m[Kwarning: [m[Kcommand line option ‘[01m[K-std=c++17[m[K’ is valid for C++/ObjC++ but not for C
In file included from [01m[K/home/hd/Desktop/motor_controls.ws/src/ethercat_device_configurator/soem_interface/soem/include/soem/oshw/oshw.h:54[m[K,
                 from [01m[K/home/hd/Desktop/motor_controls.ws/src/ethercat_device_configurator/soem_interface/soem/include/soem/soem/ethercatcoe.c:52[m[K:
[01m[K/home/hd/Desktop/motor_controls.ws/src/ethercat_device_configurator/soem_interface/soem/include/soem/soem/ethercattype.h:532:5:[m[K [01;35m[Kwarning: [m[KISO C99 doesn’t support unnamed structs/unions [[01;35m[K-Wpedantic[m[K]
  532 |    }[01;35m[K;[m[K
      |     [01;35m[K^[m[K
[01m[K/home/hd/Desktop/motor_controls.ws/src/ethercat_device_configurator/soem_interface/soem/include/soem/soem/ethercatcoe.c:72:5:[m[K [01;35m[Kwarning: [m[KISO C99 doesn’t support unnamed structs/unions [[01;35m[K-Wpedantic[m[K]
   72 |    }[01;35m[K;[m[K
      |     [01;35m[K^[m[K
[01m[K/home/hd/Desktop/motor_controls.ws/src/ethercat_device_configurator/soem_interface/soem/include/soem/soem/ethercatcoe.c:90:5:[m[K [01;35m[Kwarning: [m[KISO C99 doesn’t support unnamed structs/unions [[01;35m[K-Wpedantic[m[K]
   90 |    }[01;35m[K;[m[K
      |     [01;35m[K^[m[K
[ 53%] [32mBuilding C object soem_interface/soem/CMakeFiles/soem.dir/include/soem/soem/ethercatconfig.c.o[0m
[01m[Kcc1:[m[K [01;35m[Kwarning: [m[Kcommand line option ‘[01m[K-std=c++17[m[K’ is valid for C++/ObjC++ but not for C
In file included from [01m[K/home/hd/Desktop/motor_controls.ws/src/ethercat_device_configurator/soem_interface/soem/include/soem/oshw/oshw.h:54[m[K,
                 from [01m[K/home/hd/Desktop/motor_controls.ws/src/ethercat_device_configurator/soem_interface/soem/include/soem/soem/ethercatconfig.c:53[m[K:
[01m[K/home/hd/Desktop/motor_controls.ws/src/ethercat_device_configurator/soem_interface/soem/include/soem/soem/ethercattype.h:532:5:[m[K [01;35m[Kwarning: [m[KISO C99 doesn’t support unnamed structs/unions [[01;35m[K-Wpedantic[m[K]
  532 |    }[01;35m[K;[m[K
      |     [01;35m[K^[m[K
In file included from [01m[K/home/hd/Desktop/motor_controls.ws/src/ethercat_device_configurator/soem_interface/soem/include/soem/soem/ethercatconfig.c:58[m[K:
[01m[K/home/hd/Desktop/motor_controls.ws/src/ethercat_device_configurator/soem_interface/soem/include/soem/soem/ethercatsoe.h:96:5:[m[K [01;35m[Kwarning: [m[KISO C99 doesn’t support unnamed structs/unions [[01;35m[K-Wpedantic[m[K]
   96 |    }[01;35m[K;[m[K
      |     [01;35m[K^[m[K
[01m[K/home/hd/Desktop/motor_controls.ws/src/ethercat_device_configurator/soem_interface/soem/include/soem/soem/ethercatconfig.c:[m[K In function ‘[01m[Kecx_config_from_table[m[K’:
[01m[K/home/hd/Desktop/motor_controls.ws/src/ethercat_device_configurator/soem_interface/soem/include/soem/soem/ethercatconfig.c:290:48:[m[K [01;35m[Kwarning: [m[Kunused parameter ‘[01m[Kcontext[m[K’ [[01;35m[K-Wunused-parameter[m[K]
  290 | static int ecx_config_from_table([01;35m[Kecx_contextt *context[m[K, uint16 slave)
      |                                  [01;35m[K~~~~~~~~~~~~~~^~~~~~~[m[K
[01m[K/home/hd/Desktop/motor_controls.ws/src/ethercat_device_configurator/soem_interface/soem/include/soem/soem/ethercatconfig.c:290:64:[m[K [01;35m[Kwarning: [m[Kunused parameter ‘[01m[Kslave[m[K’ [[01;35m[K-Wunused-parameter[m[K]
  290 | static int ecx_config_from_table(ecx_contextt *context, [01;35m[Kuint16 slave[m[K)
      |                                                         [01;35m[K~~~~~~~^~~~~[m[K
[01m[K/home/hd/Desktop/motor_controls.ws/src/ethercat_device_configurator/soem_interface/soem/include/soem/soem/ethercatconfig.c:[m[K In function ‘[01m[Kecx_config_map_group[m[K’:
[01m[K/home/hd/Desktop/motor_controls.ws/src/ethercat_device_configurator/soem_interface/soem/include/soem/soem/ethercatconfig.c:918:19:[m[K [01;35m[Kwarning: [m[KISO C forbids passing argument 3 of ‘[01m[Kosal_thread_create[m[K’ between function pointer and ‘[01m[Kvoid *[m[K’ [[01;35m[K-Wpedantic[m[K]
  918 |                   [01;35m[K&ecx_mapper_thread[m[K, &(ecx_mapt[thrn]));
      |                   [01;35m[K^~~~~~~~~~~~~~~~~~[m[K
In file included from [01m[K/home/hd/Desktop/motor_controls.ws/src/ethercat_device_configurator/soem_interface/soem/include/soem/soem/ethercatconfig.c:52[m[K:
[01m[K/home/hd/Desktop/motor_controls.ws/src/ethercat_device_configurator/soem_interface/soem/include/soem/osal/osal.h:63:60:[m[K [01;36m[Knote: [m[Kexpected ‘[01m[Kvoid *[m[K’ but argument is of type ‘[01m[Kvoid (*)(void *)[m[K’
   63 | int osal_thread_create(void *thandle, int stacksize, [01;36m[Kvoid *func[m[K, void *param);
      |                                                      [01;36m[K~~~~~~^~~~[m[K
[ 54%] [32mBuilding C object soem_interface/soem/CMakeFiles/soem.dir/include/soem/soem/ethercatdc.c.o[0m
[01m[Kcc1:[m[K [01;35m[Kwarning: [m[Kcommand line option ‘[01m[K-std=c++17[m[K’ is valid for C++/ObjC++ but not for C
In file included from [01m[K/home/hd/Desktop/motor_controls.ws/src/ethercat_device_configurator/soem_interface/soem/include/soem/oshw/oshw.h:54[m[K,
                 from [01m[K/home/hd/Desktop/motor_controls.ws/src/ethercat_device_configurator/soem_interface/soem/include/soem/soem/ethercatdc.c:47[m[K:
[01m[K/home/hd/Desktop/motor_controls.ws/src/ethercat_device_configurator/soem_interface/soem/include/soem/soem/ethercattype.h:532:5:[m[K [01;35m[Kwarning: [m[KISO C99 doesn’t support unnamed structs/unions [[01;35m[K-Wpedantic[m[K]
  532 |    }[01;35m[K;[m[K
      |     [01;35m[K^[m[K
[ 55%] [32mBuilding C object soem_interface/soem/CMakeFiles/soem.dir/include/soem/soem/ethercatfoe.c.o[0m
[01m[Kcc1:[m[K [01;35m[Kwarning: [m[Kcommand line option ‘[01m[K-std=c++17[m[K’ is valid for C++/ObjC++ but not for C
In file included from [01m[K/home/hd/Desktop/motor_controls.ws/src/ethercat_device_configurator/soem_interface/soem/include/soem/oshw/oshw.h:54[m[K,
                 from [01m[K/home/hd/Desktop/motor_controls.ws/src/ethercat_device_configurator/soem_interface/soem/include/soem/soem/ethercatfoe.c:54[m[K:
[01m[K/home/hd/Desktop/motor_controls.ws/src/ethercat_device_configurator/soem_interface/soem/include/soem/soem/ethercattype.h:532:5:[m[K [01;35m[Kwarning: [m[KISO C99 doesn’t support unnamed structs/unions [[01;35m[K-Wpedantic[m[K]
  532 |    }[01;35m[K;[m[K
      |     [01;35m[K^[m[K
[01m[K/home/hd/Desktop/motor_controls.ws/src/ethercat_device_configurator/soem_interface/soem/include/soem/soem/ethercatfoe.c:76:5:[m[K [01;35m[Kwarning: [m[KISO C99 doesn’t support unnamed structs/unions [[01;35m[K-Wpedantic[m[K]
   76 |    }[01;35m[K;[m[K
      |     [01;35m[K^[m[K
[01m[K/home/hd/Desktop/motor_controls.ws/src/ethercat_device_configurator/soem_interface/soem/include/soem/soem/ethercatfoe.c:82:5:[m[K [01;35m[Kwarning: [m[KISO C99 doesn’t support unnamed structs/unions [[01;35m[K-Wpedantic[m[K]
   82 |    }[01;35m[K;[m[K
      |     [01;35m[K^[m[K
[01m[K/home/hd/Desktop/motor_controls.ws/src/ethercat_device_configurator/soem_interface/soem/include/soem/soem/ethercatfoe.c:[m[K In function ‘[01m[Kecx_FOEdefinehook[m[K’:
[01m[K/home/hd/Desktop/motor_controls.ws/src/ethercat_device_configurator/soem_interface/soem/include/soem/soem/ethercatfoe.c:94:20:[m[K [01;35m[Kwarning: [m[KISO C forbids assignment between function pointer and ‘[01m[Kvoid *[m[K’ [[01;35m[K-Wpedantic[m[K]
   94 |   context->FOEhook [01;35m[K=[m[K hook;
      |                    [01;35m[K^[m[K
[ 56%] [32mBuilding C object soem_interface/soem/CMakeFiles/soem.dir/include/soem/soem/ethercatmain.c.o[0m
[01m[Kcc1:[m[K [01;35m[Kwarning: [m[Kcommand line option ‘[01m[K-std=c++17[m[K’ is valid for C++/ObjC++ but not for C
In file included from [01m[K/home/hd/Desktop/motor_controls.ws/src/ethercat_device_configurator/soem_interface/soem/include/soem/oshw/oshw.h:54[m[K,
                 from [01m[K/home/hd/Desktop/motor_controls.ws/src/ethercat_device_configurator/soem_interface/soem/include/soem/soem/ethercatmain.c:57[m[K:
[01m[K/home/hd/Desktop/motor_controls.ws/src/ethercat_device_configurator/soem_interface/soem/include/soem/soem/ethercattype.h:532:5:[m[K [01;35m[Kwarning: [m[KISO C99 doesn’t support unnamed structs/unions [[01;35m[K-Wpedantic[m[K]
  532 |    }[01;35m[K;[m[K
      |     [01;35m[K^[m[K
[01m[K/home/hd/Desktop/motor_controls.ws/src/ethercat_device_configurator/soem_interface/soem/include/soem/soem/ethercatmain.c:360:2:[m[K [01;35m[Kwarning: [m[KISO C does not allow extra ‘[01m[K;[m[K’ outside of a function [[01;35m[K-Wpedantic[m[K]
  360 | }[01;35m[K;[m[K
      |  [01;35m[K^[m[K
[ 57%] [32mBuilding C object soem_interface/soem/CMakeFiles/soem.dir/include/soem/soem/ethercatprint.c.o[0m
[01m[Kcc1:[m[K [01;35m[Kwarning: [m[Kcommand line option ‘[01m[K-std=c++17[m[K’ is valid for C++/ObjC++ but not for C
In file included from [01m[K/home/hd/Desktop/motor_controls.ws/src/ethercat_device_configurator/soem_interface/soem/include/soem/oshw/oshw.h:54[m[K,
                 from [01m[K/home/hd/Desktop/motor_controls.ws/src/ethercat_device_configurator/soem_interface/soem/include/soem/soem/ethercatprint.c:52[m[K:
[01m[K/home/hd/Desktop/motor_controls.ws/src/ethercat_device_configurator/soem_interface/soem/include/soem/soem/ethercattype.h:532:5:[m[K [01;35m[Kwarning: [m[KISO C99 doesn’t support unnamed structs/unions [[01;35m[K-Wpedantic[m[K]
  532 |    }[01;35m[K;[m[K
      |     [01;35m[K^[m[K
[ 59%] [32mBuilding C object soem_interface/soem/CMakeFiles/soem.dir/include/soem/soem/ethercatsoe.c.o[0m
[01m[Kcc1:[m[K [01;35m[Kwarning: [m[Kcommand line option ‘[01m[K-std=c++17[m[K’ is valid for C++/ObjC++ but not for C
In file included from [01m[K/home/hd/Desktop/motor_controls.ws/src/ethercat_device_configurator/soem_interface/soem/include/soem/oshw/oshw.h:54[m[K,
                 from [01m[K/home/hd/Desktop/motor_controls.ws/src/ethercat_device_configurator/soem_interface/soem/include/soem/soem/ethercatsoe.c:50[m[K:
[01m[K/home/hd/Desktop/motor_controls.ws/src/ethercat_device_configurator/soem_interface/soem/include/soem/soem/ethercattype.h:532:5:[m[K [01;35m[Kwarning: [m[KISO C99 doesn’t support unnamed structs/unions [[01;35m[K-Wpedantic[m[K]
  532 |    }[01;35m[K;[m[K
      |     [01;35m[K^[m[K
In file included from [01m[K/home/hd/Desktop/motor_controls.ws/src/ethercat_device_configurator/soem_interface/soem/include/soem/soem/ethercatsoe.c:54[m[K:
[01m[K/home/hd/Desktop/motor_controls.ws/src/ethercat_device_configurator/soem_interface/soem/include/soem/soem/ethercatsoe.h:96:5:[m[K [01;35m[Kwarning: [m[KISO C99 doesn’t support unnamed structs/unions [[01;35m[K-Wpedantic[m[K]
   96 |    }[01;35m[K;[m[K
      |     [01;35m[K^[m[K
[01m[K/home/hd/Desktop/motor_controls.ws/src/ethercat_device_configurator/soem_interface/soem/include/soem/soem/ethercatsoe.c:72:5:[m[K [01;35m[Kwarning: [m[KISO C99 doesn’t support unnamed structs/unions [[01;35m[K-Wpedantic[m[K]
   72 |    }[01;35m[K;[m[K
      |     [01;35m[K^[m[K
[ 60%] [32mBuilding C object soem_interface/soem/CMakeFiles/soem.dir/include_linux/soem/osal/osal.c.o[0m
[01m[Kcc1:[m[K [01;35m[Kwarning: [m[Kcommand line option ‘[01m[K-std=c++17[m[K’ is valid for C++/ObjC++ but not for C
[01m[K/home/hd/Desktop/motor_controls.ws/src/ethercat_device_configurator/soem_interface/soem/include_linux/soem/osal/osal.c:[m[K In function ‘[01m[Kosal_gettimeofday[m[K’:
[01m[K/home/hd/Desktop/motor_controls.ws/src/ethercat_device_configurator/soem_interface/soem/include_linux/soem/osal/osal.c:69:54:[m[K [01;35m[Kwarning: [m[Kright-hand operand of comma expression has no effect [[01;35m[K-Wunused-value[m[K]
   69 |    return_value = clock_gettime(CLOCK_MONOTONIC, &ts)[01;35m[K,[m[K 0;
      |                                                      [01;35m[K^[m[K
[01m[K/home/hd/Desktop/motor_controls.ws/src/ethercat_device_configurator/soem_interface/soem/include_linux/soem/osal/osal.c:60:60:[m[K [01;35m[Kwarning: [m[Kunused parameter ‘[01m[Ktz[m[K’ [[01;35m[K-Wunused-parameter[m[K]
   60 | int osal_gettimeofday(struct timeval *tv, [01;35m[Kstruct timezone *tz[m[K)
      |                                           [01;35m[K~~~~~~~~~~~~~~~~~^~[m[K
[01m[K/home/hd/Desktop/motor_controls.ws/src/ethercat_device_configurator/soem_interface/soem/include_linux/soem/osal/osal.c:[m[K In function ‘[01m[Kosal_time_diff[m[K’:
[01m[K/home/hd/Desktop/motor_controls.ws/src/ethercat_device_configurator/soem_interface/soem/include_linux/soem/osal/osal.c:90:19:[m[K [01;35m[Kwarning: [m[Kcomparison of unsigned expression < 0 is always false [[01;35m[K-Wtype-limits[m[K]
   90 |    if (diff->usec [01;35m[K<[m[K 0) {
      |                   [01;35m[K^[m[K
[01m[K/home/hd/Desktop/motor_controls.ws/src/ethercat_device_configurator/soem_interface/soem/include_linux/soem/osal/osal.c:[m[K In function ‘[01m[Kosal_thread_create[m[K’:
[01m[K/home/hd/Desktop/motor_controls.ws/src/ethercat_device_configurator/soem_interface/soem/include_linux/soem/osal/osal.c:144:41:[m[K [01;35m[Kwarning: [m[KISO C forbids passing argument 3 of ‘[01m[Kpthread_create[m[K’ between function pointer and ‘[01m[Kvoid *[m[K’ [[01;35m[K-Wpedantic[m[K]
  144 |    ret = pthread_create(threadp, &attr, [01;35m[Kfunc[m[K, param);
      |                                         [01;35m[K^~~~[m[K
In file included from [01m[K/home/hd/Desktop/motor_controls.ws/src/ethercat_device_configurator/soem_interface/soem/include/soem/osal/osal_defs.h:56[m[K,
                 from [01m[K/home/hd/Desktop/motor_controls.ws/src/ethercat_device_configurator/soem_interface/soem/include/soem/osal/osal.h:29[m[K,
                 from [01m[K/home/hd/Desktop/motor_controls.ws/src/ethercat_device_configurator/soem_interface/soem/include_linux/soem/osal/osal.c:47[m[K:
[01m[K/usr/include/pthread.h:200:15:[m[K [01;36m[Knote: [m[Kexpected ‘[01m[Kvoid * (*)(void *)[m[K’ but argument is of type ‘[01m[Kvoid *[m[K’
  200 |       [01;36m[Kvoid *(*__start_routine) (void *)[m[K,
      |       [01;36m[K~~~~~~~~^~~~~~~~~~~~~~~~~~~~~~~~~[m[K
[01m[K/home/hd/Desktop/motor_controls.ws/src/ethercat_device_configurator/soem_interface/soem/include_linux/soem/osal/osal.c:[m[K In function ‘[01m[Kosal_thread_create_rt[m[K’:
[01m[K/home/hd/Desktop/motor_controls.ws/src/ethercat_device_configurator/soem_interface/soem/include_linux/soem/osal/osal.c:162:41:[m[K [01;35m[Kwarning: [m[KISO C forbids passing argument 3 of ‘[01m[Kpthread_create[m[K’ between function pointer and ‘[01m[Kvoid *[m[K’ [[01;35m[K-Wpedantic[m[K]
  162 |    ret = pthread_create(threadp, &attr, [01;35m[Kfunc[m[K, param);
      |                                         [01;35m[K^~~~[m[K
In file included from [01m[K/home/hd/Desktop/motor_controls.ws/src/ethercat_device_configurator/soem_interface/soem/include/soem/osal/osal_defs.h:56[m[K,
                 from [01m[K/home/hd/Desktop/motor_controls.ws/src/ethercat_device_configurator/soem_interface/soem/include/soem/osal/osal.h:29[m[K,
                 from [01m[K/home/hd/Desktop/motor_controls.ws/src/ethercat_device_configurator/soem_interface/soem/include_linux/soem/osal/osal.c:47[m[K:
[01m[K/usr/include/pthread.h:200:15:[m[K [01;36m[Knote: [m[Kexpected ‘[01m[Kvoid * (*)(void *)[m[K’ but argument is of type ‘[01m[Kvoid *[m[K’
  200 |       [01;36m[Kvoid *(*__start_routine) (void *)[m[K,
      |       [01;36m[K~~~~~~~~^~~~~~~~~~~~~~~~~~~~~~~~~[m[K
[ 61%] [32mBuilding CXX object yaml-cpp/yaml-cpp/CMakeFiles/yaml-cpp.dir/src/simplekey.cpp.o[0m
[ 62%] [32mBuilding C object soem_interface/soem/CMakeFiles/soem.dir/include_linux/soem/oshw/nicdrv.c.o[0m
[01m[Kcc1:[m[K [01;35m[Kwarning: [m[Kcommand line option ‘[01m[K-std=c++17[m[K’ is valid for C++/ObjC++ but not for C
In file included from [01m[K/home/hd/Desktop/motor_controls.ws/src/ethercat_device_configurator/soem_interface/soem/include/soem/oshw/oshw.h:54[m[K,
                 from [01m[K/home/hd/Desktop/motor_controls.ws/src/ethercat_device_configurator/soem_interface/soem/include_linux/soem/oshw/nicdrv.c:83[m[K:
[01m[K/home/hd/Desktop/motor_controls.ws/src/ethercat_device_configurator/soem_interface/soem/include/soem/soem/ethercattype.h:532:5:[m[K [01;35m[Kwarning: [m[KISO C99 doesn’t support unnamed structs/unions [[01;35m[K-Wpedantic[m[K]
  532 |    }[01;35m[K;[m[K
      |     [01;35m[K^[m[K
[ 63%] [32mBuilding C object soem_interface/soem/CMakeFiles/soem.dir/include_linux/soem/oshw/oshw.c.o[0m
[01m[Kcc1:[m[K [01;35m[Kwarning: [m[Kcommand line option ‘[01m[K-std=c++17[m[K’ is valid for C++/ObjC++ but not for C
In file included from [01m[K/home/hd/Desktop/motor_controls.ws/src/ethercat_device_configurator/soem_interface/soem/include/soem/oshw/oshw.h:54[m[K,
                 from [01m[K/home/hd/Desktop/motor_controls.ws/src/ethercat_device_configurator/soem_interface/soem/include_linux/soem/oshw/oshw.c:49[m[K:
[01m[K/home/hd/Desktop/motor_controls.ws/src/ethercat_device_configurator/soem_interface/soem/include/soem/soem/ethercattype.h:532:5:[m[K [01;35m[Kwarning: [m[KISO C99 doesn’t support unnamed structs/unions [[01;35m[K-Wpedantic[m[K]
  532 |    }[01;35m[K;[m[K
      |     [01;35m[K^[m[K
[ 65%] [32m[1mLinking C static library libsoem.a[0m
[ 65%] Built target soem
[ 66%] [32mBuilding CXX object yaml-cpp/yaml-cpp/CMakeFiles/yaml-cpp.dir/src/singledocparser.cpp.o[0m
[ 67%] [32mBuilding CXX object yaml-cpp/yaml-cpp/CMakeFiles/yaml-cpp.dir/src/stream.cpp.o[0m
[ 68%] [32mBuilding CXX object yaml-cpp/yaml-cpp/CMakeFiles/yaml-cpp.dir/src/tag.cpp.o[0m
[ 69%] [32m[1mLinking CXX static library libyaml-cpp.a[0m
[ 69%] Built target yaml-cpp
[35m[1mScanning dependencies of target yaml-cpp-read[0m
[35m[1mScanning dependencies of target maxon_epos_ethercat_sdk[0m
[ 71%] [32mBuilding CXX object yaml-cpp/yaml-cpp/util/CMakeFiles/yaml-cpp-read.dir/read.cpp.o[0m
[ 72%] [32mBuilding CXX object maxon_epos_ethercat_sdk/CMakeFiles/maxon_epos_ethercat_sdk.dir/src/maxon_epos_ethercat_sdk/Command.cpp.o[0m
[01m[K/home/hd/Desktop/motor_controls.ws/src/ethercat_device_configurator/yaml-cpp/yaml-cpp/util/read.cpp:[m[K In member function ‘[01m[Kvirtual void NullEventHandler::OnSequenceStart(const Mark&, const string&, NullEventHandler::anchor_t, YAML::EmitterStyle::value)[m[K’:
[01m[K/home/hd/Desktop/motor_controls.ws/src/ethercat_device_configurator/yaml-cpp/yaml-cpp/util/read.cpp:23:50:[m[K [01;35m[Kwarning: [m[Kunused parameter ‘[01m[Kstyle[m[K’ [[01;35m[K-Wunused-parameter[m[K]
   23 |                        [01;35m[KYAML::EmitterStyle::value style[m[K) override {}
      |                        [01;35m[K~~~~~~~~~~~~~~~~~~~~~~~~~~^~~~~[m[K
[01m[K/home/hd/Desktop/motor_controls.ws/src/ethercat_device_configurator/yaml-cpp/yaml-cpp/util/read.cpp:[m[K In member function ‘[01m[Kvirtual void NullEventHandler::OnMapStart(const Mark&, const string&, NullEventHandler::anchor_t, YAML::EmitterStyle::value)[m[K’:
[01m[K/home/hd/Desktop/motor_controls.ws/src/ethercat_device_configurator/yaml-cpp/yaml-cpp/util/read.cpp:26:45:[m[K [01;35m[Kwarning: [m[Kunused parameter ‘[01m[Kstyle[m[K’ [[01;35m[K-Wunused-parameter[m[K]
   26 |                   [01;35m[KYAML::EmitterStyle::value style[m[K) override {}
      |                   [01;35m[K~~~~~~~~~~~~~~~~~~~~~~~~~~^~~~~[m[K
[ 73%] [32m[1mLinking CXX executable read[0m
[ 74%] [32mBuilding CXX object maxon_epos_ethercat_sdk/CMakeFiles/maxon_epos_ethercat_sdk.dir/src/maxon_epos_ethercat_sdk/Configuration.cpp.o[0m
[ 74%] Built target yaml-cpp-read
[35m[1mScanning dependencies of target yaml-cpp-parse[0m
[ 75%] [32mBuilding CXX object yaml-cpp/yaml-cpp/util/CMakeFiles/yaml-cpp-parse.dir/parse.cpp.o[0m
[ 77%] [32m[1mLinking CXX executable parse[0m
[ 78%] [32mBuilding CXX object maxon_epos_ethercat_sdk/CMakeFiles/maxon_epos_ethercat_sdk.dir/src/maxon_epos_ethercat_sdk/ConfigurationParser.cpp.o[0m
[ 78%] Built target yaml-cpp-parse
[35m[1mScanning dependencies of target yaml-cpp-sandbox[0m
[ 79%] [32mBuilding CXX object yaml-cpp/yaml-cpp/util/CMakeFiles/yaml-cpp-sandbox.dir/sandbox.cpp.o[0m
[01m[K/home/hd/Desktop/motor_controls.ws/src/ethercat_device_configurator/yaml-cpp/yaml-cpp/util/sandbox.cpp:[m[K In member function ‘[01m[Kvirtual void NullEventHandler::OnSequenceStart(const Mark&, const string&, NullEventHandler::anchor_t, YAML::EmitterStyle::value)[m[K’:
[01m[K/home/hd/Desktop/motor_controls.ws/src/ethercat_device_configurator/yaml-cpp/yaml-cpp/util/sandbox.cpp:21:50:[m[K [01;35m[Kwarning: [m[Kunused parameter ‘[01m[Kstyle[m[K’ [[01;35m[K-Wunused-parameter[m[K]
   21 |                        [01;35m[KYAML::EmitterStyle::value style[m[K) override {}
      |                        [01;35m[K~~~~~~~~~~~~~~~~~~~~~~~~~~^~~~~[m[K
[01m[K/home/hd/Desktop/motor_controls.ws/src/ethercat_device_configurator/yaml-cpp/yaml-cpp/util/sandbox.cpp:[m[K In member function ‘[01m[Kvirtual void NullEventHandler::OnMapStart(const Mark&, const string&, NullEventHandler::anchor_t, YAML::EmitterStyle::value)[m[K’:
[01m[K/home/hd/Desktop/motor_controls.ws/src/ethercat_device_configurator/yaml-cpp/yaml-cpp/util/sandbox.cpp:24:45:[m[K [01;35m[Kwarning: [m[Kunused parameter ‘[01m[Kstyle[m[K’ [[01;35m[K-Wunused-parameter[m[K]
   24 |                   [01;35m[KYAML::EmitterStyle::value style[m[K) override {}
      |                   [01;35m[K~~~~~~~~~~~~~~~~~~~~~~~~~~^~~~~[m[K
[ 80%] [32m[1mLinking CXX executable sandbox[0m
[ 80%] Built target yaml-cpp-sandbox
[ 81%] [32mBuilding CXX object maxon_epos_ethercat_sdk/CMakeFiles/maxon_epos_ethercat_sdk.dir/src/maxon_epos_ethercat_sdk/ConfigureParameters.cpp.o[0m
[ 83%] [32mBuilding CXX object maxon_epos_ethercat_sdk/CMakeFiles/maxon_epos_ethercat_sdk.dir/src/maxon_epos_ethercat_sdk/Controlword.cpp.o[0m
[ 84%] [32mBuilding CXX object maxon_epos_ethercat_sdk/CMakeFiles/maxon_epos_ethercat_sdk.dir/src/maxon_epos_ethercat_sdk/Diagnostics.cpp.o[0m
[ 85%] [32mBuilding CXX object maxon_epos_ethercat_sdk/CMakeFiles/maxon_epos_ethercat_sdk.dir/src/maxon_epos_ethercat_sdk/DriveState.cpp.o[0m
[ 86%] [32mBuilding CXX object maxon_epos_ethercat_sdk/CMakeFiles/maxon_epos_ethercat_sdk.dir/src/maxon_epos_ethercat_sdk/Maxon.cpp.o[0m
[ 87%] [32mBuilding CXX object maxon_epos_ethercat_sdk/CMakeFiles/maxon_epos_ethercat_sdk.dir/src/maxon_epos_ethercat_sdk/ModeOfOperationEnum.cpp.o[0m
[ 89%] [32mBuilding CXX object maxon_epos_ethercat_sdk/CMakeFiles/maxon_epos_ethercat_sdk.dir/src/maxon_epos_ethercat_sdk/PdoTypeEnum.cpp.o[0m
[ 90%] [32mBuilding CXX object maxon_epos_ethercat_sdk/CMakeFiles/maxon_epos_ethercat_sdk.dir/src/maxon_epos_ethercat_sdk/Reading.cpp.o[0m
[ 91%] [32mBuilding CXX object maxon_epos_ethercat_sdk/CMakeFiles/maxon_epos_ethercat_sdk.dir/src/maxon_epos_ethercat_sdk/Statusword.cpp.o[0m
[ 92%] [32m[1mLinking CXX static library libmaxon_epos_ethercat_sdk.a[0m
[ 92%] Built target maxon_epos_ethercat_sdk
[35m[1mScanning dependencies of target standalone[0m
[ 93%] [32mBuilding CXX object CMakeFiles/standalone.dir/src/standalone.cpp.o[0m
[01m[K/home/hd/Desktop/motor_controls.ws/src/ethercat_device_configurator/src/standalone.cpp:[m[K In function ‘[01m[Kvoid signal_handler(int)[m[K’:
[01m[K/home/hd/Desktop/motor_controls.ws/src/ethercat_device_configurator/src/standalone.cpp:156:25:[m[K [01;35m[Kwarning: [m[Kunused parameter ‘[01m[Ksig[m[K’ [[01;35m[K-Wunused-parameter[m[K]
  156 | void signal_handler([01;35m[Kint sig[m[K)
      |                     [01;35m[K~~~~^~~[m[K
[ 95%] [32mBuilding CXX object CMakeFiles/standalone.dir/src/EthercatDeviceConfigurator.cpp.o[0m
[ 96%] [32mBuilding C object CMakeFiles/standalone.dir/include/ethercat_device_configurator/soem/soem/ethercatconfig.c.o[0m
[01m[Kcc1:[m[K [01;35m[Kwarning: [m[Kcommand line option ‘[01m[K-std=c++17[m[K’ is valid for C++/ObjC++ but not for C
In file included from [01m[K/home/hd/Desktop/motor_controls.ws/src/ethercat_device_configurator/include/ethercat_device_configurator/soem/oshw/oshw.h:54[m[K,
                 from [01m[K/home/hd/Desktop/motor_controls.ws/src/ethercat_device_configurator/include/ethercat_device_configurator/soem/soem/ethercatconfig.c:53[m[K:
[01m[K/home/hd/Desktop/motor_controls.ws/src/ethercat_device_configurator/include/ethercat_device_configurator/soem/soem/ethercattype.h:532:5:[m[K [01;35m[Kwarning: [m[KISO C99 doesn’t support unnamed structs/unions [[01;35m[K-Wpedantic[m[K]
  532 |    }[01;35m[K;[m[K
      |     [01;35m[K^[m[K
In file included from [01m[K/home/hd/Desktop/motor_controls.ws/src/ethercat_device_configurator/include/ethercat_device_configurator/soem/soem/ethercatconfig.c:58[m[K:
[01m[K/home/hd/Desktop/motor_controls.ws/src/ethercat_device_configurator/include/ethercat_device_configurator/soem/soem/ethercatsoe.h:96:5:[m[K [01;35m[Kwarning: [m[KISO C99 doesn’t support unnamed structs/unions [[01;35m[K-Wpedantic[m[K]
   96 |    }[01;35m[K;[m[K
      |     [01;35m[K^[m[K
[01m[K/home/hd/Desktop/motor_controls.ws/src/ethercat_device_configurator/include/ethercat_device_configurator/soem/soem/ethercatconfig.c:[m[K In function ‘[01m[Kecx_config_from_table[m[K’:
[01m[K/home/hd/Desktop/motor_controls.ws/src/ethercat_device_configurator/include/ethercat_device_configurator/soem/soem/ethercatconfig.c:290:48:[m[K [01;35m[Kwarning: [m[Kunused parameter ‘[01m[Kcontext[m[K’ [[01;35m[K-Wunused-parameter[m[K]
  290 | static int ecx_config_from_table([01;35m[Kecx_contextt *context[m[K, uint16 slave)
      |                                  [01;35m[K~~~~~~~~~~~~~~^~~~~~~[m[K
[01m[K/home/hd/Desktop/motor_controls.ws/src/ethercat_device_configurator/include/ethercat_device_configurator/soem/soem/ethercatconfig.c:290:64:[m[K [01;35m[Kwarning: [m[Kunused parameter ‘[01m[Kslave[m[K’ [[01;35m[K-Wunused-parameter[m[K]
  290 | static int ecx_config_from_table(ecx_contextt *context, [01;35m[Kuint16 slave[m[K)
      |                                                         [01;35m[K~~~~~~~^~~~~[m[K
[01m[K/home/hd/Desktop/motor_controls.ws/src/ethercat_device_configurator/include/ethercat_device_configurator/soem/soem/ethercatconfig.c:[m[K In function ‘[01m[Kecx_config_map_group[m[K’:
[01m[K/home/hd/Desktop/motor_controls.ws/src/ethercat_device_configurator/include/ethercat_device_configurator/soem/soem/ethercatconfig.c:918:19:[m[K [01;35m[Kwarning: [m[KISO C forbids passing argument 3 of ‘[01m[Kosal_thread_create[m[K’ between function pointer and ‘[01m[Kvoid *[m[K’ [[01;35m[K-Wpedantic[m[K]
  918 |                   [01;35m[K&ecx_mapper_thread[m[K, &(ecx_mapt[thrn]));
      |                   [01;35m[K^~~~~~~~~~~~~~~~~~[m[K
In file included from [01m[K/home/hd/Desktop/motor_controls.ws/src/ethercat_device_configurator/include/ethercat_device_configurator/soem/soem/ethercatconfig.c:52[m[K:
[01m[K/home/hd/Desktop/motor_controls.ws/src/ethercat_device_configurator/include/ethercat_device_configurator/soem/osal/osal.h:63:60:[m[K [01;36m[Knote: [m[Kexpected ‘[01m[Kvoid *[m[K’ but argument is of type ‘[01m[Kvoid (*)(void *)[m[K’
   63 | int osal_thread_create(void *thandle, int stacksize, [01;36m[Kvoid *func[m[K, void *param);
      |                                                      [01;36m[K~~~~~~^~~~[m[K
[ 97%] [32mBuilding C object CMakeFiles/standalone.dir/include/ethercat_device_configurator/soem/soem/ethercatprint.c.o[0m
[01m[Kcc1:[m[K [01;35m[Kwarning: [m[Kcommand line option ‘[01m[K-std=c++17[m[K’ is valid for C++/ObjC++ but not for C
In file included from [01m[K/home/hd/Desktop/motor_controls.ws/src/ethercat_device_configurator/include/ethercat_device_configurator/soem/oshw/oshw.h:54[m[K,
                 from [01m[K/home/hd/Desktop/motor_controls.ws/src/ethercat_device_configurator/include/ethercat_device_configurator/soem/soem/ethercatprint.c:52[m[K:
[01m[K/home/hd/Desktop/motor_controls.ws/src/ethercat_device_configurator/include/ethercat_device_configurator/soem/soem/ethercattype.h:532:5:[m[K [01;35m[Kwarning: [m[KISO C99 doesn’t support unnamed structs/unions [[01;35m[K-Wpedantic[m[K]
  532 |    }[01;35m[K;[m[K
      |     [01;35m[K^[m[K
[ 98%] [32mBuilding C object CMakeFiles/standalone.dir/include/ethercat_device_configurator/soem/soem/ethercatdc.c.o[0m
[01m[Kcc1:[m[K [01;35m[Kwarning: [m[Kcommand line option ‘[01m[K-std=c++17[m[K’ is valid for C++/ObjC++ but not for C
In file included from [01m[K/home/hd/Desktop/motor_controls.ws/src/ethercat_device_configurator/include/ethercat_device_configurator/soem/oshw/oshw.h:54[m[K,
                 from [01m[K/home/hd/Desktop/motor_controls.ws/src/ethercat_device_configurator/include/ethercat_device_configurator/soem/soem/ethercatdc.c:47[m[K:
[01m[K/home/hd/Desktop/motor_controls.ws/src/ethercat_device_configurator/include/ethercat_device_configurator/soem/soem/ethercattype.h:532:5:[m[K [01;35m[Kwarning: [m[KISO C99 doesn’t support unnamed structs/unions [[01;35m[K-Wpedantic[m[K]
  532 |    }[01;35m[K;[m[K
      |     [01;35m[K^[m[K
[100%] [32m[1mLinking CXX executable standalone[0m
[100%] Built target standalone
-- Install configuration: ""
-- Installing: /home/hd/Desktop/motor_controls.ws/install/ethercat_device_configurator/lib/ethercat_device_configurator/standalone
-- Set runtime path of "/home/hd/Desktop/motor_controls.ws/install/ethercat_device_configurator/lib/ethercat_device_configurator/standalone" to ""
-- Installing: /home/hd/Desktop/motor_controls.ws/install/ethercat_device_configurator/share/ament_index/resource_index/package_run_dependencies/ethercat_device_configurator
-- Installing: /home/hd/Desktop/motor_controls.ws/install/ethercat_device_configurator/share/ament_index/resource_index/parent_prefix_path/ethercat_device_configurator
-- Installing: /home/hd/Desktop/motor_controls.ws/install/ethercat_device_configurator/share/ethercat_device_configurator/environment/ament_prefix_path.sh
-- Installing: /home/hd/Desktop/motor_controls.ws/install/ethercat_device_configurator/share/ethercat_device_configurator/environment/ament_prefix_path.dsv
-- Installing: /home/hd/Desktop/motor_controls.ws/install/ethercat_device_configurator/share/ethercat_device_configurator/environment/path.sh
-- Installing: /home/hd/Desktop/motor_controls.ws/install/ethercat_device_configurator/share/ethercat_device_configurator/environment/path.dsv
-- Installing: /home/hd/Desktop/motor_controls.ws/install/ethercat_device_configurator/share/ethercat_device_configurator/local_setup.bash
-- Installing: /home/hd/Desktop/motor_controls.ws/install/ethercat_device_configurator/share/ethercat_device_configurator/local_setup.sh
-- Installing: /home/hd/Desktop/motor_controls.ws/install/ethercat_device_configurator/share/ethercat_device_configurator/local_setup.zsh
-- Installing: /home/hd/Desktop/motor_controls.ws/install/ethercat_device_configurator/share/ethercat_device_configurator/local_setup.dsv
-- Installing: /home/hd/Desktop/motor_controls.ws/install/ethercat_device_configurator/share/ethercat_device_configurator/package.dsv
-- Installing: /home/hd/Desktop/motor_controls.ws/install/ethercat_device_configurator/share/ament_index/resource_index/packages/ethercat_device_configurator
-- Installing: /home/hd/Desktop/motor_controls.ws/install/ethercat_device_configurator/share/ethercat_device_configurator/cmake/ethercat_device_configuratorConfig.cmake
-- Installing: /home/hd/Desktop/motor_controls.ws/install/ethercat_device_configurator/share/ethercat_device_configurator/cmake/ethercat_device_configuratorConfig-version.cmake
-- Installing: /home/hd/Desktop/motor_controls.ws/install/ethercat_device_configurator/share/ethercat_device_configurator/package.xml
-- Installing: /home/hd/Desktop/motor_controls.ws/install/ethercat_device_configurator/lib/libethercat_sdk_master.a
-- Installing: /home/hd/Desktop/motor_controls.ws/install/ethercat_device_configurator/include/ethercat_sdk_master
-- Installing: /home/hd/Desktop/motor_controls.ws/install/ethercat_device_configurator/include/ethercat_sdk_master/EthercatDevice.hpp
-- Installing: /home/hd/Desktop/motor_controls.ws/install/ethercat_device_configurator/include/ethercat_sdk_master/EthercatMaster.hpp
-- Installing: /home/hd/Desktop/motor_controls.ws/install/ethercat_device_configurator/include/ethercat_sdk_master/UpdateMode.hpp
-- Installing: /home/hd/Desktop/motor_controls.ws/install/ethercat_device_configurator/include/ethercat_sdk_master/EthercatMasterConfiguration.hpp
-- Installing: /home/hd/Desktop/motor_controls.ws/install/ethercat_device_configurator/share/ament_index/resource_index/package_run_dependencies/ethercat_sdk_master
-- Installing: /home/hd/Desktop/motor_controls.ws/install/ethercat_device_configurator/share/ament_index/resource_index/parent_prefix_path/ethercat_sdk_master
-- Installing: /home/hd/Desktop/motor_controls.ws/install/ethercat_device_configurator/share/ethercat_sdk_master/environment/ament_prefix_path.sh
-- Installing: /home/hd/Desktop/motor_controls.ws/install/ethercat_device_configurator/share/ethercat_sdk_master/environment/ament_prefix_path.dsv
-- Installing: /home/hd/Desktop/motor_controls.ws/install/ethercat_device_configurator/share/ethercat_sdk_master/environment/path.sh
-- Installing: /home/hd/Desktop/motor_controls.ws/install/ethercat_device_configurator/share/ethercat_sdk_master/environment/path.dsv
-- Installing: /home/hd/Desktop/motor_controls.ws/install/ethercat_device_configurator/share/ethercat_sdk_master/local_setup.bash
-- Installing: /home/hd/Desktop/motor_controls.ws/install/ethercat_device_configurator/share/ethercat_sdk_master/local_setup.sh
-- Installing: /home/hd/Desktop/motor_controls.ws/install/ethercat_device_configurator/share/ethercat_sdk_master/local_setup.zsh
-- Installing: /home/hd/Desktop/motor_controls.ws/install/ethercat_device_configurator/share/ethercat_sdk_master/local_setup.dsv
-- Installing: /home/hd/Desktop/motor_controls.ws/install/ethercat_device_configurator/share/ethercat_sdk_master/package.dsv
-- Installing: /home/hd/Desktop/motor_controls.ws/install/ethercat_device_configurator/share/ament_index/resource_index/packages/ethercat_sdk_master
-- Installing: /home/hd/Desktop/motor_controls.ws/install/ethercat_device_configurator/share/ethercat_sdk_master/cmake/ethercat_sdk_masterConfig.cmake
-- Installing: /home/hd/Desktop/motor_controls.ws/install/ethercat_device_configurator/share/ethercat_sdk_master/cmake/ethercat_sdk_masterConfig-version.cmake
-- Installing: /home/hd/Desktop/motor_controls.ws/install/ethercat_device_configurator/share/ethercat_sdk_master/package.xml
-- Installing: /home/hd/Desktop/motor_controls.ws/install/ethercat_device_configurator/lib/libmaxon_epos_ethercat_sdk.a
-- Installing: /home/hd/Desktop/motor_controls.ws/install/ethercat_device_configurator/include/maxon_epos_ethercat_sdk
-- Installing: /home/hd/Desktop/motor_controls.ws/install/ethercat_device_configurator/include/maxon_epos_ethercat_sdk/RxPdo.hpp
-- Installing: /home/hd/Desktop/motor_controls.ws/install/ethercat_device_configurator/include/maxon_epos_ethercat_sdk/Maxon.hpp
-- Installing: /home/hd/Desktop/motor_controls.ws/install/ethercat_device_configurator/include/maxon_epos_ethercat_sdk/TxPdo.hpp
-- Installing: /home/hd/Desktop/motor_controls.ws/install/ethercat_device_configurator/include/maxon_epos_ethercat_sdk/ObjectDictionary.hpp
-- Installing: /home/hd/Desktop/motor_controls.ws/install/ethercat_device_configurator/include/maxon_epos_ethercat_sdk/ModeOfOperationEnum.hpp
-- Installing: /home/hd/Desktop/motor_controls.ws/install/ethercat_device_configurator/include/maxon_epos_ethercat_sdk/DriveState.hpp
-- Installing: /home/hd/Desktop/motor_controls.ws/install/ethercat_device_configurator/include/maxon_epos_ethercat_sdk/Error.hpp
-- Installing: /home/hd/Desktop/motor_controls.ws/install/ethercat_device_configurator/include/maxon_epos_ethercat_sdk/ConfigurationParser.hpp
-- Installing: /home/hd/Desktop/motor_controls.ws/install/ethercat_device_configurator/include/maxon_epos_ethercat_sdk/Reading.hpp
-- Installing: /home/hd/Desktop/motor_controls.ws/install/ethercat_device_configurator/include/maxon_epos_ethercat_sdk/PdoTypeEnum.hpp
-- Installing: /home/hd/Desktop/motor_controls.ws/install/ethercat_device_configurator/include/maxon_epos_ethercat_sdk/Command.hpp
-- Installing: /home/hd/Desktop/motor_controls.ws/install/ethercat_device_configurator/include/maxon_epos_ethercat_sdk/Controlword.hpp
-- Installing: /home/hd/Desktop/motor_controls.ws/install/ethercat_device_configurator/include/maxon_epos_ethercat_sdk/Statusword.hpp
-- Installing: /home/hd/Desktop/motor_controls.ws/install/ethercat_device_configurator/include/maxon_epos_ethercat_sdk/Configuration.hpp
-- Installing: /home/hd/Desktop/motor_controls.ws/install/ethercat_device_configurator/share/ament_index/resource_index/package_run_dependencies/maxon_epos_ethercat_sdk
-- Installing: /home/hd/Desktop/motor_controls.ws/install/ethercat_device_configurator/share/ament_index/resource_index/parent_prefix_path/maxon_epos_ethercat_sdk
-- Installing: /home/hd/Desktop/motor_controls.ws/install/ethercat_device_configurator/share/maxon_epos_ethercat_sdk/environment/ament_prefix_path.sh
-- Installing: /home/hd/Desktop/motor_controls.ws/install/ethercat_device_configurator/share/maxon_epos_ethercat_sdk/environment/ament_prefix_path.dsv
-- Installing: /home/hd/Desktop/motor_controls.ws/install/ethercat_device_configurator/share/maxon_epos_ethercat_sdk/environment/path.sh
-- Installing: /home/hd/Desktop/motor_controls.ws/install/ethercat_device_configurator/share/maxon_epos_ethercat_sdk/environment/path.dsv
-- Installing: /home/hd/Desktop/motor_controls.ws/install/ethercat_device_configurator/share/maxon_epos_ethercat_sdk/local_setup.bash
-- Installing: /home/hd/Desktop/motor_controls.ws/install/ethercat_device_configurator/share/maxon_epos_ethercat_sdk/local_setup.sh
-- Installing: /home/hd/Desktop/motor_controls.ws/install/ethercat_device_configurator/share/maxon_epos_ethercat_sdk/local_setup.zsh
-- Installing: /home/hd/Desktop/motor_controls.ws/install/ethercat_device_configurator/share/maxon_epos_ethercat_sdk/local_setup.dsv
-- Installing: /home/hd/Desktop/motor_controls.ws/install/ethercat_device_configurator/share/maxon_epos_ethercat_sdk/package.dsv
-- Installing: /home/hd/Desktop/motor_controls.ws/install/ethercat_device_configurator/share/ament_index/resource_index/packages/maxon_epos_ethercat_sdk
-- Installing: /home/hd/Desktop/motor_controls.ws/install/ethercat_device_configurator/share/maxon_epos_ethercat_sdk/cmake/maxon_epos_ethercat_sdkConfig.cmake
-- Installing: /home/hd/Desktop/motor_controls.ws/install/ethercat_device_configurator/share/maxon_epos_ethercat_sdk/cmake/maxon_epos_ethercat_sdkConfig-version.cmake
-- Installing: /home/hd/Desktop/motor_controls.ws/install/ethercat_device_configurator/share/maxon_epos_ethercat_sdk/package.xml
-- Installing: /home/hd/Desktop/motor_controls.ws/install/ethercat_device_configurator/lib/libmessage_logger.so
-- Set runtime path of "/home/hd/Desktop/motor_controls.ws/install/ethercat_device_configurator/lib/libmessage_logger.so" to ""
-- Installing: /home/hd/Desktop/motor_controls.ws/install/ethercat_device_configurator/include/message_logger
-- Installing: /home/hd/Desktop/motor_controls.ws/install/ethercat_device_configurator/include/message_logger/time
-- Installing: /home/hd/Desktop/motor_controls.ws/install/ethercat_device_configurator/include/message_logger/time/TimeStd.hpp
-- Installing: /home/hd/Desktop/motor_controls.ws/install/ethercat_device_configurator/include/message_logger/time/Time.hpp
-- Installing: /home/hd/Desktop/motor_controls.ws/install/ethercat_device_configurator/include/message_logger/message_logger.hpp
-- Installing: /home/hd/Desktop/motor_controls.ws/install/ethercat_device_configurator/include/message_logger/common
-- Installing: /home/hd/Desktop/motor_controls.ws/install/ethercat_device_configurator/include/message_logger/common/colors.hpp
-- Installing: /home/hd/Desktop/motor_controls.ws/install/ethercat_device_configurator/include/message_logger/common/source_file_pos.hpp
-- Installing: /home/hd/Desktop/motor_controls.ws/install/ethercat_device_configurator/include/message_logger/common/preprocessor_defines.hpp
-- Installing: /home/hd/Desktop/motor_controls.ws/install/ethercat_device_configurator/include/message_logger/log
-- Installing: /home/hd/Desktop/motor_controls.ws/install/ethercat_device_configurator/include/message_logger/log/log_messages_ros.hpp
-- Installing: /home/hd/Desktop/motor_controls.ws/install/ethercat_device_configurator/include/message_logger/log/log_messages_std.hpp
-- Installing: /home/hd/Desktop/motor_controls.ws/install/ethercat_device_configurator/include/message_logger/log/log_messages_backend_config.hpp
-- Installing: /home/hd/Desktop/motor_controls.ws/install/ethercat_device_configurator/include/message_logger/log/log_messages_backend_config.hpp.in
-- Installing: /home/hd/Desktop/motor_controls.ws/install/ethercat_device_configurator/include/message_logger/log/log_messages_backend.hpp
-- Installing: /home/hd/Desktop/motor_controls.ws/install/ethercat_device_configurator/include/message_logger/log/log_messages.hpp
-- Installing: /home/hd/Desktop/motor_controls.ws/install/ethercat_device_configurator/share/message_logger/environment/library_path.sh
-- Installing: /home/hd/Desktop/motor_controls.ws/install/ethercat_device_configurator/share/message_logger/environment/library_path.dsv
-- Installing: /home/hd/Desktop/motor_controls.ws/install/ethercat_device_configurator/share/ament_index/resource_index/package_run_dependencies/message_logger
-- Installing: /home/hd/Desktop/motor_controls.ws/install/ethercat_device_configurator/share/ament_index/resource_index/parent_prefix_path/message_logger
-- Installing: /home/hd/Desktop/motor_controls.ws/install/ethercat_device_configurator/share/message_logger/environment/ament_prefix_path.sh
-- Installing: /home/hd/Desktop/motor_controls.ws/install/ethercat_device_configurator/share/message_logger/environment/ament_prefix_path.dsv
-- Installing: /home/hd/Desktop/motor_controls.ws/install/ethercat_device_configurator/share/message_logger/environment/path.sh
-- Installing: /home/hd/Desktop/motor_controls.ws/install/ethercat_device_configurator/share/message_logger/environment/path.dsv
-- Installing: /home/hd/Desktop/motor_controls.ws/install/ethercat_device_configurator/share/message_logger/local_setup.bash
-- Installing: /home/hd/Desktop/motor_controls.ws/install/ethercat_device_configurator/share/message_logger/local_setup.sh
-- Installing: /home/hd/Desktop/motor_controls.ws/install/ethercat_device_configurator/share/message_logger/local_setup.zsh
-- Installing: /home/hd/Desktop/motor_controls.ws/install/ethercat_device_configurator/share/message_logger/local_setup.dsv
-- Installing: /home/hd/Desktop/motor_controls.ws/install/ethercat_device_configurator/share/message_logger/package.dsv
-- Installing: /home/hd/Desktop/motor_controls.ws/install/ethercat_device_configurator/share/ament_index/resource_index/packages/message_logger
-- Installing: /home/hd/Desktop/motor_controls.ws/install/ethercat_device_configurator/share/message_logger/cmake/ament_cmake_export_include_directories-extras.cmake
-- Installing: /home/hd/Desktop/motor_controls.ws/install/ethercat_device_configurator/share/message_logger/cmake/ament_cmake_export_libraries-extras.cmake
-- Installing: /home/hd/Desktop/motor_controls.ws/install/ethercat_device_configurator/share/message_logger/cmake/message_loggerConfig.cmake
-- Installing: /home/hd/Desktop/motor_controls.ws/install/ethercat_device_configurator/share/message_logger/cmake/message_loggerConfig-version.cmake
-- Installing: /home/hd/Desktop/motor_controls.ws/install/ethercat_device_configurator/share/message_logger/package.xml
-- Installing: /home/hd/Desktop/motor_controls.ws/install/ethercat_device_configurator/share/ament_index/resource_index/package_run_dependencies/soem_rsl
-- Installing: /home/hd/Desktop/motor_controls.ws/install/ethercat_device_configurator/share/ament_index/resource_index/parent_prefix_path/soem_rsl
-- Installing: /home/hd/Desktop/motor_controls.ws/install/ethercat_device_configurator/share/soem_rsl/environment/ament_prefix_path.sh
-- Installing: /home/hd/Desktop/motor_controls.ws/install/ethercat_device_configurator/share/soem_rsl/environment/ament_prefix_path.dsv
-- Installing: /home/hd/Desktop/motor_controls.ws/install/ethercat_device_configurator/share/soem_rsl/environment/path.sh
-- Installing: /home/hd/Desktop/motor_controls.ws/install/ethercat_device_configurator/share/soem_rsl/environment/path.dsv
-- Installing: /home/hd/Desktop/motor_controls.ws/install/ethercat_device_configurator/share/soem_rsl/local_setup.bash
-- Installing: /home/hd/Desktop/motor_controls.ws/install/ethercat_device_configurator/share/soem_rsl/local_setup.sh
-- Installing: /home/hd/Desktop/motor_controls.ws/install/ethercat_device_configurator/share/soem_rsl/local_setup.zsh
-- Installing: /home/hd/Desktop/motor_controls.ws/install/ethercat_device_configurator/share/soem_rsl/local_setup.dsv
-- Installing: /home/hd/Desktop/motor_controls.ws/install/ethercat_device_configurator/share/soem_rsl/package.dsv
-- Installing: /home/hd/Desktop/motor_controls.ws/install/ethercat_device_configurator/share/ament_index/resource_index/packages/soem_rsl
-- Installing: /home/hd/Desktop/motor_controls.ws/install/ethercat_device_configurator/share/soem_rsl/cmake/soem_rslConfig.cmake
-- Installing: /home/hd/Desktop/motor_controls.ws/install/ethercat_device_configurator/share/soem_rsl/cmake/soem_rslConfig-version.cmake
-- Installing: /home/hd/Desktop/motor_controls.ws/install/ethercat_device_configurator/share/soem_rsl/package.xml
-- Up-to-date: /home/hd/Desktop/motor_controls.ws/install/ethercat_device_configurator/include
-- Installing: /home/hd/Desktop/motor_controls.ws/install/ethercat_device_configurator/include/EthercatBusManagerBase.hpp
-- Installing: /home/hd/Desktop/motor_controls.ws/install/ethercat_device_configurator/include/EthercatSlaveBase.hpp
-- Installing: /home/hd/Desktop/motor_controls.ws/install/ethercat_device_configurator/include/common
-- Installing: /home/hd/Desktop/motor_controls.ws/install/ethercat_device_configurator/include/common/Macros.hpp
-- Installing: /home/hd/Desktop/motor_controls.ws/install/ethercat_device_configurator/include/common/ThreadSleep.hpp
-- Installing: /home/hd/Desktop/motor_controls.ws/install/ethercat_device_configurator/include/EthercatBusBase.hpp
-- Installing: /home/hd/Desktop/motor_controls.ws/install/ethercat_device_configurator/share/ament_index/resource_index/package_run_dependencies/soem_interface
-- Installing: /home/hd/Desktop/motor_controls.ws/install/ethercat_device_configurator/share/ament_index/resource_index/parent_prefix_path/soem_interface
-- Installing: /home/hd/Desktop/motor_controls.ws/install/ethercat_device_configurator/share/soem_interface/environment/ament_prefix_path.sh
-- Installing: /home/hd/Desktop/motor_controls.ws/install/ethercat_device_configurator/share/soem_interface/environment/ament_prefix_path.dsv
-- Installing: /home/hd/Desktop/motor_controls.ws/install/ethercat_device_configurator/share/soem_interface/environment/path.sh
-- Installing: /home/hd/Desktop/motor_controls.ws/install/ethercat_device_configurator/share/soem_interface/environment/path.dsv
-- Installing: /home/hd/Desktop/motor_controls.ws/install/ethercat_device_configurator/share/soem_interface/local_setup.bash
-- Installing: /home/hd/Desktop/motor_controls.ws/install/ethercat_device_configurator/share/soem_interface/local_setup.sh
-- Installing: /home/hd/Desktop/motor_controls.ws/install/ethercat_device_configurator/share/soem_interface/local_setup.zsh
-- Installing: /home/hd/Desktop/motor_controls.ws/install/ethercat_device_configurator/share/soem_interface/local_setup.dsv
-- Installing: /home/hd/Desktop/motor_controls.ws/install/ethercat_device_configurator/share/soem_interface/package.dsv
-- Installing: /home/hd/Desktop/motor_controls.ws/install/ethercat_device_configurator/share/ament_index/resource_index/packages/soem_interface
-- Installing: /home/hd/Desktop/motor_controls.ws/install/ethercat_device_configurator/share/soem_interface/cmake/soem_interfaceConfig.cmake
-- Installing: /home/hd/Desktop/motor_controls.ws/install/ethercat_device_configurator/share/soem_interface/cmake/soem_interfaceConfig-version.cmake
-- Installing: /home/hd/Desktop/motor_controls.ws/install/ethercat_device_configurator/share/soem_interface/package.xml
