[0.060s] Invoking command in '/home/hd/Desktop/motor_controls.ws/build/ethercat_device_configurator': CMAKE_PREFIX_PATH=${CMAKE_PREFIX_PATH}:/home/hd/ros2_foxy/install/ros2bag:/home/hd/ros2_foxy/install/tracetools_launch:/home/hd/ros2_foxy/install/topic_monitor:/home/hd/ros2_foxy/install/examples_tf2_py:/home/hd/ros2_foxy/install/sros2:/home/hd/ros2_foxy/install/rqt_topic:/home/hd/ros2_foxy/install/rqt_top:/home/hd/ros2_foxy/install/rqt_srv:/home/hd/ros2_foxy/install/rqt_shell:/home/hd/ros2_foxy/install/rqt_service_caller:/home/hd/ros2_foxy/install/rqt_reconfigure:/home/hd/ros2_foxy/install/rqt_py_console:/home/hd/ros2_foxy/install/rqt_publisher:/home/hd/ros2_foxy/install/rqt_plot:/home/hd/ros2_foxy/install/rqt_action:/home/hd/ros2_foxy/install/rqt_msg:/home/hd/ros2_foxy/install/rqt_console:/home/hd/ros2_foxy/install/rqt:/home/hd/ros2_foxy/install/rqt_graph:/home/hd/ros2_foxy/install/rqt_gui_py:/home/hd/ros2_foxy/install/rqt_gui:/home/hd/ros2_foxy/install/ros2trace:/home/hd/ros2_foxy/install/ros2topic:/home/hd/ros2_foxy/install/ros2test:/home/hd/ros2_foxy/install/ros2component:/home/hd/ros2_foxy/install/ros2param:/home/hd/ros2_foxy/install/ros2lifecycle:/home/hd/ros2_foxy/install/ros2service:/home/hd/ros2_foxy/install/ros2run:/home/hd/ros2_foxy/install/ros2launch:/home/hd/ros2_foxy/install/ros2pkg:/home/hd/ros2_foxy/install/ros2node:/home/hd/ros2_foxy/install/ros2multicast:/home/hd/ros2_foxy/install/ros2interface:/home/hd/ros2_foxy/install/ros2doctor:/home/hd/ros2_foxy/install/ros2action:/home/hd/ros2_foxy/install/ros2cli:/home/hd/ros2_foxy/install/quality_of_service_demo_py:/home/hd/ros2_foxy/install/launch_testing_ros:/home/hd/ros2_foxy/install/launch_ros:/home/hd/ros2_foxy/install/examples_rclpy_minimal_subscriber:/home/hd/ros2_foxy/install/examples_rclpy_minimal_service:/home/hd/ros2_foxy/install/examples_rclpy_minimal_publisher:/home/hd/ros2_foxy/install/examples_rclpy_minimal_client:/home/hd/ros2_foxy/install/examples_rclpy_minimal_action_server:/home/hd/ros2_foxy/install/examples_rclpy_minimal_action_client:/home/hd/ros2_foxy/install/examples_rclpy_executors:/home/hd/ros2_foxy/install/demo_nodes_py:/home/hd/ros2_foxy/install/action_tutorials_py:/home/hd/ros2_foxy/install/ament_uncrustify:/home/hd/ros2_foxy/install/tracetools_trace:/home/hd/ros2_foxy/install/tracetools_read:/home/hd/ros2_foxy/install/test_launch_ros:/home/hd/ros2_foxy/install/sensor_msgs_py:/home/hd/ros2_foxy/install/rpyutils:/home/hd/ros2_foxy/install/rosidl_runtime_py:/home/hd/ros2_foxy/install/launch_yaml:/home/hd/ros2_foxy/install/launch_xml:/home/hd/ros2_foxy/install/launch_testing:/home/hd/ros2_foxy/install/launch:/home/hd/ros2_foxy/install/osrf_pycommon:/home/hd/ros2_foxy/install/domain_coordinator:/home/hd/ros2_foxy/install/ament_xmllint:/home/hd/ros2_foxy/install/ament_pyflakes:/home/hd/ros2_foxy/install/ament_pycodestyle:/home/hd/ros2_foxy/install/ament_pep257:/home/hd/ros2_foxy/install/ament_pclint:/home/hd/ros2_foxy/install/ament_package:/home/hd/ros2_foxy/install/ament_mypy:/home/hd/ros2_foxy/install/ament_lint_cmake:/home/hd/ros2_foxy/install/ament_flake8:/home/hd/ros2_foxy/install/ament_copyright:/home/hd/ros2_foxy/install/ament_lint:/home/hd/ros2_foxy/install/ament_index_python:/home/hd/ros2_foxy/install/ament_cpplint:/home/hd/ros2_foxy/install/ament_cppcheck:/home/hd/ros2_foxy/install/ament_clang_tidy:/home/hd/ros2_foxy/install/ament_clang_format /usr/bin/cmake /home/hd/Desktop/motor_controls.ws/src/ethercat_device_configurator -DCMAKE_INSTALL_PREFIX=/home/hd/Desktop/motor_controls.ws/install/ethercat_device_configurator
[0.624s] -- The C compiler identification is GNU 9.4.0
[0.991s] -- The CXX compiler identification is GNU 9.4.0
[1.026s] -- Check for working C compiler: /usr/bin/cc
[1.204s] -- Check for working C compiler: /usr/bin/cc -- works
[1.214s] -- Detecting C compiler ABI info
[1.432s] -- Detecting C compiler ABI info - done
[1.448s] -- Detecting C compile features
[1.449s] -- Detecting C compile features - done
[1.457s] -- Check for working CXX compiler: /usr/bin/c++
[1.633s] -- Check for working CXX compiler: /usr/bin/c++ -- works
[1.636s] -- Detecting CXX compiler ABI info
[1.799s] -- Detecting CXX compiler ABI info - done
[1.813s] -- Detecting CXX compile features
[1.813s] -- Detecting CXX compile features - done
[1.845s] -- Found rclcpp: 2.4.2 (/home/hd/ros2_foxy/install/rclcpp/share/rclcpp/cmake)
[2.207s] -- Found PythonInterp: /usr/bin/python3 (found suitable version "3.8.10", minimum required is "3") 
[2.207s] -- Using PYTHON_EXECUTABLE: /usr/bin/python3
[3.467s] -- Using all available rosidl_typesupport_c: rosidl_typesupport_introspection_c;rosidl_typesupport_fastrtps_c
[3.541s] -- Found rosidl_adapter: 1.3.0 (/home/hd/ros2_foxy/install/rosidl_adapter/share/rosidl_adapter/cmake)
[3.980s] -- Found OpenSSL: /usr/lib/x86_64-linux-gnu/libcrypto.so (found version "1.1.1f")  
[4.056s] -- Found FastRTPS: /home/hd/ros2_foxy/install/fastrtps/include  
[4.335s] -- Using all available rosidl_typesupport_cpp: rosidl_typesupport_introspection_cpp;rosidl_typesupport_fastrtps_cpp
[4.579s] -- Found rmw_implementation_cmake: 1.0.4 (/home/hd/ros2_foxy/install/rmw_implementation_cmake/share/rmw_implementation_cmake/cmake)
[4.627s] -- Using RMW implementation 'rmw_fastrtps_cpp' as default
[4.632s] -- Looking for pthread.h
[4.826s] -- Looking for pthread.h - found
[4.826s] -- Performing Test CMAKE_HAVE_LIBC_PTHREAD
[4.964s] -- Performing Test CMAKE_HAVE_LIBC_PTHREAD - Failed
[4.964s] -- Looking for pthread_create in pthreads
[5.139s] -- Looking for pthread_create in pthreads - not found
[5.139s] -- Looking for pthread_create in pthread
[5.261s] -- Looking for pthread_create in pthread - found
[5.264s] -- Found Threads: TRUE  
[5.646s] CMake Warning at CMakeLists.txt:27 (find_package):
[5.646s]   By not providing "Findmessage_logger.cmake" in CMAKE_MODULE_PATH this
[5.647s]   project has asked CMake to find a package configuration file provided by
[5.647s]   "message_logger", but CMake did not find one.
[5.647s] 
[5.647s]   Could not find a package configuration file provided by "message_logger"
[5.647s]   with any of the following names:
[5.647s] 
[5.647s]     message_loggerConfig.cmake
[5.647s]     message_logger-config.cmake
[5.647s] 
[5.647s]   Add the installation prefix of "message_logger" to CMAKE_PREFIX_PATH or set
[5.647s]   "message_logger_DIR" to a directory containing one of the above files.  If
[5.647s]   "message_logger" provides a separate development package or SDK, be sure it
[5.647s]   has been installed.
[5.647s] 
[5.647s] 
[5.677s] CMake Warning at CMakeLists.txt:28 (find_package):
[5.677s]   By not providing "Findsoem_interface.cmake" in CMAKE_MODULE_PATH this
[5.677s]   project has asked CMake to find a package configuration file provided by
[5.677s]   "soem_interface", but CMake did not find one.
[5.678s] 
[5.678s]   Could not find a package configuration file provided by "soem_interface"
[5.678s]   with any of the following names:
[5.678s] 
[5.678s]     soem_interfaceConfig.cmake
[5.678s]     soem_interface-config.cmake
[5.678s] 
[5.678s]   Add the installation prefix of "soem_interface" to CMAKE_PREFIX_PATH or set
[5.678s]   "soem_interface_DIR" to a directory containing one of the above files.  If
[5.678s]   "soem_interface" provides a separate development package or SDK, be sure it
[5.678s]   has been installed.
[5.678s] 
[5.678s] 
[5.704s] CMake Warning at CMakeLists.txt:29 (find_package):
[5.704s]   By not providing "Findethercat_sdk_master.cmake" in CMAKE_MODULE_PATH this
[5.704s]   project has asked CMake to find a package configuration file provided by
[5.704s]   "ethercat_sdk_master", but CMake did not find one.
[5.704s] 
[5.704s]   Could not find a package configuration file provided by
[5.704s]   "ethercat_sdk_master" with any of the following names:
[5.704s] 
[5.704s]     ethercat_sdk_masterConfig.cmake
[5.704s]     ethercat_sdk_master-config.cmake
[5.704s] 
[5.704s]   Add the installation prefix of "ethercat_sdk_master" to CMAKE_PREFIX_PATH
[5.705s]   or set "ethercat_sdk_master_DIR" to a directory containing one of the above
[5.705s]   files.  If "ethercat_sdk_master" provides a separate development package or
[5.705s]   SDK, be sure it has been installed.
[5.705s] 
[5.705s] 
[5.730s] CMake Warning at CMakeLists.txt:30 (find_package):
[5.730s]   By not providing "Findmaxon_epos_ethercat_sdk.cmake" in CMAKE_MODULE_PATH
[5.730s]   this project has asked CMake to find a package configuration file provided
[5.730s]   by "maxon_epos_ethercat_sdk", but CMake did not find one.
[5.730s] 
[5.730s]   Could not find a package configuration file provided by
[5.730s]   "maxon_epos_ethercat_sdk" with any of the following names:
[5.730s] 
[5.730s]     maxon_epos_ethercat_sdkConfig.cmake
[5.731s]     maxon_epos_ethercat_sdk-config.cmake
[5.731s] 
[5.731s]   Add the installation prefix of "maxon_epos_ethercat_sdk" to
[5.731s]   CMAKE_PREFIX_PATH or set "maxon_epos_ethercat_sdk_DIR" to a directory
[5.731s]   containing one of the above files.  If "maxon_epos_ethercat_sdk" provides a
[5.731s]   separate development package or SDK, be sure it has been installed.
[5.731s] 
[5.731s] 
[5.850s] -- Found ament_lint_auto: 0.9.8 (/home/hd/ros2_foxy/install/ament_lint_auto/share/ament_lint_auto/cmake)
[6.385s] -- Added test 'cppcheck' to perform static code analysis on C / C++ code
[6.385s] -- Configured cppcheck include dirs: /home/hd/Desktop/motor_controls.ws/src/ethercat_device_configurator/ethercat_sdk_master/../soem_interface/soem_interface/include;/home/hd/Desktop/motor_controls.ws/src/ethercat_device_configurator/ethercat_sdk_master/../soem_interface/soem/include;/home/hd/Desktop/motor_controls.ws/src/ethercat_device_configurator/ethercat_sdk_master/../message_logger/include;/home/hd/Desktop/motor_controls.ws/src/ethercat_device_configurator/ethercat_sdk_master/include
[6.385s] -- Configured cppcheck exclude dirs and/or files: 
[6.393s] -- Added test 'lint_cmake' to check CMake code style
[6.401s] -- Added test 'uncrustify' to check C / C++ code style
[6.401s] -- Configured uncrustify additional arguments: 
[6.407s] -- Added test 'xmllint' to check XML markup files
[6.476s] -- Found ament_lint_auto: 0.9.8 (/home/hd/ros2_foxy/install/ament_lint_auto/share/ament_lint_auto/cmake)
[6.853s] -- Added test 'cppcheck' to perform static code analysis on C / C++ code
[6.854s] -- Configured cppcheck include dirs: /home/hd/Desktop/motor_controls.ws/src/ethercat_device_configurator/maxon_epos_ethercat_sdk/include;/home/hd/Desktop/motor_controls.ws/src/ethercat_device_configurator/maxon_epos_ethercat_sdk/../message_logger/include;/home/hd/Desktop/motor_controls.ws/src/ethercat_device_configurator/maxon_epos_ethercat_sdk/../ethercat_sdk_master/include;/home/hd/Desktop/motor_controls.ws/src/ethercat_device_configurator/maxon_epos_ethercat_sdk/../soem_interface/soem_interface/include;/home/hd/Desktop/motor_controls.ws/src/ethercat_device_configurator/maxon_epos_ethercat_sdk/../soem_interface/soem/include
[6.854s] -- Configured cppcheck exclude dirs and/or files: 
[6.856s] -- Added test 'lint_cmake' to check CMake code style
[6.857s] -- Added test 'uncrustify' to check C / C++ code style
[6.857s] -- Configured uncrustify additional arguments: 
[6.857s] -- Added test 'xmllint' to check XML markup files
[6.875s] -- Found rclcpp_components: 2.4.2 (/home/hd/ros2_foxy/install/rclcpp_components/share/rclcpp_components/cmake)
[7.065s]  AHHHHHHHHHHHHHHHHHH message_logger
[7.913s] CMake Warning at soem_interface/soem_interface/CMakeLists.txt:22 (find_package):
[7.913s]   By not providing "Findsoem_rsl.cmake" in CMAKE_MODULE_PATH this project has
[7.913s]   asked CMake to find a package configuration file provided by "soem_rsl",
[7.913s]   but CMake did not find one.
[7.913s] 
[7.913s]   Could not find a package configuration file provided by "soem_rsl" with any
[7.913s]   of the following names:
[7.913s] 
[7.913s]     soem_rslConfig.cmake
[7.913s]     soem_rsl-config.cmake
[7.913s] 
[7.913s]   Add the installation prefix of "soem_rsl" to CMAKE_PREFIX_PATH or set
[7.914s]   "soem_rsl_DIR" to a directory containing one of the above files.  If
[7.914s]   "soem_rsl" provides a separate development package or SDK, be sure it has
[7.914s]   been installed.
[7.914s] 
[7.914s] 
[7.941s] CMake Warning at soem_interface/soem_interface/CMakeLists.txt:23 (find_package):
[7.941s]   By not providing "Findmessage_logger.cmake" in CMAKE_MODULE_PATH this
[7.941s]   project has asked CMake to find a package configuration file provided by
[7.941s]   "message_logger", but CMake did not find one.
[7.941s] 
[7.941s]   Could not find a package configuration file provided by "message_logger"
[7.942s]   with any of the following names:
[7.942s] 
[7.942s]     message_loggerConfig.cmake
[7.942s]     message_logger-config.cmake
[7.942s] 
[7.942s]   Add the installation prefix of "message_logger" to CMAKE_PREFIX_PATH or set
[7.942s]   "message_logger_DIR" to a directory containing one of the above files.  If
[7.942s]   "message_logger" provides a separate development package or SDK, be sure it
[7.942s]   has been installed.
[7.942s] 
[7.942s] 
[8.309s] -- Found ament_lint_auto: 0.9.8 (/home/hd/ros2_foxy/install/ament_lint_auto/share/ament_lint_auto/cmake)
[8.746s] -- Configuring done
[8.907s] -- Generating done
[8.916s] -- Build files have been written to: /home/hd/Desktop/motor_controls.ws/build/ethercat_device_configurator
[8.937s] Invoked command in '/home/hd/Desktop/motor_controls.ws/build/ethercat_device_configurator' returned '0': CMAKE_PREFIX_PATH=${CMAKE_PREFIX_PATH}:/home/hd/ros2_foxy/install/ros2bag:/home/hd/ros2_foxy/install/tracetools_launch:/home/hd/ros2_foxy/install/topic_monitor:/home/hd/ros2_foxy/install/examples_tf2_py:/home/hd/ros2_foxy/install/sros2:/home/hd/ros2_foxy/install/rqt_topic:/home/hd/ros2_foxy/install/rqt_top:/home/hd/ros2_foxy/install/rqt_srv:/home/hd/ros2_foxy/install/rqt_shell:/home/hd/ros2_foxy/install/rqt_service_caller:/home/hd/ros2_foxy/install/rqt_reconfigure:/home/hd/ros2_foxy/install/rqt_py_console:/home/hd/ros2_foxy/install/rqt_publisher:/home/hd/ros2_foxy/install/rqt_plot:/home/hd/ros2_foxy/install/rqt_action:/home/hd/ros2_foxy/install/rqt_msg:/home/hd/ros2_foxy/install/rqt_console:/home/hd/ros2_foxy/install/rqt:/home/hd/ros2_foxy/install/rqt_graph:/home/hd/ros2_foxy/install/rqt_gui_py:/home/hd/ros2_foxy/install/rqt_gui:/home/hd/ros2_foxy/install/ros2trace:/home/hd/ros2_foxy/install/ros2topic:/home/hd/ros2_foxy/install/ros2test:/home/hd/ros2_foxy/install/ros2component:/home/hd/ros2_foxy/install/ros2param:/home/hd/ros2_foxy/install/ros2lifecycle:/home/hd/ros2_foxy/install/ros2service:/home/hd/ros2_foxy/install/ros2run:/home/hd/ros2_foxy/install/ros2launch:/home/hd/ros2_foxy/install/ros2pkg:/home/hd/ros2_foxy/install/ros2node:/home/hd/ros2_foxy/install/ros2multicast:/home/hd/ros2_foxy/install/ros2interface:/home/hd/ros2_foxy/install/ros2doctor:/home/hd/ros2_foxy/install/ros2action:/home/hd/ros2_foxy/install/ros2cli:/home/hd/ros2_foxy/install/quality_of_service_demo_py:/home/hd/ros2_foxy/install/launch_testing_ros:/home/hd/ros2_foxy/install/launch_ros:/home/hd/ros2_foxy/install/examples_rclpy_minimal_subscriber:/home/hd/ros2_foxy/install/examples_rclpy_minimal_service:/home/hd/ros2_foxy/install/examples_rclpy_minimal_publisher:/home/hd/ros2_foxy/install/examples_rclpy_minimal_client:/home/hd/ros2_foxy/install/examples_rclpy_minimal_action_server:/home/hd/ros2_foxy/install/examples_rclpy_minimal_action_client:/home/hd/ros2_foxy/install/examples_rclpy_executors:/home/hd/ros2_foxy/install/demo_nodes_py:/home/hd/ros2_foxy/install/action_tutorials_py:/home/hd/ros2_foxy/install/ament_uncrustify:/home/hd/ros2_foxy/install/tracetools_trace:/home/hd/ros2_foxy/install/tracetools_read:/home/hd/ros2_foxy/install/test_launch_ros:/home/hd/ros2_foxy/install/sensor_msgs_py:/home/hd/ros2_foxy/install/rpyutils:/home/hd/ros2_foxy/install/rosidl_runtime_py:/home/hd/ros2_foxy/install/launch_yaml:/home/hd/ros2_foxy/install/launch_xml:/home/hd/ros2_foxy/install/launch_testing:/home/hd/ros2_foxy/install/launch:/home/hd/ros2_foxy/install/osrf_pycommon:/home/hd/ros2_foxy/install/domain_coordinator:/home/hd/ros2_foxy/install/ament_xmllint:/home/hd/ros2_foxy/install/ament_pyflakes:/home/hd/ros2_foxy/install/ament_pycodestyle:/home/hd/ros2_foxy/install/ament_pep257:/home/hd/ros2_foxy/install/ament_pclint:/home/hd/ros2_foxy/install/ament_package:/home/hd/ros2_foxy/install/ament_mypy:/home/hd/ros2_foxy/install/ament_lint_cmake:/home/hd/ros2_foxy/install/ament_flake8:/home/hd/ros2_foxy/install/ament_copyright:/home/hd/ros2_foxy/install/ament_lint:/home/hd/ros2_foxy/install/ament_index_python:/home/hd/ros2_foxy/install/ament_cpplint:/home/hd/ros2_foxy/install/ament_cppcheck:/home/hd/ros2_foxy/install/ament_clang_tidy:/home/hd/ros2_foxy/install/ament_clang_format /usr/bin/cmake /home/hd/Desktop/motor_controls.ws/src/ethercat_device_configurator -DCMAKE_INSTALL_PREFIX=/home/hd/Desktop/motor_controls.ws/install/ethercat_device_configurator
[8.937s] Invoking command in '/home/hd/Desktop/motor_controls.ws/build/ethercat_device_configurator': CMAKE_PREFIX_PATH=${CMAKE_PREFIX_PATH}:/home/hd/ros2_foxy/install/ros2bag:/home/hd/ros2_foxy/install/tracetools_launch:/home/hd/ros2_foxy/install/topic_monitor:/home/hd/ros2_foxy/install/examples_tf2_py:/home/hd/ros2_foxy/install/sros2:/home/hd/ros2_foxy/install/rqt_topic:/home/hd/ros2_foxy/install/rqt_top:/home/hd/ros2_foxy/install/rqt_srv:/home/hd/ros2_foxy/install/rqt_shell:/home/hd/ros2_foxy/install/rqt_service_caller:/home/hd/ros2_foxy/install/rqt_reconfigure:/home/hd/ros2_foxy/install/rqt_py_console:/home/hd/ros2_foxy/install/rqt_publisher:/home/hd/ros2_foxy/install/rqt_plot:/home/hd/ros2_foxy/install/rqt_action:/home/hd/ros2_foxy/install/rqt_msg:/home/hd/ros2_foxy/install/rqt_console:/home/hd/ros2_foxy/install/rqt:/home/hd/ros2_foxy/install/rqt_graph:/home/hd/ros2_foxy/install/rqt_gui_py:/home/hd/ros2_foxy/install/rqt_gui:/home/hd/ros2_foxy/install/ros2trace:/home/hd/ros2_foxy/install/ros2topic:/home/hd/ros2_foxy/install/ros2test:/home/hd/ros2_foxy/install/ros2component:/home/hd/ros2_foxy/install/ros2param:/home/hd/ros2_foxy/install/ros2lifecycle:/home/hd/ros2_foxy/install/ros2service:/home/hd/ros2_foxy/install/ros2run:/home/hd/ros2_foxy/install/ros2launch:/home/hd/ros2_foxy/install/ros2pkg:/home/hd/ros2_foxy/install/ros2node:/home/hd/ros2_foxy/install/ros2multicast:/home/hd/ros2_foxy/install/ros2interface:/home/hd/ros2_foxy/install/ros2doctor:/home/hd/ros2_foxy/install/ros2action:/home/hd/ros2_foxy/install/ros2cli:/home/hd/ros2_foxy/install/quality_of_service_demo_py:/home/hd/ros2_foxy/install/launch_testing_ros:/home/hd/ros2_foxy/install/launch_ros:/home/hd/ros2_foxy/install/examples_rclpy_minimal_subscriber:/home/hd/ros2_foxy/install/examples_rclpy_minimal_service:/home/hd/ros2_foxy/install/examples_rclpy_minimal_publisher:/home/hd/ros2_foxy/install/examples_rclpy_minimal_client:/home/hd/ros2_foxy/install/examples_rclpy_minimal_action_server:/home/hd/ros2_foxy/install/examples_rclpy_minimal_action_client:/home/hd/ros2_foxy/install/examples_rclpy_executors:/home/hd/ros2_foxy/install/demo_nodes_py:/home/hd/ros2_foxy/install/action_tutorials_py:/home/hd/ros2_foxy/install/ament_uncrustify:/home/hd/ros2_foxy/install/tracetools_trace:/home/hd/ros2_foxy/install/tracetools_read:/home/hd/ros2_foxy/install/test_launch_ros:/home/hd/ros2_foxy/install/sensor_msgs_py:/home/hd/ros2_foxy/install/rpyutils:/home/hd/ros2_foxy/install/rosidl_runtime_py:/home/hd/ros2_foxy/install/launch_yaml:/home/hd/ros2_foxy/install/launch_xml:/home/hd/ros2_foxy/install/launch_testing:/home/hd/ros2_foxy/install/launch:/home/hd/ros2_foxy/install/osrf_pycommon:/home/hd/ros2_foxy/install/domain_coordinator:/home/hd/ros2_foxy/install/ament_xmllint:/home/hd/ros2_foxy/install/ament_pyflakes:/home/hd/ros2_foxy/install/ament_pycodestyle:/home/hd/ros2_foxy/install/ament_pep257:/home/hd/ros2_foxy/install/ament_pclint:/home/hd/ros2_foxy/install/ament_package:/home/hd/ros2_foxy/install/ament_mypy:/home/hd/ros2_foxy/install/ament_lint_cmake:/home/hd/ros2_foxy/install/ament_flake8:/home/hd/ros2_foxy/install/ament_copyright:/home/hd/ros2_foxy/install/ament_lint:/home/hd/ros2_foxy/install/ament_index_python:/home/hd/ros2_foxy/install/ament_cpplint:/home/hd/ros2_foxy/install/ament_cppcheck:/home/hd/ros2_foxy/install/ament_clang_tidy:/home/hd/ros2_foxy/install/ament_clang_format /usr/bin/cmake --build /home/hd/Desktop/motor_controls.ws/build/ethercat_device_configurator -- -j2 -l2
[9.070s] [35m[1mScanning dependencies of target soem_interface[0m
[9.082s] [35m[1mScanning dependencies of target yaml-cpp[0m
[9.129s] [  1%] [32mBuilding CXX object soem_interface/soem_interface/CMakeFiles/soem_interface.dir/src/soem_interface/common/ThreadSleep.cpp.o[0m
[9.164s] [  2%] [32mBuilding CXX object yaml-cpp/yaml-cpp/CMakeFiles/yaml-cpp.dir/src/contrib/graphbuilder.cpp.o[0m
[10.188s] [  3%] [32mBuilding CXX object soem_interface/soem_interface/CMakeFiles/soem_interface.dir/src/soem_interface/common/Macros.cpp.o[0m
[10.706s] [  4%] [32mBuilding CXX object yaml-cpp/yaml-cpp/CMakeFiles/yaml-cpp.dir/src/contrib/graphbuilderadapter.cpp.o[0m
[11.434s] [  6%] [32mBuilding CXX object yaml-cpp/yaml-cpp/CMakeFiles/yaml-cpp.dir/src/binary.cpp.o[0m
[12.221s] [  7%] [32mBuilding CXX object yaml-cpp/yaml-cpp/CMakeFiles/yaml-cpp.dir/src/convert.cpp.o[0m
[12.668s] [  8%] [32mBuilding CXX object soem_interface/soem_interface/CMakeFiles/soem_interface.dir/src/soem_interface/EthercatSlaveBase.cpp.o[0m
[13.328s] [  9%] [32mBuilding CXX object yaml-cpp/yaml-cpp/CMakeFiles/yaml-cpp.dir/src/depthguard.cpp.o[0m
[13.645s] [ 10%] [32mBuilding CXX object yaml-cpp/yaml-cpp/CMakeFiles/yaml-cpp.dir/src/directives.cpp.o[0m
[14.189s] [ 12%] [32mBuilding CXX object soem_interface/soem_interface/CMakeFiles/soem_interface.dir/src/soem_interface/EthercatBusManagerBase.cpp.o[0m
[14.222s] [ 13%] [32mBuilding CXX object yaml-cpp/yaml-cpp/CMakeFiles/yaml-cpp.dir/src/emit.cpp.o[0m
[14.861s] [ 14%] [32mBuilding CXX object yaml-cpp/yaml-cpp/CMakeFiles/yaml-cpp.dir/src/emitfromevents.cpp.o[0m
[15.500s] [ 15%] [32mBuilding CXX object yaml-cpp/yaml-cpp/CMakeFiles/yaml-cpp.dir/src/emitter.cpp.o[0m
[15.585s] [ 16%] [32mBuilding CXX object soem_interface/soem_interface/CMakeFiles/soem_interface.dir/src/soem_interface/EthercatBusBase.cpp.o[0m
[16.150s] [ 18%] [32mBuilding CXX object yaml-cpp/yaml-cpp/CMakeFiles/yaml-cpp.dir/src/emitterstate.cpp.o[0m
[16.716s] [ 19%] [32mBuilding CXX object yaml-cpp/yaml-cpp/CMakeFiles/yaml-cpp.dir/src/emitterutils.cpp.o[0m
[17.276s] [ 20%] [32mBuilding CXX object soem_interface/soem_interface/CMakeFiles/soem_interface.dir/__/__/message_logger/src/time/Time.cpp.o[0m
[17.621s] [ 21%] [32mBuilding CXX object soem_interface/soem_interface/CMakeFiles/soem_interface.dir/__/__/message_logger/src/time/TimeStd.cpp.o[0m
[17.633s] [ 22%] [32mBuilding CXX object yaml-cpp/yaml-cpp/CMakeFiles/yaml-cpp.dir/src/exceptions.cpp.o[0m
[17.927s] [ 24%] [32mBuilding CXX object yaml-cpp/yaml-cpp/CMakeFiles/yaml-cpp.dir/src/exp.cpp.o[0m
[17.987s] [01m[K/home/hd/Desktop/motor_controls.ws/src/ethercat_device_configurator/message_logger/src/time/TimeStd.cpp:[m[K In member function ‘[01m[Kmessage_logger::time::TimeStd& message_logger::time::TimeStd::from(uint32_t, uint32_t)[m[K’:
[17.987s] [01m[K/home/hd/Desktop/motor_controls.ws/src/ethercat_device_configurator/message_logger/src/time/TimeStd.cpp:115:33:[m[K [01;35m[Kwarning: [m[Kunused parameter ‘[01m[Ksec[m[K’ [[01;35m[K-Wunused-parameter[m[K]
[17.987s]   115 | TimeStd& TimeStd::from([01;35m[Kuint32_t sec[m[K, uint32_t nsec) {
[17.987s]       |                        [01;35m[K~~~~~~~~~^~~[m[K
[17.987s] [01m[K/home/hd/Desktop/motor_controls.ws/src/ethercat_device_configurator/message_logger/src/time/TimeStd.cpp:115:47:[m[K [01;35m[Kwarning: [m[Kunused parameter ‘[01m[Knsec[m[K’ [[01;35m[K-Wunused-parameter[m[K]
[17.987s]   115 | TimeStd& TimeStd::from(uint32_t sec, [01;35m[Kuint32_t nsec[m[K) {
[17.987s]       |                                      [01;35m[K~~~~~~~~~^~~~[m[K
[18.128s] [ 25%] [32m[1mLinking CXX static library libsoem_interface.a[0m
[18.235s] [ 25%] Built target soem_interface
[18.257s] [ 26%] [32mBuilding CXX object yaml-cpp/yaml-cpp/CMakeFiles/yaml-cpp.dir/src/memory.cpp.o[0m
[18.464s] [35m[1mScanning dependencies of target ethercat_sdk_master[0m
[18.934s] [ 27%] [32mBuilding CXX object ethercat_sdk_master/CMakeFiles/ethercat_sdk_master.dir/src/ethercat_sdk_master/EthercatMaster.cpp.o[0m
[18.975s] [ 28%] [32mBuilding CXX object yaml-cpp/yaml-cpp/CMakeFiles/yaml-cpp.dir/src/node.cpp.o[0m
[19.404s] [ 30%] [32mBuilding CXX object yaml-cpp/yaml-cpp/CMakeFiles/yaml-cpp.dir/src/node_data.cpp.o[0m
[20.250s] [ 31%] [32mBuilding CXX object yaml-cpp/yaml-cpp/CMakeFiles/yaml-cpp.dir/src/nodebuilder.cpp.o[0m
[21.239s] [ 32%] [32mBuilding CXX object yaml-cpp/yaml-cpp/CMakeFiles/yaml-cpp.dir/src/nodeevents.cpp.o[0m
[22.039s] [ 33%] [32mBuilding CXX object yaml-cpp/yaml-cpp/CMakeFiles/yaml-cpp.dir/src/null.cpp.o[0m
[22.160s] [ 34%] [32mBuilding CXX object ethercat_sdk_master/CMakeFiles/ethercat_sdk_master.dir/src/ethercat_sdk_master/EthercatDevice.cpp.o[0m
[22.270s] [ 36%] [32mBuilding CXX object yaml-cpp/yaml-cpp/CMakeFiles/yaml-cpp.dir/src/ostream_wrapper.cpp.o[0m
[23.755s] [ 37%] [32mBuilding CXX object yaml-cpp/yaml-cpp/CMakeFiles/yaml-cpp.dir/src/parse.cpp.o[0m
[24.653s] [ 38%] [32mBuilding CXX object yaml-cpp/yaml-cpp/CMakeFiles/yaml-cpp.dir/src/parser.cpp.o[0m
[25.065s] [ 39%] [32m[1mLinking CXX static library libethercat_sdk_master.a[0m
[25.145s] [ 39%] Built target ethercat_sdk_master
[25.171s] [35m[1mScanning dependencies of target message_logger[0m
[25.204s] [ 40%] [32mBuilding CXX object message_logger/CMakeFiles/message_logger.dir/src/time/Time.cpp.o[0m
[25.446s] [ 42%] [32mBuilding CXX object yaml-cpp/yaml-cpp/CMakeFiles/yaml-cpp.dir/src/regex_yaml.cpp.o[0m
[25.600s] [ 43%] [32mBuilding CXX object message_logger/CMakeFiles/message_logger.dir/src/time/TimeStd.cpp.o[0m
[25.848s] [ 44%] [32mBuilding CXX object yaml-cpp/yaml-cpp/CMakeFiles/yaml-cpp.dir/src/scanner.cpp.o[0m
[26.144s] [01m[K/home/hd/Desktop/motor_controls.ws/src/ethercat_device_configurator/message_logger/src/time/TimeStd.cpp:[m[K In member function ‘[01m[Kmessage_logger::time::TimeStd& message_logger::time::TimeStd::from(uint32_t, uint32_t)[m[K’:
[26.146s] [01m[K/home/hd/Desktop/motor_controls.ws/src/ethercat_device_configurator/message_logger/src/time/TimeStd.cpp:115:33:[m[K [01;35m[Kwarning: [m[Kunused parameter ‘[01m[Ksec[m[K’ [[01;35m[K-Wunused-parameter[m[K]
[26.146s]   115 | TimeStd& TimeStd::from([01;35m[Kuint32_t sec[m[K, uint32_t nsec) {
[26.146s]       |                        [01;35m[K~~~~~~~~~^~~[m[K
[26.146s] [01m[K/home/hd/Desktop/motor_controls.ws/src/ethercat_device_configurator/message_logger/src/time/TimeStd.cpp:115:47:[m[K [01;35m[Kwarning: [m[Kunused parameter ‘[01m[Knsec[m[K’ [[01;35m[K-Wunused-parameter[m[K]
[26.146s]   115 | TimeStd& TimeStd::from(uint32_t sec, [01;35m[Kuint32_t nsec[m[K) {
[26.146s]       |                                      [01;35m[K~~~~~~~~~^~~~[m[K
[26.286s] [ 45%] [32m[1mLinking CXX shared library libmessage_logger.so[0m
[26.486s] [ 45%] Built target message_logger
[26.513s] [ 46%] [32mBuilding CXX object yaml-cpp/yaml-cpp/CMakeFiles/yaml-cpp.dir/src/scanscalar.cpp.o[0m
[26.755s] [ 48%] [32mBuilding CXX object yaml-cpp/yaml-cpp/CMakeFiles/yaml-cpp.dir/src/scantag.cpp.o[0m
[27.119s] [ 49%] [32mBuilding CXX object yaml-cpp/yaml-cpp/CMakeFiles/yaml-cpp.dir/src/scantoken.cpp.o[0m
[27.213s] [35m[1mScanning dependencies of target soem[0m
[27.245s] [ 50%] [32mBuilding C object soem_interface/soem/CMakeFiles/soem.dir/include/soem/soem/ethercatbase.c.o[0m
[27.271s] [01m[Kcc1:[m[K [01;35m[Kwarning: [m[Kcommand line option ‘[01m[K-std=c++17[m[K’ is valid for C++/ObjC++ but not for C
[27.271s] In file included from [01m[K/home/hd/Desktop/motor_controls.ws/src/ethercat_device_configurator/soem_interface/soem/include/soem/oshw/oshw.h:54[m[K,
[27.272s]                  from [01m[K/home/hd/Desktop/motor_controls.ws/src/ethercat_device_configurator/soem_interface/soem/include/soem/soem/ethercatbase.c:55[m[K:
[27.272s] [01m[K/home/hd/Desktop/motor_controls.ws/src/ethercat_device_configurator/soem_interface/soem/include/soem/soem/ethercattype.h:532:5:[m[K [01;35m[Kwarning: [m[KISO C99 doesn’t support unnamed structs/unions [[01;35m[K-Wpedantic[m[K]
[27.272s]   532 |    }[01;35m[K;[m[K
[27.272s]       |     [01;35m[K^[m[K
[27.331s] [ 51%] [32mBuilding C object soem_interface/soem/CMakeFiles/soem.dir/include/soem/soem/ethercatcoe.c.o[0m
[27.342s] [01m[Kcc1:[m[K [01;35m[Kwarning: [m[Kcommand line option ‘[01m[K-std=c++17[m[K’ is valid for C++/ObjC++ but not for C
[27.360s] In file included from [01m[K/home/hd/Desktop/motor_controls.ws/src/ethercat_device_configurator/soem_interface/soem/include/soem/oshw/oshw.h:54[m[K,
[27.361s]                  from [01m[K/home/hd/Desktop/motor_controls.ws/src/ethercat_device_configurator/soem_interface/soem/include/soem/soem/ethercatcoe.c:52[m[K:
[27.362s] [01m[K/home/hd/Desktop/motor_controls.ws/src/ethercat_device_configurator/soem_interface/soem/include/soem/soem/ethercattype.h:532:5:[m[K [01;35m[Kwarning: [m[KISO C99 doesn’t support unnamed structs/unions [[01;35m[K-Wpedantic[m[K]
[27.362s]   532 |    }[01;35m[K;[m[K
[27.363s]       |     [01;35m[K^[m[K
[27.368s] [01m[K/home/hd/Desktop/motor_controls.ws/src/ethercat_device_configurator/soem_interface/soem/include/soem/soem/ethercatcoe.c:72:5:[m[K [01;35m[Kwarning: [m[KISO C99 doesn’t support unnamed structs/unions [[01;35m[K-Wpedantic[m[K]
[27.368s]    72 |    }[01;35m[K;[m[K
[27.369s]       |     [01;35m[K^[m[K
[27.370s] [01m[K/home/hd/Desktop/motor_controls.ws/src/ethercat_device_configurator/soem_interface/soem/include/soem/soem/ethercatcoe.c:90:5:[m[K [01;35m[Kwarning: [m[KISO C99 doesn’t support unnamed structs/unions [[01;35m[K-Wpedantic[m[K]
[27.371s]    90 |    }[01;35m[K;[m[K
[27.373s]       |     [01;35m[K^[m[K
[27.468s] [ 53%] [32mBuilding C object soem_interface/soem/CMakeFiles/soem.dir/include/soem/soem/ethercatconfig.c.o[0m
[27.482s] [01m[Kcc1:[m[K [01;35m[Kwarning: [m[Kcommand line option ‘[01m[K-std=c++17[m[K’ is valid for C++/ObjC++ but not for C
[27.492s] In file included from [01m[K/home/hd/Desktop/motor_controls.ws/src/ethercat_device_configurator/soem_interface/soem/include/soem/oshw/oshw.h:54[m[K,
[27.492s]                  from [01m[K/home/hd/Desktop/motor_controls.ws/src/ethercat_device_configurator/soem_interface/soem/include/soem/soem/ethercatconfig.c:53[m[K:
[27.492s] [01m[K/home/hd/Desktop/motor_controls.ws/src/ethercat_device_configurator/soem_interface/soem/include/soem/soem/ethercattype.h:532:5:[m[K [01;35m[Kwarning: [m[KISO C99 doesn’t support unnamed structs/unions [[01;35m[K-Wpedantic[m[K]
[27.493s]   532 |    }[01;35m[K;[m[K
[27.493s]       |     [01;35m[K^[m[K
[27.494s] In file included from [01m[K/home/hd/Desktop/motor_controls.ws/src/ethercat_device_configurator/soem_interface/soem/include/soem/soem/ethercatconfig.c:58[m[K:
[27.494s] [01m[K/home/hd/Desktop/motor_controls.ws/src/ethercat_device_configurator/soem_interface/soem/include/soem/soem/ethercatsoe.h:96:5:[m[K [01;35m[Kwarning: [m[KISO C99 doesn’t support unnamed structs/unions [[01;35m[K-Wpedantic[m[K]
[27.494s]    96 |    }[01;35m[K;[m[K
[27.494s]       |     [01;35m[K^[m[K
[27.496s] [01m[K/home/hd/Desktop/motor_controls.ws/src/ethercat_device_configurator/soem_interface/soem/include/soem/soem/ethercatconfig.c:[m[K In function ‘[01m[Kecx_config_from_table[m[K’:
[27.496s] [01m[K/home/hd/Desktop/motor_controls.ws/src/ethercat_device_configurator/soem_interface/soem/include/soem/soem/ethercatconfig.c:290:48:[m[K [01;35m[Kwarning: [m[Kunused parameter ‘[01m[Kcontext[m[K’ [[01;35m[K-Wunused-parameter[m[K]
[27.496s]   290 | static int ecx_config_from_table([01;35m[Kecx_contextt *context[m[K, uint16 slave)
[27.496s]       |                                  [01;35m[K~~~~~~~~~~~~~~^~~~~~~[m[K
[27.497s] [01m[K/home/hd/Desktop/motor_controls.ws/src/ethercat_device_configurator/soem_interface/soem/include/soem/soem/ethercatconfig.c:290:64:[m[K [01;35m[Kwarning: [m[Kunused parameter ‘[01m[Kslave[m[K’ [[01;35m[K-Wunused-parameter[m[K]
[27.497s]   290 | static int ecx_config_from_table(ecx_contextt *context, [01;35m[Kuint16 slave[m[K)
[27.497s]       |                                                         [01;35m[K~~~~~~~^~~~~[m[K
[27.499s] [01m[K/home/hd/Desktop/motor_controls.ws/src/ethercat_device_configurator/soem_interface/soem/include/soem/soem/ethercatconfig.c:[m[K In function ‘[01m[Kecx_config_map_group[m[K’:
[27.500s] [01m[K/home/hd/Desktop/motor_controls.ws/src/ethercat_device_configurator/soem_interface/soem/include/soem/soem/ethercatconfig.c:918:19:[m[K [01;35m[Kwarning: [m[KISO C forbids passing argument 3 of ‘[01m[Kosal_thread_create[m[K’ between function pointer and ‘[01m[Kvoid *[m[K’ [[01;35m[K-Wpedantic[m[K]
[27.500s]   918 |                   [01;35m[K&ecx_mapper_thread[m[K, &(ecx_mapt[thrn]));
[27.500s]       |                   [01;35m[K^~~~~~~~~~~~~~~~~~[m[K
[27.500s] In file included from [01m[K/home/hd/Desktop/motor_controls.ws/src/ethercat_device_configurator/soem_interface/soem/include/soem/soem/ethercatconfig.c:52[m[K:
[27.500s] [01m[K/home/hd/Desktop/motor_controls.ws/src/ethercat_device_configurator/soem_interface/soem/include/soem/osal/osal.h:63:60:[m[K [01;36m[Knote: [m[Kexpected ‘[01m[Kvoid *[m[K’ but argument is of type ‘[01m[Kvoid (*)(void *)[m[K’
[27.500s]    63 | int osal_thread_create(void *thandle, int stacksize, [01;36m[Kvoid *func[m[K, void *param);
[27.500s]       |                                                      [01;36m[K~~~~~~^~~~[m[K
[27.597s] [ 54%] [32mBuilding C object soem_interface/soem/CMakeFiles/soem.dir/include/soem/soem/ethercatdc.c.o[0m
[27.609s] [01m[Kcc1:[m[K [01;35m[Kwarning: [m[Kcommand line option ‘[01m[K-std=c++17[m[K’ is valid for C++/ObjC++ but not for C
[27.615s] In file included from [01m[K/home/hd/Desktop/motor_controls.ws/src/ethercat_device_configurator/soem_interface/soem/include/soem/oshw/oshw.h:54[m[K,
[27.616s]                  from [01m[K/home/hd/Desktop/motor_controls.ws/src/ethercat_device_configurator/soem_interface/soem/include/soem/soem/ethercatdc.c:47[m[K:
[27.616s] [01m[K/home/hd/Desktop/motor_controls.ws/src/ethercat_device_configurator/soem_interface/soem/include/soem/soem/ethercattype.h:532:5:[m[K [01;35m[Kwarning: [m[KISO C99 doesn’t support unnamed structs/unions [[01;35m[K-Wpedantic[m[K]
[27.616s]   532 |    }[01;35m[K;[m[K
[27.616s]       |     [01;35m[K^[m[K
[27.667s] [ 55%] [32mBuilding C object soem_interface/soem/CMakeFiles/soem.dir/include/soem/soem/ethercatfoe.c.o[0m
[27.678s] [01m[Kcc1:[m[K [01;35m[Kwarning: [m[Kcommand line option ‘[01m[K-std=c++17[m[K’ is valid for C++/ObjC++ but not for C
[27.689s] In file included from [01m[K/home/hd/Desktop/motor_controls.ws/src/ethercat_device_configurator/soem_interface/soem/include/soem/oshw/oshw.h:54[m[K,
[27.689s]                  from [01m[K/home/hd/Desktop/motor_controls.ws/src/ethercat_device_configurator/soem_interface/soem/include/soem/soem/ethercatfoe.c:54[m[K:
[27.689s] [01m[K/home/hd/Desktop/motor_controls.ws/src/ethercat_device_configurator/soem_interface/soem/include/soem/soem/ethercattype.h:532:5:[m[K [01;35m[Kwarning: [m[KISO C99 doesn’t support unnamed structs/unions [[01;35m[K-Wpedantic[m[K]
[27.689s]   532 |    }[01;35m[K;[m[K
[27.689s]       |     [01;35m[K^[m[K
[27.690s] [01m[K/home/hd/Desktop/motor_controls.ws/src/ethercat_device_configurator/soem_interface/soem/include/soem/soem/ethercatfoe.c:76:5:[m[K [01;35m[Kwarning: [m[KISO C99 doesn’t support unnamed structs/unions [[01;35m[K-Wpedantic[m[K]
[27.690s]    76 |    }[01;35m[K;[m[K
[27.691s]       |     [01;35m[K^[m[K
[27.691s] [01m[K/home/hd/Desktop/motor_controls.ws/src/ethercat_device_configurator/soem_interface/soem/include/soem/soem/ethercatfoe.c:82:5:[m[K [01;35m[Kwarning: [m[KISO C99 doesn’t support unnamed structs/unions [[01;35m[K-Wpedantic[m[K]
[27.691s]    82 |    }[01;35m[K;[m[K
[27.691s]       |     [01;35m[K^[m[K
[27.691s] [01m[K/home/hd/Desktop/motor_controls.ws/src/ethercat_device_configurator/soem_interface/soem/include/soem/soem/ethercatfoe.c:[m[K In function ‘[01m[Kecx_FOEdefinehook[m[K’:
[27.691s] [01m[K/home/hd/Desktop/motor_controls.ws/src/ethercat_device_configurator/soem_interface/soem/include/soem/soem/ethercatfoe.c:94:20:[m[K [01;35m[Kwarning: [m[KISO C forbids assignment between function pointer and ‘[01m[Kvoid *[m[K’ [[01;35m[K-Wpedantic[m[K]
[27.691s]    94 |   context->FOEhook [01;35m[K=[m[K hook;
[27.691s]       |                    [01;35m[K^[m[K
[27.736s] [ 56%] [32mBuilding C object soem_interface/soem/CMakeFiles/soem.dir/include/soem/soem/ethercatmain.c.o[0m
[27.749s] [01m[Kcc1:[m[K [01;35m[Kwarning: [m[Kcommand line option ‘[01m[K-std=c++17[m[K’ is valid for C++/ObjC++ but not for C
[27.759s] In file included from [01m[K/home/hd/Desktop/motor_controls.ws/src/ethercat_device_configurator/soem_interface/soem/include/soem/oshw/oshw.h:54[m[K,
[27.759s]                  from [01m[K/home/hd/Desktop/motor_controls.ws/src/ethercat_device_configurator/soem_interface/soem/include/soem/soem/ethercatmain.c:57[m[K:
[27.759s] [01m[K/home/hd/Desktop/motor_controls.ws/src/ethercat_device_configurator/soem_interface/soem/include/soem/soem/ethercattype.h:532:5:[m[K [01;35m[Kwarning: [m[KISO C99 doesn’t support unnamed structs/unions [[01;35m[K-Wpedantic[m[K]
[27.759s]   532 |    }[01;35m[K;[m[K
[27.759s]       |     [01;35m[K^[m[K
[27.761s] [01m[K/home/hd/Desktop/motor_controls.ws/src/ethercat_device_configurator/soem_interface/soem/include/soem/soem/ethercatmain.c:360:2:[m[K [01;35m[Kwarning: [m[KISO C does not allow extra ‘[01m[K;[m[K’ outside of a function [[01;35m[K-Wpedantic[m[K]
[27.761s]   360 | }[01;35m[K;[m[K
[27.761s]       |  [01;35m[K^[m[K
[27.870s] [ 57%] [32mBuilding C object soem_interface/soem/CMakeFiles/soem.dir/include/soem/soem/ethercatprint.c.o[0m
[27.884s] [01m[Kcc1:[m[K [01;35m[Kwarning: [m[Kcommand line option ‘[01m[K-std=c++17[m[K’ is valid for C++/ObjC++ but not for C
[27.892s] In file included from [01m[K/home/hd/Desktop/motor_controls.ws/src/ethercat_device_configurator/soem_interface/soem/include/soem/oshw/oshw.h:54[m[K,
[27.892s]                  from [01m[K/home/hd/Desktop/motor_controls.ws/src/ethercat_device_configurator/soem_interface/soem/include/soem/soem/ethercatprint.c:52[m[K:
[27.893s] [01m[K/home/hd/Desktop/motor_controls.ws/src/ethercat_device_configurator/soem_interface/soem/include/soem/soem/ethercattype.h:532:5:[m[K [01;35m[Kwarning: [m[KISO C99 doesn’t support unnamed structs/unions [[01;35m[K-Wpedantic[m[K]
[27.893s]   532 |    }[01;35m[K;[m[K
[27.893s]       |     [01;35m[K^[m[K
[27.941s] [ 59%] [32mBuilding C object soem_interface/soem/CMakeFiles/soem.dir/include/soem/soem/ethercatsoe.c.o[0m
[27.954s] [01m[Kcc1:[m[K [01;35m[Kwarning: [m[Kcommand line option ‘[01m[K-std=c++17[m[K’ is valid for C++/ObjC++ but not for C
[27.963s] In file included from [01m[K/home/hd/Desktop/motor_controls.ws/src/ethercat_device_configurator/soem_interface/soem/include/soem/oshw/oshw.h:54[m[K,
[27.963s]                  from [01m[K/home/hd/Desktop/motor_controls.ws/src/ethercat_device_configurator/soem_interface/soem/include/soem/soem/ethercatsoe.c:50[m[K:
[27.963s] [01m[K/home/hd/Desktop/motor_controls.ws/src/ethercat_device_configurator/soem_interface/soem/include/soem/soem/ethercattype.h:532:5:[m[K [01;35m[Kwarning: [m[KISO C99 doesn’t support unnamed structs/unions [[01;35m[K-Wpedantic[m[K]
[27.963s]   532 |    }[01;35m[K;[m[K
[27.963s]       |     [01;35m[K^[m[K
[27.964s] In file included from [01m[K/home/hd/Desktop/motor_controls.ws/src/ethercat_device_configurator/soem_interface/soem/include/soem/soem/ethercatsoe.c:54[m[K:
[27.965s] [01m[K/home/hd/Desktop/motor_controls.ws/src/ethercat_device_configurator/soem_interface/soem/include/soem/soem/ethercatsoe.h:96:5:[m[K [01;35m[Kwarning: [m[KISO C99 doesn’t support unnamed structs/unions [[01;35m[K-Wpedantic[m[K]
[27.965s]    96 |    }[01;35m[K;[m[K
[27.965s]       |     [01;35m[K^[m[K
[27.965s] [01m[K/home/hd/Desktop/motor_controls.ws/src/ethercat_device_configurator/soem_interface/soem/include/soem/soem/ethercatsoe.c:72:5:[m[K [01;35m[Kwarning: [m[KISO C99 doesn’t support unnamed structs/unions [[01;35m[K-Wpedantic[m[K]
[27.965s]    72 |    }[01;35m[K;[m[K
[27.965s]       |     [01;35m[K^[m[K
[28.013s] [ 60%] [32mBuilding C object soem_interface/soem/CMakeFiles/soem.dir/include_linux/soem/osal/osal.c.o[0m
[28.026s] [01m[Kcc1:[m[K [01;35m[Kwarning: [m[Kcommand line option ‘[01m[K-std=c++17[m[K’ is valid for C++/ObjC++ but not for C
[28.044s] [01m[K/home/hd/Desktop/motor_controls.ws/src/ethercat_device_configurator/soem_interface/soem/include_linux/soem/osal/osal.c:[m[K In function ‘[01m[Kosal_gettimeofday[m[K’:
[28.044s] [01m[K/home/hd/Desktop/motor_controls.ws/src/ethercat_device_configurator/soem_interface/soem/include_linux/soem/osal/osal.c:69:54:[m[K [01;35m[Kwarning: [m[Kright-hand operand of comma expression has no effect [[01;35m[K-Wunused-value[m[K]
[28.044s]    69 |    return_value = clock_gettime(CLOCK_MONOTONIC, &ts)[01;35m[K,[m[K 0;
[28.045s]       |                                                      [01;35m[K^[m[K
[28.045s] [01m[K/home/hd/Desktop/motor_controls.ws/src/ethercat_device_configurator/soem_interface/soem/include_linux/soem/osal/osal.c:60:60:[m[K [01;35m[Kwarning: [m[Kunused parameter ‘[01m[Ktz[m[K’ [[01;35m[K-Wunused-parameter[m[K]
[28.045s]    60 | int osal_gettimeofday(struct timeval *tv, [01;35m[Kstruct timezone *tz[m[K)
[28.045s]       |                                           [01;35m[K~~~~~~~~~~~~~~~~~^~[m[K
[28.045s] [01m[K/home/hd/Desktop/motor_controls.ws/src/ethercat_device_configurator/soem_interface/soem/include_linux/soem/osal/osal.c:[m[K In function ‘[01m[Kosal_time_diff[m[K’:
[28.045s] [01m[K/home/hd/Desktop/motor_controls.ws/src/ethercat_device_configurator/soem_interface/soem/include_linux/soem/osal/osal.c:90:19:[m[K [01;35m[Kwarning: [m[Kcomparison of unsigned expression < 0 is always false [[01;35m[K-Wtype-limits[m[K]
[28.045s]    90 |    if (diff->usec [01;35m[K<[m[K 0) {
[28.045s]       |                   [01;35m[K^[m[K
[28.046s] [01m[K/home/hd/Desktop/motor_controls.ws/src/ethercat_device_configurator/soem_interface/soem/include_linux/soem/osal/osal.c:[m[K In function ‘[01m[Kosal_thread_create[m[K’:
[28.046s] [01m[K/home/hd/Desktop/motor_controls.ws/src/ethercat_device_configurator/soem_interface/soem/include_linux/soem/osal/osal.c:144:41:[m[K [01;35m[Kwarning: [m[KISO C forbids passing argument 3 of ‘[01m[Kpthread_create[m[K’ between function pointer and ‘[01m[Kvoid *[m[K’ [[01;35m[K-Wpedantic[m[K]
[28.046s]   144 |    ret = pthread_create(threadp, &attr, [01;35m[Kfunc[m[K, param);
[28.046s]       |                                         [01;35m[K^~~~[m[K
[28.046s] In file included from [01m[K/home/hd/Desktop/motor_controls.ws/src/ethercat_device_configurator/soem_interface/soem/include/soem/osal/osal_defs.h:56[m[K,
[28.046s]                  from [01m[K/home/hd/Desktop/motor_controls.ws/src/ethercat_device_configurator/soem_interface/soem/include/soem/osal/osal.h:29[m[K,
[28.047s]                  from [01m[K/home/hd/Desktop/motor_controls.ws/src/ethercat_device_configurator/soem_interface/soem/include_linux/soem/osal/osal.c:47[m[K:
[28.047s] [01m[K/usr/include/pthread.h:200:15:[m[K [01;36m[Knote: [m[Kexpected ‘[01m[Kvoid * (*)(void *)[m[K’ but argument is of type ‘[01m[Kvoid *[m[K’
[28.047s]   200 |       [01;36m[Kvoid *(*__start_routine) (void *)[m[K,
[28.047s]       |       [01;36m[K~~~~~~~~^~~~~~~~~~~~~~~~~~~~~~~~~[m[K
[28.047s] [01m[K/home/hd/Desktop/motor_controls.ws/src/ethercat_device_configurator/soem_interface/soem/include_linux/soem/osal/osal.c:[m[K In function ‘[01m[Kosal_thread_create_rt[m[K’:
[28.047s] [01m[K/home/hd/Desktop/motor_controls.ws/src/ethercat_device_configurator/soem_interface/soem/include_linux/soem/osal/osal.c:162:41:[m[K [01;35m[Kwarning: [m[KISO C forbids passing argument 3 of ‘[01m[Kpthread_create[m[K’ between function pointer and ‘[01m[Kvoid *[m[K’ [[01;35m[K-Wpedantic[m[K]
[28.047s]   162 |    ret = pthread_create(threadp, &attr, [01;35m[Kfunc[m[K, param);
[28.047s]       |                                         [01;35m[K^~~~[m[K
[28.047s] In file included from [01m[K/home/hd/Desktop/motor_controls.ws/src/ethercat_device_configurator/soem_interface/soem/include/soem/osal/osal_defs.h:56[m[K,
[28.048s]                  from [01m[K/home/hd/Desktop/motor_controls.ws/src/ethercat_device_configurator/soem_interface/soem/include/soem/osal/osal.h:29[m[K,
[28.048s]                  from [01m[K/home/hd/Desktop/motor_controls.ws/src/ethercat_device_configurator/soem_interface/soem/include_linux/soem/osal/osal.c:47[m[K:
[28.048s] [01m[K/usr/include/pthread.h:200:15:[m[K [01;36m[Knote: [m[Kexpected ‘[01m[Kvoid * (*)(void *)[m[K’ but argument is of type ‘[01m[Kvoid *[m[K’
[28.048s]   200 |       [01;36m[Kvoid *(*__start_routine) (void *)[m[K,
[28.048s]       |       [01;36m[K~~~~~~~~^~~~~~~~~~~~~~~~~~~~~~~~~[m[K
[28.060s] [ 61%] [32mBuilding CXX object yaml-cpp/yaml-cpp/CMakeFiles/yaml-cpp.dir/src/simplekey.cpp.o[0m
[28.089s] [ 62%] [32mBuilding C object soem_interface/soem/CMakeFiles/soem.dir/include_linux/soem/oshw/nicdrv.c.o[0m
[28.100s] [01m[Kcc1:[m[K [01;35m[Kwarning: [m[Kcommand line option ‘[01m[K-std=c++17[m[K’ is valid for C++/ObjC++ but not for C
[28.147s] In file included from [01m[K/home/hd/Desktop/motor_controls.ws/src/ethercat_device_configurator/soem_interface/soem/include/soem/oshw/oshw.h:54[m[K,
[28.148s]                  from [01m[K/home/hd/Desktop/motor_controls.ws/src/ethercat_device_configurator/soem_interface/soem/include_linux/soem/oshw/nicdrv.c:83[m[K:
[28.148s] [01m[K/home/hd/Desktop/motor_controls.ws/src/ethercat_device_configurator/soem_interface/soem/include/soem/soem/ethercattype.h:532:5:[m[K [01;35m[Kwarning: [m[KISO C99 doesn’t support unnamed structs/unions [[01;35m[K-Wpedantic[m[K]
[28.148s]   532 |    }[01;35m[K;[m[K
[28.148s]       |     [01;35m[K^[m[K
[28.204s] [ 63%] [32mBuilding C object soem_interface/soem/CMakeFiles/soem.dir/include_linux/soem/oshw/oshw.c.o[0m
[28.218s] [01m[Kcc1:[m[K [01;35m[Kwarning: [m[Kcommand line option ‘[01m[K-std=c++17[m[K’ is valid for C++/ObjC++ but not for C
[28.234s] In file included from [01m[K/home/hd/Desktop/motor_controls.ws/src/ethercat_device_configurator/soem_interface/soem/include/soem/oshw/oshw.h:54[m[K,
[28.234s]                  from [01m[K/home/hd/Desktop/motor_controls.ws/src/ethercat_device_configurator/soem_interface/soem/include_linux/soem/oshw/oshw.c:49[m[K:
[28.234s] [01m[K/home/hd/Desktop/motor_controls.ws/src/ethercat_device_configurator/soem_interface/soem/include/soem/soem/ethercattype.h:532:5:[m[K [01;35m[Kwarning: [m[KISO C99 doesn’t support unnamed structs/unions [[01;35m[K-Wpedantic[m[K]
[28.234s]   532 |    }[01;35m[K;[m[K
[28.234s]       |     [01;35m[K^[m[K
[28.276s] [ 65%] [32m[1mLinking C static library libsoem.a[0m
[28.396s] [ 65%] Built target soem
[28.702s] [ 66%] [32mBuilding CXX object yaml-cpp/yaml-cpp/CMakeFiles/yaml-cpp.dir/src/singledocparser.cpp.o[0m
[29.498s] [ 67%] [32mBuilding CXX object yaml-cpp/yaml-cpp/CMakeFiles/yaml-cpp.dir/src/stream.cpp.o[0m
[29.892s] [ 68%] [32mBuilding CXX object yaml-cpp/yaml-cpp/CMakeFiles/yaml-cpp.dir/src/tag.cpp.o[0m
[30.257s] [ 69%] [32m[1mLinking CXX static library libyaml-cpp.a[0m
[30.399s] [ 69%] Built target yaml-cpp
[30.424s] [35m[1mScanning dependencies of target yaml-cpp-read[0m
[30.425s] [35m[1mScanning dependencies of target maxon_epos_ethercat_sdk[0m
[30.476s] [ 71%] [32mBuilding CXX object yaml-cpp/yaml-cpp/util/CMakeFiles/yaml-cpp-read.dir/read.cpp.o[0m
[30.591s] [ 72%] [32mBuilding CXX object maxon_epos_ethercat_sdk/CMakeFiles/maxon_epos_ethercat_sdk.dir/src/maxon_epos_ethercat_sdk/Command.cpp.o[0m
[31.206s] [01m[K/home/hd/Desktop/motor_controls.ws/src/ethercat_device_configurator/yaml-cpp/yaml-cpp/util/read.cpp:[m[K In member function ‘[01m[Kvirtual void NullEventHandler::OnSequenceStart(const Mark&, const string&, NullEventHandler::anchor_t, YAML::EmitterStyle::value)[m[K’:
[31.206s] [01m[K/home/hd/Desktop/motor_controls.ws/src/ethercat_device_configurator/yaml-cpp/yaml-cpp/util/read.cpp:23:50:[m[K [01;35m[Kwarning: [m[Kunused parameter ‘[01m[Kstyle[m[K’ [[01;35m[K-Wunused-parameter[m[K]
[31.206s]    23 |                        [01;35m[KYAML::EmitterStyle::value style[m[K) override {}
[31.207s]       |                        [01;35m[K~~~~~~~~~~~~~~~~~~~~~~~~~~^~~~~[m[K
[31.207s] [01m[K/home/hd/Desktop/motor_controls.ws/src/ethercat_device_configurator/yaml-cpp/yaml-cpp/util/read.cpp:[m[K In member function ‘[01m[Kvirtual void NullEventHandler::OnMapStart(const Mark&, const string&, NullEventHandler::anchor_t, YAML::EmitterStyle::value)[m[K’:
[31.207s] [01m[K/home/hd/Desktop/motor_controls.ws/src/ethercat_device_configurator/yaml-cpp/yaml-cpp/util/read.cpp:26:45:[m[K [01;35m[Kwarning: [m[Kunused parameter ‘[01m[Kstyle[m[K’ [[01;35m[K-Wunused-parameter[m[K]
[31.207s]    26 |                   [01;35m[KYAML::EmitterStyle::value style[m[K) override {}
[31.207s]       |                   [01;35m[K~~~~~~~~~~~~~~~~~~~~~~~~~~^~~~~[m[K
[31.460s] [ 73%] [32m[1mLinking CXX executable read[0m
[31.646s] [ 74%] [32mBuilding CXX object maxon_epos_ethercat_sdk/CMakeFiles/maxon_epos_ethercat_sdk.dir/src/maxon_epos_ethercat_sdk/Configuration.cpp.o[0m
[31.802s] [ 74%] Built target yaml-cpp-read
[31.833s] [35m[1mScanning dependencies of target yaml-cpp-parse[0m
[31.896s] [ 75%] [32mBuilding CXX object yaml-cpp/yaml-cpp/util/CMakeFiles/yaml-cpp-parse.dir/parse.cpp.o[0m
[32.821s] [ 77%] [32m[1mLinking CXX executable parse[0m
[32.834s] [ 78%] [32mBuilding CXX object maxon_epos_ethercat_sdk/CMakeFiles/maxon_epos_ethercat_sdk.dir/src/maxon_epos_ethercat_sdk/ConfigurationParser.cpp.o[0m
[33.024s] [ 78%] Built target yaml-cpp-parse
[33.050s] [35m[1mScanning dependencies of target yaml-cpp-sandbox[0m
[33.078s] [ 79%] [32mBuilding CXX object yaml-cpp/yaml-cpp/util/CMakeFiles/yaml-cpp-sandbox.dir/sandbox.cpp.o[0m
[33.837s] [01m[K/home/hd/Desktop/motor_controls.ws/src/ethercat_device_configurator/yaml-cpp/yaml-cpp/util/sandbox.cpp:[m[K In member function ‘[01m[Kvirtual void NullEventHandler::OnSequenceStart(const Mark&, const string&, NullEventHandler::anchor_t, YAML::EmitterStyle::value)[m[K’:
[33.837s] [01m[K/home/hd/Desktop/motor_controls.ws/src/ethercat_device_configurator/yaml-cpp/yaml-cpp/util/sandbox.cpp:21:50:[m[K [01;35m[Kwarning: [m[Kunused parameter ‘[01m[Kstyle[m[K’ [[01;35m[K-Wunused-parameter[m[K]
[33.837s]    21 |                        [01;35m[KYAML::EmitterStyle::value style[m[K) override {}
[33.837s]       |                        [01;35m[K~~~~~~~~~~~~~~~~~~~~~~~~~~^~~~~[m[K
[33.837s] [01m[K/home/hd/Desktop/motor_controls.ws/src/ethercat_device_configurator/yaml-cpp/yaml-cpp/util/sandbox.cpp:[m[K In member function ‘[01m[Kvirtual void NullEventHandler::OnMapStart(const Mark&, const string&, NullEventHandler::anchor_t, YAML::EmitterStyle::value)[m[K’:
[33.837s] [01m[K/home/hd/Desktop/motor_controls.ws/src/ethercat_device_configurator/yaml-cpp/yaml-cpp/util/sandbox.cpp:24:45:[m[K [01;35m[Kwarning: [m[Kunused parameter ‘[01m[Kstyle[m[K’ [[01;35m[K-Wunused-parameter[m[K]
[33.838s]    24 |                   [01;35m[KYAML::EmitterStyle::value style[m[K) override {}
[33.838s]       |                   [01;35m[K~~~~~~~~~~~~~~~~~~~~~~~~~~^~~~~[m[K
[34.175s] [ 80%] [32m[1mLinking CXX executable sandbox[0m
[34.319s] [ 80%] Built target yaml-cpp-sandbox
[34.341s] [ 81%] [32mBuilding CXX object maxon_epos_ethercat_sdk/CMakeFiles/maxon_epos_ethercat_sdk.dir/src/maxon_epos_ethercat_sdk/ConfigureParameters.cpp.o[0m
[38.407s] [ 83%] [32mBuilding CXX object maxon_epos_ethercat_sdk/CMakeFiles/maxon_epos_ethercat_sdk.dir/src/maxon_epos_ethercat_sdk/Controlword.cpp.o[0m
[38.798s] [ 84%] [32mBuilding CXX object maxon_epos_ethercat_sdk/CMakeFiles/maxon_epos_ethercat_sdk.dir/src/maxon_epos_ethercat_sdk/Diagnostics.cpp.o[0m
[39.568s] [ 85%] [32mBuilding CXX object maxon_epos_ethercat_sdk/CMakeFiles/maxon_epos_ethercat_sdk.dir/src/maxon_epos_ethercat_sdk/DriveState.cpp.o[0m
[39.853s] [ 86%] [32mBuilding CXX object maxon_epos_ethercat_sdk/CMakeFiles/maxon_epos_ethercat_sdk.dir/src/maxon_epos_ethercat_sdk/Maxon.cpp.o[0m
[43.839s] [ 87%] [32mBuilding CXX object maxon_epos_ethercat_sdk/CMakeFiles/maxon_epos_ethercat_sdk.dir/src/maxon_epos_ethercat_sdk/ModeOfOperationEnum.cpp.o[0m
[44.312s] [ 89%] [32mBuilding CXX object maxon_epos_ethercat_sdk/CMakeFiles/maxon_epos_ethercat_sdk.dir/src/maxon_epos_ethercat_sdk/PdoTypeEnum.cpp.o[0m
[44.558s] [ 90%] [32mBuilding CXX object maxon_epos_ethercat_sdk/CMakeFiles/maxon_epos_ethercat_sdk.dir/src/maxon_epos_ethercat_sdk/Reading.cpp.o[0m
[45.225s] [ 91%] [32mBuilding CXX object maxon_epos_ethercat_sdk/CMakeFiles/maxon_epos_ethercat_sdk.dir/src/maxon_epos_ethercat_sdk/Statusword.cpp.o[0m
[45.565s] [ 92%] [32m[1mLinking CXX static library libmaxon_epos_ethercat_sdk.a[0m
[45.678s] [ 92%] Built target maxon_epos_ethercat_sdk
[45.704s] [35m[1mScanning dependencies of target standalone[0m
[45.780s] [ 93%] [32mBuilding CXX object CMakeFiles/standalone.dir/src/standalone.cpp.o[0m
[47.930s] [01m[K/home/hd/Desktop/motor_controls.ws/src/ethercat_device_configurator/src/standalone.cpp:[m[K In function ‘[01m[Kvoid signal_handler(int)[m[K’:
[47.930s] [01m[K/home/hd/Desktop/motor_controls.ws/src/ethercat_device_configurator/src/standalone.cpp:156:25:[m[K [01;35m[Kwarning: [m[Kunused parameter ‘[01m[Ksig[m[K’ [[01;35m[K-Wunused-parameter[m[K]
[47.930s]   156 | void signal_handler([01;35m[Kint sig[m[K)
[47.930s]       |                     [01;35m[K~~~~^~~[m[K
[48.826s] [ 95%] [32mBuilding CXX object CMakeFiles/standalone.dir/src/EthercatDeviceConfigurator.cpp.o[0m
[50.101s] [ 96%] [32mBuilding C object CMakeFiles/standalone.dir/include/ethercat_device_configurator/soem/soem/ethercatconfig.c.o[0m
[50.253s] [01m[Kcc1:[m[K [01;35m[Kwarning: [m[Kcommand line option ‘[01m[K-std=c++17[m[K’ is valid for C++/ObjC++ but not for C
[50.270s] In file included from [01m[K/home/hd/Desktop/motor_controls.ws/src/ethercat_device_configurator/include/ethercat_device_configurator/soem/oshw/oshw.h:54[m[K,
[50.270s]                  from [01m[K/home/hd/Desktop/motor_controls.ws/src/ethercat_device_configurator/include/ethercat_device_configurator/soem/soem/ethercatconfig.c:53[m[K:
[50.271s] [01m[K/home/hd/Desktop/motor_controls.ws/src/ethercat_device_configurator/include/ethercat_device_configurator/soem/soem/ethercattype.h:532:5:[m[K [01;35m[Kwarning: [m[KISO C99 doesn’t support unnamed structs/unions [[01;35m[K-Wpedantic[m[K]
[50.271s]   532 |    }[01;35m[K;[m[K
[50.271s]       |     [01;35m[K^[m[K
[50.273s] In file included from [01m[K/home/hd/Desktop/motor_controls.ws/src/ethercat_device_configurator/include/ethercat_device_configurator/soem/soem/ethercatconfig.c:58[m[K:
[50.273s] [01m[K/home/hd/Desktop/motor_controls.ws/src/ethercat_device_configurator/include/ethercat_device_configurator/soem/soem/ethercatsoe.h:96:5:[m[K [01;35m[Kwarning: [m[KISO C99 doesn’t support unnamed structs/unions [[01;35m[K-Wpedantic[m[K]
[50.273s]    96 |    }[01;35m[K;[m[K
[50.273s]       |     [01;35m[K^[m[K
[50.274s] [01m[K/home/hd/Desktop/motor_controls.ws/src/ethercat_device_configurator/include/ethercat_device_configurator/soem/soem/ethercatconfig.c:[m[K In function ‘[01m[Kecx_config_from_table[m[K’:
[50.274s] [01m[K/home/hd/Desktop/motor_controls.ws/src/ethercat_device_configurator/include/ethercat_device_configurator/soem/soem/ethercatconfig.c:290:48:[m[K [01;35m[Kwarning: [m[Kunused parameter ‘[01m[Kcontext[m[K’ [[01;35m[K-Wunused-parameter[m[K]
[50.274s]   290 | static int ecx_config_from_table([01;35m[Kecx_contextt *context[m[K, uint16 slave)
[50.274s]       |                                  [01;35m[K~~~~~~~~~~~~~~^~~~~~~[m[K
[50.274s] [01m[K/home/hd/Desktop/motor_controls.ws/src/ethercat_device_configurator/include/ethercat_device_configurator/soem/soem/ethercatconfig.c:290:64:[m[K [01;35m[Kwarning: [m[Kunused parameter ‘[01m[Kslave[m[K’ [[01;35m[K-Wunused-parameter[m[K]
[50.274s]   290 | static int ecx_config_from_table(ecx_contextt *context, [01;35m[Kuint16 slave[m[K)
[50.274s]       |                                                         [01;35m[K~~~~~~~^~~~~[m[K
[50.277s] [01m[K/home/hd/Desktop/motor_controls.ws/src/ethercat_device_configurator/include/ethercat_device_configurator/soem/soem/ethercatconfig.c:[m[K In function ‘[01m[Kecx_config_map_group[m[K’:
[50.278s] [01m[K/home/hd/Desktop/motor_controls.ws/src/ethercat_device_configurator/include/ethercat_device_configurator/soem/soem/ethercatconfig.c:918:19:[m[K [01;35m[Kwarning: [m[KISO C forbids passing argument 3 of ‘[01m[Kosal_thread_create[m[K’ between function pointer and ‘[01m[Kvoid *[m[K’ [[01;35m[K-Wpedantic[m[K]
[50.278s]   918 |                   [01;35m[K&ecx_mapper_thread[m[K, &(ecx_mapt[thrn]));
[50.278s]       |                   [01;35m[K^~~~~~~~~~~~~~~~~~[m[K
[50.278s] In file included from [01m[K/home/hd/Desktop/motor_controls.ws/src/ethercat_device_configurator/include/ethercat_device_configurator/soem/soem/ethercatconfig.c:52[m[K:
[50.278s] [01m[K/home/hd/Desktop/motor_controls.ws/src/ethercat_device_configurator/include/ethercat_device_configurator/soem/osal/osal.h:63:60:[m[K [01;36m[Knote: [m[Kexpected ‘[01m[Kvoid *[m[K’ but argument is of type ‘[01m[Kvoid (*)(void *)[m[K’
[50.278s]    63 | int osal_thread_create(void *thandle, int stacksize, [01;36m[Kvoid *func[m[K, void *param);
[50.278s]       |                                                      [01;36m[K~~~~~~^~~~[m[K
[50.401s] [ 97%] [32mBuilding C object CMakeFiles/standalone.dir/include/ethercat_device_configurator/soem/soem/ethercatprint.c.o[0m
[50.421s] [01m[Kcc1:[m[K [01;35m[Kwarning: [m[Kcommand line option ‘[01m[K-std=c++17[m[K’ is valid for C++/ObjC++ but not for C
[50.432s] In file included from [01m[K/home/hd/Desktop/motor_controls.ws/src/ethercat_device_configurator/include/ethercat_device_configurator/soem/oshw/oshw.h:54[m[K,
[50.432s]                  from [01m[K/home/hd/Desktop/motor_controls.ws/src/ethercat_device_configurator/include/ethercat_device_configurator/soem/soem/ethercatprint.c:52[m[K:
[50.432s] [01m[K/home/hd/Desktop/motor_controls.ws/src/ethercat_device_configurator/include/ethercat_device_configurator/soem/soem/ethercattype.h:532:5:[m[K [01;35m[Kwarning: [m[KISO C99 doesn’t support unnamed structs/unions [[01;35m[K-Wpedantic[m[K]
[50.432s]   532 |    }[01;35m[K;[m[K
[50.432s]       |     [01;35m[K^[m[K
[50.476s] [ 98%] [32mBuilding C object CMakeFiles/standalone.dir/include/ethercat_device_configurator/soem/soem/ethercatdc.c.o[0m
[50.485s] [01m[Kcc1:[m[K [01;35m[Kwarning: [m[Kcommand line option ‘[01m[K-std=c++17[m[K’ is valid for C++/ObjC++ but not for C
[50.498s] In file included from [01m[K/home/hd/Desktop/motor_controls.ws/src/ethercat_device_configurator/include/ethercat_device_configurator/soem/oshw/oshw.h:54[m[K,
[50.498s]                  from [01m[K/home/hd/Desktop/motor_controls.ws/src/ethercat_device_configurator/include/ethercat_device_configurator/soem/soem/ethercatdc.c:47[m[K:
[50.498s] [01m[K/home/hd/Desktop/motor_controls.ws/src/ethercat_device_configurator/include/ethercat_device_configurator/soem/soem/ethercattype.h:532:5:[m[K [01;35m[Kwarning: [m[KISO C99 doesn’t support unnamed structs/unions [[01;35m[K-Wpedantic[m[K]
[50.498s]   532 |    }[01;35m[K;[m[K
[50.498s]       |     [01;35m[K^[m[K
[52.437s] [100%] [32m[1mLinking CXX executable standalone[0m
[53.703s] [100%] Built target standalone
[53.750s] Invoked command in '/home/hd/Desktop/motor_controls.ws/build/ethercat_device_configurator' returned '0': CMAKE_PREFIX_PATH=${CMAKE_PREFIX_PATH}:/home/hd/ros2_foxy/install/ros2bag:/home/hd/ros2_foxy/install/tracetools_launch:/home/hd/ros2_foxy/install/topic_monitor:/home/hd/ros2_foxy/install/examples_tf2_py:/home/hd/ros2_foxy/install/sros2:/home/hd/ros2_foxy/install/rqt_topic:/home/hd/ros2_foxy/install/rqt_top:/home/hd/ros2_foxy/install/rqt_srv:/home/hd/ros2_foxy/install/rqt_shell:/home/hd/ros2_foxy/install/rqt_service_caller:/home/hd/ros2_foxy/install/rqt_reconfigure:/home/hd/ros2_foxy/install/rqt_py_console:/home/hd/ros2_foxy/install/rqt_publisher:/home/hd/ros2_foxy/install/rqt_plot:/home/hd/ros2_foxy/install/rqt_action:/home/hd/ros2_foxy/install/rqt_msg:/home/hd/ros2_foxy/install/rqt_console:/home/hd/ros2_foxy/install/rqt:/home/hd/ros2_foxy/install/rqt_graph:/home/hd/ros2_foxy/install/rqt_gui_py:/home/hd/ros2_foxy/install/rqt_gui:/home/hd/ros2_foxy/install/ros2trace:/home/hd/ros2_foxy/install/ros2topic:/home/hd/ros2_foxy/install/ros2test:/home/hd/ros2_foxy/install/ros2component:/home/hd/ros2_foxy/install/ros2param:/home/hd/ros2_foxy/install/ros2lifecycle:/home/hd/ros2_foxy/install/ros2service:/home/hd/ros2_foxy/install/ros2run:/home/hd/ros2_foxy/install/ros2launch:/home/hd/ros2_foxy/install/ros2pkg:/home/hd/ros2_foxy/install/ros2node:/home/hd/ros2_foxy/install/ros2multicast:/home/hd/ros2_foxy/install/ros2interface:/home/hd/ros2_foxy/install/ros2doctor:/home/hd/ros2_foxy/install/ros2action:/home/hd/ros2_foxy/install/ros2cli:/home/hd/ros2_foxy/install/quality_of_service_demo_py:/home/hd/ros2_foxy/install/launch_testing_ros:/home/hd/ros2_foxy/install/launch_ros:/home/hd/ros2_foxy/install/examples_rclpy_minimal_subscriber:/home/hd/ros2_foxy/install/examples_rclpy_minimal_service:/home/hd/ros2_foxy/install/examples_rclpy_minimal_publisher:/home/hd/ros2_foxy/install/examples_rclpy_minimal_client:/home/hd/ros2_foxy/install/examples_rclpy_minimal_action_server:/home/hd/ros2_foxy/install/examples_rclpy_minimal_action_client:/home/hd/ros2_foxy/install/examples_rclpy_executors:/home/hd/ros2_foxy/install/demo_nodes_py:/home/hd/ros2_foxy/install/action_tutorials_py:/home/hd/ros2_foxy/install/ament_uncrustify:/home/hd/ros2_foxy/install/tracetools_trace:/home/hd/ros2_foxy/install/tracetools_read:/home/hd/ros2_foxy/install/test_launch_ros:/home/hd/ros2_foxy/install/sensor_msgs_py:/home/hd/ros2_foxy/install/rpyutils:/home/hd/ros2_foxy/install/rosidl_runtime_py:/home/hd/ros2_foxy/install/launch_yaml:/home/hd/ros2_foxy/install/launch_xml:/home/hd/ros2_foxy/install/launch_testing:/home/hd/ros2_foxy/install/launch:/home/hd/ros2_foxy/install/osrf_pycommon:/home/hd/ros2_foxy/install/domain_coordinator:/home/hd/ros2_foxy/install/ament_xmllint:/home/hd/ros2_foxy/install/ament_pyflakes:/home/hd/ros2_foxy/install/ament_pycodestyle:/home/hd/ros2_foxy/install/ament_pep257:/home/hd/ros2_foxy/install/ament_pclint:/home/hd/ros2_foxy/install/ament_package:/home/hd/ros2_foxy/install/ament_mypy:/home/hd/ros2_foxy/install/ament_lint_cmake:/home/hd/ros2_foxy/install/ament_flake8:/home/hd/ros2_foxy/install/ament_copyright:/home/hd/ros2_foxy/install/ament_lint:/home/hd/ros2_foxy/install/ament_index_python:/home/hd/ros2_foxy/install/ament_cpplint:/home/hd/ros2_foxy/install/ament_cppcheck:/home/hd/ros2_foxy/install/ament_clang_tidy:/home/hd/ros2_foxy/install/ament_clang_format /usr/bin/cmake --build /home/hd/Desktop/motor_controls.ws/build/ethercat_device_configurator -- -j2 -l2
[53.950s] Invoking command in '/home/hd/Desktop/motor_controls.ws/build/ethercat_device_configurator': CMAKE_PREFIX_PATH=${CMAKE_PREFIX_PATH}:/home/hd/ros2_foxy/install/ros2bag:/home/hd/ros2_foxy/install/tracetools_launch:/home/hd/ros2_foxy/install/topic_monitor:/home/hd/ros2_foxy/install/examples_tf2_py:/home/hd/ros2_foxy/install/sros2:/home/hd/ros2_foxy/install/rqt_topic:/home/hd/ros2_foxy/install/rqt_top:/home/hd/ros2_foxy/install/rqt_srv:/home/hd/ros2_foxy/install/rqt_shell:/home/hd/ros2_foxy/install/rqt_service_caller:/home/hd/ros2_foxy/install/rqt_reconfigure:/home/hd/ros2_foxy/install/rqt_py_console:/home/hd/ros2_foxy/install/rqt_publisher:/home/hd/ros2_foxy/install/rqt_plot:/home/hd/ros2_foxy/install/rqt_action:/home/hd/ros2_foxy/install/rqt_msg:/home/hd/ros2_foxy/install/rqt_console:/home/hd/ros2_foxy/install/rqt:/home/hd/ros2_foxy/install/rqt_graph:/home/hd/ros2_foxy/install/rqt_gui_py:/home/hd/ros2_foxy/install/rqt_gui:/home/hd/ros2_foxy/install/ros2trace:/home/hd/ros2_foxy/install/ros2topic:/home/hd/ros2_foxy/install/ros2test:/home/hd/ros2_foxy/install/ros2component:/home/hd/ros2_foxy/install/ros2param:/home/hd/ros2_foxy/install/ros2lifecycle:/home/hd/ros2_foxy/install/ros2service:/home/hd/ros2_foxy/install/ros2run:/home/hd/ros2_foxy/install/ros2launch:/home/hd/ros2_foxy/install/ros2pkg:/home/hd/ros2_foxy/install/ros2node:/home/hd/ros2_foxy/install/ros2multicast:/home/hd/ros2_foxy/install/ros2interface:/home/hd/ros2_foxy/install/ros2doctor:/home/hd/ros2_foxy/install/ros2action:/home/hd/ros2_foxy/install/ros2cli:/home/hd/ros2_foxy/install/quality_of_service_demo_py:/home/hd/ros2_foxy/install/launch_testing_ros:/home/hd/ros2_foxy/install/launch_ros:/home/hd/ros2_foxy/install/examples_rclpy_minimal_subscriber:/home/hd/ros2_foxy/install/examples_rclpy_minimal_service:/home/hd/ros2_foxy/install/examples_rclpy_minimal_publisher:/home/hd/ros2_foxy/install/examples_rclpy_minimal_client:/home/hd/ros2_foxy/install/examples_rclpy_minimal_action_server:/home/hd/ros2_foxy/install/examples_rclpy_minimal_action_client:/home/hd/ros2_foxy/install/examples_rclpy_executors:/home/hd/ros2_foxy/install/demo_nodes_py:/home/hd/ros2_foxy/install/action_tutorials_py:/home/hd/ros2_foxy/install/ament_uncrustify:/home/hd/ros2_foxy/install/tracetools_trace:/home/hd/ros2_foxy/install/tracetools_read:/home/hd/ros2_foxy/install/test_launch_ros:/home/hd/ros2_foxy/install/sensor_msgs_py:/home/hd/ros2_foxy/install/rpyutils:/home/hd/ros2_foxy/install/rosidl_runtime_py:/home/hd/ros2_foxy/install/launch_yaml:/home/hd/ros2_foxy/install/launch_xml:/home/hd/ros2_foxy/install/launch_testing:/home/hd/ros2_foxy/install/launch:/home/hd/ros2_foxy/install/osrf_pycommon:/home/hd/ros2_foxy/install/domain_coordinator:/home/hd/ros2_foxy/install/ament_xmllint:/home/hd/ros2_foxy/install/ament_pyflakes:/home/hd/ros2_foxy/install/ament_pycodestyle:/home/hd/ros2_foxy/install/ament_pep257:/home/hd/ros2_foxy/install/ament_pclint:/home/hd/ros2_foxy/install/ament_package:/home/hd/ros2_foxy/install/ament_mypy:/home/hd/ros2_foxy/install/ament_lint_cmake:/home/hd/ros2_foxy/install/ament_flake8:/home/hd/ros2_foxy/install/ament_copyright:/home/hd/ros2_foxy/install/ament_lint:/home/hd/ros2_foxy/install/ament_index_python:/home/hd/ros2_foxy/install/ament_cpplint:/home/hd/ros2_foxy/install/ament_cppcheck:/home/hd/ros2_foxy/install/ament_clang_tidy:/home/hd/ros2_foxy/install/ament_clang_format /usr/bin/cmake --install /home/hd/Desktop/motor_controls.ws/build/ethercat_device_configurator
[53.972s] -- Install configuration: ""
[53.972s] -- Installing: /home/hd/Desktop/motor_controls.ws/install/ethercat_device_configurator/lib/ethercat_device_configurator/standalone
[53.976s] -- Set runtime path of "/home/hd/Desktop/motor_controls.ws/install/ethercat_device_configurator/lib/ethercat_device_configurator/standalone" to ""
[53.976s] -- Installing: /home/hd/Desktop/motor_controls.ws/install/ethercat_device_configurator/share/ament_index/resource_index/package_run_dependencies/ethercat_device_configurator
[53.976s] -- Installing: /home/hd/Desktop/motor_controls.ws/install/ethercat_device_configurator/share/ament_index/resource_index/parent_prefix_path/ethercat_device_configurator
[53.976s] -- Installing: /home/hd/Desktop/motor_controls.ws/install/ethercat_device_configurator/share/ethercat_device_configurator/environment/ament_prefix_path.sh
[53.976s] -- Installing: /home/hd/Desktop/motor_controls.ws/install/ethercat_device_configurator/share/ethercat_device_configurator/environment/ament_prefix_path.dsv
[53.980s] -- Installing: /home/hd/Desktop/motor_controls.ws/install/ethercat_device_configurator/share/ethercat_device_configurator/environment/path.sh
[53.980s] -- Installing: /home/hd/Desktop/motor_controls.ws/install/ethercat_device_configurator/share/ethercat_device_configurator/environment/path.dsv
[53.981s] -- Installing: /home/hd/Desktop/motor_controls.ws/install/ethercat_device_configurator/share/ethercat_device_configurator/local_setup.bash
[53.982s] -- Installing: /home/hd/Desktop/motor_controls.ws/install/ethercat_device_configurator/share/ethercat_device_configurator/local_setup.sh
[53.982s] -- Installing: /home/hd/Desktop/motor_controls.ws/install/ethercat_device_configurator/share/ethercat_device_configurator/local_setup.zsh
[53.983s] -- Installing: /home/hd/Desktop/motor_controls.ws/install/ethercat_device_configurator/share/ethercat_device_configurator/local_setup.dsv
[53.996s] -- Installing: /home/hd/Desktop/motor_controls.ws/install/ethercat_device_configurator/share/ethercat_device_configurator/package.dsv
[53.996s] -- Installing: /home/hd/Desktop/motor_controls.ws/install/ethercat_device_configurator/share/ament_index/resource_index/packages/ethercat_device_configurator
[53.997s] -- Installing: /home/hd/Desktop/motor_controls.ws/install/ethercat_device_configurator/share/ethercat_device_configurator/cmake/ethercat_device_configuratorConfig.cmake
[53.997s] -- Installing: /home/hd/Desktop/motor_controls.ws/install/ethercat_device_configurator/share/ethercat_device_configurator/cmake/ethercat_device_configuratorConfig-version.cmake
[53.997s] -- Installing: /home/hd/Desktop/motor_controls.ws/install/ethercat_device_configurator/share/ethercat_device_configurator/package.xml
[54.000s] -- Installing: /home/hd/Desktop/motor_controls.ws/install/ethercat_device_configurator/lib/libethercat_sdk_master.a
[54.000s] -- Installing: /home/hd/Desktop/motor_controls.ws/install/ethercat_device_configurator/include/ethercat_sdk_master
[54.001s] -- Installing: /home/hd/Desktop/motor_controls.ws/install/ethercat_device_configurator/include/ethercat_sdk_master/EthercatDevice.hpp
[54.001s] -- Installing: /home/hd/Desktop/motor_controls.ws/install/ethercat_device_configurator/include/ethercat_sdk_master/EthercatMaster.hpp
[54.001s] -- Installing: /home/hd/Desktop/motor_controls.ws/install/ethercat_device_configurator/include/ethercat_sdk_master/UpdateMode.hpp
[54.001s] -- Installing: /home/hd/Desktop/motor_controls.ws/install/ethercat_device_configurator/include/ethercat_sdk_master/EthercatMasterConfiguration.hpp
[54.001s] -- Installing: /home/hd/Desktop/motor_controls.ws/install/ethercat_device_configurator/share/ament_index/resource_index/package_run_dependencies/ethercat_sdk_master
[54.001s] -- Installing: /home/hd/Desktop/motor_controls.ws/install/ethercat_device_configurator/share/ament_index/resource_index/parent_prefix_path/ethercat_sdk_master
[54.001s] -- Installing: /home/hd/Desktop/motor_controls.ws/install/ethercat_device_configurator/share/ethercat_sdk_master/environment/ament_prefix_path.sh
[54.002s] -- Installing: /home/hd/Desktop/motor_controls.ws/install/ethercat_device_configurator/share/ethercat_sdk_master/environment/ament_prefix_path.dsv
[54.002s] -- Installing: /home/hd/Desktop/motor_controls.ws/install/ethercat_device_configurator/share/ethercat_sdk_master/environment/path.sh
[54.002s] -- Installing: /home/hd/Desktop/motor_controls.ws/install/ethercat_device_configurator/share/ethercat_sdk_master/environment/path.dsv
[54.002s] -- Installing: /home/hd/Desktop/motor_controls.ws/install/ethercat_device_configurator/share/ethercat_sdk_master/local_setup.bash
[54.002s] -- Installing: /home/hd/Desktop/motor_controls.ws/install/ethercat_device_configurator/share/ethercat_sdk_master/local_setup.sh
[54.002s] -- Installing: /home/hd/Desktop/motor_controls.ws/install/ethercat_device_configurator/share/ethercat_sdk_master/local_setup.zsh
[54.003s] -- Installing: /home/hd/Desktop/motor_controls.ws/install/ethercat_device_configurator/share/ethercat_sdk_master/local_setup.dsv
[54.003s] -- Installing: /home/hd/Desktop/motor_controls.ws/install/ethercat_device_configurator/share/ethercat_sdk_master/package.dsv
[54.003s] -- Installing: /home/hd/Desktop/motor_controls.ws/install/ethercat_device_configurator/share/ament_index/resource_index/packages/ethercat_sdk_master
[54.003s] -- Installing: /home/hd/Desktop/motor_controls.ws/install/ethercat_device_configurator/share/ethercat_sdk_master/cmake/ethercat_sdk_masterConfig.cmake
[54.004s] -- Installing: /home/hd/Desktop/motor_controls.ws/install/ethercat_device_configurator/share/ethercat_sdk_master/cmake/ethercat_sdk_masterConfig-version.cmake
[54.004s] -- Installing: /home/hd/Desktop/motor_controls.ws/install/ethercat_device_configurator/share/ethercat_sdk_master/package.xml
[54.005s] -- Installing: /home/hd/Desktop/motor_controls.ws/install/ethercat_device_configurator/lib/libmaxon_epos_ethercat_sdk.a
[54.007s] -- Installing: /home/hd/Desktop/motor_controls.ws/install/ethercat_device_configurator/include/maxon_epos_ethercat_sdk
[54.008s] -- Installing: /home/hd/Desktop/motor_controls.ws/install/ethercat_device_configurator/include/maxon_epos_ethercat_sdk/RxPdo.hpp
[54.008s] -- Installing: /home/hd/Desktop/motor_controls.ws/install/ethercat_device_configurator/include/maxon_epos_ethercat_sdk/Maxon.hpp
[54.008s] -- Installing: /home/hd/Desktop/motor_controls.ws/install/ethercat_device_configurator/include/maxon_epos_ethercat_sdk/TxPdo.hpp
[54.011s] -- Installing: /home/hd/Desktop/motor_controls.ws/install/ethercat_device_configurator/include/maxon_epos_ethercat_sdk/ObjectDictionary.hpp
[54.012s] -- Installing: /home/hd/Desktop/motor_controls.ws/install/ethercat_device_configurator/include/maxon_epos_ethercat_sdk/ModeOfOperationEnum.hpp
[54.012s] -- Installing: /home/hd/Desktop/motor_controls.ws/install/ethercat_device_configurator/include/maxon_epos_ethercat_sdk/DriveState.hpp
[54.012s] -- Installing: /home/hd/Desktop/motor_controls.ws/install/ethercat_device_configurator/include/maxon_epos_ethercat_sdk/Error.hpp
[54.012s] -- Installing: /home/hd/Desktop/motor_controls.ws/install/ethercat_device_configurator/include/maxon_epos_ethercat_sdk/ConfigurationParser.hpp
[54.012s] -- Installing: /home/hd/Desktop/motor_controls.ws/install/ethercat_device_configurator/include/maxon_epos_ethercat_sdk/Reading.hpp
[54.012s] -- Installing: /home/hd/Desktop/motor_controls.ws/install/ethercat_device_configurator/include/maxon_epos_ethercat_sdk/PdoTypeEnum.hpp
[54.012s] -- Installing: /home/hd/Desktop/motor_controls.ws/install/ethercat_device_configurator/include/maxon_epos_ethercat_sdk/Command.hpp
[54.012s] -- Installing: /home/hd/Desktop/motor_controls.ws/install/ethercat_device_configurator/include/maxon_epos_ethercat_sdk/Controlword.hpp
[54.013s] -- Installing: /home/hd/Desktop/motor_controls.ws/install/ethercat_device_configurator/include/maxon_epos_ethercat_sdk/Statusword.hpp
[54.014s] -- Installing: /home/hd/Desktop/motor_controls.ws/install/ethercat_device_configurator/include/maxon_epos_ethercat_sdk/Configuration.hpp
[54.014s] -- Installing: /home/hd/Desktop/motor_controls.ws/install/ethercat_device_configurator/share/ament_index/resource_index/package_run_dependencies/maxon_epos_ethercat_sdk
[54.014s] -- Installing: /home/hd/Desktop/motor_controls.ws/install/ethercat_device_configurator/share/ament_index/resource_index/parent_prefix_path/maxon_epos_ethercat_sdk
[54.014s] -- Installing: /home/hd/Desktop/motor_controls.ws/install/ethercat_device_configurator/share/maxon_epos_ethercat_sdk/environment/ament_prefix_path.sh
[54.015s] -- Installing: /home/hd/Desktop/motor_controls.ws/install/ethercat_device_configurator/share/maxon_epos_ethercat_sdk/environment/ament_prefix_path.dsv
[54.015s] -- Installing: /home/hd/Desktop/motor_controls.ws/install/ethercat_device_configurator/share/maxon_epos_ethercat_sdk/environment/path.sh
[54.015s] -- Installing: /home/hd/Desktop/motor_controls.ws/install/ethercat_device_configurator/share/maxon_epos_ethercat_sdk/environment/path.dsv
[54.015s] -- Installing: /home/hd/Desktop/motor_controls.ws/install/ethercat_device_configurator/share/maxon_epos_ethercat_sdk/local_setup.bash
[54.015s] -- Installing: /home/hd/Desktop/motor_controls.ws/install/ethercat_device_configurator/share/maxon_epos_ethercat_sdk/local_setup.sh
[54.020s] -- Installing: /home/hd/Desktop/motor_controls.ws/install/ethercat_device_configurator/share/maxon_epos_ethercat_sdk/local_setup.zsh
[54.025s] -- Installing: /home/hd/Desktop/motor_controls.ws/install/ethercat_device_configurator/share/maxon_epos_ethercat_sdk/local_setup.dsv
[54.025s] -- Installing: /home/hd/Desktop/motor_controls.ws/install/ethercat_device_configurator/share/maxon_epos_ethercat_sdk/package.dsv
[54.025s] -- Installing: /home/hd/Desktop/motor_controls.ws/install/ethercat_device_configurator/share/ament_index/resource_index/packages/maxon_epos_ethercat_sdk
[54.025s] -- Installing: /home/hd/Desktop/motor_controls.ws/install/ethercat_device_configurator/share/maxon_epos_ethercat_sdk/cmake/maxon_epos_ethercat_sdkConfig.cmake
[54.025s] -- Installing: /home/hd/Desktop/motor_controls.ws/install/ethercat_device_configurator/share/maxon_epos_ethercat_sdk/cmake/maxon_epos_ethercat_sdkConfig-version.cmake
[54.025s] -- Installing: /home/hd/Desktop/motor_controls.ws/install/ethercat_device_configurator/share/maxon_epos_ethercat_sdk/package.xml
[54.025s] -- Installing: /home/hd/Desktop/motor_controls.ws/install/ethercat_device_configurator/lib/libmessage_logger.so
[54.025s] -- Set runtime path of "/home/hd/Desktop/motor_controls.ws/install/ethercat_device_configurator/lib/libmessage_logger.so" to ""
[54.026s] -- Installing: /home/hd/Desktop/motor_controls.ws/install/ethercat_device_configurator/include/message_logger
[54.026s] -- Installing: /home/hd/Desktop/motor_controls.ws/install/ethercat_device_configurator/include/message_logger/time
[54.026s] -- Installing: /home/hd/Desktop/motor_controls.ws/install/ethercat_device_configurator/include/message_logger/time/TimeStd.hpp
[54.026s] -- Installing: /home/hd/Desktop/motor_controls.ws/install/ethercat_device_configurator/include/message_logger/time/Time.hpp
[54.026s] -- Installing: /home/hd/Desktop/motor_controls.ws/install/ethercat_device_configurator/include/message_logger/message_logger.hpp
[54.026s] -- Installing: /home/hd/Desktop/motor_controls.ws/install/ethercat_device_configurator/include/message_logger/common
[54.026s] -- Installing: /home/hd/Desktop/motor_controls.ws/install/ethercat_device_configurator/include/message_logger/common/colors.hpp
[54.026s] -- Installing: /home/hd/Desktop/motor_controls.ws/install/ethercat_device_configurator/include/message_logger/common/source_file_pos.hpp
[54.026s] -- Installing: /home/hd/Desktop/motor_controls.ws/install/ethercat_device_configurator/include/message_logger/common/preprocessor_defines.hpp
[54.026s] -- Installing: /home/hd/Desktop/motor_controls.ws/install/ethercat_device_configurator/include/message_logger/log
[54.026s] -- Installing: /home/hd/Desktop/motor_controls.ws/install/ethercat_device_configurator/include/message_logger/log/log_messages_ros.hpp
[54.026s] -- Installing: /home/hd/Desktop/motor_controls.ws/install/ethercat_device_configurator/include/message_logger/log/log_messages_std.hpp
[54.026s] -- Installing: /home/hd/Desktop/motor_controls.ws/install/ethercat_device_configurator/include/message_logger/log/log_messages_backend_config.hpp
[54.026s] -- Installing: /home/hd/Desktop/motor_controls.ws/install/ethercat_device_configurator/include/message_logger/log/log_messages_backend_config.hpp.in
[54.027s] -- Installing: /home/hd/Desktop/motor_controls.ws/install/ethercat_device_configurator/include/message_logger/log/log_messages_backend.hpp
[54.027s] -- Installing: /home/hd/Desktop/motor_controls.ws/install/ethercat_device_configurator/include/message_logger/log/log_messages.hpp
[54.027s] -- Installing: /home/hd/Desktop/motor_controls.ws/install/ethercat_device_configurator/share/message_logger/environment/library_path.sh
[54.027s] -- Installing: /home/hd/Desktop/motor_controls.ws/install/ethercat_device_configurator/share/message_logger/environment/library_path.dsv
[54.027s] -- Installing: /home/hd/Desktop/motor_controls.ws/install/ethercat_device_configurator/share/ament_index/resource_index/package_run_dependencies/message_logger
[54.027s] -- Installing: /home/hd/Desktop/motor_controls.ws/install/ethercat_device_configurator/share/ament_index/resource_index/parent_prefix_path/message_logger
[54.027s] -- Installing: /home/hd/Desktop/motor_controls.ws/install/ethercat_device_configurator/share/message_logger/environment/ament_prefix_path.sh
[54.027s] -- Installing: /home/hd/Desktop/motor_controls.ws/install/ethercat_device_configurator/share/message_logger/environment/ament_prefix_path.dsv
[54.027s] -- Installing: /home/hd/Desktop/motor_controls.ws/install/ethercat_device_configurator/share/message_logger/environment/path.sh
[54.027s] -- Installing: /home/hd/Desktop/motor_controls.ws/install/ethercat_device_configurator/share/message_logger/environment/path.dsv
[54.027s] -- Installing: /home/hd/Desktop/motor_controls.ws/install/ethercat_device_configurator/share/message_logger/local_setup.bash
[54.028s] -- Installing: /home/hd/Desktop/motor_controls.ws/install/ethercat_device_configurator/share/message_logger/local_setup.sh
[54.028s] -- Installing: /home/hd/Desktop/motor_controls.ws/install/ethercat_device_configurator/share/message_logger/local_setup.zsh
[54.028s] -- Installing: /home/hd/Desktop/motor_controls.ws/install/ethercat_device_configurator/share/message_logger/local_setup.dsv
[54.028s] -- Installing: /home/hd/Desktop/motor_controls.ws/install/ethercat_device_configurator/share/message_logger/package.dsv
[54.028s] -- Installing: /home/hd/Desktop/motor_controls.ws/install/ethercat_device_configurator/share/ament_index/resource_index/packages/message_logger
[54.028s] -- Installing: /home/hd/Desktop/motor_controls.ws/install/ethercat_device_configurator/share/message_logger/cmake/ament_cmake_export_include_directories-extras.cmake
[54.028s] -- Installing: /home/hd/Desktop/motor_controls.ws/install/ethercat_device_configurator/share/message_logger/cmake/ament_cmake_export_libraries-extras.cmake
[54.028s] -- Installing: /home/hd/Desktop/motor_controls.ws/install/ethercat_device_configurator/share/message_logger/cmake/message_loggerConfig.cmake
[54.028s] -- Installing: /home/hd/Desktop/motor_controls.ws/install/ethercat_device_configurator/share/message_logger/cmake/message_loggerConfig-version.cmake
[54.028s] -- Installing: /home/hd/Desktop/motor_controls.ws/install/ethercat_device_configurator/share/message_logger/package.xml
[54.028s] -- Installing: /home/hd/Desktop/motor_controls.ws/install/ethercat_device_configurator/share/ament_index/resource_index/package_run_dependencies/soem_rsl
[54.028s] -- Installing: /home/hd/Desktop/motor_controls.ws/install/ethercat_device_configurator/share/ament_index/resource_index/parent_prefix_path/soem_rsl
[54.028s] -- Installing: /home/hd/Desktop/motor_controls.ws/install/ethercat_device_configurator/share/soem_rsl/environment/ament_prefix_path.sh
[54.029s] -- Installing: /home/hd/Desktop/motor_controls.ws/install/ethercat_device_configurator/share/soem_rsl/environment/ament_prefix_path.dsv
[54.030s] -- Installing: /home/hd/Desktop/motor_controls.ws/install/ethercat_device_configurator/share/soem_rsl/environment/path.sh
[54.030s] -- Installing: /home/hd/Desktop/motor_controls.ws/install/ethercat_device_configurator/share/soem_rsl/environment/path.dsv
[54.031s] -- Installing: /home/hd/Desktop/motor_controls.ws/install/ethercat_device_configurator/share/soem_rsl/local_setup.bash
[54.031s] -- Installing: /home/hd/Desktop/motor_controls.ws/install/ethercat_device_configurator/share/soem_rsl/local_setup.sh
[54.037s] -- Installing: /home/hd/Desktop/motor_controls.ws/install/ethercat_device_configurator/share/soem_rsl/local_setup.zsh
[54.037s] -- Installing: /home/hd/Desktop/motor_controls.ws/install/ethercat_device_configurator/share/soem_rsl/local_setup.dsv
[54.037s] -- Installing: /home/hd/Desktop/motor_controls.ws/install/ethercat_device_configurator/share/soem_rsl/package.dsv
[54.037s] -- Installing: /home/hd/Desktop/motor_controls.ws/install/ethercat_device_configurator/share/ament_index/resource_index/packages/soem_rsl
[54.037s] -- Installing: /home/hd/Desktop/motor_controls.ws/install/ethercat_device_configurator/share/soem_rsl/cmake/soem_rslConfig.cmake
[54.037s] -- Installing: /home/hd/Desktop/motor_controls.ws/install/ethercat_device_configurator/share/soem_rsl/cmake/soem_rslConfig-version.cmake
[54.037s] -- Installing: /home/hd/Desktop/motor_controls.ws/install/ethercat_device_configurator/share/soem_rsl/package.xml
[54.037s] -- Up-to-date: /home/hd/Desktop/motor_controls.ws/install/ethercat_device_configurator/include
[54.037s] -- Installing: /home/hd/Desktop/motor_controls.ws/install/ethercat_device_configurator/include/EthercatBusManagerBase.hpp
[54.037s] -- Installing: /home/hd/Desktop/motor_controls.ws/install/ethercat_device_configurator/include/EthercatSlaveBase.hpp
[54.038s] -- Installing: /home/hd/Desktop/motor_controls.ws/install/ethercat_device_configurator/include/common
[54.039s] -- Installing: /home/hd/Desktop/motor_controls.ws/install/ethercat_device_configurator/include/common/Macros.hpp
[54.039s] -- Installing: /home/hd/Desktop/motor_controls.ws/install/ethercat_device_configurator/include/common/ThreadSleep.hpp
[54.039s] -- Installing: /home/hd/Desktop/motor_controls.ws/install/ethercat_device_configurator/include/EthercatBusBase.hpp
[54.039s] -- Installing: /home/hd/Desktop/motor_controls.ws/install/ethercat_device_configurator/share/ament_index/resource_index/package_run_dependencies/soem_interface
[54.039s] -- Installing: /home/hd/Desktop/motor_controls.ws/install/ethercat_device_configurator/share/ament_index/resource_index/parent_prefix_path/soem_interface
[54.039s] -- Installing: /home/hd/Desktop/motor_controls.ws/install/ethercat_device_configurator/share/soem_interface/environment/ament_prefix_path.sh
[54.039s] -- Installing: /home/hd/Desktop/motor_controls.ws/install/ethercat_device_configurator/share/soem_interface/environment/ament_prefix_path.dsv
[54.039s] -- Installing: /home/hd/Desktop/motor_controls.ws/install/ethercat_device_configurator/share/soem_interface/environment/path.sh
[54.040s] -- Installing: /home/hd/Desktop/motor_controls.ws/install/ethercat_device_configurator/share/soem_interface/environment/path.dsv
[54.040s] -- Installing: /home/hd/Desktop/motor_controls.ws/install/ethercat_device_configurator/share/soem_interface/local_setup.bash
[54.040s] -- Installing: /home/hd/Desktop/motor_controls.ws/install/ethercat_device_configurator/share/soem_interface/local_setup.sh
[54.040s] -- Installing: /home/hd/Desktop/motor_controls.ws/install/ethercat_device_configurator/share/soem_interface/local_setup.zsh
[54.040s] -- Installing: /home/hd/Desktop/motor_controls.ws/install/ethercat_device_configurator/share/soem_interface/local_setup.dsv
[54.040s] -- Installing: /home/hd/Desktop/motor_controls.ws/install/ethercat_device_configurator/share/soem_interface/package.dsv
[54.040s] -- Installing: /home/hd/Desktop/motor_controls.ws/install/ethercat_device_configurator/share/ament_index/resource_index/packages/soem_interface
[54.040s] -- Installing: /home/hd/Desktop/motor_controls.ws/install/ethercat_device_configurator/share/soem_interface/cmake/soem_interfaceConfig.cmake
[54.040s] -- Installing: /home/hd/Desktop/motor_controls.ws/install/ethercat_device_configurator/share/soem_interface/cmake/soem_interfaceConfig-version.cmake
[54.040s] -- Installing: /home/hd/Desktop/motor_controls.ws/install/ethercat_device_configurator/share/soem_interface/package.xml
[54.041s] Invoked command in '/home/hd/Desktop/motor_controls.ws/build/ethercat_device_configurator' returned '0': CMAKE_PREFIX_PATH=${CMAKE_PREFIX_PATH}:/home/hd/ros2_foxy/install/ros2bag:/home/hd/ros2_foxy/install/tracetools_launch:/home/hd/ros2_foxy/install/topic_monitor:/home/hd/ros2_foxy/install/examples_tf2_py:/home/hd/ros2_foxy/install/sros2:/home/hd/ros2_foxy/install/rqt_topic:/home/hd/ros2_foxy/install/rqt_top:/home/hd/ros2_foxy/install/rqt_srv:/home/hd/ros2_foxy/install/rqt_shell:/home/hd/ros2_foxy/install/rqt_service_caller:/home/hd/ros2_foxy/install/rqt_reconfigure:/home/hd/ros2_foxy/install/rqt_py_console:/home/hd/ros2_foxy/install/rqt_publisher:/home/hd/ros2_foxy/install/rqt_plot:/home/hd/ros2_foxy/install/rqt_action:/home/hd/ros2_foxy/install/rqt_msg:/home/hd/ros2_foxy/install/rqt_console:/home/hd/ros2_foxy/install/rqt:/home/hd/ros2_foxy/install/rqt_graph:/home/hd/ros2_foxy/install/rqt_gui_py:/home/hd/ros2_foxy/install/rqt_gui:/home/hd/ros2_foxy/install/ros2trace:/home/hd/ros2_foxy/install/ros2topic:/home/hd/ros2_foxy/install/ros2test:/home/hd/ros2_foxy/install/ros2component:/home/hd/ros2_foxy/install/ros2param:/home/hd/ros2_foxy/install/ros2lifecycle:/home/hd/ros2_foxy/install/ros2service:/home/hd/ros2_foxy/install/ros2run:/home/hd/ros2_foxy/install/ros2launch:/home/hd/ros2_foxy/install/ros2pkg:/home/hd/ros2_foxy/install/ros2node:/home/hd/ros2_foxy/install/ros2multicast:/home/hd/ros2_foxy/install/ros2interface:/home/hd/ros2_foxy/install/ros2doctor:/home/hd/ros2_foxy/install/ros2action:/home/hd/ros2_foxy/install/ros2cli:/home/hd/ros2_foxy/install/quality_of_service_demo_py:/home/hd/ros2_foxy/install/launch_testing_ros:/home/hd/ros2_foxy/install/launch_ros:/home/hd/ros2_foxy/install/examples_rclpy_minimal_subscriber:/home/hd/ros2_foxy/install/examples_rclpy_minimal_service:/home/hd/ros2_foxy/install/examples_rclpy_minimal_publisher:/home/hd/ros2_foxy/install/examples_rclpy_minimal_client:/home/hd/ros2_foxy/install/examples_rclpy_minimal_action_server:/home/hd/ros2_foxy/install/examples_rclpy_minimal_action_client:/home/hd/ros2_foxy/install/examples_rclpy_executors:/home/hd/ros2_foxy/install/demo_nodes_py:/home/hd/ros2_foxy/install/action_tutorials_py:/home/hd/ros2_foxy/install/ament_uncrustify:/home/hd/ros2_foxy/install/tracetools_trace:/home/hd/ros2_foxy/install/tracetools_read:/home/hd/ros2_foxy/install/test_launch_ros:/home/hd/ros2_foxy/install/sensor_msgs_py:/home/hd/ros2_foxy/install/rpyutils:/home/hd/ros2_foxy/install/rosidl_runtime_py:/home/hd/ros2_foxy/install/launch_yaml:/home/hd/ros2_foxy/install/launch_xml:/home/hd/ros2_foxy/install/launch_testing:/home/hd/ros2_foxy/install/launch:/home/hd/ros2_foxy/install/osrf_pycommon:/home/hd/ros2_foxy/install/domain_coordinator:/home/hd/ros2_foxy/install/ament_xmllint:/home/hd/ros2_foxy/install/ament_pyflakes:/home/hd/ros2_foxy/install/ament_pycodestyle:/home/hd/ros2_foxy/install/ament_pep257:/home/hd/ros2_foxy/install/ament_pclint:/home/hd/ros2_foxy/install/ament_package:/home/hd/ros2_foxy/install/ament_mypy:/home/hd/ros2_foxy/install/ament_lint_cmake:/home/hd/ros2_foxy/install/ament_flake8:/home/hd/ros2_foxy/install/ament_copyright:/home/hd/ros2_foxy/install/ament_lint:/home/hd/ros2_foxy/install/ament_index_python:/home/hd/ros2_foxy/install/ament_cpplint:/home/hd/ros2_foxy/install/ament_cppcheck:/home/hd/ros2_foxy/install/ament_clang_tidy:/home/hd/ros2_foxy/install/ament_clang_format /usr/bin/cmake --install /home/hd/Desktop/motor_controls.ws/build/ethercat_device_configurator
