 AHHHHHHHHHHHHHHHHHH message_logger
[01m[K/home/hd/Desktop/Motor_Control/motor_controls.ws/src/ethercat_device_configurator/message_logger/src/time/TimeStd.cpp:[m[K In member function ‘[01m[Kmessage_logger::time::TimeStd& message_logger::time::TimeStd::from(uint32_t, uint32_t)[m[K’:
[01m[K/home/hd/Desktop/Motor_Control/motor_controls.ws/src/ethercat_device_configurator/message_logger/src/time/TimeStd.cpp:115:33:[m[K [01;35m[Kwarning: [m[Kunused parameter ‘[01m[Ksec[m[K’ [[01;35m[K-Wunused-parameter[m[K]
  115 | TimeStd& TimeStd::from([01;35m[Kuint32_t sec[m[K, uint32_t nsec) {
      |                        [01;35m[K~~~~~~~~~^~~[m[K
[01m[K/home/hd/Desktop/Motor_Control/motor_controls.ws/src/ethercat_device_configurator/message_logger/src/time/TimeStd.cpp:115:47:[m[K [01;35m[Kwarning: [m[Kunused parameter ‘[01m[Knsec[m[K’ [[01;35m[K-Wunused-parameter[m[K]
  115 | TimeStd& TimeStd::from(uint32_t sec, [01;35m[Kuint32_t nsec[m[K) {
      |                                      [01;35m[K~~~~~~~~~^~~~[m[K
[01m[K/home/hd/Desktop/Motor_Control/motor_controls.ws/src/ethercat_device_configurator/message_logger/src/time/TimeStd.cpp:[m[K In member function ‘[01m[Kmessage_logger::time::TimeStd& message_logger::time::TimeStd::from(uint32_t, uint32_t)[m[K’:
[01m[K/home/hd/Desktop/Motor_Control/motor_controls.ws/src/ethercat_device_configurator/message_logger/src/time/TimeStd.cpp:115:33:[m[K [01;35m[Kwarning: [m[Kunused parameter ‘[01m[Ksec[m[K’ [[01;35m[K-Wunused-parameter[m[K]
  115 | TimeStd& TimeStd::from([01;35m[Kuint32_t sec[m[K, uint32_t nsec) {
      |                        [01;35m[K~~~~~~~~~^~~[m[K
[01m[K/home/hd/Desktop/Motor_Control/motor_controls.ws/src/ethercat_device_configurator/message_logger/src/time/TimeStd.cpp:115:47:[m[K [01;35m[Kwarning: [m[Kunused parameter ‘[01m[Knsec[m[K’ [[01;35m[K-Wunused-parameter[m[K]
  115 | TimeStd& TimeStd::from(uint32_t sec, [01;35m[Kuint32_t nsec[m[K) {
      |                                      [01;35m[K~~~~~~~~~^~~~[m[K
[01m[Kcc1:[m[K [01;35m[Kwarning: [m[Kcommand line option ‘[01m[K-std=c++17[m[K’ is valid for C++/ObjC++ but not for C
In file included from [01m[K/home/hd/Desktop/Motor_Control/motor_controls.ws/src/ethercat_device_configurator/soem_interface/soem/include/soem/oshw/oshw.h:54[m[K,
                 from [01m[K/home/hd/Desktop/Motor_Control/motor_controls.ws/src/ethercat_device_configurator/soem_interface/soem/include/soem/soem/ethercatbase.c:55[m[K:
[01m[K/home/hd/Desktop/Motor_Control/motor_controls.ws/src/ethercat_device_configurator/soem_interface/soem/include/soem/soem/ethercattype.h:532:5:[m[K [01;35m[Kwarning: [m[KISO C99 doesn’t support unnamed structs/unions [[01;35m[K-Wpedantic[m[K]
  532 |    }[01;35m[K;[m[K
      |     [01;35m[K^[m[K
[01m[Kcc1:[m[K [01;35m[Kwarning: [m[Kcommand line option ‘[01m[K-std=c++17[m[K’ is valid for C++/ObjC++ but not for C
In file included from [01m[K/home/hd/Desktop/Motor_Control/motor_controls.ws/src/ethercat_device_configurator/soem_interface/soem/include/soem/oshw/oshw.h:54[m[K,
                 from [01m[K/home/hd/Desktop/Motor_Control/motor_controls.ws/src/ethercat_device_configurator/soem_interface/soem/include/soem/soem/ethercatcoe.c:52[m[K:
[01m[K/home/hd/Desktop/Motor_Control/motor_controls.ws/src/ethercat_device_configurator/soem_interface/soem/include/soem/soem/ethercattype.h:532:5:[m[K [01;35m[Kwarning: [m[KISO C99 doesn’t support unnamed structs/unions [[01;35m[K-Wpedantic[m[K]
  532 |    }[01;35m[K;[m[K
      |     [01;35m[K^[m[K
[01m[K/home/hd/Desktop/Motor_Control/motor_controls.ws/src/ethercat_device_configurator/soem_interface/soem/include/soem/soem/ethercatcoe.c:72:5:[m[K [01;35m[Kwarning: [m[KISO C99 doesn’t support unnamed structs/unions [[01;35m[K-Wpedantic[m[K]
   72 |    }[01;35m[K;[m[K
      |     [01;35m[K^[m[K
[01m[K/home/hd/Desktop/Motor_Control/motor_controls.ws/src/ethercat_device_configurator/soem_interface/soem/include/soem/soem/ethercatcoe.c:90:5:[m[K [01;35m[Kwarning: [m[KISO C99 doesn’t support unnamed structs/unions [[01;35m[K-Wpedantic[m[K]
   90 |    }[01;35m[K;[m[K
      |     [01;35m[K^[m[K
[01m[Kcc1:[m[K [01;35m[Kwarning: [m[Kcommand line option ‘[01m[K-std=c++17[m[K’ is valid for C++/ObjC++ but not for C
In file included from [01m[K/home/hd/Desktop/Motor_Control/motor_controls.ws/src/ethercat_device_configurator/soem_interface/soem/include/soem/oshw/oshw.h:54[m[K,
                 from [01m[K/home/hd/Desktop/Motor_Control/motor_controls.ws/src/ethercat_device_configurator/soem_interface/soem/include/soem/soem/ethercatconfig.c:53[m[K:
[01m[K/home/hd/Desktop/Motor_Control/motor_controls.ws/src/ethercat_device_configurator/soem_interface/soem/include/soem/soem/ethercattype.h:532:5:[m[K [01;35m[Kwarning: [m[KISO C99 doesn’t support unnamed structs/unions [[01;35m[K-Wpedantic[m[K]
  532 |    }[01;35m[K;[m[K
      |     [01;35m[K^[m[K
In file included from [01m[K/home/hd/Desktop/Motor_Control/motor_controls.ws/src/ethercat_device_configurator/soem_interface/soem/include/soem/soem/ethercatconfig.c:58[m[K:
[01m[K/home/hd/Desktop/Motor_Control/motor_controls.ws/src/ethercat_device_configurator/soem_interface/soem/include/soem/soem/ethercatsoe.h:96:5:[m[K [01;35m[Kwarning: [m[KISO C99 doesn’t support unnamed structs/unions [[01;35m[K-Wpedantic[m[K]
   96 |    }[01;35m[K;[m[K
      |     [01;35m[K^[m[K
[01m[K/home/hd/Desktop/Motor_Control/motor_controls.ws/src/ethercat_device_configurator/soem_interface/soem/include/soem/soem/ethercatconfig.c:[m[K In function ‘[01m[Kecx_config_from_table[m[K’:
[01m[K/home/hd/Desktop/Motor_Control/motor_controls.ws/src/ethercat_device_configurator/soem_interface/soem/include/soem/soem/ethercatconfig.c:290:48:[m[K [01;35m[Kwarning: [m[Kunused parameter ‘[01m[Kcontext[m[K’ [[01;35m[K-Wunused-parameter[m[K]
  290 | static int ecx_config_from_table([01;35m[Kecx_contextt *context[m[K, uint16 slave)
      |                                  [01;35m[K~~~~~~~~~~~~~~^~~~~~~[m[K
[01m[K/home/hd/Desktop/Motor_Control/motor_controls.ws/src/ethercat_device_configurator/soem_interface/soem/include/soem/soem/ethercatconfig.c:290:64:[m[K [01;35m[Kwarning: [m[Kunused parameter ‘[01m[Kslave[m[K’ [[01;35m[K-Wunused-parameter[m[K]
  290 | static int ecx_config_from_table(ecx_contextt *context, [01;35m[Kuint16 slave[m[K)
      |                                                         [01;35m[K~~~~~~~^~~~~[m[K
[01m[K/home/hd/Desktop/Motor_Control/motor_controls.ws/src/ethercat_device_configurator/soem_interface/soem/include/soem/soem/ethercatconfig.c:[m[K In function ‘[01m[Kecx_config_map_group[m[K’:
[01m[K/home/hd/Desktop/Motor_Control/motor_controls.ws/src/ethercat_device_configurator/soem_interface/soem/include/soem/soem/ethercatconfig.c:918:19:[m[K [01;35m[Kwarning: [m[KISO C forbids passing argument 3 of ‘[01m[Kosal_thread_create[m[K’ between function pointer and ‘[01m[Kvoid *[m[K’ [[01;35m[K-Wpedantic[m[K]
  918 |                   [01;35m[K&ecx_mapper_thread[m[K, &(ecx_mapt[thrn]));
      |                   [01;35m[K^~~~~~~~~~~~~~~~~~[m[K
In file included from [01m[K/home/hd/Desktop/Motor_Control/motor_controls.ws/src/ethercat_device_configurator/soem_interface/soem/include/soem/soem/ethercatconfig.c:52[m[K:
[01m[K/home/hd/Desktop/Motor_Control/motor_controls.ws/src/ethercat_device_configurator/soem_interface/soem/include/soem/osal/osal.h:63:60:[m[K [01;36m[Knote: [m[Kexpected ‘[01m[Kvoid *[m[K’ but argument is of type ‘[01m[Kvoid (*)(void *)[m[K’
   63 | int osal_thread_create(void *thandle, int stacksize, [01;36m[Kvoid *func[m[K, void *param);
      |                                                      [01;36m[K~~~~~~^~~~[m[K
[01m[Kcc1:[m[K [01;35m[Kwarning: [m[Kcommand line option ‘[01m[K-std=c++17[m[K’ is valid for C++/ObjC++ but not for C
In file included from [01m[K/home/hd/Desktop/Motor_Control/motor_controls.ws/src/ethercat_device_configurator/soem_interface/soem/include/soem/oshw/oshw.h:54[m[K,
                 from [01m[K/home/hd/Desktop/Motor_Control/motor_controls.ws/src/ethercat_device_configurator/soem_interface/soem/include/soem/soem/ethercatdc.c:47[m[K:
[01m[K/home/hd/Desktop/Motor_Control/motor_controls.ws/src/ethercat_device_configurator/soem_interface/soem/include/soem/soem/ethercattype.h:532:5:[m[K [01;35m[Kwarning: [m[KISO C99 doesn’t support unnamed structs/unions [[01;35m[K-Wpedantic[m[K]
  532 |    }[01;35m[K;[m[K
      |     [01;35m[K^[m[K
[01m[Kcc1:[m[K [01;35m[Kwarning: [m[Kcommand line option ‘[01m[K-std=c++17[m[K’ is valid for C++/ObjC++ but not for C
In file included from [01m[K/home/hd/Desktop/Motor_Control/motor_controls.ws/src/ethercat_device_configurator/soem_interface/soem/include/soem/oshw/oshw.h:54[m[K,
                 from [01m[K/home/hd/Desktop/Motor_Control/motor_controls.ws/src/ethercat_device_configurator/soem_interface/soem/include/soem/soem/ethercatfoe.c:54[m[K:
[01m[K/home/hd/Desktop/Motor_Control/motor_controls.ws/src/ethercat_device_configurator/soem_interface/soem/include/soem/soem/ethercattype.h:532:5:[m[K [01;35m[Kwarning: [m[KISO C99 doesn’t support unnamed structs/unions [[01;35m[K-Wpedantic[m[K]
  532 |    }[01;35m[K;[m[K
      |     [01;35m[K^[m[K
[01m[K/home/hd/Desktop/Motor_Control/motor_controls.ws/src/ethercat_device_configurator/soem_interface/soem/include/soem/soem/ethercatfoe.c:76:5:[m[K [01;35m[Kwarning: [m[KISO C99 doesn’t support unnamed structs/unions [[01;35m[K-Wpedantic[m[K]
   76 |    }[01;35m[K;[m[K
      |     [01;35m[K^[m[K
[01m[K/home/hd/Desktop/Motor_Control/motor_controls.ws/src/ethercat_device_configurator/soem_interface/soem/include/soem/soem/ethercatfoe.c:82:5:[m[K [01;35m[Kwarning: [m[KISO C99 doesn’t support unnamed structs/unions [[01;35m[K-Wpedantic[m[K]
   82 |    }[01;35m[K;[m[K
      |     [01;35m[K^[m[K
[01m[K/home/hd/Desktop/Motor_Control/motor_controls.ws/src/ethercat_device_configurator/soem_interface/soem/include/soem/soem/ethercatfoe.c:[m[K In function ‘[01m[Kecx_FOEdefinehook[m[K’:
[01m[K/home/hd/Desktop/Motor_Control/motor_controls.ws/src/ethercat_device_configurator/soem_interface/soem/include/soem/soem/ethercatfoe.c:94:20:[m[K [01;35m[Kwarning: [m[KISO C forbids assignment between function pointer and ‘[01m[Kvoid *[m[K’ [[01;35m[K-Wpedantic[m[K]
   94 |   context->FOEhook [01;35m[K=[m[K hook;
      |                    [01;35m[K^[m[K
[01m[Kcc1:[m[K [01;35m[Kwarning: [m[Kcommand line option ‘[01m[K-std=c++17[m[K’ is valid for C++/ObjC++ but not for C
In file included from [01m[K/home/hd/Desktop/Motor_Control/motor_controls.ws/src/ethercat_device_configurator/soem_interface/soem/include/soem/oshw/oshw.h:54[m[K,
                 from [01m[K/home/hd/Desktop/Motor_Control/motor_controls.ws/src/ethercat_device_configurator/soem_interface/soem/include/soem/soem/ethercatmain.c:57[m[K:
[01m[K/home/hd/Desktop/Motor_Control/motor_controls.ws/src/ethercat_device_configurator/soem_interface/soem/include/soem/soem/ethercattype.h:532:5:[m[K [01;35m[Kwarning: [m[KISO C99 doesn’t support unnamed structs/unions [[01;35m[K-Wpedantic[m[K]
  532 |    }[01;35m[K;[m[K
      |     [01;35m[K^[m[K
[01m[K/home/hd/Desktop/Motor_Control/motor_controls.ws/src/ethercat_device_configurator/soem_interface/soem/include/soem/soem/ethercatmain.c:360:2:[m[K [01;35m[Kwarning: [m[KISO C does not allow extra ‘[01m[K;[m[K’ outside of a function [[01;35m[K-Wpedantic[m[K]
  360 | }[01;35m[K;[m[K
      |  [01;35m[K^[m[K
[01m[Kcc1:[m[K [01;35m[Kwarning: [m[Kcommand line option ‘[01m[K-std=c++17[m[K’ is valid for C++/ObjC++ but not for C
In file included from [01m[K/home/hd/Desktop/Motor_Control/motor_controls.ws/src/ethercat_device_configurator/soem_interface/soem/include/soem/oshw/oshw.h:54[m[K,
                 from [01m[K/home/hd/Desktop/Motor_Control/motor_controls.ws/src/ethercat_device_configurator/soem_interface/soem/include/soem/soem/ethercatprint.c:52[m[K:
[01m[K/home/hd/Desktop/Motor_Control/motor_controls.ws/src/ethercat_device_configurator/soem_interface/soem/include/soem/soem/ethercattype.h:532:5:[m[K [01;35m[Kwarning: [m[KISO C99 doesn’t support unnamed structs/unions [[01;35m[K-Wpedantic[m[K]
  532 |    }[01;35m[K;[m[K
      |     [01;35m[K^[m[K
[01m[Kcc1:[m[K [01;35m[Kwarning: [m[Kcommand line option ‘[01m[K-std=c++17[m[K’ is valid for C++/ObjC++ but not for C
In file included from [01m[K/home/hd/Desktop/Motor_Control/motor_controls.ws/src/ethercat_device_configurator/soem_interface/soem/include/soem/oshw/oshw.h:54[m[K,
                 from [01m[K/home/hd/Desktop/Motor_Control/motor_controls.ws/src/ethercat_device_configurator/soem_interface/soem/include/soem/soem/ethercatsoe.c:50[m[K:
[01m[K/home/hd/Desktop/Motor_Control/motor_controls.ws/src/ethercat_device_configurator/soem_interface/soem/include/soem/soem/ethercattype.h:532:5:[m[K [01;35m[Kwarning: [m[KISO C99 doesn’t support unnamed structs/unions [[01;35m[K-Wpedantic[m[K]
  532 |    }[01;35m[K;[m[K
      |     [01;35m[K^[m[K
In file included from [01m[K/home/hd/Desktop/Motor_Control/motor_controls.ws/src/ethercat_device_configurator/soem_interface/soem/include/soem/soem/ethercatsoe.c:54[m[K:
[01m[K/home/hd/Desktop/Motor_Control/motor_controls.ws/src/ethercat_device_configurator/soem_interface/soem/include/soem/soem/ethercatsoe.h:96:5:[m[K [01;35m[Kwarning: [m[KISO C99 doesn’t support unnamed structs/unions [[01;35m[K-Wpedantic[m[K]
   96 |    }[01;35m[K;[m[K
      |     [01;35m[K^[m[K
[01m[K/home/hd/Desktop/Motor_Control/motor_controls.ws/src/ethercat_device_configurator/soem_interface/soem/include/soem/soem/ethercatsoe.c:72:5:[m[K [01;35m[Kwarning: [m[KISO C99 doesn’t support unnamed structs/unions [[01;35m[K-Wpedantic[m[K]
   72 |    }[01;35m[K;[m[K
      |     [01;35m[K^[m[K
[01m[Kcc1:[m[K [01;35m[Kwarning: [m[Kcommand line option ‘[01m[K-std=c++17[m[K’ is valid for C++/ObjC++ but not for C
[01m[K/home/hd/Desktop/Motor_Control/motor_controls.ws/src/ethercat_device_configurator/soem_interface/soem/include_linux/soem/osal/osal.c:[m[K In function ‘[01m[Kosal_gettimeofday[m[K’:
[01m[K/home/hd/Desktop/Motor_Control/motor_controls.ws/src/ethercat_device_configurator/soem_interface/soem/include_linux/soem/osal/osal.c:69:54:[m[K [01;35m[Kwarning: [m[Kright-hand operand of comma expression has no effect [[01;35m[K-Wunused-value[m[K]
   69 |    return_value = clock_gettime(CLOCK_MONOTONIC, &ts)[01;35m[K,[m[K 0;
      |                                                      [01;35m[K^[m[K
[01m[K/home/hd/Desktop/Motor_Control/motor_controls.ws/src/ethercat_device_configurator/soem_interface/soem/include_linux/soem/osal/osal.c:60:60:[m[K [01;35m[Kwarning: [m[Kunused parameter ‘[01m[Ktz[m[K’ [[01;35m[K-Wunused-parameter[m[K]
   60 | int osal_gettimeofday(struct timeval *tv, [01;35m[Kstruct timezone *tz[m[K)
      |                                           [01;35m[K~~~~~~~~~~~~~~~~~^~[m[K
[01m[K/home/hd/Desktop/Motor_Control/motor_controls.ws/src/ethercat_device_configurator/soem_interface/soem/include_linux/soem/osal/osal.c:[m[K In function ‘[01m[Kosal_time_diff[m[K’:
[01m[K/home/hd/Desktop/Motor_Control/motor_controls.ws/src/ethercat_device_configurator/soem_interface/soem/include_linux/soem/osal/osal.c:90:19:[m[K [01;35m[Kwarning: [m[Kcomparison of unsigned expression < 0 is always false [[01;35m[K-Wtype-limits[m[K]
   90 |    if (diff->usec [01;35m[K<[m[K 0) {
      |                   [01;35m[K^[m[K
[01m[K/home/hd/Desktop/Motor_Control/motor_controls.ws/src/ethercat_device_configurator/soem_interface/soem/include_linux/soem/osal/osal.c:[m[K In function ‘[01m[Kosal_thread_create[m[K’:
[01m[K/home/hd/Desktop/Motor_Control/motor_controls.ws/src/ethercat_device_configurator/soem_interface/soem/include_linux/soem/osal/osal.c:144:41:[m[K [01;35m[Kwarning: [m[KISO C forbids passing argument 3 of ‘[01m[Kpthread_create[m[K’ between function pointer and ‘[01m[Kvoid *[m[K’ [[01;35m[K-Wpedantic[m[K]
  144 |    ret = pthread_create(threadp, &attr, [01;35m[Kfunc[m[K, param);
      |                                         [01;35m[K^~~~[m[K
In file included from [01m[K/home/hd/Desktop/Motor_Control/motor_controls.ws/src/ethercat_device_configurator/soem_interface/soem/include/soem/osal/osal_defs.h:56[m[K,
                 from [01m[K/home/hd/Desktop/Motor_Control/motor_controls.ws/src/ethercat_device_configurator/soem_interface/soem/include/soem/osal/osal.h:29[m[K,
                 from [01m[K/home/hd/Desktop/Motor_Control/motor_controls.ws/src/ethercat_device_configurator/soem_interface/soem/include_linux/soem/osal/osal.c:47[m[K:
[01m[K/usr/include/pthread.h:200:15:[m[K [01;36m[Knote: [m[Kexpected ‘[01m[Kvoid * (*)(void *)[m[K’ but argument is of type ‘[01m[Kvoid *[m[K’
  200 |       [01;36m[Kvoid *(*__start_routine) (void *)[m[K,
      |       [01;36m[K~~~~~~~~^~~~~~~~~~~~~~~~~~~~~~~~~[m[K
[01m[K/home/hd/Desktop/Motor_Control/motor_controls.ws/src/ethercat_device_configurator/soem_interface/soem/include_linux/soem/osal/osal.c:[m[K In function ‘[01m[Kosal_thread_create_rt[m[K’:
[01m[K/home/hd/Desktop/Motor_Control/motor_controls.ws/src/ethercat_device_configurator/soem_interface/soem/include_linux/soem/osal/osal.c:162:41:[m[K [01;35m[Kwarning: [m[KISO C forbids passing argument 3 of ‘[01m[Kpthread_create[m[K’ between function pointer and ‘[01m[Kvoid *[m[K’ [[01;35m[K-Wpedantic[m[K]
  162 |    ret = pthread_create(threadp, &attr, [01;35m[Kfunc[m[K, param);
      |                                         [01;35m[K^~~~[m[K
In file included from [01m[K/home/hd/Desktop/Motor_Control/motor_controls.ws/src/ethercat_device_configurator/soem_interface/soem/include/soem/osal/osal_defs.h:56[m[K,
                 from [01m[K/home/hd/Desktop/Motor_Control/motor_controls.ws/src/ethercat_device_configurator/soem_interface/soem/include/soem/osal/osal.h:29[m[K,
                 from [01m[K/home/hd/Desktop/Motor_Control/motor_controls.ws/src/ethercat_device_configurator/soem_interface/soem/include_linux/soem/osal/osal.c:47[m[K:
[01m[K/usr/include/pthread.h:200:15:[m[K [01;36m[Knote: [m[Kexpected ‘[01m[Kvoid * (*)(void *)[m[K’ but argument is of type ‘[01m[Kvoid *[m[K’
  200 |       [01;36m[Kvoid *(*__start_routine) (void *)[m[K,
      |       [01;36m[K~~~~~~~~^~~~~~~~~~~~~~~~~~~~~~~~~[m[K
[01m[Kcc1:[m[K [01;35m[Kwarning: [m[Kcommand line option ‘[01m[K-std=c++17[m[K’ is valid for C++/ObjC++ but not for C
In file included from [01m[K/home/hd/Desktop/Motor_Control/motor_controls.ws/src/ethercat_device_configurator/soem_interface/soem/include/soem/oshw/oshw.h:54[m[K,
                 from [01m[K/home/hd/Desktop/Motor_Control/motor_controls.ws/src/ethercat_device_configurator/soem_interface/soem/include_linux/soem/oshw/nicdrv.c:83[m[K:
[01m[K/home/hd/Desktop/Motor_Control/motor_controls.ws/src/ethercat_device_configurator/soem_interface/soem/include/soem/soem/ethercattype.h:532:5:[m[K [01;35m[Kwarning: [m[KISO C99 doesn’t support unnamed structs/unions [[01;35m[K-Wpedantic[m[K]
  532 |    }[01;35m[K;[m[K
      |     [01;35m[K^[m[K
[01m[Kcc1:[m[K [01;35m[Kwarning: [m[Kcommand line option ‘[01m[K-std=c++17[m[K’ is valid for C++/ObjC++ but not for C
In file included from [01m[K/home/hd/Desktop/Motor_Control/motor_controls.ws/src/ethercat_device_configurator/soem_interface/soem/include/soem/oshw/oshw.h:54[m[K,
                 from [01m[K/home/hd/Desktop/Motor_Control/motor_controls.ws/src/ethercat_device_configurator/soem_interface/soem/include_linux/soem/oshw/oshw.c:49[m[K:
[01m[K/home/hd/Desktop/Motor_Control/motor_controls.ws/src/ethercat_device_configurator/soem_interface/soem/include/soem/soem/ethercattype.h:532:5:[m[K [01;35m[Kwarning: [m[KISO C99 doesn’t support unnamed structs/unions [[01;35m[K-Wpedantic[m[K]
  532 |    }[01;35m[K;[m[K
      |     [01;35m[K^[m[K
[01m[K/home/hd/Desktop/Motor_Control/motor_controls.ws/src/ethercat_device_configurator/yaml-cpp/yaml-cpp/util/read.cpp:[m[K In member function ‘[01m[Kvirtual void NullEventHandler::OnSequenceStart(const Mark&, const string&, NullEventHandler::anchor_t, YAML::EmitterStyle::value)[m[K’:
[01m[K/home/hd/Desktop/Motor_Control/motor_controls.ws/src/ethercat_device_configurator/yaml-cpp/yaml-cpp/util/read.cpp:23:50:[m[K [01;35m[Kwarning: [m[Kunused parameter ‘[01m[Kstyle[m[K’ [[01;35m[K-Wunused-parameter[m[K]
   23 |                        [01;35m[KYAML::EmitterStyle::value style[m[K) override {}
      |                        [01;35m[K~~~~~~~~~~~~~~~~~~~~~~~~~~^~~~~[m[K
[01m[K/home/hd/Desktop/Motor_Control/motor_controls.ws/src/ethercat_device_configurator/yaml-cpp/yaml-cpp/util/read.cpp:[m[K In member function ‘[01m[Kvirtual void NullEventHandler::OnMapStart(const Mark&, const string&, NullEventHandler::anchor_t, YAML::EmitterStyle::value)[m[K’:
[01m[K/home/hd/Desktop/Motor_Control/motor_controls.ws/src/ethercat_device_configurator/yaml-cpp/yaml-cpp/util/read.cpp:26:45:[m[K [01;35m[Kwarning: [m[Kunused parameter ‘[01m[Kstyle[m[K’ [[01;35m[K-Wunused-parameter[m[K]
   26 |                   [01;35m[KYAML::EmitterStyle::value style[m[K) override {}
      |                   [01;35m[K~~~~~~~~~~~~~~~~~~~~~~~~~~^~~~~[m[K
[01m[K/home/hd/Desktop/Motor_Control/motor_controls.ws/src/ethercat_device_configurator/yaml-cpp/yaml-cpp/util/sandbox.cpp:[m[K In member function ‘[01m[Kvirtual void NullEventHandler::OnSequenceStart(const Mark&, const string&, NullEventHandler::anchor_t, YAML::EmitterStyle::value)[m[K’:
[01m[K/home/hd/Desktop/Motor_Control/motor_controls.ws/src/ethercat_device_configurator/yaml-cpp/yaml-cpp/util/sandbox.cpp:21:50:[m[K [01;35m[Kwarning: [m[Kunused parameter ‘[01m[Kstyle[m[K’ [[01;35m[K-Wunused-parameter[m[K]
   21 |                        [01;35m[KYAML::EmitterStyle::value style[m[K) override {}
      |                        [01;35m[K~~~~~~~~~~~~~~~~~~~~~~~~~~^~~~~[m[K
[01m[K/home/hd/Desktop/Motor_Control/motor_controls.ws/src/ethercat_device_configurator/yaml-cpp/yaml-cpp/util/sandbox.cpp:[m[K In member function ‘[01m[Kvirtual void NullEventHandler::OnMapStart(const Mark&, const string&, NullEventHandler::anchor_t, YAML::EmitterStyle::value)[m[K’:
[01m[K/home/hd/Desktop/Motor_Control/motor_controls.ws/src/ethercat_device_configurator/yaml-cpp/yaml-cpp/util/sandbox.cpp:24:45:[m[K [01;35m[Kwarning: [m[Kunused parameter ‘[01m[Kstyle[m[K’ [[01;35m[K-Wunused-parameter[m[K]
   24 |                   [01;35m[KYAML::EmitterStyle::value style[m[K) override {}
      |                   [01;35m[K~~~~~~~~~~~~~~~~~~~~~~~~~~^~~~~[m[K
[01m[K/home/hd/Desktop/Motor_Control/motor_controls.ws/src/ethercat_device_configurator/src/motor_control.cpp:[m[K In function ‘[01m[Kvoid signal_handler(int)[m[K’:
[01m[K/home/hd/Desktop/Motor_Control/motor_controls.ws/src/ethercat_device_configurator/src/motor_control.cpp:180:25:[m[K [01;35m[Kwarning: [m[Kunused parameter ‘[01m[Ksig[m[K’ [[01;35m[K-Wunused-parameter[m[K]
  180 | void signal_handler([01;35m[Kint sig[m[K)
      |                     [01;35m[K~~~~^~~[m[K
[01m[K/home/hd/Desktop/Motor_Control/motor_controls.ws/src/ethercat_device_configurator/src/motor_control.cpp:[m[K In function ‘[01m[Kint main(int, char**)[m[K’:
[01m[K/home/hd/Desktop/Motor_Control/motor_controls.ws/src/ethercat_device_configurator/src/motor_control.cpp:253:95:[m[K [01;31m[Kerror: [m[Kno matching function for call to ‘[01m[KMotor_command::Motor_command(std::string, Motor_mode, double)[m[K’
  253 |         motor_command_list.push_back(Motor_command(slave->getName(), Motor_mode::VELOCITY, 0.0[01;31m[K)[m[K);
      |                                                                                               [01;31m[K^[m[K
[01m[K/home/hd/Desktop/Motor_Control/motor_controls.ws/src/ethercat_device_configurator/src/motor_control.cpp:23:8:[m[K [01;36m[Knote: [m[Kcandidate: ‘[01m[KMotor_command::Motor_command()[m[K’
   23 | struct [01;36m[KMotor_command[m[K{
      |        [01;36m[K^~~~~~~~~~~~~[m[K
[01m[K/home/hd/Desktop/Motor_Control/motor_controls.ws/src/ethercat_device_configurator/src/motor_control.cpp:23:8:[m[K [01;36m[Knote: [m[K  candidate expects 0 arguments, 3 provided
[01m[K/home/hd/Desktop/Motor_Control/motor_controls.ws/src/ethercat_device_configurator/src/motor_control.cpp:23:8:[m[K [01;36m[Knote: [m[Kcandidate: ‘[01m[KMotor_command::Motor_command(const Motor_command&)[m[K’
[01m[K/home/hd/Desktop/Motor_Control/motor_controls.ws/src/ethercat_device_configurator/src/motor_control.cpp:23:8:[m[K [01;36m[Knote: [m[K  candidate expects 1 argument, 3 provided
[01m[K/home/hd/Desktop/Motor_Control/motor_controls.ws/src/ethercat_device_configurator/src/motor_control.cpp:23:8:[m[K [01;36m[Knote: [m[Kcandidate: ‘[01m[KMotor_command::Motor_command(Motor_command&&)[m[K’
[01m[K/home/hd/Desktop/Motor_Control/motor_controls.ws/src/ethercat_device_configurator/src/motor_control.cpp:23:8:[m[K [01;36m[Knote: [m[K  candidate expects 1 argument, 3 provided
[01m[Kcc1:[m[K [01;35m[Kwarning: [m[Kcommand line option ‘[01m[K-std=c++17[m[K’ is valid for C++/ObjC++ but not for C
In file included from [01m[K/home/hd/Desktop/Motor_Control/motor_controls.ws/src/ethercat_device_configurator/include/ethercat_device_configurator/soem/oshw/oshw.h:54[m[K,
                 from [01m[K/home/hd/Desktop/Motor_Control/motor_controls.ws/src/ethercat_device_configurator/include/ethercat_device_configurator/soem/soem/ethercatconfig.c:53[m[K:
[01m[K/home/hd/Desktop/Motor_Control/motor_controls.ws/src/ethercat_device_configurator/include/ethercat_device_configurator/soem/soem/ethercattype.h:532:5:[m[K [01;35m[Kwarning: [m[KISO C99 doesn’t support unnamed structs/unions [[01;35m[K-Wpedantic[m[K]
  532 |    }[01;35m[K;[m[K
      |     [01;35m[K^[m[K
In file included from [01m[K/home/hd/Desktop/Motor_Control/motor_controls.ws/src/ethercat_device_configurator/include/ethercat_device_configurator/soem/soem/ethercatconfig.c:58[m[K:
[01m[K/home/hd/Desktop/Motor_Control/motor_controls.ws/src/ethercat_device_configurator/include/ethercat_device_configurator/soem/soem/ethercatsoe.h:96:5:[m[K [01;35m[Kwarning: [m[KISO C99 doesn’t support unnamed structs/unions [[01;35m[K-Wpedantic[m[K]
   96 |    }[01;35m[K;[m[K
      |     [01;35m[K^[m[K
[01m[K/home/hd/Desktop/Motor_Control/motor_controls.ws/src/ethercat_device_configurator/include/ethercat_device_configurator/soem/soem/ethercatconfig.c:[m[K In function ‘[01m[Kecx_config_from_table[m[K’:
[01m[K/home/hd/Desktop/Motor_Control/motor_controls.ws/src/ethercat_device_configurator/include/ethercat_device_configurator/soem/soem/ethercatconfig.c:290:48:[m[K [01;35m[Kwarning: [m[Kunused parameter ‘[01m[Kcontext[m[K’ [[01;35m[K-Wunused-parameter[m[K]
  290 | static int ecx_config_from_table([01;35m[Kecx_contextt *context[m[K, uint16 slave)
      |                                  [01;35m[K~~~~~~~~~~~~~~^~~~~~~[m[K
[01m[K/home/hd/Desktop/Motor_Control/motor_controls.ws/src/ethercat_device_configurator/include/ethercat_device_configurator/soem/soem/ethercatconfig.c:290:64:[m[K [01;35m[Kwarning: [m[Kunused parameter ‘[01m[Kslave[m[K’ [[01;35m[K-Wunused-parameter[m[K]
  290 | static int ecx_config_from_table(ecx_contextt *context, [01;35m[Kuint16 slave[m[K)
      |                                                         [01;35m[K~~~~~~~^~~~~[m[K
[01m[K/home/hd/Desktop/Motor_Control/motor_controls.ws/src/ethercat_device_configurator/include/ethercat_device_configurator/soem/soem/ethercatconfig.c:[m[K In function ‘[01m[Kecx_config_map_group[m[K’:
[01m[K/home/hd/Desktop/Motor_Control/motor_controls.ws/src/ethercat_device_configurator/include/ethercat_device_configurator/soem/soem/ethercatconfig.c:918:19:[m[K [01;35m[Kwarning: [m[KISO C forbids passing argument 3 of ‘[01m[Kosal_thread_create[m[K’ between function pointer and ‘[01m[Kvoid *[m[K’ [[01;35m[K-Wpedantic[m[K]
  918 |                   [01;35m[K&ecx_mapper_thread[m[K, &(ecx_mapt[thrn]));
      |                   [01;35m[K^~~~~~~~~~~~~~~~~~[m[K
In file included from [01m[K/home/hd/Desktop/Motor_Control/motor_controls.ws/src/ethercat_device_configurator/include/ethercat_device_configurator/soem/soem/ethercatconfig.c:52[m[K:
[01m[K/home/hd/Desktop/Motor_Control/motor_controls.ws/src/ethercat_device_configurator/include/ethercat_device_configurator/soem/osal/osal.h:63:60:[m[K [01;36m[Knote: [m[Kexpected ‘[01m[Kvoid *[m[K’ but argument is of type ‘[01m[Kvoid (*)(void *)[m[K’
   63 | int osal_thread_create(void *thandle, int stacksize, [01;36m[Kvoid *func[m[K, void *param);
      |                                                      [01;36m[K~~~~~~^~~~[m[K
[01m[Kcc1:[m[K [01;35m[Kwarning: [m[Kcommand line option ‘[01m[K-std=c++17[m[K’ is valid for C++/ObjC++ but not for C
In file included from [01m[K/home/hd/Desktop/Motor_Control/motor_controls.ws/src/ethercat_device_configurator/include/ethercat_device_configurator/soem/oshw/oshw.h:54[m[K,
                 from [01m[K/home/hd/Desktop/Motor_Control/motor_controls.ws/src/ethercat_device_configurator/include/ethercat_device_configurator/soem/soem/ethercatprint.c:52[m[K:
[01m[K/home/hd/Desktop/Motor_Control/motor_controls.ws/src/ethercat_device_configurator/include/ethercat_device_configurator/soem/soem/ethercattype.h:532:5:[m[K [01;35m[Kwarning: [m[KISO C99 doesn’t support unnamed structs/unions [[01;35m[K-Wpedantic[m[K]
  532 |    }[01;35m[K;[m[K
      |     [01;35m[K^[m[K
[01m[Kcc1:[m[K [01;35m[Kwarning: [m[Kcommand line option ‘[01m[K-std=c++17[m[K’ is valid for C++/ObjC++ but not for C
In file included from [01m[K/home/hd/Desktop/Motor_Control/motor_controls.ws/src/ethercat_device_configurator/include/ethercat_device_configurator/soem/oshw/oshw.h:54[m[K,
                 from [01m[K/home/hd/Desktop/Motor_Control/motor_controls.ws/src/ethercat_device_configurator/include/ethercat_device_configurator/soem/soem/ethercatdc.c:47[m[K:
[01m[K/home/hd/Desktop/Motor_Control/motor_controls.ws/src/ethercat_device_configurator/include/ethercat_device_configurator/soem/soem/ethercattype.h:532:5:[m[K [01;35m[Kwarning: [m[KISO C99 doesn’t support unnamed structs/unions [[01;35m[K-Wpedantic[m[K]
  532 |    }[01;35m[K;[m[K
      |     [01;35m[K^[m[K
[01m[K/home/hd/Desktop/Motor_Control/motor_controls.ws/src/ethercat_device_configurator/src/motor_control.cpp:[m[K In member function ‘[01m[Kvoid Motor_controller::motor_command_callback(motor_control_interfaces::msg::MotorCommand_<std::allocator<void> >::SharedPtr)[m[K’:
[01m[K/home/hd/Desktop/Motor_Control/motor_controls.ws/src/ethercat_device_configurator/src/motor_control.cpp:67:42:[m[K [01;35m[Kwarning: [m[Kthis statement may fall through [[01;35m[K-Wimplicit-fallthrough=[m[K]
   67 |                     case 0: [01;35m[Kcommand.mode = Motor_mode::POSITION[m[K;
      |                             [01;35m[K~~~~~~~~~~~~~^~~~~~~~~~~~~~~~~~~~~~[m[K
[01m[K/home/hd/Desktop/Motor_Control/motor_controls.ws/src/ethercat_device_configurator/src/motor_control.cpp:68:21:[m[K [01;36m[Knote: [m[Khere
   68 |                     [01;36m[Kcase[m[K 1: command.mode = Motor_mode::VELOCITY;
      |                     [01;36m[K^~~~[m[K
[01m[K/home/hd/Desktop/Motor_Control/motor_controls.ws/src/ethercat_device_configurator/src/motor_control.cpp:68:42:[m[K [01;35m[Kwarning: [m[Kthis statement may fall through [[01;35m[K-Wimplicit-fallthrough=[m[K]
   68 |                     case 1: [01;35m[Kcommand.mode = Motor_mode::VELOCITY[m[K;
      |                             [01;35m[K~~~~~~~~~~~~~^~~~~~~~~~~~~~~~~~~~~~[m[K
[01m[K/home/hd/Desktop/Motor_Control/motor_controls.ws/src/ethercat_device_configurator/src/motor_control.cpp:69:21:[m[K [01;36m[Knote: [m[Khere
   69 |                     [01;36m[Kcase[m[K 2: command.mode = Motor_mode::TORQUE;
      |                     [01;36m[K^~~~[m[K
make[2]: *** [CMakeFiles/motor_control.dir/build.make:63: CMakeFiles/motor_control.dir/src/motor_control.cpp.o] Error 1
make[1]: *** [CMakeFiles/Makefile2:261: CMakeFiles/motor_control.dir/all] Error 2
make: *** [Makefile:141: all] Error 2
