-- Found rclcpp: 2.4.2 (/home/hd/ros2_foxy/install/rclcpp/share/rclcpp/cmake)
-- Using PYTHON_EXECUTABLE: /usr/bin/python3
-- Using all available rosidl_typesupport_c: rosidl_typesupport_fastrtps_c;rosidl_typesupport_introspection_c
-- Found rosidl_adapter: 1.3.0 (/home/hd/ros2_foxy/install/rosidl_adapter/share/rosidl_adapter/cmake)
-- Using all available rosidl_typesupport_cpp: rosidl_typesupport_fastrtps_cpp;rosidl_typesupport_introspection_cpp
-- Found rmw_implementation_cmake: 1.0.4 (/home/hd/ros2_foxy/install/rmw_implementation_cmake/share/rmw_implementation_cmake/cmake)
-- Using RMW implementation 'rmw_fastrtps_cpp' as default
-- Found message_logger: 0.0.0 (/home/hd/Desktop/Motor_Control/motor_controls.ws/install/ethercat_device_configurator/share/message_logger/cmake)
-- Found soem_interface: 0.0.0 (/home/hd/Desktop/Motor_Control/motor_controls.ws/install/ethercat_device_configurator/share/soem_interface/cmake)
-- Found ethercat_sdk_master: 0.0.1 (/home/hd/Desktop/Motor_Control/motor_controls.ws/install/ethercat_device_configurator/share/ethercat_sdk_master/cmake)
-- Found maxon_epos_ethercat_sdk: 1.0.1 (/home/hd/Desktop/Motor_Control/motor_controls.ws/install/ethercat_device_configurator/share/maxon_epos_ethercat_sdk/cmake)
-- Found motor_control_interfaces: 0.0.0 (/home/hd/Desktop/Motor_Control/motor_controls.ws/install/motor_control_interfaces/share/motor_control_interfaces/cmake)
-- Found ament_lint_auto: 0.9.8 (/home/hd/ros2_foxy/install/ament_lint_auto/share/ament_lint_auto/cmake)
-- Added test 'cppcheck' to perform static code analysis on C / C++ code
-- Configured cppcheck include dirs: /home/hd/Desktop/Motor_Control/motor_controls.ws/src/ethercat_device_configurator/ethercat_sdk_master/../soem_interface/soem_interface/include;/home/hd/Desktop/Motor_Control/motor_controls.ws/src/ethercat_device_configurator/ethercat_sdk_master/../soem_interface/soem/include;/home/hd/Desktop/Motor_Control/motor_controls.ws/src/ethercat_device_configurator/ethercat_sdk_master/../message_logger/include;/home/hd/Desktop/Motor_Control/motor_controls.ws/src/ethercat_device_configurator/ethercat_sdk_master/include
-- Configured cppcheck exclude dirs and/or files: 
-- Added test 'lint_cmake' to check CMake code style
-- Added test 'uncrustify' to check C / C++ code style
-- Configured uncrustify additional arguments: 
-- Added test 'xmllint' to check XML markup files
-- Found ament_lint_auto: 0.9.8 (/home/hd/ros2_foxy/install/ament_lint_auto/share/ament_lint_auto/cmake)
-- Added test 'cppcheck' to perform static code analysis on C / C++ code
-- Configured cppcheck include dirs: /home/hd/Desktop/Motor_Control/motor_controls.ws/src/ethercat_device_configurator/maxon_epos_ethercat_sdk/include;/home/hd/Desktop/Motor_Control/motor_controls.ws/src/ethercat_device_configurator/maxon_epos_ethercat_sdk/../message_logger/include;/home/hd/Desktop/Motor_Control/motor_controls.ws/src/ethercat_device_configurator/maxon_epos_ethercat_sdk/../ethercat_sdk_master/include;/home/hd/Desktop/Motor_Control/motor_controls.ws/src/ethercat_device_configurator/maxon_epos_ethercat_sdk/../soem_interface/soem_interface/include;/home/hd/Desktop/Motor_Control/motor_controls.ws/src/ethercat_device_configurator/maxon_epos_ethercat_sdk/../soem_interface/soem/include
-- Configured cppcheck exclude dirs and/or files: 
-- Added test 'lint_cmake' to check CMake code style
-- Added test 'uncrustify' to check C / C++ code style
-- Configured uncrustify additional arguments: 
-- Added test 'xmllint' to check XML markup files
-- Found rclcpp_components: 2.4.2 (/home/hd/ros2_foxy/install/rclcpp_components/share/rclcpp_components/cmake)
-- Found soem_rsl: 0.0.0 (/home/hd/Desktop/Motor_Control/motor_controls.ws/install/ethercat_device_configurator/share/soem_rsl/cmake)
-- Found ament_lint_auto: 0.9.8 (/home/hd/ros2_foxy/install/ament_lint_auto/share/ament_lint_auto/cmake)
-- Configuring done
-- Generating done
-- Build files have been written to: /home/hd/Desktop/Motor_Control/motor_controls.ws/build/ethercat_device_configurator
[35m[1mScanning dependencies of target yaml-cpp[0m
[35m[1mScanning dependencies of target soem_interface[0m
[  1%] [32mBuilding CXX object soem_interface/soem_interface/CMakeFiles/soem_interface.dir/src/soem_interface/common/ThreadSleep.cpp.o[0m
[  2%] [32mBuilding CXX object yaml-cpp/yaml-cpp/CMakeFiles/yaml-cpp.dir/src/contrib/graphbuilder.cpp.o[0m
[  3%] [32mBuilding CXX object soem_interface/soem_interface/CMakeFiles/soem_interface.dir/src/soem_interface/common/Macros.cpp.o[0m
[  4%] [32mBuilding CXX object yaml-cpp/yaml-cpp/CMakeFiles/yaml-cpp.dir/src/contrib/graphbuilderadapter.cpp.o[0m
[  6%] [32mBuilding CXX object yaml-cpp/yaml-cpp/CMakeFiles/yaml-cpp.dir/src/binary.cpp.o[0m
[  7%] [32mBuilding CXX object yaml-cpp/yaml-cpp/CMakeFiles/yaml-cpp.dir/src/convert.cpp.o[0m
[  8%] [32mBuilding CXX object soem_interface/soem_interface/CMakeFiles/soem_interface.dir/src/soem_interface/EthercatSlaveBase.cpp.o[0m
[  9%] [32mBuilding CXX object yaml-cpp/yaml-cpp/CMakeFiles/yaml-cpp.dir/src/depthguard.cpp.o[0m
[ 10%] [32mBuilding CXX object yaml-cpp/yaml-cpp/CMakeFiles/yaml-cpp.dir/src/directives.cpp.o[0m
[ 12%] [32mBuilding CXX object yaml-cpp/yaml-cpp/CMakeFiles/yaml-cpp.dir/src/emit.cpp.o[0m
[ 13%] [32mBuilding CXX object soem_interface/soem_interface/CMakeFiles/soem_interface.dir/src/soem_interface/EthercatBusManagerBase.cpp.o[0m
[ 14%] [32mBuilding CXX object yaml-cpp/yaml-cpp/CMakeFiles/yaml-cpp.dir/src/emitfromevents.cpp.o[0m
[ 15%] [32mBuilding CXX object yaml-cpp/yaml-cpp/CMakeFiles/yaml-cpp.dir/src/emitter.cpp.o[0m
[ 16%] [32mBuilding CXX object yaml-cpp/yaml-cpp/CMakeFiles/yaml-cpp.dir/src/emitterstate.cpp.o[0m
[ 18%] [32mBuilding CXX object soem_interface/soem_interface/CMakeFiles/soem_interface.dir/src/soem_interface/EthercatBusBase.cpp.o[0m
[ 19%] [32mBuilding CXX object yaml-cpp/yaml-cpp/CMakeFiles/yaml-cpp.dir/src/emitterutils.cpp.o[0m
[ 20%] [32mBuilding CXX object yaml-cpp/yaml-cpp/CMakeFiles/yaml-cpp.dir/src/exceptions.cpp.o[0m
[ 21%] [32mBuilding CXX object yaml-cpp/yaml-cpp/CMakeFiles/yaml-cpp.dir/src/exp.cpp.o[0m
[ 22%] [32mBuilding CXX object soem_interface/soem_interface/CMakeFiles/soem_interface.dir/__/__/message_logger/src/time/Time.cpp.o[0m
[ 24%] [32mBuilding CXX object yaml-cpp/yaml-cpp/CMakeFiles/yaml-cpp.dir/src/memory.cpp.o[0m
[ 25%] [32mBuilding CXX object soem_interface/soem_interface/CMakeFiles/soem_interface.dir/__/__/message_logger/src/time/TimeStd.cpp.o[0m
[ 26%] [32m[1mLinking CXX static library libsoem_interface.a[0m
[ 27%] [32mBuilding CXX object yaml-cpp/yaml-cpp/CMakeFiles/yaml-cpp.dir/src/node.cpp.o[0m
[ 27%] Built target soem_interface
[35m[1mScanning dependencies of target ethercat_sdk_master[0m
[ 28%] [32mBuilding CXX object ethercat_sdk_master/CMakeFiles/ethercat_sdk_master.dir/src/ethercat_sdk_master/EthercatMaster.cpp.o[0m
[ 30%] [32mBuilding CXX object yaml-cpp/yaml-cpp/CMakeFiles/yaml-cpp.dir/src/node_data.cpp.o[0m
[ 31%] [32mBuilding CXX object yaml-cpp/yaml-cpp/CMakeFiles/yaml-cpp.dir/src/nodebuilder.cpp.o[0m
[ 32%] [32mBuilding CXX object yaml-cpp/yaml-cpp/CMakeFiles/yaml-cpp.dir/src/nodeevents.cpp.o[0m
[ 33%] [32mBuilding CXX object yaml-cpp/yaml-cpp/CMakeFiles/yaml-cpp.dir/src/null.cpp.o[0m
[ 34%] [32mBuilding CXX object yaml-cpp/yaml-cpp/CMakeFiles/yaml-cpp.dir/src/ostream_wrapper.cpp.o[0m
[ 36%] [32mBuilding CXX object ethercat_sdk_master/CMakeFiles/ethercat_sdk_master.dir/src/ethercat_sdk_master/EthercatDevice.cpp.o[0m
[ 37%] [32mBuilding CXX object yaml-cpp/yaml-cpp/CMakeFiles/yaml-cpp.dir/src/parse.cpp.o[0m
[ 38%] [32mBuilding CXX object yaml-cpp/yaml-cpp/CMakeFiles/yaml-cpp.dir/src/parser.cpp.o[0m
[ 39%] [32mBuilding CXX object yaml-cpp/yaml-cpp/CMakeFiles/yaml-cpp.dir/src/regex_yaml.cpp.o[0m
[ 40%] [32mBuilding CXX object yaml-cpp/yaml-cpp/CMakeFiles/yaml-cpp.dir/src/scanner.cpp.o[0m
[ 42%] [32mBuilding CXX object yaml-cpp/yaml-cpp/CMakeFiles/yaml-cpp.dir/src/scanscalar.cpp.o[0m
[ 43%] [32m[1mLinking CXX static library libethercat_sdk_master.a[0m
[ 43%] Built target ethercat_sdk_master
[ 44%] [32mBuilding CXX object yaml-cpp/yaml-cpp/CMakeFiles/yaml-cpp.dir/src/scantag.cpp.o[0m
[35m[1mScanning dependencies of target message_logger[0m
[ 45%] [32mBuilding CXX object message_logger/CMakeFiles/message_logger.dir/src/time/Time.cpp.o[0m
[ 46%] [32mBuilding CXX object message_logger/CMakeFiles/message_logger.dir/src/time/TimeStd.cpp.o[0m
[ 48%] [32mBuilding CXX object yaml-cpp/yaml-cpp/CMakeFiles/yaml-cpp.dir/src/scantoken.cpp.o[0m
[ 49%] [32m[1mLinking CXX shared library libmessage_logger.so[0m
[ 49%] Built target message_logger
[35m[1mScanning dependencies of target soem[0m
[ 50%] [32mBuilding CXX object yaml-cpp/yaml-cpp/CMakeFiles/yaml-cpp.dir/src/simplekey.cpp.o[0m
[ 51%] [32mBuilding C object soem_interface/soem/CMakeFiles/soem.dir/include/soem/soem/ethercatbase.c.o[0m
[ 53%] [32mBuilding C object soem_interface/soem/CMakeFiles/soem.dir/include/soem/soem/ethercatcoe.c.o[0m
[ 54%] [32mBuilding C object soem_interface/soem/CMakeFiles/soem.dir/include/soem/soem/ethercatconfig.c.o[0m
[ 55%] [32mBuilding CXX object yaml-cpp/yaml-cpp/CMakeFiles/yaml-cpp.dir/src/singledocparser.cpp.o[0m
[ 56%] [32mBuilding C object soem_interface/soem/CMakeFiles/soem.dir/include/soem/soem/ethercatdc.c.o[0m
[ 57%] [32mBuilding C object soem_interface/soem/CMakeFiles/soem.dir/include/soem/soem/ethercatfoe.c.o[0m
[ 59%] [32mBuilding C object soem_interface/soem/CMakeFiles/soem.dir/include/soem/soem/ethercatmain.c.o[0m
[ 60%] [32mBuilding C object soem_interface/soem/CMakeFiles/soem.dir/include/soem/soem/ethercatprint.c.o[0m
[ 61%] [32mBuilding C object soem_interface/soem/CMakeFiles/soem.dir/include/soem/soem/ethercatsoe.c.o[0m
[ 62%] [32mBuilding C object soem_interface/soem/CMakeFiles/soem.dir/include_linux/soem/osal/osal.c.o[0m
[ 63%] [32mBuilding C object soem_interface/soem/CMakeFiles/soem.dir/include_linux/soem/oshw/nicdrv.c.o[0m
[ 65%] [32mBuilding C object soem_interface/soem/CMakeFiles/soem.dir/include_linux/soem/oshw/oshw.c.o[0m
[ 66%] [32m[1mLinking C static library libsoem.a[0m
[ 67%] [32mBuilding CXX object yaml-cpp/yaml-cpp/CMakeFiles/yaml-cpp.dir/src/stream.cpp.o[0m
[ 67%] Built target soem
[ 68%] [32mBuilding CXX object yaml-cpp/yaml-cpp/CMakeFiles/yaml-cpp.dir/src/tag.cpp.o[0m
[ 69%] [32m[1mLinking CXX static library libyaml-cpp.a[0m
[ 69%] Built target yaml-cpp
[35m[1mScanning dependencies of target yaml-cpp-read[0m
[35m[1mScanning dependencies of target maxon_epos_ethercat_sdk[0m
[ 71%] [32mBuilding CXX object yaml-cpp/yaml-cpp/util/CMakeFiles/yaml-cpp-read.dir/read.cpp.o[0m
[ 72%] [32mBuilding CXX object maxon_epos_ethercat_sdk/CMakeFiles/maxon_epos_ethercat_sdk.dir/src/maxon_epos_ethercat_sdk/Command.cpp.o[0m
[ 73%] [32mBuilding CXX object maxon_epos_ethercat_sdk/CMakeFiles/maxon_epos_ethercat_sdk.dir/src/maxon_epos_ethercat_sdk/Configuration.cpp.o[0m
[ 74%] [32m[1mLinking CXX executable read[0m
[ 74%] Built target yaml-cpp-read
[35m[1mScanning dependencies of target yaml-cpp-parse[0m
[ 75%] [32mBuilding CXX object yaml-cpp/yaml-cpp/util/CMakeFiles/yaml-cpp-parse.dir/parse.cpp.o[0m
[ 77%] [32mBuilding CXX object maxon_epos_ethercat_sdk/CMakeFiles/maxon_epos_ethercat_sdk.dir/src/maxon_epos_ethercat_sdk/ConfigurationParser.cpp.o[0m
[ 78%] [32m[1mLinking CXX executable parse[0m
[ 78%] Built target yaml-cpp-parse
[35m[1mScanning dependencies of target yaml-cpp-sandbox[0m
[ 79%] [32mBuilding CXX object yaml-cpp/yaml-cpp/util/CMakeFiles/yaml-cpp-sandbox.dir/sandbox.cpp.o[0m
[ 80%] [32m[1mLinking CXX executable sandbox[0m
[ 80%] Built target yaml-cpp-sandbox
[ 81%] [32mBuilding CXX object maxon_epos_ethercat_sdk/CMakeFiles/maxon_epos_ethercat_sdk.dir/src/maxon_epos_ethercat_sdk/ConfigureParameters.cpp.o[0m
[ 83%] [32mBuilding CXX object maxon_epos_ethercat_sdk/CMakeFiles/maxon_epos_ethercat_sdk.dir/src/maxon_epos_ethercat_sdk/Controlword.cpp.o[0m
[ 84%] [32mBuilding CXX object maxon_epos_ethercat_sdk/CMakeFiles/maxon_epos_ethercat_sdk.dir/src/maxon_epos_ethercat_sdk/Diagnostics.cpp.o[0m
[ 85%] [32mBuilding CXX object maxon_epos_ethercat_sdk/CMakeFiles/maxon_epos_ethercat_sdk.dir/src/maxon_epos_ethercat_sdk/DriveState.cpp.o[0m
[ 86%] [32mBuilding CXX object maxon_epos_ethercat_sdk/CMakeFiles/maxon_epos_ethercat_sdk.dir/src/maxon_epos_ethercat_sdk/Maxon.cpp.o[0m
[ 87%] [32mBuilding CXX object maxon_epos_ethercat_sdk/CMakeFiles/maxon_epos_ethercat_sdk.dir/src/maxon_epos_ethercat_sdk/ModeOfOperationEnum.cpp.o[0m
[ 89%] [32mBuilding CXX object maxon_epos_ethercat_sdk/CMakeFiles/maxon_epos_ethercat_sdk.dir/src/maxon_epos_ethercat_sdk/PdoTypeEnum.cpp.o[0m
[ 90%] [32mBuilding CXX object maxon_epos_ethercat_sdk/CMakeFiles/maxon_epos_ethercat_sdk.dir/src/maxon_epos_ethercat_sdk/Reading.cpp.o[0m
[ 91%] [32mBuilding CXX object maxon_epos_ethercat_sdk/CMakeFiles/maxon_epos_ethercat_sdk.dir/src/maxon_epos_ethercat_sdk/Statusword.cpp.o[0m
[ 92%] [32m[1mLinking CXX static library libmaxon_epos_ethercat_sdk.a[0m
[ 92%] Built target maxon_epos_ethercat_sdk
[35m[1mScanning dependencies of target motor_control[0m
[ 93%] [32mBuilding CXX object CMakeFiles/motor_control.dir/src/EthercatDeviceConfigurator.cpp.o[0m
[ 95%] [32mBuilding CXX object CMakeFiles/motor_control.dir/src/motor_control.cpp.o[0m
[ 96%] [32mBuilding C object CMakeFiles/motor_control.dir/include/ethercat_device_configurator/soem/soem/ethercatconfig.c.o[0m
[ 97%] [32mBuilding C object CMakeFiles/motor_control.dir/include/ethercat_device_configurator/soem/soem/ethercatprint.c.o[0m
[ 98%] [32mBuilding C object CMakeFiles/motor_control.dir/include/ethercat_device_configurator/soem/soem/ethercatdc.c.o[0m
