[0.116s] Invoking command in '/home/hd/Desktop/motor_controls.ws/build/coucou': CMAKE_PREFIX_PATH=${CMAKE_PREFIX_PATH}:/home/hd/ros2_foxy/install/ros2bag:/home/hd/ros2_foxy/install/tracetools_launch:/home/hd/ros2_foxy/install/topic_monitor:/home/hd/ros2_foxy/install/examples_tf2_py:/home/hd/ros2_foxy/install/sros2:/home/hd/ros2_foxy/install/rqt_topic:/home/hd/ros2_foxy/install/rqt_top:/home/hd/ros2_foxy/install/rqt_srv:/home/hd/ros2_foxy/install/rqt_shell:/home/hd/ros2_foxy/install/rqt_service_caller:/home/hd/ros2_foxy/install/rqt_reconfigure:/home/hd/ros2_foxy/install/rqt_py_console:/home/hd/ros2_foxy/install/rqt_publisher:/home/hd/ros2_foxy/install/rqt_plot:/home/hd/ros2_foxy/install/rqt_action:/home/hd/ros2_foxy/install/rqt_msg:/home/hd/ros2_foxy/install/rqt_console:/home/hd/ros2_foxy/install/rqt:/home/hd/ros2_foxy/install/rqt_graph:/home/hd/ros2_foxy/install/rqt_gui_py:/home/hd/ros2_foxy/install/rqt_gui:/home/hd/ros2_foxy/install/ros2trace:/home/hd/ros2_foxy/install/ros2topic:/home/hd/ros2_foxy/install/ros2test:/home/hd/ros2_foxy/install/ros2component:/home/hd/ros2_foxy/install/ros2param:/home/hd/ros2_foxy/install/ros2lifecycle:/home/hd/ros2_foxy/install/ros2service:/home/hd/ros2_foxy/install/ros2run:/home/hd/ros2_foxy/install/ros2launch:/home/hd/ros2_foxy/install/ros2pkg:/home/hd/ros2_foxy/install/ros2node:/home/hd/ros2_foxy/install/ros2multicast:/home/hd/ros2_foxy/install/ros2interface:/home/hd/ros2_foxy/install/ros2doctor:/home/hd/ros2_foxy/install/ros2action:/home/hd/ros2_foxy/install/ros2cli:/home/hd/ros2_foxy/install/quality_of_service_demo_py:/home/hd/ros2_foxy/install/launch_testing_ros:/home/hd/ros2_foxy/install/launch_ros:/home/hd/ros2_foxy/install/examples_rclpy_minimal_subscriber:/home/hd/ros2_foxy/install/examples_rclpy_minimal_service:/home/hd/ros2_foxy/install/examples_rclpy_minimal_publisher:/home/hd/ros2_foxy/install/examples_rclpy_minimal_client:/home/hd/ros2_foxy/install/examples_rclpy_minimal_action_server:/home/hd/ros2_foxy/install/examples_rclpy_minimal_action_client:/home/hd/ros2_foxy/install/examples_rclpy_executors:/home/hd/ros2_foxy/install/demo_nodes_py:/home/hd/ros2_foxy/install/action_tutorials_py:/home/hd/ros2_foxy/install/ament_uncrustify:/home/hd/ros2_foxy/install/tracetools_trace:/home/hd/ros2_foxy/install/tracetools_read:/home/hd/ros2_foxy/install/test_launch_ros:/home/hd/ros2_foxy/install/sensor_msgs_py:/home/hd/ros2_foxy/install/rpyutils:/home/hd/ros2_foxy/install/rosidl_runtime_py:/home/hd/ros2_foxy/install/launch_yaml:/home/hd/ros2_foxy/install/launch_xml:/home/hd/ros2_foxy/install/launch_testing:/home/hd/ros2_foxy/install/launch:/home/hd/ros2_foxy/install/osrf_pycommon:/home/hd/ros2_foxy/install/domain_coordinator:/home/hd/ros2_foxy/install/ament_xmllint:/home/hd/ros2_foxy/install/ament_pyflakes:/home/hd/ros2_foxy/install/ament_pycodestyle:/home/hd/ros2_foxy/install/ament_pep257:/home/hd/ros2_foxy/install/ament_pclint:/home/hd/ros2_foxy/install/ament_package:/home/hd/ros2_foxy/install/ament_mypy:/home/hd/ros2_foxy/install/ament_lint_cmake:/home/hd/ros2_foxy/install/ament_flake8:/home/hd/ros2_foxy/install/ament_copyright:/home/hd/ros2_foxy/install/ament_lint:/home/hd/ros2_foxy/install/ament_index_python:/home/hd/ros2_foxy/install/ament_cpplint:/home/hd/ros2_foxy/install/ament_cppcheck:/home/hd/ros2_foxy/install/ament_clang_tidy:/home/hd/ros2_foxy/install/ament_clang_format /usr/bin/cmake --build /home/hd/Desktop/motor_controls.ws/build/coucou -- -j2 -l2
[0.408s] -- Found ament_cmake: 0.9.11 (/home/hd/ros2_foxy/install/ament_cmake/share/ament_cmake/cmake)
[0.808s] -- Using PYTHON_EXECUTABLE: /usr/bin/python3
[1.944s] -- Found rclcpp: 2.4.2 (/home/hd/ros2_foxy/install/rclcpp/share/rclcpp/cmake)
[2.526s] -- Using all available rosidl_typesupport_c: rosidl_typesupport_introspection_c;rosidl_typesupport_fastrtps_c
[2.627s] -- Found rosidl_adapter: 1.3.0 (/home/hd/ros2_foxy/install/rosidl_adapter/share/rosidl_adapter/cmake)
[3.064s] -- Found OpenSSL: /usr/lib/x86_64-linux-gnu/libcrypto.so (found version "1.1.1f")  
[3.137s] -- Found FastRTPS: /home/hd/ros2_foxy/install/fastrtps/include  
[3.399s] -- Using all available rosidl_typesupport_cpp: rosidl_typesupport_introspection_cpp;rosidl_typesupport_fastrtps_cpp
[3.656s] -- Found rmw_implementation_cmake: 1.0.4 (/home/hd/ros2_foxy/install/rmw_implementation_cmake/share/rmw_implementation_cmake/cmake)
[3.698s] -- Using RMW implementation 'rmw_fastrtps_cpp' as default
[3.703s] -- Looking for pthread.h
[4.066s] -- Looking for pthread.h - found
[4.073s] -- Performing Test CMAKE_HAVE_LIBC_PTHREAD
[4.245s] -- Performing Test CMAKE_HAVE_LIBC_PTHREAD - Failed
[4.245s] -- Looking for pthread_create in pthreads
[4.374s] -- Looking for pthread_create in pthreads - not found
[4.374s] -- Looking for pthread_create in pthread
[4.499s] -- Looking for pthread_create in pthread - found
[4.500s] -- Found Threads: TRUE  
[5.300s] CMake Error at /home/hd/ros2_foxy/install/ament_cmake_core/share/ament_cmake_core/cmake/core/ament_package_xml.cmake:53 (message):
[5.300s]   ament_package_xml() package name 'coucou' in '/package.xml' does not match
[5.300s]   current PROJECT_NAME 'cpp_pubsub'.  You must call project() with the same
[5.300s]   package name before.
[5.300s] Call Stack (most recent call first):
[5.300s]   /home/hd/ros2_foxy/install/ament_cmake_core/share/ament_cmake_core/cmake/core/ament_package.cmake:63 (ament_package_xml)
[5.300s]   CMakeLists.txt:24 (ament_package)
[5.300s] 
[5.300s] 
[5.302s] -- Configuring incomplete, errors occurred!
[5.302s] See also "/home/hd/Desktop/motor_controls.ws/build/coucou/CMakeFiles/CMakeOutput.log".
[5.302s] See also "/home/hd/Desktop/motor_controls.ws/build/coucou/CMakeFiles/CMakeError.log".
[5.311s] make: *** [Makefile:222: cmake_check_build_system] Error 1
[5.315s] Invoked command in '/home/hd/Desktop/motor_controls.ws/build/coucou' returned '2': CMAKE_PREFIX_PATH=${CMAKE_PREFIX_PATH}:/home/hd/ros2_foxy/install/ros2bag:/home/hd/ros2_foxy/install/tracetools_launch:/home/hd/ros2_foxy/install/topic_monitor:/home/hd/ros2_foxy/install/examples_tf2_py:/home/hd/ros2_foxy/install/sros2:/home/hd/ros2_foxy/install/rqt_topic:/home/hd/ros2_foxy/install/rqt_top:/home/hd/ros2_foxy/install/rqt_srv:/home/hd/ros2_foxy/install/rqt_shell:/home/hd/ros2_foxy/install/rqt_service_caller:/home/hd/ros2_foxy/install/rqt_reconfigure:/home/hd/ros2_foxy/install/rqt_py_console:/home/hd/ros2_foxy/install/rqt_publisher:/home/hd/ros2_foxy/install/rqt_plot:/home/hd/ros2_foxy/install/rqt_action:/home/hd/ros2_foxy/install/rqt_msg:/home/hd/ros2_foxy/install/rqt_console:/home/hd/ros2_foxy/install/rqt:/home/hd/ros2_foxy/install/rqt_graph:/home/hd/ros2_foxy/install/rqt_gui_py:/home/hd/ros2_foxy/install/rqt_gui:/home/hd/ros2_foxy/install/ros2trace:/home/hd/ros2_foxy/install/ros2topic:/home/hd/ros2_foxy/install/ros2test:/home/hd/ros2_foxy/install/ros2component:/home/hd/ros2_foxy/install/ros2param:/home/hd/ros2_foxy/install/ros2lifecycle:/home/hd/ros2_foxy/install/ros2service:/home/hd/ros2_foxy/install/ros2run:/home/hd/ros2_foxy/install/ros2launch:/home/hd/ros2_foxy/install/ros2pkg:/home/hd/ros2_foxy/install/ros2node:/home/hd/ros2_foxy/install/ros2multicast:/home/hd/ros2_foxy/install/ros2interface:/home/hd/ros2_foxy/install/ros2doctor:/home/hd/ros2_foxy/install/ros2action:/home/hd/ros2_foxy/install/ros2cli:/home/hd/ros2_foxy/install/quality_of_service_demo_py:/home/hd/ros2_foxy/install/launch_testing_ros:/home/hd/ros2_foxy/install/launch_ros:/home/hd/ros2_foxy/install/examples_rclpy_minimal_subscriber:/home/hd/ros2_foxy/install/examples_rclpy_minimal_service:/home/hd/ros2_foxy/install/examples_rclpy_minimal_publisher:/home/hd/ros2_foxy/install/examples_rclpy_minimal_client:/home/hd/ros2_foxy/install/examples_rclpy_minimal_action_server:/home/hd/ros2_foxy/install/examples_rclpy_minimal_action_client:/home/hd/ros2_foxy/install/examples_rclpy_executors:/home/hd/ros2_foxy/install/demo_nodes_py:/home/hd/ros2_foxy/install/action_tutorials_py:/home/hd/ros2_foxy/install/ament_uncrustify:/home/hd/ros2_foxy/install/tracetools_trace:/home/hd/ros2_foxy/install/tracetools_read:/home/hd/ros2_foxy/install/test_launch_ros:/home/hd/ros2_foxy/install/sensor_msgs_py:/home/hd/ros2_foxy/install/rpyutils:/home/hd/ros2_foxy/install/rosidl_runtime_py:/home/hd/ros2_foxy/install/launch_yaml:/home/hd/ros2_foxy/install/launch_xml:/home/hd/ros2_foxy/install/launch_testing:/home/hd/ros2_foxy/install/launch:/home/hd/ros2_foxy/install/osrf_pycommon:/home/hd/ros2_foxy/install/domain_coordinator:/home/hd/ros2_foxy/install/ament_xmllint:/home/hd/ros2_foxy/install/ament_pyflakes:/home/hd/ros2_foxy/install/ament_pycodestyle:/home/hd/ros2_foxy/install/ament_pep257:/home/hd/ros2_foxy/install/ament_pclint:/home/hd/ros2_foxy/install/ament_package:/home/hd/ros2_foxy/install/ament_mypy:/home/hd/ros2_foxy/install/ament_lint_cmake:/home/hd/ros2_foxy/install/ament_flake8:/home/hd/ros2_foxy/install/ament_copyright:/home/hd/ros2_foxy/install/ament_lint:/home/hd/ros2_foxy/install/ament_index_python:/home/hd/ros2_foxy/install/ament_cpplint:/home/hd/ros2_foxy/install/ament_cppcheck:/home/hd/ros2_foxy/install/ament_clang_tidy:/home/hd/ros2_foxy/install/ament_clang_format /usr/bin/cmake --build /home/hd/Desktop/motor_controls.ws/build/coucou -- -j2 -l2
