CMake Warning at CMakeLists.txt:27 (find_package):
  By not providing "Findmessage_logger.cmake" in CMAKE_MODULE_PATH this
  project has asked CMake to find a package configuration file provided by
  "message_logger", but CMake did not find one.

  Could not find a package configuration file provided by "message_logger"
  with any of the following names:

    message_loggerConfig.cmake
    message_logger-config.cmake

  Add the installation prefix of "message_logger" to CMAKE_PREFIX_PATH or set
  "message_logger_DIR" to a directory containing one of the above files.  If
  "message_logger" provides a separate development package or SDK, be sure it
  has been installed.


CMake Warning at CMakeLists.txt:28 (find_package):
  By not providing "Findsoem_interface.cmake" in CMAKE_MODULE_PATH this
  project has asked CMake to find a package configuration file provided by
  "soem_interface", but CMake did not find one.

  Could not find a package configuration file provided by "soem_interface"
  with any of the following names:

    soem_interfaceConfig.cmake
    soem_interface-config.cmake

  Add the installation prefix of "soem_interface" to CMAKE_PREFIX_PATH or set
  "soem_interface_DIR" to a directory containing one of the above files.  If
  "soem_interface" provides a separate development package or SDK, be sure it
  has been installed.


CMake Warning at CMakeLists.txt:29 (find_package):
  By not providing "Findethercat_sdk_master.cmake" in CMAKE_MODULE_PATH this
  project has asked CMake to find a package configuration file provided by
  "ethercat_sdk_master", but CMake did not find one.

  Could not find a package configuration file provided by
  "ethercat_sdk_master" with any of the following names:

    ethercat_sdk_masterConfig.cmake
    ethercat_sdk_master-config.cmake

  Add the installation prefix of "ethercat_sdk_master" to CMAKE_PREFIX_PATH
  or set "ethercat_sdk_master_DIR" to a directory containing one of the above
  files.  If "ethercat_sdk_master" provides a separate development package or
  SDK, be sure it has been installed.


CMake Warning at CMakeLists.txt:30 (find_package):
  By not providing "Findmaxon_epos_ethercat_sdk.cmake" in CMAKE_MODULE_PATH
  this project has asked CMake to find a package configuration file provided
  by "maxon_epos_ethercat_sdk", but CMake did not find one.

  Could not find a package configuration file provided by
  "maxon_epos_ethercat_sdk" with any of the following names:

    maxon_epos_ethercat_sdkConfig.cmake
    maxon_epos_ethercat_sdk-config.cmake

  Add the installation prefix of "maxon_epos_ethercat_sdk" to
  CMAKE_PREFIX_PATH or set "maxon_epos_ethercat_sdk_DIR" to a directory
  containing one of the above files.  If "maxon_epos_ethercat_sdk" provides a
  separate development package or SDK, be sure it has been installed.


 AHHHHHHHHHHHHHHHHHH message_logger
CMake Warning at soem_interface/soem_interface/CMakeLists.txt:22 (find_package):
  By not providing "Findsoem_rsl.cmake" in CMAKE_MODULE_PATH this project has
  asked CMake to find a package configuration file provided by "soem_rsl",
  but CMake did not find one.

  Could not find a package configuration file provided by "soem_rsl" with any
  of the following names:

    soem_rslConfig.cmake
    soem_rsl-config.cmake

  Add the installation prefix of "soem_rsl" to CMAKE_PREFIX_PATH or set
  "soem_rsl_DIR" to a directory containing one of the above files.  If
  "soem_rsl" provides a separate development package or SDK, be sure it has
  been installed.


CMake Warning at soem_interface/soem_interface/CMakeLists.txt:23 (find_package):
  By not providing "Findmessage_logger.cmake" in CMAKE_MODULE_PATH this
  project has asked CMake to find a package configuration file provided by
  "message_logger", but CMake did not find one.

  Could not find a package configuration file provided by "message_logger"
  with any of the following names:

    message_loggerConfig.cmake
    message_logger-config.cmake

  Add the installation prefix of "message_logger" to CMAKE_PREFIX_PATH or set
  "message_logger_DIR" to a directory containing one of the above files.  If
  "message_logger" provides a separate development package or SDK, be sure it
  has been installed.


[01m[K/home/hd/Desktop/Motor_Control/motor_controls.ws/src/ethercat_device_configurator/message_logger/src/time/TimeStd.cpp:[m[K In member function ‘[01m[Kmessage_logger::time::TimeStd& message_logger::time::TimeStd::from(uint32_t, uint32_t)[m[K’:
[01m[K/home/hd/Desktop/Motor_Control/motor_controls.ws/src/ethercat_device_configurator/message_logger/src/time/TimeStd.cpp:115:33:[m[K [01;35m[Kwarning: [m[Kunused parameter ‘[01m[Ksec[m[K’ [[01;35m[K-Wunused-parameter[m[K]
  115 | TimeStd& TimeStd::from([01;35m[Kuint32_t sec[m[K, uint32_t nsec) {
      |                        [01;35m[K~~~~~~~~~^~~[m[K
[01m[K/home/hd/Desktop/Motor_Control/motor_controls.ws/src/ethercat_device_configurator/message_logger/src/time/TimeStd.cpp:115:47:[m[K [01;35m[Kwarning: [m[Kunused parameter ‘[01m[Knsec[m[K’ [[01;35m[K-Wunused-parameter[m[K]
  115 | TimeStd& TimeStd::from(uint32_t sec, [01;35m[Kuint32_t nsec[m[K) {
      |                                      [01;35m[K~~~~~~~~~^~~~[m[K
[01m[K/home/hd/Desktop/Motor_Control/motor_controls.ws/src/ethercat_device_configurator/message_logger/src/time/TimeStd.cpp:[m[K In member function ‘[01m[Kmessage_logger::time::TimeStd& message_logger::time::TimeStd::from(uint32_t, uint32_t)[m[K’:
[01m[K/home/hd/Desktop/Motor_Control/motor_controls.ws/src/ethercat_device_configurator/message_logger/src/time/TimeStd.cpp:115:33:[m[K [01;35m[Kwarning: [m[Kunused parameter ‘[01m[Ksec[m[K’ [[01;35m[K-Wunused-parameter[m[K]
  115 | TimeStd& TimeStd::from([01;35m[Kuint32_t sec[m[K, uint32_t nsec) {
      |                        [01;35m[K~~~~~~~~~^~~[m[K
[01m[K/home/hd/Desktop/Motor_Control/motor_controls.ws/src/ethercat_device_configurator/message_logger/src/time/TimeStd.cpp:115:47:[m[K [01;35m[Kwarning: [m[Kunused parameter ‘[01m[Knsec[m[K’ [[01;35m[K-Wunused-parameter[m[K]
  115 | TimeStd& TimeStd::from(uint32_t sec, [01;35m[Kuint32_t nsec[m[K) {
      |                                      [01;35m[K~~~~~~~~~^~~~[m[K
[01m[Kcc1:[m[K [01;35m[Kwarning: [m[Kcommand line option ‘[01m[K-std=c++17[m[K’ is valid for C++/ObjC++ but not for C
In file included from [01m[K/home/hd/Desktop/Motor_Control/motor_controls.ws/src/ethercat_device_configurator/soem_interface/soem/include/soem/oshw/oshw.h:54[m[K,
                 from [01m[K/home/hd/Desktop/Motor_Control/motor_controls.ws/src/ethercat_device_configurator/soem_interface/soem/include/soem/soem/ethercatbase.c:55[m[K:
[01m[K/home/hd/Desktop/Motor_Control/motor_controls.ws/src/ethercat_device_configurator/soem_interface/soem/include/soem/soem/ethercattype.h:532:5:[m[K [01;35m[Kwarning: [m[KISO C99 doesn’t support unnamed structs/unions [[01;35m[K-Wpedantic[m[K]
  532 |    }[01;35m[K;[m[K
      |     [01;35m[K^[m[K
[01m[Kcc1:[m[K [01;35m[Kwarning: [m[Kcommand line option ‘[01m[K-std=c++17[m[K’ is valid for C++/ObjC++ but not for C
In file included from [01m[K/home/hd/Desktop/Motor_Control/motor_controls.ws/src/ethercat_device_configurator/soem_interface/soem/include/soem/oshw/oshw.h:54[m[K,
                 from [01m[K/home/hd/Desktop/Motor_Control/motor_controls.ws/src/ethercat_device_configurator/soem_interface/soem/include/soem/soem/ethercatcoe.c:52[m[K:
[01m[K/home/hd/Desktop/Motor_Control/motor_controls.ws/src/ethercat_device_configurator/soem_interface/soem/include/soem/soem/ethercattype.h:532:5:[m[K [01;35m[Kwarning: [m[KISO C99 doesn’t support unnamed structs/unions [[01;35m[K-Wpedantic[m[K]
  532 |    }[01;35m[K;[m[K
      |     [01;35m[K^[m[K
[01m[K/home/hd/Desktop/Motor_Control/motor_controls.ws/src/ethercat_device_configurator/soem_interface/soem/include/soem/soem/ethercatcoe.c:72:5:[m[K [01;35m[Kwarning: [m[KISO C99 doesn’t support unnamed structs/unions [[01;35m[K-Wpedantic[m[K]
   72 |    }[01;35m[K;[m[K
      |     [01;35m[K^[m[K
[01m[K/home/hd/Desktop/Motor_Control/motor_controls.ws/src/ethercat_device_configurator/soem_interface/soem/include/soem/soem/ethercatcoe.c:90:5:[m[K [01;35m[Kwarning: [m[KISO C99 doesn’t support unnamed structs/unions [[01;35m[K-Wpedantic[m[K]
   90 |    }[01;35m[K;[m[K
      |     [01;35m[K^[m[K
[01m[Kcc1:[m[K [01;35m[Kwarning: [m[Kcommand line option ‘[01m[K-std=c++17[m[K’ is valid for C++/ObjC++ but not for C
In file included from [01m[K/home/hd/Desktop/Motor_Control/motor_controls.ws/src/ethercat_device_configurator/soem_interface/soem/include/soem/oshw/oshw.h:54[m[K,
                 from [01m[K/home/hd/Desktop/Motor_Control/motor_controls.ws/src/ethercat_device_configurator/soem_interface/soem/include/soem/soem/ethercatconfig.c:53[m[K:
[01m[K/home/hd/Desktop/Motor_Control/motor_controls.ws/src/ethercat_device_configurator/soem_interface/soem/include/soem/soem/ethercattype.h:532:5:[m[K [01;35m[Kwarning: [m[KISO C99 doesn’t support unnamed structs/unions [[01;35m[K-Wpedantic[m[K]
  532 |    }[01;35m[K;[m[K
      |     [01;35m[K^[m[K
In file included from [01m[K/home/hd/Desktop/Motor_Control/motor_controls.ws/src/ethercat_device_configurator/soem_interface/soem/include/soem/soem/ethercatconfig.c:58[m[K:
[01m[K/home/hd/Desktop/Motor_Control/motor_controls.ws/src/ethercat_device_configurator/soem_interface/soem/include/soem/soem/ethercatsoe.h:96:5:[m[K [01;35m[Kwarning: [m[KISO C99 doesn’t support unnamed structs/unions [[01;35m[K-Wpedantic[m[K]
   96 |    }[01;35m[K;[m[K
      |     [01;35m[K^[m[K
[01m[K/home/hd/Desktop/Motor_Control/motor_controls.ws/src/ethercat_device_configurator/soem_interface/soem/include/soem/soem/ethercatconfig.c:[m[K In function ‘[01m[Kecx_config_from_table[m[K’:
[01m[K/home/hd/Desktop/Motor_Control/motor_controls.ws/src/ethercat_device_configurator/soem_interface/soem/include/soem/soem/ethercatconfig.c:290:48:[m[K [01;35m[Kwarning: [m[Kunused parameter ‘[01m[Kcontext[m[K’ [[01;35m[K-Wunused-parameter[m[K]
  290 | static int ecx_config_from_table([01;35m[Kecx_contextt *context[m[K, uint16 slave)
      |                                  [01;35m[K~~~~~~~~~~~~~~^~~~~~~[m[K
[01m[K/home/hd/Desktop/Motor_Control/motor_controls.ws/src/ethercat_device_configurator/soem_interface/soem/include/soem/soem/ethercatconfig.c:290:64:[m[K [01;35m[Kwarning: [m[Kunused parameter ‘[01m[Kslave[m[K’ [[01;35m[K-Wunused-parameter[m[K]
  290 | static int ecx_config_from_table(ecx_contextt *context, [01;35m[Kuint16 slave[m[K)
      |                                                         [01;35m[K~~~~~~~^~~~~[m[K
[01m[K/home/hd/Desktop/Motor_Control/motor_controls.ws/src/ethercat_device_configurator/soem_interface/soem/include/soem/soem/ethercatconfig.c:[m[K In function ‘[01m[Kecx_config_map_group[m[K’:
[01m[K/home/hd/Desktop/Motor_Control/motor_controls.ws/src/ethercat_device_configurator/soem_interface/soem/include/soem/soem/ethercatconfig.c:918:19:[m[K [01;35m[Kwarning: [m[KISO C forbids passing argument 3 of ‘[01m[Kosal_thread_create[m[K’ between function pointer and ‘[01m[Kvoid *[m[K’ [[01;35m[K-Wpedantic[m[K]
  918 |                   [01;35m[K&ecx_mapper_thread[m[K, &(ecx_mapt[thrn]));
      |                   [01;35m[K^~~~~~~~~~~~~~~~~~[m[K
In file included from [01m[K/home/hd/Desktop/Motor_Control/motor_controls.ws/src/ethercat_device_configurator/soem_interface/soem/include/soem/soem/ethercatconfig.c:52[m[K:
[01m[K/home/hd/Desktop/Motor_Control/motor_controls.ws/src/ethercat_device_configurator/soem_interface/soem/include/soem/osal/osal.h:63:60:[m[K [01;36m[Knote: [m[Kexpected ‘[01m[Kvoid *[m[K’ but argument is of type ‘[01m[Kvoid (*)(void *)[m[K’
   63 | int osal_thread_create(void *thandle, int stacksize, [01;36m[Kvoid *func[m[K, void *param);
      |                                                      [01;36m[K~~~~~~^~~~[m[K
[01m[Kcc1:[m[K [01;35m[Kwarning: [m[Kcommand line option ‘[01m[K-std=c++17[m[K’ is valid for C++/ObjC++ but not for C
In file included from [01m[K/home/hd/Desktop/Motor_Control/motor_controls.ws/src/ethercat_device_configurator/soem_interface/soem/include/soem/oshw/oshw.h:54[m[K,
                 from [01m[K/home/hd/Desktop/Motor_Control/motor_controls.ws/src/ethercat_device_configurator/soem_interface/soem/include/soem/soem/ethercatdc.c:47[m[K:
[01m[K/home/hd/Desktop/Motor_Control/motor_controls.ws/src/ethercat_device_configurator/soem_interface/soem/include/soem/soem/ethercattype.h:532:5:[m[K [01;35m[Kwarning: [m[KISO C99 doesn’t support unnamed structs/unions [[01;35m[K-Wpedantic[m[K]
  532 |    }[01;35m[K;[m[K
      |     [01;35m[K^[m[K
[01m[Kcc1:[m[K [01;35m[Kwarning: [m[Kcommand line option ‘[01m[K-std=c++17[m[K’ is valid for C++/ObjC++ but not for C
In file included from [01m[K/home/hd/Desktop/Motor_Control/motor_controls.ws/src/ethercat_device_configurator/soem_interface/soem/include/soem/oshw/oshw.h:54[m[K,
                 from [01m[K/home/hd/Desktop/Motor_Control/motor_controls.ws/src/ethercat_device_configurator/soem_interface/soem/include/soem/soem/ethercatfoe.c:54[m[K:
[01m[K/home/hd/Desktop/Motor_Control/motor_controls.ws/src/ethercat_device_configurator/soem_interface/soem/include/soem/soem/ethercattype.h:532:5:[m[K [01;35m[Kwarning: [m[KISO C99 doesn’t support unnamed structs/unions [[01;35m[K-Wpedantic[m[K]
  532 |    }[01;35m[K;[m[K
      |     [01;35m[K^[m[K
[01m[K/home/hd/Desktop/Motor_Control/motor_controls.ws/src/ethercat_device_configurator/soem_interface/soem/include/soem/soem/ethercatfoe.c:76:5:[m[K [01;35m[Kwarning: [m[KISO C99 doesn’t support unnamed structs/unions [[01;35m[K-Wpedantic[m[K]
   76 |    }[01;35m[K;[m[K
      |     [01;35m[K^[m[K
[01m[K/home/hd/Desktop/Motor_Control/motor_controls.ws/src/ethercat_device_configurator/soem_interface/soem/include/soem/soem/ethercatfoe.c:82:5:[m[K [01;35m[Kwarning: [m[KISO C99 doesn’t support unnamed structs/unions [[01;35m[K-Wpedantic[m[K]
   82 |    }[01;35m[K;[m[K
      |     [01;35m[K^[m[K
[01m[K/home/hd/Desktop/Motor_Control/motor_controls.ws/src/ethercat_device_configurator/soem_interface/soem/include/soem/soem/ethercatfoe.c:[m[K In function ‘[01m[Kecx_FOEdefinehook[m[K’:
[01m[K/home/hd/Desktop/Motor_Control/motor_controls.ws/src/ethercat_device_configurator/soem_interface/soem/include/soem/soem/ethercatfoe.c:94:20:[m[K [01;35m[Kwarning: [m[KISO C forbids assignment between function pointer and ‘[01m[Kvoid *[m[K’ [[01;35m[K-Wpedantic[m[K]
   94 |   context->FOEhook [01;35m[K=[m[K hook;
      |                    [01;35m[K^[m[K
[01m[Kcc1:[m[K [01;35m[Kwarning: [m[Kcommand line option ‘[01m[K-std=c++17[m[K’ is valid for C++/ObjC++ but not for C
In file included from [01m[K/home/hd/Desktop/Motor_Control/motor_controls.ws/src/ethercat_device_configurator/soem_interface/soem/include/soem/oshw/oshw.h:54[m[K,
                 from [01m[K/home/hd/Desktop/Motor_Control/motor_controls.ws/src/ethercat_device_configurator/soem_interface/soem/include/soem/soem/ethercatmain.c:57[m[K:
[01m[K/home/hd/Desktop/Motor_Control/motor_controls.ws/src/ethercat_device_configurator/soem_interface/soem/include/soem/soem/ethercattype.h:532:5:[m[K [01;35m[Kwarning: [m[KISO C99 doesn’t support unnamed structs/unions [[01;35m[K-Wpedantic[m[K]
  532 |    }[01;35m[K;[m[K
      |     [01;35m[K^[m[K
[01m[K/home/hd/Desktop/Motor_Control/motor_controls.ws/src/ethercat_device_configurator/soem_interface/soem/include/soem/soem/ethercatmain.c:360:2:[m[K [01;35m[Kwarning: [m[KISO C does not allow extra ‘[01m[K;[m[K’ outside of a function [[01;35m[K-Wpedantic[m[K]
  360 | }[01;35m[K;[m[K
      |  [01;35m[K^[m[K
[01m[Kcc1:[m[K [01;35m[Kwarning: [m[Kcommand line option ‘[01m[K-std=c++17[m[K’ is valid for C++/ObjC++ but not for C
In file included from [01m[K/home/hd/Desktop/Motor_Control/motor_controls.ws/src/ethercat_device_configurator/soem_interface/soem/include/soem/oshw/oshw.h:54[m[K,
                 from [01m[K/home/hd/Desktop/Motor_Control/motor_controls.ws/src/ethercat_device_configurator/soem_interface/soem/include/soem/soem/ethercatprint.c:52[m[K:
[01m[K/home/hd/Desktop/Motor_Control/motor_controls.ws/src/ethercat_device_configurator/soem_interface/soem/include/soem/soem/ethercattype.h:532:5:[m[K [01;35m[Kwarning: [m[KISO C99 doesn’t support unnamed structs/unions [[01;35m[K-Wpedantic[m[K]
  532 |    }[01;35m[K;[m[K
      |     [01;35m[K^[m[K
[01m[Kcc1:[m[K [01;35m[Kwarning: [m[Kcommand line option ‘[01m[K-std=c++17[m[K’ is valid for C++/ObjC++ but not for C
In file included from [01m[K/home/hd/Desktop/Motor_Control/motor_controls.ws/src/ethercat_device_configurator/soem_interface/soem/include/soem/oshw/oshw.h:54[m[K,
                 from [01m[K/home/hd/Desktop/Motor_Control/motor_controls.ws/src/ethercat_device_configurator/soem_interface/soem/include/soem/soem/ethercatsoe.c:50[m[K:
[01m[K/home/hd/Desktop/Motor_Control/motor_controls.ws/src/ethercat_device_configurator/soem_interface/soem/include/soem/soem/ethercattype.h:532:5:[m[K [01;35m[Kwarning: [m[KISO C99 doesn’t support unnamed structs/unions [[01;35m[K-Wpedantic[m[K]
  532 |    }[01;35m[K;[m[K
      |     [01;35m[K^[m[K
In file included from [01m[K/home/hd/Desktop/Motor_Control/motor_controls.ws/src/ethercat_device_configurator/soem_interface/soem/include/soem/soem/ethercatsoe.c:54[m[K:
[01m[K/home/hd/Desktop/Motor_Control/motor_controls.ws/src/ethercat_device_configurator/soem_interface/soem/include/soem/soem/ethercatsoe.h:96:5:[m[K [01;35m[Kwarning: [m[KISO C99 doesn’t support unnamed structs/unions [[01;35m[K-Wpedantic[m[K]
   96 |    }[01;35m[K;[m[K
      |     [01;35m[K^[m[K
[01m[K/home/hd/Desktop/Motor_Control/motor_controls.ws/src/ethercat_device_configurator/soem_interface/soem/include/soem/soem/ethercatsoe.c:72:5:[m[K [01;35m[Kwarning: [m[KISO C99 doesn’t support unnamed structs/unions [[01;35m[K-Wpedantic[m[K]
   72 |    }[01;35m[K;[m[K
      |     [01;35m[K^[m[K
[01m[Kcc1:[m[K [01;35m[Kwarning: [m[Kcommand line option ‘[01m[K-std=c++17[m[K’ is valid for C++/ObjC++ but not for C
[01m[K/home/hd/Desktop/Motor_Control/motor_controls.ws/src/ethercat_device_configurator/soem_interface/soem/include_linux/soem/osal/osal.c:[m[K In function ‘[01m[Kosal_gettimeofday[m[K’:
[01m[K/home/hd/Desktop/Motor_Control/motor_controls.ws/src/ethercat_device_configurator/soem_interface/soem/include_linux/soem/osal/osal.c:69:54:[m[K [01;35m[Kwarning: [m[Kright-hand operand of comma expression has no effect [[01;35m[K-Wunused-value[m[K]
   69 |    return_value = clock_gettime(CLOCK_MONOTONIC, &ts)[01;35m[K,[m[K 0;
      |                                                      [01;35m[K^[m[K
[01m[K/home/hd/Desktop/Motor_Control/motor_controls.ws/src/ethercat_device_configurator/soem_interface/soem/include_linux/soem/osal/osal.c:60:60:[m[K [01;35m[Kwarning: [m[Kunused parameter ‘[01m[Ktz[m[K’ [[01;35m[K-Wunused-parameter[m[K]
   60 | int osal_gettimeofday(struct timeval *tv, [01;35m[Kstruct timezone *tz[m[K)
      |                                           [01;35m[K~~~~~~~~~~~~~~~~~^~[m[K
[01m[K/home/hd/Desktop/Motor_Control/motor_controls.ws/src/ethercat_device_configurator/soem_interface/soem/include_linux/soem/osal/osal.c:[m[K In function ‘[01m[Kosal_time_diff[m[K’:
[01m[K/home/hd/Desktop/Motor_Control/motor_controls.ws/src/ethercat_device_configurator/soem_interface/soem/include_linux/soem/osal/osal.c:90:19:[m[K [01;35m[Kwarning: [m[Kcomparison of unsigned expression < 0 is always false [[01;35m[K-Wtype-limits[m[K]
   90 |    if (diff->usec [01;35m[K<[m[K 0) {
      |                   [01;35m[K^[m[K
[01m[K/home/hd/Desktop/Motor_Control/motor_controls.ws/src/ethercat_device_configurator/soem_interface/soem/include_linux/soem/osal/osal.c:[m[K In function ‘[01m[Kosal_thread_create[m[K’:
[01m[K/home/hd/Desktop/Motor_Control/motor_controls.ws/src/ethercat_device_configurator/soem_interface/soem/include_linux/soem/osal/osal.c:144:41:[m[K [01;35m[Kwarning: [m[KISO C forbids passing argument 3 of ‘[01m[Kpthread_create[m[K’ between function pointer and ‘[01m[Kvoid *[m[K’ [[01;35m[K-Wpedantic[m[K]
  144 |    ret = pthread_create(threadp, &attr, [01;35m[Kfunc[m[K, param);
      |                                         [01;35m[K^~~~[m[K
In file included from [01m[K/home/hd/Desktop/Motor_Control/motor_controls.ws/src/ethercat_device_configurator/soem_interface/soem/include/soem/osal/osal_defs.h:56[m[K,
                 from [01m[K/home/hd/Desktop/Motor_Control/motor_controls.ws/src/ethercat_device_configurator/soem_interface/soem/include/soem/osal/osal.h:29[m[K,
                 from [01m[K/home/hd/Desktop/Motor_Control/motor_controls.ws/src/ethercat_device_configurator/soem_interface/soem/include_linux/soem/osal/osal.c:47[m[K:
[01m[K/usr/include/pthread.h:200:15:[m[K [01;36m[Knote: [m[Kexpected ‘[01m[Kvoid * (*)(void *)[m[K’ but argument is of type ‘[01m[Kvoid *[m[K’
  200 |       [01;36m[Kvoid *(*__start_routine) (void *)[m[K,
      |       [01;36m[K~~~~~~~~^~~~~~~~~~~~~~~~~~~~~~~~~[m[K
[01m[K/home/hd/Desktop/Motor_Control/motor_controls.ws/src/ethercat_device_configurator/soem_interface/soem/include_linux/soem/osal/osal.c:[m[K In function ‘[01m[Kosal_thread_create_rt[m[K’:
[01m[K/home/hd/Desktop/Motor_Control/motor_controls.ws/src/ethercat_device_configurator/soem_interface/soem/include_linux/soem/osal/osal.c:162:41:[m[K [01;35m[Kwarning: [m[KISO C forbids passing argument 3 of ‘[01m[Kpthread_create[m[K’ between function pointer and ‘[01m[Kvoid *[m[K’ [[01;35m[K-Wpedantic[m[K]
  162 |    ret = pthread_create(threadp, &attr, [01;35m[Kfunc[m[K, param);
      |                                         [01;35m[K^~~~[m[K
In file included from [01m[K/home/hd/Desktop/Motor_Control/motor_controls.ws/src/ethercat_device_configurator/soem_interface/soem/include/soem/osal/osal_defs.h:56[m[K,
                 from [01m[K/home/hd/Desktop/Motor_Control/motor_controls.ws/src/ethercat_device_configurator/soem_interface/soem/include/soem/osal/osal.h:29[m[K,
                 from [01m[K/home/hd/Desktop/Motor_Control/motor_controls.ws/src/ethercat_device_configurator/soem_interface/soem/include_linux/soem/osal/osal.c:47[m[K:
[01m[K/usr/include/pthread.h:200:15:[m[K [01;36m[Knote: [m[Kexpected ‘[01m[Kvoid * (*)(void *)[m[K’ but argument is of type ‘[01m[Kvoid *[m[K’
  200 |       [01;36m[Kvoid *(*__start_routine) (void *)[m[K,
      |       [01;36m[K~~~~~~~~^~~~~~~~~~~~~~~~~~~~~~~~~[m[K
[01m[Kcc1:[m[K [01;35m[Kwarning: [m[Kcommand line option ‘[01m[K-std=c++17[m[K’ is valid for C++/ObjC++ but not for C
In file included from [01m[K/home/hd/Desktop/Motor_Control/motor_controls.ws/src/ethercat_device_configurator/soem_interface/soem/include/soem/oshw/oshw.h:54[m[K,
                 from [01m[K/home/hd/Desktop/Motor_Control/motor_controls.ws/src/ethercat_device_configurator/soem_interface/soem/include_linux/soem/oshw/nicdrv.c:83[m[K:
[01m[K/home/hd/Desktop/Motor_Control/motor_controls.ws/src/ethercat_device_configurator/soem_interface/soem/include/soem/soem/ethercattype.h:532:5:[m[K [01;35m[Kwarning: [m[KISO C99 doesn’t support unnamed structs/unions [[01;35m[K-Wpedantic[m[K]
  532 |    }[01;35m[K;[m[K
      |     [01;35m[K^[m[K
[01m[Kcc1:[m[K [01;35m[Kwarning: [m[Kcommand line option ‘[01m[K-std=c++17[m[K’ is valid for C++/ObjC++ but not for C
In file included from [01m[K/home/hd/Desktop/Motor_Control/motor_controls.ws/src/ethercat_device_configurator/soem_interface/soem/include/soem/oshw/oshw.h:54[m[K,
                 from [01m[K/home/hd/Desktop/Motor_Control/motor_controls.ws/src/ethercat_device_configurator/soem_interface/soem/include_linux/soem/oshw/oshw.c:49[m[K:
[01m[K/home/hd/Desktop/Motor_Control/motor_controls.ws/src/ethercat_device_configurator/soem_interface/soem/include/soem/soem/ethercattype.h:532:5:[m[K [01;35m[Kwarning: [m[KISO C99 doesn’t support unnamed structs/unions [[01;35m[K-Wpedantic[m[K]
  532 |    }[01;35m[K;[m[K
      |     [01;35m[K^[m[K
[01m[K/home/hd/Desktop/Motor_Control/motor_controls.ws/src/ethercat_device_configurator/yaml-cpp/yaml-cpp/util/read.cpp:[m[K In member function ‘[01m[Kvirtual void NullEventHandler::OnSequenceStart(const Mark&, const string&, NullEventHandler::anchor_t, YAML::EmitterStyle::value)[m[K’:
[01m[K/home/hd/Desktop/Motor_Control/motor_controls.ws/src/ethercat_device_configurator/yaml-cpp/yaml-cpp/util/read.cpp:23:50:[m[K [01;35m[Kwarning: [m[Kunused parameter ‘[01m[Kstyle[m[K’ [[01;35m[K-Wunused-parameter[m[K]
   23 |                        [01;35m[KYAML::EmitterStyle::value style[m[K) override {}
      |                        [01;35m[K~~~~~~~~~~~~~~~~~~~~~~~~~~^~~~~[m[K
[01m[K/home/hd/Desktop/Motor_Control/motor_controls.ws/src/ethercat_device_configurator/yaml-cpp/yaml-cpp/util/read.cpp:[m[K In member function ‘[01m[Kvirtual void NullEventHandler::OnMapStart(const Mark&, const string&, NullEventHandler::anchor_t, YAML::EmitterStyle::value)[m[K’:
[01m[K/home/hd/Desktop/Motor_Control/motor_controls.ws/src/ethercat_device_configurator/yaml-cpp/yaml-cpp/util/read.cpp:26:45:[m[K [01;35m[Kwarning: [m[Kunused parameter ‘[01m[Kstyle[m[K’ [[01;35m[K-Wunused-parameter[m[K]
   26 |                   [01;35m[KYAML::EmitterStyle::value style[m[K) override {}
      |                   [01;35m[K~~~~~~~~~~~~~~~~~~~~~~~~~~^~~~~[m[K
[01m[K/home/hd/Desktop/Motor_Control/motor_controls.ws/src/ethercat_device_configurator/yaml-cpp/yaml-cpp/util/sandbox.cpp:[m[K In member function ‘[01m[Kvirtual void NullEventHandler::OnSequenceStart(const Mark&, const string&, NullEventHandler::anchor_t, YAML::EmitterStyle::value)[m[K’:
[01m[K/home/hd/Desktop/Motor_Control/motor_controls.ws/src/ethercat_device_configurator/yaml-cpp/yaml-cpp/util/sandbox.cpp:21:50:[m[K [01;35m[Kwarning: [m[Kunused parameter ‘[01m[Kstyle[m[K’ [[01;35m[K-Wunused-parameter[m[K]
   21 |                        [01;35m[KYAML::EmitterStyle::value style[m[K) override {}
      |                        [01;35m[K~~~~~~~~~~~~~~~~~~~~~~~~~~^~~~~[m[K
[01m[K/home/hd/Desktop/Motor_Control/motor_controls.ws/src/ethercat_device_configurator/yaml-cpp/yaml-cpp/util/sandbox.cpp:[m[K In member function ‘[01m[Kvirtual void NullEventHandler::OnMapStart(const Mark&, const string&, NullEventHandler::anchor_t, YAML::EmitterStyle::value)[m[K’:
[01m[K/home/hd/Desktop/Motor_Control/motor_controls.ws/src/ethercat_device_configurator/yaml-cpp/yaml-cpp/util/sandbox.cpp:24:45:[m[K [01;35m[Kwarning: [m[Kunused parameter ‘[01m[Kstyle[m[K’ [[01;35m[K-Wunused-parameter[m[K]
   24 |                   [01;35m[KYAML::EmitterStyle::value style[m[K) override {}
      |                   [01;35m[K~~~~~~~~~~~~~~~~~~~~~~~~~~^~~~~[m[K
[01m[K/home/hd/Desktop/Motor_Control/motor_controls.ws/src/ethercat_device_configurator/src/standalone.cpp:[m[K In function ‘[01m[Kvoid signal_handler(int)[m[K’:
[01m[K/home/hd/Desktop/Motor_Control/motor_controls.ws/src/ethercat_device_configurator/src/standalone.cpp:157:25:[m[K [01;35m[Kwarning: [m[Kunused parameter ‘[01m[Ksig[m[K’ [[01;35m[K-Wunused-parameter[m[K]
  157 | void signal_handler([01;35m[Kint sig[m[K)
      |                     [01;35m[K~~~~^~~[m[K
[01m[Kcc1:[m[K [01;35m[Kwarning: [m[Kcommand line option ‘[01m[K-std=c++17[m[K’ is valid for C++/ObjC++ but not for C
In file included from [01m[K/home/hd/Desktop/Motor_Control/motor_controls.ws/src/ethercat_device_configurator/include/ethercat_device_configurator/soem/oshw/oshw.h:54[m[K,
                 from [01m[K/home/hd/Desktop/Motor_Control/motor_controls.ws/src/ethercat_device_configurator/include/ethercat_device_configurator/soem/soem/ethercatconfig.c:53[m[K:
[01m[K/home/hd/Desktop/Motor_Control/motor_controls.ws/src/ethercat_device_configurator/include/ethercat_device_configurator/soem/soem/ethercattype.h:532:5:[m[K [01;35m[Kwarning: [m[KISO C99 doesn’t support unnamed structs/unions [[01;35m[K-Wpedantic[m[K]
  532 |    }[01;35m[K;[m[K
      |     [01;35m[K^[m[K
In file included from [01m[K/home/hd/Desktop/Motor_Control/motor_controls.ws/src/ethercat_device_configurator/include/ethercat_device_configurator/soem/soem/ethercatconfig.c:58[m[K:
[01m[K/home/hd/Desktop/Motor_Control/motor_controls.ws/src/ethercat_device_configurator/include/ethercat_device_configurator/soem/soem/ethercatsoe.h:96:5:[m[K [01;35m[Kwarning: [m[KISO C99 doesn’t support unnamed structs/unions [[01;35m[K-Wpedantic[m[K]
   96 |    }[01;35m[K;[m[K
      |     [01;35m[K^[m[K
[01m[K/home/hd/Desktop/Motor_Control/motor_controls.ws/src/ethercat_device_configurator/include/ethercat_device_configurator/soem/soem/ethercatconfig.c:[m[K In function ‘[01m[Kecx_config_from_table[m[K’:
[01m[K/home/hd/Desktop/Motor_Control/motor_controls.ws/src/ethercat_device_configurator/include/ethercat_device_configurator/soem/soem/ethercatconfig.c:290:48:[m[K [01;35m[Kwarning: [m[Kunused parameter ‘[01m[Kcontext[m[K’ [[01;35m[K-Wunused-parameter[m[K]
  290 | static int ecx_config_from_table([01;35m[Kecx_contextt *context[m[K, uint16 slave)
      |                                  [01;35m[K~~~~~~~~~~~~~~^~~~~~~[m[K
[01m[K/home/hd/Desktop/Motor_Control/motor_controls.ws/src/ethercat_device_configurator/include/ethercat_device_configurator/soem/soem/ethercatconfig.c:290:64:[m[K [01;35m[Kwarning: [m[Kunused parameter ‘[01m[Kslave[m[K’ [[01;35m[K-Wunused-parameter[m[K]
  290 | static int ecx_config_from_table(ecx_contextt *context, [01;35m[Kuint16 slave[m[K)
      |                                                         [01;35m[K~~~~~~~^~~~~[m[K
[01m[K/home/hd/Desktop/Motor_Control/motor_controls.ws/src/ethercat_device_configurator/include/ethercat_device_configurator/soem/soem/ethercatconfig.c:[m[K In function ‘[01m[Kecx_config_map_group[m[K’:
[01m[K/home/hd/Desktop/Motor_Control/motor_controls.ws/src/ethercat_device_configurator/include/ethercat_device_configurator/soem/soem/ethercatconfig.c:918:19:[m[K [01;35m[Kwarning: [m[KISO C forbids passing argument 3 of ‘[01m[Kosal_thread_create[m[K’ between function pointer and ‘[01m[Kvoid *[m[K’ [[01;35m[K-Wpedantic[m[K]
  918 |                   [01;35m[K&ecx_mapper_thread[m[K, &(ecx_mapt[thrn]));
      |                   [01;35m[K^~~~~~~~~~~~~~~~~~[m[K
In file included from [01m[K/home/hd/Desktop/Motor_Control/motor_controls.ws/src/ethercat_device_configurator/include/ethercat_device_configurator/soem/soem/ethercatconfig.c:52[m[K:
[01m[K/home/hd/Desktop/Motor_Control/motor_controls.ws/src/ethercat_device_configurator/include/ethercat_device_configurator/soem/osal/osal.h:63:60:[m[K [01;36m[Knote: [m[Kexpected ‘[01m[Kvoid *[m[K’ but argument is of type ‘[01m[Kvoid (*)(void *)[m[K’
   63 | int osal_thread_create(void *thandle, int stacksize, [01;36m[Kvoid *func[m[K, void *param);
      |                                                      [01;36m[K~~~~~~^~~~[m[K
[01m[Kcc1:[m[K [01;35m[Kwarning: [m[Kcommand line option ‘[01m[K-std=c++17[m[K’ is valid for C++/ObjC++ but not for C
In file included from [01m[K/home/hd/Desktop/Motor_Control/motor_controls.ws/src/ethercat_device_configurator/include/ethercat_device_configurator/soem/oshw/oshw.h:54[m[K,
                 from [01m[K/home/hd/Desktop/Motor_Control/motor_controls.ws/src/ethercat_device_configurator/include/ethercat_device_configurator/soem/soem/ethercatprint.c:52[m[K:
[01m[K/home/hd/Desktop/Motor_Control/motor_controls.ws/src/ethercat_device_configurator/include/ethercat_device_configurator/soem/soem/ethercattype.h:532:5:[m[K [01;35m[Kwarning: [m[KISO C99 doesn’t support unnamed structs/unions [[01;35m[K-Wpedantic[m[K]
  532 |    }[01;35m[K;[m[K
      |     [01;35m[K^[m[K
[01m[Kcc1:[m[K [01;35m[Kwarning: [m[Kcommand line option ‘[01m[K-std=c++17[m[K’ is valid for C++/ObjC++ but not for C
In file included from [01m[K/home/hd/Desktop/Motor_Control/motor_controls.ws/src/ethercat_device_configurator/include/ethercat_device_configurator/soem/oshw/oshw.h:54[m[K,
                 from [01m[K/home/hd/Desktop/Motor_Control/motor_controls.ws/src/ethercat_device_configurator/include/ethercat_device_configurator/soem/soem/ethercatdc.c:47[m[K:
[01m[K/home/hd/Desktop/Motor_Control/motor_controls.ws/src/ethercat_device_configurator/include/ethercat_device_configurator/soem/soem/ethercattype.h:532:5:[m[K [01;35m[Kwarning: [m[KISO C99 doesn’t support unnamed structs/unions [[01;35m[K-Wpedantic[m[K]
  532 |    }[01;35m[K;[m[K
      |     [01;35m[K^[m[K
