[0.070s] Invoking command in '/home/hd/Desktop/Motor_Control/motor_controls.ws/build/ethercat_device_configurator': CMAKE_PREFIX_PATH=${CMAKE_PREFIX_PATH}:/opt/ros/foxy:/home/hd/ros2_foxy/install/ros2bag:/home/hd/ros2_foxy/install/tracetools_launch:/home/hd/ros2_foxy/install/topic_monitor:/home/hd/ros2_foxy/install/examples_tf2_py:/home/hd/ros2_foxy/install/sros2:/home/hd/ros2_foxy/install/rqt_topic:/home/hd/ros2_foxy/install/rqt_top:/home/hd/ros2_foxy/install/rqt_srv:/home/hd/ros2_foxy/install/rqt_shell:/home/hd/ros2_foxy/install/rqt_service_caller:/home/hd/ros2_foxy/install/rqt_reconfigure:/home/hd/ros2_foxy/install/rqt_py_console:/home/hd/ros2_foxy/install/rqt_publisher:/home/hd/ros2_foxy/install/rqt_plot:/home/hd/ros2_foxy/install/rqt_action:/home/hd/ros2_foxy/install/rqt_msg:/home/hd/ros2_foxy/install/rqt_console:/home/hd/ros2_foxy/install/rqt:/home/hd/ros2_foxy/install/rqt_graph:/home/hd/ros2_foxy/install/rqt_gui_py:/home/hd/ros2_foxy/install/rqt_gui:/home/hd/ros2_foxy/install/ros2trace:/home/hd/ros2_foxy/install/ros2topic:/home/hd/ros2_foxy/install/ros2test:/home/hd/ros2_foxy/install/ros2component:/home/hd/ros2_foxy/install/ros2param:/home/hd/ros2_foxy/install/ros2lifecycle:/home/hd/ros2_foxy/install/ros2service:/home/hd/ros2_foxy/install/ros2run:/home/hd/ros2_foxy/install/ros2launch:/home/hd/ros2_foxy/install/ros2pkg:/home/hd/ros2_foxy/install/ros2node:/home/hd/ros2_foxy/install/ros2multicast:/home/hd/ros2_foxy/install/ros2interface:/home/hd/ros2_foxy/install/ros2doctor:/home/hd/ros2_foxy/install/ros2action:/home/hd/ros2_foxy/install/ros2cli:/home/hd/ros2_foxy/install/quality_of_service_demo_py:/home/hd/ros2_foxy/install/launch_testing_ros:/home/hd/ros2_foxy/install/launch_ros:/home/hd/ros2_foxy/install/joystick_ros2:/home/hd/ros2_foxy/install/examples_rclpy_minimal_subscriber:/home/hd/ros2_foxy/install/examples_rclpy_minimal_service:/home/hd/ros2_foxy/install/examples_rclpy_minimal_publisher:/home/hd/ros2_foxy/install/examples_rclpy_minimal_client:/home/hd/ros2_foxy/install/examples_rclpy_minimal_action_server:/home/hd/ros2_foxy/install/examples_rclpy_minimal_action_client:/home/hd/ros2_foxy/install/examples_rclpy_executors:/home/hd/ros2_foxy/install/demo_nodes_py:/home/hd/ros2_foxy/install/action_tutorials_py:/home/hd/ros2_foxy/install/ament_uncrustify:/home/hd/ros2_foxy/install/tracetools_trace:/home/hd/ros2_foxy/install/tracetools_read:/home/hd/ros2_foxy/install/test_launch_ros:/home/hd/ros2_foxy/install/sensor_msgs_py:/home/hd/ros2_foxy/install/rpyutils:/home/hd/ros2_foxy/install/rosidl_runtime_py:/home/hd/ros2_foxy/install/launch_yaml:/home/hd/ros2_foxy/install/launch_xml:/home/hd/ros2_foxy/install/launch_testing:/home/hd/ros2_foxy/install/launch:/home/hd/ros2_foxy/install/osrf_pycommon:/home/hd/ros2_foxy/install/domain_coordinator:/home/hd/ros2_foxy/install/ament_xmllint:/home/hd/ros2_foxy/install/ament_pyflakes:/home/hd/ros2_foxy/install/ament_pycodestyle:/home/hd/ros2_foxy/install/ament_pep257:/home/hd/ros2_foxy/install/ament_pclint:/home/hd/ros2_foxy/install/ament_package:/home/hd/ros2_foxy/install/ament_mypy:/home/hd/ros2_foxy/install/ament_lint_cmake:/home/hd/ros2_foxy/install/ament_flake8:/home/hd/ros2_foxy/install/ament_copyright:/home/hd/ros2_foxy/install/ament_lint:/home/hd/ros2_foxy/install/ament_index_python:/home/hd/ros2_foxy/install/ament_cpplint:/home/hd/ros2_foxy/install/ament_cppcheck:/home/hd/ros2_foxy/install/ament_clang_tidy:/home/hd/ros2_foxy/install/ament_clang_format /usr/bin/cmake /home/hd/Desktop/Motor_Control/motor_controls.ws/src/ethercat_device_configurator -DCMAKE_INSTALL_PREFIX=/home/hd/Desktop/Motor_Control/motor_controls.ws/install/ethercat_device_configurator
[0.104s] -- Found rclcpp: 2.4.2 (/home/hd/ros2_foxy/install/rclcpp/share/rclcpp/cmake)
[0.427s] -- Using PYTHON_EXECUTABLE: /usr/bin/python3
[1.107s] -- Using all available rosidl_typesupport_c: rosidl_typesupport_fastrtps_c;rosidl_typesupport_introspection_c
[1.111s] -- Found rosidl_adapter: 1.3.0 (/home/hd/ros2_foxy/install/rosidl_adapter/share/rosidl_adapter/cmake)
[1.374s] -- Using all available rosidl_typesupport_cpp: rosidl_typesupport_fastrtps_cpp;rosidl_typesupport_introspection_cpp
[1.439s] -- Found rmw_implementation_cmake: 1.0.4 (/home/hd/ros2_foxy/install/rmw_implementation_cmake/share/rmw_implementation_cmake/cmake)
[1.471s] -- Using RMW implementation 'rmw_fastrtps_cpp' as default
[1.672s] CMake Warning at CMakeLists.txt:27 (find_package):
[1.672s]   By not providing "Findmessage_logger.cmake" in CMAKE_MODULE_PATH this
[1.672s]   project has asked CMake to find a package configuration file provided by
[1.672s]   "message_logger", but CMake did not find one.
[1.672s] 
[1.672s]   Could not find a package configuration file provided by "message_logger"
[1.672s]   with any of the following names:
[1.672s] 
[1.672s]     message_loggerConfig.cmake
[1.672s]     message_logger-config.cmake
[1.672s] 
[1.672s]   Add the installation prefix of "message_logger" to CMAKE_PREFIX_PATH or set
[1.673s]   "message_logger_DIR" to a directory containing one of the above files.  If
[1.673s]   "message_logger" provides a separate development package or SDK, be sure it
[1.673s]   has been installed.
[1.673s] 
[1.673s] 
[1.700s] CMake Warning at CMakeLists.txt:28 (find_package):
[1.700s]   By not providing "Findsoem_interface.cmake" in CMAKE_MODULE_PATH this
[1.700s]   project has asked CMake to find a package configuration file provided by
[1.700s]   "soem_interface", but CMake did not find one.
[1.700s] 
[1.700s]   Could not find a package configuration file provided by "soem_interface"
[1.700s]   with any of the following names:
[1.700s] 
[1.700s]     soem_interfaceConfig.cmake
[1.701s]     soem_interface-config.cmake
[1.701s] 
[1.701s]   Add the installation prefix of "soem_interface" to CMAKE_PREFIX_PATH or set
[1.701s]   "soem_interface_DIR" to a directory containing one of the above files.  If
[1.701s]   "soem_interface" provides a separate development package or SDK, be sure it
[1.701s]   has been installed.
[1.701s] 
[1.701s] 
[1.729s] CMake Warning at CMakeLists.txt:29 (find_package):
[1.729s]   By not providing "Findethercat_sdk_master.cmake" in CMAKE_MODULE_PATH this
[1.729s]   project has asked CMake to find a package configuration file provided by
[1.729s]   "ethercat_sdk_master", but CMake did not find one.
[1.729s] 
[1.729s]   Could not find a package configuration file provided by
[1.729s]   "ethercat_sdk_master" with any of the following names:
[1.729s] 
[1.729s]     ethercat_sdk_masterConfig.cmake
[1.729s]     ethercat_sdk_master-config.cmake
[1.729s] 
[1.729s]   Add the installation prefix of "ethercat_sdk_master" to CMAKE_PREFIX_PATH
[1.729s]   or set "ethercat_sdk_master_DIR" to a directory containing one of the above
[1.729s]   files.  If "ethercat_sdk_master" provides a separate development package or
[1.730s]   SDK, be sure it has been installed.
[1.730s] 
[1.730s] 
[1.758s] CMake Warning at CMakeLists.txt:30 (find_package):
[1.758s]   By not providing "Findmaxon_epos_ethercat_sdk.cmake" in CMAKE_MODULE_PATH
[1.758s]   this project has asked CMake to find a package configuration file provided
[1.758s]   by "maxon_epos_ethercat_sdk", but CMake did not find one.
[1.758s] 
[1.758s]   Could not find a package configuration file provided by
[1.758s]   "maxon_epos_ethercat_sdk" with any of the following names:
[1.759s] 
[1.759s]     maxon_epos_ethercat_sdkConfig.cmake
[1.759s]     maxon_epos_ethercat_sdk-config.cmake
[1.759s] 
[1.759s]   Add the installation prefix of "maxon_epos_ethercat_sdk" to
[1.759s]   CMAKE_PREFIX_PATH or set "maxon_epos_ethercat_sdk_DIR" to a directory
[1.759s]   containing one of the above files.  If "maxon_epos_ethercat_sdk" provides a
[1.759s]   separate development package or SDK, be sure it has been installed.
[1.759s] 
[1.759s] 
[1.802s] -- Found ament_lint_auto: 0.9.8 (/home/hd/ros2_foxy/install/ament_lint_auto/share/ament_lint_auto/cmake)
[2.218s] -- Added test 'cppcheck' to perform static code analysis on C / C++ code
[2.218s] -- Configured cppcheck include dirs: /home/hd/Desktop/Motor_Control/motor_controls.ws/src/ethercat_device_configurator/ethercat_sdk_master/../soem_interface/soem_interface/include;/home/hd/Desktop/Motor_Control/motor_controls.ws/src/ethercat_device_configurator/ethercat_sdk_master/../soem_interface/soem/include;/home/hd/Desktop/Motor_Control/motor_controls.ws/src/ethercat_device_configurator/ethercat_sdk_master/../message_logger/include;/home/hd/Desktop/Motor_Control/motor_controls.ws/src/ethercat_device_configurator/ethercat_sdk_master/include
[2.219s] -- Configured cppcheck exclude dirs and/or files: 
[2.220s] -- Added test 'lint_cmake' to check CMake code style
[2.223s] -- Added test 'uncrustify' to check C / C++ code style
[2.224s] -- Configured uncrustify additional arguments: 
[2.226s] -- Added test 'xmllint' to check XML markup files
[2.243s] -- Found ament_lint_auto: 0.9.8 (/home/hd/ros2_foxy/install/ament_lint_auto/share/ament_lint_auto/cmake)
[2.681s] -- Added test 'cppcheck' to perform static code analysis on C / C++ code
[2.682s] -- Configured cppcheck include dirs: /home/hd/Desktop/Motor_Control/motor_controls.ws/src/ethercat_device_configurator/maxon_epos_ethercat_sdk/include;/home/hd/Desktop/Motor_Control/motor_controls.ws/src/ethercat_device_configurator/maxon_epos_ethercat_sdk/../message_logger/include;/home/hd/Desktop/Motor_Control/motor_controls.ws/src/ethercat_device_configurator/maxon_epos_ethercat_sdk/../ethercat_sdk_master/include;/home/hd/Desktop/Motor_Control/motor_controls.ws/src/ethercat_device_configurator/maxon_epos_ethercat_sdk/../soem_interface/soem_interface/include;/home/hd/Desktop/Motor_Control/motor_controls.ws/src/ethercat_device_configurator/maxon_epos_ethercat_sdk/../soem_interface/soem/include
[2.682s] -- Configured cppcheck exclude dirs and/or files: 
[2.683s] -- Added test 'lint_cmake' to check CMake code style
[2.685s] -- Added test 'uncrustify' to check C / C++ code style
[2.685s] -- Configured uncrustify additional arguments: 
[2.686s] -- Added test 'xmllint' to check XML markup files
[2.690s] -- Found rclcpp_components: 2.4.2 (/home/hd/ros2_foxy/install/rclcpp_components/share/rclcpp_components/cmake)
[2.765s]  AHHHHHHHHHHHHHHHHHH message_logger
[3.834s] CMake Warning at soem_interface/soem_interface/CMakeLists.txt:22 (find_package):
[3.834s]   By not providing "Findsoem_rsl.cmake" in CMAKE_MODULE_PATH this project has
[3.834s]   asked CMake to find a package configuration file provided by "soem_rsl",
[3.834s]   but CMake did not find one.
[3.834s] 
[3.834s]   Could not find a package configuration file provided by "soem_rsl" with any
[3.834s]   of the following names:
[3.834s] 
[3.834s]     soem_rslConfig.cmake
[3.834s]     soem_rsl-config.cmake
[3.834s] 
[3.834s]   Add the installation prefix of "soem_rsl" to CMAKE_PREFIX_PATH or set
[3.834s]   "soem_rsl_DIR" to a directory containing one of the above files.  If
[3.835s]   "soem_rsl" provides a separate development package or SDK, be sure it has
[3.835s]   been installed.
[3.835s] 
[3.835s] 
[3.867s] CMake Warning at soem_interface/soem_interface/CMakeLists.txt:23 (find_package):
[3.867s]   By not providing "Findmessage_logger.cmake" in CMAKE_MODULE_PATH this
[3.867s]   project has asked CMake to find a package configuration file provided by
[3.867s]   "message_logger", but CMake did not find one.
[3.867s] 
[3.867s]   Could not find a package configuration file provided by "message_logger"
[3.867s]   with any of the following names:
[3.867s] 
[3.867s]     message_loggerConfig.cmake
[3.867s]     message_logger-config.cmake
[3.868s] 
[3.868s]   Add the installation prefix of "message_logger" to CMAKE_PREFIX_PATH or set
[3.868s]   "message_logger_DIR" to a directory containing one of the above files.  If
[3.868s]   "message_logger" provides a separate development package or SDK, be sure it
[3.868s]   has been installed.
[3.868s] 
[3.868s] 
[4.329s] -- Found ament_lint_auto: 0.9.8 (/home/hd/ros2_foxy/install/ament_lint_auto/share/ament_lint_auto/cmake)
[4.817s] -- Configuring done
[5.008s] -- Generating done
[5.016s] -- Build files have been written to: /home/hd/Desktop/Motor_Control/motor_controls.ws/build/ethercat_device_configurator
[5.032s] Invoked command in '/home/hd/Desktop/Motor_Control/motor_controls.ws/build/ethercat_device_configurator' returned '0': CMAKE_PREFIX_PATH=${CMAKE_PREFIX_PATH}:/opt/ros/foxy:/home/hd/ros2_foxy/install/ros2bag:/home/hd/ros2_foxy/install/tracetools_launch:/home/hd/ros2_foxy/install/topic_monitor:/home/hd/ros2_foxy/install/examples_tf2_py:/home/hd/ros2_foxy/install/sros2:/home/hd/ros2_foxy/install/rqt_topic:/home/hd/ros2_foxy/install/rqt_top:/home/hd/ros2_foxy/install/rqt_srv:/home/hd/ros2_foxy/install/rqt_shell:/home/hd/ros2_foxy/install/rqt_service_caller:/home/hd/ros2_foxy/install/rqt_reconfigure:/home/hd/ros2_foxy/install/rqt_py_console:/home/hd/ros2_foxy/install/rqt_publisher:/home/hd/ros2_foxy/install/rqt_plot:/home/hd/ros2_foxy/install/rqt_action:/home/hd/ros2_foxy/install/rqt_msg:/home/hd/ros2_foxy/install/rqt_console:/home/hd/ros2_foxy/install/rqt:/home/hd/ros2_foxy/install/rqt_graph:/home/hd/ros2_foxy/install/rqt_gui_py:/home/hd/ros2_foxy/install/rqt_gui:/home/hd/ros2_foxy/install/ros2trace:/home/hd/ros2_foxy/install/ros2topic:/home/hd/ros2_foxy/install/ros2test:/home/hd/ros2_foxy/install/ros2component:/home/hd/ros2_foxy/install/ros2param:/home/hd/ros2_foxy/install/ros2lifecycle:/home/hd/ros2_foxy/install/ros2service:/home/hd/ros2_foxy/install/ros2run:/home/hd/ros2_foxy/install/ros2launch:/home/hd/ros2_foxy/install/ros2pkg:/home/hd/ros2_foxy/install/ros2node:/home/hd/ros2_foxy/install/ros2multicast:/home/hd/ros2_foxy/install/ros2interface:/home/hd/ros2_foxy/install/ros2doctor:/home/hd/ros2_foxy/install/ros2action:/home/hd/ros2_foxy/install/ros2cli:/home/hd/ros2_foxy/install/quality_of_service_demo_py:/home/hd/ros2_foxy/install/launch_testing_ros:/home/hd/ros2_foxy/install/launch_ros:/home/hd/ros2_foxy/install/joystick_ros2:/home/hd/ros2_foxy/install/examples_rclpy_minimal_subscriber:/home/hd/ros2_foxy/install/examples_rclpy_minimal_service:/home/hd/ros2_foxy/install/examples_rclpy_minimal_publisher:/home/hd/ros2_foxy/install/examples_rclpy_minimal_client:/home/hd/ros2_foxy/install/examples_rclpy_minimal_action_server:/home/hd/ros2_foxy/install/examples_rclpy_minimal_action_client:/home/hd/ros2_foxy/install/examples_rclpy_executors:/home/hd/ros2_foxy/install/demo_nodes_py:/home/hd/ros2_foxy/install/action_tutorials_py:/home/hd/ros2_foxy/install/ament_uncrustify:/home/hd/ros2_foxy/install/tracetools_trace:/home/hd/ros2_foxy/install/tracetools_read:/home/hd/ros2_foxy/install/test_launch_ros:/home/hd/ros2_foxy/install/sensor_msgs_py:/home/hd/ros2_foxy/install/rpyutils:/home/hd/ros2_foxy/install/rosidl_runtime_py:/home/hd/ros2_foxy/install/launch_yaml:/home/hd/ros2_foxy/install/launch_xml:/home/hd/ros2_foxy/install/launch_testing:/home/hd/ros2_foxy/install/launch:/home/hd/ros2_foxy/install/osrf_pycommon:/home/hd/ros2_foxy/install/domain_coordinator:/home/hd/ros2_foxy/install/ament_xmllint:/home/hd/ros2_foxy/install/ament_pyflakes:/home/hd/ros2_foxy/install/ament_pycodestyle:/home/hd/ros2_foxy/install/ament_pep257:/home/hd/ros2_foxy/install/ament_pclint:/home/hd/ros2_foxy/install/ament_package:/home/hd/ros2_foxy/install/ament_mypy:/home/hd/ros2_foxy/install/ament_lint_cmake:/home/hd/ros2_foxy/install/ament_flake8:/home/hd/ros2_foxy/install/ament_copyright:/home/hd/ros2_foxy/install/ament_lint:/home/hd/ros2_foxy/install/ament_index_python:/home/hd/ros2_foxy/install/ament_cpplint:/home/hd/ros2_foxy/install/ament_cppcheck:/home/hd/ros2_foxy/install/ament_clang_tidy:/home/hd/ros2_foxy/install/ament_clang_format /usr/bin/cmake /home/hd/Desktop/Motor_Control/motor_controls.ws/src/ethercat_device_configurator -DCMAKE_INSTALL_PREFIX=/home/hd/Desktop/Motor_Control/motor_controls.ws/install/ethercat_device_configurator
[5.038s] Invoking command in '/home/hd/Desktop/Motor_Control/motor_controls.ws/build/ethercat_device_configurator': CMAKE_PREFIX_PATH=${CMAKE_PREFIX_PATH}:/opt/ros/foxy:/home/hd/ros2_foxy/install/ros2bag:/home/hd/ros2_foxy/install/tracetools_launch:/home/hd/ros2_foxy/install/topic_monitor:/home/hd/ros2_foxy/install/examples_tf2_py:/home/hd/ros2_foxy/install/sros2:/home/hd/ros2_foxy/install/rqt_topic:/home/hd/ros2_foxy/install/rqt_top:/home/hd/ros2_foxy/install/rqt_srv:/home/hd/ros2_foxy/install/rqt_shell:/home/hd/ros2_foxy/install/rqt_service_caller:/home/hd/ros2_foxy/install/rqt_reconfigure:/home/hd/ros2_foxy/install/rqt_py_console:/home/hd/ros2_foxy/install/rqt_publisher:/home/hd/ros2_foxy/install/rqt_plot:/home/hd/ros2_foxy/install/rqt_action:/home/hd/ros2_foxy/install/rqt_msg:/home/hd/ros2_foxy/install/rqt_console:/home/hd/ros2_foxy/install/rqt:/home/hd/ros2_foxy/install/rqt_graph:/home/hd/ros2_foxy/install/rqt_gui_py:/home/hd/ros2_foxy/install/rqt_gui:/home/hd/ros2_foxy/install/ros2trace:/home/hd/ros2_foxy/install/ros2topic:/home/hd/ros2_foxy/install/ros2test:/home/hd/ros2_foxy/install/ros2component:/home/hd/ros2_foxy/install/ros2param:/home/hd/ros2_foxy/install/ros2lifecycle:/home/hd/ros2_foxy/install/ros2service:/home/hd/ros2_foxy/install/ros2run:/home/hd/ros2_foxy/install/ros2launch:/home/hd/ros2_foxy/install/ros2pkg:/home/hd/ros2_foxy/install/ros2node:/home/hd/ros2_foxy/install/ros2multicast:/home/hd/ros2_foxy/install/ros2interface:/home/hd/ros2_foxy/install/ros2doctor:/home/hd/ros2_foxy/install/ros2action:/home/hd/ros2_foxy/install/ros2cli:/home/hd/ros2_foxy/install/quality_of_service_demo_py:/home/hd/ros2_foxy/install/launch_testing_ros:/home/hd/ros2_foxy/install/launch_ros:/home/hd/ros2_foxy/install/joystick_ros2:/home/hd/ros2_foxy/install/examples_rclpy_minimal_subscriber:/home/hd/ros2_foxy/install/examples_rclpy_minimal_service:/home/hd/ros2_foxy/install/examples_rclpy_minimal_publisher:/home/hd/ros2_foxy/install/examples_rclpy_minimal_client:/home/hd/ros2_foxy/install/examples_rclpy_minimal_action_server:/home/hd/ros2_foxy/install/examples_rclpy_minimal_action_client:/home/hd/ros2_foxy/install/examples_rclpy_executors:/home/hd/ros2_foxy/install/demo_nodes_py:/home/hd/ros2_foxy/install/action_tutorials_py:/home/hd/ros2_foxy/install/ament_uncrustify:/home/hd/ros2_foxy/install/tracetools_trace:/home/hd/ros2_foxy/install/tracetools_read:/home/hd/ros2_foxy/install/test_launch_ros:/home/hd/ros2_foxy/install/sensor_msgs_py:/home/hd/ros2_foxy/install/rpyutils:/home/hd/ros2_foxy/install/rosidl_runtime_py:/home/hd/ros2_foxy/install/launch_yaml:/home/hd/ros2_foxy/install/launch_xml:/home/hd/ros2_foxy/install/launch_testing:/home/hd/ros2_foxy/install/launch:/home/hd/ros2_foxy/install/osrf_pycommon:/home/hd/ros2_foxy/install/domain_coordinator:/home/hd/ros2_foxy/install/ament_xmllint:/home/hd/ros2_foxy/install/ament_pyflakes:/home/hd/ros2_foxy/install/ament_pycodestyle:/home/hd/ros2_foxy/install/ament_pep257:/home/hd/ros2_foxy/install/ament_pclint:/home/hd/ros2_foxy/install/ament_package:/home/hd/ros2_foxy/install/ament_mypy:/home/hd/ros2_foxy/install/ament_lint_cmake:/home/hd/ros2_foxy/install/ament_flake8:/home/hd/ros2_foxy/install/ament_copyright:/home/hd/ros2_foxy/install/ament_lint:/home/hd/ros2_foxy/install/ament_index_python:/home/hd/ros2_foxy/install/ament_cpplint:/home/hd/ros2_foxy/install/ament_cppcheck:/home/hd/ros2_foxy/install/ament_clang_tidy:/home/hd/ros2_foxy/install/ament_clang_format /usr/bin/cmake --build /home/hd/Desktop/Motor_Control/motor_controls.ws/build/ethercat_device_configurator -- -j2 -l2
[5.184s] [35m[1mScanning dependencies of target soem_interface[0m
[5.223s] [  1%] [32mBuilding CXX object soem_interface/soem_interface/CMakeFiles/soem_interface.dir/src/soem_interface/common/ThreadSleep.cpp.o[0m
[5.762s] [  2%] [32mBuilding CXX object soem_interface/soem_interface/CMakeFiles/soem_interface.dir/src/soem_interface/common/Macros.cpp.o[0m
[7.471s] [  3%] [32mBuilding CXX object soem_interface/soem_interface/CMakeFiles/soem_interface.dir/src/soem_interface/EthercatSlaveBase.cpp.o[0m
[9.231s] [  4%] [32mBuilding CXX object soem_interface/soem_interface/CMakeFiles/soem_interface.dir/src/soem_interface/EthercatBusManagerBase.cpp.o[0m
[10.958s] [  6%] [32mBuilding CXX object soem_interface/soem_interface/CMakeFiles/soem_interface.dir/src/soem_interface/EthercatBusBase.cpp.o[0m
[12.909s] [  7%] [32mBuilding CXX object soem_interface/soem_interface/CMakeFiles/soem_interface.dir/__/__/message_logger/src/time/Time.cpp.o[0m
[13.327s] [  8%] [32mBuilding CXX object soem_interface/soem_interface/CMakeFiles/soem_interface.dir/__/__/message_logger/src/time/TimeStd.cpp.o[0m
[13.765s] [01m[K/home/hd/Desktop/Motor_Control/motor_controls.ws/src/ethercat_device_configurator/message_logger/src/time/TimeStd.cpp:[m[K In member function ‘[01m[Kmessage_logger::time::TimeStd& message_logger::time::TimeStd::from(uint32_t, uint32_t)[m[K’:
[13.765s] [01m[K/home/hd/Desktop/Motor_Control/motor_controls.ws/src/ethercat_device_configurator/message_logger/src/time/TimeStd.cpp:115:33:[m[K [01;35m[Kwarning: [m[Kunused parameter ‘[01m[Ksec[m[K’ [[01;35m[K-Wunused-parameter[m[K]
[13.765s]   115 | TimeStd& TimeStd::from([01;35m[Kuint32_t sec[m[K, uint32_t nsec) {
[13.765s]       |                        [01;35m[K~~~~~~~~~^~~[m[K
[13.765s] [01m[K/home/hd/Desktop/Motor_Control/motor_controls.ws/src/ethercat_device_configurator/message_logger/src/time/TimeStd.cpp:115:47:[m[K [01;35m[Kwarning: [m[Kunused parameter ‘[01m[Knsec[m[K’ [[01;35m[K-Wunused-parameter[m[K]
[13.766s]   115 | TimeStd& TimeStd::from(uint32_t sec, [01;35m[Kuint32_t nsec[m[K) {
[13.766s]       |                                      [01;35m[K~~~~~~~~~^~~~[m[K
[13.926s] [  9%] [32m[1mLinking CXX static library libsoem_interface.a[0m
[14.045s] [  9%] Built target soem_interface
[14.076s] [35m[1mScanning dependencies of target yaml-cpp[0m
[14.123s] [ 10%] [32mBuilding CXX object yaml-cpp/yaml-cpp/CMakeFiles/yaml-cpp.dir/src/contrib/graphbuilder.cpp.o[0m
[14.712s] [ 12%] [32mBuilding CXX object yaml-cpp/yaml-cpp/CMakeFiles/yaml-cpp.dir/src/contrib/graphbuilderadapter.cpp.o[0m
[15.176s] [ 13%] [32mBuilding CXX object yaml-cpp/yaml-cpp/CMakeFiles/yaml-cpp.dir/src/binary.cpp.o[0m
[15.518s] [ 14%] [32mBuilding CXX object yaml-cpp/yaml-cpp/CMakeFiles/yaml-cpp.dir/src/convert.cpp.o[0m
[16.567s] [ 15%] [32mBuilding CXX object yaml-cpp/yaml-cpp/CMakeFiles/yaml-cpp.dir/src/depthguard.cpp.o[0m
[16.938s] [ 16%] [32mBuilding CXX object yaml-cpp/yaml-cpp/CMakeFiles/yaml-cpp.dir/src/directives.cpp.o[0m
[17.293s] [ 18%] [32mBuilding CXX object yaml-cpp/yaml-cpp/CMakeFiles/yaml-cpp.dir/src/emit.cpp.o[0m
[18.049s] [ 19%] [32mBuilding CXX object yaml-cpp/yaml-cpp/CMakeFiles/yaml-cpp.dir/src/emitfromevents.cpp.o[0m
[18.751s] [ 20%] [32mBuilding CXX object yaml-cpp/yaml-cpp/CMakeFiles/yaml-cpp.dir/src/emitter.cpp.o[0m
[19.549s] [ 21%] [32mBuilding CXX object yaml-cpp/yaml-cpp/CMakeFiles/yaml-cpp.dir/src/emitterstate.cpp.o[0m
[20.264s] [ 22%] [32mBuilding CXX object yaml-cpp/yaml-cpp/CMakeFiles/yaml-cpp.dir/src/emitterutils.cpp.o[0m
[21.177s] [ 24%] [32mBuilding CXX object yaml-cpp/yaml-cpp/CMakeFiles/yaml-cpp.dir/src/exceptions.cpp.o[0m
[21.558s] [ 25%] [32mBuilding CXX object yaml-cpp/yaml-cpp/CMakeFiles/yaml-cpp.dir/src/exp.cpp.o[0m
[22.059s] [ 26%] [32mBuilding CXX object yaml-cpp/yaml-cpp/CMakeFiles/yaml-cpp.dir/src/memory.cpp.o[0m
[22.860s] [ 27%] [32mBuilding CXX object yaml-cpp/yaml-cpp/CMakeFiles/yaml-cpp.dir/src/node.cpp.o[0m
[23.304s] [ 28%] [32mBuilding CXX object yaml-cpp/yaml-cpp/CMakeFiles/yaml-cpp.dir/src/node_data.cpp.o[0m
[24.388s] [ 30%] [32mBuilding CXX object yaml-cpp/yaml-cpp/CMakeFiles/yaml-cpp.dir/src/nodebuilder.cpp.o[0m
[25.307s] [ 31%] [32mBuilding CXX object yaml-cpp/yaml-cpp/CMakeFiles/yaml-cpp.dir/src/nodeevents.cpp.o[0m
[26.187s] [ 32%] [32mBuilding CXX object yaml-cpp/yaml-cpp/CMakeFiles/yaml-cpp.dir/src/null.cpp.o[0m
[26.456s] [ 33%] [32mBuilding CXX object yaml-cpp/yaml-cpp/CMakeFiles/yaml-cpp.dir/src/ostream_wrapper.cpp.o[0m
[27.118s] [ 34%] [32mBuilding CXX object yaml-cpp/yaml-cpp/CMakeFiles/yaml-cpp.dir/src/parse.cpp.o[0m
[28.009s] [ 36%] [32mBuilding CXX object yaml-cpp/yaml-cpp/CMakeFiles/yaml-cpp.dir/src/parser.cpp.o[0m
[28.861s] [ 37%] [32mBuilding CXX object yaml-cpp/yaml-cpp/CMakeFiles/yaml-cpp.dir/src/regex_yaml.cpp.o[0m
[29.401s] [ 38%] [32mBuilding CXX object yaml-cpp/yaml-cpp/CMakeFiles/yaml-cpp.dir/src/scanner.cpp.o[0m
[30.409s] [ 39%] [32mBuilding CXX object yaml-cpp/yaml-cpp/CMakeFiles/yaml-cpp.dir/src/scanscalar.cpp.o[0m
[31.072s] [ 40%] [32mBuilding CXX object yaml-cpp/yaml-cpp/CMakeFiles/yaml-cpp.dir/src/scantag.cpp.o[0m
[31.576s] [ 42%] [32mBuilding CXX object yaml-cpp/yaml-cpp/CMakeFiles/yaml-cpp.dir/src/scantoken.cpp.o[0m
[32.351s] [ 43%] [32mBuilding CXX object yaml-cpp/yaml-cpp/CMakeFiles/yaml-cpp.dir/src/simplekey.cpp.o[0m
[32.942s] [ 44%] [32mBuilding CXX object yaml-cpp/yaml-cpp/CMakeFiles/yaml-cpp.dir/src/singledocparser.cpp.o[0m
[33.837s] [ 45%] [32mBuilding CXX object yaml-cpp/yaml-cpp/CMakeFiles/yaml-cpp.dir/src/stream.cpp.o[0m
[34.282s] [ 46%] [32mBuilding CXX object yaml-cpp/yaml-cpp/CMakeFiles/yaml-cpp.dir/src/tag.cpp.o[0m
[34.700s] [ 48%] [32m[1mLinking CXX static library libyaml-cpp.a[0m
[34.840s] [ 48%] Built target yaml-cpp
[34.869s] [35m[1mScanning dependencies of target ethercat_sdk_master[0m
[34.936s] [ 49%] [32mBuilding CXX object ethercat_sdk_master/CMakeFiles/ethercat_sdk_master.dir/src/ethercat_sdk_master/EthercatMaster.cpp.o[0m
[37.930s] [ 50%] [32mBuilding CXX object ethercat_sdk_master/CMakeFiles/ethercat_sdk_master.dir/src/ethercat_sdk_master/EthercatDevice.cpp.o[0m
[41.211s] [ 51%] [32m[1mLinking CXX static library libethercat_sdk_master.a[0m
[41.294s] [ 51%] Built target ethercat_sdk_master
[41.321s] [35m[1mScanning dependencies of target message_logger[0m
[41.351s] [ 53%] [32mBuilding CXX object message_logger/CMakeFiles/message_logger.dir/src/time/Time.cpp.o[0m
[41.782s] [ 54%] [32mBuilding CXX object message_logger/CMakeFiles/message_logger.dir/src/time/TimeStd.cpp.o[0m
[42.210s] [01m[K/home/hd/Desktop/Motor_Control/motor_controls.ws/src/ethercat_device_configurator/message_logger/src/time/TimeStd.cpp:[m[K In member function ‘[01m[Kmessage_logger::time::TimeStd& message_logger::time::TimeStd::from(uint32_t, uint32_t)[m[K’:
[42.211s] [01m[K/home/hd/Desktop/Motor_Control/motor_controls.ws/src/ethercat_device_configurator/message_logger/src/time/TimeStd.cpp:115:33:[m[K [01;35m[Kwarning: [m[Kunused parameter ‘[01m[Ksec[m[K’ [[01;35m[K-Wunused-parameter[m[K]
[42.211s]   115 | TimeStd& TimeStd::from([01;35m[Kuint32_t sec[m[K, uint32_t nsec) {
[42.211s]       |                        [01;35m[K~~~~~~~~~^~~[m[K
[42.211s] [01m[K/home/hd/Desktop/Motor_Control/motor_controls.ws/src/ethercat_device_configurator/message_logger/src/time/TimeStd.cpp:115:47:[m[K [01;35m[Kwarning: [m[Kunused parameter ‘[01m[Knsec[m[K’ [[01;35m[K-Wunused-parameter[m[K]
[42.211s]   115 | TimeStd& TimeStd::from(uint32_t sec, [01;35m[Kuint32_t nsec[m[K) {
[42.211s]       |                                      [01;35m[K~~~~~~~~~^~~~[m[K
[42.354s] [ 55%] [32m[1mLinking CXX shared library libmessage_logger.so[0m
[42.582s] [ 55%] Built target message_logger
[42.607s] [35m[1mScanning dependencies of target soem[0m
[42.637s] [ 56%] [32mBuilding C object soem_interface/soem/CMakeFiles/soem.dir/include/soem/soem/ethercatbase.c.o[0m
[42.649s] [01m[Kcc1:[m[K [01;35m[Kwarning: [m[Kcommand line option ‘[01m[K-std=c++17[m[K’ is valid for C++/ObjC++ but not for C
[42.668s] In file included from [01m[K/home/hd/Desktop/Motor_Control/motor_controls.ws/src/ethercat_device_configurator/soem_interface/soem/include/soem/oshw/oshw.h:54[m[K,
[42.668s]                  from [01m[K/home/hd/Desktop/Motor_Control/motor_controls.ws/src/ethercat_device_configurator/soem_interface/soem/include/soem/soem/ethercatbase.c:55[m[K:
[42.668s] [01m[K/home/hd/Desktop/Motor_Control/motor_controls.ws/src/ethercat_device_configurator/soem_interface/soem/include/soem/soem/ethercattype.h:532:5:[m[K [01;35m[Kwarning: [m[KISO C99 doesn’t support unnamed structs/unions [[01;35m[K-Wpedantic[m[K]
[42.668s]   532 |    }[01;35m[K;[m[K
[42.668s]       |     [01;35m[K^[m[K
[42.761s] [ 57%] [32mBuilding C object soem_interface/soem/CMakeFiles/soem.dir/include/soem/soem/ethercatcoe.c.o[0m
[42.776s] [01m[Kcc1:[m[K [01;35m[Kwarning: [m[Kcommand line option ‘[01m[K-std=c++17[m[K’ is valid for C++/ObjC++ but not for C
[42.787s] In file included from [01m[K/home/hd/Desktop/Motor_Control/motor_controls.ws/src/ethercat_device_configurator/soem_interface/soem/include/soem/oshw/oshw.h:54[m[K,
[42.787s]                  from [01m[K/home/hd/Desktop/Motor_Control/motor_controls.ws/src/ethercat_device_configurator/soem_interface/soem/include/soem/soem/ethercatcoe.c:52[m[K:
[42.787s] [01m[K/home/hd/Desktop/Motor_Control/motor_controls.ws/src/ethercat_device_configurator/soem_interface/soem/include/soem/soem/ethercattype.h:532:5:[m[K [01;35m[Kwarning: [m[KISO C99 doesn’t support unnamed structs/unions [[01;35m[K-Wpedantic[m[K]
[42.787s]   532 |    }[01;35m[K;[m[K
[42.787s]       |     [01;35m[K^[m[K
[42.788s] [01m[K/home/hd/Desktop/Motor_Control/motor_controls.ws/src/ethercat_device_configurator/soem_interface/soem/include/soem/soem/ethercatcoe.c:72:5:[m[K [01;35m[Kwarning: [m[KISO C99 doesn’t support unnamed structs/unions [[01;35m[K-Wpedantic[m[K]
[42.788s]    72 |    }[01;35m[K;[m[K
[42.788s]       |     [01;35m[K^[m[K
[42.788s] [01m[K/home/hd/Desktop/Motor_Control/motor_controls.ws/src/ethercat_device_configurator/soem_interface/soem/include/soem/soem/ethercatcoe.c:90:5:[m[K [01;35m[Kwarning: [m[KISO C99 doesn’t support unnamed structs/unions [[01;35m[K-Wpedantic[m[K]
[42.788s]    90 |    }[01;35m[K;[m[K
[42.788s]       |     [01;35m[K^[m[K
[42.870s] [ 59%] [32mBuilding C object soem_interface/soem/CMakeFiles/soem.dir/include/soem/soem/ethercatconfig.c.o[0m
[42.884s] [01m[Kcc1:[m[K [01;35m[Kwarning: [m[Kcommand line option ‘[01m[K-std=c++17[m[K’ is valid for C++/ObjC++ but not for C
[42.895s] In file included from [01m[K/home/hd/Desktop/Motor_Control/motor_controls.ws/src/ethercat_device_configurator/soem_interface/soem/include/soem/oshw/oshw.h:54[m[K,
[42.895s]                  from [01m[K/home/hd/Desktop/Motor_Control/motor_controls.ws/src/ethercat_device_configurator/soem_interface/soem/include/soem/soem/ethercatconfig.c:53[m[K:
[42.895s] [01m[K/home/hd/Desktop/Motor_Control/motor_controls.ws/src/ethercat_device_configurator/soem_interface/soem/include/soem/soem/ethercattype.h:532:5:[m[K [01;35m[Kwarning: [m[KISO C99 doesn’t support unnamed structs/unions [[01;35m[K-Wpedantic[m[K]
[42.895s]   532 |    }[01;35m[K;[m[K
[42.895s]       |     [01;35m[K^[m[K
[42.896s] In file included from [01m[K/home/hd/Desktop/Motor_Control/motor_controls.ws/src/ethercat_device_configurator/soem_interface/soem/include/soem/soem/ethercatconfig.c:58[m[K:
[42.897s] [01m[K/home/hd/Desktop/Motor_Control/motor_controls.ws/src/ethercat_device_configurator/soem_interface/soem/include/soem/soem/ethercatsoe.h:96:5:[m[K [01;35m[Kwarning: [m[KISO C99 doesn’t support unnamed structs/unions [[01;35m[K-Wpedantic[m[K]
[42.897s]    96 |    }[01;35m[K;[m[K
[42.897s]       |     [01;35m[K^[m[K
[42.898s] [01m[K/home/hd/Desktop/Motor_Control/motor_controls.ws/src/ethercat_device_configurator/soem_interface/soem/include/soem/soem/ethercatconfig.c:[m[K In function ‘[01m[Kecx_config_from_table[m[K’:
[42.898s] [01m[K/home/hd/Desktop/Motor_Control/motor_controls.ws/src/ethercat_device_configurator/soem_interface/soem/include/soem/soem/ethercatconfig.c:290:48:[m[K [01;35m[Kwarning: [m[Kunused parameter ‘[01m[Kcontext[m[K’ [[01;35m[K-Wunused-parameter[m[K]
[42.898s]   290 | static int ecx_config_from_table([01;35m[Kecx_contextt *context[m[K, uint16 slave)
[42.898s]       |                                  [01;35m[K~~~~~~~~~~~~~~^~~~~~~[m[K
[42.898s] [01m[K/home/hd/Desktop/Motor_Control/motor_controls.ws/src/ethercat_device_configurator/soem_interface/soem/include/soem/soem/ethercatconfig.c:290:64:[m[K [01;35m[Kwarning: [m[Kunused parameter ‘[01m[Kslave[m[K’ [[01;35m[K-Wunused-parameter[m[K]
[42.898s]   290 | static int ecx_config_from_table(ecx_contextt *context, [01;35m[Kuint16 slave[m[K)
[42.899s]       |                                                         [01;35m[K~~~~~~~^~~~~[m[K
[42.902s] [01m[K/home/hd/Desktop/Motor_Control/motor_controls.ws/src/ethercat_device_configurator/soem_interface/soem/include/soem/soem/ethercatconfig.c:[m[K In function ‘[01m[Kecx_config_map_group[m[K’:
[42.902s] [01m[K/home/hd/Desktop/Motor_Control/motor_controls.ws/src/ethercat_device_configurator/soem_interface/soem/include/soem/soem/ethercatconfig.c:918:19:[m[K [01;35m[Kwarning: [m[KISO C forbids passing argument 3 of ‘[01m[Kosal_thread_create[m[K’ between function pointer and ‘[01m[Kvoid *[m[K’ [[01;35m[K-Wpedantic[m[K]
[42.902s]   918 |                   [01;35m[K&ecx_mapper_thread[m[K, &(ecx_mapt[thrn]));
[42.902s]       |                   [01;35m[K^~~~~~~~~~~~~~~~~~[m[K
[42.902s] In file included from [01m[K/home/hd/Desktop/Motor_Control/motor_controls.ws/src/ethercat_device_configurator/soem_interface/soem/include/soem/soem/ethercatconfig.c:52[m[K:
[42.902s] [01m[K/home/hd/Desktop/Motor_Control/motor_controls.ws/src/ethercat_device_configurator/soem_interface/soem/include/soem/osal/osal.h:63:60:[m[K [01;36m[Knote: [m[Kexpected ‘[01m[Kvoid *[m[K’ but argument is of type ‘[01m[Kvoid (*)(void *)[m[K’
[42.903s]    63 | int osal_thread_create(void *thandle, int stacksize, [01;36m[Kvoid *func[m[K, void *param);
[42.903s]       |                                                      [01;36m[K~~~~~~^~~~[m[K
[43.003s] [ 60%] [32mBuilding C object soem_interface/soem/CMakeFiles/soem.dir/include/soem/soem/ethercatdc.c.o[0m
[43.015s] [01m[Kcc1:[m[K [01;35m[Kwarning: [m[Kcommand line option ‘[01m[K-std=c++17[m[K’ is valid for C++/ObjC++ but not for C
[43.023s] In file included from [01m[K/home/hd/Desktop/Motor_Control/motor_controls.ws/src/ethercat_device_configurator/soem_interface/soem/include/soem/oshw/oshw.h:54[m[K,
[43.023s]                  from [01m[K/home/hd/Desktop/Motor_Control/motor_controls.ws/src/ethercat_device_configurator/soem_interface/soem/include/soem/soem/ethercatdc.c:47[m[K:
[43.023s] [01m[K/home/hd/Desktop/Motor_Control/motor_controls.ws/src/ethercat_device_configurator/soem_interface/soem/include/soem/soem/ethercattype.h:532:5:[m[K [01;35m[Kwarning: [m[KISO C99 doesn’t support unnamed structs/unions [[01;35m[K-Wpedantic[m[K]
[43.023s]   532 |    }[01;35m[K;[m[K
[43.023s]       |     [01;35m[K^[m[K
[43.084s] [ 61%] [32mBuilding C object soem_interface/soem/CMakeFiles/soem.dir/include/soem/soem/ethercatfoe.c.o[0m
[43.097s] [01m[Kcc1:[m[K [01;35m[Kwarning: [m[Kcommand line option ‘[01m[K-std=c++17[m[K’ is valid for C++/ObjC++ but not for C
[43.107s] In file included from [01m[K/home/hd/Desktop/Motor_Control/motor_controls.ws/src/ethercat_device_configurator/soem_interface/soem/include/soem/oshw/oshw.h:54[m[K,
[43.107s]                  from [01m[K/home/hd/Desktop/Motor_Control/motor_controls.ws/src/ethercat_device_configurator/soem_interface/soem/include/soem/soem/ethercatfoe.c:54[m[K:
[43.107s] [01m[K/home/hd/Desktop/Motor_Control/motor_controls.ws/src/ethercat_device_configurator/soem_interface/soem/include/soem/soem/ethercattype.h:532:5:[m[K [01;35m[Kwarning: [m[KISO C99 doesn’t support unnamed structs/unions [[01;35m[K-Wpedantic[m[K]
[43.107s]   532 |    }[01;35m[K;[m[K
[43.107s]       |     [01;35m[K^[m[K
[43.108s] [01m[K/home/hd/Desktop/Motor_Control/motor_controls.ws/src/ethercat_device_configurator/soem_interface/soem/include/soem/soem/ethercatfoe.c:76:5:[m[K [01;35m[Kwarning: [m[KISO C99 doesn’t support unnamed structs/unions [[01;35m[K-Wpedantic[m[K]
[43.108s]    76 |    }[01;35m[K;[m[K
[43.108s]       |     [01;35m[K^[m[K
[43.108s] [01m[K/home/hd/Desktop/Motor_Control/motor_controls.ws/src/ethercat_device_configurator/soem_interface/soem/include/soem/soem/ethercatfoe.c:82:5:[m[K [01;35m[Kwarning: [m[KISO C99 doesn’t support unnamed structs/unions [[01;35m[K-Wpedantic[m[K]
[43.108s]    82 |    }[01;35m[K;[m[K
[43.109s]       |     [01;35m[K^[m[K
[43.109s] [01m[K/home/hd/Desktop/Motor_Control/motor_controls.ws/src/ethercat_device_configurator/soem_interface/soem/include/soem/soem/ethercatfoe.c:[m[K In function ‘[01m[Kecx_FOEdefinehook[m[K’:
[43.109s] [01m[K/home/hd/Desktop/Motor_Control/motor_controls.ws/src/ethercat_device_configurator/soem_interface/soem/include/soem/soem/ethercatfoe.c:94:20:[m[K [01;35m[Kwarning: [m[KISO C forbids assignment between function pointer and ‘[01m[Kvoid *[m[K’ [[01;35m[K-Wpedantic[m[K]
[43.109s]    94 |   context->FOEhook [01;35m[K=[m[K hook;
[43.109s]       |                    [01;35m[K^[m[K
[43.152s] [ 62%] [32mBuilding C object soem_interface/soem/CMakeFiles/soem.dir/include/soem/soem/ethercatmain.c.o[0m
[43.164s] [01m[Kcc1:[m[K [01;35m[Kwarning: [m[Kcommand line option ‘[01m[K-std=c++17[m[K’ is valid for C++/ObjC++ but not for C
[43.174s] In file included from [01m[K/home/hd/Desktop/Motor_Control/motor_controls.ws/src/ethercat_device_configurator/soem_interface/soem/include/soem/oshw/oshw.h:54[m[K,
[43.174s]                  from [01m[K/home/hd/Desktop/Motor_Control/motor_controls.ws/src/ethercat_device_configurator/soem_interface/soem/include/soem/soem/ethercatmain.c:57[m[K:
[43.174s] [01m[K/home/hd/Desktop/Motor_Control/motor_controls.ws/src/ethercat_device_configurator/soem_interface/soem/include/soem/soem/ethercattype.h:532:5:[m[K [01;35m[Kwarning: [m[KISO C99 doesn’t support unnamed structs/unions [[01;35m[K-Wpedantic[m[K]
[43.174s]   532 |    }[01;35m[K;[m[K
[43.174s]       |     [01;35m[K^[m[K
[43.176s] [01m[K/home/hd/Desktop/Motor_Control/motor_controls.ws/src/ethercat_device_configurator/soem_interface/soem/include/soem/soem/ethercatmain.c:360:2:[m[K [01;35m[Kwarning: [m[KISO C does not allow extra ‘[01m[K;[m[K’ outside of a function [[01;35m[K-Wpedantic[m[K]
[43.176s]   360 | }[01;35m[K;[m[K
[43.176s]       |  [01;35m[K^[m[K
[43.281s] [ 63%] [32mBuilding C object soem_interface/soem/CMakeFiles/soem.dir/include/soem/soem/ethercatprint.c.o[0m
[43.295s] [01m[Kcc1:[m[K [01;35m[Kwarning: [m[Kcommand line option ‘[01m[K-std=c++17[m[K’ is valid for C++/ObjC++ but not for C
[43.303s] In file included from [01m[K/home/hd/Desktop/Motor_Control/motor_controls.ws/src/ethercat_device_configurator/soem_interface/soem/include/soem/oshw/oshw.h:54[m[K,
[43.304s]                  from [01m[K/home/hd/Desktop/Motor_Control/motor_controls.ws/src/ethercat_device_configurator/soem_interface/soem/include/soem/soem/ethercatprint.c:52[m[K:
[43.304s] [01m[K/home/hd/Desktop/Motor_Control/motor_controls.ws/src/ethercat_device_configurator/soem_interface/soem/include/soem/soem/ethercattype.h:532:5:[m[K [01;35m[Kwarning: [m[KISO C99 doesn’t support unnamed structs/unions [[01;35m[K-Wpedantic[m[K]
[43.304s]   532 |    }[01;35m[K;[m[K
[43.304s]       |     [01;35m[K^[m[K
[43.354s] [ 65%] [32mBuilding C object soem_interface/soem/CMakeFiles/soem.dir/include/soem/soem/ethercatsoe.c.o[0m
[43.366s] [01m[Kcc1:[m[K [01;35m[Kwarning: [m[Kcommand line option ‘[01m[K-std=c++17[m[K’ is valid for C++/ObjC++ but not for C
[43.376s] In file included from [01m[K/home/hd/Desktop/Motor_Control/motor_controls.ws/src/ethercat_device_configurator/soem_interface/soem/include/soem/oshw/oshw.h:54[m[K,
[43.376s]                  from [01m[K/home/hd/Desktop/Motor_Control/motor_controls.ws/src/ethercat_device_configurator/soem_interface/soem/include/soem/soem/ethercatsoe.c:50[m[K:
[43.376s] [01m[K/home/hd/Desktop/Motor_Control/motor_controls.ws/src/ethercat_device_configurator/soem_interface/soem/include/soem/soem/ethercattype.h:532:5:[m[K [01;35m[Kwarning: [m[KISO C99 doesn’t support unnamed structs/unions [[01;35m[K-Wpedantic[m[K]
[43.376s]   532 |    }[01;35m[K;[m[K
[43.376s]       |     [01;35m[K^[m[K
[43.378s] In file included from [01m[K/home/hd/Desktop/Motor_Control/motor_controls.ws/src/ethercat_device_configurator/soem_interface/soem/include/soem/soem/ethercatsoe.c:54[m[K:
[43.378s] [01m[K/home/hd/Desktop/Motor_Control/motor_controls.ws/src/ethercat_device_configurator/soem_interface/soem/include/soem/soem/ethercatsoe.h:96:5:[m[K [01;35m[Kwarning: [m[KISO C99 doesn’t support unnamed structs/unions [[01;35m[K-Wpedantic[m[K]
[43.378s]    96 |    }[01;35m[K;[m[K
[43.378s]       |     [01;35m[K^[m[K
[43.378s] [01m[K/home/hd/Desktop/Motor_Control/motor_controls.ws/src/ethercat_device_configurator/soem_interface/soem/include/soem/soem/ethercatsoe.c:72:5:[m[K [01;35m[Kwarning: [m[KISO C99 doesn’t support unnamed structs/unions [[01;35m[K-Wpedantic[m[K]
[43.378s]    72 |    }[01;35m[K;[m[K
[43.379s]       |     [01;35m[K^[m[K
[43.432s] [ 66%] [32mBuilding C object soem_interface/soem/CMakeFiles/soem.dir/include_linux/soem/osal/osal.c.o[0m
[43.443s] [01m[Kcc1:[m[K [01;35m[Kwarning: [m[Kcommand line option ‘[01m[K-std=c++17[m[K’ is valid for C++/ObjC++ but not for C
[43.460s] [01m[K/home/hd/Desktop/Motor_Control/motor_controls.ws/src/ethercat_device_configurator/soem_interface/soem/include_linux/soem/osal/osal.c:[m[K In function ‘[01m[Kosal_gettimeofday[m[K’:
[43.460s] [01m[K/home/hd/Desktop/Motor_Control/motor_controls.ws/src/ethercat_device_configurator/soem_interface/soem/include_linux/soem/osal/osal.c:69:54:[m[K [01;35m[Kwarning: [m[Kright-hand operand of comma expression has no effect [[01;35m[K-Wunused-value[m[K]
[43.461s]    69 |    return_value = clock_gettime(CLOCK_MONOTONIC, &ts)[01;35m[K,[m[K 0;
[43.461s]       |                                                      [01;35m[K^[m[K
[43.461s] [01m[K/home/hd/Desktop/Motor_Control/motor_controls.ws/src/ethercat_device_configurator/soem_interface/soem/include_linux/soem/osal/osal.c:60:60:[m[K [01;35m[Kwarning: [m[Kunused parameter ‘[01m[Ktz[m[K’ [[01;35m[K-Wunused-parameter[m[K]
[43.461s]    60 | int osal_gettimeofday(struct timeval *tv, [01;35m[Kstruct timezone *tz[m[K)
[43.461s]       |                                           [01;35m[K~~~~~~~~~~~~~~~~~^~[m[K
[43.461s] [01m[K/home/hd/Desktop/Motor_Control/motor_controls.ws/src/ethercat_device_configurator/soem_interface/soem/include_linux/soem/osal/osal.c:[m[K In function ‘[01m[Kosal_time_diff[m[K’:
[43.461s] [01m[K/home/hd/Desktop/Motor_Control/motor_controls.ws/src/ethercat_device_configurator/soem_interface/soem/include_linux/soem/osal/osal.c:90:19:[m[K [01;35m[Kwarning: [m[Kcomparison of unsigned expression < 0 is always false [[01;35m[K-Wtype-limits[m[K]
[43.461s]    90 |    if (diff->usec [01;35m[K<[m[K 0) {
[43.461s]       |                   [01;35m[K^[m[K
[43.461s] [01m[K/home/hd/Desktop/Motor_Control/motor_controls.ws/src/ethercat_device_configurator/soem_interface/soem/include_linux/soem/osal/osal.c:[m[K In function ‘[01m[Kosal_thread_create[m[K’:
[43.461s] [01m[K/home/hd/Desktop/Motor_Control/motor_controls.ws/src/ethercat_device_configurator/soem_interface/soem/include_linux/soem/osal/osal.c:144:41:[m[K [01;35m[Kwarning: [m[KISO C forbids passing argument 3 of ‘[01m[Kpthread_create[m[K’ between function pointer and ‘[01m[Kvoid *[m[K’ [[01;35m[K-Wpedantic[m[K]
[43.461s]   144 |    ret = pthread_create(threadp, &attr, [01;35m[Kfunc[m[K, param);
[43.461s]       |                                         [01;35m[K^~~~[m[K
[43.461s] In file included from [01m[K/home/hd/Desktop/Motor_Control/motor_controls.ws/src/ethercat_device_configurator/soem_interface/soem/include/soem/osal/osal_defs.h:56[m[K,
[43.461s]                  from [01m[K/home/hd/Desktop/Motor_Control/motor_controls.ws/src/ethercat_device_configurator/soem_interface/soem/include/soem/osal/osal.h:29[m[K,
[43.461s]                  from [01m[K/home/hd/Desktop/Motor_Control/motor_controls.ws/src/ethercat_device_configurator/soem_interface/soem/include_linux/soem/osal/osal.c:47[m[K:
[43.461s] [01m[K/usr/include/pthread.h:200:15:[m[K [01;36m[Knote: [m[Kexpected ‘[01m[Kvoid * (*)(void *)[m[K’ but argument is of type ‘[01m[Kvoid *[m[K’
[43.462s]   200 |       [01;36m[Kvoid *(*__start_routine) (void *)[m[K,
[43.462s]       |       [01;36m[K~~~~~~~~^~~~~~~~~~~~~~~~~~~~~~~~~[m[K
[43.462s] [01m[K/home/hd/Desktop/Motor_Control/motor_controls.ws/src/ethercat_device_configurator/soem_interface/soem/include_linux/soem/osal/osal.c:[m[K In function ‘[01m[Kosal_thread_create_rt[m[K’:
[43.462s] [01m[K/home/hd/Desktop/Motor_Control/motor_controls.ws/src/ethercat_device_configurator/soem_interface/soem/include_linux/soem/osal/osal.c:162:41:[m[K [01;35m[Kwarning: [m[KISO C forbids passing argument 3 of ‘[01m[Kpthread_create[m[K’ between function pointer and ‘[01m[Kvoid *[m[K’ [[01;35m[K-Wpedantic[m[K]
[43.462s]   162 |    ret = pthread_create(threadp, &attr, [01;35m[Kfunc[m[K, param);
[43.462s]       |                                         [01;35m[K^~~~[m[K
[43.462s] In file included from [01m[K/home/hd/Desktop/Motor_Control/motor_controls.ws/src/ethercat_device_configurator/soem_interface/soem/include/soem/osal/osal_defs.h:56[m[K,
[43.462s]                  from [01m[K/home/hd/Desktop/Motor_Control/motor_controls.ws/src/ethercat_device_configurator/soem_interface/soem/include/soem/osal/osal.h:29[m[K,
[43.462s]                  from [01m[K/home/hd/Desktop/Motor_Control/motor_controls.ws/src/ethercat_device_configurator/soem_interface/soem/include_linux/soem/osal/osal.c:47[m[K:
[43.462s] [01m[K/usr/include/pthread.h:200:15:[m[K [01;36m[Knote: [m[Kexpected ‘[01m[Kvoid * (*)(void *)[m[K’ but argument is of type ‘[01m[Kvoid *[m[K’
[43.462s]   200 |       [01;36m[Kvoid *(*__start_routine) (void *)[m[K,
[43.462s]       |       [01;36m[K~~~~~~~~^~~~~~~~~~~~~~~~~~~~~~~~~[m[K
[43.506s] [ 67%] [32mBuilding C object soem_interface/soem/CMakeFiles/soem.dir/include_linux/soem/oshw/nicdrv.c.o[0m
[43.519s] [01m[Kcc1:[m[K [01;35m[Kwarning: [m[Kcommand line option ‘[01m[K-std=c++17[m[K’ is valid for C++/ObjC++ but not for C
[43.562s] In file included from [01m[K/home/hd/Desktop/Motor_Control/motor_controls.ws/src/ethercat_device_configurator/soem_interface/soem/include/soem/oshw/oshw.h:54[m[K,
[43.562s]                  from [01m[K/home/hd/Desktop/Motor_Control/motor_controls.ws/src/ethercat_device_configurator/soem_interface/soem/include_linux/soem/oshw/nicdrv.c:83[m[K:
[43.562s] [01m[K/home/hd/Desktop/Motor_Control/motor_controls.ws/src/ethercat_device_configurator/soem_interface/soem/include/soem/soem/ethercattype.h:532:5:[m[K [01;35m[Kwarning: [m[KISO C99 doesn’t support unnamed structs/unions [[01;35m[K-Wpedantic[m[K]
[43.562s]   532 |    }[01;35m[K;[m[K
[43.562s]       |     [01;35m[K^[m[K
[43.619s] [ 68%] [32mBuilding C object soem_interface/soem/CMakeFiles/soem.dir/include_linux/soem/oshw/oshw.c.o[0m
[43.632s] [01m[Kcc1:[m[K [01;35m[Kwarning: [m[Kcommand line option ‘[01m[K-std=c++17[m[K’ is valid for C++/ObjC++ but not for C
[43.646s] In file included from [01m[K/home/hd/Desktop/Motor_Control/motor_controls.ws/src/ethercat_device_configurator/soem_interface/soem/include/soem/oshw/oshw.h:54[m[K,
[43.646s]                  from [01m[K/home/hd/Desktop/Motor_Control/motor_controls.ws/src/ethercat_device_configurator/soem_interface/soem/include_linux/soem/oshw/oshw.c:49[m[K:
[43.646s] [01m[K/home/hd/Desktop/Motor_Control/motor_controls.ws/src/ethercat_device_configurator/soem_interface/soem/include/soem/soem/ethercattype.h:532:5:[m[K [01;35m[Kwarning: [m[KISO C99 doesn’t support unnamed structs/unions [[01;35m[K-Wpedantic[m[K]
[43.646s]   532 |    }[01;35m[K;[m[K
[43.646s]       |     [01;35m[K^[m[K
[43.684s] [ 69%] [32m[1mLinking C static library libsoem.a[0m
[43.775s] [ 69%] Built target soem
[43.805s] [35m[1mScanning dependencies of target yaml-cpp-read[0m
[43.833s] [ 71%] [32mBuilding CXX object yaml-cpp/yaml-cpp/util/CMakeFiles/yaml-cpp-read.dir/read.cpp.o[0m
[44.674s] [01m[K/home/hd/Desktop/Motor_Control/motor_controls.ws/src/ethercat_device_configurator/yaml-cpp/yaml-cpp/util/read.cpp:[m[K In member function ‘[01m[Kvirtual void NullEventHandler::OnSequenceStart(const Mark&, const string&, NullEventHandler::anchor_t, YAML::EmitterStyle::value)[m[K’:
[44.675s] [01m[K/home/hd/Desktop/Motor_Control/motor_controls.ws/src/ethercat_device_configurator/yaml-cpp/yaml-cpp/util/read.cpp:23:50:[m[K [01;35m[Kwarning: [m[Kunused parameter ‘[01m[Kstyle[m[K’ [[01;35m[K-Wunused-parameter[m[K]
[44.675s]    23 |                        [01;35m[KYAML::EmitterStyle::value style[m[K) override {}
[44.675s]       |                        [01;35m[K~~~~~~~~~~~~~~~~~~~~~~~~~~^~~~~[m[K
[44.675s] [01m[K/home/hd/Desktop/Motor_Control/motor_controls.ws/src/ethercat_device_configurator/yaml-cpp/yaml-cpp/util/read.cpp:[m[K In member function ‘[01m[Kvirtual void NullEventHandler::OnMapStart(const Mark&, const string&, NullEventHandler::anchor_t, YAML::EmitterStyle::value)[m[K’:
[44.675s] [01m[K/home/hd/Desktop/Motor_Control/motor_controls.ws/src/ethercat_device_configurator/yaml-cpp/yaml-cpp/util/read.cpp:26:45:[m[K [01;35m[Kwarning: [m[Kunused parameter ‘[01m[Kstyle[m[K’ [[01;35m[K-Wunused-parameter[m[K]
[44.675s]    26 |                   [01;35m[KYAML::EmitterStyle::value style[m[K) override {}
[44.675s]       |                   [01;35m[K~~~~~~~~~~~~~~~~~~~~~~~~~~^~~~~[m[K
[44.941s] [ 72%] [32m[1mLinking CXX executable read[0m
[45.135s] [ 72%] Built target yaml-cpp-read
[45.164s] [35m[1mScanning dependencies of target yaml-cpp-parse[0m
[45.199s] [ 73%] [32mBuilding CXX object yaml-cpp/yaml-cpp/util/CMakeFiles/yaml-cpp-parse.dir/parse.cpp.o[0m
[46.433s] [ 74%] [32m[1mLinking CXX executable parse[0m
[46.676s] [ 74%] Built target yaml-cpp-parse
[46.708s] [35m[1mScanning dependencies of target yaml-cpp-sandbox[0m
[46.744s] [ 75%] [32mBuilding CXX object yaml-cpp/yaml-cpp/util/CMakeFiles/yaml-cpp-sandbox.dir/sandbox.cpp.o[0m
[47.659s] [01m[K/home/hd/Desktop/Motor_Control/motor_controls.ws/src/ethercat_device_configurator/yaml-cpp/yaml-cpp/util/sandbox.cpp:[m[K In member function ‘[01m[Kvirtual void NullEventHandler::OnSequenceStart(const Mark&, const string&, NullEventHandler::anchor_t, YAML::EmitterStyle::value)[m[K’:
[47.659s] [01m[K/home/hd/Desktop/Motor_Control/motor_controls.ws/src/ethercat_device_configurator/yaml-cpp/yaml-cpp/util/sandbox.cpp:21:50:[m[K [01;35m[Kwarning: [m[Kunused parameter ‘[01m[Kstyle[m[K’ [[01;35m[K-Wunused-parameter[m[K]
[47.659s]    21 |                        [01;35m[KYAML::EmitterStyle::value style[m[K) override {}
[47.659s]       |                        [01;35m[K~~~~~~~~~~~~~~~~~~~~~~~~~~^~~~~[m[K
[47.659s] [01m[K/home/hd/Desktop/Motor_Control/motor_controls.ws/src/ethercat_device_configurator/yaml-cpp/yaml-cpp/util/sandbox.cpp:[m[K In member function ‘[01m[Kvirtual void NullEventHandler::OnMapStart(const Mark&, const string&, NullEventHandler::anchor_t, YAML::EmitterStyle::value)[m[K’:
[47.659s] [01m[K/home/hd/Desktop/Motor_Control/motor_controls.ws/src/ethercat_device_configurator/yaml-cpp/yaml-cpp/util/sandbox.cpp:24:45:[m[K [01;35m[Kwarning: [m[Kunused parameter ‘[01m[Kstyle[m[K’ [[01;35m[K-Wunused-parameter[m[K]
[47.659s]    24 |                   [01;35m[KYAML::EmitterStyle::value style[m[K) override {}
[47.659s]       |                   [01;35m[K~~~~~~~~~~~~~~~~~~~~~~~~~~^~~~~[m[K
[47.978s] [ 77%] [32m[1mLinking CXX executable sandbox[0m
[48.125s] [ 77%] Built target yaml-cpp-sandbox
[48.157s] [35m[1mScanning dependencies of target maxon_epos_ethercat_sdk[0m
[48.263s] [ 78%] [32mBuilding CXX object maxon_epos_ethercat_sdk/CMakeFiles/maxon_epos_ethercat_sdk.dir/src/maxon_epos_ethercat_sdk/Command.cpp.o[0m
[48.839s] [ 79%] [32mBuilding CXX object maxon_epos_ethercat_sdk/CMakeFiles/maxon_epos_ethercat_sdk.dir/src/maxon_epos_ethercat_sdk/Configuration.cpp.o[0m
[49.688s] [ 80%] [32mBuilding CXX object maxon_epos_ethercat_sdk/CMakeFiles/maxon_epos_ethercat_sdk.dir/src/maxon_epos_ethercat_sdk/ConfigurationParser.cpp.o[0m
[53.944s] [ 81%] [32mBuilding CXX object maxon_epos_ethercat_sdk/CMakeFiles/maxon_epos_ethercat_sdk.dir/src/maxon_epos_ethercat_sdk/ConfigureParameters.cpp.o[0m
[58.022s] [ 83%] [32mBuilding CXX object maxon_epos_ethercat_sdk/CMakeFiles/maxon_epos_ethercat_sdk.dir/src/maxon_epos_ethercat_sdk/Controlword.cpp.o[0m
[58.508s] [ 84%] [32mBuilding CXX object maxon_epos_ethercat_sdk/CMakeFiles/maxon_epos_ethercat_sdk.dir/src/maxon_epos_ethercat_sdk/Diagnostics.cpp.o[0m
[62.017s] [ 85%] [32mBuilding CXX object maxon_epos_ethercat_sdk/CMakeFiles/maxon_epos_ethercat_sdk.dir/src/maxon_epos_ethercat_sdk/DriveState.cpp.o[0m
[62.313s] [ 86%] [32mBuilding CXX object maxon_epos_ethercat_sdk/CMakeFiles/maxon_epos_ethercat_sdk.dir/src/maxon_epos_ethercat_sdk/Maxon.cpp.o[0m
[67.304s] [ 87%] [32mBuilding CXX object maxon_epos_ethercat_sdk/CMakeFiles/maxon_epos_ethercat_sdk.dir/src/maxon_epos_ethercat_sdk/ModeOfOperationEnum.cpp.o[0m
[67.865s] [ 89%] [32mBuilding CXX object maxon_epos_ethercat_sdk/CMakeFiles/maxon_epos_ethercat_sdk.dir/src/maxon_epos_ethercat_sdk/PdoTypeEnum.cpp.o[0m
[68.177s] [ 90%] [32mBuilding CXX object maxon_epos_ethercat_sdk/CMakeFiles/maxon_epos_ethercat_sdk.dir/src/maxon_epos_ethercat_sdk/Reading.cpp.o[0m
[69.010s] [ 91%] [32mBuilding CXX object maxon_epos_ethercat_sdk/CMakeFiles/maxon_epos_ethercat_sdk.dir/src/maxon_epos_ethercat_sdk/Statusword.cpp.o[0m
[69.445s] [ 92%] [32m[1mLinking CXX static library libmaxon_epos_ethercat_sdk.a[0m
[69.584s] [ 92%] Built target maxon_epos_ethercat_sdk
[69.614s] [35m[1mScanning dependencies of target standalone[0m
[69.700s] [ 93%] [32mBuilding CXX object CMakeFiles/standalone.dir/src/standalone.cpp.o[0m
[72.533s] [01m[K/home/hd/Desktop/Motor_Control/motor_controls.ws/src/ethercat_device_configurator/src/standalone.cpp:[m[K In function ‘[01m[Kvoid signal_handler(int)[m[K’:
[72.533s] [01m[K/home/hd/Desktop/Motor_Control/motor_controls.ws/src/ethercat_device_configurator/src/standalone.cpp:157:25:[m[K [01;35m[Kwarning: [m[Kunused parameter ‘[01m[Ksig[m[K’ [[01;35m[K-Wunused-parameter[m[K]
[72.533s]   157 | void signal_handler([01;35m[Kint sig[m[K)
[72.533s]       |                     [01;35m[K~~~~^~~[m[K
[73.720s] [ 95%] [32mBuilding CXX object CMakeFiles/standalone.dir/src/EthercatDeviceConfigurator.cpp.o[0m
[78.363s] [ 96%] [32mBuilding C object CMakeFiles/standalone.dir/include/ethercat_device_configurator/soem/soem/ethercatconfig.c.o[0m
[78.374s] [01m[Kcc1:[m[K [01;35m[Kwarning: [m[Kcommand line option ‘[01m[K-std=c++17[m[K’ is valid for C++/ObjC++ but not for C
[78.395s] In file included from [01m[K/home/hd/Desktop/Motor_Control/motor_controls.ws/src/ethercat_device_configurator/include/ethercat_device_configurator/soem/oshw/oshw.h:54[m[K,
[78.396s]                  from [01m[K/home/hd/Desktop/Motor_Control/motor_controls.ws/src/ethercat_device_configurator/include/ethercat_device_configurator/soem/soem/ethercatconfig.c:53[m[K:
[78.396s] [01m[K/home/hd/Desktop/Motor_Control/motor_controls.ws/src/ethercat_device_configurator/include/ethercat_device_configurator/soem/soem/ethercattype.h:532:5:[m[K [01;35m[Kwarning: [m[KISO C99 doesn’t support unnamed structs/unions [[01;35m[K-Wpedantic[m[K]
[78.396s]   532 |    }[01;35m[K;[m[K
[78.396s]       |     [01;35m[K^[m[K
[78.397s] In file included from [01m[K/home/hd/Desktop/Motor_Control/motor_controls.ws/src/ethercat_device_configurator/include/ethercat_device_configurator/soem/soem/ethercatconfig.c:58[m[K:
[78.397s] [01m[K/home/hd/Desktop/Motor_Control/motor_controls.ws/src/ethercat_device_configurator/include/ethercat_device_configurator/soem/soem/ethercatsoe.h:96:5:[m[K [01;35m[Kwarning: [m[KISO C99 doesn’t support unnamed structs/unions [[01;35m[K-Wpedantic[m[K]
[78.397s]    96 |    }[01;35m[K;[m[K
[78.397s]       |     [01;35m[K^[m[K
[78.398s] [01m[K/home/hd/Desktop/Motor_Control/motor_controls.ws/src/ethercat_device_configurator/include/ethercat_device_configurator/soem/soem/ethercatconfig.c:[m[K In function ‘[01m[Kecx_config_from_table[m[K’:
[78.398s] [01m[K/home/hd/Desktop/Motor_Control/motor_controls.ws/src/ethercat_device_configurator/include/ethercat_device_configurator/soem/soem/ethercatconfig.c:290:48:[m[K [01;35m[Kwarning: [m[Kunused parameter ‘[01m[Kcontext[m[K’ [[01;35m[K-Wunused-parameter[m[K]
[78.398s]   290 | static int ecx_config_from_table([01;35m[Kecx_contextt *context[m[K, uint16 slave)
[78.398s]       |                                  [01;35m[K~~~~~~~~~~~~~~^~~~~~~[m[K
[78.398s] [01m[K/home/hd/Desktop/Motor_Control/motor_controls.ws/src/ethercat_device_configurator/include/ethercat_device_configurator/soem/soem/ethercatconfig.c:290:64:[m[K [01;35m[Kwarning: [m[Kunused parameter ‘[01m[Kslave[m[K’ [[01;35m[K-Wunused-parameter[m[K]
[78.398s]   290 | static int ecx_config_from_table(ecx_contextt *context, [01;35m[Kuint16 slave[m[K)
[78.399s]       |                                                         [01;35m[K~~~~~~~^~~~~[m[K
[78.402s] [01m[K/home/hd/Desktop/Motor_Control/motor_controls.ws/src/ethercat_device_configurator/include/ethercat_device_configurator/soem/soem/ethercatconfig.c:[m[K In function ‘[01m[Kecx_config_map_group[m[K’:
[78.403s] [01m[K/home/hd/Desktop/Motor_Control/motor_controls.ws/src/ethercat_device_configurator/include/ethercat_device_configurator/soem/soem/ethercatconfig.c:918:19:[m[K [01;35m[Kwarning: [m[KISO C forbids passing argument 3 of ‘[01m[Kosal_thread_create[m[K’ between function pointer and ‘[01m[Kvoid *[m[K’ [[01;35m[K-Wpedantic[m[K]
[78.403s]   918 |                   [01;35m[K&ecx_mapper_thread[m[K, &(ecx_mapt[thrn]));
[78.403s]       |                   [01;35m[K^~~~~~~~~~~~~~~~~~[m[K
[78.403s] In file included from [01m[K/home/hd/Desktop/Motor_Control/motor_controls.ws/src/ethercat_device_configurator/include/ethercat_device_configurator/soem/soem/ethercatconfig.c:52[m[K:
[78.403s] [01m[K/home/hd/Desktop/Motor_Control/motor_controls.ws/src/ethercat_device_configurator/include/ethercat_device_configurator/soem/osal/osal.h:63:60:[m[K [01;36m[Knote: [m[Kexpected ‘[01m[Kvoid *[m[K’ but argument is of type ‘[01m[Kvoid (*)(void *)[m[K’
[78.403s]    63 | int osal_thread_create(void *thandle, int stacksize, [01;36m[Kvoid *func[m[K, void *param);
[78.403s]       |                                                      [01;36m[K~~~~~~^~~~[m[K
[78.524s] [ 97%] [32mBuilding C object CMakeFiles/standalone.dir/include/ethercat_device_configurator/soem/soem/ethercatprint.c.o[0m
[78.536s] [01m[Kcc1:[m[K [01;35m[Kwarning: [m[Kcommand line option ‘[01m[K-std=c++17[m[K’ is valid for C++/ObjC++ but not for C
[78.561s] In file included from [01m[K/home/hd/Desktop/Motor_Control/motor_controls.ws/src/ethercat_device_configurator/include/ethercat_device_configurator/soem/oshw/oshw.h:54[m[K,
[78.561s]                  from [01m[K/home/hd/Desktop/Motor_Control/motor_controls.ws/src/ethercat_device_configurator/include/ethercat_device_configurator/soem/soem/ethercatprint.c:52[m[K:
[78.561s] [01m[K/home/hd/Desktop/Motor_Control/motor_controls.ws/src/ethercat_device_configurator/include/ethercat_device_configurator/soem/soem/ethercattype.h:532:5:[m[K [01;35m[Kwarning: [m[KISO C99 doesn’t support unnamed structs/unions [[01;35m[K-Wpedantic[m[K]
[78.561s]   532 |    }[01;35m[K;[m[K
[78.561s]       |     [01;35m[K^[m[K
[78.610s] [ 98%] [32mBuilding C object CMakeFiles/standalone.dir/include/ethercat_device_configurator/soem/soem/ethercatdc.c.o[0m
[78.623s] [01m[Kcc1:[m[K [01;35m[Kwarning: [m[Kcommand line option ‘[01m[K-std=c++17[m[K’ is valid for C++/ObjC++ but not for C
[78.638s] In file included from [01m[K/home/hd/Desktop/Motor_Control/motor_controls.ws/src/ethercat_device_configurator/include/ethercat_device_configurator/soem/oshw/oshw.h:54[m[K,
[78.638s]                  from [01m[K/home/hd/Desktop/Motor_Control/motor_controls.ws/src/ethercat_device_configurator/include/ethercat_device_configurator/soem/soem/ethercatdc.c:47[m[K:
[78.638s] [01m[K/home/hd/Desktop/Motor_Control/motor_controls.ws/src/ethercat_device_configurator/include/ethercat_device_configurator/soem/soem/ethercattype.h:532:5:[m[K [01;35m[Kwarning: [m[KISO C99 doesn’t support unnamed structs/unions [[01;35m[K-Wpedantic[m[K]
[78.638s]   532 |    }[01;35m[K;[m[K
[78.638s]       |     [01;35m[K^[m[K
[78.707s] [100%] [32m[1mLinking CXX executable standalone[0m
[80.701s] [100%] Built target standalone
[80.730s] Invoked command in '/home/hd/Desktop/Motor_Control/motor_controls.ws/build/ethercat_device_configurator' returned '0': CMAKE_PREFIX_PATH=${CMAKE_PREFIX_PATH}:/opt/ros/foxy:/home/hd/ros2_foxy/install/ros2bag:/home/hd/ros2_foxy/install/tracetools_launch:/home/hd/ros2_foxy/install/topic_monitor:/home/hd/ros2_foxy/install/examples_tf2_py:/home/hd/ros2_foxy/install/sros2:/home/hd/ros2_foxy/install/rqt_topic:/home/hd/ros2_foxy/install/rqt_top:/home/hd/ros2_foxy/install/rqt_srv:/home/hd/ros2_foxy/install/rqt_shell:/home/hd/ros2_foxy/install/rqt_service_caller:/home/hd/ros2_foxy/install/rqt_reconfigure:/home/hd/ros2_foxy/install/rqt_py_console:/home/hd/ros2_foxy/install/rqt_publisher:/home/hd/ros2_foxy/install/rqt_plot:/home/hd/ros2_foxy/install/rqt_action:/home/hd/ros2_foxy/install/rqt_msg:/home/hd/ros2_foxy/install/rqt_console:/home/hd/ros2_foxy/install/rqt:/home/hd/ros2_foxy/install/rqt_graph:/home/hd/ros2_foxy/install/rqt_gui_py:/home/hd/ros2_foxy/install/rqt_gui:/home/hd/ros2_foxy/install/ros2trace:/home/hd/ros2_foxy/install/ros2topic:/home/hd/ros2_foxy/install/ros2test:/home/hd/ros2_foxy/install/ros2component:/home/hd/ros2_foxy/install/ros2param:/home/hd/ros2_foxy/install/ros2lifecycle:/home/hd/ros2_foxy/install/ros2service:/home/hd/ros2_foxy/install/ros2run:/home/hd/ros2_foxy/install/ros2launch:/home/hd/ros2_foxy/install/ros2pkg:/home/hd/ros2_foxy/install/ros2node:/home/hd/ros2_foxy/install/ros2multicast:/home/hd/ros2_foxy/install/ros2interface:/home/hd/ros2_foxy/install/ros2doctor:/home/hd/ros2_foxy/install/ros2action:/home/hd/ros2_foxy/install/ros2cli:/home/hd/ros2_foxy/install/quality_of_service_demo_py:/home/hd/ros2_foxy/install/launch_testing_ros:/home/hd/ros2_foxy/install/launch_ros:/home/hd/ros2_foxy/install/joystick_ros2:/home/hd/ros2_foxy/install/examples_rclpy_minimal_subscriber:/home/hd/ros2_foxy/install/examples_rclpy_minimal_service:/home/hd/ros2_foxy/install/examples_rclpy_minimal_publisher:/home/hd/ros2_foxy/install/examples_rclpy_minimal_client:/home/hd/ros2_foxy/install/examples_rclpy_minimal_action_server:/home/hd/ros2_foxy/install/examples_rclpy_minimal_action_client:/home/hd/ros2_foxy/install/examples_rclpy_executors:/home/hd/ros2_foxy/install/demo_nodes_py:/home/hd/ros2_foxy/install/action_tutorials_py:/home/hd/ros2_foxy/install/ament_uncrustify:/home/hd/ros2_foxy/install/tracetools_trace:/home/hd/ros2_foxy/install/tracetools_read:/home/hd/ros2_foxy/install/test_launch_ros:/home/hd/ros2_foxy/install/sensor_msgs_py:/home/hd/ros2_foxy/install/rpyutils:/home/hd/ros2_foxy/install/rosidl_runtime_py:/home/hd/ros2_foxy/install/launch_yaml:/home/hd/ros2_foxy/install/launch_xml:/home/hd/ros2_foxy/install/launch_testing:/home/hd/ros2_foxy/install/launch:/home/hd/ros2_foxy/install/osrf_pycommon:/home/hd/ros2_foxy/install/domain_coordinator:/home/hd/ros2_foxy/install/ament_xmllint:/home/hd/ros2_foxy/install/ament_pyflakes:/home/hd/ros2_foxy/install/ament_pycodestyle:/home/hd/ros2_foxy/install/ament_pep257:/home/hd/ros2_foxy/install/ament_pclint:/home/hd/ros2_foxy/install/ament_package:/home/hd/ros2_foxy/install/ament_mypy:/home/hd/ros2_foxy/install/ament_lint_cmake:/home/hd/ros2_foxy/install/ament_flake8:/home/hd/ros2_foxy/install/ament_copyright:/home/hd/ros2_foxy/install/ament_lint:/home/hd/ros2_foxy/install/ament_index_python:/home/hd/ros2_foxy/install/ament_cpplint:/home/hd/ros2_foxy/install/ament_cppcheck:/home/hd/ros2_foxy/install/ament_clang_tidy:/home/hd/ros2_foxy/install/ament_clang_format /usr/bin/cmake --build /home/hd/Desktop/Motor_Control/motor_controls.ws/build/ethercat_device_configurator -- -j2 -l2
[81.010s] Invoking command in '/home/hd/Desktop/Motor_Control/motor_controls.ws/build/ethercat_device_configurator': CMAKE_PREFIX_PATH=${CMAKE_PREFIX_PATH}:/opt/ros/foxy:/home/hd/ros2_foxy/install/ros2bag:/home/hd/ros2_foxy/install/tracetools_launch:/home/hd/ros2_foxy/install/topic_monitor:/home/hd/ros2_foxy/install/examples_tf2_py:/home/hd/ros2_foxy/install/sros2:/home/hd/ros2_foxy/install/rqt_topic:/home/hd/ros2_foxy/install/rqt_top:/home/hd/ros2_foxy/install/rqt_srv:/home/hd/ros2_foxy/install/rqt_shell:/home/hd/ros2_foxy/install/rqt_service_caller:/home/hd/ros2_foxy/install/rqt_reconfigure:/home/hd/ros2_foxy/install/rqt_py_console:/home/hd/ros2_foxy/install/rqt_publisher:/home/hd/ros2_foxy/install/rqt_plot:/home/hd/ros2_foxy/install/rqt_action:/home/hd/ros2_foxy/install/rqt_msg:/home/hd/ros2_foxy/install/rqt_console:/home/hd/ros2_foxy/install/rqt:/home/hd/ros2_foxy/install/rqt_graph:/home/hd/ros2_foxy/install/rqt_gui_py:/home/hd/ros2_foxy/install/rqt_gui:/home/hd/ros2_foxy/install/ros2trace:/home/hd/ros2_foxy/install/ros2topic:/home/hd/ros2_foxy/install/ros2test:/home/hd/ros2_foxy/install/ros2component:/home/hd/ros2_foxy/install/ros2param:/home/hd/ros2_foxy/install/ros2lifecycle:/home/hd/ros2_foxy/install/ros2service:/home/hd/ros2_foxy/install/ros2run:/home/hd/ros2_foxy/install/ros2launch:/home/hd/ros2_foxy/install/ros2pkg:/home/hd/ros2_foxy/install/ros2node:/home/hd/ros2_foxy/install/ros2multicast:/home/hd/ros2_foxy/install/ros2interface:/home/hd/ros2_foxy/install/ros2doctor:/home/hd/ros2_foxy/install/ros2action:/home/hd/ros2_foxy/install/ros2cli:/home/hd/ros2_foxy/install/quality_of_service_demo_py:/home/hd/ros2_foxy/install/launch_testing_ros:/home/hd/ros2_foxy/install/launch_ros:/home/hd/ros2_foxy/install/joystick_ros2:/home/hd/ros2_foxy/install/examples_rclpy_minimal_subscriber:/home/hd/ros2_foxy/install/examples_rclpy_minimal_service:/home/hd/ros2_foxy/install/examples_rclpy_minimal_publisher:/home/hd/ros2_foxy/install/examples_rclpy_minimal_client:/home/hd/ros2_foxy/install/examples_rclpy_minimal_action_server:/home/hd/ros2_foxy/install/examples_rclpy_minimal_action_client:/home/hd/ros2_foxy/install/examples_rclpy_executors:/home/hd/ros2_foxy/install/demo_nodes_py:/home/hd/ros2_foxy/install/action_tutorials_py:/home/hd/ros2_foxy/install/ament_uncrustify:/home/hd/ros2_foxy/install/tracetools_trace:/home/hd/ros2_foxy/install/tracetools_read:/home/hd/ros2_foxy/install/test_launch_ros:/home/hd/ros2_foxy/install/sensor_msgs_py:/home/hd/ros2_foxy/install/rpyutils:/home/hd/ros2_foxy/install/rosidl_runtime_py:/home/hd/ros2_foxy/install/launch_yaml:/home/hd/ros2_foxy/install/launch_xml:/home/hd/ros2_foxy/install/launch_testing:/home/hd/ros2_foxy/install/launch:/home/hd/ros2_foxy/install/osrf_pycommon:/home/hd/ros2_foxy/install/domain_coordinator:/home/hd/ros2_foxy/install/ament_xmllint:/home/hd/ros2_foxy/install/ament_pyflakes:/home/hd/ros2_foxy/install/ament_pycodestyle:/home/hd/ros2_foxy/install/ament_pep257:/home/hd/ros2_foxy/install/ament_pclint:/home/hd/ros2_foxy/install/ament_package:/home/hd/ros2_foxy/install/ament_mypy:/home/hd/ros2_foxy/install/ament_lint_cmake:/home/hd/ros2_foxy/install/ament_flake8:/home/hd/ros2_foxy/install/ament_copyright:/home/hd/ros2_foxy/install/ament_lint:/home/hd/ros2_foxy/install/ament_index_python:/home/hd/ros2_foxy/install/ament_cpplint:/home/hd/ros2_foxy/install/ament_cppcheck:/home/hd/ros2_foxy/install/ament_clang_tidy:/home/hd/ros2_foxy/install/ament_clang_format /usr/bin/cmake --install /home/hd/Desktop/Motor_Control/motor_controls.ws/build/ethercat_device_configurator
[81.031s] -- Install configuration: ""
[81.032s] -- Installing: /home/hd/Desktop/Motor_Control/motor_controls.ws/install/ethercat_device_configurator/lib/ethercat_device_configurator/standalone
[81.035s] -- Set runtime path of "/home/hd/Desktop/Motor_Control/motor_controls.ws/install/ethercat_device_configurator/lib/ethercat_device_configurator/standalone" to ""
[81.035s] -- Installing: /home/hd/Desktop/Motor_Control/motor_controls.ws/install/ethercat_device_configurator/share/ament_index/resource_index/package_run_dependencies/ethercat_device_configurator
[81.035s] -- Installing: /home/hd/Desktop/Motor_Control/motor_controls.ws/install/ethercat_device_configurator/share/ament_index/resource_index/parent_prefix_path/ethercat_device_configurator
[81.036s] -- Installing: /home/hd/Desktop/Motor_Control/motor_controls.ws/install/ethercat_device_configurator/share/ethercat_device_configurator/environment/ament_prefix_path.sh
[81.036s] -- Installing: /home/hd/Desktop/Motor_Control/motor_controls.ws/install/ethercat_device_configurator/share/ethercat_device_configurator/environment/ament_prefix_path.dsv
[81.037s] -- Installing: /home/hd/Desktop/Motor_Control/motor_controls.ws/install/ethercat_device_configurator/share/ethercat_device_configurator/environment/path.sh
[81.037s] -- Installing: /home/hd/Desktop/Motor_Control/motor_controls.ws/install/ethercat_device_configurator/share/ethercat_device_configurator/environment/path.dsv
[81.037s] -- Installing: /home/hd/Desktop/Motor_Control/motor_controls.ws/install/ethercat_device_configurator/share/ethercat_device_configurator/local_setup.bash
[81.037s] -- Installing: /home/hd/Desktop/Motor_Control/motor_controls.ws/install/ethercat_device_configurator/share/ethercat_device_configurator/local_setup.sh
[81.037s] -- Installing: /home/hd/Desktop/Motor_Control/motor_controls.ws/install/ethercat_device_configurator/share/ethercat_device_configurator/local_setup.zsh
[81.037s] -- Installing: /home/hd/Desktop/Motor_Control/motor_controls.ws/install/ethercat_device_configurator/share/ethercat_device_configurator/local_setup.dsv
[81.037s] -- Installing: /home/hd/Desktop/Motor_Control/motor_controls.ws/install/ethercat_device_configurator/share/ethercat_device_configurator/package.dsv
[81.038s] -- Installing: /home/hd/Desktop/Motor_Control/motor_controls.ws/install/ethercat_device_configurator/share/ament_index/resource_index/packages/ethercat_device_configurator
[81.038s] -- Installing: /home/hd/Desktop/Motor_Control/motor_controls.ws/install/ethercat_device_configurator/share/ethercat_device_configurator/cmake/ethercat_device_configuratorConfig.cmake
[81.038s] -- Installing: /home/hd/Desktop/Motor_Control/motor_controls.ws/install/ethercat_device_configurator/share/ethercat_device_configurator/cmake/ethercat_device_configuratorConfig-version.cmake
[81.039s] -- Installing: /home/hd/Desktop/Motor_Control/motor_controls.ws/install/ethercat_device_configurator/share/ethercat_device_configurator/package.xml
[81.039s] -- Installing: /home/hd/Desktop/Motor_Control/motor_controls.ws/install/ethercat_device_configurator/lib/libethercat_sdk_master.a
[81.040s] -- Installing: /home/hd/Desktop/Motor_Control/motor_controls.ws/install/ethercat_device_configurator/include/ethercat_sdk_master
[81.040s] -- Installing: /home/hd/Desktop/Motor_Control/motor_controls.ws/install/ethercat_device_configurator/include/ethercat_sdk_master/EthercatDevice.hpp
[81.041s] -- Installing: /home/hd/Desktop/Motor_Control/motor_controls.ws/install/ethercat_device_configurator/include/ethercat_sdk_master/EthercatMaster.hpp
[81.041s] -- Installing: /home/hd/Desktop/Motor_Control/motor_controls.ws/install/ethercat_device_configurator/include/ethercat_sdk_master/UpdateMode.hpp
[81.041s] -- Installing: /home/hd/Desktop/Motor_Control/motor_controls.ws/install/ethercat_device_configurator/include/ethercat_sdk_master/EthercatMasterConfiguration.hpp
[81.041s] -- Installing: /home/hd/Desktop/Motor_Control/motor_controls.ws/install/ethercat_device_configurator/share/ament_index/resource_index/package_run_dependencies/ethercat_sdk_master
[81.041s] -- Installing: /home/hd/Desktop/Motor_Control/motor_controls.ws/install/ethercat_device_configurator/share/ament_index/resource_index/parent_prefix_path/ethercat_sdk_master
[81.042s] -- Installing: /home/hd/Desktop/Motor_Control/motor_controls.ws/install/ethercat_device_configurator/share/ethercat_sdk_master/environment/ament_prefix_path.sh
[81.042s] -- Installing: /home/hd/Desktop/Motor_Control/motor_controls.ws/install/ethercat_device_configurator/share/ethercat_sdk_master/environment/ament_prefix_path.dsv
[81.043s] -- Installing: /home/hd/Desktop/Motor_Control/motor_controls.ws/install/ethercat_device_configurator/share/ethercat_sdk_master/environment/path.sh
[81.043s] -- Installing: /home/hd/Desktop/Motor_Control/motor_controls.ws/install/ethercat_device_configurator/share/ethercat_sdk_master/environment/path.dsv
[81.043s] -- Installing: /home/hd/Desktop/Motor_Control/motor_controls.ws/install/ethercat_device_configurator/share/ethercat_sdk_master/local_setup.bash
[81.043s] -- Installing: /home/hd/Desktop/Motor_Control/motor_controls.ws/install/ethercat_device_configurator/share/ethercat_sdk_master/local_setup.sh
[81.044s] -- Installing: /home/hd/Desktop/Motor_Control/motor_controls.ws/install/ethercat_device_configurator/share/ethercat_sdk_master/local_setup.zsh
[81.044s] -- Installing: /home/hd/Desktop/Motor_Control/motor_controls.ws/install/ethercat_device_configurator/share/ethercat_sdk_master/local_setup.dsv
[81.044s] -- Installing: /home/hd/Desktop/Motor_Control/motor_controls.ws/install/ethercat_device_configurator/share/ethercat_sdk_master/package.dsv
[81.044s] -- Installing: /home/hd/Desktop/Motor_Control/motor_controls.ws/install/ethercat_device_configurator/share/ament_index/resource_index/packages/ethercat_sdk_master
[81.044s] -- Installing: /home/hd/Desktop/Motor_Control/motor_controls.ws/install/ethercat_device_configurator/share/ethercat_sdk_master/cmake/ethercat_sdk_masterConfig.cmake
[81.045s] -- Installing: /home/hd/Desktop/Motor_Control/motor_controls.ws/install/ethercat_device_configurator/share/ethercat_sdk_master/cmake/ethercat_sdk_masterConfig-version.cmake
[81.045s] -- Installing: /home/hd/Desktop/Motor_Control/motor_controls.ws/install/ethercat_device_configurator/share/ethercat_sdk_master/package.xml
[81.045s] -- Installing: /home/hd/Desktop/Motor_Control/motor_controls.ws/install/ethercat_device_configurator/lib/libmaxon_epos_ethercat_sdk.a
[81.051s] -- Installing: /home/hd/Desktop/Motor_Control/motor_controls.ws/install/ethercat_device_configurator/include/maxon_epos_ethercat_sdk
[81.051s] -- Installing: /home/hd/Desktop/Motor_Control/motor_controls.ws/install/ethercat_device_configurator/include/maxon_epos_ethercat_sdk/RxPdo.hpp
[81.052s] -- Installing: /home/hd/Desktop/Motor_Control/motor_controls.ws/install/ethercat_device_configurator/include/maxon_epos_ethercat_sdk/Maxon.hpp
[81.052s] -- Installing: /home/hd/Desktop/Motor_Control/motor_controls.ws/install/ethercat_device_configurator/include/maxon_epos_ethercat_sdk/TxPdo.hpp
[81.052s] -- Installing: /home/hd/Desktop/Motor_Control/motor_controls.ws/install/ethercat_device_configurator/include/maxon_epos_ethercat_sdk/ObjectDictionary.hpp
[81.052s] -- Installing: /home/hd/Desktop/Motor_Control/motor_controls.ws/install/ethercat_device_configurator/include/maxon_epos_ethercat_sdk/ModeOfOperationEnum.hpp
[81.053s] -- Installing: /home/hd/Desktop/Motor_Control/motor_controls.ws/install/ethercat_device_configurator/include/maxon_epos_ethercat_sdk/DriveState.hpp
[81.053s] -- Installing: /home/hd/Desktop/Motor_Control/motor_controls.ws/install/ethercat_device_configurator/include/maxon_epos_ethercat_sdk/Error.hpp
[81.053s] -- Installing: /home/hd/Desktop/Motor_Control/motor_controls.ws/install/ethercat_device_configurator/include/maxon_epos_ethercat_sdk/ConfigurationParser.hpp
[81.053s] -- Installing: /home/hd/Desktop/Motor_Control/motor_controls.ws/install/ethercat_device_configurator/include/maxon_epos_ethercat_sdk/Reading.hpp
[81.053s] -- Installing: /home/hd/Desktop/Motor_Control/motor_controls.ws/install/ethercat_device_configurator/include/maxon_epos_ethercat_sdk/PdoTypeEnum.hpp
[81.054s] -- Installing: /home/hd/Desktop/Motor_Control/motor_controls.ws/install/ethercat_device_configurator/include/maxon_epos_ethercat_sdk/Command.hpp
[81.054s] -- Installing: /home/hd/Desktop/Motor_Control/motor_controls.ws/install/ethercat_device_configurator/include/maxon_epos_ethercat_sdk/Controlword.hpp
[81.054s] -- Installing: /home/hd/Desktop/Motor_Control/motor_controls.ws/install/ethercat_device_configurator/include/maxon_epos_ethercat_sdk/Statusword.hpp
[81.055s] -- Installing: /home/hd/Desktop/Motor_Control/motor_controls.ws/install/ethercat_device_configurator/include/maxon_epos_ethercat_sdk/Configuration.hpp
[81.055s] -- Installing: /home/hd/Desktop/Motor_Control/motor_controls.ws/install/ethercat_device_configurator/share/ament_index/resource_index/package_run_dependencies/maxon_epos_ethercat_sdk
[81.055s] -- Installing: /home/hd/Desktop/Motor_Control/motor_controls.ws/install/ethercat_device_configurator/share/ament_index/resource_index/parent_prefix_path/maxon_epos_ethercat_sdk
[81.055s] -- Installing: /home/hd/Desktop/Motor_Control/motor_controls.ws/install/ethercat_device_configurator/share/maxon_epos_ethercat_sdk/environment/ament_prefix_path.sh
[81.056s] -- Installing: /home/hd/Desktop/Motor_Control/motor_controls.ws/install/ethercat_device_configurator/share/maxon_epos_ethercat_sdk/environment/ament_prefix_path.dsv
[81.056s] -- Installing: /home/hd/Desktop/Motor_Control/motor_controls.ws/install/ethercat_device_configurator/share/maxon_epos_ethercat_sdk/environment/path.sh
[81.056s] -- Installing: /home/hd/Desktop/Motor_Control/motor_controls.ws/install/ethercat_device_configurator/share/maxon_epos_ethercat_sdk/environment/path.dsv
[81.056s] -- Installing: /home/hd/Desktop/Motor_Control/motor_controls.ws/install/ethercat_device_configurator/share/maxon_epos_ethercat_sdk/local_setup.bash
[81.056s] -- Installing: /home/hd/Desktop/Motor_Control/motor_controls.ws/install/ethercat_device_configurator/share/maxon_epos_ethercat_sdk/local_setup.sh
[81.056s] -- Installing: /home/hd/Desktop/Motor_Control/motor_controls.ws/install/ethercat_device_configurator/share/maxon_epos_ethercat_sdk/local_setup.zsh
[81.056s] -- Installing: /home/hd/Desktop/Motor_Control/motor_controls.ws/install/ethercat_device_configurator/share/maxon_epos_ethercat_sdk/local_setup.dsv
[81.057s] -- Installing: /home/hd/Desktop/Motor_Control/motor_controls.ws/install/ethercat_device_configurator/share/maxon_epos_ethercat_sdk/package.dsv
[81.057s] -- Installing: /home/hd/Desktop/Motor_Control/motor_controls.ws/install/ethercat_device_configurator/share/ament_index/resource_index/packages/maxon_epos_ethercat_sdk
[81.057s] -- Installing: /home/hd/Desktop/Motor_Control/motor_controls.ws/install/ethercat_device_configurator/share/maxon_epos_ethercat_sdk/cmake/maxon_epos_ethercat_sdkConfig.cmake
[81.057s] -- Installing: /home/hd/Desktop/Motor_Control/motor_controls.ws/install/ethercat_device_configurator/share/maxon_epos_ethercat_sdk/cmake/maxon_epos_ethercat_sdkConfig-version.cmake
[81.057s] -- Installing: /home/hd/Desktop/Motor_Control/motor_controls.ws/install/ethercat_device_configurator/share/maxon_epos_ethercat_sdk/package.xml
[81.058s] -- Installing: /home/hd/Desktop/Motor_Control/motor_controls.ws/install/ethercat_device_configurator/lib/libmessage_logger.so
[81.058s] -- Set runtime path of "/home/hd/Desktop/Motor_Control/motor_controls.ws/install/ethercat_device_configurator/lib/libmessage_logger.so" to ""
[81.059s] -- Installing: /home/hd/Desktop/Motor_Control/motor_controls.ws/install/ethercat_device_configurator/include/message_logger
[81.060s] -- Installing: /home/hd/Desktop/Motor_Control/motor_controls.ws/install/ethercat_device_configurator/include/message_logger/time
[81.060s] -- Installing: /home/hd/Desktop/Motor_Control/motor_controls.ws/install/ethercat_device_configurator/include/message_logger/time/TimeStd.hpp
[81.060s] -- Installing: /home/hd/Desktop/Motor_Control/motor_controls.ws/install/ethercat_device_configurator/include/message_logger/time/Time.hpp
[81.060s] -- Installing: /home/hd/Desktop/Motor_Control/motor_controls.ws/install/ethercat_device_configurator/include/message_logger/message_logger.hpp
[81.060s] -- Installing: /home/hd/Desktop/Motor_Control/motor_controls.ws/install/ethercat_device_configurator/include/message_logger/common
[81.061s] -- Installing: /home/hd/Desktop/Motor_Control/motor_controls.ws/install/ethercat_device_configurator/include/message_logger/common/colors.hpp
[81.061s] -- Installing: /home/hd/Desktop/Motor_Control/motor_controls.ws/install/ethercat_device_configurator/include/message_logger/common/source_file_pos.hpp
[81.061s] -- Installing: /home/hd/Desktop/Motor_Control/motor_controls.ws/install/ethercat_device_configurator/include/message_logger/common/preprocessor_defines.hpp
[81.061s] -- Installing: /home/hd/Desktop/Motor_Control/motor_controls.ws/install/ethercat_device_configurator/include/message_logger/log
[81.061s] -- Installing: /home/hd/Desktop/Motor_Control/motor_controls.ws/install/ethercat_device_configurator/include/message_logger/log/log_messages_ros.hpp
[81.062s] -- Installing: /home/hd/Desktop/Motor_Control/motor_controls.ws/install/ethercat_device_configurator/include/message_logger/log/log_messages_std.hpp
[81.062s] -- Installing: /home/hd/Desktop/Motor_Control/motor_controls.ws/install/ethercat_device_configurator/include/message_logger/log/log_messages_backend_config.hpp
[81.063s] -- Installing: /home/hd/Desktop/Motor_Control/motor_controls.ws/install/ethercat_device_configurator/include/message_logger/log/log_messages_backend_config.hpp.in
[81.063s] -- Installing: /home/hd/Desktop/Motor_Control/motor_controls.ws/install/ethercat_device_configurator/include/message_logger/log/log_messages_backend.hpp
[81.063s] -- Installing: /home/hd/Desktop/Motor_Control/motor_controls.ws/install/ethercat_device_configurator/include/message_logger/log/log_messages.hpp
[81.063s] -- Installing: /home/hd/Desktop/Motor_Control/motor_controls.ws/install/ethercat_device_configurator/share/message_logger/environment/library_path.sh
[81.064s] -- Installing: /home/hd/Desktop/Motor_Control/motor_controls.ws/install/ethercat_device_configurator/share/message_logger/environment/library_path.dsv
[81.064s] -- Installing: /home/hd/Desktop/Motor_Control/motor_controls.ws/install/ethercat_device_configurator/share/ament_index/resource_index/package_run_dependencies/message_logger
[81.064s] -- Installing: /home/hd/Desktop/Motor_Control/motor_controls.ws/install/ethercat_device_configurator/share/ament_index/resource_index/parent_prefix_path/message_logger
[81.064s] -- Installing: /home/hd/Desktop/Motor_Control/motor_controls.ws/install/ethercat_device_configurator/share/message_logger/environment/ament_prefix_path.sh
[81.064s] -- Installing: /home/hd/Desktop/Motor_Control/motor_controls.ws/install/ethercat_device_configurator/share/message_logger/environment/ament_prefix_path.dsv
[81.065s] -- Installing: /home/hd/Desktop/Motor_Control/motor_controls.ws/install/ethercat_device_configurator/share/message_logger/environment/path.sh
[81.065s] -- Installing: /home/hd/Desktop/Motor_Control/motor_controls.ws/install/ethercat_device_configurator/share/message_logger/environment/path.dsv
[81.065s] -- Installing: /home/hd/Desktop/Motor_Control/motor_controls.ws/install/ethercat_device_configurator/share/message_logger/local_setup.bash
[81.065s] -- Installing: /home/hd/Desktop/Motor_Control/motor_controls.ws/install/ethercat_device_configurator/share/message_logger/local_setup.sh
[81.066s] -- Installing: /home/hd/Desktop/Motor_Control/motor_controls.ws/install/ethercat_device_configurator/share/message_logger/local_setup.zsh
[81.066s] -- Installing: /home/hd/Desktop/Motor_Control/motor_controls.ws/install/ethercat_device_configurator/share/message_logger/local_setup.dsv
[81.066s] -- Installing: /home/hd/Desktop/Motor_Control/motor_controls.ws/install/ethercat_device_configurator/share/message_logger/package.dsv
[81.066s] -- Installing: /home/hd/Desktop/Motor_Control/motor_controls.ws/install/ethercat_device_configurator/share/ament_index/resource_index/packages/message_logger
[81.066s] -- Installing: /home/hd/Desktop/Motor_Control/motor_controls.ws/install/ethercat_device_configurator/share/message_logger/cmake/ament_cmake_export_include_directories-extras.cmake
[81.067s] -- Installing: /home/hd/Desktop/Motor_Control/motor_controls.ws/install/ethercat_device_configurator/share/message_logger/cmake/ament_cmake_export_libraries-extras.cmake
[81.067s] -- Installing: /home/hd/Desktop/Motor_Control/motor_controls.ws/install/ethercat_device_configurator/share/message_logger/cmake/message_loggerConfig.cmake
[81.067s] -- Installing: /home/hd/Desktop/Motor_Control/motor_controls.ws/install/ethercat_device_configurator/share/message_logger/cmake/message_loggerConfig-version.cmake
[81.067s] -- Installing: /home/hd/Desktop/Motor_Control/motor_controls.ws/install/ethercat_device_configurator/share/message_logger/package.xml
[81.067s] -- Installing: /home/hd/Desktop/Motor_Control/motor_controls.ws/install/ethercat_device_configurator/share/ament_index/resource_index/package_run_dependencies/soem_rsl
[81.067s] -- Installing: /home/hd/Desktop/Motor_Control/motor_controls.ws/install/ethercat_device_configurator/share/ament_index/resource_index/parent_prefix_path/soem_rsl
[81.068s] -- Installing: /home/hd/Desktop/Motor_Control/motor_controls.ws/install/ethercat_device_configurator/share/soem_rsl/environment/ament_prefix_path.sh
[81.068s] -- Installing: /home/hd/Desktop/Motor_Control/motor_controls.ws/install/ethercat_device_configurator/share/soem_rsl/environment/ament_prefix_path.dsv
[81.068s] -- Installing: /home/hd/Desktop/Motor_Control/motor_controls.ws/install/ethercat_device_configurator/share/soem_rsl/environment/path.sh
[81.069s] -- Installing: /home/hd/Desktop/Motor_Control/motor_controls.ws/install/ethercat_device_configurator/share/soem_rsl/environment/path.dsv
[81.069s] -- Installing: /home/hd/Desktop/Motor_Control/motor_controls.ws/install/ethercat_device_configurator/share/soem_rsl/local_setup.bash
[81.070s] -- Installing: /home/hd/Desktop/Motor_Control/motor_controls.ws/install/ethercat_device_configurator/share/soem_rsl/local_setup.sh
[81.070s] -- Installing: /home/hd/Desktop/Motor_Control/motor_controls.ws/install/ethercat_device_configurator/share/soem_rsl/local_setup.zsh
[81.071s] -- Installing: /home/hd/Desktop/Motor_Control/motor_controls.ws/install/ethercat_device_configurator/share/soem_rsl/local_setup.dsv
[81.071s] -- Installing: /home/hd/Desktop/Motor_Control/motor_controls.ws/install/ethercat_device_configurator/share/soem_rsl/package.dsv
[81.071s] -- Installing: /home/hd/Desktop/Motor_Control/motor_controls.ws/install/ethercat_device_configurator/share/ament_index/resource_index/packages/soem_rsl
[81.071s] -- Installing: /home/hd/Desktop/Motor_Control/motor_controls.ws/install/ethercat_device_configurator/share/soem_rsl/cmake/soem_rslConfig.cmake
[81.071s] -- Installing: /home/hd/Desktop/Motor_Control/motor_controls.ws/install/ethercat_device_configurator/share/soem_rsl/cmake/soem_rslConfig-version.cmake
[81.072s] -- Installing: /home/hd/Desktop/Motor_Control/motor_controls.ws/install/ethercat_device_configurator/share/soem_rsl/package.xml
[81.072s] -- Up-to-date: /home/hd/Desktop/Motor_Control/motor_controls.ws/install/ethercat_device_configurator/include
[81.072s] -- Installing: /home/hd/Desktop/Motor_Control/motor_controls.ws/install/ethercat_device_configurator/include/EthercatBusManagerBase.hpp
[81.072s] -- Installing: /home/hd/Desktop/Motor_Control/motor_controls.ws/install/ethercat_device_configurator/include/EthercatSlaveBase.hpp
[81.072s] -- Installing: /home/hd/Desktop/Motor_Control/motor_controls.ws/install/ethercat_device_configurator/include/common
[81.073s] -- Installing: /home/hd/Desktop/Motor_Control/motor_controls.ws/install/ethercat_device_configurator/include/common/Macros.hpp
[81.073s] -- Installing: /home/hd/Desktop/Motor_Control/motor_controls.ws/install/ethercat_device_configurator/include/common/ThreadSleep.hpp
[81.073s] -- Installing: /home/hd/Desktop/Motor_Control/motor_controls.ws/install/ethercat_device_configurator/include/EthercatBusBase.hpp
[81.073s] -- Installing: /home/hd/Desktop/Motor_Control/motor_controls.ws/install/ethercat_device_configurator/share/ament_index/resource_index/package_run_dependencies/soem_interface
[81.074s] -- Installing: /home/hd/Desktop/Motor_Control/motor_controls.ws/install/ethercat_device_configurator/share/ament_index/resource_index/parent_prefix_path/soem_interface
[81.074s] -- Installing: /home/hd/Desktop/Motor_Control/motor_controls.ws/install/ethercat_device_configurator/share/soem_interface/environment/ament_prefix_path.sh
[81.074s] -- Installing: /home/hd/Desktop/Motor_Control/motor_controls.ws/install/ethercat_device_configurator/share/soem_interface/environment/ament_prefix_path.dsv
[81.075s] -- Installing: /home/hd/Desktop/Motor_Control/motor_controls.ws/install/ethercat_device_configurator/share/soem_interface/environment/path.sh
[81.075s] -- Installing: /home/hd/Desktop/Motor_Control/motor_controls.ws/install/ethercat_device_configurator/share/soem_interface/environment/path.dsv
[81.075s] -- Installing: /home/hd/Desktop/Motor_Control/motor_controls.ws/install/ethercat_device_configurator/share/soem_interface/local_setup.bash
[81.075s] -- Installing: /home/hd/Desktop/Motor_Control/motor_controls.ws/install/ethercat_device_configurator/share/soem_interface/local_setup.sh
[81.076s] -- Installing: /home/hd/Desktop/Motor_Control/motor_controls.ws/install/ethercat_device_configurator/share/soem_interface/local_setup.zsh
[81.076s] -- Installing: /home/hd/Desktop/Motor_Control/motor_controls.ws/install/ethercat_device_configurator/share/soem_interface/local_setup.dsv
[81.076s] -- Installing: /home/hd/Desktop/Motor_Control/motor_controls.ws/install/ethercat_device_configurator/share/soem_interface/package.dsv
[81.076s] -- Installing: /home/hd/Desktop/Motor_Control/motor_controls.ws/install/ethercat_device_configurator/share/ament_index/resource_index/packages/soem_interface
[81.076s] -- Installing: /home/hd/Desktop/Motor_Control/motor_controls.ws/install/ethercat_device_configurator/share/soem_interface/cmake/soem_interfaceConfig.cmake
[81.076s] -- Installing: /home/hd/Desktop/Motor_Control/motor_controls.ws/install/ethercat_device_configurator/share/soem_interface/cmake/soem_interfaceConfig-version.cmake
[81.076s] -- Installing: /home/hd/Desktop/Motor_Control/motor_controls.ws/install/ethercat_device_configurator/share/soem_interface/package.xml
[81.088s] Invoked command in '/home/hd/Desktop/Motor_Control/motor_controls.ws/build/ethercat_device_configurator' returned '0': CMAKE_PREFIX_PATH=${CMAKE_PREFIX_PATH}:/opt/ros/foxy:/home/hd/ros2_foxy/install/ros2bag:/home/hd/ros2_foxy/install/tracetools_launch:/home/hd/ros2_foxy/install/topic_monitor:/home/hd/ros2_foxy/install/examples_tf2_py:/home/hd/ros2_foxy/install/sros2:/home/hd/ros2_foxy/install/rqt_topic:/home/hd/ros2_foxy/install/rqt_top:/home/hd/ros2_foxy/install/rqt_srv:/home/hd/ros2_foxy/install/rqt_shell:/home/hd/ros2_foxy/install/rqt_service_caller:/home/hd/ros2_foxy/install/rqt_reconfigure:/home/hd/ros2_foxy/install/rqt_py_console:/home/hd/ros2_foxy/install/rqt_publisher:/home/hd/ros2_foxy/install/rqt_plot:/home/hd/ros2_foxy/install/rqt_action:/home/hd/ros2_foxy/install/rqt_msg:/home/hd/ros2_foxy/install/rqt_console:/home/hd/ros2_foxy/install/rqt:/home/hd/ros2_foxy/install/rqt_graph:/home/hd/ros2_foxy/install/rqt_gui_py:/home/hd/ros2_foxy/install/rqt_gui:/home/hd/ros2_foxy/install/ros2trace:/home/hd/ros2_foxy/install/ros2topic:/home/hd/ros2_foxy/install/ros2test:/home/hd/ros2_foxy/install/ros2component:/home/hd/ros2_foxy/install/ros2param:/home/hd/ros2_foxy/install/ros2lifecycle:/home/hd/ros2_foxy/install/ros2service:/home/hd/ros2_foxy/install/ros2run:/home/hd/ros2_foxy/install/ros2launch:/home/hd/ros2_foxy/install/ros2pkg:/home/hd/ros2_foxy/install/ros2node:/home/hd/ros2_foxy/install/ros2multicast:/home/hd/ros2_foxy/install/ros2interface:/home/hd/ros2_foxy/install/ros2doctor:/home/hd/ros2_foxy/install/ros2action:/home/hd/ros2_foxy/install/ros2cli:/home/hd/ros2_foxy/install/quality_of_service_demo_py:/home/hd/ros2_foxy/install/launch_testing_ros:/home/hd/ros2_foxy/install/launch_ros:/home/hd/ros2_foxy/install/joystick_ros2:/home/hd/ros2_foxy/install/examples_rclpy_minimal_subscriber:/home/hd/ros2_foxy/install/examples_rclpy_minimal_service:/home/hd/ros2_foxy/install/examples_rclpy_minimal_publisher:/home/hd/ros2_foxy/install/examples_rclpy_minimal_client:/home/hd/ros2_foxy/install/examples_rclpy_minimal_action_server:/home/hd/ros2_foxy/install/examples_rclpy_minimal_action_client:/home/hd/ros2_foxy/install/examples_rclpy_executors:/home/hd/ros2_foxy/install/demo_nodes_py:/home/hd/ros2_foxy/install/action_tutorials_py:/home/hd/ros2_foxy/install/ament_uncrustify:/home/hd/ros2_foxy/install/tracetools_trace:/home/hd/ros2_foxy/install/tracetools_read:/home/hd/ros2_foxy/install/test_launch_ros:/home/hd/ros2_foxy/install/sensor_msgs_py:/home/hd/ros2_foxy/install/rpyutils:/home/hd/ros2_foxy/install/rosidl_runtime_py:/home/hd/ros2_foxy/install/launch_yaml:/home/hd/ros2_foxy/install/launch_xml:/home/hd/ros2_foxy/install/launch_testing:/home/hd/ros2_foxy/install/launch:/home/hd/ros2_foxy/install/osrf_pycommon:/home/hd/ros2_foxy/install/domain_coordinator:/home/hd/ros2_foxy/install/ament_xmllint:/home/hd/ros2_foxy/install/ament_pyflakes:/home/hd/ros2_foxy/install/ament_pycodestyle:/home/hd/ros2_foxy/install/ament_pep257:/home/hd/ros2_foxy/install/ament_pclint:/home/hd/ros2_foxy/install/ament_package:/home/hd/ros2_foxy/install/ament_mypy:/home/hd/ros2_foxy/install/ament_lint_cmake:/home/hd/ros2_foxy/install/ament_flake8:/home/hd/ros2_foxy/install/ament_copyright:/home/hd/ros2_foxy/install/ament_lint:/home/hd/ros2_foxy/install/ament_index_python:/home/hd/ros2_foxy/install/ament_cpplint:/home/hd/ros2_foxy/install/ament_cppcheck:/home/hd/ros2_foxy/install/ament_clang_tidy:/home/hd/ros2_foxy/install/ament_clang_format /usr/bin/cmake --install /home/hd/Desktop/Motor_Control/motor_controls.ws/build/ethercat_device_configurator
