[  8%] Built target coucou__rosidl_generator_c
[ 13%] Built target talker
[ 16%] Built target coucou__cpp
[ 24%] Built target coucou__rosidl_typesupport_introspection_c
[ 32%] Built target coucou__rosidl_typesupport_c
[ 40%] Built target coucou__rosidl_typesupport_cpp
[35m[1mScanning dependencies of target suscriber_test[0m
[ 45%] Built target suscriber
[ 48%] [32mBuilding CXX object CMakeFiles/suscriber_test.dir/src/read_test.cpp.o[0m
[ 51%] [34m[1mGenerating C++ type support for eProsima Fast-RTPS[0m
[35m[1mScanning dependencies of target coucou__rosidl_typesupport_fastrtps_cpp[0m
[ 54%] [32mBuilding CXX object CMakeFiles/coucou__rosidl_typesupport_fastrtps_cpp.dir/rosidl_typesupport_fastrtps_cpp/coucou/msg/detail/dds_fastrtps/motor_command__type_support.cpp.o[0m
[ 56%] [32m[1mLinking CXX shared library libcoucou__rosidl_typesupport_fastrtps_cpp.so[0m
[ 56%] Built target coucou__rosidl_typesupport_fastrtps_cpp
[ 64%] Built target coucou__rosidl_typesupport_introspection_cpp
[ 67%] [34m[1mGenerating C type support for eProsima Fast-RTPS[0m
[35m[1mScanning dependencies of target coucou__rosidl_typesupport_fastrtps_c[0m
[ 70%] [32mBuilding CXX object CMakeFiles/coucou__rosidl_typesupport_fastrtps_c.dir/rosidl_typesupport_fastrtps_c/coucou/msg/detail/motor_command__type_support_c.cpp.o[0m
[ 72%] [32m[1mLinking CXX shared library libcoucou__rosidl_typesupport_fastrtps_c.so[0m
[ 72%] Built target coucou__rosidl_typesupport_fastrtps_c
