[0.726s] Invoking command in '/home/alex/Desktop/xplore/NAV_workspace/nav_ws/src/controller': PYTHONPATH=/home/alex/Desktop/xplore/NAV_workspace/nav_ws/src/controller/build/controller/prefix_override:/home/alex/Desktop/xplore/NAV_workspace/nav_ws/src/controller/install/controller/lib/python3.8/site-packages:${PYTHONPATH} /usr/bin/python3 setup.py egg_info --egg-base build/controller build --build-base /home/alex/Desktop/xplore/NAV_workspace/nav_ws/src/controller/build/controller/build install --record /home/alex/Desktop/xplore/NAV_workspace/nav_ws/src/controller/build/controller/install.log --install-scripts $base/lib/controller --single-version-externally-managed
[0.937s] running egg_info
[0.938s] writing build/controller/controller.egg-info/PKG-INFO
[0.939s] writing dependency_links to build/controller/controller.egg-info/dependency_links.txt
[0.939s] writing entry points to build/controller/controller.egg-info/entry_points.txt
[0.943s] writing requirements to build/controller/controller.egg-info/requires.txt
[0.944s] writing top-level names to build/controller/controller.egg-info/top_level.txt
[0.976s] reading manifest file 'build/controller/controller.egg-info/SOURCES.txt'
[0.977s] writing manifest file 'build/controller/controller.egg-info/SOURCES.txt'
[0.978s] running build
[0.979s] running build_py
[0.980s] copying controller/controller_publisher.py -> /home/alex/Desktop/xplore/NAV_workspace/nav_ws/src/controller/build/controller/build/lib/controller
[0.980s] running install
[0.982s] running install_lib
[0.984s] copying /home/alex/Desktop/xplore/NAV_workspace/nav_ws/src/controller/build/controller/build/lib/controller/controller_publisher.py -> /home/alex/Desktop/xplore/NAV_workspace/nav_ws/src/controller/install/controller/lib/python3.8/site-packages/controller
[0.985s] byte-compiling /home/alex/Desktop/xplore/NAV_workspace/nav_ws/src/controller/install/controller/lib/python3.8/site-packages/controller/controller_publisher.py to controller_publisher.cpython-38.pyc
[0.987s] running install_data
[0.988s] running install_egg_info
[0.991s] removing '/home/alex/Desktop/xplore/NAV_workspace/nav_ws/src/controller/install/controller/lib/python3.8/site-packages/controller-0.0.0-py3.8.egg-info' (and everything under it)
[0.999s] Copying build/controller/controller.egg-info to /home/alex/Desktop/xplore/NAV_workspace/nav_ws/src/controller/install/controller/lib/python3.8/site-packages/controller-0.0.0-py3.8.egg-info
[1.003s] running install_scripts
[1.021s] Installing listener script to /home/alex/Desktop/xplore/NAV_workspace/nav_ws/src/controller/install/controller/lib/controller
[1.022s] Installing talker script to /home/alex/Desktop/xplore/NAV_workspace/nav_ws/src/controller/install/controller/lib/controller
[1.023s] writing list of installed files to '/home/alex/Desktop/xplore/NAV_workspace/nav_ws/src/controller/build/controller/install.log'
[1.055s] Invoked command in '/home/alex/Desktop/xplore/NAV_workspace/nav_ws/src/controller' returned '0': PYTHONPATH=/home/alex/Desktop/xplore/NAV_workspace/nav_ws/src/controller/build/controller/prefix_override:/home/alex/Desktop/xplore/NAV_workspace/nav_ws/src/controller/install/controller/lib/python3.8/site-packages:${PYTHONPATH} /usr/bin/python3 setup.py egg_info --egg-base build/controller build --build-base /home/alex/Desktop/xplore/NAV_workspace/nav_ws/src/controller/build/controller/build install --record /home/alex/Desktop/xplore/NAV_workspace/nav_ws/src/controller/build/controller/install.log --install-scripts $base/lib/controller --single-version-externally-managed
