-- Found ament_cmake: 0.9.11 (/home/hd/ros2_foxy/install/ament_cmake/share/ament_cmake/cmake)
-- Found PythonInterp: /usr/bin/python3 (found suitable version "3.8.10", minimum required is "3") 
-- Using PYTHON_EXECUTABLE: /usr/bin/python3
-- Found rclcpp: 2.4.2 (/home/hd/ros2_foxy/install/rclcpp/share/rclcpp/cmake)
-- Using all available rosidl_typesupport_c: rosidl_typesupport_fastrtps_c;rosidl_typesupport_introspection_c
-- Found rosidl_adapter: 1.3.0 (/home/hd/ros2_foxy/install/rosidl_adapter/share/rosidl_adapter/cmake)
-- Using all available rosidl_typesupport_cpp: rosidl_typesupport_fastrtps_cpp;rosidl_typesupport_introspection_cpp
-- Found rmw_implementation_cmake: 1.0.4 (/home/hd/ros2_foxy/install/rmw_implementation_cmake/share/rmw_implementation_cmake/cmake)
-- Using RMW implementation 'rmw_fastrtps_cpp' as default
-- Found sensor_msgs: 2.0.5 (/home/hd/ros2_foxy/install/sensor_msgs/share/sensor_msgs/cmake)
-- Found rosidl_default_generators: 1.0.1 (/home/hd/ros2_foxy/install/rosidl_default_generators/share/rosidl_default_generators/cmake)
-- Found PythonInterp: /usr/bin/python3 (found version "3.8.10") 
-- Found ament_cmake_ros: 0.9.2 (/home/hd/ros2_foxy/install/ament_cmake_ros/share/ament_cmake_ros/cmake)
-- Using all available rosidl_typesupport_c: rosidl_typesupport_fastrtps_c;rosidl_typesupport_introspection_c
-- Using all available rosidl_typesupport_cpp: rosidl_typesupport_fastrtps_cpp;rosidl_typesupport_introspection_cpp
-- Found PythonInterp: /usr/bin/python3 (found suitable version "3.8.10", minimum required is "3.5") 
-- Found python_cmake_module: 0.8.1 (/home/hd/ros2_foxy/install/python_cmake_module/share/python_cmake_module/cmake)
-- Found PythonLibs: /usr/lib/x86_64-linux-gnu/libpython3.8.so (found suitable version "3.8.10", minimum required is "3.5") 
-- Using PYTHON_EXECUTABLE: /usr/bin/python3
-- Using PYTHON_INCLUDE_DIRS: /usr/include/python3.8
-- Using PYTHON_LIBRARIES: /usr/lib/x86_64-linux-gnu/libpython3.8.so
-- Found PythonExtra: .so  
-- Configuring done
-- Generating done
-- Build files have been written to: /home/hd/Desktop/Motor_Control/motor_controls.ws/build/coucou
[  2%] [34m[1mGenerating C code for ROS interfaces[0m
[35m[1mScanning dependencies of target talker[0m
[  5%] [32mBuilding CXX object CMakeFiles/talker.dir/src/send.cpp.o[0m
[35m[1mScanning dependencies of target coucou__rosidl_generator_c[0m
[  8%] [32mBuilding C object CMakeFiles/coucou__rosidl_generator_c.dir/rosidl_generator_c/coucou/msg/detail/motor_command__functions.c.o[0m
[ 10%] [32m[1mLinking C shared library libcoucou__rosidl_generator_c.so[0m
[ 10%] Built target coucou__rosidl_generator_c
[35m[1mScanning dependencies of target coucou__cpp[0m
[ 13%] [34m[1mGenerating C++ code for ROS interfaces[0m
[ 13%] Built target coucou__cpp
[ 16%] [34m[1mGenerating C introspection for ROS interfaces[0m
[35m[1mScanning dependencies of target coucou__rosidl_typesupport_introspection_c[0m
[ 18%] [32mBuilding C object CMakeFiles/coucou__rosidl_typesupport_introspection_c.dir/rosidl_typesupport_introspection_c/coucou/msg/detail/motor_command__type_support.c.o[0m
[ 21%] [32m[1mLinking C shared library libcoucou__rosidl_typesupport_introspection_c.so[0m
[ 21%] Built target coucou__rosidl_typesupport_introspection_c
[ 24%] [34m[1mGenerating C++ introspection for ROS interfaces[0m
[35m[1mScanning dependencies of target coucou__rosidl_typesupport_introspection_cpp[0m
[ 27%] [32mBuilding CXX object CMakeFiles/coucou__rosidl_typesupport_introspection_cpp.dir/rosidl_typesupport_introspection_cpp/coucou/msg/detail/motor_command__type_support.cpp.o[0m
[ 29%] [32m[1mLinking CXX executable talker[0m
[ 32%] [32m[1mLinking CXX shared library libcoucou__rosidl_typesupport_introspection_cpp.so[0m
[ 32%] Built target coucou__rosidl_typesupport_introspection_cpp
[ 35%] [34m[1mGenerating C type support dispatch for ROS interfaces[0m
[ 35%] Built target talker
[ 37%] [34m[1mGenerating C++ type support dispatch for ROS interfaces[0m
[35m[1mScanning dependencies of target coucou__rosidl_typesupport_cpp[0m
[35m[1mScanning dependencies of target coucou__rosidl_typesupport_c[0m
[ 40%] [32mBuilding CXX object CMakeFiles/coucou__rosidl_typesupport_cpp.dir/rosidl_typesupport_cpp/coucou/msg/motor_command__type_support.cpp.o[0m
[ 43%] [32mBuilding CXX object CMakeFiles/coucou__rosidl_typesupport_c.dir/rosidl_typesupport_c/coucou/msg/motor_command__type_support.cpp.o[0m
[ 45%] [32m[1mLinking CXX shared library libcoucou__rosidl_typesupport_c.so[0m
[ 45%] Built target coucou__rosidl_typesupport_c
[35m[1mScanning dependencies of target suscriber[0m
[ 48%] [32mBuilding CXX object CMakeFiles/suscriber.dir/src/read.cpp.o[0m
[ 51%] [32m[1mLinking CXX shared library libcoucou__rosidl_typesupport_cpp.so[0m
[ 51%] Built target coucou__rosidl_typesupport_cpp
[35m[1mScanning dependencies of target suscriber_test[0m
[ 54%] [32mBuilding CXX object CMakeFiles/suscriber_test.dir/src/read_test.cpp.o[0m
[01m[K/home/hd/Desktop/Motor_Control/motor_controls.ws/src/coucou/src/read_test.cpp:4:10:[m[K [01;31m[Kfatal error: [m[KMotorCommand.h: No such file or directory
    4 | #include [01;31m[K"MotorCommand.h"[m[K
      |          [01;31m[K^~~~~~~~~~~~~~~~[m[K
compilation terminated.
make[2]: *** [CMakeFiles/suscriber_test.dir/build.make:63: CMakeFiles/suscriber_test.dir/src/read_test.cpp.o] Error 1
make[1]: *** [CMakeFiles/Makefile2:441: CMakeFiles/suscriber_test.dir/all] Error 2
make[1]: *** Waiting for unfinished jobs....
[ 56%] [32m[1mLinking CXX executable suscriber[0m
[ 56%] Built target suscriber
make: *** [Makefile:141: all] Error 2
