[0.813s] Invoking command in '/home/alex/Desktop/xplore/NAV_workspace/nav_ws/src/controller': PYTHONPATH=/home/alex/Desktop/xplore/NAV_workspace/nav_ws/src/controller/build/controller/prefix_override:/home/alex/Desktop/xplore/NAV_workspace/nav_ws/src/controller/install/controller/lib/python3.8/site-packages:${PYTHONPATH} /usr/bin/python3 setup.py egg_info --egg-base build/controller build --build-base /home/alex/Desktop/xplore/NAV_workspace/nav_ws/src/controller/build/controller/build install --record /home/alex/Desktop/xplore/NAV_workspace/nav_ws/src/controller/build/controller/install.log --install-scripts $base/lib/controller --single-version-externally-managed
[1.011s] running egg_info
[1.012s] writing build/controller/controller.egg-info/PKG-INFO
[1.013s] writing dependency_links to build/controller/controller.egg-info/dependency_links.txt
[1.014s] writing entry points to build/controller/controller.egg-info/entry_points.txt
[1.016s] writing requirements to build/controller/controller.egg-info/requires.txt
[1.017s] writing top-level names to build/controller/controller.egg-info/top_level.txt
[1.054s] reading manifest file 'build/controller/controller.egg-info/SOURCES.txt'
[1.055s] writing manifest file 'build/controller/controller.egg-info/SOURCES.txt'
[1.055s] running build
[1.056s] running build_py
[1.056s] running install
[1.057s] running install_lib
[1.059s] running install_data
[1.060s] running install_egg_info
[1.061s] removing '/home/alex/Desktop/xplore/NAV_workspace/nav_ws/src/controller/install/controller/lib/python3.8/site-packages/controller-0.0.0-py3.8.egg-info' (and everything under it)
[1.070s] Copying build/controller/controller.egg-info to /home/alex/Desktop/xplore/NAV_workspace/nav_ws/src/controller/install/controller/lib/python3.8/site-packages/controller-0.0.0-py3.8.egg-info
[1.073s] running install_scripts
[1.089s] Installing listener script to /home/alex/Desktop/xplore/NAV_workspace/nav_ws/src/controller/install/controller/lib/controller
[1.089s] Installing talker script to /home/alex/Desktop/xplore/NAV_workspace/nav_ws/src/controller/install/controller/lib/controller
[1.090s] writing list of installed files to '/home/alex/Desktop/xplore/NAV_workspace/nav_ws/src/controller/build/controller/install.log'
[1.121s] Invoked command in '/home/alex/Desktop/xplore/NAV_workspace/nav_ws/src/controller' returned '0': PYTHONPATH=/home/alex/Desktop/xplore/NAV_workspace/nav_ws/src/controller/build/controller/prefix_override:/home/alex/Desktop/xplore/NAV_workspace/nav_ws/src/controller/install/controller/lib/python3.8/site-packages:${PYTHONPATH} /usr/bin/python3 setup.py egg_info --egg-base build/controller build --build-base /home/alex/Desktop/xplore/NAV_workspace/nav_ws/src/controller/build/controller/build install --record /home/alex/Desktop/xplore/NAV_workspace/nav_ws/src/controller/build/controller/install.log --install-scripts $base/lib/controller --single-version-externally-managed
