[0.172s] Invoking command in '/home/hd/Desktop/motor_controls.ws/build/ethercat_device_configurator': CMAKE_PREFIX_PATH=${CMAKE_PREFIX_PATH}:/opt/ros/foxy:/home/hd/ros2_foxy/install/ros2bag:/home/hd/ros2_foxy/install/tracetools_launch:/home/hd/ros2_foxy/install/topic_monitor:/home/hd/ros2_foxy/install/examples_tf2_py:/home/hd/ros2_foxy/install/sros2:/home/hd/ros2_foxy/install/rqt_topic:/home/hd/ros2_foxy/install/rqt_top:/home/hd/ros2_foxy/install/rqt_srv:/home/hd/ros2_foxy/install/rqt_shell:/home/hd/ros2_foxy/install/rqt_service_caller:/home/hd/ros2_foxy/install/rqt_reconfigure:/home/hd/ros2_foxy/install/rqt_py_console:/home/hd/ros2_foxy/install/rqt_publisher:/home/hd/ros2_foxy/install/rqt_plot:/home/hd/ros2_foxy/install/rqt_action:/home/hd/ros2_foxy/install/rqt_msg:/home/hd/ros2_foxy/install/rqt_console:/home/hd/ros2_foxy/install/rqt:/home/hd/ros2_foxy/install/rqt_graph:/home/hd/ros2_foxy/install/rqt_gui_py:/home/hd/ros2_foxy/install/rqt_gui:/home/hd/ros2_foxy/install/ros2trace:/home/hd/ros2_foxy/install/ros2topic:/home/hd/ros2_foxy/install/ros2test:/home/hd/ros2_foxy/install/ros2component:/home/hd/ros2_foxy/install/ros2param:/home/hd/ros2_foxy/install/ros2lifecycle:/home/hd/ros2_foxy/install/ros2service:/home/hd/ros2_foxy/install/ros2run:/home/hd/ros2_foxy/install/ros2launch:/home/hd/ros2_foxy/install/ros2pkg:/home/hd/ros2_foxy/install/ros2node:/home/hd/ros2_foxy/install/ros2multicast:/home/hd/ros2_foxy/install/ros2interface:/home/hd/ros2_foxy/install/ros2doctor:/home/hd/ros2_foxy/install/ros2action:/home/hd/ros2_foxy/install/ros2cli:/home/hd/ros2_foxy/install/quality_of_service_demo_py:/home/hd/ros2_foxy/install/launch_testing_ros:/home/hd/ros2_foxy/install/launch_ros:/home/hd/ros2_foxy/install/joystick_ros2:/home/hd/ros2_foxy/install/examples_rclpy_minimal_subscriber:/home/hd/ros2_foxy/install/examples_rclpy_minimal_service:/home/hd/ros2_foxy/install/examples_rclpy_minimal_publisher:/home/hd/ros2_foxy/install/examples_rclpy_minimal_client:/home/hd/ros2_foxy/install/examples_rclpy_minimal_action_server:/home/hd/ros2_foxy/install/examples_rclpy_minimal_action_client:/home/hd/ros2_foxy/install/examples_rclpy_executors:/home/hd/ros2_foxy/install/demo_nodes_py:/home/hd/ros2_foxy/install/action_tutorials_py:/home/hd/ros2_foxy/install/ament_uncrustify:/home/hd/ros2_foxy/install/tracetools_trace:/home/hd/ros2_foxy/install/tracetools_read:/home/hd/ros2_foxy/install/test_launch_ros:/home/hd/ros2_foxy/install/sensor_msgs_py:/home/hd/ros2_foxy/install/rpyutils:/home/hd/ros2_foxy/install/rosidl_runtime_py:/home/hd/ros2_foxy/install/launch_yaml:/home/hd/ros2_foxy/install/launch_xml:/home/hd/ros2_foxy/install/launch_testing:/home/hd/ros2_foxy/install/launch:/home/hd/ros2_foxy/install/osrf_pycommon:/home/hd/ros2_foxy/install/domain_coordinator:/home/hd/ros2_foxy/install/ament_xmllint:/home/hd/ros2_foxy/install/ament_pyflakes:/home/hd/ros2_foxy/install/ament_pycodestyle:/home/hd/ros2_foxy/install/ament_pep257:/home/hd/ros2_foxy/install/ament_pclint:/home/hd/ros2_foxy/install/ament_package:/home/hd/ros2_foxy/install/ament_mypy:/home/hd/ros2_foxy/install/ament_lint_cmake:/home/hd/ros2_foxy/install/ament_flake8:/home/hd/ros2_foxy/install/ament_copyright:/home/hd/ros2_foxy/install/ament_lint:/home/hd/ros2_foxy/install/ament_index_python:/home/hd/ros2_foxy/install/ament_cpplint:/home/hd/ros2_foxy/install/ament_cppcheck:/home/hd/ros2_foxy/install/ament_clang_tidy:/home/hd/ros2_foxy/install/ament_clang_format /usr/bin/cmake --build /home/hd/Desktop/motor_controls.ws/build/ethercat_device_configurator -- -j2 -l2
[1.318s] [  9%] Built target soem_interface
[1.476s] [ 48%] Built target yaml-cpp
[1.695s] [ 51%] Built target ethercat_sdk_master
[1.805s] [ 55%] Built target message_logger
[1.981s] [ 69%] Built target soem
[2.105s] [ 72%] Built target yaml-cpp-read
[2.263s] [ 74%] Built target yaml-cpp-parse
[2.377s] [ 77%] Built target yaml-cpp-sandbox
[2.566s] [ 92%] Built target maxon_epos_ethercat_sdk
[2.817s] [100%] Built target standalone
[2.972s] Invoked command in '/home/hd/Desktop/motor_controls.ws/build/ethercat_device_configurator' returned '0': CMAKE_PREFIX_PATH=${CMAKE_PREFIX_PATH}:/opt/ros/foxy:/home/hd/ros2_foxy/install/ros2bag:/home/hd/ros2_foxy/install/tracetools_launch:/home/hd/ros2_foxy/install/topic_monitor:/home/hd/ros2_foxy/install/examples_tf2_py:/home/hd/ros2_foxy/install/sros2:/home/hd/ros2_foxy/install/rqt_topic:/home/hd/ros2_foxy/install/rqt_top:/home/hd/ros2_foxy/install/rqt_srv:/home/hd/ros2_foxy/install/rqt_shell:/home/hd/ros2_foxy/install/rqt_service_caller:/home/hd/ros2_foxy/install/rqt_reconfigure:/home/hd/ros2_foxy/install/rqt_py_console:/home/hd/ros2_foxy/install/rqt_publisher:/home/hd/ros2_foxy/install/rqt_plot:/home/hd/ros2_foxy/install/rqt_action:/home/hd/ros2_foxy/install/rqt_msg:/home/hd/ros2_foxy/install/rqt_console:/home/hd/ros2_foxy/install/rqt:/home/hd/ros2_foxy/install/rqt_graph:/home/hd/ros2_foxy/install/rqt_gui_py:/home/hd/ros2_foxy/install/rqt_gui:/home/hd/ros2_foxy/install/ros2trace:/home/hd/ros2_foxy/install/ros2topic:/home/hd/ros2_foxy/install/ros2test:/home/hd/ros2_foxy/install/ros2component:/home/hd/ros2_foxy/install/ros2param:/home/hd/ros2_foxy/install/ros2lifecycle:/home/hd/ros2_foxy/install/ros2service:/home/hd/ros2_foxy/install/ros2run:/home/hd/ros2_foxy/install/ros2launch:/home/hd/ros2_foxy/install/ros2pkg:/home/hd/ros2_foxy/install/ros2node:/home/hd/ros2_foxy/install/ros2multicast:/home/hd/ros2_foxy/install/ros2interface:/home/hd/ros2_foxy/install/ros2doctor:/home/hd/ros2_foxy/install/ros2action:/home/hd/ros2_foxy/install/ros2cli:/home/hd/ros2_foxy/install/quality_of_service_demo_py:/home/hd/ros2_foxy/install/launch_testing_ros:/home/hd/ros2_foxy/install/launch_ros:/home/hd/ros2_foxy/install/joystick_ros2:/home/hd/ros2_foxy/install/examples_rclpy_minimal_subscriber:/home/hd/ros2_foxy/install/examples_rclpy_minimal_service:/home/hd/ros2_foxy/install/examples_rclpy_minimal_publisher:/home/hd/ros2_foxy/install/examples_rclpy_minimal_client:/home/hd/ros2_foxy/install/examples_rclpy_minimal_action_server:/home/hd/ros2_foxy/install/examples_rclpy_minimal_action_client:/home/hd/ros2_foxy/install/examples_rclpy_executors:/home/hd/ros2_foxy/install/demo_nodes_py:/home/hd/ros2_foxy/install/action_tutorials_py:/home/hd/ros2_foxy/install/ament_uncrustify:/home/hd/ros2_foxy/install/tracetools_trace:/home/hd/ros2_foxy/install/tracetools_read:/home/hd/ros2_foxy/install/test_launch_ros:/home/hd/ros2_foxy/install/sensor_msgs_py:/home/hd/ros2_foxy/install/rpyutils:/home/hd/ros2_foxy/install/rosidl_runtime_py:/home/hd/ros2_foxy/install/launch_yaml:/home/hd/ros2_foxy/install/launch_xml:/home/hd/ros2_foxy/install/launch_testing:/home/hd/ros2_foxy/install/launch:/home/hd/ros2_foxy/install/osrf_pycommon:/home/hd/ros2_foxy/install/domain_coordinator:/home/hd/ros2_foxy/install/ament_xmllint:/home/hd/ros2_foxy/install/ament_pyflakes:/home/hd/ros2_foxy/install/ament_pycodestyle:/home/hd/ros2_foxy/install/ament_pep257:/home/hd/ros2_foxy/install/ament_pclint:/home/hd/ros2_foxy/install/ament_package:/home/hd/ros2_foxy/install/ament_mypy:/home/hd/ros2_foxy/install/ament_lint_cmake:/home/hd/ros2_foxy/install/ament_flake8:/home/hd/ros2_foxy/install/ament_copyright:/home/hd/ros2_foxy/install/ament_lint:/home/hd/ros2_foxy/install/ament_index_python:/home/hd/ros2_foxy/install/ament_cpplint:/home/hd/ros2_foxy/install/ament_cppcheck:/home/hd/ros2_foxy/install/ament_clang_tidy:/home/hd/ros2_foxy/install/ament_clang_format /usr/bin/cmake --build /home/hd/Desktop/motor_controls.ws/build/ethercat_device_configurator -- -j2 -l2
[3.395s] Invoking command in '/home/hd/Desktop/motor_controls.ws/build/ethercat_device_configurator': CMAKE_PREFIX_PATH=${CMAKE_PREFIX_PATH}:/opt/ros/foxy:/home/hd/ros2_foxy/install/ros2bag:/home/hd/ros2_foxy/install/tracetools_launch:/home/hd/ros2_foxy/install/topic_monitor:/home/hd/ros2_foxy/install/examples_tf2_py:/home/hd/ros2_foxy/install/sros2:/home/hd/ros2_foxy/install/rqt_topic:/home/hd/ros2_foxy/install/rqt_top:/home/hd/ros2_foxy/install/rqt_srv:/home/hd/ros2_foxy/install/rqt_shell:/home/hd/ros2_foxy/install/rqt_service_caller:/home/hd/ros2_foxy/install/rqt_reconfigure:/home/hd/ros2_foxy/install/rqt_py_console:/home/hd/ros2_foxy/install/rqt_publisher:/home/hd/ros2_foxy/install/rqt_plot:/home/hd/ros2_foxy/install/rqt_action:/home/hd/ros2_foxy/install/rqt_msg:/home/hd/ros2_foxy/install/rqt_console:/home/hd/ros2_foxy/install/rqt:/home/hd/ros2_foxy/install/rqt_graph:/home/hd/ros2_foxy/install/rqt_gui_py:/home/hd/ros2_foxy/install/rqt_gui:/home/hd/ros2_foxy/install/ros2trace:/home/hd/ros2_foxy/install/ros2topic:/home/hd/ros2_foxy/install/ros2test:/home/hd/ros2_foxy/install/ros2component:/home/hd/ros2_foxy/install/ros2param:/home/hd/ros2_foxy/install/ros2lifecycle:/home/hd/ros2_foxy/install/ros2service:/home/hd/ros2_foxy/install/ros2run:/home/hd/ros2_foxy/install/ros2launch:/home/hd/ros2_foxy/install/ros2pkg:/home/hd/ros2_foxy/install/ros2node:/home/hd/ros2_foxy/install/ros2multicast:/home/hd/ros2_foxy/install/ros2interface:/home/hd/ros2_foxy/install/ros2doctor:/home/hd/ros2_foxy/install/ros2action:/home/hd/ros2_foxy/install/ros2cli:/home/hd/ros2_foxy/install/quality_of_service_demo_py:/home/hd/ros2_foxy/install/launch_testing_ros:/home/hd/ros2_foxy/install/launch_ros:/home/hd/ros2_foxy/install/joystick_ros2:/home/hd/ros2_foxy/install/examples_rclpy_minimal_subscriber:/home/hd/ros2_foxy/install/examples_rclpy_minimal_service:/home/hd/ros2_foxy/install/examples_rclpy_minimal_publisher:/home/hd/ros2_foxy/install/examples_rclpy_minimal_client:/home/hd/ros2_foxy/install/examples_rclpy_minimal_action_server:/home/hd/ros2_foxy/install/examples_rclpy_minimal_action_client:/home/hd/ros2_foxy/install/examples_rclpy_executors:/home/hd/ros2_foxy/install/demo_nodes_py:/home/hd/ros2_foxy/install/action_tutorials_py:/home/hd/ros2_foxy/install/ament_uncrustify:/home/hd/ros2_foxy/install/tracetools_trace:/home/hd/ros2_foxy/install/tracetools_read:/home/hd/ros2_foxy/install/test_launch_ros:/home/hd/ros2_foxy/install/sensor_msgs_py:/home/hd/ros2_foxy/install/rpyutils:/home/hd/ros2_foxy/install/rosidl_runtime_py:/home/hd/ros2_foxy/install/launch_yaml:/home/hd/ros2_foxy/install/launch_xml:/home/hd/ros2_foxy/install/launch_testing:/home/hd/ros2_foxy/install/launch:/home/hd/ros2_foxy/install/osrf_pycommon:/home/hd/ros2_foxy/install/domain_coordinator:/home/hd/ros2_foxy/install/ament_xmllint:/home/hd/ros2_foxy/install/ament_pyflakes:/home/hd/ros2_foxy/install/ament_pycodestyle:/home/hd/ros2_foxy/install/ament_pep257:/home/hd/ros2_foxy/install/ament_pclint:/home/hd/ros2_foxy/install/ament_package:/home/hd/ros2_foxy/install/ament_mypy:/home/hd/ros2_foxy/install/ament_lint_cmake:/home/hd/ros2_foxy/install/ament_flake8:/home/hd/ros2_foxy/install/ament_copyright:/home/hd/ros2_foxy/install/ament_lint:/home/hd/ros2_foxy/install/ament_index_python:/home/hd/ros2_foxy/install/ament_cpplint:/home/hd/ros2_foxy/install/ament_cppcheck:/home/hd/ros2_foxy/install/ament_clang_tidy:/home/hd/ros2_foxy/install/ament_clang_format /usr/bin/cmake --install /home/hd/Desktop/motor_controls.ws/build/ethercat_device_configurator
[3.441s] -- Install configuration: ""
[3.447s] -- Up-to-date: /home/hd/Desktop/motor_controls.ws/install/ethercat_device_configurator/lib/ethercat_device_configurator/standalone
[3.448s] -- Up-to-date: /home/hd/Desktop/motor_controls.ws/install/ethercat_device_configurator/share/ament_index/resource_index/package_run_dependencies/ethercat_device_configurator
[3.448s] -- Up-to-date: /home/hd/Desktop/motor_controls.ws/install/ethercat_device_configurator/share/ament_index/resource_index/parent_prefix_path/ethercat_device_configurator
[3.449s] -- Up-to-date: /home/hd/Desktop/motor_controls.ws/install/ethercat_device_configurator/share/ethercat_device_configurator/environment/ament_prefix_path.dsv
[3.449s] -- Up-to-date: /home/hd/Desktop/motor_controls.ws/install/ethercat_device_configurator/share/ethercat_device_configurator/environment/path.dsv
[3.450s] -- Up-to-date: /home/hd/Desktop/motor_controls.ws/install/ethercat_device_configurator/share/ethercat_device_configurator/local_setup.bash
[3.450s] -- Up-to-date: /home/hd/Desktop/motor_controls.ws/install/ethercat_device_configurator/share/ethercat_device_configurator/local_setup.sh
[3.450s] -- Up-to-date: /home/hd/Desktop/motor_controls.ws/install/ethercat_device_configurator/share/ethercat_device_configurator/local_setup.zsh
[3.451s] -- Up-to-date: /home/hd/Desktop/motor_controls.ws/install/ethercat_device_configurator/share/ethercat_device_configurator/local_setup.dsv
[3.451s] -- Installing: /home/hd/Desktop/motor_controls.ws/install/ethercat_device_configurator/share/ethercat_device_configurator/package.dsv
[3.456s] -- Up-to-date: /home/hd/Desktop/motor_controls.ws/install/ethercat_device_configurator/share/ament_index/resource_index/packages/ethercat_device_configurator
[3.458s] -- Up-to-date: /home/hd/Desktop/motor_controls.ws/install/ethercat_device_configurator/share/ethercat_device_configurator/cmake/ethercat_device_configuratorConfig.cmake
[3.458s] -- Up-to-date: /home/hd/Desktop/motor_controls.ws/install/ethercat_device_configurator/share/ethercat_device_configurator/cmake/ethercat_device_configuratorConfig-version.cmake
[3.458s] -- Up-to-date: /home/hd/Desktop/motor_controls.ws/install/ethercat_device_configurator/share/ethercat_device_configurator/package.xml
[3.463s] -- Up-to-date: /home/hd/Desktop/motor_controls.ws/install/ethercat_device_configurator/lib/libethercat_sdk_master.a
[3.463s] -- Up-to-date: /home/hd/Desktop/motor_controls.ws/install/ethercat_device_configurator/include/ethercat_sdk_master
[3.463s] -- Up-to-date: /home/hd/Desktop/motor_controls.ws/install/ethercat_device_configurator/include/ethercat_sdk_master/EthercatDevice.hpp
[3.464s] -- Up-to-date: /home/hd/Desktop/motor_controls.ws/install/ethercat_device_configurator/include/ethercat_sdk_master/EthercatMaster.hpp
[3.464s] -- Up-to-date: /home/hd/Desktop/motor_controls.ws/install/ethercat_device_configurator/include/ethercat_sdk_master/UpdateMode.hpp
[3.464s] -- Up-to-date: /home/hd/Desktop/motor_controls.ws/install/ethercat_device_configurator/include/ethercat_sdk_master/EthercatMasterConfiguration.hpp
[3.464s] -- Up-to-date: /home/hd/Desktop/motor_controls.ws/install/ethercat_device_configurator/share/ament_index/resource_index/package_run_dependencies/ethercat_sdk_master
[3.465s] -- Up-to-date: /home/hd/Desktop/motor_controls.ws/install/ethercat_device_configurator/share/ament_index/resource_index/parent_prefix_path/ethercat_sdk_master
[3.465s] -- Up-to-date: /home/hd/Desktop/motor_controls.ws/install/ethercat_device_configurator/share/ethercat_sdk_master/environment/ament_prefix_path.dsv
[3.466s] -- Up-to-date: /home/hd/Desktop/motor_controls.ws/install/ethercat_device_configurator/share/ethercat_sdk_master/environment/path.dsv
[3.466s] -- Up-to-date: /home/hd/Desktop/motor_controls.ws/install/ethercat_device_configurator/share/ethercat_sdk_master/local_setup.bash
[3.466s] -- Up-to-date: /home/hd/Desktop/motor_controls.ws/install/ethercat_device_configurator/share/ethercat_sdk_master/local_setup.sh
[3.467s] -- Up-to-date: /home/hd/Desktop/motor_controls.ws/install/ethercat_device_configurator/share/ethercat_sdk_master/local_setup.zsh
[3.467s] -- Up-to-date: /home/hd/Desktop/motor_controls.ws/install/ethercat_device_configurator/share/ethercat_sdk_master/local_setup.dsv
[3.467s] -- Up-to-date: /home/hd/Desktop/motor_controls.ws/install/ethercat_device_configurator/share/ethercat_sdk_master/package.dsv
[3.468s] -- Up-to-date: /home/hd/Desktop/motor_controls.ws/install/ethercat_device_configurator/share/ament_index/resource_index/packages/ethercat_sdk_master
[3.469s] -- Up-to-date: /home/hd/Desktop/motor_controls.ws/install/ethercat_device_configurator/share/ethercat_sdk_master/cmake/ethercat_sdk_masterConfig.cmake
[3.470s] -- Up-to-date: /home/hd/Desktop/motor_controls.ws/install/ethercat_device_configurator/share/ethercat_sdk_master/cmake/ethercat_sdk_masterConfig-version.cmake
[3.470s] -- Up-to-date: /home/hd/Desktop/motor_controls.ws/install/ethercat_device_configurator/share/ethercat_sdk_master/package.xml
[3.473s] -- Up-to-date: /home/hd/Desktop/motor_controls.ws/install/ethercat_device_configurator/lib/libmaxon_epos_ethercat_sdk.a
[3.473s] -- Up-to-date: /home/hd/Desktop/motor_controls.ws/install/ethercat_device_configurator/include/maxon_epos_ethercat_sdk
[3.473s] -- Up-to-date: /home/hd/Desktop/motor_controls.ws/install/ethercat_device_configurator/include/maxon_epos_ethercat_sdk/RxPdo.hpp
[3.474s] -- Up-to-date: /home/hd/Desktop/motor_controls.ws/install/ethercat_device_configurator/include/maxon_epos_ethercat_sdk/Maxon.hpp
[3.474s] -- Up-to-date: /home/hd/Desktop/motor_controls.ws/install/ethercat_device_configurator/include/maxon_epos_ethercat_sdk/TxPdo.hpp
[3.474s] -- Up-to-date: /home/hd/Desktop/motor_controls.ws/install/ethercat_device_configurator/include/maxon_epos_ethercat_sdk/ObjectDictionary.hpp
[3.475s] -- Up-to-date: /home/hd/Desktop/motor_controls.ws/install/ethercat_device_configurator/include/maxon_epos_ethercat_sdk/ModeOfOperationEnum.hpp
[3.475s] -- Up-to-date: /home/hd/Desktop/motor_controls.ws/install/ethercat_device_configurator/include/maxon_epos_ethercat_sdk/DriveState.hpp
[3.475s] -- Up-to-date: /home/hd/Desktop/motor_controls.ws/install/ethercat_device_configurator/include/maxon_epos_ethercat_sdk/Error.hpp
[3.475s] -- Up-to-date: /home/hd/Desktop/motor_controls.ws/install/ethercat_device_configurator/include/maxon_epos_ethercat_sdk/ConfigurationParser.hpp
[3.476s] -- Up-to-date: /home/hd/Desktop/motor_controls.ws/install/ethercat_device_configurator/include/maxon_epos_ethercat_sdk/Reading.hpp
[3.476s] -- Up-to-date: /home/hd/Desktop/motor_controls.ws/install/ethercat_device_configurator/include/maxon_epos_ethercat_sdk/PdoTypeEnum.hpp
[3.476s] -- Up-to-date: /home/hd/Desktop/motor_controls.ws/install/ethercat_device_configurator/include/maxon_epos_ethercat_sdk/Command.hpp
[3.476s] -- Up-to-date: /home/hd/Desktop/motor_controls.ws/install/ethercat_device_configurator/include/maxon_epos_ethercat_sdk/Controlword.hpp
[3.477s] -- Up-to-date: /home/hd/Desktop/motor_controls.ws/install/ethercat_device_configurator/include/maxon_epos_ethercat_sdk/Statusword.hpp
[3.477s] -- Up-to-date: /home/hd/Desktop/motor_controls.ws/install/ethercat_device_configurator/include/maxon_epos_ethercat_sdk/Configuration.hpp
[3.477s] -- Up-to-date: /home/hd/Desktop/motor_controls.ws/install/ethercat_device_configurator/share/ament_index/resource_index/package_run_dependencies/maxon_epos_ethercat_sdk
[3.477s] -- Up-to-date: /home/hd/Desktop/motor_controls.ws/install/ethercat_device_configurator/share/ament_index/resource_index/parent_prefix_path/maxon_epos_ethercat_sdk
[3.478s] -- Up-to-date: /home/hd/Desktop/motor_controls.ws/install/ethercat_device_configurator/share/maxon_epos_ethercat_sdk/environment/ament_prefix_path.dsv
[3.478s] -- Up-to-date: /home/hd/Desktop/motor_controls.ws/install/ethercat_device_configurator/share/maxon_epos_ethercat_sdk/environment/path.dsv
[3.479s] -- Up-to-date: /home/hd/Desktop/motor_controls.ws/install/ethercat_device_configurator/share/maxon_epos_ethercat_sdk/local_setup.bash
[3.479s] -- Up-to-date: /home/hd/Desktop/motor_controls.ws/install/ethercat_device_configurator/share/maxon_epos_ethercat_sdk/local_setup.sh
[3.479s] -- Up-to-date: /home/hd/Desktop/motor_controls.ws/install/ethercat_device_configurator/share/maxon_epos_ethercat_sdk/local_setup.zsh
[3.480s] -- Up-to-date: /home/hd/Desktop/motor_controls.ws/install/ethercat_device_configurator/share/maxon_epos_ethercat_sdk/local_setup.dsv
[3.480s] -- Up-to-date: /home/hd/Desktop/motor_controls.ws/install/ethercat_device_configurator/share/maxon_epos_ethercat_sdk/package.dsv
[3.480s] -- Up-to-date: /home/hd/Desktop/motor_controls.ws/install/ethercat_device_configurator/share/ament_index/resource_index/packages/maxon_epos_ethercat_sdk
[3.481s] -- Up-to-date: /home/hd/Desktop/motor_controls.ws/install/ethercat_device_configurator/share/maxon_epos_ethercat_sdk/cmake/maxon_epos_ethercat_sdkConfig.cmake
[3.481s] -- Up-to-date: /home/hd/Desktop/motor_controls.ws/install/ethercat_device_configurator/share/maxon_epos_ethercat_sdk/cmake/maxon_epos_ethercat_sdkConfig-version.cmake
[3.481s] -- Up-to-date: /home/hd/Desktop/motor_controls.ws/install/ethercat_device_configurator/share/maxon_epos_ethercat_sdk/package.xml
[3.496s] -- Up-to-date: /home/hd/Desktop/motor_controls.ws/install/ethercat_device_configurator/lib/libmessage_logger.so
[3.496s] -- Up-to-date: /home/hd/Desktop/motor_controls.ws/install/ethercat_device_configurator/include/message_logger
[3.497s] -- Up-to-date: /home/hd/Desktop/motor_controls.ws/install/ethercat_device_configurator/include/message_logger/time
[3.497s] -- Up-to-date: /home/hd/Desktop/motor_controls.ws/install/ethercat_device_configurator/include/message_logger/time/TimeStd.hpp
[3.497s] -- Up-to-date: /home/hd/Desktop/motor_controls.ws/install/ethercat_device_configurator/include/message_logger/time/Time.hpp
[3.498s] -- Up-to-date: /home/hd/Desktop/motor_controls.ws/install/ethercat_device_configurator/include/message_logger/message_logger.hpp
[3.505s] -- Up-to-date: /home/hd/Desktop/motor_controls.ws/install/ethercat_device_configurator/include/message_logger/common
[3.505s] -- Up-to-date: /home/hd/Desktop/motor_controls.ws/install/ethercat_device_configurator/include/message_logger/common/colors.hpp
[3.505s] -- Up-to-date: /home/hd/Desktop/motor_controls.ws/install/ethercat_device_configurator/include/message_logger/common/source_file_pos.hpp
[3.505s] -- Up-to-date: /home/hd/Desktop/motor_controls.ws/install/ethercat_device_configurator/include/message_logger/common/preprocessor_defines.hpp
[3.505s] -- Up-to-date: /home/hd/Desktop/motor_controls.ws/install/ethercat_device_configurator/include/message_logger/log
[3.505s] -- Up-to-date: /home/hd/Desktop/motor_controls.ws/install/ethercat_device_configurator/include/message_logger/log/log_messages_ros.hpp
[3.505s] -- Up-to-date: /home/hd/Desktop/motor_controls.ws/install/ethercat_device_configurator/include/message_logger/log/log_messages_std.hpp
[3.505s] -- Up-to-date: /home/hd/Desktop/motor_controls.ws/install/ethercat_device_configurator/include/message_logger/log/log_messages_backend_config.hpp
[3.506s] -- Up-to-date: /home/hd/Desktop/motor_controls.ws/install/ethercat_device_configurator/include/message_logger/log/log_messages_backend_config.hpp.in
[3.506s] -- Up-to-date: /home/hd/Desktop/motor_controls.ws/install/ethercat_device_configurator/include/message_logger/log/log_messages_backend.hpp
[3.506s] -- Up-to-date: /home/hd/Desktop/motor_controls.ws/install/ethercat_device_configurator/include/message_logger/log/log_messages.hpp
[3.506s] -- Up-to-date: /home/hd/Desktop/motor_controls.ws/install/ethercat_device_configurator/share/message_logger/environment/library_path.sh
[3.506s] -- Up-to-date: /home/hd/Desktop/motor_controls.ws/install/ethercat_device_configurator/share/message_logger/environment/library_path.dsv
[3.506s] -- Up-to-date: /home/hd/Desktop/motor_controls.ws/install/ethercat_device_configurator/share/ament_index/resource_index/package_run_dependencies/message_logger
[3.506s] -- Up-to-date: /home/hd/Desktop/motor_controls.ws/install/ethercat_device_configurator/share/ament_index/resource_index/parent_prefix_path/message_logger
[3.506s] -- Up-to-date: /home/hd/Desktop/motor_controls.ws/install/ethercat_device_configurator/share/message_logger/environment/ament_prefix_path.dsv
[3.506s] -- Up-to-date: /home/hd/Desktop/motor_controls.ws/install/ethercat_device_configurator/share/message_logger/environment/path.dsv
[3.506s] -- Up-to-date: /home/hd/Desktop/motor_controls.ws/install/ethercat_device_configurator/share/message_logger/local_setup.bash
[3.507s] -- Up-to-date: /home/hd/Desktop/motor_controls.ws/install/ethercat_device_configurator/share/message_logger/local_setup.sh
[3.515s] -- Up-to-date: /home/hd/Desktop/motor_controls.ws/install/ethercat_device_configurator/share/message_logger/local_setup.zsh
[3.516s] -- Up-to-date: /home/hd/Desktop/motor_controls.ws/install/ethercat_device_configurator/share/message_logger/local_setup.dsv
[3.516s] -- Up-to-date: /home/hd/Desktop/motor_controls.ws/install/ethercat_device_configurator/share/message_logger/package.dsv
[3.518s] -- Up-to-date: /home/hd/Desktop/motor_controls.ws/install/ethercat_device_configurator/share/ament_index/resource_index/packages/message_logger
[3.518s] -- Up-to-date: /home/hd/Desktop/motor_controls.ws/install/ethercat_device_configurator/share/message_logger/cmake/ament_cmake_export_include_directories-extras.cmake
[3.518s] -- Up-to-date: /home/hd/Desktop/motor_controls.ws/install/ethercat_device_configurator/share/message_logger/cmake/ament_cmake_export_libraries-extras.cmake
[3.519s] -- Up-to-date: /home/hd/Desktop/motor_controls.ws/install/ethercat_device_configurator/share/message_logger/cmake/message_loggerConfig.cmake
[3.519s] -- Up-to-date: /home/hd/Desktop/motor_controls.ws/install/ethercat_device_configurator/share/message_logger/cmake/message_loggerConfig-version.cmake
[3.523s] -- Up-to-date: /home/hd/Desktop/motor_controls.ws/install/ethercat_device_configurator/share/message_logger/package.xml
[3.527s] -- Up-to-date: /home/hd/Desktop/motor_controls.ws/install/ethercat_device_configurator/share/ament_index/resource_index/package_run_dependencies/soem_rsl
[3.528s] -- Up-to-date: /home/hd/Desktop/motor_controls.ws/install/ethercat_device_configurator/share/ament_index/resource_index/parent_prefix_path/soem_rsl
[3.528s] -- Up-to-date: /home/hd/Desktop/motor_controls.ws/install/ethercat_device_configurator/share/soem_rsl/environment/ament_prefix_path.dsv
[3.529s] -- Up-to-date: /home/hd/Desktop/motor_controls.ws/install/ethercat_device_configurator/share/soem_rsl/environment/path.dsv
[3.531s] -- Up-to-date: /home/hd/Desktop/motor_controls.ws/install/ethercat_device_configurator/share/soem_rsl/local_setup.bash
[3.531s] -- Up-to-date: /home/hd/Desktop/motor_controls.ws/install/ethercat_device_configurator/share/soem_rsl/local_setup.sh
[3.531s] -- Up-to-date: /home/hd/Desktop/motor_controls.ws/install/ethercat_device_configurator/share/soem_rsl/local_setup.zsh
[3.532s] -- Up-to-date: /home/hd/Desktop/motor_controls.ws/install/ethercat_device_configurator/share/soem_rsl/local_setup.dsv
[3.532s] -- Up-to-date: /home/hd/Desktop/motor_controls.ws/install/ethercat_device_configurator/share/soem_rsl/package.dsv
[3.532s] -- Up-to-date: /home/hd/Desktop/motor_controls.ws/install/ethercat_device_configurator/share/ament_index/resource_index/packages/soem_rsl
[3.532s] -- Up-to-date: /home/hd/Desktop/motor_controls.ws/install/ethercat_device_configurator/share/soem_rsl/cmake/soem_rslConfig.cmake
[3.538s] -- Up-to-date: /home/hd/Desktop/motor_controls.ws/install/ethercat_device_configurator/share/soem_rsl/cmake/soem_rslConfig-version.cmake
[3.539s] -- Up-to-date: /home/hd/Desktop/motor_controls.ws/install/ethercat_device_configurator/share/soem_rsl/package.xml
[3.539s] -- Up-to-date: /home/hd/Desktop/motor_controls.ws/install/ethercat_device_configurator/include
[3.539s] -- Up-to-date: /home/hd/Desktop/motor_controls.ws/install/ethercat_device_configurator/include/EthercatBusManagerBase.hpp
[3.539s] -- Up-to-date: /home/hd/Desktop/motor_controls.ws/install/ethercat_device_configurator/include/EthercatSlaveBase.hpp
[3.540s] -- Up-to-date: /home/hd/Desktop/motor_controls.ws/install/ethercat_device_configurator/include/common
[3.540s] -- Up-to-date: /home/hd/Desktop/motor_controls.ws/install/ethercat_device_configurator/include/common/Macros.hpp
[3.540s] -- Up-to-date: /home/hd/Desktop/motor_controls.ws/install/ethercat_device_configurator/include/common/ThreadSleep.hpp
[3.541s] -- Up-to-date: /home/hd/Desktop/motor_controls.ws/install/ethercat_device_configurator/include/EthercatBusBase.hpp
[3.541s] -- Up-to-date: /home/hd/Desktop/motor_controls.ws/install/ethercat_device_configurator/share/ament_index/resource_index/package_run_dependencies/soem_interface
[3.541s] -- Up-to-date: /home/hd/Desktop/motor_controls.ws/install/ethercat_device_configurator/share/ament_index/resource_index/parent_prefix_path/soem_interface
[3.541s] -- Up-to-date: /home/hd/Desktop/motor_controls.ws/install/ethercat_device_configurator/share/soem_interface/environment/ament_prefix_path.dsv
[3.541s] -- Up-to-date: /home/hd/Desktop/motor_controls.ws/install/ethercat_device_configurator/share/soem_interface/environment/path.dsv
[3.542s] -- Up-to-date: /home/hd/Desktop/motor_controls.ws/install/ethercat_device_configurator/share/soem_interface/local_setup.bash
[3.542s] -- Up-to-date: /home/hd/Desktop/motor_controls.ws/install/ethercat_device_configurator/share/soem_interface/local_setup.sh
[3.542s] -- Up-to-date: /home/hd/Desktop/motor_controls.ws/install/ethercat_device_configurator/share/soem_interface/local_setup.zsh
[3.542s] -- Up-to-date: /home/hd/Desktop/motor_controls.ws/install/ethercat_device_configurator/share/soem_interface/local_setup.dsv
[3.542s] -- Up-to-date: /home/hd/Desktop/motor_controls.ws/install/ethercat_device_configurator/share/soem_interface/package.dsv
[3.542s] -- Up-to-date: /home/hd/Desktop/motor_controls.ws/install/ethercat_device_configurator/share/ament_index/resource_index/packages/soem_interface
[3.542s] -- Up-to-date: /home/hd/Desktop/motor_controls.ws/install/ethercat_device_configurator/share/soem_interface/cmake/soem_interfaceConfig.cmake
[3.542s] -- Up-to-date: /home/hd/Desktop/motor_controls.ws/install/ethercat_device_configurator/share/soem_interface/cmake/soem_interfaceConfig-version.cmake
[3.542s] -- Up-to-date: /home/hd/Desktop/motor_controls.ws/install/ethercat_device_configurator/share/soem_interface/package.xml
[3.584s] Invoked command in '/home/hd/Desktop/motor_controls.ws/build/ethercat_device_configurator' returned '0': CMAKE_PREFIX_PATH=${CMAKE_PREFIX_PATH}:/opt/ros/foxy:/home/hd/ros2_foxy/install/ros2bag:/home/hd/ros2_foxy/install/tracetools_launch:/home/hd/ros2_foxy/install/topic_monitor:/home/hd/ros2_foxy/install/examples_tf2_py:/home/hd/ros2_foxy/install/sros2:/home/hd/ros2_foxy/install/rqt_topic:/home/hd/ros2_foxy/install/rqt_top:/home/hd/ros2_foxy/install/rqt_srv:/home/hd/ros2_foxy/install/rqt_shell:/home/hd/ros2_foxy/install/rqt_service_caller:/home/hd/ros2_foxy/install/rqt_reconfigure:/home/hd/ros2_foxy/install/rqt_py_console:/home/hd/ros2_foxy/install/rqt_publisher:/home/hd/ros2_foxy/install/rqt_plot:/home/hd/ros2_foxy/install/rqt_action:/home/hd/ros2_foxy/install/rqt_msg:/home/hd/ros2_foxy/install/rqt_console:/home/hd/ros2_foxy/install/rqt:/home/hd/ros2_foxy/install/rqt_graph:/home/hd/ros2_foxy/install/rqt_gui_py:/home/hd/ros2_foxy/install/rqt_gui:/home/hd/ros2_foxy/install/ros2trace:/home/hd/ros2_foxy/install/ros2topic:/home/hd/ros2_foxy/install/ros2test:/home/hd/ros2_foxy/install/ros2component:/home/hd/ros2_foxy/install/ros2param:/home/hd/ros2_foxy/install/ros2lifecycle:/home/hd/ros2_foxy/install/ros2service:/home/hd/ros2_foxy/install/ros2run:/home/hd/ros2_foxy/install/ros2launch:/home/hd/ros2_foxy/install/ros2pkg:/home/hd/ros2_foxy/install/ros2node:/home/hd/ros2_foxy/install/ros2multicast:/home/hd/ros2_foxy/install/ros2interface:/home/hd/ros2_foxy/install/ros2doctor:/home/hd/ros2_foxy/install/ros2action:/home/hd/ros2_foxy/install/ros2cli:/home/hd/ros2_foxy/install/quality_of_service_demo_py:/home/hd/ros2_foxy/install/launch_testing_ros:/home/hd/ros2_foxy/install/launch_ros:/home/hd/ros2_foxy/install/joystick_ros2:/home/hd/ros2_foxy/install/examples_rclpy_minimal_subscriber:/home/hd/ros2_foxy/install/examples_rclpy_minimal_service:/home/hd/ros2_foxy/install/examples_rclpy_minimal_publisher:/home/hd/ros2_foxy/install/examples_rclpy_minimal_client:/home/hd/ros2_foxy/install/examples_rclpy_minimal_action_server:/home/hd/ros2_foxy/install/examples_rclpy_minimal_action_client:/home/hd/ros2_foxy/install/examples_rclpy_executors:/home/hd/ros2_foxy/install/demo_nodes_py:/home/hd/ros2_foxy/install/action_tutorials_py:/home/hd/ros2_foxy/install/ament_uncrustify:/home/hd/ros2_foxy/install/tracetools_trace:/home/hd/ros2_foxy/install/tracetools_read:/home/hd/ros2_foxy/install/test_launch_ros:/home/hd/ros2_foxy/install/sensor_msgs_py:/home/hd/ros2_foxy/install/rpyutils:/home/hd/ros2_foxy/install/rosidl_runtime_py:/home/hd/ros2_foxy/install/launch_yaml:/home/hd/ros2_foxy/install/launch_xml:/home/hd/ros2_foxy/install/launch_testing:/home/hd/ros2_foxy/install/launch:/home/hd/ros2_foxy/install/osrf_pycommon:/home/hd/ros2_foxy/install/domain_coordinator:/home/hd/ros2_foxy/install/ament_xmllint:/home/hd/ros2_foxy/install/ament_pyflakes:/home/hd/ros2_foxy/install/ament_pycodestyle:/home/hd/ros2_foxy/install/ament_pep257:/home/hd/ros2_foxy/install/ament_pclint:/home/hd/ros2_foxy/install/ament_package:/home/hd/ros2_foxy/install/ament_mypy:/home/hd/ros2_foxy/install/ament_lint_cmake:/home/hd/ros2_foxy/install/ament_flake8:/home/hd/ros2_foxy/install/ament_copyright:/home/hd/ros2_foxy/install/ament_lint:/home/hd/ros2_foxy/install/ament_index_python:/home/hd/ros2_foxy/install/ament_cpplint:/home/hd/ros2_foxy/install/ament_cppcheck:/home/hd/ros2_foxy/install/ament_clang_tidy:/home/hd/ros2_foxy/install/ament_clang_format /usr/bin/cmake --install /home/hd/Desktop/motor_controls.ws/build/ethercat_device_configurator
