[0.072s] Invoking command in '/home/hd/Desktop/motor_controls.ws/build/ethercat_device_configurator': CMAKE_PREFIX_PATH=${CMAKE_PREFIX_PATH}:/home/hd/ros2_foxy/install/ros2bag:/home/hd/ros2_foxy/install/tracetools_launch:/home/hd/ros2_foxy/install/topic_monitor:/home/hd/ros2_foxy/install/examples_tf2_py:/home/hd/ros2_foxy/install/sros2:/home/hd/ros2_foxy/install/rqt_topic:/home/hd/ros2_foxy/install/rqt_top:/home/hd/ros2_foxy/install/rqt_srv:/home/hd/ros2_foxy/install/rqt_shell:/home/hd/ros2_foxy/install/rqt_service_caller:/home/hd/ros2_foxy/install/rqt_reconfigure:/home/hd/ros2_foxy/install/rqt_py_console:/home/hd/ros2_foxy/install/rqt_publisher:/home/hd/ros2_foxy/install/rqt_plot:/home/hd/ros2_foxy/install/rqt_action:/home/hd/ros2_foxy/install/rqt_msg:/home/hd/ros2_foxy/install/rqt_console:/home/hd/ros2_foxy/install/rqt:/home/hd/ros2_foxy/install/rqt_graph:/home/hd/ros2_foxy/install/rqt_gui_py:/home/hd/ros2_foxy/install/rqt_gui:/home/hd/ros2_foxy/install/ros2trace:/home/hd/ros2_foxy/install/ros2topic:/home/hd/ros2_foxy/install/ros2test:/home/hd/ros2_foxy/install/ros2component:/home/hd/ros2_foxy/install/ros2param:/home/hd/ros2_foxy/install/ros2lifecycle:/home/hd/ros2_foxy/install/ros2service:/home/hd/ros2_foxy/install/ros2run:/home/hd/ros2_foxy/install/ros2launch:/home/hd/ros2_foxy/install/ros2pkg:/home/hd/ros2_foxy/install/ros2node:/home/hd/ros2_foxy/install/ros2multicast:/home/hd/ros2_foxy/install/ros2interface:/home/hd/ros2_foxy/install/ros2doctor:/home/hd/ros2_foxy/install/ros2action:/home/hd/ros2_foxy/install/ros2cli:/home/hd/ros2_foxy/install/quality_of_service_demo_py:/home/hd/ros2_foxy/install/launch_testing_ros:/home/hd/ros2_foxy/install/launch_ros:/home/hd/ros2_foxy/install/examples_rclpy_minimal_subscriber:/home/hd/ros2_foxy/install/examples_rclpy_minimal_service:/home/hd/ros2_foxy/install/examples_rclpy_minimal_publisher:/home/hd/ros2_foxy/install/examples_rclpy_minimal_client:/home/hd/ros2_foxy/install/examples_rclpy_minimal_action_server:/home/hd/ros2_foxy/install/examples_rclpy_minimal_action_client:/home/hd/ros2_foxy/install/examples_rclpy_executors:/home/hd/ros2_foxy/install/demo_nodes_py:/home/hd/ros2_foxy/install/action_tutorials_py:/home/hd/ros2_foxy/install/ament_uncrustify:/home/hd/ros2_foxy/install/tracetools_trace:/home/hd/ros2_foxy/install/tracetools_read:/home/hd/ros2_foxy/install/test_launch_ros:/home/hd/ros2_foxy/install/sensor_msgs_py:/home/hd/ros2_foxy/install/rpyutils:/home/hd/ros2_foxy/install/rosidl_runtime_py:/home/hd/ros2_foxy/install/launch_yaml:/home/hd/ros2_foxy/install/launch_xml:/home/hd/ros2_foxy/install/launch_testing:/home/hd/ros2_foxy/install/launch:/home/hd/ros2_foxy/install/osrf_pycommon:/home/hd/ros2_foxy/install/domain_coordinator:/home/hd/ros2_foxy/install/ament_xmllint:/home/hd/ros2_foxy/install/ament_pyflakes:/home/hd/ros2_foxy/install/ament_pycodestyle:/home/hd/ros2_foxy/install/ament_pep257:/home/hd/ros2_foxy/install/ament_pclint:/home/hd/ros2_foxy/install/ament_package:/home/hd/ros2_foxy/install/ament_mypy:/home/hd/ros2_foxy/install/ament_lint_cmake:/home/hd/ros2_foxy/install/ament_flake8:/home/hd/ros2_foxy/install/ament_copyright:/home/hd/ros2_foxy/install/ament_lint:/home/hd/ros2_foxy/install/ament_index_python:/home/hd/ros2_foxy/install/ament_cpplint:/home/hd/ros2_foxy/install/ament_cppcheck:/home/hd/ros2_foxy/install/ament_clang_tidy:/home/hd/ros2_foxy/install/ament_clang_format /usr/bin/cmake --build /home/hd/Desktop/motor_controls.ws/build/ethercat_device_configurator -- -j2 -l2
[0.317s] [  9%] Built target soem_interface
[0.320s] [ 48%] Built target yaml-cpp
[0.373s] [ 51%] Built target message_logger
[0.375s] [ 55%] Built target ethercat_sdk_master
[0.423s] [ 69%] Built target soem
[0.434s] [ 72%] Built target yaml-cpp-read
[0.488s] [ 74%] Built target yaml-cpp-sandbox
[0.494s] [ 77%] Built target yaml-cpp-parse
[0.557s] [ 92%] Built target maxon_epos_ethercat_sdk
[0.592s] [35m[1mScanning dependencies of target standalone[0m
[0.700s] [ 93%] [32mBuilding CXX object CMakeFiles/standalone.dir/src/standalone.cpp.o[0m
[4.778s] [01m[K/home/hd/Desktop/motor_controls.ws/src/ethercat_device_configurator/src/standalone.cpp:[m[K In function ‘[01m[Kvoid signal_handler(int)[m[K’:
[4.778s] [01m[K/home/hd/Desktop/motor_controls.ws/src/ethercat_device_configurator/src/standalone.cpp:157:25:[m[K [01;35m[Kwarning: [m[Kunused parameter ‘[01m[Ksig[m[K’ [[01;35m[K-Wunused-parameter[m[K]
[4.778s]   157 | void signal_handler([01;35m[Kint sig[m[K)
[4.778s]       |                     [01;35m[K~~~~^~~[m[K
[6.125s] [ 95%] [32m[1mLinking CXX executable standalone[0m
[7.910s] [100%] Built target standalone
[7.961s] Invoked command in '/home/hd/Desktop/motor_controls.ws/build/ethercat_device_configurator' returned '0': CMAKE_PREFIX_PATH=${CMAKE_PREFIX_PATH}:/home/hd/ros2_foxy/install/ros2bag:/home/hd/ros2_foxy/install/tracetools_launch:/home/hd/ros2_foxy/install/topic_monitor:/home/hd/ros2_foxy/install/examples_tf2_py:/home/hd/ros2_foxy/install/sros2:/home/hd/ros2_foxy/install/rqt_topic:/home/hd/ros2_foxy/install/rqt_top:/home/hd/ros2_foxy/install/rqt_srv:/home/hd/ros2_foxy/install/rqt_shell:/home/hd/ros2_foxy/install/rqt_service_caller:/home/hd/ros2_foxy/install/rqt_reconfigure:/home/hd/ros2_foxy/install/rqt_py_console:/home/hd/ros2_foxy/install/rqt_publisher:/home/hd/ros2_foxy/install/rqt_plot:/home/hd/ros2_foxy/install/rqt_action:/home/hd/ros2_foxy/install/rqt_msg:/home/hd/ros2_foxy/install/rqt_console:/home/hd/ros2_foxy/install/rqt:/home/hd/ros2_foxy/install/rqt_graph:/home/hd/ros2_foxy/install/rqt_gui_py:/home/hd/ros2_foxy/install/rqt_gui:/home/hd/ros2_foxy/install/ros2trace:/home/hd/ros2_foxy/install/ros2topic:/home/hd/ros2_foxy/install/ros2test:/home/hd/ros2_foxy/install/ros2component:/home/hd/ros2_foxy/install/ros2param:/home/hd/ros2_foxy/install/ros2lifecycle:/home/hd/ros2_foxy/install/ros2service:/home/hd/ros2_foxy/install/ros2run:/home/hd/ros2_foxy/install/ros2launch:/home/hd/ros2_foxy/install/ros2pkg:/home/hd/ros2_foxy/install/ros2node:/home/hd/ros2_foxy/install/ros2multicast:/home/hd/ros2_foxy/install/ros2interface:/home/hd/ros2_foxy/install/ros2doctor:/home/hd/ros2_foxy/install/ros2action:/home/hd/ros2_foxy/install/ros2cli:/home/hd/ros2_foxy/install/quality_of_service_demo_py:/home/hd/ros2_foxy/install/launch_testing_ros:/home/hd/ros2_foxy/install/launch_ros:/home/hd/ros2_foxy/install/examples_rclpy_minimal_subscriber:/home/hd/ros2_foxy/install/examples_rclpy_minimal_service:/home/hd/ros2_foxy/install/examples_rclpy_minimal_publisher:/home/hd/ros2_foxy/install/examples_rclpy_minimal_client:/home/hd/ros2_foxy/install/examples_rclpy_minimal_action_server:/home/hd/ros2_foxy/install/examples_rclpy_minimal_action_client:/home/hd/ros2_foxy/install/examples_rclpy_executors:/home/hd/ros2_foxy/install/demo_nodes_py:/home/hd/ros2_foxy/install/action_tutorials_py:/home/hd/ros2_foxy/install/ament_uncrustify:/home/hd/ros2_foxy/install/tracetools_trace:/home/hd/ros2_foxy/install/tracetools_read:/home/hd/ros2_foxy/install/test_launch_ros:/home/hd/ros2_foxy/install/sensor_msgs_py:/home/hd/ros2_foxy/install/rpyutils:/home/hd/ros2_foxy/install/rosidl_runtime_py:/home/hd/ros2_foxy/install/launch_yaml:/home/hd/ros2_foxy/install/launch_xml:/home/hd/ros2_foxy/install/launch_testing:/home/hd/ros2_foxy/install/launch:/home/hd/ros2_foxy/install/osrf_pycommon:/home/hd/ros2_foxy/install/domain_coordinator:/home/hd/ros2_foxy/install/ament_xmllint:/home/hd/ros2_foxy/install/ament_pyflakes:/home/hd/ros2_foxy/install/ament_pycodestyle:/home/hd/ros2_foxy/install/ament_pep257:/home/hd/ros2_foxy/install/ament_pclint:/home/hd/ros2_foxy/install/ament_package:/home/hd/ros2_foxy/install/ament_mypy:/home/hd/ros2_foxy/install/ament_lint_cmake:/home/hd/ros2_foxy/install/ament_flake8:/home/hd/ros2_foxy/install/ament_copyright:/home/hd/ros2_foxy/install/ament_lint:/home/hd/ros2_foxy/install/ament_index_python:/home/hd/ros2_foxy/install/ament_cpplint:/home/hd/ros2_foxy/install/ament_cppcheck:/home/hd/ros2_foxy/install/ament_clang_tidy:/home/hd/ros2_foxy/install/ament_clang_format /usr/bin/cmake --build /home/hd/Desktop/motor_controls.ws/build/ethercat_device_configurator -- -j2 -l2
[8.144s] Invoking command in '/home/hd/Desktop/motor_controls.ws/build/ethercat_device_configurator': CMAKE_PREFIX_PATH=${CMAKE_PREFIX_PATH}:/home/hd/ros2_foxy/install/ros2bag:/home/hd/ros2_foxy/install/tracetools_launch:/home/hd/ros2_foxy/install/topic_monitor:/home/hd/ros2_foxy/install/examples_tf2_py:/home/hd/ros2_foxy/install/sros2:/home/hd/ros2_foxy/install/rqt_topic:/home/hd/ros2_foxy/install/rqt_top:/home/hd/ros2_foxy/install/rqt_srv:/home/hd/ros2_foxy/install/rqt_shell:/home/hd/ros2_foxy/install/rqt_service_caller:/home/hd/ros2_foxy/install/rqt_reconfigure:/home/hd/ros2_foxy/install/rqt_py_console:/home/hd/ros2_foxy/install/rqt_publisher:/home/hd/ros2_foxy/install/rqt_plot:/home/hd/ros2_foxy/install/rqt_action:/home/hd/ros2_foxy/install/rqt_msg:/home/hd/ros2_foxy/install/rqt_console:/home/hd/ros2_foxy/install/rqt:/home/hd/ros2_foxy/install/rqt_graph:/home/hd/ros2_foxy/install/rqt_gui_py:/home/hd/ros2_foxy/install/rqt_gui:/home/hd/ros2_foxy/install/ros2trace:/home/hd/ros2_foxy/install/ros2topic:/home/hd/ros2_foxy/install/ros2test:/home/hd/ros2_foxy/install/ros2component:/home/hd/ros2_foxy/install/ros2param:/home/hd/ros2_foxy/install/ros2lifecycle:/home/hd/ros2_foxy/install/ros2service:/home/hd/ros2_foxy/install/ros2run:/home/hd/ros2_foxy/install/ros2launch:/home/hd/ros2_foxy/install/ros2pkg:/home/hd/ros2_foxy/install/ros2node:/home/hd/ros2_foxy/install/ros2multicast:/home/hd/ros2_foxy/install/ros2interface:/home/hd/ros2_foxy/install/ros2doctor:/home/hd/ros2_foxy/install/ros2action:/home/hd/ros2_foxy/install/ros2cli:/home/hd/ros2_foxy/install/quality_of_service_demo_py:/home/hd/ros2_foxy/install/launch_testing_ros:/home/hd/ros2_foxy/install/launch_ros:/home/hd/ros2_foxy/install/examples_rclpy_minimal_subscriber:/home/hd/ros2_foxy/install/examples_rclpy_minimal_service:/home/hd/ros2_foxy/install/examples_rclpy_minimal_publisher:/home/hd/ros2_foxy/install/examples_rclpy_minimal_client:/home/hd/ros2_foxy/install/examples_rclpy_minimal_action_server:/home/hd/ros2_foxy/install/examples_rclpy_minimal_action_client:/home/hd/ros2_foxy/install/examples_rclpy_executors:/home/hd/ros2_foxy/install/demo_nodes_py:/home/hd/ros2_foxy/install/action_tutorials_py:/home/hd/ros2_foxy/install/ament_uncrustify:/home/hd/ros2_foxy/install/tracetools_trace:/home/hd/ros2_foxy/install/tracetools_read:/home/hd/ros2_foxy/install/test_launch_ros:/home/hd/ros2_foxy/install/sensor_msgs_py:/home/hd/ros2_foxy/install/rpyutils:/home/hd/ros2_foxy/install/rosidl_runtime_py:/home/hd/ros2_foxy/install/launch_yaml:/home/hd/ros2_foxy/install/launch_xml:/home/hd/ros2_foxy/install/launch_testing:/home/hd/ros2_foxy/install/launch:/home/hd/ros2_foxy/install/osrf_pycommon:/home/hd/ros2_foxy/install/domain_coordinator:/home/hd/ros2_foxy/install/ament_xmllint:/home/hd/ros2_foxy/install/ament_pyflakes:/home/hd/ros2_foxy/install/ament_pycodestyle:/home/hd/ros2_foxy/install/ament_pep257:/home/hd/ros2_foxy/install/ament_pclint:/home/hd/ros2_foxy/install/ament_package:/home/hd/ros2_foxy/install/ament_mypy:/home/hd/ros2_foxy/install/ament_lint_cmake:/home/hd/ros2_foxy/install/ament_flake8:/home/hd/ros2_foxy/install/ament_copyright:/home/hd/ros2_foxy/install/ament_lint:/home/hd/ros2_foxy/install/ament_index_python:/home/hd/ros2_foxy/install/ament_cpplint:/home/hd/ros2_foxy/install/ament_cppcheck:/home/hd/ros2_foxy/install/ament_clang_tidy:/home/hd/ros2_foxy/install/ament_clang_format /usr/bin/cmake --install /home/hd/Desktop/motor_controls.ws/build/ethercat_device_configurator
[8.165s] -- Install configuration: ""
[8.166s] -- Installing: /home/hd/Desktop/motor_controls.ws/install/ethercat_device_configurator/lib/ethercat_device_configurator/standalone
[8.170s] -- Set runtime path of "/home/hd/Desktop/motor_controls.ws/install/ethercat_device_configurator/lib/ethercat_device_configurator/standalone" to ""
[8.171s] -- Up-to-date: /home/hd/Desktop/motor_controls.ws/install/ethercat_device_configurator/share/ament_index/resource_index/package_run_dependencies/ethercat_device_configurator
[8.171s] -- Up-to-date: /home/hd/Desktop/motor_controls.ws/install/ethercat_device_configurator/share/ament_index/resource_index/parent_prefix_path/ethercat_device_configurator
[8.171s] -- Up-to-date: /home/hd/Desktop/motor_controls.ws/install/ethercat_device_configurator/share/ethercat_device_configurator/environment/ament_prefix_path.dsv
[8.171s] -- Up-to-date: /home/hd/Desktop/motor_controls.ws/install/ethercat_device_configurator/share/ethercat_device_configurator/environment/path.dsv
[8.172s] -- Up-to-date: /home/hd/Desktop/motor_controls.ws/install/ethercat_device_configurator/share/ethercat_device_configurator/local_setup.bash
[8.172s] -- Up-to-date: /home/hd/Desktop/motor_controls.ws/install/ethercat_device_configurator/share/ethercat_device_configurator/local_setup.sh
[8.174s] -- Up-to-date: /home/hd/Desktop/motor_controls.ws/install/ethercat_device_configurator/share/ethercat_device_configurator/local_setup.zsh
[8.174s] -- Up-to-date: /home/hd/Desktop/motor_controls.ws/install/ethercat_device_configurator/share/ethercat_device_configurator/local_setup.dsv
[8.174s] -- Installing: /home/hd/Desktop/motor_controls.ws/install/ethercat_device_configurator/share/ethercat_device_configurator/package.dsv
[8.175s] -- Up-to-date: /home/hd/Desktop/motor_controls.ws/install/ethercat_device_configurator/share/ament_index/resource_index/packages/ethercat_device_configurator
[8.175s] -- Up-to-date: /home/hd/Desktop/motor_controls.ws/install/ethercat_device_configurator/share/ethercat_device_configurator/cmake/ethercat_device_configuratorConfig.cmake
[8.175s] -- Up-to-date: /home/hd/Desktop/motor_controls.ws/install/ethercat_device_configurator/share/ethercat_device_configurator/cmake/ethercat_device_configuratorConfig-version.cmake
[8.176s] -- Up-to-date: /home/hd/Desktop/motor_controls.ws/install/ethercat_device_configurator/share/ethercat_device_configurator/package.xml
[8.176s] -- Up-to-date: /home/hd/Desktop/motor_controls.ws/install/ethercat_device_configurator/lib/libethercat_sdk_master.a
[8.177s] -- Up-to-date: /home/hd/Desktop/motor_controls.ws/install/ethercat_device_configurator/include/ethercat_sdk_master
[8.177s] -- Up-to-date: /home/hd/Desktop/motor_controls.ws/install/ethercat_device_configurator/include/ethercat_sdk_master/EthercatDevice.hpp
[8.177s] -- Up-to-date: /home/hd/Desktop/motor_controls.ws/install/ethercat_device_configurator/include/ethercat_sdk_master/EthercatMaster.hpp
[8.178s] -- Up-to-date: /home/hd/Desktop/motor_controls.ws/install/ethercat_device_configurator/include/ethercat_sdk_master/UpdateMode.hpp
[8.178s] -- Up-to-date: /home/hd/Desktop/motor_controls.ws/install/ethercat_device_configurator/include/ethercat_sdk_master/EthercatMasterConfiguration.hpp
[8.178s] -- Up-to-date: /home/hd/Desktop/motor_controls.ws/install/ethercat_device_configurator/share/ament_index/resource_index/package_run_dependencies/ethercat_sdk_master
[8.178s] -- Up-to-date: /home/hd/Desktop/motor_controls.ws/install/ethercat_device_configurator/share/ament_index/resource_index/parent_prefix_path/ethercat_sdk_master
[8.179s] -- Up-to-date: /home/hd/Desktop/motor_controls.ws/install/ethercat_device_configurator/share/ethercat_sdk_master/environment/ament_prefix_path.dsv
[8.179s] -- Up-to-date: /home/hd/Desktop/motor_controls.ws/install/ethercat_device_configurator/share/ethercat_sdk_master/environment/path.dsv
[8.179s] -- Up-to-date: /home/hd/Desktop/motor_controls.ws/install/ethercat_device_configurator/share/ethercat_sdk_master/local_setup.bash
[8.180s] -- Up-to-date: /home/hd/Desktop/motor_controls.ws/install/ethercat_device_configurator/share/ethercat_sdk_master/local_setup.sh
[8.180s] -- Up-to-date: /home/hd/Desktop/motor_controls.ws/install/ethercat_device_configurator/share/ethercat_sdk_master/local_setup.zsh
[8.180s] -- Up-to-date: /home/hd/Desktop/motor_controls.ws/install/ethercat_device_configurator/share/ethercat_sdk_master/local_setup.dsv
[8.180s] -- Up-to-date: /home/hd/Desktop/motor_controls.ws/install/ethercat_device_configurator/share/ethercat_sdk_master/package.dsv
[8.181s] -- Up-to-date: /home/hd/Desktop/motor_controls.ws/install/ethercat_device_configurator/share/ament_index/resource_index/packages/ethercat_sdk_master
[8.181s] -- Up-to-date: /home/hd/Desktop/motor_controls.ws/install/ethercat_device_configurator/share/ethercat_sdk_master/cmake/ethercat_sdk_masterConfig.cmake
[8.181s] -- Up-to-date: /home/hd/Desktop/motor_controls.ws/install/ethercat_device_configurator/share/ethercat_sdk_master/cmake/ethercat_sdk_masterConfig-version.cmake
[8.181s] -- Up-to-date: /home/hd/Desktop/motor_controls.ws/install/ethercat_device_configurator/share/ethercat_sdk_master/package.xml
[8.182s] -- Up-to-date: /home/hd/Desktop/motor_controls.ws/install/ethercat_device_configurator/lib/libmaxon_epos_ethercat_sdk.a
[8.182s] -- Up-to-date: /home/hd/Desktop/motor_controls.ws/install/ethercat_device_configurator/include/maxon_epos_ethercat_sdk
[8.182s] -- Up-to-date: /home/hd/Desktop/motor_controls.ws/install/ethercat_device_configurator/include/maxon_epos_ethercat_sdk/RxPdo.hpp
[8.183s] -- Up-to-date: /home/hd/Desktop/motor_controls.ws/install/ethercat_device_configurator/include/maxon_epos_ethercat_sdk/Maxon.hpp
[8.184s] -- Up-to-date: /home/hd/Desktop/motor_controls.ws/install/ethercat_device_configurator/include/maxon_epos_ethercat_sdk/TxPdo.hpp
[8.184s] -- Up-to-date: /home/hd/Desktop/motor_controls.ws/install/ethercat_device_configurator/include/maxon_epos_ethercat_sdk/ObjectDictionary.hpp
[8.184s] -- Up-to-date: /home/hd/Desktop/motor_controls.ws/install/ethercat_device_configurator/include/maxon_epos_ethercat_sdk/ModeOfOperationEnum.hpp
[8.184s] -- Up-to-date: /home/hd/Desktop/motor_controls.ws/install/ethercat_device_configurator/include/maxon_epos_ethercat_sdk/DriveState.hpp
[8.185s] -- Up-to-date: /home/hd/Desktop/motor_controls.ws/install/ethercat_device_configurator/include/maxon_epos_ethercat_sdk/Error.hpp
[8.185s] -- Up-to-date: /home/hd/Desktop/motor_controls.ws/install/ethercat_device_configurator/include/maxon_epos_ethercat_sdk/ConfigurationParser.hpp
[8.185s] -- Up-to-date: /home/hd/Desktop/motor_controls.ws/install/ethercat_device_configurator/include/maxon_epos_ethercat_sdk/Reading.hpp
[8.185s] -- Up-to-date: /home/hd/Desktop/motor_controls.ws/install/ethercat_device_configurator/include/maxon_epos_ethercat_sdk/PdoTypeEnum.hpp
[8.185s] -- Up-to-date: /home/hd/Desktop/motor_controls.ws/install/ethercat_device_configurator/include/maxon_epos_ethercat_sdk/Command.hpp
[8.186s] -- Up-to-date: /home/hd/Desktop/motor_controls.ws/install/ethercat_device_configurator/include/maxon_epos_ethercat_sdk/Controlword.hpp
[8.186s] -- Up-to-date: /home/hd/Desktop/motor_controls.ws/install/ethercat_device_configurator/include/maxon_epos_ethercat_sdk/Statusword.hpp
[8.186s] -- Up-to-date: /home/hd/Desktop/motor_controls.ws/install/ethercat_device_configurator/include/maxon_epos_ethercat_sdk/Configuration.hpp
[8.186s] -- Up-to-date: /home/hd/Desktop/motor_controls.ws/install/ethercat_device_configurator/share/ament_index/resource_index/package_run_dependencies/maxon_epos_ethercat_sdk
[8.187s] -- Up-to-date: /home/hd/Desktop/motor_controls.ws/install/ethercat_device_configurator/share/ament_index/resource_index/parent_prefix_path/maxon_epos_ethercat_sdk
[8.187s] -- Up-to-date: /home/hd/Desktop/motor_controls.ws/install/ethercat_device_configurator/share/maxon_epos_ethercat_sdk/environment/ament_prefix_path.dsv
[8.187s] -- Up-to-date: /home/hd/Desktop/motor_controls.ws/install/ethercat_device_configurator/share/maxon_epos_ethercat_sdk/environment/path.dsv
[8.187s] -- Up-to-date: /home/hd/Desktop/motor_controls.ws/install/ethercat_device_configurator/share/maxon_epos_ethercat_sdk/local_setup.bash
[8.187s] -- Up-to-date: /home/hd/Desktop/motor_controls.ws/install/ethercat_device_configurator/share/maxon_epos_ethercat_sdk/local_setup.sh
[8.188s] -- Up-to-date: /home/hd/Desktop/motor_controls.ws/install/ethercat_device_configurator/share/maxon_epos_ethercat_sdk/local_setup.zsh
[8.188s] -- Up-to-date: /home/hd/Desktop/motor_controls.ws/install/ethercat_device_configurator/share/maxon_epos_ethercat_sdk/local_setup.dsv
[8.188s] -- Up-to-date: /home/hd/Desktop/motor_controls.ws/install/ethercat_device_configurator/share/maxon_epos_ethercat_sdk/package.dsv
[8.201s] -- Up-to-date: /home/hd/Desktop/motor_controls.ws/install/ethercat_device_configurator/share/ament_index/resource_index/packages/maxon_epos_ethercat_sdk
[8.201s] -- Up-to-date: /home/hd/Desktop/motor_controls.ws/install/ethercat_device_configurator/share/maxon_epos_ethercat_sdk/cmake/maxon_epos_ethercat_sdkConfig.cmake
[8.201s] -- Up-to-date: /home/hd/Desktop/motor_controls.ws/install/ethercat_device_configurator/share/maxon_epos_ethercat_sdk/cmake/maxon_epos_ethercat_sdkConfig-version.cmake
[8.201s] -- Up-to-date: /home/hd/Desktop/motor_controls.ws/install/ethercat_device_configurator/share/maxon_epos_ethercat_sdk/package.xml
[8.201s] -- Up-to-date: /home/hd/Desktop/motor_controls.ws/install/ethercat_device_configurator/lib/libmessage_logger.so
[8.201s] -- Up-to-date: /home/hd/Desktop/motor_controls.ws/install/ethercat_device_configurator/include/message_logger
[8.201s] -- Up-to-date: /home/hd/Desktop/motor_controls.ws/install/ethercat_device_configurator/include/message_logger/time
[8.202s] -- Up-to-date: /home/hd/Desktop/motor_controls.ws/install/ethercat_device_configurator/include/message_logger/time/TimeStd.hpp
[8.202s] -- Up-to-date: /home/hd/Desktop/motor_controls.ws/install/ethercat_device_configurator/include/message_logger/time/Time.hpp
[8.202s] -- Up-to-date: /home/hd/Desktop/motor_controls.ws/install/ethercat_device_configurator/include/message_logger/message_logger.hpp
[8.202s] -- Up-to-date: /home/hd/Desktop/motor_controls.ws/install/ethercat_device_configurator/include/message_logger/common
[8.202s] -- Up-to-date: /home/hd/Desktop/motor_controls.ws/install/ethercat_device_configurator/include/message_logger/common/colors.hpp
[8.202s] -- Up-to-date: /home/hd/Desktop/motor_controls.ws/install/ethercat_device_configurator/include/message_logger/common/source_file_pos.hpp
[8.202s] -- Up-to-date: /home/hd/Desktop/motor_controls.ws/install/ethercat_device_configurator/include/message_logger/common/preprocessor_defines.hpp
[8.202s] -- Up-to-date: /home/hd/Desktop/motor_controls.ws/install/ethercat_device_configurator/include/message_logger/log
[8.202s] -- Up-to-date: /home/hd/Desktop/motor_controls.ws/install/ethercat_device_configurator/include/message_logger/log/log_messages_ros.hpp
[8.202s] -- Up-to-date: /home/hd/Desktop/motor_controls.ws/install/ethercat_device_configurator/include/message_logger/log/log_messages_std.hpp
[8.202s] -- Up-to-date: /home/hd/Desktop/motor_controls.ws/install/ethercat_device_configurator/include/message_logger/log/log_messages_backend_config.hpp
[8.202s] -- Up-to-date: /home/hd/Desktop/motor_controls.ws/install/ethercat_device_configurator/include/message_logger/log/log_messages_backend_config.hpp.in
[8.202s] -- Up-to-date: /home/hd/Desktop/motor_controls.ws/install/ethercat_device_configurator/include/message_logger/log/log_messages_backend.hpp
[8.202s] -- Up-to-date: /home/hd/Desktop/motor_controls.ws/install/ethercat_device_configurator/include/message_logger/log/log_messages.hpp
[8.202s] -- Up-to-date: /home/hd/Desktop/motor_controls.ws/install/ethercat_device_configurator/share/message_logger/environment/library_path.sh
[8.202s] -- Up-to-date: /home/hd/Desktop/motor_controls.ws/install/ethercat_device_configurator/share/message_logger/environment/library_path.dsv
[8.202s] -- Up-to-date: /home/hd/Desktop/motor_controls.ws/install/ethercat_device_configurator/share/ament_index/resource_index/package_run_dependencies/message_logger
[8.202s] -- Up-to-date: /home/hd/Desktop/motor_controls.ws/install/ethercat_device_configurator/share/ament_index/resource_index/parent_prefix_path/message_logger
[8.203s] -- Up-to-date: /home/hd/Desktop/motor_controls.ws/install/ethercat_device_configurator/share/message_logger/environment/ament_prefix_path.dsv
[8.203s] -- Up-to-date: /home/hd/Desktop/motor_controls.ws/install/ethercat_device_configurator/share/message_logger/environment/path.dsv
[8.203s] -- Up-to-date: /home/hd/Desktop/motor_controls.ws/install/ethercat_device_configurator/share/message_logger/local_setup.bash
[8.203s] -- Up-to-date: /home/hd/Desktop/motor_controls.ws/install/ethercat_device_configurator/share/message_logger/local_setup.sh
[8.203s] -- Up-to-date: /home/hd/Desktop/motor_controls.ws/install/ethercat_device_configurator/share/message_logger/local_setup.zsh
[8.203s] -- Up-to-date: /home/hd/Desktop/motor_controls.ws/install/ethercat_device_configurator/share/message_logger/local_setup.dsv
[8.203s] -- Up-to-date: /home/hd/Desktop/motor_controls.ws/install/ethercat_device_configurator/share/message_logger/package.dsv
[8.203s] -- Up-to-date: /home/hd/Desktop/motor_controls.ws/install/ethercat_device_configurator/share/ament_index/resource_index/packages/message_logger
[8.203s] -- Up-to-date: /home/hd/Desktop/motor_controls.ws/install/ethercat_device_configurator/share/message_logger/cmake/ament_cmake_export_include_directories-extras.cmake
[8.203s] -- Up-to-date: /home/hd/Desktop/motor_controls.ws/install/ethercat_device_configurator/share/message_logger/cmake/ament_cmake_export_libraries-extras.cmake
[8.203s] -- Up-to-date: /home/hd/Desktop/motor_controls.ws/install/ethercat_device_configurator/share/message_logger/cmake/message_loggerConfig.cmake
[8.203s] -- Up-to-date: /home/hd/Desktop/motor_controls.ws/install/ethercat_device_configurator/share/message_logger/cmake/message_loggerConfig-version.cmake
[8.203s] -- Up-to-date: /home/hd/Desktop/motor_controls.ws/install/ethercat_device_configurator/share/message_logger/package.xml
[8.203s] -- Up-to-date: /home/hd/Desktop/motor_controls.ws/install/ethercat_device_configurator/share/ament_index/resource_index/package_run_dependencies/soem_rsl
[8.203s] -- Up-to-date: /home/hd/Desktop/motor_controls.ws/install/ethercat_device_configurator/share/ament_index/resource_index/parent_prefix_path/soem_rsl
[8.203s] -- Up-to-date: /home/hd/Desktop/motor_controls.ws/install/ethercat_device_configurator/share/soem_rsl/environment/ament_prefix_path.dsv
[8.203s] -- Up-to-date: /home/hd/Desktop/motor_controls.ws/install/ethercat_device_configurator/share/soem_rsl/environment/path.dsv
[8.203s] -- Up-to-date: /home/hd/Desktop/motor_controls.ws/install/ethercat_device_configurator/share/soem_rsl/local_setup.bash
[8.204s] -- Up-to-date: /home/hd/Desktop/motor_controls.ws/install/ethercat_device_configurator/share/soem_rsl/local_setup.sh
[8.204s] -- Up-to-date: /home/hd/Desktop/motor_controls.ws/install/ethercat_device_configurator/share/soem_rsl/local_setup.zsh
[8.204s] -- Up-to-date: /home/hd/Desktop/motor_controls.ws/install/ethercat_device_configurator/share/soem_rsl/local_setup.dsv
[8.204s] -- Up-to-date: /home/hd/Desktop/motor_controls.ws/install/ethercat_device_configurator/share/soem_rsl/package.dsv
[8.204s] -- Up-to-date: /home/hd/Desktop/motor_controls.ws/install/ethercat_device_configurator/share/ament_index/resource_index/packages/soem_rsl
[8.204s] -- Up-to-date: /home/hd/Desktop/motor_controls.ws/install/ethercat_device_configurator/share/soem_rsl/cmake/soem_rslConfig.cmake
[8.204s] -- Up-to-date: /home/hd/Desktop/motor_controls.ws/install/ethercat_device_configurator/share/soem_rsl/cmake/soem_rslConfig-version.cmake
[8.204s] -- Up-to-date: /home/hd/Desktop/motor_controls.ws/install/ethercat_device_configurator/share/soem_rsl/package.xml
[8.204s] -- Up-to-date: /home/hd/Desktop/motor_controls.ws/install/ethercat_device_configurator/include
[8.204s] -- Up-to-date: /home/hd/Desktop/motor_controls.ws/install/ethercat_device_configurator/include/EthercatBusManagerBase.hpp
[8.204s] -- Up-to-date: /home/hd/Desktop/motor_controls.ws/install/ethercat_device_configurator/include/EthercatSlaveBase.hpp
[8.204s] -- Up-to-date: /home/hd/Desktop/motor_controls.ws/install/ethercat_device_configurator/include/common
[8.204s] -- Up-to-date: /home/hd/Desktop/motor_controls.ws/install/ethercat_device_configurator/include/common/Macros.hpp
[8.204s] -- Up-to-date: /home/hd/Desktop/motor_controls.ws/install/ethercat_device_configurator/include/common/ThreadSleep.hpp
[8.204s] -- Up-to-date: /home/hd/Desktop/motor_controls.ws/install/ethercat_device_configurator/include/EthercatBusBase.hpp
[8.204s] -- Up-to-date: /home/hd/Desktop/motor_controls.ws/install/ethercat_device_configurator/share/ament_index/resource_index/package_run_dependencies/soem_interface
[8.204s] -- Up-to-date: /home/hd/Desktop/motor_controls.ws/install/ethercat_device_configurator/share/ament_index/resource_index/parent_prefix_path/soem_interface
[8.204s] -- Up-to-date: /home/hd/Desktop/motor_controls.ws/install/ethercat_device_configurator/share/soem_interface/environment/ament_prefix_path.dsv
[8.205s] -- Up-to-date: /home/hd/Desktop/motor_controls.ws/install/ethercat_device_configurator/share/soem_interface/environment/path.dsv
[8.205s] -- Up-to-date: /home/hd/Desktop/motor_controls.ws/install/ethercat_device_configurator/share/soem_interface/local_setup.bash
[8.205s] -- Up-to-date: /home/hd/Desktop/motor_controls.ws/install/ethercat_device_configurator/share/soem_interface/local_setup.sh
[8.205s] -- Up-to-date: /home/hd/Desktop/motor_controls.ws/install/ethercat_device_configurator/share/soem_interface/local_setup.zsh
[8.205s] -- Up-to-date: /home/hd/Desktop/motor_controls.ws/install/ethercat_device_configurator/share/soem_interface/local_setup.dsv
[8.205s] -- Up-to-date: /home/hd/Desktop/motor_controls.ws/install/ethercat_device_configurator/share/soem_interface/package.dsv
[8.205s] -- Up-to-date: /home/hd/Desktop/motor_controls.ws/install/ethercat_device_configurator/share/ament_index/resource_index/packages/soem_interface
[8.205s] -- Up-to-date: /home/hd/Desktop/motor_controls.ws/install/ethercat_device_configurator/share/soem_interface/cmake/soem_interfaceConfig.cmake
[8.205s] -- Up-to-date: /home/hd/Desktop/motor_controls.ws/install/ethercat_device_configurator/share/soem_interface/cmake/soem_interfaceConfig-version.cmake
[8.205s] -- Up-to-date: /home/hd/Desktop/motor_controls.ws/install/ethercat_device_configurator/share/soem_interface/package.xml
[8.205s] Invoked command in '/home/hd/Desktop/motor_controls.ws/build/ethercat_device_configurator' returned '0': CMAKE_PREFIX_PATH=${CMAKE_PREFIX_PATH}:/home/hd/ros2_foxy/install/ros2bag:/home/hd/ros2_foxy/install/tracetools_launch:/home/hd/ros2_foxy/install/topic_monitor:/home/hd/ros2_foxy/install/examples_tf2_py:/home/hd/ros2_foxy/install/sros2:/home/hd/ros2_foxy/install/rqt_topic:/home/hd/ros2_foxy/install/rqt_top:/home/hd/ros2_foxy/install/rqt_srv:/home/hd/ros2_foxy/install/rqt_shell:/home/hd/ros2_foxy/install/rqt_service_caller:/home/hd/ros2_foxy/install/rqt_reconfigure:/home/hd/ros2_foxy/install/rqt_py_console:/home/hd/ros2_foxy/install/rqt_publisher:/home/hd/ros2_foxy/install/rqt_plot:/home/hd/ros2_foxy/install/rqt_action:/home/hd/ros2_foxy/install/rqt_msg:/home/hd/ros2_foxy/install/rqt_console:/home/hd/ros2_foxy/install/rqt:/home/hd/ros2_foxy/install/rqt_graph:/home/hd/ros2_foxy/install/rqt_gui_py:/home/hd/ros2_foxy/install/rqt_gui:/home/hd/ros2_foxy/install/ros2trace:/home/hd/ros2_foxy/install/ros2topic:/home/hd/ros2_foxy/install/ros2test:/home/hd/ros2_foxy/install/ros2component:/home/hd/ros2_foxy/install/ros2param:/home/hd/ros2_foxy/install/ros2lifecycle:/home/hd/ros2_foxy/install/ros2service:/home/hd/ros2_foxy/install/ros2run:/home/hd/ros2_foxy/install/ros2launch:/home/hd/ros2_foxy/install/ros2pkg:/home/hd/ros2_foxy/install/ros2node:/home/hd/ros2_foxy/install/ros2multicast:/home/hd/ros2_foxy/install/ros2interface:/home/hd/ros2_foxy/install/ros2doctor:/home/hd/ros2_foxy/install/ros2action:/home/hd/ros2_foxy/install/ros2cli:/home/hd/ros2_foxy/install/quality_of_service_demo_py:/home/hd/ros2_foxy/install/launch_testing_ros:/home/hd/ros2_foxy/install/launch_ros:/home/hd/ros2_foxy/install/examples_rclpy_minimal_subscriber:/home/hd/ros2_foxy/install/examples_rclpy_minimal_service:/home/hd/ros2_foxy/install/examples_rclpy_minimal_publisher:/home/hd/ros2_foxy/install/examples_rclpy_minimal_client:/home/hd/ros2_foxy/install/examples_rclpy_minimal_action_server:/home/hd/ros2_foxy/install/examples_rclpy_minimal_action_client:/home/hd/ros2_foxy/install/examples_rclpy_executors:/home/hd/ros2_foxy/install/demo_nodes_py:/home/hd/ros2_foxy/install/action_tutorials_py:/home/hd/ros2_foxy/install/ament_uncrustify:/home/hd/ros2_foxy/install/tracetools_trace:/home/hd/ros2_foxy/install/tracetools_read:/home/hd/ros2_foxy/install/test_launch_ros:/home/hd/ros2_foxy/install/sensor_msgs_py:/home/hd/ros2_foxy/install/rpyutils:/home/hd/ros2_foxy/install/rosidl_runtime_py:/home/hd/ros2_foxy/install/launch_yaml:/home/hd/ros2_foxy/install/launch_xml:/home/hd/ros2_foxy/install/launch_testing:/home/hd/ros2_foxy/install/launch:/home/hd/ros2_foxy/install/osrf_pycommon:/home/hd/ros2_foxy/install/domain_coordinator:/home/hd/ros2_foxy/install/ament_xmllint:/home/hd/ros2_foxy/install/ament_pyflakes:/home/hd/ros2_foxy/install/ament_pycodestyle:/home/hd/ros2_foxy/install/ament_pep257:/home/hd/ros2_foxy/install/ament_pclint:/home/hd/ros2_foxy/install/ament_package:/home/hd/ros2_foxy/install/ament_mypy:/home/hd/ros2_foxy/install/ament_lint_cmake:/home/hd/ros2_foxy/install/ament_flake8:/home/hd/ros2_foxy/install/ament_copyright:/home/hd/ros2_foxy/install/ament_lint:/home/hd/ros2_foxy/install/ament_index_python:/home/hd/ros2_foxy/install/ament_cpplint:/home/hd/ros2_foxy/install/ament_cppcheck:/home/hd/ros2_foxy/install/ament_clang_tidy:/home/hd/ros2_foxy/install/ament_clang_format /usr/bin/cmake --install /home/hd/Desktop/motor_controls.ws/build/ethercat_device_configurator
