[1.923s] DEBUG:colcon:Command line arguments: ['/usr/bin/colcon', 'build', '--packages-select', 'ethercat_device_configurrator']
[1.923s] DEBUG:colcon:Parsed command line arguments: Namespace(allow_overriding=[], ament_cmake_args=None, base_paths=['.'], build_base='build', catkin_cmake_args=None, catkin_skip_building_tests=False, cmake_args=None, cmake_clean_cache=False, cmake_clean_first=False, cmake_force_configure=False, cmake_target=None, cmake_target_skip_unavailable=False, continue_on_error=False, event_handlers=None, executor='parallel', ignore_user_meta=False, install_base='install', log_base=None, log_level=None, main=<bound method BuildVerb.main of <colcon_core.verb.build.BuildVerb object at 0x7fa8f1b52490>>, merge_install=False, metas=['./colcon.meta'], packages_above=None, packages_above_and_dependencies=None, packages_above_depth=None, packages_end=None, packages_ignore=None, packages_ignore_regex=None, packages_select=['ethercat_device_configurrator'], packages_select_build_failed=False, packages_select_by_dep=None, packages_select_regex=None, packages_select_test_failures=False, packages_skip=None, packages_skip_build_finished=False, packages_skip_by_dep=None, packages_skip_regex=None, packages_skip_test_passed=False, packages_skip_up_to=None, packages_start=None, packages_up_to=None, packages_up_to_regex=None, parallel_workers=2, paths=None, symlink_install=False, test_result_base=None, verb_extension=<colcon_core.verb.build.BuildVerb object at 0x7fa8f1b52490>, verb_name='build', verb_parser=<colcon_defaults.argument_parser.defaults.DefaultArgumentsDecorator object at 0x7fa8f1b529d0>)
[2.053s] Level 1:colcon.colcon_core.package_discovery:discover_packages(colcon_meta) check parameters
[2.054s] Level 1:colcon.colcon_core.package_discovery:discover_packages(recursive) check parameters
[2.054s] Level 1:colcon.colcon_core.package_discovery:discover_packages(ignore) check parameters
[2.054s] Level 1:colcon.colcon_core.package_discovery:discover_packages(path) check parameters
[2.054s] Level 1:colcon.colcon_core.package_discovery:discover_packages(colcon_meta) discover
[2.055s] Level 1:colcon.colcon_core.package_discovery:discover_packages(recursive) discover
[2.055s] INFO:colcon.colcon_core.package_discovery:Crawling recursively for packages in '/home/hd/Desktop/Motor_Control/motor_controls.ws'
[2.055s] Level 1:colcon.colcon_core.package_identification:_identify(.) by extensions ['ignore', 'ignore_ament_install']
[2.056s] Level 1:colcon.colcon_core.package_identification:_identify(.) by extension 'ignore'
[2.056s] Level 1:colcon.colcon_core.package_identification:_identify(.) by extension 'ignore_ament_install'
[2.056s] Level 1:colcon.colcon_core.package_identification:_identify(.) by extensions ['colcon_pkg']
[2.056s] Level 1:colcon.colcon_core.package_identification:_identify(.) by extension 'colcon_pkg'
[2.056s] Level 1:colcon.colcon_core.package_identification:_identify(.) by extensions ['colcon_meta']
[2.057s] Level 1:colcon.colcon_core.package_identification:_identify(.) by extension 'colcon_meta'
[2.057s] Level 1:colcon.colcon_core.package_identification:_identify(.) by extensions ['ros']
[2.057s] Level 1:colcon.colcon_core.package_identification:_identify(.) by extension 'ros'
[2.106s] Level 1:colcon.colcon_core.package_identification:_identify(.) by extensions ['cmake', 'python']
[2.317s] Level 1:colcon.colcon_core.package_identification:_identify(.) by extension 'cmake'
[2.318s] Level 1:colcon.colcon_core.package_identification:_identify(.) by extension 'python'
[2.318s] Level 1:colcon.colcon_core.package_identification:_identify(.) by extensions ['python_setup_py']
[2.318s] Level 1:colcon.colcon_core.package_identification:_identify(.) by extension 'python_setup_py'
[2.318s] Level 1:colcon.colcon_core.package_identification:_identify(build) by extensions ['ignore', 'ignore_ament_install']
[2.319s] Level 1:colcon.colcon_core.package_identification:_identify(build) by extension 'ignore'
[2.319s] Level 1:colcon.colcon_core.package_identification:_identify(build) ignored
[2.319s] Level 1:colcon.colcon_core.package_identification:_identify(install) by extensions ['ignore', 'ignore_ament_install']
[2.319s] Level 1:colcon.colcon_core.package_identification:_identify(install) by extension 'ignore'
[2.319s] Level 1:colcon.colcon_core.package_identification:_identify(install) ignored
[2.326s] Level 1:colcon.colcon_core.package_identification:_identify(log) by extensions ['ignore', 'ignore_ament_install']
[2.327s] Level 1:colcon.colcon_core.package_identification:_identify(log) by extension 'ignore'
[2.327s] Level 1:colcon.colcon_core.package_identification:_identify(log) ignored
[2.327s] Level 1:colcon.colcon_core.package_identification:_identify(src) by extensions ['ignore', 'ignore_ament_install']
[2.327s] Level 1:colcon.colcon_core.package_identification:_identify(src) by extension 'ignore'
[2.327s] Level 1:colcon.colcon_core.package_identification:_identify(src) by extension 'ignore_ament_install'
[2.327s] Level 1:colcon.colcon_core.package_identification:_identify(src) by extensions ['colcon_pkg']
[2.327s] Level 1:colcon.colcon_core.package_identification:_identify(src) by extension 'colcon_pkg'
[2.328s] Level 1:colcon.colcon_core.package_identification:_identify(src) by extensions ['colcon_meta']
[2.328s] Level 1:colcon.colcon_core.package_identification:_identify(src) by extension 'colcon_meta'
[2.328s] Level 1:colcon.colcon_core.package_identification:_identify(src) by extensions ['ros']
[2.328s] Level 1:colcon.colcon_core.package_identification:_identify(src) by extension 'ros'
[2.328s] Level 1:colcon.colcon_core.package_identification:_identify(src) by extensions ['cmake', 'python']
[2.328s] Level 1:colcon.colcon_core.package_identification:_identify(src) by extension 'cmake'
[2.328s] Level 1:colcon.colcon_core.package_identification:_identify(src) by extension 'python'
[2.328s] Level 1:colcon.colcon_core.package_identification:_identify(src) by extensions ['python_setup_py']
[2.328s] Level 1:colcon.colcon_core.package_identification:_identify(src) by extension 'python_setup_py'
[2.328s] Level 1:colcon.colcon_core.package_identification:_identify(src/coucou) by extensions ['ignore', 'ignore_ament_install']
[2.329s] Level 1:colcon.colcon_core.package_identification:_identify(src/coucou) by extension 'ignore'
[2.329s] Level 1:colcon.colcon_core.package_identification:_identify(src/coucou) by extension 'ignore_ament_install'
[2.329s] Level 1:colcon.colcon_core.package_identification:_identify(src/coucou) by extensions ['colcon_pkg']
[2.329s] Level 1:colcon.colcon_core.package_identification:_identify(src/coucou) by extension 'colcon_pkg'
[2.329s] Level 1:colcon.colcon_core.package_identification:_identify(src/coucou) by extensions ['colcon_meta']
[2.329s] Level 1:colcon.colcon_core.package_identification:_identify(src/coucou) by extension 'colcon_meta'
[2.329s] Level 1:colcon.colcon_core.package_identification:_identify(src/coucou) by extensions ['ros']
[2.329s] Level 1:colcon.colcon_core.package_identification:_identify(src/coucou) by extension 'ros'
[2.336s] DEBUG:colcon.colcon_core.package_identification:Package 'src/coucou' with type 'ros.ament_cmake' and name 'coucou'
[2.337s] Level 1:colcon.colcon_core.package_identification:_identify(src/ethercat_device_configurator) by extensions ['ignore', 'ignore_ament_install']
[2.337s] Level 1:colcon.colcon_core.package_identification:_identify(src/ethercat_device_configurator) by extension 'ignore'
[2.337s] Level 1:colcon.colcon_core.package_identification:_identify(src/ethercat_device_configurator) by extension 'ignore_ament_install'
[2.337s] Level 1:colcon.colcon_core.package_identification:_identify(src/ethercat_device_configurator) by extensions ['colcon_pkg']
[2.337s] Level 1:colcon.colcon_core.package_identification:_identify(src/ethercat_device_configurator) by extension 'colcon_pkg'
[2.337s] Level 1:colcon.colcon_core.package_identification:_identify(src/ethercat_device_configurator) by extensions ['colcon_meta']
[2.337s] Level 1:colcon.colcon_core.package_identification:_identify(src/ethercat_device_configurator) by extension 'colcon_meta'
[2.338s] Level 1:colcon.colcon_core.package_identification:_identify(src/ethercat_device_configurator) by extensions ['ros']
[2.338s] Level 1:colcon.colcon_core.package_identification:_identify(src/ethercat_device_configurator) by extension 'ros'
[2.340s] DEBUG:colcon.colcon_core.package_identification:Package 'src/ethercat_device_configurator' with type 'ros.ament_cmake' and name 'ethercat_device_configurator'
[2.340s] Level 1:colcon.colcon_core.package_identification:_identify(src/motor_control_interfaces) by extensions ['ignore', 'ignore_ament_install']
[2.340s] Level 1:colcon.colcon_core.package_identification:_identify(src/motor_control_interfaces) by extension 'ignore'
[2.340s] Level 1:colcon.colcon_core.package_identification:_identify(src/motor_control_interfaces) by extension 'ignore_ament_install'
[2.341s] Level 1:colcon.colcon_core.package_identification:_identify(src/motor_control_interfaces) by extensions ['colcon_pkg']
[2.341s] Level 1:colcon.colcon_core.package_identification:_identify(src/motor_control_interfaces) by extension 'colcon_pkg'
[2.341s] Level 1:colcon.colcon_core.package_identification:_identify(src/motor_control_interfaces) by extensions ['colcon_meta']
[2.341s] Level 1:colcon.colcon_core.package_identification:_identify(src/motor_control_interfaces) by extension 'colcon_meta'
[2.341s] Level 1:colcon.colcon_core.package_identification:_identify(src/motor_control_interfaces) by extensions ['ros']
[2.341s] Level 1:colcon.colcon_core.package_identification:_identify(src/motor_control_interfaces) by extension 'ros'
[2.342s] DEBUG:colcon.colcon_core.package_identification:Package 'src/motor_control_interfaces' with type 'ros.ament_cmake' and name 'motor_control_interfaces'
[2.342s] Level 1:colcon.colcon_core.package_discovery:discover_packages(recursive) using defaults
[2.342s] Level 1:colcon.colcon_core.package_discovery:discover_packages(ignore) discover
[2.342s] Level 1:colcon.colcon_core.package_discovery:discover_packages(ignore) using defaults
[2.342s] Level 1:colcon.colcon_core.package_discovery:discover_packages(path) discover
[2.342s] Level 1:colcon.colcon_core.package_discovery:discover_packages(path) using defaults
[2.350s] WARNING:colcon.colcon_core.package_selection:ignoring unknown package 'ethercat_device_configurrator' in --packages-select
[2.473s] INFO:colcon.colcon_core.package_selection:Skipping not selected package 'ethercat_device_configurator' in 'src/ethercat_device_configurator'
[2.476s] INFO:colcon.colcon_core.package_selection:Skipping not selected package 'motor_control_interfaces' in 'src/motor_control_interfaces'
[2.476s] INFO:colcon.colcon_core.package_selection:Skipping not selected package 'coucou' in 'src/coucou'
[2.478s] Level 1:colcon.colcon_core.package_discovery:discover_packages(prefix_path) check parameters
[2.478s] Level 1:colcon.colcon_core.package_discovery:discover_packages(prefix_path) discover
[2.525s] DEBUG:colcon.colcon_installed_package_information.package_discovery:Found 312 installed packages in /home/hd/ros2_foxy/install
[2.554s] DEBUG:colcon.colcon_installed_package_information.package_discovery:Found 78 installed packages in /opt/ros/foxy
[2.572s] Level 1:colcon.colcon_core.package_discovery:discover_packages(prefix_path) using defaults
[2.652s] INFO:colcon.colcon_core.executor:Executing jobs using 'parallel' executor
[2.675s] DEBUG:colcon.colcon_parallel_executor.executor.parallel:run_until_complete
[2.675s] DEBUG:colcon.colcon_parallel_executor.executor.parallel:closing loop
[2.675s] DEBUG:colcon.colcon_parallel_executor.executor.parallel:loop closed
[2.675s] DEBUG:colcon.colcon_parallel_executor.executor.parallel:run_until_complete finished with '0'
[2.675s] DEBUG:colcon.colcon_core.event_reactor:joining thread
[2.717s] INFO:colcon.colcon_core.plugin_system:Skipping extension 'colcon_notification.desktop_notification.terminal_notifier': Not used on non-Darwin systems
[2.745s] INFO:colcon.colcon_core.plugin_system:Skipping extension 'colcon_notification.desktop_notification.win32': Not used on non-Windows systems
[2.745s] INFO:colcon.colcon_notification.desktop_notification:Sending desktop notification using 'notify2'
[2.800s] DEBUG:colcon.colcon_core.event_reactor:joined thread
[2.845s] INFO:colcon.colcon_core.plugin_system:Skipping extension 'colcon_core.shell.bat': Not used on non-Windows systems
[2.847s] INFO:colcon.colcon_core.shell:Creating prefix script '/home/hd/Desktop/Motor_Control/motor_controls.ws/install/local_setup.ps1'
[2.852s] INFO:colcon.colcon_core.shell:Creating prefix util module '/home/hd/Desktop/Motor_Control/motor_controls.ws/install/_local_setup_util_ps1.py'
[2.859s] INFO:colcon.colcon_core.shell:Creating prefix chain script '/home/hd/Desktop/Motor_Control/motor_controls.ws/install/setup.ps1'
[2.887s] INFO:colcon.colcon_core.shell:Creating prefix script '/home/hd/Desktop/Motor_Control/motor_controls.ws/install/local_setup.sh'
[2.904s] INFO:colcon.colcon_core.shell:Creating prefix util module '/home/hd/Desktop/Motor_Control/motor_controls.ws/install/_local_setup_util_sh.py'
[2.905s] INFO:colcon.colcon_core.shell:Creating prefix chain script '/home/hd/Desktop/Motor_Control/motor_controls.ws/install/setup.sh'
[2.961s] INFO:colcon.colcon_core.shell:Creating prefix script '/home/hd/Desktop/Motor_Control/motor_controls.ws/install/local_setup.bash'
[2.969s] INFO:colcon.colcon_core.shell:Creating prefix chain script '/home/hd/Desktop/Motor_Control/motor_controls.ws/install/setup.bash'
[2.994s] INFO:colcon.colcon_core.shell:Creating prefix script '/home/hd/Desktop/Motor_Control/motor_controls.ws/install/local_setup.zsh'
[3.020s] INFO:colcon.colcon_core.shell:Creating prefix chain script '/home/hd/Desktop/Motor_Control/motor_controls.ws/install/setup.zsh'
