[1.174s] Invoking command in '/home/alex/Desktop/xplore/NAV_workspace/nav_ws/src/controller': PYTHONPATH=/home/alex/Desktop/xplore/NAV_workspace/nav_ws/src/controller/build/controller/prefix_override:/home/alex/Desktop/xplore/NAV_workspace/nav_ws/src/controller/install/controller/lib/python3.8/site-packages:${PYTHONPATH} /usr/bin/python3 setup.py egg_info --egg-base build/controller build --build-base /home/alex/Desktop/xplore/NAV_workspace/nav_ws/src/controller/build/controller/build install --record /home/alex/Desktop/xplore/NAV_workspace/nav_ws/src/controller/build/controller/install.log --install-scripts $base/lib/controller --single-version-externally-managed
[1.659s] running egg_info
[1.661s] creating build/controller/controller.egg-info
[1.662s] writing build/controller/controller.egg-info/PKG-INFO
[1.662s] writing dependency_links to build/controller/controller.egg-info/dependency_links.txt
[1.665s] writing entry points to build/controller/controller.egg-info/entry_points.txt
[1.666s] writing requirements to build/controller/controller.egg-info/requires.txt
[1.666s] writing top-level names to build/controller/controller.egg-info/top_level.txt
[1.688s] writing manifest file 'build/controller/controller.egg-info/SOURCES.txt'
[1.770s] reading manifest file 'build/controller/controller.egg-info/SOURCES.txt'
[1.772s] writing manifest file 'build/controller/controller.egg-info/SOURCES.txt'
[1.775s] running build
[1.775s] running build_py
[1.776s] creating /home/alex/Desktop/xplore/NAV_workspace/nav_ws/src/controller/build/controller/build
[1.776s] creating /home/alex/Desktop/xplore/NAV_workspace/nav_ws/src/controller/build/controller/build/lib
[1.776s] creating /home/alex/Desktop/xplore/NAV_workspace/nav_ws/src/controller/build/controller/build/lib/controller
[1.776s] copying controller/CS_subscriber.py -> /home/alex/Desktop/xplore/NAV_workspace/nav_ws/src/controller/build/controller/build/lib/controller
[1.777s] copying controller/__init__.py -> /home/alex/Desktop/xplore/NAV_workspace/nav_ws/src/controller/build/controller/build/lib/controller
[1.777s] copying controller/controller_publisher.py -> /home/alex/Desktop/xplore/NAV_workspace/nav_ws/src/controller/build/controller/build/lib/controller
[1.779s] copying controller/new_gamepad.py -> /home/alex/Desktop/xplore/NAV_workspace/nav_ws/src/controller/build/controller/build/lib/controller
[1.779s] copying controller/gamepad.py -> /home/alex/Desktop/xplore/NAV_workspace/nav_ws/src/controller/build/controller/build/lib/controller
[1.779s] running install
[1.787s] running install_lib
[1.788s] creating /home/alex/Desktop/xplore/NAV_workspace/nav_ws/src/controller/install/controller/lib/python3.8/site-packages/controller
[1.788s] copying /home/alex/Desktop/xplore/NAV_workspace/nav_ws/src/controller/build/controller/build/lib/controller/CS_subscriber.py -> /home/alex/Desktop/xplore/NAV_workspace/nav_ws/src/controller/install/controller/lib/python3.8/site-packages/controller
[1.789s] copying /home/alex/Desktop/xplore/NAV_workspace/nav_ws/src/controller/build/controller/build/lib/controller/__init__.py -> /home/alex/Desktop/xplore/NAV_workspace/nav_ws/src/controller/install/controller/lib/python3.8/site-packages/controller
[1.789s] copying /home/alex/Desktop/xplore/NAV_workspace/nav_ws/src/controller/build/controller/build/lib/controller/controller_publisher.py -> /home/alex/Desktop/xplore/NAV_workspace/nav_ws/src/controller/install/controller/lib/python3.8/site-packages/controller
[1.789s] copying /home/alex/Desktop/xplore/NAV_workspace/nav_ws/src/controller/build/controller/build/lib/controller/new_gamepad.py -> /home/alex/Desktop/xplore/NAV_workspace/nav_ws/src/controller/install/controller/lib/python3.8/site-packages/controller
[1.789s] copying /home/alex/Desktop/xplore/NAV_workspace/nav_ws/src/controller/build/controller/build/lib/controller/gamepad.py -> /home/alex/Desktop/xplore/NAV_workspace/nav_ws/src/controller/install/controller/lib/python3.8/site-packages/controller
[1.790s] byte-compiling /home/alex/Desktop/xplore/NAV_workspace/nav_ws/src/controller/install/controller/lib/python3.8/site-packages/controller/CS_subscriber.py to CS_subscriber.cpython-38.pyc
[1.793s] byte-compiling /home/alex/Desktop/xplore/NAV_workspace/nav_ws/src/controller/install/controller/lib/python3.8/site-packages/controller/__init__.py to __init__.cpython-38.pyc
[1.793s] byte-compiling /home/alex/Desktop/xplore/NAV_workspace/nav_ws/src/controller/install/controller/lib/python3.8/site-packages/controller/controller_publisher.py to controller_publisher.cpython-38.pyc
[1.795s] byte-compiling /home/alex/Desktop/xplore/NAV_workspace/nav_ws/src/controller/install/controller/lib/python3.8/site-packages/controller/new_gamepad.py to new_gamepad.cpython-38.pyc
[1.799s] byte-compiling /home/alex/Desktop/xplore/NAV_workspace/nav_ws/src/controller/install/controller/lib/python3.8/site-packages/controller/gamepad.py to gamepad.cpython-38.pyc
[1.807s] running install_data
[1.807s] creating /home/alex/Desktop/xplore/NAV_workspace/nav_ws/src/controller/install/controller/share/ament_index
[1.808s] creating /home/alex/Desktop/xplore/NAV_workspace/nav_ws/src/controller/install/controller/share/ament_index/resource_index
[1.808s] creating /home/alex/Desktop/xplore/NAV_workspace/nav_ws/src/controller/install/controller/share/ament_index/resource_index/packages
[1.808s] copying resource/controller -> /home/alex/Desktop/xplore/NAV_workspace/nav_ws/src/controller/install/controller/share/ament_index/resource_index/packages
[1.808s] copying package.xml -> /home/alex/Desktop/xplore/NAV_workspace/nav_ws/src/controller/install/controller/share/controller
[1.808s] running install_egg_info
[1.813s] Copying build/controller/controller.egg-info to /home/alex/Desktop/xplore/NAV_workspace/nav_ws/src/controller/install/controller/lib/python3.8/site-packages/controller-0.0.0-py3.8.egg-info
[1.815s] running install_scripts
[1.854s] writing list of installed files to '/home/alex/Desktop/xplore/NAV_workspace/nav_ws/src/controller/build/controller/install.log'
[1.908s] Invoked command in '/home/alex/Desktop/xplore/NAV_workspace/nav_ws/src/controller' returned '0': PYTHONPATH=/home/alex/Desktop/xplore/NAV_workspace/nav_ws/src/controller/build/controller/prefix_override:/home/alex/Desktop/xplore/NAV_workspace/nav_ws/src/controller/install/controller/lib/python3.8/site-packages:${PYTHONPATH} /usr/bin/python3 setup.py egg_info --egg-base build/controller build --build-base /home/alex/Desktop/xplore/NAV_workspace/nav_ws/src/controller/build/controller/build install --record /home/alex/Desktop/xplore/NAV_workspace/nav_ws/src/controller/build/controller/install.log --install-scripts $base/lib/controller --single-version-externally-managed
