[1.108s] DEBUG:colcon:Command line arguments: ['/usr/bin/colcon', 'build', '--packages-select', 'ethercat_device_configurator']
[1.108s] DEBUG:colcon:Parsed command line arguments: Namespace(allow_overriding=[], ament_cmake_args=None, base_paths=['.'], build_base='build', catkin_cmake_args=None, catkin_skip_building_tests=False, cmake_args=None, cmake_clean_cache=False, cmake_clean_first=False, cmake_force_configure=False, cmake_target=None, cmake_target_skip_unavailable=False, continue_on_error=False, event_handlers=None, executor='parallel', ignore_user_meta=False, install_base='install', log_base=None, log_level=None, main=<bound method BuildVerb.main of <colcon_core.verb.build.BuildVerb object at 0x7ffae56a03a0>>, merge_install=False, metas=['./colcon.meta'], packages_above=None, packages_above_and_dependencies=None, packages_above_depth=None, packages_end=None, packages_ignore=None, packages_ignore_regex=None, packages_select=['ethercat_device_configurator'], packages_select_build_failed=False, packages_select_by_dep=None, packages_select_regex=None, packages_select_test_failures=False, packages_skip=None, packages_skip_build_finished=False, packages_skip_by_dep=None, packages_skip_regex=None, packages_skip_test_passed=False, packages_skip_up_to=None, packages_start=None, packages_up_to=None, packages_up_to_regex=None, parallel_workers=2, paths=None, symlink_install=False, test_result_base=None, verb_extension=<colcon_core.verb.build.BuildVerb object at 0x7ffae56a03a0>, verb_name='build', verb_parser=<colcon_defaults.argument_parser.defaults.DefaultArgumentsDecorator object at 0x7ffae56a08e0>)
[1.209s] Level 1:colcon.colcon_core.package_discovery:discover_packages(colcon_meta) check parameters
[1.209s] Level 1:colcon.colcon_core.package_discovery:discover_packages(recursive) check parameters
[1.209s] Level 1:colcon.colcon_core.package_discovery:discover_packages(ignore) check parameters
[1.209s] Level 1:colcon.colcon_core.package_discovery:discover_packages(path) check parameters
[1.210s] Level 1:colcon.colcon_core.package_discovery:discover_packages(colcon_meta) discover
[1.210s] Level 1:colcon.colcon_core.package_discovery:discover_packages(recursive) discover
[1.210s] INFO:colcon.colcon_core.package_discovery:Crawling recursively for packages in '/home/hd/Desktop/Motor_Control/motor_controls.ws'
[1.210s] Level 1:colcon.colcon_core.package_identification:_identify(.) by extensions ['ignore', 'ignore_ament_install']
[1.210s] Level 1:colcon.colcon_core.package_identification:_identify(.) by extension 'ignore'
[1.210s] Level 1:colcon.colcon_core.package_identification:_identify(.) by extension 'ignore_ament_install'
[1.211s] Level 1:colcon.colcon_core.package_identification:_identify(.) by extensions ['colcon_pkg']
[1.211s] Level 1:colcon.colcon_core.package_identification:_identify(.) by extension 'colcon_pkg'
[1.211s] Level 1:colcon.colcon_core.package_identification:_identify(.) by extensions ['colcon_meta']
[1.211s] Level 1:colcon.colcon_core.package_identification:_identify(.) by extension 'colcon_meta'
[1.212s] Level 1:colcon.colcon_core.package_identification:_identify(.) by extensions ['ros']
[1.212s] Level 1:colcon.colcon_core.package_identification:_identify(.) by extension 'ros'
[1.233s] Level 1:colcon.colcon_core.package_identification:_identify(.) by extensions ['cmake', 'python']
[1.233s] Level 1:colcon.colcon_core.package_identification:_identify(.) by extension 'cmake'
[1.233s] Level 1:colcon.colcon_core.package_identification:_identify(.) by extension 'python'
[1.233s] Level 1:colcon.colcon_core.package_identification:_identify(.) by extensions ['python_setup_py']
[1.233s] Level 1:colcon.colcon_core.package_identification:_identify(.) by extension 'python_setup_py'
[1.234s] Level 1:colcon.colcon_core.package_identification:_identify(build) by extensions ['ignore', 'ignore_ament_install']
[1.235s] Level 1:colcon.colcon_core.package_identification:_identify(build) by extension 'ignore'
[1.235s] Level 1:colcon.colcon_core.package_identification:_identify(build) ignored
[1.235s] Level 1:colcon.colcon_core.package_identification:_identify(install) by extensions ['ignore', 'ignore_ament_install']
[1.235s] Level 1:colcon.colcon_core.package_identification:_identify(install) by extension 'ignore'
[1.235s] Level 1:colcon.colcon_core.package_identification:_identify(install) ignored
[1.236s] Level 1:colcon.colcon_core.package_identification:_identify(log) by extensions ['ignore', 'ignore_ament_install']
[1.236s] Level 1:colcon.colcon_core.package_identification:_identify(log) by extension 'ignore'
[1.236s] Level 1:colcon.colcon_core.package_identification:_identify(log) ignored
[1.236s] Level 1:colcon.colcon_core.package_identification:_identify(src) by extensions ['ignore', 'ignore_ament_install']
[1.236s] Level 1:colcon.colcon_core.package_identification:_identify(src) by extension 'ignore'
[1.236s] Level 1:colcon.colcon_core.package_identification:_identify(src) by extension 'ignore_ament_install'
[1.236s] Level 1:colcon.colcon_core.package_identification:_identify(src) by extensions ['colcon_pkg']
[1.236s] Level 1:colcon.colcon_core.package_identification:_identify(src) by extension 'colcon_pkg'
[1.236s] Level 1:colcon.colcon_core.package_identification:_identify(src) by extensions ['colcon_meta']
[1.237s] Level 1:colcon.colcon_core.package_identification:_identify(src) by extension 'colcon_meta'
[1.237s] Level 1:colcon.colcon_core.package_identification:_identify(src) by extensions ['ros']
[1.239s] Level 1:colcon.colcon_core.package_identification:_identify(src) by extension 'ros'
[1.239s] Level 1:colcon.colcon_core.package_identification:_identify(src) by extensions ['cmake', 'python']
[1.239s] Level 1:colcon.colcon_core.package_identification:_identify(src) by extension 'cmake'
[1.239s] Level 1:colcon.colcon_core.package_identification:_identify(src) by extension 'python'
[1.239s] Level 1:colcon.colcon_core.package_identification:_identify(src) by extensions ['python_setup_py']
[1.239s] Level 1:colcon.colcon_core.package_identification:_identify(src) by extension 'python_setup_py'
[1.239s] Level 1:colcon.colcon_core.package_identification:_identify(src/coucou) by extensions ['ignore', 'ignore_ament_install']
[1.239s] Level 1:colcon.colcon_core.package_identification:_identify(src/coucou) by extension 'ignore'
[1.240s] Level 1:colcon.colcon_core.package_identification:_identify(src/coucou) by extension 'ignore_ament_install'
[1.240s] Level 1:colcon.colcon_core.package_identification:_identify(src/coucou) by extensions ['colcon_pkg']
[1.240s] Level 1:colcon.colcon_core.package_identification:_identify(src/coucou) by extension 'colcon_pkg'
[1.240s] Level 1:colcon.colcon_core.package_identification:_identify(src/coucou) by extensions ['colcon_meta']
[1.240s] Level 1:colcon.colcon_core.package_identification:_identify(src/coucou) by extension 'colcon_meta'
[1.240s] Level 1:colcon.colcon_core.package_identification:_identify(src/coucou) by extensions ['ros']
[1.240s] Level 1:colcon.colcon_core.package_identification:_identify(src/coucou) by extension 'ros'
[1.245s] DEBUG:colcon.colcon_core.package_identification:Package 'src/coucou' with type 'ros.ament_cmake' and name 'coucou'
[1.245s] Level 1:colcon.colcon_core.package_identification:_identify(src/ethercat_device_configurator) by extensions ['ignore', 'ignore_ament_install']
[1.246s] Level 1:colcon.colcon_core.package_identification:_identify(src/ethercat_device_configurator) by extension 'ignore'
[1.246s] Level 1:colcon.colcon_core.package_identification:_identify(src/ethercat_device_configurator) by extension 'ignore_ament_install'
[1.246s] Level 1:colcon.colcon_core.package_identification:_identify(src/ethercat_device_configurator) by extensions ['colcon_pkg']
[1.247s] Level 1:colcon.colcon_core.package_identification:_identify(src/ethercat_device_configurator) by extension 'colcon_pkg'
[1.247s] Level 1:colcon.colcon_core.package_identification:_identify(src/ethercat_device_configurator) by extensions ['colcon_meta']
[1.247s] Level 1:colcon.colcon_core.package_identification:_identify(src/ethercat_device_configurator) by extension 'colcon_meta'
[1.247s] Level 1:colcon.colcon_core.package_identification:_identify(src/ethercat_device_configurator) by extensions ['ros']
[1.247s] Level 1:colcon.colcon_core.package_identification:_identify(src/ethercat_device_configurator) by extension 'ros'
[1.249s] DEBUG:colcon.colcon_core.package_identification:Package 'src/ethercat_device_configurator' with type 'ros.ament_cmake' and name 'ethercat_device_configurator'
[1.249s] Level 1:colcon.colcon_core.package_identification:_identify(src/motor_control_interfaces) by extensions ['ignore', 'ignore_ament_install']
[1.250s] Level 1:colcon.colcon_core.package_identification:_identify(src/motor_control_interfaces) by extension 'ignore'
[1.250s] Level 1:colcon.colcon_core.package_identification:_identify(src/motor_control_interfaces) by extension 'ignore_ament_install'
[1.250s] Level 1:colcon.colcon_core.package_identification:_identify(src/motor_control_interfaces) by extensions ['colcon_pkg']
[1.250s] Level 1:colcon.colcon_core.package_identification:_identify(src/motor_control_interfaces) by extension 'colcon_pkg'
[1.251s] Level 1:colcon.colcon_core.package_identification:_identify(src/motor_control_interfaces) by extensions ['colcon_meta']
[1.251s] Level 1:colcon.colcon_core.package_identification:_identify(src/motor_control_interfaces) by extension 'colcon_meta'
[1.251s] Level 1:colcon.colcon_core.package_identification:_identify(src/motor_control_interfaces) by extensions ['ros']
[1.251s] Level 1:colcon.colcon_core.package_identification:_identify(src/motor_control_interfaces) by extension 'ros'
[1.252s] DEBUG:colcon.colcon_core.package_identification:Package 'src/motor_control_interfaces' with type 'ros.ament_cmake' and name 'motor_control_interfaces'
[1.252s] Level 1:colcon.colcon_core.package_discovery:discover_packages(recursive) using defaults
[1.253s] Level 1:colcon.colcon_core.package_discovery:discover_packages(ignore) discover
[1.254s] Level 1:colcon.colcon_core.package_discovery:discover_packages(ignore) using defaults
[1.254s] Level 1:colcon.colcon_core.package_discovery:discover_packages(path) discover
[1.254s] Level 1:colcon.colcon_core.package_discovery:discover_packages(path) using defaults
[1.327s] INFO:colcon.colcon_core.package_selection:Skipping not selected package 'motor_control_interfaces' in 'src/motor_control_interfaces'
[1.327s] INFO:colcon.colcon_core.package_selection:Skipping not selected package 'coucou' in 'src/coucou'
[1.328s] Level 1:colcon.colcon_core.package_discovery:discover_packages(prefix_path) check parameters
[1.331s] Level 1:colcon.colcon_core.package_discovery:discover_packages(prefix_path) discover
[1.368s] DEBUG:colcon.colcon_installed_package_information.package_discovery:Found 312 installed packages in /home/hd/ros2_foxy/install
[1.376s] DEBUG:colcon.colcon_installed_package_information.package_discovery:Found 78 installed packages in /opt/ros/foxy
[1.382s] Level 1:colcon.colcon_core.package_discovery:discover_packages(prefix_path) using defaults
[1.437s] Level 5:colcon.colcon_core.verb:set package 'ethercat_device_configurator' build argument 'cmake_args' from command line to 'None'
[1.438s] Level 5:colcon.colcon_core.verb:set package 'ethercat_device_configurator' build argument 'cmake_target' from command line to 'None'
[1.438s] Level 5:colcon.colcon_core.verb:set package 'ethercat_device_configurator' build argument 'cmake_target_skip_unavailable' from command line to 'False'
[1.438s] Level 5:colcon.colcon_core.verb:set package 'ethercat_device_configurator' build argument 'cmake_clean_cache' from command line to 'False'
[1.439s] Level 5:colcon.colcon_core.verb:set package 'ethercat_device_configurator' build argument 'cmake_clean_first' from command line to 'False'
[1.439s] Level 5:colcon.colcon_core.verb:set package 'ethercat_device_configurator' build argument 'cmake_force_configure' from command line to 'False'
[1.440s] Level 5:colcon.colcon_core.verb:set package 'ethercat_device_configurator' build argument 'ament_cmake_args' from command line to 'None'
[1.440s] Level 5:colcon.colcon_core.verb:set package 'ethercat_device_configurator' build argument 'catkin_cmake_args' from command line to 'None'
[1.440s] Level 5:colcon.colcon_core.verb:set package 'ethercat_device_configurator' build argument 'catkin_skip_building_tests' from command line to 'False'
[1.440s] DEBUG:colcon.colcon_core.verb:Building package 'ethercat_device_configurator' with the following arguments: {'ament_cmake_args': None, 'build_base': '/home/hd/Desktop/Motor_Control/motor_controls.ws/build/ethercat_device_configurator', 'catkin_cmake_args': None, 'catkin_skip_building_tests': False, 'cmake_args': None, 'cmake_clean_cache': False, 'cmake_clean_first': False, 'cmake_force_configure': False, 'cmake_target': None, 'cmake_target_skip_unavailable': False, 'install_base': '/home/hd/Desktop/Motor_Control/motor_controls.ws/install/ethercat_device_configurator', 'merge_install': False, 'path': '/home/hd/Desktop/Motor_Control/motor_controls.ws/src/ethercat_device_configurator', 'symlink_install': False, 'test_result_base': None}
[1.444s] INFO:colcon.colcon_core.executor:Executing jobs using 'parallel' executor
[1.462s] DEBUG:colcon.colcon_parallel_executor.executor.parallel:run_until_complete
[1.463s] INFO:colcon.colcon_ros.task.ament_cmake.build:Building ROS package in '/home/hd/Desktop/Motor_Control/motor_controls.ws/src/ethercat_device_configurator' with build type 'ament_cmake'
[1.463s] INFO:colcon.colcon_cmake.task.cmake.build:Building CMake package in '/home/hd/Desktop/Motor_Control/motor_controls.ws/src/ethercat_device_configurator'
[1.481s] INFO:colcon.colcon_core.plugin_system:Skipping extension 'colcon_core.shell.bat': Not used on non-Windows systems
[1.481s] INFO:colcon.colcon_core.shell:Skip shell extension 'powershell' for command environment: Not usable outside of PowerShell
[1.483s] DEBUG:colcon.colcon_core.shell:Skip shell extension 'dsv' for command environment
[1.622s] DEBUG:colcon.colcon_core.event_handler.log_command:Invoking command in '/home/hd/Desktop/Motor_Control/motor_controls.ws/build/ethercat_device_configurator': CMAKE_PREFIX_PATH=${CMAKE_PREFIX_PATH}:/opt/ros/foxy:/home/hd/ros2_foxy/install/ros2bag:/home/hd/ros2_foxy/install/tracetools_launch:/home/hd/ros2_foxy/install/topic_monitor:/home/hd/ros2_foxy/install/examples_tf2_py:/home/hd/ros2_foxy/install/sros2:/home/hd/ros2_foxy/install/rqt_topic:/home/hd/ros2_foxy/install/rqt_top:/home/hd/ros2_foxy/install/rqt_srv:/home/hd/ros2_foxy/install/rqt_shell:/home/hd/ros2_foxy/install/rqt_service_caller:/home/hd/ros2_foxy/install/rqt_reconfigure:/home/hd/ros2_foxy/install/rqt_py_console:/home/hd/ros2_foxy/install/rqt_publisher:/home/hd/ros2_foxy/install/rqt_plot:/home/hd/ros2_foxy/install/rqt_action:/home/hd/ros2_foxy/install/rqt_msg:/home/hd/ros2_foxy/install/rqt_console:/home/hd/ros2_foxy/install/rqt:/home/hd/ros2_foxy/install/rqt_graph:/home/hd/ros2_foxy/install/rqt_gui_py:/home/hd/ros2_foxy/install/rqt_gui:/home/hd/ros2_foxy/install/ros2trace:/home/hd/ros2_foxy/install/ros2topic:/home/hd/ros2_foxy/install/ros2test:/home/hd/ros2_foxy/install/ros2component:/home/hd/ros2_foxy/install/ros2param:/home/hd/ros2_foxy/install/ros2lifecycle:/home/hd/ros2_foxy/install/ros2service:/home/hd/ros2_foxy/install/ros2run:/home/hd/ros2_foxy/install/ros2launch:/home/hd/ros2_foxy/install/ros2pkg:/home/hd/ros2_foxy/install/ros2node:/home/hd/ros2_foxy/install/ros2multicast:/home/hd/ros2_foxy/install/ros2interface:/home/hd/ros2_foxy/install/ros2doctor:/home/hd/ros2_foxy/install/ros2action:/home/hd/ros2_foxy/install/ros2cli:/home/hd/ros2_foxy/install/quality_of_service_demo_py:/home/hd/ros2_foxy/install/launch_testing_ros:/home/hd/ros2_foxy/install/launch_ros:/home/hd/ros2_foxy/install/joystick_ros2:/home/hd/ros2_foxy/install/examples_rclpy_minimal_subscriber:/home/hd/ros2_foxy/install/examples_rclpy_minimal_service:/home/hd/ros2_foxy/install/examples_rclpy_minimal_publisher:/home/hd/ros2_foxy/install/examples_rclpy_minimal_client:/home/hd/ros2_foxy/install/examples_rclpy_minimal_action_server:/home/hd/ros2_foxy/install/examples_rclpy_minimal_action_client:/home/hd/ros2_foxy/install/examples_rclpy_executors:/home/hd/ros2_foxy/install/demo_nodes_py:/home/hd/ros2_foxy/install/action_tutorials_py:/home/hd/ros2_foxy/install/ament_uncrustify:/home/hd/ros2_foxy/install/tracetools_trace:/home/hd/ros2_foxy/install/tracetools_read:/home/hd/ros2_foxy/install/test_launch_ros:/home/hd/ros2_foxy/install/sensor_msgs_py:/home/hd/ros2_foxy/install/rpyutils:/home/hd/ros2_foxy/install/rosidl_runtime_py:/home/hd/ros2_foxy/install/launch_yaml:/home/hd/ros2_foxy/install/launch_xml:/home/hd/ros2_foxy/install/launch_testing:/home/hd/ros2_foxy/install/launch:/home/hd/ros2_foxy/install/osrf_pycommon:/home/hd/ros2_foxy/install/domain_coordinator:/home/hd/ros2_foxy/install/ament_xmllint:/home/hd/ros2_foxy/install/ament_pyflakes:/home/hd/ros2_foxy/install/ament_pycodestyle:/home/hd/ros2_foxy/install/ament_pep257:/home/hd/ros2_foxy/install/ament_pclint:/home/hd/ros2_foxy/install/ament_package:/home/hd/ros2_foxy/install/ament_mypy:/home/hd/ros2_foxy/install/ament_lint_cmake:/home/hd/ros2_foxy/install/ament_flake8:/home/hd/ros2_foxy/install/ament_copyright:/home/hd/ros2_foxy/install/ament_lint:/home/hd/ros2_foxy/install/ament_index_python:/home/hd/ros2_foxy/install/ament_cpplint:/home/hd/ros2_foxy/install/ament_cppcheck:/home/hd/ros2_foxy/install/ament_clang_tidy:/home/hd/ros2_foxy/install/ament_clang_format /usr/bin/cmake --build /home/hd/Desktop/Motor_Control/motor_controls.ws/build/ethercat_device_configurator -- -j2 -l2
[8.391s] DEBUG:colcon.colcon_core.event_handler.log_command:Invoked command in '/home/hd/Desktop/Motor_Control/motor_controls.ws/build/ethercat_device_configurator' returned '2': CMAKE_PREFIX_PATH=${CMAKE_PREFIX_PATH}:/opt/ros/foxy:/home/hd/ros2_foxy/install/ros2bag:/home/hd/ros2_foxy/install/tracetools_launch:/home/hd/ros2_foxy/install/topic_monitor:/home/hd/ros2_foxy/install/examples_tf2_py:/home/hd/ros2_foxy/install/sros2:/home/hd/ros2_foxy/install/rqt_topic:/home/hd/ros2_foxy/install/rqt_top:/home/hd/ros2_foxy/install/rqt_srv:/home/hd/ros2_foxy/install/rqt_shell:/home/hd/ros2_foxy/install/rqt_service_caller:/home/hd/ros2_foxy/install/rqt_reconfigure:/home/hd/ros2_foxy/install/rqt_py_console:/home/hd/ros2_foxy/install/rqt_publisher:/home/hd/ros2_foxy/install/rqt_plot:/home/hd/ros2_foxy/install/rqt_action:/home/hd/ros2_foxy/install/rqt_msg:/home/hd/ros2_foxy/install/rqt_console:/home/hd/ros2_foxy/install/rqt:/home/hd/ros2_foxy/install/rqt_graph:/home/hd/ros2_foxy/install/rqt_gui_py:/home/hd/ros2_foxy/install/rqt_gui:/home/hd/ros2_foxy/install/ros2trace:/home/hd/ros2_foxy/install/ros2topic:/home/hd/ros2_foxy/install/ros2test:/home/hd/ros2_foxy/install/ros2component:/home/hd/ros2_foxy/install/ros2param:/home/hd/ros2_foxy/install/ros2lifecycle:/home/hd/ros2_foxy/install/ros2service:/home/hd/ros2_foxy/install/ros2run:/home/hd/ros2_foxy/install/ros2launch:/home/hd/ros2_foxy/install/ros2pkg:/home/hd/ros2_foxy/install/ros2node:/home/hd/ros2_foxy/install/ros2multicast:/home/hd/ros2_foxy/install/ros2interface:/home/hd/ros2_foxy/install/ros2doctor:/home/hd/ros2_foxy/install/ros2action:/home/hd/ros2_foxy/install/ros2cli:/home/hd/ros2_foxy/install/quality_of_service_demo_py:/home/hd/ros2_foxy/install/launch_testing_ros:/home/hd/ros2_foxy/install/launch_ros:/home/hd/ros2_foxy/install/joystick_ros2:/home/hd/ros2_foxy/install/examples_rclpy_minimal_subscriber:/home/hd/ros2_foxy/install/examples_rclpy_minimal_service:/home/hd/ros2_foxy/install/examples_rclpy_minimal_publisher:/home/hd/ros2_foxy/install/examples_rclpy_minimal_client:/home/hd/ros2_foxy/install/examples_rclpy_minimal_action_server:/home/hd/ros2_foxy/install/examples_rclpy_minimal_action_client:/home/hd/ros2_foxy/install/examples_rclpy_executors:/home/hd/ros2_foxy/install/demo_nodes_py:/home/hd/ros2_foxy/install/action_tutorials_py:/home/hd/ros2_foxy/install/ament_uncrustify:/home/hd/ros2_foxy/install/tracetools_trace:/home/hd/ros2_foxy/install/tracetools_read:/home/hd/ros2_foxy/install/test_launch_ros:/home/hd/ros2_foxy/install/sensor_msgs_py:/home/hd/ros2_foxy/install/rpyutils:/home/hd/ros2_foxy/install/rosidl_runtime_py:/home/hd/ros2_foxy/install/launch_yaml:/home/hd/ros2_foxy/install/launch_xml:/home/hd/ros2_foxy/install/launch_testing:/home/hd/ros2_foxy/install/launch:/home/hd/ros2_foxy/install/osrf_pycommon:/home/hd/ros2_foxy/install/domain_coordinator:/home/hd/ros2_foxy/install/ament_xmllint:/home/hd/ros2_foxy/install/ament_pyflakes:/home/hd/ros2_foxy/install/ament_pycodestyle:/home/hd/ros2_foxy/install/ament_pep257:/home/hd/ros2_foxy/install/ament_pclint:/home/hd/ros2_foxy/install/ament_package:/home/hd/ros2_foxy/install/ament_mypy:/home/hd/ros2_foxy/install/ament_lint_cmake:/home/hd/ros2_foxy/install/ament_flake8:/home/hd/ros2_foxy/install/ament_copyright:/home/hd/ros2_foxy/install/ament_lint:/home/hd/ros2_foxy/install/ament_index_python:/home/hd/ros2_foxy/install/ament_cpplint:/home/hd/ros2_foxy/install/ament_cppcheck:/home/hd/ros2_foxy/install/ament_clang_tidy:/home/hd/ros2_foxy/install/ament_clang_format /usr/bin/cmake --build /home/hd/Desktop/Motor_Control/motor_controls.ws/build/ethercat_device_configurator -- -j2 -l2
[8.952s] Level 1:colcon.colcon_core.environment:create_environment_scripts_only(ethercat_device_configurator)
[8.977s] Level 1:colcon.colcon_core.environment:checking '/home/hd/Desktop/Motor_Control/motor_controls.ws/install/ethercat_device_configurator' for CMake module files
[8.985s] Level 1:colcon.colcon_core.environment:checking '/home/hd/Desktop/Motor_Control/motor_controls.ws/install/ethercat_device_configurator' for CMake config files
[8.987s] Level 1:colcon.colcon_core.shell:create_environment_hook('ethercat_device_configurator', 'cmake_prefix_path')
[8.995s] INFO:colcon.colcon_core.shell:Creating environment hook '/home/hd/Desktop/Motor_Control/motor_controls.ws/install/ethercat_device_configurator/share/ethercat_device_configurator/hook/cmake_prefix_path.ps1'
[8.997s] INFO:colcon.colcon_core.shell:Creating environment descriptor '/home/hd/Desktop/Motor_Control/motor_controls.ws/install/ethercat_device_configurator/share/ethercat_device_configurator/hook/cmake_prefix_path.dsv'
[9.000s] INFO:colcon.colcon_core.shell:Creating environment hook '/home/hd/Desktop/Motor_Control/motor_controls.ws/install/ethercat_device_configurator/share/ethercat_device_configurator/hook/cmake_prefix_path.sh'
[9.003s] Level 1:colcon.colcon_core.environment:checking '/home/hd/Desktop/Motor_Control/motor_controls.ws/install/ethercat_device_configurator/lib'
[9.004s] Level 1:colcon.colcon_core.shell:create_environment_hook('ethercat_device_configurator', 'ld_library_path_lib')
[9.013s] INFO:colcon.colcon_core.shell:Creating environment hook '/home/hd/Desktop/Motor_Control/motor_controls.ws/install/ethercat_device_configurator/share/ethercat_device_configurator/hook/ld_library_path_lib.ps1'
[9.017s] INFO:colcon.colcon_core.shell:Creating environment descriptor '/home/hd/Desktop/Motor_Control/motor_controls.ws/install/ethercat_device_configurator/share/ethercat_device_configurator/hook/ld_library_path_lib.dsv'
[9.023s] INFO:colcon.colcon_core.shell:Creating environment hook '/home/hd/Desktop/Motor_Control/motor_controls.ws/install/ethercat_device_configurator/share/ethercat_device_configurator/hook/ld_library_path_lib.sh'
[9.024s] Level 1:colcon.colcon_core.environment:checking '/home/hd/Desktop/Motor_Control/motor_controls.ws/install/ethercat_device_configurator/bin'
[9.025s] Level 1:colcon.colcon_core.environment:checking '/home/hd/Desktop/Motor_Control/motor_controls.ws/install/ethercat_device_configurator/lib/pkgconfig/ethercat_device_configurator.pc'
[9.025s] Level 1:colcon.colcon_core.environment:checking '/home/hd/Desktop/Motor_Control/motor_controls.ws/install/ethercat_device_configurator/lib/python3.8/site-packages'
[9.026s] Level 1:colcon.colcon_core.environment:checking '/home/hd/Desktop/Motor_Control/motor_controls.ws/install/ethercat_device_configurator/bin'
[9.034s] INFO:colcon.colcon_core.shell:Creating package script '/home/hd/Desktop/Motor_Control/motor_controls.ws/install/ethercat_device_configurator/share/ethercat_device_configurator/package.ps1'
[9.039s] INFO:colcon.colcon_core.shell:Creating package descriptor '/home/hd/Desktop/Motor_Control/motor_controls.ws/install/ethercat_device_configurator/share/ethercat_device_configurator/package.dsv'
[9.042s] INFO:colcon.colcon_core.shell:Creating package script '/home/hd/Desktop/Motor_Control/motor_controls.ws/install/ethercat_device_configurator/share/ethercat_device_configurator/package.sh'
[9.044s] INFO:colcon.colcon_core.shell:Creating package script '/home/hd/Desktop/Motor_Control/motor_controls.ws/install/ethercat_device_configurator/share/ethercat_device_configurator/package.bash'
[9.045s] INFO:colcon.colcon_core.shell:Creating package script '/home/hd/Desktop/Motor_Control/motor_controls.ws/install/ethercat_device_configurator/share/ethercat_device_configurator/package.zsh'
[9.047s] Level 1:colcon.colcon_core.environment:create_file_with_runtime_dependencies(/home/hd/Desktop/Motor_Control/motor_controls.ws/install/ethercat_device_configurator/share/colcon-core/packages/ethercat_device_configurator)
[9.059s] DEBUG:colcon.colcon_parallel_executor.executor.parallel:closing loop
[9.059s] DEBUG:colcon.colcon_parallel_executor.executor.parallel:loop closed
[9.060s] DEBUG:colcon.colcon_parallel_executor.executor.parallel:run_until_complete finished with '2'
[9.061s] DEBUG:colcon.colcon_core.event_reactor:joining thread
[9.098s] INFO:colcon.colcon_core.plugin_system:Skipping extension 'colcon_notification.desktop_notification.terminal_notifier': Not used on non-Darwin systems
[9.099s] INFO:colcon.colcon_core.plugin_system:Skipping extension 'colcon_notification.desktop_notification.win32': Not used on non-Windows systems
[9.099s] INFO:colcon.colcon_notification.desktop_notification:Sending desktop notification using 'notify2'
[9.179s] DEBUG:colcon.colcon_core.event_reactor:joined thread
[9.201s] INFO:colcon.colcon_core.shell:Creating prefix script '/home/hd/Desktop/Motor_Control/motor_controls.ws/install/local_setup.ps1'
[9.256s] INFO:colcon.colcon_core.shell:Creating prefix util module '/home/hd/Desktop/Motor_Control/motor_controls.ws/install/_local_setup_util_ps1.py'
[9.278s] INFO:colcon.colcon_core.shell:Creating prefix chain script '/home/hd/Desktop/Motor_Control/motor_controls.ws/install/setup.ps1'
[9.309s] INFO:colcon.colcon_core.shell:Creating prefix script '/home/hd/Desktop/Motor_Control/motor_controls.ws/install/local_setup.sh'
[9.310s] INFO:colcon.colcon_core.shell:Creating prefix util module '/home/hd/Desktop/Motor_Control/motor_controls.ws/install/_local_setup_util_sh.py'
[9.312s] INFO:colcon.colcon_core.shell:Creating prefix chain script '/home/hd/Desktop/Motor_Control/motor_controls.ws/install/setup.sh'
[9.334s] INFO:colcon.colcon_core.shell:Creating prefix script '/home/hd/Desktop/Motor_Control/motor_controls.ws/install/local_setup.bash'
[9.335s] INFO:colcon.colcon_core.shell:Creating prefix chain script '/home/hd/Desktop/Motor_Control/motor_controls.ws/install/setup.bash'
[9.356s] INFO:colcon.colcon_core.shell:Creating prefix script '/home/hd/Desktop/Motor_Control/motor_controls.ws/install/local_setup.zsh'
[9.359s] INFO:colcon.colcon_core.shell:Creating prefix chain script '/home/hd/Desktop/Motor_Control/motor_controls.ws/install/setup.zsh'
