[2.861s] DEBUG:colcon:Command line arguments: ['/usr/bin/colcon', 'list', '-p', '--base-paths', '/home/hd/Desktop/motor_controls.ws']
[2.861s] DEBUG:colcon:Parsed command line arguments: Namespace(allow_overriding=[], base_paths=['/home/hd/Desktop/motor_controls.ws'], build_base='build', ignore_user_meta=False, log_base=None, log_level=None, main=<bound method ListVerb.main of <colcon_package_information.verb.list.ListVerb object at 0x7f4697d35c10>>, metas=['./colcon.meta'], names_only=False, packages_above=None, packages_above_and_dependencies=None, packages_above_depth=None, packages_end=None, packages_ignore=None, packages_ignore_regex=None, packages_select=None, packages_select_build_failed=False, packages_select_by_dep=None, packages_select_regex=None, packages_select_test_failures=False, packages_skip=None, packages_skip_build_finished=False, packages_skip_by_dep=None, packages_skip_regex=None, packages_skip_test_passed=False, packages_skip_up_to=None, packages_start=None, packages_up_to=None, packages_up_to_regex=None, paths=None, paths_only=True, topological_graph=False, topological_graph_density=False, topological_graph_dot=False, topological_graph_dot_cluster=False, topological_graph_dot_include_skipped=False, topological_graph_legend=False, topological_order=False, verb_extension=<colcon_package_information.verb.list.ListVerb object at 0x7f4697d35c10>, verb_name='list', verb_parser=<colcon_defaults.argument_parser.defaults.DefaultArgumentsDecorator object at 0x7f4697c50b50>)
[3.158s] Level 1:colcon.colcon_core.package_discovery:discover_packages(colcon_meta) check parameters
[3.159s] Level 1:colcon.colcon_core.package_discovery:discover_packages(recursive) check parameters
[3.159s] Level 1:colcon.colcon_core.package_discovery:discover_packages(ignore) check parameters
[3.159s] Level 1:colcon.colcon_core.package_discovery:discover_packages(path) check parameters
[3.159s] Level 1:colcon.colcon_core.package_discovery:discover_packages(recursive) discover
[3.159s] INFO:colcon.colcon_core.package_discovery:Crawling recursively for packages in '/home/hd/Desktop/motor_controls.ws'
[3.166s] Level 1:colcon.colcon_core.package_identification:_identify(/home/hd/Desktop/motor_controls.ws) by extensions ['ignore', 'ignore_ament_install']
[3.166s] Level 1:colcon.colcon_core.package_identification:_identify(/home/hd/Desktop/motor_controls.ws) by extension 'ignore'
[3.167s] Level 1:colcon.colcon_core.package_identification:_identify(/home/hd/Desktop/motor_controls.ws) by extension 'ignore_ament_install'
[3.167s] Level 1:colcon.colcon_core.package_identification:_identify(/home/hd/Desktop/motor_controls.ws) by extensions ['colcon_pkg']
[3.167s] Level 1:colcon.colcon_core.package_identification:_identify(/home/hd/Desktop/motor_controls.ws) by extension 'colcon_pkg'
[3.167s] Level 1:colcon.colcon_core.package_identification:_identify(/home/hd/Desktop/motor_controls.ws) by extensions ['colcon_meta']
[3.171s] Level 1:colcon.colcon_core.package_identification:_identify(/home/hd/Desktop/motor_controls.ws) by extension 'colcon_meta'
[3.173s] Level 1:colcon.colcon_core.package_identification:_identify(/home/hd/Desktop/motor_controls.ws) by extensions ['ros']
[3.173s] Level 1:colcon.colcon_core.package_identification:_identify(/home/hd/Desktop/motor_controls.ws) by extension 'ros'
[3.359s] Level 1:colcon.colcon_core.package_identification:_identify(/home/hd/Desktop/motor_controls.ws) by extensions ['cmake', 'python']
[3.359s] Level 1:colcon.colcon_core.package_identification:_identify(/home/hd/Desktop/motor_controls.ws) by extension 'cmake'
[3.359s] Level 1:colcon.colcon_core.package_identification:_identify(/home/hd/Desktop/motor_controls.ws) by extension 'python'
[3.359s] Level 1:colcon.colcon_core.package_identification:_identify(/home/hd/Desktop/motor_controls.ws) by extensions ['python_setup_py']
[3.359s] Level 1:colcon.colcon_core.package_identification:_identify(/home/hd/Desktop/motor_controls.ws) by extension 'python_setup_py'
[3.360s] Level 1:colcon.colcon_core.package_identification:_identify(/home/hd/Desktop/motor_controls.ws/build) by extensions ['ignore', 'ignore_ament_install']
[3.360s] Level 1:colcon.colcon_core.package_identification:_identify(/home/hd/Desktop/motor_controls.ws/build) by extension 'ignore'
[3.360s] Level 1:colcon.colcon_core.package_identification:_identify(/home/hd/Desktop/motor_controls.ws/build) ignored
[3.360s] Level 1:colcon.colcon_core.package_identification:_identify(/home/hd/Desktop/motor_controls.ws/install) by extensions ['ignore', 'ignore_ament_install']
[3.360s] Level 1:colcon.colcon_core.package_identification:_identify(/home/hd/Desktop/motor_controls.ws/install) by extension 'ignore'
[3.360s] Level 1:colcon.colcon_core.package_identification:_identify(/home/hd/Desktop/motor_controls.ws/install) ignored
[3.360s] Level 1:colcon.colcon_core.package_identification:_identify(/home/hd/Desktop/motor_controls.ws/log) by extensions ['ignore', 'ignore_ament_install']
[3.360s] Level 1:colcon.colcon_core.package_identification:_identify(/home/hd/Desktop/motor_controls.ws/log) by extension 'ignore'
[3.360s] Level 1:colcon.colcon_core.package_identification:_identify(/home/hd/Desktop/motor_controls.ws/log) ignored
[3.361s] Level 1:colcon.colcon_core.package_identification:_identify(/home/hd/Desktop/motor_controls.ws/src) by extensions ['ignore', 'ignore_ament_install']
[3.361s] Level 1:colcon.colcon_core.package_identification:_identify(/home/hd/Desktop/motor_controls.ws/src) by extension 'ignore'
[3.361s] Level 1:colcon.colcon_core.package_identification:_identify(/home/hd/Desktop/motor_controls.ws/src) by extension 'ignore_ament_install'
[3.361s] Level 1:colcon.colcon_core.package_identification:_identify(/home/hd/Desktop/motor_controls.ws/src) by extensions ['colcon_pkg']
[3.361s] Level 1:colcon.colcon_core.package_identification:_identify(/home/hd/Desktop/motor_controls.ws/src) by extension 'colcon_pkg'
[3.361s] Level 1:colcon.colcon_core.package_identification:_identify(/home/hd/Desktop/motor_controls.ws/src) by extensions ['colcon_meta']
[3.361s] Level 1:colcon.colcon_core.package_identification:_identify(/home/hd/Desktop/motor_controls.ws/src) by extension 'colcon_meta'
[3.361s] Level 1:colcon.colcon_core.package_identification:_identify(/home/hd/Desktop/motor_controls.ws/src) by extensions ['ros']
[3.361s] Level 1:colcon.colcon_core.package_identification:_identify(/home/hd/Desktop/motor_controls.ws/src) by extension 'ros'
[3.361s] Level 1:colcon.colcon_core.package_identification:_identify(/home/hd/Desktop/motor_controls.ws/src) by extensions ['cmake', 'python']
[3.361s] Level 1:colcon.colcon_core.package_identification:_identify(/home/hd/Desktop/motor_controls.ws/src) by extension 'cmake'
[3.361s] Level 1:colcon.colcon_core.package_identification:_identify(/home/hd/Desktop/motor_controls.ws/src) by extension 'python'
[3.361s] Level 1:colcon.colcon_core.package_identification:_identify(/home/hd/Desktop/motor_controls.ws/src) by extensions ['python_setup_py']
[3.361s] Level 1:colcon.colcon_core.package_identification:_identify(/home/hd/Desktop/motor_controls.ws/src) by extension 'python_setup_py'
[3.361s] Level 1:colcon.colcon_core.package_identification:_identify(/home/hd/Desktop/motor_controls.ws/src/coucou) by extensions ['ignore', 'ignore_ament_install']
[3.362s] Level 1:colcon.colcon_core.package_identification:_identify(/home/hd/Desktop/motor_controls.ws/src/coucou) by extension 'ignore'
[3.362s] Level 1:colcon.colcon_core.package_identification:_identify(/home/hd/Desktop/motor_controls.ws/src/coucou) by extension 'ignore_ament_install'
[3.362s] Level 1:colcon.colcon_core.package_identification:_identify(/home/hd/Desktop/motor_controls.ws/src/coucou) by extensions ['colcon_pkg']
[3.362s] Level 1:colcon.colcon_core.package_identification:_identify(/home/hd/Desktop/motor_controls.ws/src/coucou) by extension 'colcon_pkg'
[3.362s] Level 1:colcon.colcon_core.package_identification:_identify(/home/hd/Desktop/motor_controls.ws/src/coucou) by extensions ['colcon_meta']
[3.362s] Level 1:colcon.colcon_core.package_identification:_identify(/home/hd/Desktop/motor_controls.ws/src/coucou) by extension 'colcon_meta'
[3.362s] Level 1:colcon.colcon_core.package_identification:_identify(/home/hd/Desktop/motor_controls.ws/src/coucou) by extensions ['ros']
[3.362s] Level 1:colcon.colcon_core.package_identification:_identify(/home/hd/Desktop/motor_controls.ws/src/coucou) by extension 'ros'
[3.365s] DEBUG:colcon.colcon_core.package_identification:Package '/home/hd/Desktop/motor_controls.ws/src/coucou' with type 'ros.ament_cmake' and name 'coucou'
[3.365s] Level 1:colcon.colcon_core.package_identification:_identify(/home/hd/Desktop/motor_controls.ws/src/ethercat_device_configurator) by extensions ['ignore', 'ignore_ament_install']
[3.365s] Level 1:colcon.colcon_core.package_identification:_identify(/home/hd/Desktop/motor_controls.ws/src/ethercat_device_configurator) by extension 'ignore'
[3.365s] Level 1:colcon.colcon_core.package_identification:_identify(/home/hd/Desktop/motor_controls.ws/src/ethercat_device_configurator) by extension 'ignore_ament_install'
[3.365s] Level 1:colcon.colcon_core.package_identification:_identify(/home/hd/Desktop/motor_controls.ws/src/ethercat_device_configurator) by extensions ['colcon_pkg']
[3.365s] Level 1:colcon.colcon_core.package_identification:_identify(/home/hd/Desktop/motor_controls.ws/src/ethercat_device_configurator) by extension 'colcon_pkg'
[3.365s] Level 1:colcon.colcon_core.package_identification:_identify(/home/hd/Desktop/motor_controls.ws/src/ethercat_device_configurator) by extensions ['colcon_meta']
[3.365s] Level 1:colcon.colcon_core.package_identification:_identify(/home/hd/Desktop/motor_controls.ws/src/ethercat_device_configurator) by extension 'colcon_meta'
[3.365s] Level 1:colcon.colcon_core.package_identification:_identify(/home/hd/Desktop/motor_controls.ws/src/ethercat_device_configurator) by extensions ['ros']
[3.365s] Level 1:colcon.colcon_core.package_identification:_identify(/home/hd/Desktop/motor_controls.ws/src/ethercat_device_configurator) by extension 'ros'
[3.411s] DEBUG:colcon.colcon_core.package_identification:Package '/home/hd/Desktop/motor_controls.ws/src/ethercat_device_configurator' with type 'ros.ament_cmake' and name 'ethercat_device_configurator'
[3.412s] Level 1:colcon.colcon_core.package_discovery:discover_packages(recursive) using defaults
