[1.559s] DEBUG:colcon:Command line arguments: ['/usr/bin/colcon', 'build']
[1.559s] DEBUG:colcon:Parsed command line arguments: Namespace(allow_overriding=[], ament_cmake_args=None, base_paths=['.'], build_base='build', catkin_cmake_args=None, catkin_skip_building_tests=False, cmake_args=None, cmake_clean_cache=False, cmake_clean_first=False, cmake_force_configure=False, cmake_target=None, cmake_target_skip_unavailable=False, continue_on_error=False, event_handlers=None, executor='parallel', ignore_user_meta=False, install_base='install', log_base=None, log_level=None, main=<bound method BuildVerb.main of <colcon_core.verb.build.BuildVerb object at 0x7f4240dc73d0>>, merge_install=False, metas=['./colcon.meta'], packages_above=None, packages_above_and_dependencies=None, packages_above_depth=None, packages_end=None, packages_ignore=None, packages_ignore_regex=None, packages_select=None, packages_select_build_failed=False, packages_select_by_dep=None, packages_select_regex=None, packages_select_test_failures=False, packages_skip=None, packages_skip_build_finished=False, packages_skip_by_dep=None, packages_skip_regex=None, packages_skip_test_passed=False, packages_skip_up_to=None, packages_start=None, packages_up_to=None, packages_up_to_regex=None, parallel_workers=2, paths=None, symlink_install=False, test_result_base=None, verb_extension=<colcon_core.verb.build.BuildVerb object at 0x7f4240dc73d0>, verb_name='build', verb_parser=<colcon_defaults.argument_parser.defaults.DefaultArgumentsDecorator object at 0x7f4240dc7910>)
[1.783s] Level 1:colcon.colcon_core.package_discovery:discover_packages(colcon_meta) check parameters
[1.783s] Level 1:colcon.colcon_core.package_discovery:discover_packages(recursive) check parameters
[1.783s] Level 1:colcon.colcon_core.package_discovery:discover_packages(ignore) check parameters
[1.783s] Level 1:colcon.colcon_core.package_discovery:discover_packages(path) check parameters
[1.783s] Level 1:colcon.colcon_core.package_discovery:discover_packages(colcon_meta) discover
[1.783s] Level 1:colcon.colcon_core.package_discovery:discover_packages(recursive) discover
[1.783s] INFO:colcon.colcon_core.package_discovery:Crawling recursively for packages in '/home/hd/Desktop/Motor_Control/motor_controls.ws'
[1.783s] Level 1:colcon.colcon_core.package_identification:_identify(.) by extensions ['ignore', 'ignore_ament_install']
[1.783s] Level 1:colcon.colcon_core.package_identification:_identify(.) by extension 'ignore'
[1.783s] Level 1:colcon.colcon_core.package_identification:_identify(.) by extension 'ignore_ament_install'
[1.783s] Level 1:colcon.colcon_core.package_identification:_identify(.) by extensions ['colcon_pkg']
[1.783s] Level 1:colcon.colcon_core.package_identification:_identify(.) by extension 'colcon_pkg'
[1.783s] Level 1:colcon.colcon_core.package_identification:_identify(.) by extensions ['colcon_meta']
[1.784s] Level 1:colcon.colcon_core.package_identification:_identify(.) by extension 'colcon_meta'
[1.784s] Level 1:colcon.colcon_core.package_identification:_identify(.) by extensions ['ros']
[1.784s] Level 1:colcon.colcon_core.package_identification:_identify(.) by extension 'ros'
[1.829s] Level 1:colcon.colcon_core.package_identification:_identify(.) by extensions ['cmake', 'python']
[1.829s] Level 1:colcon.colcon_core.package_identification:_identify(.) by extension 'cmake'
[1.829s] Level 1:colcon.colcon_core.package_identification:_identify(.) by extension 'python'
[1.830s] Level 1:colcon.colcon_core.package_identification:_identify(.) by extensions ['python_setup_py']
[1.830s] Level 1:colcon.colcon_core.package_identification:_identify(.) by extension 'python_setup_py'
[1.830s] Level 1:colcon.colcon_core.package_identification:_identify(build) by extensions ['ignore', 'ignore_ament_install']
[1.830s] Level 1:colcon.colcon_core.package_identification:_identify(build) by extension 'ignore'
[1.830s] Level 1:colcon.colcon_core.package_identification:_identify(build) ignored
[1.830s] Level 1:colcon.colcon_core.package_identification:_identify(install) by extensions ['ignore', 'ignore_ament_install']
[1.831s] Level 1:colcon.colcon_core.package_identification:_identify(install) by extension 'ignore'
[1.831s] Level 1:colcon.colcon_core.package_identification:_identify(install) ignored
[1.831s] Level 1:colcon.colcon_core.package_identification:_identify(log) by extensions ['ignore', 'ignore_ament_install']
[1.831s] Level 1:colcon.colcon_core.package_identification:_identify(log) by extension 'ignore'
[1.831s] Level 1:colcon.colcon_core.package_identification:_identify(log) ignored
[1.832s] Level 1:colcon.colcon_core.package_identification:_identify(src) by extensions ['ignore', 'ignore_ament_install']
[1.832s] Level 1:colcon.colcon_core.package_identification:_identify(src) by extension 'ignore'
[1.840s] Level 1:colcon.colcon_core.package_identification:_identify(src) by extension 'ignore_ament_install'
[1.841s] Level 1:colcon.colcon_core.package_identification:_identify(src) by extensions ['colcon_pkg']
[1.841s] Level 1:colcon.colcon_core.package_identification:_identify(src) by extension 'colcon_pkg'
[1.841s] Level 1:colcon.colcon_core.package_identification:_identify(src) by extensions ['colcon_meta']
[1.841s] Level 1:colcon.colcon_core.package_identification:_identify(src) by extension 'colcon_meta'
[1.841s] Level 1:colcon.colcon_core.package_identification:_identify(src) by extensions ['ros']
[1.841s] Level 1:colcon.colcon_core.package_identification:_identify(src) by extension 'ros'
[1.841s] Level 1:colcon.colcon_core.package_identification:_identify(src) by extensions ['cmake', 'python']
[1.841s] Level 1:colcon.colcon_core.package_identification:_identify(src) by extension 'cmake'
[1.841s] Level 1:colcon.colcon_core.package_identification:_identify(src) by extension 'python'
[1.841s] Level 1:colcon.colcon_core.package_identification:_identify(src) by extensions ['python_setup_py']
[1.841s] Level 1:colcon.colcon_core.package_identification:_identify(src) by extension 'python_setup_py'
[1.841s] Level 1:colcon.colcon_core.package_identification:_identify(src/coucou) by extensions ['ignore', 'ignore_ament_install']
[1.841s] Level 1:colcon.colcon_core.package_identification:_identify(src/coucou) by extension 'ignore'
[1.841s] Level 1:colcon.colcon_core.package_identification:_identify(src/coucou) by extension 'ignore_ament_install'
[1.842s] Level 1:colcon.colcon_core.package_identification:_identify(src/coucou) by extensions ['colcon_pkg']
[1.842s] Level 1:colcon.colcon_core.package_identification:_identify(src/coucou) by extension 'colcon_pkg'
[1.842s] Level 1:colcon.colcon_core.package_identification:_identify(src/coucou) by extensions ['colcon_meta']
[1.842s] Level 1:colcon.colcon_core.package_identification:_identify(src/coucou) by extension 'colcon_meta'
[1.842s] Level 1:colcon.colcon_core.package_identification:_identify(src/coucou) by extensions ['ros']
[1.842s] Level 1:colcon.colcon_core.package_identification:_identify(src/coucou) by extension 'ros'
[1.846s] DEBUG:colcon.colcon_core.package_identification:Package 'src/coucou' with type 'ros.ament_cmake' and name 'coucou'
[1.847s] Level 1:colcon.colcon_core.package_identification:_identify(src/ethercat_device_configurator) by extensions ['ignore', 'ignore_ament_install']
[1.848s] Level 1:colcon.colcon_core.package_identification:_identify(src/ethercat_device_configurator) by extension 'ignore'
[1.848s] Level 1:colcon.colcon_core.package_identification:_identify(src/ethercat_device_configurator) by extension 'ignore_ament_install'
[1.848s] Level 1:colcon.colcon_core.package_identification:_identify(src/ethercat_device_configurator) by extensions ['colcon_pkg']
[1.848s] Level 1:colcon.colcon_core.package_identification:_identify(src/ethercat_device_configurator) by extension 'colcon_pkg'
[1.848s] Level 1:colcon.colcon_core.package_identification:_identify(src/ethercat_device_configurator) by extensions ['colcon_meta']
[1.849s] Level 1:colcon.colcon_core.package_identification:_identify(src/ethercat_device_configurator) by extension 'colcon_meta'
[1.849s] Level 1:colcon.colcon_core.package_identification:_identify(src/ethercat_device_configurator) by extensions ['ros']
[1.849s] Level 1:colcon.colcon_core.package_identification:_identify(src/ethercat_device_configurator) by extension 'ros'
[1.855s] DEBUG:colcon.colcon_core.package_identification:Package 'src/ethercat_device_configurator' with type 'ros.ament_cmake' and name 'ethercat_device_configurator'
[1.855s] Level 1:colcon.colcon_core.package_identification:_identify(src/motor_control_interfaces) by extensions ['ignore', 'ignore_ament_install']
[1.855s] Level 1:colcon.colcon_core.package_identification:_identify(src/motor_control_interfaces) by extension 'ignore'
[1.856s] Level 1:colcon.colcon_core.package_identification:_identify(src/motor_control_interfaces) by extension 'ignore_ament_install'
[1.856s] Level 1:colcon.colcon_core.package_identification:_identify(src/motor_control_interfaces) by extensions ['colcon_pkg']
[1.856s] Level 1:colcon.colcon_core.package_identification:_identify(src/motor_control_interfaces) by extension 'colcon_pkg'
[1.856s] Level 1:colcon.colcon_core.package_identification:_identify(src/motor_control_interfaces) by extensions ['colcon_meta']
[1.856s] Level 1:colcon.colcon_core.package_identification:_identify(src/motor_control_interfaces) by extension 'colcon_meta'
[1.856s] Level 1:colcon.colcon_core.package_identification:_identify(src/motor_control_interfaces) by extensions ['ros']
[1.856s] Level 1:colcon.colcon_core.package_identification:_identify(src/motor_control_interfaces) by extension 'ros'
[1.857s] DEBUG:colcon.colcon_core.package_identification:Package 'src/motor_control_interfaces' with type 'ros.ament_cmake' and name 'motor_control_interfaces'
[1.857s] Level 1:colcon.colcon_core.package_discovery:discover_packages(recursive) using defaults
[1.857s] Level 1:colcon.colcon_core.package_discovery:discover_packages(ignore) discover
[1.857s] Level 1:colcon.colcon_core.package_discovery:discover_packages(ignore) using defaults
[1.857s] Level 1:colcon.colcon_core.package_discovery:discover_packages(path) discover
[1.857s] Level 1:colcon.colcon_core.package_discovery:discover_packages(path) using defaults
[2.008s] Level 1:colcon.colcon_core.package_discovery:discover_packages(prefix_path) check parameters
[2.008s] Level 1:colcon.colcon_core.package_discovery:discover_packages(prefix_path) discover
[2.059s] DEBUG:colcon.colcon_installed_package_information.package_discovery:Found 312 installed packages in /home/hd/ros2_foxy/install
[2.066s] DEBUG:colcon.colcon_installed_package_information.package_discovery:Found 78 installed packages in /opt/ros/foxy
[2.070s] Level 1:colcon.colcon_core.package_discovery:discover_packages(prefix_path) using defaults
[2.200s] Level 5:colcon.colcon_core.verb:set package 'ethercat_device_configurator' build argument 'cmake_args' from command line to 'None'
[2.200s] Level 5:colcon.colcon_core.verb:set package 'ethercat_device_configurator' build argument 'cmake_target' from command line to 'None'
[2.200s] Level 5:colcon.colcon_core.verb:set package 'ethercat_device_configurator' build argument 'cmake_target_skip_unavailable' from command line to 'False'
[2.200s] Level 5:colcon.colcon_core.verb:set package 'ethercat_device_configurator' build argument 'cmake_clean_cache' from command line to 'False'
[2.200s] Level 5:colcon.colcon_core.verb:set package 'ethercat_device_configurator' build argument 'cmake_clean_first' from command line to 'False'
[2.200s] Level 5:colcon.colcon_core.verb:set package 'ethercat_device_configurator' build argument 'cmake_force_configure' from command line to 'False'
[2.200s] Level 5:colcon.colcon_core.verb:set package 'ethercat_device_configurator' build argument 'ament_cmake_args' from command line to 'None'
[2.200s] Level 5:colcon.colcon_core.verb:set package 'ethercat_device_configurator' build argument 'catkin_cmake_args' from command line to 'None'
[2.200s] Level 5:colcon.colcon_core.verb:set package 'ethercat_device_configurator' build argument 'catkin_skip_building_tests' from command line to 'False'
[2.200s] DEBUG:colcon.colcon_core.verb:Building package 'ethercat_device_configurator' with the following arguments: {'ament_cmake_args': None, 'build_base': '/home/hd/Desktop/Motor_Control/motor_controls.ws/build/ethercat_device_configurator', 'catkin_cmake_args': None, 'catkin_skip_building_tests': False, 'cmake_args': None, 'cmake_clean_cache': False, 'cmake_clean_first': False, 'cmake_force_configure': False, 'cmake_target': None, 'cmake_target_skip_unavailable': False, 'install_base': '/home/hd/Desktop/Motor_Control/motor_controls.ws/install/ethercat_device_configurator', 'merge_install': False, 'path': '/home/hd/Desktop/Motor_Control/motor_controls.ws/src/ethercat_device_configurator', 'symlink_install': False, 'test_result_base': None}
[2.204s] Level 5:colcon.colcon_core.verb:set package 'motor_control_interfaces' build argument 'cmake_args' from command line to 'None'
[2.204s] Level 5:colcon.colcon_core.verb:set package 'motor_control_interfaces' build argument 'cmake_target' from command line to 'None'
[2.204s] Level 5:colcon.colcon_core.verb:set package 'motor_control_interfaces' build argument 'cmake_target_skip_unavailable' from command line to 'False'
[2.204s] Level 5:colcon.colcon_core.verb:set package 'motor_control_interfaces' build argument 'cmake_clean_cache' from command line to 'False'
[2.204s] Level 5:colcon.colcon_core.verb:set package 'motor_control_interfaces' build argument 'cmake_clean_first' from command line to 'False'
[2.204s] Level 5:colcon.colcon_core.verb:set package 'motor_control_interfaces' build argument 'cmake_force_configure' from command line to 'False'
[2.204s] Level 5:colcon.colcon_core.verb:set package 'motor_control_interfaces' build argument 'ament_cmake_args' from command line to 'None'
[2.204s] Level 5:colcon.colcon_core.verb:set package 'motor_control_interfaces' build argument 'catkin_cmake_args' from command line to 'None'
[2.204s] Level 5:colcon.colcon_core.verb:set package 'motor_control_interfaces' build argument 'catkin_skip_building_tests' from command line to 'False'
[2.205s] DEBUG:colcon.colcon_core.verb:Building package 'motor_control_interfaces' with the following arguments: {'ament_cmake_args': None, 'build_base': '/home/hd/Desktop/Motor_Control/motor_controls.ws/build/motor_control_interfaces', 'catkin_cmake_args': None, 'catkin_skip_building_tests': False, 'cmake_args': None, 'cmake_clean_cache': False, 'cmake_clean_first': False, 'cmake_force_configure': False, 'cmake_target': None, 'cmake_target_skip_unavailable': False, 'install_base': '/home/hd/Desktop/Motor_Control/motor_controls.ws/install/motor_control_interfaces', 'merge_install': False, 'path': '/home/hd/Desktop/Motor_Control/motor_controls.ws/src/motor_control_interfaces', 'symlink_install': False, 'test_result_base': None}
[2.207s] Level 5:colcon.colcon_core.verb:set package 'coucou' build argument 'cmake_args' from command line to 'None'
[2.207s] Level 5:colcon.colcon_core.verb:set package 'coucou' build argument 'cmake_target' from command line to 'None'
[2.208s] Level 5:colcon.colcon_core.verb:set package 'coucou' build argument 'cmake_target_skip_unavailable' from command line to 'False'
[2.208s] Level 5:colcon.colcon_core.verb:set package 'coucou' build argument 'cmake_clean_cache' from command line to 'False'
[2.208s] Level 5:colcon.colcon_core.verb:set package 'coucou' build argument 'cmake_clean_first' from command line to 'False'
[2.208s] Level 5:colcon.colcon_core.verb:set package 'coucou' build argument 'cmake_force_configure' from command line to 'False'
[2.208s] Level 5:colcon.colcon_core.verb:set package 'coucou' build argument 'ament_cmake_args' from command line to 'None'
[2.208s] Level 5:colcon.colcon_core.verb:set package 'coucou' build argument 'catkin_cmake_args' from command line to 'None'
[2.208s] Level 5:colcon.colcon_core.verb:set package 'coucou' build argument 'catkin_skip_building_tests' from command line to 'False'
[2.208s] DEBUG:colcon.colcon_core.verb:Building package 'coucou' with the following arguments: {'ament_cmake_args': None, 'build_base': '/home/hd/Desktop/Motor_Control/motor_controls.ws/build/coucou', 'catkin_cmake_args': None, 'catkin_skip_building_tests': False, 'cmake_args': None, 'cmake_clean_cache': False, 'cmake_clean_first': False, 'cmake_force_configure': False, 'cmake_target': None, 'cmake_target_skip_unavailable': False, 'install_base': '/home/hd/Desktop/Motor_Control/motor_controls.ws/install/coucou', 'merge_install': False, 'path': '/home/hd/Desktop/Motor_Control/motor_controls.ws/src/coucou', 'symlink_install': False, 'test_result_base': None}
[2.210s] INFO:colcon.colcon_core.executor:Executing jobs using 'parallel' executor
[2.222s] DEBUG:colcon.colcon_parallel_executor.executor.parallel:run_until_complete
[2.223s] INFO:colcon.colcon_ros.task.ament_cmake.build:Building ROS package in '/home/hd/Desktop/Motor_Control/motor_controls.ws/src/motor_control_interfaces' with build type 'ament_cmake'
[2.223s] INFO:colcon.colcon_cmake.task.cmake.build:Building CMake package in '/home/hd/Desktop/Motor_Control/motor_controls.ws/src/motor_control_interfaces'
[2.235s] INFO:colcon.colcon_core.plugin_system:Skipping extension 'colcon_core.shell.bat': Not used on non-Windows systems
[2.236s] INFO:colcon.colcon_core.shell:Skip shell extension 'powershell' for command environment: Not usable outside of PowerShell
[2.236s] DEBUG:colcon.colcon_core.shell:Skip shell extension 'dsv' for command environment
[2.299s] INFO:colcon.colcon_ros.task.ament_cmake.build:Building ROS package in '/home/hd/Desktop/Motor_Control/motor_controls.ws/src/ethercat_device_configurator' with build type 'ament_cmake'
[2.300s] INFO:colcon.colcon_cmake.task.cmake.build:Building CMake package in '/home/hd/Desktop/Motor_Control/motor_controls.ws/src/ethercat_device_configurator'
[2.305s] INFO:colcon.colcon_core.shell:Skip shell extension 'powershell' for command environment: Not usable outside of PowerShell
[2.305s] DEBUG:colcon.colcon_core.shell:Skip shell extension 'dsv' for command environment
[2.366s] DEBUG:colcon.colcon_core.event_handler.log_command:Invoking command in '/home/hd/Desktop/Motor_Control/motor_controls.ws/build/ethercat_device_configurator': CMAKE_PREFIX_PATH=${CMAKE_PREFIX_PATH}:/opt/ros/foxy:/home/hd/ros2_foxy/install/ros2bag:/home/hd/ros2_foxy/install/tracetools_launch:/home/hd/ros2_foxy/install/topic_monitor:/home/hd/ros2_foxy/install/examples_tf2_py:/home/hd/ros2_foxy/install/sros2:/home/hd/ros2_foxy/install/rqt_topic:/home/hd/ros2_foxy/install/rqt_top:/home/hd/ros2_foxy/install/rqt_srv:/home/hd/ros2_foxy/install/rqt_shell:/home/hd/ros2_foxy/install/rqt_service_caller:/home/hd/ros2_foxy/install/rqt_reconfigure:/home/hd/ros2_foxy/install/rqt_py_console:/home/hd/ros2_foxy/install/rqt_publisher:/home/hd/ros2_foxy/install/rqt_plot:/home/hd/ros2_foxy/install/rqt_action:/home/hd/ros2_foxy/install/rqt_msg:/home/hd/ros2_foxy/install/rqt_console:/home/hd/ros2_foxy/install/rqt:/home/hd/ros2_foxy/install/rqt_graph:/home/hd/ros2_foxy/install/rqt_gui_py:/home/hd/ros2_foxy/install/rqt_gui:/home/hd/ros2_foxy/install/ros2trace:/home/hd/ros2_foxy/install/ros2topic:/home/hd/ros2_foxy/install/ros2test:/home/hd/ros2_foxy/install/ros2component:/home/hd/ros2_foxy/install/ros2param:/home/hd/ros2_foxy/install/ros2lifecycle:/home/hd/ros2_foxy/install/ros2service:/home/hd/ros2_foxy/install/ros2run:/home/hd/ros2_foxy/install/ros2launch:/home/hd/ros2_foxy/install/ros2pkg:/home/hd/ros2_foxy/install/ros2node:/home/hd/ros2_foxy/install/ros2multicast:/home/hd/ros2_foxy/install/ros2interface:/home/hd/ros2_foxy/install/ros2doctor:/home/hd/ros2_foxy/install/ros2action:/home/hd/ros2_foxy/install/ros2cli:/home/hd/ros2_foxy/install/quality_of_service_demo_py:/home/hd/ros2_foxy/install/launch_testing_ros:/home/hd/ros2_foxy/install/launch_ros:/home/hd/ros2_foxy/install/joystick_ros2:/home/hd/ros2_foxy/install/examples_rclpy_minimal_subscriber:/home/hd/ros2_foxy/install/examples_rclpy_minimal_service:/home/hd/ros2_foxy/install/examples_rclpy_minimal_publisher:/home/hd/ros2_foxy/install/examples_rclpy_minimal_client:/home/hd/ros2_foxy/install/examples_rclpy_minimal_action_server:/home/hd/ros2_foxy/install/examples_rclpy_minimal_action_client:/home/hd/ros2_foxy/install/examples_rclpy_executors:/home/hd/ros2_foxy/install/demo_nodes_py:/home/hd/ros2_foxy/install/action_tutorials_py:/home/hd/ros2_foxy/install/ament_uncrustify:/home/hd/ros2_foxy/install/tracetools_trace:/home/hd/ros2_foxy/install/tracetools_read:/home/hd/ros2_foxy/install/test_launch_ros:/home/hd/ros2_foxy/install/sensor_msgs_py:/home/hd/ros2_foxy/install/rpyutils:/home/hd/ros2_foxy/install/rosidl_runtime_py:/home/hd/ros2_foxy/install/launch_yaml:/home/hd/ros2_foxy/install/launch_xml:/home/hd/ros2_foxy/install/launch_testing:/home/hd/ros2_foxy/install/launch:/home/hd/ros2_foxy/install/osrf_pycommon:/home/hd/ros2_foxy/install/domain_coordinator:/home/hd/ros2_foxy/install/ament_xmllint:/home/hd/ros2_foxy/install/ament_pyflakes:/home/hd/ros2_foxy/install/ament_pycodestyle:/home/hd/ros2_foxy/install/ament_pep257:/home/hd/ros2_foxy/install/ament_pclint:/home/hd/ros2_foxy/install/ament_package:/home/hd/ros2_foxy/install/ament_mypy:/home/hd/ros2_foxy/install/ament_lint_cmake:/home/hd/ros2_foxy/install/ament_flake8:/home/hd/ros2_foxy/install/ament_copyright:/home/hd/ros2_foxy/install/ament_lint:/home/hd/ros2_foxy/install/ament_index_python:/home/hd/ros2_foxy/install/ament_cpplint:/home/hd/ros2_foxy/install/ament_cppcheck:/home/hd/ros2_foxy/install/ament_clang_tidy:/home/hd/ros2_foxy/install/ament_clang_format /usr/bin/cmake --build /home/hd/Desktop/Motor_Control/motor_controls.ws/build/ethercat_device_configurator -- -j2 -l2
[2.447s] DEBUG:colcon.colcon_core.event_handler.log_command:Invoking command in '/home/hd/Desktop/Motor_Control/motor_controls.ws/build/motor_control_interfaces': CMAKE_PREFIX_PATH=${CMAKE_PREFIX_PATH}:/opt/ros/foxy:/home/hd/ros2_foxy/install/ros2bag:/home/hd/ros2_foxy/install/tracetools_launch:/home/hd/ros2_foxy/install/topic_monitor:/home/hd/ros2_foxy/install/examples_tf2_py:/home/hd/ros2_foxy/install/sros2:/home/hd/ros2_foxy/install/rqt_topic:/home/hd/ros2_foxy/install/rqt_top:/home/hd/ros2_foxy/install/rqt_srv:/home/hd/ros2_foxy/install/rqt_shell:/home/hd/ros2_foxy/install/rqt_service_caller:/home/hd/ros2_foxy/install/rqt_reconfigure:/home/hd/ros2_foxy/install/rqt_py_console:/home/hd/ros2_foxy/install/rqt_publisher:/home/hd/ros2_foxy/install/rqt_plot:/home/hd/ros2_foxy/install/rqt_action:/home/hd/ros2_foxy/install/rqt_msg:/home/hd/ros2_foxy/install/rqt_console:/home/hd/ros2_foxy/install/rqt:/home/hd/ros2_foxy/install/rqt_graph:/home/hd/ros2_foxy/install/rqt_gui_py:/home/hd/ros2_foxy/install/rqt_gui:/home/hd/ros2_foxy/install/ros2trace:/home/hd/ros2_foxy/install/ros2topic:/home/hd/ros2_foxy/install/ros2test:/home/hd/ros2_foxy/install/ros2component:/home/hd/ros2_foxy/install/ros2param:/home/hd/ros2_foxy/install/ros2lifecycle:/home/hd/ros2_foxy/install/ros2service:/home/hd/ros2_foxy/install/ros2run:/home/hd/ros2_foxy/install/ros2launch:/home/hd/ros2_foxy/install/ros2pkg:/home/hd/ros2_foxy/install/ros2node:/home/hd/ros2_foxy/install/ros2multicast:/home/hd/ros2_foxy/install/ros2interface:/home/hd/ros2_foxy/install/ros2doctor:/home/hd/ros2_foxy/install/ros2action:/home/hd/ros2_foxy/install/ros2cli:/home/hd/ros2_foxy/install/quality_of_service_demo_py:/home/hd/ros2_foxy/install/launch_testing_ros:/home/hd/ros2_foxy/install/launch_ros:/home/hd/ros2_foxy/install/joystick_ros2:/home/hd/ros2_foxy/install/examples_rclpy_minimal_subscriber:/home/hd/ros2_foxy/install/examples_rclpy_minimal_service:/home/hd/ros2_foxy/install/examples_rclpy_minimal_publisher:/home/hd/ros2_foxy/install/examples_rclpy_minimal_client:/home/hd/ros2_foxy/install/examples_rclpy_minimal_action_server:/home/hd/ros2_foxy/install/examples_rclpy_minimal_action_client:/home/hd/ros2_foxy/install/examples_rclpy_executors:/home/hd/ros2_foxy/install/demo_nodes_py:/home/hd/ros2_foxy/install/action_tutorials_py:/home/hd/ros2_foxy/install/ament_uncrustify:/home/hd/ros2_foxy/install/tracetools_trace:/home/hd/ros2_foxy/install/tracetools_read:/home/hd/ros2_foxy/install/test_launch_ros:/home/hd/ros2_foxy/install/sensor_msgs_py:/home/hd/ros2_foxy/install/rpyutils:/home/hd/ros2_foxy/install/rosidl_runtime_py:/home/hd/ros2_foxy/install/launch_yaml:/home/hd/ros2_foxy/install/launch_xml:/home/hd/ros2_foxy/install/launch_testing:/home/hd/ros2_foxy/install/launch:/home/hd/ros2_foxy/install/osrf_pycommon:/home/hd/ros2_foxy/install/domain_coordinator:/home/hd/ros2_foxy/install/ament_xmllint:/home/hd/ros2_foxy/install/ament_pyflakes:/home/hd/ros2_foxy/install/ament_pycodestyle:/home/hd/ros2_foxy/install/ament_pep257:/home/hd/ros2_foxy/install/ament_pclint:/home/hd/ros2_foxy/install/ament_package:/home/hd/ros2_foxy/install/ament_mypy:/home/hd/ros2_foxy/install/ament_lint_cmake:/home/hd/ros2_foxy/install/ament_flake8:/home/hd/ros2_foxy/install/ament_copyright:/home/hd/ros2_foxy/install/ament_lint:/home/hd/ros2_foxy/install/ament_index_python:/home/hd/ros2_foxy/install/ament_cpplint:/home/hd/ros2_foxy/install/ament_cppcheck:/home/hd/ros2_foxy/install/ament_clang_tidy:/home/hd/ros2_foxy/install/ament_clang_format /usr/bin/cmake --build /home/hd/Desktop/Motor_Control/motor_controls.ws/build/motor_control_interfaces -- -j2 -l2
[8.583s] DEBUG:colcon.colcon_core.event_handler.log_command:Invoked command in '/home/hd/Desktop/Motor_Control/motor_controls.ws/build/motor_control_interfaces' returned '0': CMAKE_PREFIX_PATH=${CMAKE_PREFIX_PATH}:/opt/ros/foxy:/home/hd/ros2_foxy/install/ros2bag:/home/hd/ros2_foxy/install/tracetools_launch:/home/hd/ros2_foxy/install/topic_monitor:/home/hd/ros2_foxy/install/examples_tf2_py:/home/hd/ros2_foxy/install/sros2:/home/hd/ros2_foxy/install/rqt_topic:/home/hd/ros2_foxy/install/rqt_top:/home/hd/ros2_foxy/install/rqt_srv:/home/hd/ros2_foxy/install/rqt_shell:/home/hd/ros2_foxy/install/rqt_service_caller:/home/hd/ros2_foxy/install/rqt_reconfigure:/home/hd/ros2_foxy/install/rqt_py_console:/home/hd/ros2_foxy/install/rqt_publisher:/home/hd/ros2_foxy/install/rqt_plot:/home/hd/ros2_foxy/install/rqt_action:/home/hd/ros2_foxy/install/rqt_msg:/home/hd/ros2_foxy/install/rqt_console:/home/hd/ros2_foxy/install/rqt:/home/hd/ros2_foxy/install/rqt_graph:/home/hd/ros2_foxy/install/rqt_gui_py:/home/hd/ros2_foxy/install/rqt_gui:/home/hd/ros2_foxy/install/ros2trace:/home/hd/ros2_foxy/install/ros2topic:/home/hd/ros2_foxy/install/ros2test:/home/hd/ros2_foxy/install/ros2component:/home/hd/ros2_foxy/install/ros2param:/home/hd/ros2_foxy/install/ros2lifecycle:/home/hd/ros2_foxy/install/ros2service:/home/hd/ros2_foxy/install/ros2run:/home/hd/ros2_foxy/install/ros2launch:/home/hd/ros2_foxy/install/ros2pkg:/home/hd/ros2_foxy/install/ros2node:/home/hd/ros2_foxy/install/ros2multicast:/home/hd/ros2_foxy/install/ros2interface:/home/hd/ros2_foxy/install/ros2doctor:/home/hd/ros2_foxy/install/ros2action:/home/hd/ros2_foxy/install/ros2cli:/home/hd/ros2_foxy/install/quality_of_service_demo_py:/home/hd/ros2_foxy/install/launch_testing_ros:/home/hd/ros2_foxy/install/launch_ros:/home/hd/ros2_foxy/install/joystick_ros2:/home/hd/ros2_foxy/install/examples_rclpy_minimal_subscriber:/home/hd/ros2_foxy/install/examples_rclpy_minimal_service:/home/hd/ros2_foxy/install/examples_rclpy_minimal_publisher:/home/hd/ros2_foxy/install/examples_rclpy_minimal_client:/home/hd/ros2_foxy/install/examples_rclpy_minimal_action_server:/home/hd/ros2_foxy/install/examples_rclpy_minimal_action_client:/home/hd/ros2_foxy/install/examples_rclpy_executors:/home/hd/ros2_foxy/install/demo_nodes_py:/home/hd/ros2_foxy/install/action_tutorials_py:/home/hd/ros2_foxy/install/ament_uncrustify:/home/hd/ros2_foxy/install/tracetools_trace:/home/hd/ros2_foxy/install/tracetools_read:/home/hd/ros2_foxy/install/test_launch_ros:/home/hd/ros2_foxy/install/sensor_msgs_py:/home/hd/ros2_foxy/install/rpyutils:/home/hd/ros2_foxy/install/rosidl_runtime_py:/home/hd/ros2_foxy/install/launch_yaml:/home/hd/ros2_foxy/install/launch_xml:/home/hd/ros2_foxy/install/launch_testing:/home/hd/ros2_foxy/install/launch:/home/hd/ros2_foxy/install/osrf_pycommon:/home/hd/ros2_foxy/install/domain_coordinator:/home/hd/ros2_foxy/install/ament_xmllint:/home/hd/ros2_foxy/install/ament_pyflakes:/home/hd/ros2_foxy/install/ament_pycodestyle:/home/hd/ros2_foxy/install/ament_pep257:/home/hd/ros2_foxy/install/ament_pclint:/home/hd/ros2_foxy/install/ament_package:/home/hd/ros2_foxy/install/ament_mypy:/home/hd/ros2_foxy/install/ament_lint_cmake:/home/hd/ros2_foxy/install/ament_flake8:/home/hd/ros2_foxy/install/ament_copyright:/home/hd/ros2_foxy/install/ament_lint:/home/hd/ros2_foxy/install/ament_index_python:/home/hd/ros2_foxy/install/ament_cpplint:/home/hd/ros2_foxy/install/ament_cppcheck:/home/hd/ros2_foxy/install/ament_clang_tidy:/home/hd/ros2_foxy/install/ament_clang_format /usr/bin/cmake --build /home/hd/Desktop/Motor_Control/motor_controls.ws/build/motor_control_interfaces -- -j2 -l2
[8.990s] DEBUG:colcon.colcon_core.event_handler.log_command:Invoking command in '/home/hd/Desktop/Motor_Control/motor_controls.ws/build/motor_control_interfaces': CMAKE_PREFIX_PATH=${CMAKE_PREFIX_PATH}:/opt/ros/foxy:/home/hd/ros2_foxy/install/ros2bag:/home/hd/ros2_foxy/install/tracetools_launch:/home/hd/ros2_foxy/install/topic_monitor:/home/hd/ros2_foxy/install/examples_tf2_py:/home/hd/ros2_foxy/install/sros2:/home/hd/ros2_foxy/install/rqt_topic:/home/hd/ros2_foxy/install/rqt_top:/home/hd/ros2_foxy/install/rqt_srv:/home/hd/ros2_foxy/install/rqt_shell:/home/hd/ros2_foxy/install/rqt_service_caller:/home/hd/ros2_foxy/install/rqt_reconfigure:/home/hd/ros2_foxy/install/rqt_py_console:/home/hd/ros2_foxy/install/rqt_publisher:/home/hd/ros2_foxy/install/rqt_plot:/home/hd/ros2_foxy/install/rqt_action:/home/hd/ros2_foxy/install/rqt_msg:/home/hd/ros2_foxy/install/rqt_console:/home/hd/ros2_foxy/install/rqt:/home/hd/ros2_foxy/install/rqt_graph:/home/hd/ros2_foxy/install/rqt_gui_py:/home/hd/ros2_foxy/install/rqt_gui:/home/hd/ros2_foxy/install/ros2trace:/home/hd/ros2_foxy/install/ros2topic:/home/hd/ros2_foxy/install/ros2test:/home/hd/ros2_foxy/install/ros2component:/home/hd/ros2_foxy/install/ros2param:/home/hd/ros2_foxy/install/ros2lifecycle:/home/hd/ros2_foxy/install/ros2service:/home/hd/ros2_foxy/install/ros2run:/home/hd/ros2_foxy/install/ros2launch:/home/hd/ros2_foxy/install/ros2pkg:/home/hd/ros2_foxy/install/ros2node:/home/hd/ros2_foxy/install/ros2multicast:/home/hd/ros2_foxy/install/ros2interface:/home/hd/ros2_foxy/install/ros2doctor:/home/hd/ros2_foxy/install/ros2action:/home/hd/ros2_foxy/install/ros2cli:/home/hd/ros2_foxy/install/quality_of_service_demo_py:/home/hd/ros2_foxy/install/launch_testing_ros:/home/hd/ros2_foxy/install/launch_ros:/home/hd/ros2_foxy/install/joystick_ros2:/home/hd/ros2_foxy/install/examples_rclpy_minimal_subscriber:/home/hd/ros2_foxy/install/examples_rclpy_minimal_service:/home/hd/ros2_foxy/install/examples_rclpy_minimal_publisher:/home/hd/ros2_foxy/install/examples_rclpy_minimal_client:/home/hd/ros2_foxy/install/examples_rclpy_minimal_action_server:/home/hd/ros2_foxy/install/examples_rclpy_minimal_action_client:/home/hd/ros2_foxy/install/examples_rclpy_executors:/home/hd/ros2_foxy/install/demo_nodes_py:/home/hd/ros2_foxy/install/action_tutorials_py:/home/hd/ros2_foxy/install/ament_uncrustify:/home/hd/ros2_foxy/install/tracetools_trace:/home/hd/ros2_foxy/install/tracetools_read:/home/hd/ros2_foxy/install/test_launch_ros:/home/hd/ros2_foxy/install/sensor_msgs_py:/home/hd/ros2_foxy/install/rpyutils:/home/hd/ros2_foxy/install/rosidl_runtime_py:/home/hd/ros2_foxy/install/launch_yaml:/home/hd/ros2_foxy/install/launch_xml:/home/hd/ros2_foxy/install/launch_testing:/home/hd/ros2_foxy/install/launch:/home/hd/ros2_foxy/install/osrf_pycommon:/home/hd/ros2_foxy/install/domain_coordinator:/home/hd/ros2_foxy/install/ament_xmllint:/home/hd/ros2_foxy/install/ament_pyflakes:/home/hd/ros2_foxy/install/ament_pycodestyle:/home/hd/ros2_foxy/install/ament_pep257:/home/hd/ros2_foxy/install/ament_pclint:/home/hd/ros2_foxy/install/ament_package:/home/hd/ros2_foxy/install/ament_mypy:/home/hd/ros2_foxy/install/ament_lint_cmake:/home/hd/ros2_foxy/install/ament_flake8:/home/hd/ros2_foxy/install/ament_copyright:/home/hd/ros2_foxy/install/ament_lint:/home/hd/ros2_foxy/install/ament_index_python:/home/hd/ros2_foxy/install/ament_cpplint:/home/hd/ros2_foxy/install/ament_cppcheck:/home/hd/ros2_foxy/install/ament_clang_tidy:/home/hd/ros2_foxy/install/ament_clang_format /usr/bin/cmake --install /home/hd/Desktop/Motor_Control/motor_controls.ws/build/motor_control_interfaces
[10.426s] Level 1:colcon.colcon_core.environment:create_environment_scripts_only(motor_control_interfaces)
[10.442s] Level 1:colcon.colcon_core.environment:checking '/home/hd/Desktop/Motor_Control/motor_controls.ws/install/motor_control_interfaces' for CMake module files
[10.443s] Level 1:colcon.colcon_core.environment:checking '/home/hd/Desktop/Motor_Control/motor_controls.ws/install/motor_control_interfaces' for CMake config files
[10.443s] Level 1:colcon.colcon_core.shell:create_environment_hook('motor_control_interfaces', 'cmake_prefix_path')
[10.469s] INFO:colcon.colcon_core.shell:Creating environment hook '/home/hd/Desktop/Motor_Control/motor_controls.ws/install/motor_control_interfaces/share/motor_control_interfaces/hook/cmake_prefix_path.ps1'
[10.470s] DEBUG:colcon.colcon_core.event_handler.log_command:Invoked command in '/home/hd/Desktop/Motor_Control/motor_controls.ws/build/motor_control_interfaces' returned '0': CMAKE_PREFIX_PATH=${CMAKE_PREFIX_PATH}:/opt/ros/foxy:/home/hd/ros2_foxy/install/ros2bag:/home/hd/ros2_foxy/install/tracetools_launch:/home/hd/ros2_foxy/install/topic_monitor:/home/hd/ros2_foxy/install/examples_tf2_py:/home/hd/ros2_foxy/install/sros2:/home/hd/ros2_foxy/install/rqt_topic:/home/hd/ros2_foxy/install/rqt_top:/home/hd/ros2_foxy/install/rqt_srv:/home/hd/ros2_foxy/install/rqt_shell:/home/hd/ros2_foxy/install/rqt_service_caller:/home/hd/ros2_foxy/install/rqt_reconfigure:/home/hd/ros2_foxy/install/rqt_py_console:/home/hd/ros2_foxy/install/rqt_publisher:/home/hd/ros2_foxy/install/rqt_plot:/home/hd/ros2_foxy/install/rqt_action:/home/hd/ros2_foxy/install/rqt_msg:/home/hd/ros2_foxy/install/rqt_console:/home/hd/ros2_foxy/install/rqt:/home/hd/ros2_foxy/install/rqt_graph:/home/hd/ros2_foxy/install/rqt_gui_py:/home/hd/ros2_foxy/install/rqt_gui:/home/hd/ros2_foxy/install/ros2trace:/home/hd/ros2_foxy/install/ros2topic:/home/hd/ros2_foxy/install/ros2test:/home/hd/ros2_foxy/install/ros2component:/home/hd/ros2_foxy/install/ros2param:/home/hd/ros2_foxy/install/ros2lifecycle:/home/hd/ros2_foxy/install/ros2service:/home/hd/ros2_foxy/install/ros2run:/home/hd/ros2_foxy/install/ros2launch:/home/hd/ros2_foxy/install/ros2pkg:/home/hd/ros2_foxy/install/ros2node:/home/hd/ros2_foxy/install/ros2multicast:/home/hd/ros2_foxy/install/ros2interface:/home/hd/ros2_foxy/install/ros2doctor:/home/hd/ros2_foxy/install/ros2action:/home/hd/ros2_foxy/install/ros2cli:/home/hd/ros2_foxy/install/quality_of_service_demo_py:/home/hd/ros2_foxy/install/launch_testing_ros:/home/hd/ros2_foxy/install/launch_ros:/home/hd/ros2_foxy/install/joystick_ros2:/home/hd/ros2_foxy/install/examples_rclpy_minimal_subscriber:/home/hd/ros2_foxy/install/examples_rclpy_minimal_service:/home/hd/ros2_foxy/install/examples_rclpy_minimal_publisher:/home/hd/ros2_foxy/install/examples_rclpy_minimal_client:/home/hd/ros2_foxy/install/examples_rclpy_minimal_action_server:/home/hd/ros2_foxy/install/examples_rclpy_minimal_action_client:/home/hd/ros2_foxy/install/examples_rclpy_executors:/home/hd/ros2_foxy/install/demo_nodes_py:/home/hd/ros2_foxy/install/action_tutorials_py:/home/hd/ros2_foxy/install/ament_uncrustify:/home/hd/ros2_foxy/install/tracetools_trace:/home/hd/ros2_foxy/install/tracetools_read:/home/hd/ros2_foxy/install/test_launch_ros:/home/hd/ros2_foxy/install/sensor_msgs_py:/home/hd/ros2_foxy/install/rpyutils:/home/hd/ros2_foxy/install/rosidl_runtime_py:/home/hd/ros2_foxy/install/launch_yaml:/home/hd/ros2_foxy/install/launch_xml:/home/hd/ros2_foxy/install/launch_testing:/home/hd/ros2_foxy/install/launch:/home/hd/ros2_foxy/install/osrf_pycommon:/home/hd/ros2_foxy/install/domain_coordinator:/home/hd/ros2_foxy/install/ament_xmllint:/home/hd/ros2_foxy/install/ament_pyflakes:/home/hd/ros2_foxy/install/ament_pycodestyle:/home/hd/ros2_foxy/install/ament_pep257:/home/hd/ros2_foxy/install/ament_pclint:/home/hd/ros2_foxy/install/ament_package:/home/hd/ros2_foxy/install/ament_mypy:/home/hd/ros2_foxy/install/ament_lint_cmake:/home/hd/ros2_foxy/install/ament_flake8:/home/hd/ros2_foxy/install/ament_copyright:/home/hd/ros2_foxy/install/ament_lint:/home/hd/ros2_foxy/install/ament_index_python:/home/hd/ros2_foxy/install/ament_cpplint:/home/hd/ros2_foxy/install/ament_cppcheck:/home/hd/ros2_foxy/install/ament_clang_tidy:/home/hd/ros2_foxy/install/ament_clang_format /usr/bin/cmake --install /home/hd/Desktop/Motor_Control/motor_controls.ws/build/motor_control_interfaces
[10.474s] INFO:colcon.colcon_core.shell:Creating environment descriptor '/home/hd/Desktop/Motor_Control/motor_controls.ws/install/motor_control_interfaces/share/motor_control_interfaces/hook/cmake_prefix_path.dsv'
[10.480s] INFO:colcon.colcon_core.shell:Creating environment hook '/home/hd/Desktop/Motor_Control/motor_controls.ws/install/motor_control_interfaces/share/motor_control_interfaces/hook/cmake_prefix_path.sh'
[10.483s] Level 1:colcon.colcon_core.environment:checking '/home/hd/Desktop/Motor_Control/motor_controls.ws/install/motor_control_interfaces/lib'
[10.487s] Level 1:colcon.colcon_core.shell:create_environment_hook('motor_control_interfaces', 'ld_library_path_lib')
[10.492s] INFO:colcon.colcon_core.shell:Creating environment hook '/home/hd/Desktop/Motor_Control/motor_controls.ws/install/motor_control_interfaces/share/motor_control_interfaces/hook/ld_library_path_lib.ps1'
[10.497s] INFO:colcon.colcon_core.shell:Creating environment descriptor '/home/hd/Desktop/Motor_Control/motor_controls.ws/install/motor_control_interfaces/share/motor_control_interfaces/hook/ld_library_path_lib.dsv'
[10.499s] INFO:colcon.colcon_core.shell:Creating environment hook '/home/hd/Desktop/Motor_Control/motor_controls.ws/install/motor_control_interfaces/share/motor_control_interfaces/hook/ld_library_path_lib.sh'
[10.504s] Level 1:colcon.colcon_core.environment:checking '/home/hd/Desktop/Motor_Control/motor_controls.ws/install/motor_control_interfaces/bin'
[10.504s] Level 1:colcon.colcon_core.environment:checking '/home/hd/Desktop/Motor_Control/motor_controls.ws/install/motor_control_interfaces/lib/pkgconfig/motor_control_interfaces.pc'
[10.504s] Level 1:colcon.colcon_core.environment:checking '/home/hd/Desktop/Motor_Control/motor_controls.ws/install/motor_control_interfaces/lib/python3.8/site-packages'
[10.504s] Level 1:colcon.colcon_core.shell:create_environment_hook('motor_control_interfaces', 'pythonpath')
[10.514s] INFO:colcon.colcon_core.shell:Creating environment hook '/home/hd/Desktop/Motor_Control/motor_controls.ws/install/motor_control_interfaces/share/motor_control_interfaces/hook/pythonpath.ps1'
[10.515s] INFO:colcon.colcon_core.shell:Creating environment descriptor '/home/hd/Desktop/Motor_Control/motor_controls.ws/install/motor_control_interfaces/share/motor_control_interfaces/hook/pythonpath.dsv'
[10.517s] INFO:colcon.colcon_core.shell:Creating environment hook '/home/hd/Desktop/Motor_Control/motor_controls.ws/install/motor_control_interfaces/share/motor_control_interfaces/hook/pythonpath.sh'
[10.520s] Level 1:colcon.colcon_core.environment:checking '/home/hd/Desktop/Motor_Control/motor_controls.ws/install/motor_control_interfaces/bin'
[10.526s] INFO:colcon.colcon_core.shell:Creating package script '/home/hd/Desktop/Motor_Control/motor_controls.ws/install/motor_control_interfaces/share/motor_control_interfaces/package.ps1'
[10.530s] INFO:colcon.colcon_core.shell:Creating package descriptor '/home/hd/Desktop/Motor_Control/motor_controls.ws/install/motor_control_interfaces/share/motor_control_interfaces/package.dsv'
[10.531s] INFO:colcon.colcon_core.shell:Creating package script '/home/hd/Desktop/Motor_Control/motor_controls.ws/install/motor_control_interfaces/share/motor_control_interfaces/package.sh'
[10.536s] INFO:colcon.colcon_core.shell:Creating package script '/home/hd/Desktop/Motor_Control/motor_controls.ws/install/motor_control_interfaces/share/motor_control_interfaces/package.bash'
[10.538s] INFO:colcon.colcon_core.shell:Creating package script '/home/hd/Desktop/Motor_Control/motor_controls.ws/install/motor_control_interfaces/share/motor_control_interfaces/package.zsh'
[10.540s] Level 1:colcon.colcon_core.environment:create_file_with_runtime_dependencies(/home/hd/Desktop/Motor_Control/motor_controls.ws/install/motor_control_interfaces/share/colcon-core/packages/motor_control_interfaces)
[13.561s] Level 1:colcon.colcon_core.environment:create_environment_scripts_only(motor_control_interfaces)
[13.581s] Level 1:colcon.colcon_core.environment:checking '/home/hd/Desktop/Motor_Control/motor_controls.ws/install/motor_control_interfaces' for CMake module files
[13.582s] Level 1:colcon.colcon_core.environment:checking '/home/hd/Desktop/Motor_Control/motor_controls.ws/install/motor_control_interfaces' for CMake config files
[13.582s] Level 1:colcon.colcon_core.shell:create_environment_hook('motor_control_interfaces', 'cmake_prefix_path')
[13.622s] INFO:colcon.colcon_core.shell:Creating environment hook '/home/hd/Desktop/Motor_Control/motor_controls.ws/install/motor_control_interfaces/share/motor_control_interfaces/hook/cmake_prefix_path.ps1'
[13.623s] INFO:colcon.colcon_core.shell:Creating environment descriptor '/home/hd/Desktop/Motor_Control/motor_controls.ws/install/motor_control_interfaces/share/motor_control_interfaces/hook/cmake_prefix_path.dsv'
[13.624s] INFO:colcon.colcon_core.shell:Creating environment hook '/home/hd/Desktop/Motor_Control/motor_controls.ws/install/motor_control_interfaces/share/motor_control_interfaces/hook/cmake_prefix_path.sh'
[13.625s] Level 1:colcon.colcon_core.environment:checking '/home/hd/Desktop/Motor_Control/motor_controls.ws/install/motor_control_interfaces/lib'
[13.625s] Level 1:colcon.colcon_core.shell:create_environment_hook('motor_control_interfaces', 'ld_library_path_lib')
[13.631s] INFO:colcon.colcon_core.shell:Creating environment hook '/home/hd/Desktop/Motor_Control/motor_controls.ws/install/motor_control_interfaces/share/motor_control_interfaces/hook/ld_library_path_lib.ps1'
[13.632s] INFO:colcon.colcon_core.shell:Creating environment descriptor '/home/hd/Desktop/Motor_Control/motor_controls.ws/install/motor_control_interfaces/share/motor_control_interfaces/hook/ld_library_path_lib.dsv'
[13.633s] INFO:colcon.colcon_core.shell:Creating environment hook '/home/hd/Desktop/Motor_Control/motor_controls.ws/install/motor_control_interfaces/share/motor_control_interfaces/hook/ld_library_path_lib.sh'
[13.633s] Level 1:colcon.colcon_core.environment:checking '/home/hd/Desktop/Motor_Control/motor_controls.ws/install/motor_control_interfaces/bin'
[13.634s] Level 1:colcon.colcon_core.environment:checking '/home/hd/Desktop/Motor_Control/motor_controls.ws/install/motor_control_interfaces/lib/pkgconfig/motor_control_interfaces.pc'
[13.634s] Level 1:colcon.colcon_core.environment:checking '/home/hd/Desktop/Motor_Control/motor_controls.ws/install/motor_control_interfaces/lib/python3.8/site-packages'
[13.634s] Level 1:colcon.colcon_core.shell:create_environment_hook('motor_control_interfaces', 'pythonpath')
[13.642s] INFO:colcon.colcon_core.shell:Creating environment hook '/home/hd/Desktop/Motor_Control/motor_controls.ws/install/motor_control_interfaces/share/motor_control_interfaces/hook/pythonpath.ps1'
[13.648s] INFO:colcon.colcon_core.shell:Creating environment descriptor '/home/hd/Desktop/Motor_Control/motor_controls.ws/install/motor_control_interfaces/share/motor_control_interfaces/hook/pythonpath.dsv'
[13.659s] INFO:colcon.colcon_core.shell:Creating environment hook '/home/hd/Desktop/Motor_Control/motor_controls.ws/install/motor_control_interfaces/share/motor_control_interfaces/hook/pythonpath.sh'
[13.660s] Level 1:colcon.colcon_core.environment:checking '/home/hd/Desktop/Motor_Control/motor_controls.ws/install/motor_control_interfaces/bin'
[13.666s] INFO:colcon.colcon_core.shell:Creating package script '/home/hd/Desktop/Motor_Control/motor_controls.ws/install/motor_control_interfaces/share/motor_control_interfaces/package.ps1'
[13.667s] INFO:colcon.colcon_core.shell:Creating package descriptor '/home/hd/Desktop/Motor_Control/motor_controls.ws/install/motor_control_interfaces/share/motor_control_interfaces/package.dsv'
[13.718s] INFO:colcon.colcon_core.shell:Creating package script '/home/hd/Desktop/Motor_Control/motor_controls.ws/install/motor_control_interfaces/share/motor_control_interfaces/package.sh'
[13.720s] INFO:colcon.colcon_core.shell:Creating package script '/home/hd/Desktop/Motor_Control/motor_controls.ws/install/motor_control_interfaces/share/motor_control_interfaces/package.bash'
[13.721s] INFO:colcon.colcon_core.shell:Creating package script '/home/hd/Desktop/Motor_Control/motor_controls.ws/install/motor_control_interfaces/share/motor_control_interfaces/package.zsh'
[13.721s] Level 1:colcon.colcon_core.environment:create_file_with_runtime_dependencies(/home/hd/Desktop/Motor_Control/motor_controls.ws/install/motor_control_interfaces/share/colcon-core/packages/motor_control_interfaces)
[13.724s] INFO:colcon.colcon_ros.task.ament_cmake.build:Building ROS package in '/home/hd/Desktop/Motor_Control/motor_controls.ws/src/coucou' with build type 'ament_cmake'
[13.724s] INFO:colcon.colcon_cmake.task.cmake.build:Building CMake package in '/home/hd/Desktop/Motor_Control/motor_controls.ws/src/coucou'
[13.730s] INFO:colcon.colcon_core.shell:Skip shell extension 'powershell' for command environment: Not usable outside of PowerShell
[13.730s] DEBUG:colcon.colcon_core.shell:Skip shell extension 'dsv' for command environment
[13.966s] DEBUG:colcon.colcon_core.event_handler.log_command:Invoking command in '/home/hd/Desktop/Motor_Control/motor_controls.ws/build/coucou': AMENT_PREFIX_PATH=/home/hd/Desktop/Motor_Control/motor_controls.ws/install/motor_control_interfaces:${AMENT_PREFIX_PATH} CMAKE_PREFIX_PATH=/home/hd/Desktop/Motor_Control/motor_controls.ws/install/motor_control_interfaces:/home/hd/ros2_foxy/install/rosbag2:/home/hd/ros2_foxy/install/rosbag2_transport:/home/hd/ros2_foxy/install/rosbag2_compression:/home/hd/ros2_foxy/install/zstd_vendor:/home/hd/ros2_foxy/install/rviz_visual_testing_framework:/home/hd/ros2_foxy/install/rviz2:/home/hd/ros2_foxy/install/rviz_default_plugins:/home/hd/ros2_foxy/install/rviz_common:/home/hd/ros2_foxy/install/rosbag2_storage_default_plugins:/home/hd/ros2_foxy/install/rosbag2_converter_default_plugins:/home/hd/ros2_foxy/install/bag_recorder_nodes:/home/hd/ros2_foxy/install/rosbag2_cpp:/home/hd/ros2_foxy/install/rosbag2_storage:/home/hd/ros2_foxy/install/yaml_cpp_vendor:/home/hd/ros2_foxy/install/ros1_bridge:/home/hd/ros2_foxy/install/interactive_markers:/home/hd/ros2_foxy/install/common_interfaces:/home/hd/ros2_foxy/install/visualization_msgs:/home/hd/ros2_foxy/install/dummy_robot_bringup:/home/hd/ros2_foxy/install/robot_state_publisher:/home/hd/ros2_foxy/install/kdl_parser:/home/hd/ros2_foxy/install/urdf:/home/hd/ros2_foxy/install/urdfdom:/home/hd/ros2_foxy/install/urdfdom_headers:/home/hd/ros2_foxy/install/turtlesim:/home/hd/ros2_foxy/install/geometry2:/home/hd/ros2_foxy/install/tf2_tools:/home/hd/ros2_foxy/install/tf2_sensor_msgs:/home/hd/ros2_foxy/install/test_tf2:/home/hd/ros2_foxy/install/tf2_kdl:/home/hd/ros2_foxy/install/tf2_geometry_msgs:/home/hd/ros2_foxy/install/tf2_eigen:/home/hd/ros2_foxy/install/tf2_bullet:/home/hd/ros2_foxy/install/tf2_ros:/home/hd/ros2_foxy/install/tf2_py:/home/hd/ros2_foxy/install/tf2_msgs:/home/hd/ros2_foxy/install/test_msgs:/home/hd/ros2_foxy/install/sros2_cmake:/home/hd/ros2_foxy/install/ros2cli_common_extensions:/home/hd/ros2_foxy/install/rqt_py_common:/home/hd/ros2_foxy/install/ros_testing:/home/hd/ros2_foxy/install/quality_of_service_demo_cpp:/home/hd/ros2_foxy/install/demo_nodes_cpp:/home/hd/ros2_foxy/install/composition:/home/hd/ros2_foxy/install/rclpy:/home/hd/ros2_foxy/install/examples_rclcpp_minimal_action_server:/home/hd/ros2_foxy/install/examples_rclcpp_minimal_action_client:/home/hd/ros2_foxy/install/action_tutorials_cpp:/home/hd/ros2_foxy/install/rclcpp_action:/home/hd/ros2_foxy/install/rcl_action:/home/hd/ros2_foxy/install/move_base_msgs:/home/hd/ros2_foxy/install/examples_rclcpp_minimal_service:/home/hd/ros2_foxy/install/examples_rclcpp_minimal_client:/home/hd/ros2_foxy/install/example_interfaces:/home/hd/ros2_foxy/install/action_tutorials_interfaces:/home/hd/ros2_foxy/install/action_msgs:/home/hd/ros2_foxy/install/unique_identifier_msgs:/home/hd/ros2_foxy/install/ament_lint_common:/home/hd/ros2_foxy/install/ament_cmake_uncrustify:/home/hd/ros2_foxy/install/uncrustify_vendor:/home/hd/ros2_foxy/install/trajectory_msgs:/home/hd/ros2_foxy/install/tracetools_test:/home/hd/ros2_foxy/install/pendulum_control:/home/hd/ros2_foxy/install/tlsf_cpp:/home/hd/ros2_foxy/install/rqt_gui_cpp:/home/hd/ros2_foxy/install/rosbag2_test_common:/home/hd/ros2_foxy/install/ros2lifecycle_test_fixtures:/home/hd/ros2_foxy/install/lifecycle:/home/hd/ros2_foxy/install/rclcpp_lifecycle:/home/hd/ros2_foxy/install/logging_demo:/home/hd/ros2_foxy/install/image_tools:/home/hd/ros2_foxy/install/examples_rclcpp_minimal_composition:/home/hd/ros2_foxy/install/demo_nodes_cpp_native:/home/hd/ros2_foxy/install/rclcpp_components:/home/hd/ros2_foxy/install/laser_geometry:/home/hd/ros2_foxy/install/intra_process_demo:/home/hd/ros2_foxy/install/examples_rclcpp_multithreaded_executor:/home/hd/ros2_foxy/install/examples_rclcpp_minimal_timer:/home/hd/ros2_foxy/install/examples_rclcpp_minimal_subscriber:/home/hd/ros2_foxy/install/examples_rclcpp_minimal_publisher:/home/hd/ros2_foxy/install/dummy_sensors:/home/hd/ros2_foxy/install/dummy_map_server:/home/hd/ros2_foxy/install/rclcpp:/home/hd/ros2_foxy/install/rcl_lifecycle:/home/hd/ros2_foxy/install/libstatistics_collector:/home/hd/ros2_foxy/install/rcl:/home/hd/ros2_foxy/install/tracetools:/home/hd/ros2_foxy/install/tlsf:/home/hd/ros2_foxy/install/tinyxml_vendor:/home/hd/ros2_foxy/install/qt_gui_core:/home/hd/ros2_foxy/install/qt_gui_cpp:/home/hd/ros2_foxy/install/pluginlib:/home/hd/ros2_foxy/install/tinyxml2_vendor:/home/hd/ros2_foxy/install/tf2_eigen_kdl:/home/hd/ros2_foxy/install/tf2:/home/hd/ros2_foxy/install/test_security:/home/hd/ros2_foxy/install/test_rmw_implementation:/home/hd/ros2_foxy/install/test_rclcpp:/home/hd/ros2_foxy/install/test_quality_of_service:/home/hd/ros2_foxy/install/test_launch_testing:/home/hd/ros2_foxy/install/test_interface_files:/home/hd/ros2_foxy/install/test_communication:/home/hd/ros2_foxy/install/test_cli_remapping:/home/hd/ros2_foxy/install/test_cli:/home/hd/ros2_foxy/install/qt_gui_app:/home/hd/ros2_foxy/install/qt_gui:/home/hd/ros2_foxy/install/tango_icons_vendor:/home/hd/ros2_foxy/install/stereo_msgs:/home/hd/ros2_foxy/install/std_srvs:/home/hd/ros2_foxy/install/shape_msgs:/home/hd/ros2_foxy/install/map_msgs:/home/hd/ros2_foxy/install/sensor_msgs:/home/hd/ros2_foxy/install/nav_msgs:/home/hd/ros2_foxy/install/diagnostic_msgs:/home/hd/ros2_foxy/install/geometry_msgs:/home/hd/ros2_foxy/install/actionlib_msgs:/home/hd/ros2_foxy/install/std_msgs:/home/hd/ros2_foxy/install/statistics_msgs:/home/hd/ros2_foxy/install/sqlite3_vendor:/home/hd/ros2_foxy/install/rcl_logging_spdlog:/home/hd/ros2_foxy/install/spdlog_vendor:/home/hd/ros2_foxy/install/shared_queues_vendor:/home/hd/ros2_foxy/install/rviz_rendering_tests:/home/hd/ros2_foxy/install/rviz_rendering:/home/hd/ros2_foxy/install/rviz_ogre_vendor:/home/hd/ros2_foxy/install/rviz_assimp_vendor:/home/hd/ros2_foxy/install/rttest:/home/hd/ros2_foxy/install/rosgraph_msgs:/home/hd/ros2_foxy/install/rmw_implementation:/home/hd/ros2_foxy/install/rmw_fastrtps_dynamic_cpp:/home/hd/ros2_foxy/install/rmw_fastrtps_cpp:/home/hd/ros2_foxy/install/rmw_fastrtps_shared_cpp:/home/hd/ros2_foxy/install/rmw_cyclonedds_cpp:/home/hd/ros2_foxy/install/rmw_dds_common:/home/hd/ros2_foxy/install/composition_interfaces:/home/hd/ros2_foxy/install/rcl_interfaces:/home/hd/ros2_foxy/install/pendulum_msgs:/home/hd/ros2_foxy/install/lifecycle_msgs:/home/hd/ros2_foxy/install/builtin_interfaces:/home/hd/ros2_foxy/install/rosidl_default_runtime:/home/hd/ros2_foxy/install/rosidl_default_generators:/home/hd/ros2_foxy/install/rosidl_generator_py:/home/hd/ros2_foxy/install/rosidl_typesupport_cpp:/home/hd/ros2_foxy/install/rosidl_typesupport_introspection_cpp:/home/hd/ros2_foxy/install/rosidl_typesupport_c:/home/hd/ros2_foxy/install/rosidl_typesupport_introspection_c:/home/hd/ros2_foxy/install/rosidl_typesupport_fastrtps_c:/home/hd/ros2_foxy/install/rosidl_typesupport_fastrtps_cpp:/home/hd/ros2_foxy/install/rmw_connext_cpp:/home/hd/ros2_foxy/install/rosidl_typesupport_connext_c:/home/hd/ros2_foxy/install/rosidl_typesupport_connext_cpp:/home/hd/ros2_foxy/install/rmw:/home/hd/ros2_foxy/install/rosidl_runtime_c:/home/hd/ros2_foxy/install/rosidl_generator_cpp:/home/hd/ros2_foxy/install/rosidl_generator_c:/home/hd/ros2_foxy/install/rosidl_typesupport_interface:/home/hd/ros2_foxy/install/rosidl_runtime_cpp:/home/hd/ros2_foxy/install/rosidl_generator_dds_idl:/home/hd/ros2_foxy/install/rosidl_cmake:/home/hd/ros2_foxy/install/rosidl_parser:/home/hd/ros2_foxy/install/rosidl_adapter:/home/hd/ros2_foxy/install/rosbag2_tests:/home/hd/ros2_foxy/install/ros_environment:/home/hd/ros2_foxy/install/rmw_implementation_cmake:/home/hd/ros2_foxy/install/rmw_connext_shared_cpp:/home/hd/ros2_foxy/install/resource_retriever:/home/hd/ros2_foxy/install/class_loader:/home/hd/ros2_foxy/install/rcpputils:/home/hd/ros2_foxy/install/rcl_logging_noop:/home/hd/ros2_foxy/install/rcl_logging_log4cxx:/home/hd/ros2_foxy/install/rcutils:/home/hd/ros2_foxy/install/rcl_yaml_param_parser:/home/hd/ros2_foxy/install/qt_gui_py_common:/home/hd/ros2_foxy/install/qt_dotgraph:/home/hd/ros2_foxy/install/python_qt_binding:/home/hd/ros2_foxy/install/launch_testing_ament_cmake:/home/hd/ros2_foxy/install/python_cmake_module:/home/hd/ros2_foxy/install/performance_test_fixture:/home/hd/ros2_foxy/install/osrf_testing_tools_cpp:/home/hd/ros2_foxy/install/orocos_kdl:/home/hd/ros2_foxy/install/mimick_vendor:/home/hd/ros2_foxy/install/message_filters:/home/hd/ros2_foxy/install/libyaml_vendor:/home/hd/ros2_foxy/install/libcurl_vendor:/home/hd/ros2_foxy/install/ament_cmake_ros:/home/hd/ros2_foxy/install/ament_cmake_gmock:/home/hd/ros2_foxy/install/gmock_vendor:/home/hd/ros2_foxy/install/ament_cmake_gtest:/home/hd/ros2_foxy/install/gtest_vendor:/home/hd/ros2_foxy/install/ament_cmake_google_benchmark:/home/hd/ros2_foxy/install/google_benchmark_vendor:/home/hd/ros2_foxy/install/fastrtps:/home/hd/ros2_foxy/install/foonathan_memory_vendor:/home/hd/ros2_foxy/install/fastrtps_cmake_module:/home/hd/ros2_foxy/install/fastcdr:/home/hd/ros2_foxy/install/eigen3_cmake_module:/home/hd/ros2_foxy/install/cyclonedds:/home/hd/ros2_foxy/install/console_bridge_vendor:/home/hd/ros2_foxy/install/connext_cmake_module:/home/hd/ros2_foxy/install/ament_cmake_xmllint:/home/hd/ros2_foxy/install/ament_cmake_pyflakes:/home/hd/ros2_foxy/install/ament_cmake_pycodestyle:/home/hd/ros2_foxy/install/ament_cmake_pep257:/home/hd/ros2_foxy/install/ament_cmake_pclint:/home/hd/ros2_foxy/install/ament_lint_auto:/home/hd/ros2_foxy/install/ament_cmake_auto:/home/hd/ros2_foxy/install/ament_cmake:/home/hd/ros2_foxy/install/ament_cmake_version:/home/hd/ros2_foxy/install/ament_cmake_pytest:/home/hd/ros2_foxy/install/ament_cmake_nose:/home/hd/ros2_foxy/install/ament_cmake_mypy:/home/hd/ros2_foxy/install/ament_cmake_lint_cmake:/home/hd/ros2_foxy/install/ament_cmake_flake8:/home/hd/ros2_foxy/install/ament_cmake_cpplint:/home/hd/ros2_foxy/install/ament_cmake_cppcheck:/home/hd/ros2_foxy/install/ament_cmake_copyright:/home/hd/ros2_foxy/install/ament_cmake_clang_tidy:/home/hd/ros2_foxy/install/ament_cmake_clang_format:/home/hd/ros2_foxy/install/ament_cmake_test:/home/hd/ros2_foxy/install/ament_cmake_target_dependencies:/home/hd/ros2_foxy/install/ament_cmake_python:/home/hd/ros2_foxy/install/ament_cmake_export_dependencies:/home/hd/ros2_foxy/install/ament_cmake_libraries:/home/hd/ros2_foxy/install/ament_cmake_include_directories:/home/hd/ros2_foxy/install/ament_cmake_export_targets:/home/hd/ros2_foxy/install/ament_cmake_export_link_flags:/home/hd/ros2_foxy/install/ament_cmake_export_interfaces:/home/hd/ros2_foxy/install/ament_cmake_export_libraries:/home/hd/ros2_foxy/install/ament_cmake_export_include_directories:/home/hd/ros2_foxy/install/ament_cmake_export_definitions:/home/hd/ros2_foxy/install/ament_cmake_core:/home/hd/ros2_foxy/install/ament_index_cpp:/opt/ros/foxy:/home/hd/ros2_foxy/install/ros2bag:/home/hd/ros2_foxy/install/tracetools_launch:/home/hd/ros2_foxy/install/topic_monitor:/home/hd/ros2_foxy/install/examples_tf2_py:/home/hd/ros2_foxy/install/sros2:/home/hd/ros2_foxy/install/rqt_topic:/home/hd/ros2_foxy/install/rqt_top:/home/hd/ros2_foxy/install/rqt_srv:/home/hd/ros2_foxy/install/rqt_shell:/home/hd/ros2_foxy/install/rqt_service_caller:/home/hd/ros2_foxy/install/rqt_reconfigure:/home/hd/ros2_foxy/install/rqt_py_console:/home/hd/ros2_foxy/install/rqt_publisher:/home/hd/ros2_foxy/install/rqt_plot:/home/hd/ros2_foxy/install/rqt_action:/home/hd/ros2_foxy/install/rqt_msg:/home/hd/ros2_foxy/install/rqt_console:/home/hd/ros2_foxy/install/rqt:/home/hd/ros2_foxy/install/rqt_graph:/home/hd/ros2_foxy/install/rqt_gui_py:/home/hd/ros2_foxy/install/rqt_gui:/home/hd/ros2_foxy/install/ros2trace:/home/hd/ros2_foxy/install/ros2topic:/home/hd/ros2_foxy/install/ros2test:/home/hd/ros2_foxy/install/ros2component:/home/hd/ros2_foxy/install/ros2param:/home/hd/ros2_foxy/install/ros2lifecycle:/home/hd/ros2_foxy/install/ros2service:/home/hd/ros2_foxy/install/ros2run:/home/hd/ros2_foxy/install/ros2launch:/home/hd/ros2_foxy/install/ros2pkg:/home/hd/ros2_foxy/install/ros2node:/home/hd/ros2_foxy/install/ros2multicast:/home/hd/ros2_foxy/install/ros2interface:/home/hd/ros2_foxy/install/ros2doctor:/home/hd/ros2_foxy/install/ros2action:/home/hd/ros2_foxy/install/ros2cli:/home/hd/ros2_foxy/install/quality_of_service_demo_py:/home/hd/ros2_foxy/install/launch_testing_ros:/home/hd/ros2_foxy/install/launch_ros:/home/hd/ros2_foxy/install/joystick_ros2:/home/hd/ros2_foxy/install/examples_rclpy_minimal_subscriber:/home/hd/ros2_foxy/install/examples_rclpy_minimal_service:/home/hd/ros2_foxy/install/examples_rclpy_minimal_publisher:/home/hd/ros2_foxy/install/examples_rclpy_minimal_client:/home/hd/ros2_foxy/install/examples_rclpy_minimal_action_server:/home/hd/ros2_foxy/install/examples_rclpy_minimal_action_client:/home/hd/ros2_foxy/install/examples_rclpy_executors:/home/hd/ros2_foxy/install/demo_nodes_py:/home/hd/ros2_foxy/install/action_tutorials_py:/home/hd/ros2_foxy/install/ament_uncrustify:/home/hd/ros2_foxy/install/tracetools_trace:/home/hd/ros2_foxy/install/tracetools_read:/home/hd/ros2_foxy/install/test_launch_ros:/home/hd/ros2_foxy/install/sensor_msgs_py:/home/hd/ros2_foxy/install/rpyutils:/home/hd/ros2_foxy/install/rosidl_runtime_py:/home/hd/ros2_foxy/install/launch_yaml:/home/hd/ros2_foxy/install/launch_xml:/home/hd/ros2_foxy/install/launch_testing:/home/hd/ros2_foxy/install/launch:/home/hd/ros2_foxy/install/osrf_pycommon:/home/hd/ros2_foxy/install/domain_coordinator:/home/hd/ros2_foxy/install/ament_xmllint:/home/hd/ros2_foxy/install/ament_pyflakes:/home/hd/ros2_foxy/install/ament_pycodestyle:/home/hd/ros2_foxy/install/ament_pep257:/home/hd/ros2_foxy/install/ament_pclint:/home/hd/ros2_foxy/install/ament_package:/home/hd/ros2_foxy/install/ament_mypy:/home/hd/ros2_foxy/install/ament_lint_cmake:/home/hd/ros2_foxy/install/ament_flake8:/home/hd/ros2_foxy/install/ament_copyright:/home/hd/ros2_foxy/install/ament_lint:/home/hd/ros2_foxy/install/ament_index_python:/home/hd/ros2_foxy/install/ament_cpplint:/home/hd/ros2_foxy/install/ament_cppcheck:/home/hd/ros2_foxy/install/ament_clang_tidy:/home/hd/ros2_foxy/install/ament_clang_format LD_LIBRARY_PATH=/home/hd/Desktop/Motor_Control/motor_controls.ws/install/motor_control_interfaces/lib:${LD_LIBRARY_PATH} PYTHONPATH=/home/hd/Desktop/Motor_Control/motor_controls.ws/install/motor_control_interfaces/lib/python3.8/site-packages:${PYTHONPATH} /usr/bin/cmake --build /home/hd/Desktop/Motor_Control/motor_controls.ws/build/coucou -- -j2 -l2
[20.888s] DEBUG:colcon.colcon_core.event_handler.log_command:Invoked command in '/home/hd/Desktop/Motor_Control/motor_controls.ws/build/ethercat_device_configurator' returned '2': CMAKE_PREFIX_PATH=${CMAKE_PREFIX_PATH}:/opt/ros/foxy:/home/hd/ros2_foxy/install/ros2bag:/home/hd/ros2_foxy/install/tracetools_launch:/home/hd/ros2_foxy/install/topic_monitor:/home/hd/ros2_foxy/install/examples_tf2_py:/home/hd/ros2_foxy/install/sros2:/home/hd/ros2_foxy/install/rqt_topic:/home/hd/ros2_foxy/install/rqt_top:/home/hd/ros2_foxy/install/rqt_srv:/home/hd/ros2_foxy/install/rqt_shell:/home/hd/ros2_foxy/install/rqt_service_caller:/home/hd/ros2_foxy/install/rqt_reconfigure:/home/hd/ros2_foxy/install/rqt_py_console:/home/hd/ros2_foxy/install/rqt_publisher:/home/hd/ros2_foxy/install/rqt_plot:/home/hd/ros2_foxy/install/rqt_action:/home/hd/ros2_foxy/install/rqt_msg:/home/hd/ros2_foxy/install/rqt_console:/home/hd/ros2_foxy/install/rqt:/home/hd/ros2_foxy/install/rqt_graph:/home/hd/ros2_foxy/install/rqt_gui_py:/home/hd/ros2_foxy/install/rqt_gui:/home/hd/ros2_foxy/install/ros2trace:/home/hd/ros2_foxy/install/ros2topic:/home/hd/ros2_foxy/install/ros2test:/home/hd/ros2_foxy/install/ros2component:/home/hd/ros2_foxy/install/ros2param:/home/hd/ros2_foxy/install/ros2lifecycle:/home/hd/ros2_foxy/install/ros2service:/home/hd/ros2_foxy/install/ros2run:/home/hd/ros2_foxy/install/ros2launch:/home/hd/ros2_foxy/install/ros2pkg:/home/hd/ros2_foxy/install/ros2node:/home/hd/ros2_foxy/install/ros2multicast:/home/hd/ros2_foxy/install/ros2interface:/home/hd/ros2_foxy/install/ros2doctor:/home/hd/ros2_foxy/install/ros2action:/home/hd/ros2_foxy/install/ros2cli:/home/hd/ros2_foxy/install/quality_of_service_demo_py:/home/hd/ros2_foxy/install/launch_testing_ros:/home/hd/ros2_foxy/install/launch_ros:/home/hd/ros2_foxy/install/joystick_ros2:/home/hd/ros2_foxy/install/examples_rclpy_minimal_subscriber:/home/hd/ros2_foxy/install/examples_rclpy_minimal_service:/home/hd/ros2_foxy/install/examples_rclpy_minimal_publisher:/home/hd/ros2_foxy/install/examples_rclpy_minimal_client:/home/hd/ros2_foxy/install/examples_rclpy_minimal_action_server:/home/hd/ros2_foxy/install/examples_rclpy_minimal_action_client:/home/hd/ros2_foxy/install/examples_rclpy_executors:/home/hd/ros2_foxy/install/demo_nodes_py:/home/hd/ros2_foxy/install/action_tutorials_py:/home/hd/ros2_foxy/install/ament_uncrustify:/home/hd/ros2_foxy/install/tracetools_trace:/home/hd/ros2_foxy/install/tracetools_read:/home/hd/ros2_foxy/install/test_launch_ros:/home/hd/ros2_foxy/install/sensor_msgs_py:/home/hd/ros2_foxy/install/rpyutils:/home/hd/ros2_foxy/install/rosidl_runtime_py:/home/hd/ros2_foxy/install/launch_yaml:/home/hd/ros2_foxy/install/launch_xml:/home/hd/ros2_foxy/install/launch_testing:/home/hd/ros2_foxy/install/launch:/home/hd/ros2_foxy/install/osrf_pycommon:/home/hd/ros2_foxy/install/domain_coordinator:/home/hd/ros2_foxy/install/ament_xmllint:/home/hd/ros2_foxy/install/ament_pyflakes:/home/hd/ros2_foxy/install/ament_pycodestyle:/home/hd/ros2_foxy/install/ament_pep257:/home/hd/ros2_foxy/install/ament_pclint:/home/hd/ros2_foxy/install/ament_package:/home/hd/ros2_foxy/install/ament_mypy:/home/hd/ros2_foxy/install/ament_lint_cmake:/home/hd/ros2_foxy/install/ament_flake8:/home/hd/ros2_foxy/install/ament_copyright:/home/hd/ros2_foxy/install/ament_lint:/home/hd/ros2_foxy/install/ament_index_python:/home/hd/ros2_foxy/install/ament_cpplint:/home/hd/ros2_foxy/install/ament_cppcheck:/home/hd/ros2_foxy/install/ament_clang_tidy:/home/hd/ros2_foxy/install/ament_clang_format /usr/bin/cmake --build /home/hd/Desktop/Motor_Control/motor_controls.ws/build/ethercat_device_configurator -- -j2 -l2
[21.281s] Level 1:colcon.colcon_core.environment:create_environment_scripts_only(ethercat_device_configurator)
[21.292s] Level 1:colcon.colcon_core.environment:checking '/home/hd/Desktop/Motor_Control/motor_controls.ws/install/ethercat_device_configurator' for CMake module files
[21.293s] Level 1:colcon.colcon_core.environment:checking '/home/hd/Desktop/Motor_Control/motor_controls.ws/install/ethercat_device_configurator' for CMake config files
[21.294s] Level 1:colcon.colcon_core.shell:create_environment_hook('ethercat_device_configurator', 'cmake_prefix_path')
[21.302s] INFO:colcon.colcon_core.shell:Creating environment hook '/home/hd/Desktop/Motor_Control/motor_controls.ws/install/ethercat_device_configurator/share/ethercat_device_configurator/hook/cmake_prefix_path.ps1'
[21.303s] INFO:colcon.colcon_core.shell:Creating environment descriptor '/home/hd/Desktop/Motor_Control/motor_controls.ws/install/ethercat_device_configurator/share/ethercat_device_configurator/hook/cmake_prefix_path.dsv'
[21.304s] INFO:colcon.colcon_core.shell:Creating environment hook '/home/hd/Desktop/Motor_Control/motor_controls.ws/install/ethercat_device_configurator/share/ethercat_device_configurator/hook/cmake_prefix_path.sh'
[21.305s] Level 1:colcon.colcon_core.environment:checking '/home/hd/Desktop/Motor_Control/motor_controls.ws/install/ethercat_device_configurator/lib'
[21.305s] Level 1:colcon.colcon_core.shell:create_environment_hook('ethercat_device_configurator', 'ld_library_path_lib')
[21.310s] INFO:colcon.colcon_core.shell:Creating environment hook '/home/hd/Desktop/Motor_Control/motor_controls.ws/install/ethercat_device_configurator/share/ethercat_device_configurator/hook/ld_library_path_lib.ps1'
[21.311s] INFO:colcon.colcon_core.shell:Creating environment descriptor '/home/hd/Desktop/Motor_Control/motor_controls.ws/install/ethercat_device_configurator/share/ethercat_device_configurator/hook/ld_library_path_lib.dsv'
[21.312s] INFO:colcon.colcon_core.shell:Creating environment hook '/home/hd/Desktop/Motor_Control/motor_controls.ws/install/ethercat_device_configurator/share/ethercat_device_configurator/hook/ld_library_path_lib.sh'
[21.313s] Level 1:colcon.colcon_core.environment:checking '/home/hd/Desktop/Motor_Control/motor_controls.ws/install/ethercat_device_configurator/bin'
[21.313s] Level 1:colcon.colcon_core.environment:checking '/home/hd/Desktop/Motor_Control/motor_controls.ws/install/ethercat_device_configurator/lib/pkgconfig/ethercat_device_configurator.pc'
[21.313s] Level 1:colcon.colcon_core.environment:checking '/home/hd/Desktop/Motor_Control/motor_controls.ws/install/ethercat_device_configurator/lib/python3.8/site-packages'
[21.313s] Level 1:colcon.colcon_core.environment:checking '/home/hd/Desktop/Motor_Control/motor_controls.ws/install/ethercat_device_configurator/bin'
[21.319s] INFO:colcon.colcon_core.shell:Creating package script '/home/hd/Desktop/Motor_Control/motor_controls.ws/install/ethercat_device_configurator/share/ethercat_device_configurator/package.ps1'
[21.320s] INFO:colcon.colcon_core.shell:Creating package descriptor '/home/hd/Desktop/Motor_Control/motor_controls.ws/install/ethercat_device_configurator/share/ethercat_device_configurator/package.dsv'
[21.328s] INFO:colcon.colcon_core.shell:Creating package script '/home/hd/Desktop/Motor_Control/motor_controls.ws/install/ethercat_device_configurator/share/ethercat_device_configurator/package.sh'
[21.331s] INFO:colcon.colcon_core.shell:Creating package script '/home/hd/Desktop/Motor_Control/motor_controls.ws/install/ethercat_device_configurator/share/ethercat_device_configurator/package.bash'
[21.332s] INFO:colcon.colcon_core.shell:Creating package script '/home/hd/Desktop/Motor_Control/motor_controls.ws/install/ethercat_device_configurator/share/ethercat_device_configurator/package.zsh'
[21.333s] Level 1:colcon.colcon_core.environment:create_file_with_runtime_dependencies(/home/hd/Desktop/Motor_Control/motor_controls.ws/install/ethercat_device_configurator/share/colcon-core/packages/ethercat_device_configurator)
[38.088s] DEBUG:colcon.colcon_parallel_executor.executor.parallel:closing loop
[38.088s] DEBUG:colcon.colcon_parallel_executor.executor.parallel:loop closed
[38.088s] DEBUG:colcon.colcon_parallel_executor.executor.parallel:run_until_complete finished with '2'
[38.088s] DEBUG:colcon.colcon_core.event_reactor:joining thread
[38.104s] INFO:colcon.colcon_core.plugin_system:Skipping extension 'colcon_notification.desktop_notification.terminal_notifier': Not used on non-Darwin systems
[38.104s] INFO:colcon.colcon_core.plugin_system:Skipping extension 'colcon_notification.desktop_notification.win32': Not used on non-Windows systems
[38.104s] INFO:colcon.colcon_notification.desktop_notification:Sending desktop notification using 'notify2'
[38.145s] DEBUG:colcon.colcon_core.event_reactor:joined thread
[38.150s] INFO:colcon.colcon_core.shell:Creating prefix script '/home/hd/Desktop/Motor_Control/motor_controls.ws/install/local_setup.ps1'
[38.152s] INFO:colcon.colcon_core.shell:Creating prefix util module '/home/hd/Desktop/Motor_Control/motor_controls.ws/install/_local_setup_util_ps1.py'
[38.153s] INFO:colcon.colcon_core.shell:Creating prefix chain script '/home/hd/Desktop/Motor_Control/motor_controls.ws/install/setup.ps1'
[38.170s] INFO:colcon.colcon_core.shell:Creating prefix script '/home/hd/Desktop/Motor_Control/motor_controls.ws/install/local_setup.sh'
[38.171s] INFO:colcon.colcon_core.shell:Creating prefix util module '/home/hd/Desktop/Motor_Control/motor_controls.ws/install/_local_setup_util_sh.py'
[38.172s] INFO:colcon.colcon_core.shell:Creating prefix chain script '/home/hd/Desktop/Motor_Control/motor_controls.ws/install/setup.sh'
[38.185s] INFO:colcon.colcon_core.shell:Creating prefix script '/home/hd/Desktop/Motor_Control/motor_controls.ws/install/local_setup.bash'
[38.187s] INFO:colcon.colcon_core.shell:Creating prefix chain script '/home/hd/Desktop/Motor_Control/motor_controls.ws/install/setup.bash'
[38.208s] INFO:colcon.colcon_core.shell:Creating prefix script '/home/hd/Desktop/Motor_Control/motor_controls.ws/install/local_setup.zsh'
[38.209s] INFO:colcon.colcon_core.shell:Creating prefix chain script '/home/hd/Desktop/Motor_Control/motor_controls.ws/install/setup.zsh'
