[0.184s] Invoking command in '/home/hd/Desktop/Motor_Control/motor_controls.ws/build/ethercat_device_configurator': CMAKE_PREFIX_PATH=${CMAKE_PREFIX_PATH}:/opt/ros/foxy:/home/hd/ros2_foxy/install/ros2bag:/home/hd/ros2_foxy/install/tracetools_launch:/home/hd/ros2_foxy/install/topic_monitor:/home/hd/ros2_foxy/install/examples_tf2_py:/home/hd/ros2_foxy/install/sros2:/home/hd/ros2_foxy/install/rqt_topic:/home/hd/ros2_foxy/install/rqt_top:/home/hd/ros2_foxy/install/rqt_srv:/home/hd/ros2_foxy/install/rqt_shell:/home/hd/ros2_foxy/install/rqt_service_caller:/home/hd/ros2_foxy/install/rqt_reconfigure:/home/hd/ros2_foxy/install/rqt_py_console:/home/hd/ros2_foxy/install/rqt_publisher:/home/hd/ros2_foxy/install/rqt_plot:/home/hd/ros2_foxy/install/rqt_action:/home/hd/ros2_foxy/install/rqt_msg:/home/hd/ros2_foxy/install/rqt_console:/home/hd/ros2_foxy/install/rqt:/home/hd/ros2_foxy/install/rqt_graph:/home/hd/ros2_foxy/install/rqt_gui_py:/home/hd/ros2_foxy/install/rqt_gui:/home/hd/ros2_foxy/install/ros2trace:/home/hd/ros2_foxy/install/ros2topic:/home/hd/ros2_foxy/install/ros2test:/home/hd/ros2_foxy/install/ros2component:/home/hd/ros2_foxy/install/ros2param:/home/hd/ros2_foxy/install/ros2lifecycle:/home/hd/ros2_foxy/install/ros2service:/home/hd/ros2_foxy/install/ros2run:/home/hd/ros2_foxy/install/ros2launch:/home/hd/ros2_foxy/install/ros2pkg:/home/hd/ros2_foxy/install/ros2node:/home/hd/ros2_foxy/install/ros2multicast:/home/hd/ros2_foxy/install/ros2interface:/home/hd/ros2_foxy/install/ros2doctor:/home/hd/ros2_foxy/install/ros2action:/home/hd/ros2_foxy/install/ros2cli:/home/hd/ros2_foxy/install/quality_of_service_demo_py:/home/hd/ros2_foxy/install/launch_testing_ros:/home/hd/ros2_foxy/install/launch_ros:/home/hd/ros2_foxy/install/joystick_ros2:/home/hd/ros2_foxy/install/examples_rclpy_minimal_subscriber:/home/hd/ros2_foxy/install/examples_rclpy_minimal_service:/home/hd/ros2_foxy/install/examples_rclpy_minimal_publisher:/home/hd/ros2_foxy/install/examples_rclpy_minimal_client:/home/hd/ros2_foxy/install/examples_rclpy_minimal_action_server:/home/hd/ros2_foxy/install/examples_rclpy_minimal_action_client:/home/hd/ros2_foxy/install/examples_rclpy_executors:/home/hd/ros2_foxy/install/demo_nodes_py:/home/hd/ros2_foxy/install/action_tutorials_py:/home/hd/ros2_foxy/install/ament_uncrustify:/home/hd/ros2_foxy/install/tracetools_trace:/home/hd/ros2_foxy/install/tracetools_read:/home/hd/ros2_foxy/install/test_launch_ros:/home/hd/ros2_foxy/install/sensor_msgs_py:/home/hd/ros2_foxy/install/rpyutils:/home/hd/ros2_foxy/install/rosidl_runtime_py:/home/hd/ros2_foxy/install/launch_yaml:/home/hd/ros2_foxy/install/launch_xml:/home/hd/ros2_foxy/install/launch_testing:/home/hd/ros2_foxy/install/launch:/home/hd/ros2_foxy/install/osrf_pycommon:/home/hd/ros2_foxy/install/domain_coordinator:/home/hd/ros2_foxy/install/ament_xmllint:/home/hd/ros2_foxy/install/ament_pyflakes:/home/hd/ros2_foxy/install/ament_pycodestyle:/home/hd/ros2_foxy/install/ament_pep257:/home/hd/ros2_foxy/install/ament_pclint:/home/hd/ros2_foxy/install/ament_package:/home/hd/ros2_foxy/install/ament_mypy:/home/hd/ros2_foxy/install/ament_lint_cmake:/home/hd/ros2_foxy/install/ament_flake8:/home/hd/ros2_foxy/install/ament_copyright:/home/hd/ros2_foxy/install/ament_lint:/home/hd/ros2_foxy/install/ament_index_python:/home/hd/ros2_foxy/install/ament_cpplint:/home/hd/ros2_foxy/install/ament_cppcheck:/home/hd/ros2_foxy/install/ament_clang_tidy:/home/hd/ros2_foxy/install/ament_clang_format /usr/bin/cmake --build /home/hd/Desktop/Motor_Control/motor_controls.ws/build/ethercat_device_configurator -- -j2 -l2
[0.888s] [  9%] Built target soem_interface
[0.927s] [ 48%] Built target yaml-cpp
[1.237s] [ 53%] Built target ethercat_sdk_master
[1.244s] [ 55%] Built target message_logger
[1.585s] [ 57%] Built target yaml-cpp-read
[1.743s] [ 72%] Built target soem
[1.803s] [ 74%] Built target yaml-cpp-parse
[2.132s] [ 77%] Built target yaml-cpp-sandbox
[2.440s] [ 92%] Built target maxon_epos_ethercat_sdk
[2.637s] [100%] Built target motor_control
[2.706s] Invoked command in '/home/hd/Desktop/Motor_Control/motor_controls.ws/build/ethercat_device_configurator' returned '0': CMAKE_PREFIX_PATH=${CMAKE_PREFIX_PATH}:/opt/ros/foxy:/home/hd/ros2_foxy/install/ros2bag:/home/hd/ros2_foxy/install/tracetools_launch:/home/hd/ros2_foxy/install/topic_monitor:/home/hd/ros2_foxy/install/examples_tf2_py:/home/hd/ros2_foxy/install/sros2:/home/hd/ros2_foxy/install/rqt_topic:/home/hd/ros2_foxy/install/rqt_top:/home/hd/ros2_foxy/install/rqt_srv:/home/hd/ros2_foxy/install/rqt_shell:/home/hd/ros2_foxy/install/rqt_service_caller:/home/hd/ros2_foxy/install/rqt_reconfigure:/home/hd/ros2_foxy/install/rqt_py_console:/home/hd/ros2_foxy/install/rqt_publisher:/home/hd/ros2_foxy/install/rqt_plot:/home/hd/ros2_foxy/install/rqt_action:/home/hd/ros2_foxy/install/rqt_msg:/home/hd/ros2_foxy/install/rqt_console:/home/hd/ros2_foxy/install/rqt:/home/hd/ros2_foxy/install/rqt_graph:/home/hd/ros2_foxy/install/rqt_gui_py:/home/hd/ros2_foxy/install/rqt_gui:/home/hd/ros2_foxy/install/ros2trace:/home/hd/ros2_foxy/install/ros2topic:/home/hd/ros2_foxy/install/ros2test:/home/hd/ros2_foxy/install/ros2component:/home/hd/ros2_foxy/install/ros2param:/home/hd/ros2_foxy/install/ros2lifecycle:/home/hd/ros2_foxy/install/ros2service:/home/hd/ros2_foxy/install/ros2run:/home/hd/ros2_foxy/install/ros2launch:/home/hd/ros2_foxy/install/ros2pkg:/home/hd/ros2_foxy/install/ros2node:/home/hd/ros2_foxy/install/ros2multicast:/home/hd/ros2_foxy/install/ros2interface:/home/hd/ros2_foxy/install/ros2doctor:/home/hd/ros2_foxy/install/ros2action:/home/hd/ros2_foxy/install/ros2cli:/home/hd/ros2_foxy/install/quality_of_service_demo_py:/home/hd/ros2_foxy/install/launch_testing_ros:/home/hd/ros2_foxy/install/launch_ros:/home/hd/ros2_foxy/install/joystick_ros2:/home/hd/ros2_foxy/install/examples_rclpy_minimal_subscriber:/home/hd/ros2_foxy/install/examples_rclpy_minimal_service:/home/hd/ros2_foxy/install/examples_rclpy_minimal_publisher:/home/hd/ros2_foxy/install/examples_rclpy_minimal_client:/home/hd/ros2_foxy/install/examples_rclpy_minimal_action_server:/home/hd/ros2_foxy/install/examples_rclpy_minimal_action_client:/home/hd/ros2_foxy/install/examples_rclpy_executors:/home/hd/ros2_foxy/install/demo_nodes_py:/home/hd/ros2_foxy/install/action_tutorials_py:/home/hd/ros2_foxy/install/ament_uncrustify:/home/hd/ros2_foxy/install/tracetools_trace:/home/hd/ros2_foxy/install/tracetools_read:/home/hd/ros2_foxy/install/test_launch_ros:/home/hd/ros2_foxy/install/sensor_msgs_py:/home/hd/ros2_foxy/install/rpyutils:/home/hd/ros2_foxy/install/rosidl_runtime_py:/home/hd/ros2_foxy/install/launch_yaml:/home/hd/ros2_foxy/install/launch_xml:/home/hd/ros2_foxy/install/launch_testing:/home/hd/ros2_foxy/install/launch:/home/hd/ros2_foxy/install/osrf_pycommon:/home/hd/ros2_foxy/install/domain_coordinator:/home/hd/ros2_foxy/install/ament_xmllint:/home/hd/ros2_foxy/install/ament_pyflakes:/home/hd/ros2_foxy/install/ament_pycodestyle:/home/hd/ros2_foxy/install/ament_pep257:/home/hd/ros2_foxy/install/ament_pclint:/home/hd/ros2_foxy/install/ament_package:/home/hd/ros2_foxy/install/ament_mypy:/home/hd/ros2_foxy/install/ament_lint_cmake:/home/hd/ros2_foxy/install/ament_flake8:/home/hd/ros2_foxy/install/ament_copyright:/home/hd/ros2_foxy/install/ament_lint:/home/hd/ros2_foxy/install/ament_index_python:/home/hd/ros2_foxy/install/ament_cpplint:/home/hd/ros2_foxy/install/ament_cppcheck:/home/hd/ros2_foxy/install/ament_clang_tidy:/home/hd/ros2_foxy/install/ament_clang_format /usr/bin/cmake --build /home/hd/Desktop/Motor_Control/motor_controls.ws/build/ethercat_device_configurator -- -j2 -l2
[3.472s] Invoking command in '/home/hd/Desktop/Motor_Control/motor_controls.ws/build/ethercat_device_configurator': CMAKE_PREFIX_PATH=${CMAKE_PREFIX_PATH}:/opt/ros/foxy:/home/hd/ros2_foxy/install/ros2bag:/home/hd/ros2_foxy/install/tracetools_launch:/home/hd/ros2_foxy/install/topic_monitor:/home/hd/ros2_foxy/install/examples_tf2_py:/home/hd/ros2_foxy/install/sros2:/home/hd/ros2_foxy/install/rqt_topic:/home/hd/ros2_foxy/install/rqt_top:/home/hd/ros2_foxy/install/rqt_srv:/home/hd/ros2_foxy/install/rqt_shell:/home/hd/ros2_foxy/install/rqt_service_caller:/home/hd/ros2_foxy/install/rqt_reconfigure:/home/hd/ros2_foxy/install/rqt_py_console:/home/hd/ros2_foxy/install/rqt_publisher:/home/hd/ros2_foxy/install/rqt_plot:/home/hd/ros2_foxy/install/rqt_action:/home/hd/ros2_foxy/install/rqt_msg:/home/hd/ros2_foxy/install/rqt_console:/home/hd/ros2_foxy/install/rqt:/home/hd/ros2_foxy/install/rqt_graph:/home/hd/ros2_foxy/install/rqt_gui_py:/home/hd/ros2_foxy/install/rqt_gui:/home/hd/ros2_foxy/install/ros2trace:/home/hd/ros2_foxy/install/ros2topic:/home/hd/ros2_foxy/install/ros2test:/home/hd/ros2_foxy/install/ros2component:/home/hd/ros2_foxy/install/ros2param:/home/hd/ros2_foxy/install/ros2lifecycle:/home/hd/ros2_foxy/install/ros2service:/home/hd/ros2_foxy/install/ros2run:/home/hd/ros2_foxy/install/ros2launch:/home/hd/ros2_foxy/install/ros2pkg:/home/hd/ros2_foxy/install/ros2node:/home/hd/ros2_foxy/install/ros2multicast:/home/hd/ros2_foxy/install/ros2interface:/home/hd/ros2_foxy/install/ros2doctor:/home/hd/ros2_foxy/install/ros2action:/home/hd/ros2_foxy/install/ros2cli:/home/hd/ros2_foxy/install/quality_of_service_demo_py:/home/hd/ros2_foxy/install/launch_testing_ros:/home/hd/ros2_foxy/install/launch_ros:/home/hd/ros2_foxy/install/joystick_ros2:/home/hd/ros2_foxy/install/examples_rclpy_minimal_subscriber:/home/hd/ros2_foxy/install/examples_rclpy_minimal_service:/home/hd/ros2_foxy/install/examples_rclpy_minimal_publisher:/home/hd/ros2_foxy/install/examples_rclpy_minimal_client:/home/hd/ros2_foxy/install/examples_rclpy_minimal_action_server:/home/hd/ros2_foxy/install/examples_rclpy_minimal_action_client:/home/hd/ros2_foxy/install/examples_rclpy_executors:/home/hd/ros2_foxy/install/demo_nodes_py:/home/hd/ros2_foxy/install/action_tutorials_py:/home/hd/ros2_foxy/install/ament_uncrustify:/home/hd/ros2_foxy/install/tracetools_trace:/home/hd/ros2_foxy/install/tracetools_read:/home/hd/ros2_foxy/install/test_launch_ros:/home/hd/ros2_foxy/install/sensor_msgs_py:/home/hd/ros2_foxy/install/rpyutils:/home/hd/ros2_foxy/install/rosidl_runtime_py:/home/hd/ros2_foxy/install/launch_yaml:/home/hd/ros2_foxy/install/launch_xml:/home/hd/ros2_foxy/install/launch_testing:/home/hd/ros2_foxy/install/launch:/home/hd/ros2_foxy/install/osrf_pycommon:/home/hd/ros2_foxy/install/domain_coordinator:/home/hd/ros2_foxy/install/ament_xmllint:/home/hd/ros2_foxy/install/ament_pyflakes:/home/hd/ros2_foxy/install/ament_pycodestyle:/home/hd/ros2_foxy/install/ament_pep257:/home/hd/ros2_foxy/install/ament_pclint:/home/hd/ros2_foxy/install/ament_package:/home/hd/ros2_foxy/install/ament_mypy:/home/hd/ros2_foxy/install/ament_lint_cmake:/home/hd/ros2_foxy/install/ament_flake8:/home/hd/ros2_foxy/install/ament_copyright:/home/hd/ros2_foxy/install/ament_lint:/home/hd/ros2_foxy/install/ament_index_python:/home/hd/ros2_foxy/install/ament_cpplint:/home/hd/ros2_foxy/install/ament_cppcheck:/home/hd/ros2_foxy/install/ament_clang_tidy:/home/hd/ros2_foxy/install/ament_clang_format /usr/bin/cmake --install /home/hd/Desktop/Motor_Control/motor_controls.ws/build/ethercat_device_configurator
[3.555s] -- Install configuration: ""
[3.557s] -- Up-to-date: /home/hd/Desktop/Motor_Control/motor_controls.ws/install/ethercat_device_configurator/lib/ethercat_device_configurator/motor_control
[3.560s] -- Up-to-date: /home/hd/Desktop/Motor_Control/motor_controls.ws/install/ethercat_device_configurator/share/ament_index/resource_index/package_run_dependencies/ethercat_device_configurator
[3.560s] -- Up-to-date: /home/hd/Desktop/Motor_Control/motor_controls.ws/install/ethercat_device_configurator/share/ament_index/resource_index/parent_prefix_path/ethercat_device_configurator
[3.564s] -- Up-to-date: /home/hd/Desktop/Motor_Control/motor_controls.ws/install/ethercat_device_configurator/share/ethercat_device_configurator/environment/ament_prefix_path.dsv
[3.565s] -- Up-to-date: /home/hd/Desktop/Motor_Control/motor_controls.ws/install/ethercat_device_configurator/share/ethercat_device_configurator/environment/path.dsv
[3.567s] -- Up-to-date: /home/hd/Desktop/Motor_Control/motor_controls.ws/install/ethercat_device_configurator/share/ethercat_device_configurator/local_setup.bash
[3.568s] -- Up-to-date: /home/hd/Desktop/Motor_Control/motor_controls.ws/install/ethercat_device_configurator/share/ethercat_device_configurator/local_setup.sh
[3.568s] -- Up-to-date: /home/hd/Desktop/Motor_Control/motor_controls.ws/install/ethercat_device_configurator/share/ethercat_device_configurator/local_setup.zsh
[3.569s] -- Up-to-date: /home/hd/Desktop/Motor_Control/motor_controls.ws/install/ethercat_device_configurator/share/ethercat_device_configurator/local_setup.dsv
[3.570s] -- Installing: /home/hd/Desktop/Motor_Control/motor_controls.ws/install/ethercat_device_configurator/share/ethercat_device_configurator/package.dsv
[3.571s] -- Up-to-date: /home/hd/Desktop/Motor_Control/motor_controls.ws/install/ethercat_device_configurator/share/ament_index/resource_index/packages/ethercat_device_configurator
[3.572s] -- Up-to-date: /home/hd/Desktop/Motor_Control/motor_controls.ws/install/ethercat_device_configurator/share/ethercat_device_configurator/cmake/ethercat_device_configuratorConfig.cmake
[3.573s] -- Up-to-date: /home/hd/Desktop/Motor_Control/motor_controls.ws/install/ethercat_device_configurator/share/ethercat_device_configurator/cmake/ethercat_device_configuratorConfig-version.cmake
[3.577s] -- Up-to-date: /home/hd/Desktop/Motor_Control/motor_controls.ws/install/ethercat_device_configurator/share/ethercat_device_configurator/package.xml
[3.584s] -- Up-to-date: /home/hd/Desktop/Motor_Control/motor_controls.ws/install/ethercat_device_configurator/lib/libethercat_sdk_master.a
[3.584s] -- Up-to-date: /home/hd/Desktop/Motor_Control/motor_controls.ws/install/ethercat_device_configurator/include/ethercat_sdk_master
[3.585s] -- Up-to-date: /home/hd/Desktop/Motor_Control/motor_controls.ws/install/ethercat_device_configurator/include/ethercat_sdk_master/EthercatDevice.hpp
[3.585s] -- Up-to-date: /home/hd/Desktop/Motor_Control/motor_controls.ws/install/ethercat_device_configurator/include/ethercat_sdk_master/EthercatMaster.hpp
[3.585s] -- Up-to-date: /home/hd/Desktop/Motor_Control/motor_controls.ws/install/ethercat_device_configurator/include/ethercat_sdk_master/UpdateMode.hpp
[3.586s] -- Up-to-date: /home/hd/Desktop/Motor_Control/motor_controls.ws/install/ethercat_device_configurator/include/ethercat_sdk_master/EthercatMasterConfiguration.hpp
[3.587s] -- Up-to-date: /home/hd/Desktop/Motor_Control/motor_controls.ws/install/ethercat_device_configurator/share/ament_index/resource_index/package_run_dependencies/ethercat_sdk_master
[3.588s] -- Up-to-date: /home/hd/Desktop/Motor_Control/motor_controls.ws/install/ethercat_device_configurator/share/ament_index/resource_index/parent_prefix_path/ethercat_sdk_master
[3.589s] -- Up-to-date: /home/hd/Desktop/Motor_Control/motor_controls.ws/install/ethercat_device_configurator/share/ethercat_sdk_master/environment/ament_prefix_path.dsv
[3.591s] -- Up-to-date: /home/hd/Desktop/Motor_Control/motor_controls.ws/install/ethercat_device_configurator/share/ethercat_sdk_master/environment/path.dsv
[3.593s] -- Up-to-date: /home/hd/Desktop/Motor_Control/motor_controls.ws/install/ethercat_device_configurator/share/ethercat_sdk_master/local_setup.bash
[3.593s] -- Up-to-date: /home/hd/Desktop/Motor_Control/motor_controls.ws/install/ethercat_device_configurator/share/ethercat_sdk_master/local_setup.sh
[3.593s] -- Up-to-date: /home/hd/Desktop/Motor_Control/motor_controls.ws/install/ethercat_device_configurator/share/ethercat_sdk_master/local_setup.zsh
[3.599s] -- Up-to-date: /home/hd/Desktop/Motor_Control/motor_controls.ws/install/ethercat_device_configurator/share/ethercat_sdk_master/local_setup.dsv
[3.600s] -- Up-to-date: /home/hd/Desktop/Motor_Control/motor_controls.ws/install/ethercat_device_configurator/share/ethercat_sdk_master/package.dsv
[3.601s] -- Up-to-date: /home/hd/Desktop/Motor_Control/motor_controls.ws/install/ethercat_device_configurator/share/ament_index/resource_index/packages/ethercat_sdk_master
[3.602s] -- Up-to-date: /home/hd/Desktop/Motor_Control/motor_controls.ws/install/ethercat_device_configurator/share/ethercat_sdk_master/cmake/ethercat_sdk_masterConfig.cmake
[3.602s] -- Up-to-date: /home/hd/Desktop/Motor_Control/motor_controls.ws/install/ethercat_device_configurator/share/ethercat_sdk_master/cmake/ethercat_sdk_masterConfig-version.cmake
[3.603s] -- Up-to-date: /home/hd/Desktop/Motor_Control/motor_controls.ws/install/ethercat_device_configurator/share/ethercat_sdk_master/package.xml
[3.604s] -- Up-to-date: /home/hd/Desktop/Motor_Control/motor_controls.ws/install/ethercat_device_configurator/lib/libmaxon_epos_ethercat_sdk.a
[3.607s] -- Up-to-date: /home/hd/Desktop/Motor_Control/motor_controls.ws/install/ethercat_device_configurator/include/maxon_epos_ethercat_sdk
[3.609s] -- Up-to-date: /home/hd/Desktop/Motor_Control/motor_controls.ws/install/ethercat_device_configurator/include/maxon_epos_ethercat_sdk/RxPdo.hpp
[3.615s] -- Up-to-date: /home/hd/Desktop/Motor_Control/motor_controls.ws/install/ethercat_device_configurator/include/maxon_epos_ethercat_sdk/Maxon.hpp
[3.615s] -- Up-to-date: /home/hd/Desktop/Motor_Control/motor_controls.ws/install/ethercat_device_configurator/include/maxon_epos_ethercat_sdk/TxPdo.hpp
[3.615s] -- Up-to-date: /home/hd/Desktop/Motor_Control/motor_controls.ws/install/ethercat_device_configurator/include/maxon_epos_ethercat_sdk/ObjectDictionary.hpp
[3.615s] -- Up-to-date: /home/hd/Desktop/Motor_Control/motor_controls.ws/install/ethercat_device_configurator/include/maxon_epos_ethercat_sdk/ModeOfOperationEnum.hpp
[3.616s] -- Up-to-date: /home/hd/Desktop/Motor_Control/motor_controls.ws/install/ethercat_device_configurator/include/maxon_epos_ethercat_sdk/DriveState.hpp
[3.616s] -- Up-to-date: /home/hd/Desktop/Motor_Control/motor_controls.ws/install/ethercat_device_configurator/include/maxon_epos_ethercat_sdk/Error.hpp
[3.616s] -- Up-to-date: /home/hd/Desktop/Motor_Control/motor_controls.ws/install/ethercat_device_configurator/include/maxon_epos_ethercat_sdk/ConfigurationParser.hpp
[3.616s] -- Up-to-date: /home/hd/Desktop/Motor_Control/motor_controls.ws/install/ethercat_device_configurator/include/maxon_epos_ethercat_sdk/Reading.hpp
[3.616s] -- Up-to-date: /home/hd/Desktop/Motor_Control/motor_controls.ws/install/ethercat_device_configurator/include/maxon_epos_ethercat_sdk/PdoTypeEnum.hpp
[3.617s] -- Up-to-date: /home/hd/Desktop/Motor_Control/motor_controls.ws/install/ethercat_device_configurator/include/maxon_epos_ethercat_sdk/Command.hpp
[3.617s] -- Up-to-date: /home/hd/Desktop/Motor_Control/motor_controls.ws/install/ethercat_device_configurator/include/maxon_epos_ethercat_sdk/Controlword.hpp
[3.617s] -- Up-to-date: /home/hd/Desktop/Motor_Control/motor_controls.ws/install/ethercat_device_configurator/include/maxon_epos_ethercat_sdk/Statusword.hpp
[3.617s] -- Up-to-date: /home/hd/Desktop/Motor_Control/motor_controls.ws/install/ethercat_device_configurator/include/maxon_epos_ethercat_sdk/Configuration.hpp
[3.618s] -- Up-to-date: /home/hd/Desktop/Motor_Control/motor_controls.ws/install/ethercat_device_configurator/share/ament_index/resource_index/package_run_dependencies/maxon_epos_ethercat_sdk
[3.618s] -- Up-to-date: /home/hd/Desktop/Motor_Control/motor_controls.ws/install/ethercat_device_configurator/share/ament_index/resource_index/parent_prefix_path/maxon_epos_ethercat_sdk
[3.618s] -- Up-to-date: /home/hd/Desktop/Motor_Control/motor_controls.ws/install/ethercat_device_configurator/share/maxon_epos_ethercat_sdk/environment/ament_prefix_path.dsv
[3.618s] -- Up-to-date: /home/hd/Desktop/Motor_Control/motor_controls.ws/install/ethercat_device_configurator/share/maxon_epos_ethercat_sdk/environment/path.dsv
[3.619s] -- Up-to-date: /home/hd/Desktop/Motor_Control/motor_controls.ws/install/ethercat_device_configurator/share/maxon_epos_ethercat_sdk/local_setup.bash
[3.619s] -- Up-to-date: /home/hd/Desktop/Motor_Control/motor_controls.ws/install/ethercat_device_configurator/share/maxon_epos_ethercat_sdk/local_setup.sh
[3.619s] -- Up-to-date: /home/hd/Desktop/Motor_Control/motor_controls.ws/install/ethercat_device_configurator/share/maxon_epos_ethercat_sdk/local_setup.zsh
[3.619s] -- Up-to-date: /home/hd/Desktop/Motor_Control/motor_controls.ws/install/ethercat_device_configurator/share/maxon_epos_ethercat_sdk/local_setup.dsv
[3.619s] -- Up-to-date: /home/hd/Desktop/Motor_Control/motor_controls.ws/install/ethercat_device_configurator/share/maxon_epos_ethercat_sdk/package.dsv
[3.620s] -- Up-to-date: /home/hd/Desktop/Motor_Control/motor_controls.ws/install/ethercat_device_configurator/share/ament_index/resource_index/packages/maxon_epos_ethercat_sdk
[3.620s] -- Up-to-date: /home/hd/Desktop/Motor_Control/motor_controls.ws/install/ethercat_device_configurator/share/maxon_epos_ethercat_sdk/cmake/maxon_epos_ethercat_sdkConfig.cmake
[3.620s] -- Up-to-date: /home/hd/Desktop/Motor_Control/motor_controls.ws/install/ethercat_device_configurator/share/maxon_epos_ethercat_sdk/cmake/maxon_epos_ethercat_sdkConfig-version.cmake
[3.620s] -- Up-to-date: /home/hd/Desktop/Motor_Control/motor_controls.ws/install/ethercat_device_configurator/share/maxon_epos_ethercat_sdk/package.xml
[3.620s] -- Up-to-date: /home/hd/Desktop/Motor_Control/motor_controls.ws/install/ethercat_device_configurator/lib/libmessage_logger.so
[3.621s] -- Up-to-date: /home/hd/Desktop/Motor_Control/motor_controls.ws/install/ethercat_device_configurator/include/message_logger
[3.621s] -- Up-to-date: /home/hd/Desktop/Motor_Control/motor_controls.ws/install/ethercat_device_configurator/include/message_logger/time
[3.621s] -- Up-to-date: /home/hd/Desktop/Motor_Control/motor_controls.ws/install/ethercat_device_configurator/include/message_logger/time/TimeStd.hpp
[3.624s] -- Up-to-date: /home/hd/Desktop/Motor_Control/motor_controls.ws/install/ethercat_device_configurator/include/message_logger/time/Time.hpp
[3.624s] -- Up-to-date: /home/hd/Desktop/Motor_Control/motor_controls.ws/install/ethercat_device_configurator/include/message_logger/message_logger.hpp
[3.624s] -- Up-to-date: /home/hd/Desktop/Motor_Control/motor_controls.ws/install/ethercat_device_configurator/include/message_logger/common
[3.624s] -- Up-to-date: /home/hd/Desktop/Motor_Control/motor_controls.ws/install/ethercat_device_configurator/include/message_logger/common/colors.hpp
[3.624s] -- Up-to-date: /home/hd/Desktop/Motor_Control/motor_controls.ws/install/ethercat_device_configurator/include/message_logger/common/source_file_pos.hpp
[3.625s] -- Up-to-date: /home/hd/Desktop/Motor_Control/motor_controls.ws/install/ethercat_device_configurator/include/message_logger/common/preprocessor_defines.hpp
[3.625s] -- Up-to-date: /home/hd/Desktop/Motor_Control/motor_controls.ws/install/ethercat_device_configurator/include/message_logger/log
[3.625s] -- Up-to-date: /home/hd/Desktop/Motor_Control/motor_controls.ws/install/ethercat_device_configurator/include/message_logger/log/log_messages_ros.hpp
[3.631s] -- Up-to-date: /home/hd/Desktop/Motor_Control/motor_controls.ws/install/ethercat_device_configurator/include/message_logger/log/log_messages_std.hpp
[3.631s] -- Up-to-date: /home/hd/Desktop/Motor_Control/motor_controls.ws/install/ethercat_device_configurator/include/message_logger/log/log_messages_backend_config.hpp
[3.631s] -- Up-to-date: /home/hd/Desktop/Motor_Control/motor_controls.ws/install/ethercat_device_configurator/include/message_logger/log/log_messages_backend_config.hpp.in
[3.632s] -- Up-to-date: /home/hd/Desktop/Motor_Control/motor_controls.ws/install/ethercat_device_configurator/include/message_logger/log/log_messages_backend.hpp
[3.632s] -- Up-to-date: /home/hd/Desktop/Motor_Control/motor_controls.ws/install/ethercat_device_configurator/include/message_logger/log/log_messages.hpp
[3.632s] -- Up-to-date: /home/hd/Desktop/Motor_Control/motor_controls.ws/install/ethercat_device_configurator/share/message_logger/environment/library_path.sh
[3.632s] -- Up-to-date: /home/hd/Desktop/Motor_Control/motor_controls.ws/install/ethercat_device_configurator/share/message_logger/environment/library_path.dsv
[3.632s] -- Up-to-date: /home/hd/Desktop/Motor_Control/motor_controls.ws/install/ethercat_device_configurator/share/ament_index/resource_index/package_run_dependencies/message_logger
[3.633s] -- Up-to-date: /home/hd/Desktop/Motor_Control/motor_controls.ws/install/ethercat_device_configurator/share/ament_index/resource_index/parent_prefix_path/message_logger
[3.633s] -- Up-to-date: /home/hd/Desktop/Motor_Control/motor_controls.ws/install/ethercat_device_configurator/share/message_logger/environment/ament_prefix_path.dsv
[3.633s] -- Up-to-date: /home/hd/Desktop/Motor_Control/motor_controls.ws/install/ethercat_device_configurator/share/message_logger/environment/path.dsv
[3.634s] -- Up-to-date: /home/hd/Desktop/Motor_Control/motor_controls.ws/install/ethercat_device_configurator/share/message_logger/local_setup.bash
[3.634s] -- Up-to-date: /home/hd/Desktop/Motor_Control/motor_controls.ws/install/ethercat_device_configurator/share/message_logger/local_setup.sh
[3.634s] -- Up-to-date: /home/hd/Desktop/Motor_Control/motor_controls.ws/install/ethercat_device_configurator/share/message_logger/local_setup.zsh
[3.634s] -- Up-to-date: /home/hd/Desktop/Motor_Control/motor_controls.ws/install/ethercat_device_configurator/share/message_logger/local_setup.dsv
[3.634s] -- Up-to-date: /home/hd/Desktop/Motor_Control/motor_controls.ws/install/ethercat_device_configurator/share/message_logger/package.dsv
[3.635s] -- Up-to-date: /home/hd/Desktop/Motor_Control/motor_controls.ws/install/ethercat_device_configurator/share/ament_index/resource_index/packages/message_logger
[3.635s] -- Up-to-date: /home/hd/Desktop/Motor_Control/motor_controls.ws/install/ethercat_device_configurator/share/message_logger/cmake/ament_cmake_export_include_directories-extras.cmake
[3.635s] -- Up-to-date: /home/hd/Desktop/Motor_Control/motor_controls.ws/install/ethercat_device_configurator/share/message_logger/cmake/ament_cmake_export_libraries-extras.cmake
[3.635s] -- Up-to-date: /home/hd/Desktop/Motor_Control/motor_controls.ws/install/ethercat_device_configurator/share/message_logger/cmake/message_loggerConfig.cmake
[3.635s] -- Up-to-date: /home/hd/Desktop/Motor_Control/motor_controls.ws/install/ethercat_device_configurator/share/message_logger/cmake/message_loggerConfig-version.cmake
[3.635s] -- Up-to-date: /home/hd/Desktop/Motor_Control/motor_controls.ws/install/ethercat_device_configurator/share/message_logger/package.xml
[3.636s] -- Up-to-date: /home/hd/Desktop/Motor_Control/motor_controls.ws/install/ethercat_device_configurator/share/ament_index/resource_index/package_run_dependencies/soem_rsl
[3.636s] -- Up-to-date: /home/hd/Desktop/Motor_Control/motor_controls.ws/install/ethercat_device_configurator/share/ament_index/resource_index/parent_prefix_path/soem_rsl
[3.636s] -- Up-to-date: /home/hd/Desktop/Motor_Control/motor_controls.ws/install/ethercat_device_configurator/share/soem_rsl/environment/ament_prefix_path.dsv
[3.636s] -- Up-to-date: /home/hd/Desktop/Motor_Control/motor_controls.ws/install/ethercat_device_configurator/share/soem_rsl/environment/path.dsv
[3.636s] -- Up-to-date: /home/hd/Desktop/Motor_Control/motor_controls.ws/install/ethercat_device_configurator/share/soem_rsl/local_setup.bash
[3.636s] -- Up-to-date: /home/hd/Desktop/Motor_Control/motor_controls.ws/install/ethercat_device_configurator/share/soem_rsl/local_setup.sh
[3.637s] -- Up-to-date: /home/hd/Desktop/Motor_Control/motor_controls.ws/install/ethercat_device_configurator/share/soem_rsl/local_setup.zsh
[3.637s] -- Up-to-date: /home/hd/Desktop/Motor_Control/motor_controls.ws/install/ethercat_device_configurator/share/soem_rsl/local_setup.dsv
[3.644s] -- Up-to-date: /home/hd/Desktop/Motor_Control/motor_controls.ws/install/ethercat_device_configurator/share/soem_rsl/package.dsv
[3.644s] -- Up-to-date: /home/hd/Desktop/Motor_Control/motor_controls.ws/install/ethercat_device_configurator/share/ament_index/resource_index/packages/soem_rsl
[3.644s] -- Up-to-date: /home/hd/Desktop/Motor_Control/motor_controls.ws/install/ethercat_device_configurator/share/soem_rsl/cmake/soem_rslConfig.cmake
[3.644s] -- Up-to-date: /home/hd/Desktop/Motor_Control/motor_controls.ws/install/ethercat_device_configurator/share/soem_rsl/cmake/soem_rslConfig-version.cmake
[3.644s] -- Up-to-date: /home/hd/Desktop/Motor_Control/motor_controls.ws/install/ethercat_device_configurator/share/soem_rsl/package.xml
[3.645s] -- Up-to-date: /home/hd/Desktop/Motor_Control/motor_controls.ws/install/ethercat_device_configurator/include
[3.645s] -- Up-to-date: /home/hd/Desktop/Motor_Control/motor_controls.ws/install/ethercat_device_configurator/include/EthercatBusManagerBase.hpp
[3.645s] -- Up-to-date: /home/hd/Desktop/Motor_Control/motor_controls.ws/install/ethercat_device_configurator/include/EthercatSlaveBase.hpp
[3.645s] -- Up-to-date: /home/hd/Desktop/Motor_Control/motor_controls.ws/install/ethercat_device_configurator/include/common
[3.645s] -- Up-to-date: /home/hd/Desktop/Motor_Control/motor_controls.ws/install/ethercat_device_configurator/include/common/Macros.hpp
[3.645s] -- Up-to-date: /home/hd/Desktop/Motor_Control/motor_controls.ws/install/ethercat_device_configurator/include/common/ThreadSleep.hpp
[3.646s] -- Up-to-date: /home/hd/Desktop/Motor_Control/motor_controls.ws/install/ethercat_device_configurator/include/EthercatBusBase.hpp
[3.647s] -- Up-to-date: /home/hd/Desktop/Motor_Control/motor_controls.ws/install/ethercat_device_configurator/share/ament_index/resource_index/package_run_dependencies/soem_interface
[3.647s] -- Up-to-date: /home/hd/Desktop/Motor_Control/motor_controls.ws/install/ethercat_device_configurator/share/ament_index/resource_index/parent_prefix_path/soem_interface
[3.647s] -- Up-to-date: /home/hd/Desktop/Motor_Control/motor_controls.ws/install/ethercat_device_configurator/share/soem_interface/environment/ament_prefix_path.dsv
[3.647s] -- Up-to-date: /home/hd/Desktop/Motor_Control/motor_controls.ws/install/ethercat_device_configurator/share/soem_interface/environment/path.dsv
[3.647s] -- Up-to-date: /home/hd/Desktop/Motor_Control/motor_controls.ws/install/ethercat_device_configurator/share/soem_interface/local_setup.bash
[3.647s] -- Up-to-date: /home/hd/Desktop/Motor_Control/motor_controls.ws/install/ethercat_device_configurator/share/soem_interface/local_setup.sh
[3.648s] -- Up-to-date: /home/hd/Desktop/Motor_Control/motor_controls.ws/install/ethercat_device_configurator/share/soem_interface/local_setup.zsh
[3.648s] -- Up-to-date: /home/hd/Desktop/Motor_Control/motor_controls.ws/install/ethercat_device_configurator/share/soem_interface/local_setup.dsv
[3.648s] -- Up-to-date: /home/hd/Desktop/Motor_Control/motor_controls.ws/install/ethercat_device_configurator/share/soem_interface/package.dsv
[3.648s] -- Up-to-date: /home/hd/Desktop/Motor_Control/motor_controls.ws/install/ethercat_device_configurator/share/ament_index/resource_index/packages/soem_interface
[3.648s] -- Up-to-date: /home/hd/Desktop/Motor_Control/motor_controls.ws/install/ethercat_device_configurator/share/soem_interface/cmake/soem_interfaceConfig.cmake
[3.648s] -- Up-to-date: /home/hd/Desktop/Motor_Control/motor_controls.ws/install/ethercat_device_configurator/share/soem_interface/cmake/soem_interfaceConfig-version.cmake
[3.650s] -- Up-to-date: /home/hd/Desktop/Motor_Control/motor_controls.ws/install/ethercat_device_configurator/share/soem_interface/package.xml
[3.666s] Invoked command in '/home/hd/Desktop/Motor_Control/motor_controls.ws/build/ethercat_device_configurator' returned '0': CMAKE_PREFIX_PATH=${CMAKE_PREFIX_PATH}:/opt/ros/foxy:/home/hd/ros2_foxy/install/ros2bag:/home/hd/ros2_foxy/install/tracetools_launch:/home/hd/ros2_foxy/install/topic_monitor:/home/hd/ros2_foxy/install/examples_tf2_py:/home/hd/ros2_foxy/install/sros2:/home/hd/ros2_foxy/install/rqt_topic:/home/hd/ros2_foxy/install/rqt_top:/home/hd/ros2_foxy/install/rqt_srv:/home/hd/ros2_foxy/install/rqt_shell:/home/hd/ros2_foxy/install/rqt_service_caller:/home/hd/ros2_foxy/install/rqt_reconfigure:/home/hd/ros2_foxy/install/rqt_py_console:/home/hd/ros2_foxy/install/rqt_publisher:/home/hd/ros2_foxy/install/rqt_plot:/home/hd/ros2_foxy/install/rqt_action:/home/hd/ros2_foxy/install/rqt_msg:/home/hd/ros2_foxy/install/rqt_console:/home/hd/ros2_foxy/install/rqt:/home/hd/ros2_foxy/install/rqt_graph:/home/hd/ros2_foxy/install/rqt_gui_py:/home/hd/ros2_foxy/install/rqt_gui:/home/hd/ros2_foxy/install/ros2trace:/home/hd/ros2_foxy/install/ros2topic:/home/hd/ros2_foxy/install/ros2test:/home/hd/ros2_foxy/install/ros2component:/home/hd/ros2_foxy/install/ros2param:/home/hd/ros2_foxy/install/ros2lifecycle:/home/hd/ros2_foxy/install/ros2service:/home/hd/ros2_foxy/install/ros2run:/home/hd/ros2_foxy/install/ros2launch:/home/hd/ros2_foxy/install/ros2pkg:/home/hd/ros2_foxy/install/ros2node:/home/hd/ros2_foxy/install/ros2multicast:/home/hd/ros2_foxy/install/ros2interface:/home/hd/ros2_foxy/install/ros2doctor:/home/hd/ros2_foxy/install/ros2action:/home/hd/ros2_foxy/install/ros2cli:/home/hd/ros2_foxy/install/quality_of_service_demo_py:/home/hd/ros2_foxy/install/launch_testing_ros:/home/hd/ros2_foxy/install/launch_ros:/home/hd/ros2_foxy/install/joystick_ros2:/home/hd/ros2_foxy/install/examples_rclpy_minimal_subscriber:/home/hd/ros2_foxy/install/examples_rclpy_minimal_service:/home/hd/ros2_foxy/install/examples_rclpy_minimal_publisher:/home/hd/ros2_foxy/install/examples_rclpy_minimal_client:/home/hd/ros2_foxy/install/examples_rclpy_minimal_action_server:/home/hd/ros2_foxy/install/examples_rclpy_minimal_action_client:/home/hd/ros2_foxy/install/examples_rclpy_executors:/home/hd/ros2_foxy/install/demo_nodes_py:/home/hd/ros2_foxy/install/action_tutorials_py:/home/hd/ros2_foxy/install/ament_uncrustify:/home/hd/ros2_foxy/install/tracetools_trace:/home/hd/ros2_foxy/install/tracetools_read:/home/hd/ros2_foxy/install/test_launch_ros:/home/hd/ros2_foxy/install/sensor_msgs_py:/home/hd/ros2_foxy/install/rpyutils:/home/hd/ros2_foxy/install/rosidl_runtime_py:/home/hd/ros2_foxy/install/launch_yaml:/home/hd/ros2_foxy/install/launch_xml:/home/hd/ros2_foxy/install/launch_testing:/home/hd/ros2_foxy/install/launch:/home/hd/ros2_foxy/install/osrf_pycommon:/home/hd/ros2_foxy/install/domain_coordinator:/home/hd/ros2_foxy/install/ament_xmllint:/home/hd/ros2_foxy/install/ament_pyflakes:/home/hd/ros2_foxy/install/ament_pycodestyle:/home/hd/ros2_foxy/install/ament_pep257:/home/hd/ros2_foxy/install/ament_pclint:/home/hd/ros2_foxy/install/ament_package:/home/hd/ros2_foxy/install/ament_mypy:/home/hd/ros2_foxy/install/ament_lint_cmake:/home/hd/ros2_foxy/install/ament_flake8:/home/hd/ros2_foxy/install/ament_copyright:/home/hd/ros2_foxy/install/ament_lint:/home/hd/ros2_foxy/install/ament_index_python:/home/hd/ros2_foxy/install/ament_cpplint:/home/hd/ros2_foxy/install/ament_cppcheck:/home/hd/ros2_foxy/install/ament_clang_tidy:/home/hd/ros2_foxy/install/ament_clang_format /usr/bin/cmake --install /home/hd/Desktop/Motor_Control/motor_controls.ws/build/ethercat_device_configurator
