running egg_info
writing build/controller/controller.egg-info/PKG-INFO
writing dependency_links to build/controller/controller.egg-info/dependency_links.txt
writing entry points to build/controller/controller.egg-info/entry_points.txt
writing requirements to build/controller/controller.egg-info/requires.txt
writing top-level names to build/controller/controller.egg-info/top_level.txt
reading manifest file 'build/controller/controller.egg-info/SOURCES.txt'
writing manifest file 'build/controller/controller.egg-info/SOURCES.txt'
running build
running build_py
copying controller/CS_subscriber.py -> /home/alex/Desktop/xplore/NAV_workspace/nav_ws/src/controller/build/controller/build/lib/controller
copying controller/old_cs_sub.py -> /home/alex/Desktop/xplore/NAV_workspace/nav_ws/src/controller/build/controller/build/lib/controller
running install
running install_lib
copying /home/alex/Desktop/xplore/NAV_workspace/nav_ws/src/controller/build/controller/build/lib/controller/CS_subscriber.py -> /home/alex/Desktop/xplore/NAV_workspace/nav_ws/src/controller/install/controller/lib/python3.8/site-packages/controller
copying /home/alex/Desktop/xplore/NAV_workspace/nav_ws/src/controller/build/controller/build/lib/controller/old_cs_sub.py -> /home/alex/Desktop/xplore/NAV_workspace/nav_ws/src/controller/install/controller/lib/python3.8/site-packages/controller
byte-compiling /home/alex/Desktop/xplore/NAV_workspace/nav_ws/src/controller/install/controller/lib/python3.8/site-packages/controller/CS_subscriber.py to CS_subscriber.cpython-38.pyc
byte-compiling /home/alex/Desktop/xplore/NAV_workspace/nav_ws/src/controller/install/controller/lib/python3.8/site-packages/controller/old_cs_sub.py to old_cs_sub.cpython-38.pyc
running install_data
running install_egg_info
removing '/home/alex/Desktop/xplore/NAV_workspace/nav_ws/src/controller/install/controller/lib/python3.8/site-packages/controller-0.0.0-py3.8.egg-info' (and everything under it)
Copying build/controller/controller.egg-info to /home/alex/Desktop/xplore/NAV_workspace/nav_ws/src/controller/install/controller/lib/python3.8/site-packages/controller-0.0.0-py3.8.egg-info
running install_scripts
Installing listener script to /home/alex/Desktop/xplore/NAV_workspace/nav_ws/src/controller/install/controller/lib/controller
Installing talker script to /home/alex/Desktop/xplore/NAV_workspace/nav_ws/src/controller/install/controller/lib/controller
writing list of installed files to '/home/alex/Desktop/xplore/NAV_workspace/nav_ws/src/controller/build/controller/install.log'
