[0.080s] Invoking command in '/home/hd/Desktop/Motor_Control/motor_controls.ws/build/coucou': CMAKE_PREFIX_PATH=${CMAKE_PREFIX_PATH}:/opt/ros/foxy:/home/hd/ros2_foxy/install/ros2bag:/home/hd/ros2_foxy/install/tracetools_launch:/home/hd/ros2_foxy/install/topic_monitor:/home/hd/ros2_foxy/install/examples_tf2_py:/home/hd/ros2_foxy/install/sros2:/home/hd/ros2_foxy/install/rqt_topic:/home/hd/ros2_foxy/install/rqt_top:/home/hd/ros2_foxy/install/rqt_srv:/home/hd/ros2_foxy/install/rqt_shell:/home/hd/ros2_foxy/install/rqt_service_caller:/home/hd/ros2_foxy/install/rqt_reconfigure:/home/hd/ros2_foxy/install/rqt_py_console:/home/hd/ros2_foxy/install/rqt_publisher:/home/hd/ros2_foxy/install/rqt_plot:/home/hd/ros2_foxy/install/rqt_action:/home/hd/ros2_foxy/install/rqt_msg:/home/hd/ros2_foxy/install/rqt_console:/home/hd/ros2_foxy/install/rqt:/home/hd/ros2_foxy/install/rqt_graph:/home/hd/ros2_foxy/install/rqt_gui_py:/home/hd/ros2_foxy/install/rqt_gui:/home/hd/ros2_foxy/install/ros2trace:/home/hd/ros2_foxy/install/ros2topic:/home/hd/ros2_foxy/install/ros2test:/home/hd/ros2_foxy/install/ros2component:/home/hd/ros2_foxy/install/ros2param:/home/hd/ros2_foxy/install/ros2lifecycle:/home/hd/ros2_foxy/install/ros2service:/home/hd/ros2_foxy/install/ros2run:/home/hd/ros2_foxy/install/ros2launch:/home/hd/ros2_foxy/install/ros2pkg:/home/hd/ros2_foxy/install/ros2node:/home/hd/ros2_foxy/install/ros2multicast:/home/hd/ros2_foxy/install/ros2interface:/home/hd/ros2_foxy/install/ros2doctor:/home/hd/ros2_foxy/install/ros2action:/home/hd/ros2_foxy/install/ros2cli:/home/hd/ros2_foxy/install/quality_of_service_demo_py:/home/hd/ros2_foxy/install/launch_testing_ros:/home/hd/ros2_foxy/install/launch_ros:/home/hd/ros2_foxy/install/joystick_ros2:/home/hd/ros2_foxy/install/examples_rclpy_minimal_subscriber:/home/hd/ros2_foxy/install/examples_rclpy_minimal_service:/home/hd/ros2_foxy/install/examples_rclpy_minimal_publisher:/home/hd/ros2_foxy/install/examples_rclpy_minimal_client:/home/hd/ros2_foxy/install/examples_rclpy_minimal_action_server:/home/hd/ros2_foxy/install/examples_rclpy_minimal_action_client:/home/hd/ros2_foxy/install/examples_rclpy_executors:/home/hd/ros2_foxy/install/demo_nodes_py:/home/hd/ros2_foxy/install/action_tutorials_py:/home/hd/ros2_foxy/install/ament_uncrustify:/home/hd/ros2_foxy/install/tracetools_trace:/home/hd/ros2_foxy/install/tracetools_read:/home/hd/ros2_foxy/install/test_launch_ros:/home/hd/ros2_foxy/install/sensor_msgs_py:/home/hd/ros2_foxy/install/rpyutils:/home/hd/ros2_foxy/install/rosidl_runtime_py:/home/hd/ros2_foxy/install/launch_yaml:/home/hd/ros2_foxy/install/launch_xml:/home/hd/ros2_foxy/install/launch_testing:/home/hd/ros2_foxy/install/launch:/home/hd/ros2_foxy/install/osrf_pycommon:/home/hd/ros2_foxy/install/domain_coordinator:/home/hd/ros2_foxy/install/ament_xmllint:/home/hd/ros2_foxy/install/ament_pyflakes:/home/hd/ros2_foxy/install/ament_pycodestyle:/home/hd/ros2_foxy/install/ament_pep257:/home/hd/ros2_foxy/install/ament_pclint:/home/hd/ros2_foxy/install/ament_package:/home/hd/ros2_foxy/install/ament_mypy:/home/hd/ros2_foxy/install/ament_lint_cmake:/home/hd/ros2_foxy/install/ament_flake8:/home/hd/ros2_foxy/install/ament_copyright:/home/hd/ros2_foxy/install/ament_lint:/home/hd/ros2_foxy/install/ament_index_python:/home/hd/ros2_foxy/install/ament_cpplint:/home/hd/ros2_foxy/install/ament_cppcheck:/home/hd/ros2_foxy/install/ament_clang_tidy:/home/hd/ros2_foxy/install/ament_clang_format /usr/bin/cmake --build /home/hd/Desktop/Motor_Control/motor_controls.ws/build/coucou -- -j2 -l2
[0.186s] -- Found ament_cmake: 0.9.11 (/home/hd/ros2_foxy/install/ament_cmake/share/ament_cmake/cmake)
[0.664s] -- Using PYTHON_EXECUTABLE: /usr/bin/python3
[1.630s] -- Found rclcpp: 2.4.2 (/home/hd/ros2_foxy/install/rclcpp/share/rclcpp/cmake)
[1.786s] -- Using all available rosidl_typesupport_c: rosidl_typesupport_fastrtps_c;rosidl_typesupport_introspection_c
[1.791s] -- Found rosidl_adapter: 1.3.0 (/home/hd/ros2_foxy/install/rosidl_adapter/share/rosidl_adapter/cmake)
[2.170s] -- Using all available rosidl_typesupport_cpp: rosidl_typesupport_fastrtps_cpp;rosidl_typesupport_introspection_cpp
[2.258s] -- Found rmw_implementation_cmake: 1.0.4 (/home/hd/ros2_foxy/install/rmw_implementation_cmake/share/rmw_implementation_cmake/cmake)
[2.306s] -- Using RMW implementation 'rmw_fastrtps_cpp' as default
[2.546s] -- Found sensor_msgs: 2.0.5 (/home/hd/ros2_foxy/install/sensor_msgs/share/sensor_msgs/cmake)
[2.768s] -- Found rosidl_default_generators: 1.0.1 (/home/hd/ros2_foxy/install/rosidl_default_generators/share/rosidl_default_generators/cmake)
[3.467s] -- Found PythonInterp: /usr/bin/python3 (found version "3.8.10") 
[4.763s] -- Found ament_cmake_ros: 0.9.2 (/home/hd/ros2_foxy/install/ament_cmake_ros/share/ament_cmake_ros/cmake)
[5.494s] -- Using all available rosidl_typesupport_c: rosidl_typesupport_fastrtps_c;rosidl_typesupport_introspection_c
[5.785s] -- Using all available rosidl_typesupport_cpp: rosidl_typesupport_fastrtps_cpp;rosidl_typesupport_introspection_cpp
[6.505s] -- Found PythonInterp: /usr/bin/python3 (found suitable version "3.8.10", minimum required is "3.5") 
[6.506s] -- Found python_cmake_module: 0.8.1 (/home/hd/ros2_foxy/install/python_cmake_module/share/python_cmake_module/cmake)
[6.993s] -- Using PYTHON_EXECUTABLE: /usr/bin/python3
[6.993s] -- Using PYTHON_INCLUDE_DIRS: /usr/include/python3.8
[6.994s] -- Using PYTHON_LIBRARIES: /usr/lib/x86_64-linux-gnu/libpython3.8.so
[7.655s] -- Configuring done
[7.741s] -- Generating done
[7.766s] -- Build files have been written to: /home/hd/Desktop/Motor_Control/motor_controls.ws/build/coucou
[7.903s] [  2%] Built target coucou__cpp
[7.919s] [  8%] Built target talker
[7.978s] [ 17%] Built target coucou__rosidl_generator_c
[8.008s] [ 25%] Built target coucou__rosidl_typesupport_cpp
[8.073s] [ 34%] Built target coucou__rosidl_typesupport_fastrtps_cpp
[8.104s] [ 42%] Built target coucou__rosidl_typesupport_introspection_c
[8.177s] [ 51%] Built target coucou__rosidl_typesupport_introspection_cpp
[8.192s] [ 57%] Built target suscriber
[8.255s] [ 65%] Built target coucou__rosidl_typesupport_c
[8.274s] [ 74%] Built target coucou__rosidl_typesupport_fastrtps_c
[8.347s] [ 74%] Built target coucou
[8.426s] [ 77%] Built target coucou__py
[8.529s] [ 82%] Built target coucou__python
[8.610s] [ 88%] Built target coucou__rosidl_typesupport_introspection_c__pyext
[8.618s] [ 94%] Built target coucou__rosidl_typesupport_c__pyext
[8.693s] [100%] Built target coucou__rosidl_typesupport_fastrtps_c__pyext
[8.732s] Invoked command in '/home/hd/Desktop/Motor_Control/motor_controls.ws/build/coucou' returned '0': CMAKE_PREFIX_PATH=${CMAKE_PREFIX_PATH}:/opt/ros/foxy:/home/hd/ros2_foxy/install/ros2bag:/home/hd/ros2_foxy/install/tracetools_launch:/home/hd/ros2_foxy/install/topic_monitor:/home/hd/ros2_foxy/install/examples_tf2_py:/home/hd/ros2_foxy/install/sros2:/home/hd/ros2_foxy/install/rqt_topic:/home/hd/ros2_foxy/install/rqt_top:/home/hd/ros2_foxy/install/rqt_srv:/home/hd/ros2_foxy/install/rqt_shell:/home/hd/ros2_foxy/install/rqt_service_caller:/home/hd/ros2_foxy/install/rqt_reconfigure:/home/hd/ros2_foxy/install/rqt_py_console:/home/hd/ros2_foxy/install/rqt_publisher:/home/hd/ros2_foxy/install/rqt_plot:/home/hd/ros2_foxy/install/rqt_action:/home/hd/ros2_foxy/install/rqt_msg:/home/hd/ros2_foxy/install/rqt_console:/home/hd/ros2_foxy/install/rqt:/home/hd/ros2_foxy/install/rqt_graph:/home/hd/ros2_foxy/install/rqt_gui_py:/home/hd/ros2_foxy/install/rqt_gui:/home/hd/ros2_foxy/install/ros2trace:/home/hd/ros2_foxy/install/ros2topic:/home/hd/ros2_foxy/install/ros2test:/home/hd/ros2_foxy/install/ros2component:/home/hd/ros2_foxy/install/ros2param:/home/hd/ros2_foxy/install/ros2lifecycle:/home/hd/ros2_foxy/install/ros2service:/home/hd/ros2_foxy/install/ros2run:/home/hd/ros2_foxy/install/ros2launch:/home/hd/ros2_foxy/install/ros2pkg:/home/hd/ros2_foxy/install/ros2node:/home/hd/ros2_foxy/install/ros2multicast:/home/hd/ros2_foxy/install/ros2interface:/home/hd/ros2_foxy/install/ros2doctor:/home/hd/ros2_foxy/install/ros2action:/home/hd/ros2_foxy/install/ros2cli:/home/hd/ros2_foxy/install/quality_of_service_demo_py:/home/hd/ros2_foxy/install/launch_testing_ros:/home/hd/ros2_foxy/install/launch_ros:/home/hd/ros2_foxy/install/joystick_ros2:/home/hd/ros2_foxy/install/examples_rclpy_minimal_subscriber:/home/hd/ros2_foxy/install/examples_rclpy_minimal_service:/home/hd/ros2_foxy/install/examples_rclpy_minimal_publisher:/home/hd/ros2_foxy/install/examples_rclpy_minimal_client:/home/hd/ros2_foxy/install/examples_rclpy_minimal_action_server:/home/hd/ros2_foxy/install/examples_rclpy_minimal_action_client:/home/hd/ros2_foxy/install/examples_rclpy_executors:/home/hd/ros2_foxy/install/demo_nodes_py:/home/hd/ros2_foxy/install/action_tutorials_py:/home/hd/ros2_foxy/install/ament_uncrustify:/home/hd/ros2_foxy/install/tracetools_trace:/home/hd/ros2_foxy/install/tracetools_read:/home/hd/ros2_foxy/install/test_launch_ros:/home/hd/ros2_foxy/install/sensor_msgs_py:/home/hd/ros2_foxy/install/rpyutils:/home/hd/ros2_foxy/install/rosidl_runtime_py:/home/hd/ros2_foxy/install/launch_yaml:/home/hd/ros2_foxy/install/launch_xml:/home/hd/ros2_foxy/install/launch_testing:/home/hd/ros2_foxy/install/launch:/home/hd/ros2_foxy/install/osrf_pycommon:/home/hd/ros2_foxy/install/domain_coordinator:/home/hd/ros2_foxy/install/ament_xmllint:/home/hd/ros2_foxy/install/ament_pyflakes:/home/hd/ros2_foxy/install/ament_pycodestyle:/home/hd/ros2_foxy/install/ament_pep257:/home/hd/ros2_foxy/install/ament_pclint:/home/hd/ros2_foxy/install/ament_package:/home/hd/ros2_foxy/install/ament_mypy:/home/hd/ros2_foxy/install/ament_lint_cmake:/home/hd/ros2_foxy/install/ament_flake8:/home/hd/ros2_foxy/install/ament_copyright:/home/hd/ros2_foxy/install/ament_lint:/home/hd/ros2_foxy/install/ament_index_python:/home/hd/ros2_foxy/install/ament_cpplint:/home/hd/ros2_foxy/install/ament_cppcheck:/home/hd/ros2_foxy/install/ament_clang_tidy:/home/hd/ros2_foxy/install/ament_clang_format /usr/bin/cmake --build /home/hd/Desktop/Motor_Control/motor_controls.ws/build/coucou -- -j2 -l2
[9.085s] Invoking command in '/home/hd/Desktop/Motor_Control/motor_controls.ws/build/coucou': CMAKE_PREFIX_PATH=${CMAKE_PREFIX_PATH}:/opt/ros/foxy:/home/hd/ros2_foxy/install/ros2bag:/home/hd/ros2_foxy/install/tracetools_launch:/home/hd/ros2_foxy/install/topic_monitor:/home/hd/ros2_foxy/install/examples_tf2_py:/home/hd/ros2_foxy/install/sros2:/home/hd/ros2_foxy/install/rqt_topic:/home/hd/ros2_foxy/install/rqt_top:/home/hd/ros2_foxy/install/rqt_srv:/home/hd/ros2_foxy/install/rqt_shell:/home/hd/ros2_foxy/install/rqt_service_caller:/home/hd/ros2_foxy/install/rqt_reconfigure:/home/hd/ros2_foxy/install/rqt_py_console:/home/hd/ros2_foxy/install/rqt_publisher:/home/hd/ros2_foxy/install/rqt_plot:/home/hd/ros2_foxy/install/rqt_action:/home/hd/ros2_foxy/install/rqt_msg:/home/hd/ros2_foxy/install/rqt_console:/home/hd/ros2_foxy/install/rqt:/home/hd/ros2_foxy/install/rqt_graph:/home/hd/ros2_foxy/install/rqt_gui_py:/home/hd/ros2_foxy/install/rqt_gui:/home/hd/ros2_foxy/install/ros2trace:/home/hd/ros2_foxy/install/ros2topic:/home/hd/ros2_foxy/install/ros2test:/home/hd/ros2_foxy/install/ros2component:/home/hd/ros2_foxy/install/ros2param:/home/hd/ros2_foxy/install/ros2lifecycle:/home/hd/ros2_foxy/install/ros2service:/home/hd/ros2_foxy/install/ros2run:/home/hd/ros2_foxy/install/ros2launch:/home/hd/ros2_foxy/install/ros2pkg:/home/hd/ros2_foxy/install/ros2node:/home/hd/ros2_foxy/install/ros2multicast:/home/hd/ros2_foxy/install/ros2interface:/home/hd/ros2_foxy/install/ros2doctor:/home/hd/ros2_foxy/install/ros2action:/home/hd/ros2_foxy/install/ros2cli:/home/hd/ros2_foxy/install/quality_of_service_demo_py:/home/hd/ros2_foxy/install/launch_testing_ros:/home/hd/ros2_foxy/install/launch_ros:/home/hd/ros2_foxy/install/joystick_ros2:/home/hd/ros2_foxy/install/examples_rclpy_minimal_subscriber:/home/hd/ros2_foxy/install/examples_rclpy_minimal_service:/home/hd/ros2_foxy/install/examples_rclpy_minimal_publisher:/home/hd/ros2_foxy/install/examples_rclpy_minimal_client:/home/hd/ros2_foxy/install/examples_rclpy_minimal_action_server:/home/hd/ros2_foxy/install/examples_rclpy_minimal_action_client:/home/hd/ros2_foxy/install/examples_rclpy_executors:/home/hd/ros2_foxy/install/demo_nodes_py:/home/hd/ros2_foxy/install/action_tutorials_py:/home/hd/ros2_foxy/install/ament_uncrustify:/home/hd/ros2_foxy/install/tracetools_trace:/home/hd/ros2_foxy/install/tracetools_read:/home/hd/ros2_foxy/install/test_launch_ros:/home/hd/ros2_foxy/install/sensor_msgs_py:/home/hd/ros2_foxy/install/rpyutils:/home/hd/ros2_foxy/install/rosidl_runtime_py:/home/hd/ros2_foxy/install/launch_yaml:/home/hd/ros2_foxy/install/launch_xml:/home/hd/ros2_foxy/install/launch_testing:/home/hd/ros2_foxy/install/launch:/home/hd/ros2_foxy/install/osrf_pycommon:/home/hd/ros2_foxy/install/domain_coordinator:/home/hd/ros2_foxy/install/ament_xmllint:/home/hd/ros2_foxy/install/ament_pyflakes:/home/hd/ros2_foxy/install/ament_pycodestyle:/home/hd/ros2_foxy/install/ament_pep257:/home/hd/ros2_foxy/install/ament_pclint:/home/hd/ros2_foxy/install/ament_package:/home/hd/ros2_foxy/install/ament_mypy:/home/hd/ros2_foxy/install/ament_lint_cmake:/home/hd/ros2_foxy/install/ament_flake8:/home/hd/ros2_foxy/install/ament_copyright:/home/hd/ros2_foxy/install/ament_lint:/home/hd/ros2_foxy/install/ament_index_python:/home/hd/ros2_foxy/install/ament_cpplint:/home/hd/ros2_foxy/install/ament_cppcheck:/home/hd/ros2_foxy/install/ament_clang_tidy:/home/hd/ros2_foxy/install/ament_clang_format /usr/bin/cmake --install /home/hd/Desktop/Motor_Control/motor_controls.ws/build/coucou
[9.122s] -- Install configuration: ""
[9.122s] -- Up-to-date: /home/hd/Desktop/Motor_Control/motor_controls.ws/install/coucou/share/ament_index/resource_index/rosidl_interfaces/coucou
[9.122s] -- Up-to-date: /home/hd/Desktop/Motor_Control/motor_controls.ws/install/coucou/include/coucou
[9.122s] -- Up-to-date: /home/hd/Desktop/Motor_Control/motor_controls.ws/install/coucou/include/coucou/msg
[9.123s] -- Up-to-date: /home/hd/Desktop/Motor_Control/motor_controls.ws/install/coucou/include/coucou/msg/motor_command.h
[9.123s] -- Up-to-date: /home/hd/Desktop/Motor_Control/motor_controls.ws/install/coucou/include/coucou/msg/detail
[9.123s] -- Up-to-date: /home/hd/Desktop/Motor_Control/motor_controls.ws/install/coucou/include/coucou/msg/detail/motor_command__type_support.h
[9.124s] -- Up-to-date: /home/hd/Desktop/Motor_Control/motor_controls.ws/install/coucou/include/coucou/msg/detail/motor_command__struct.h
[9.124s] -- Up-to-date: /home/hd/Desktop/Motor_Control/motor_controls.ws/install/coucou/include/coucou/msg/detail/motor_command__functions.c
[9.124s] -- Up-to-date: /home/hd/Desktop/Motor_Control/motor_controls.ws/install/coucou/include/coucou/msg/detail/motor_command__functions.h
[9.124s] -- Up-to-date: /home/hd/Desktop/Motor_Control/motor_controls.ws/install/coucou/include/coucou/msg/rosidl_generator_c__visibility_control.h
[9.125s] -- Up-to-date: /home/hd/Desktop/Motor_Control/motor_controls.ws/install/coucou/share/coucou/environment/library_path.sh
[9.125s] -- Installing: /home/hd/Desktop/Motor_Control/motor_controls.ws/install/coucou/share/coucou/environment/library_path.dsv
[9.125s] -- Up-to-date: /home/hd/Desktop/Motor_Control/motor_controls.ws/install/coucou/lib/libcoucou__rosidl_generator_c.so
[9.125s] -- Up-to-date: /home/hd/Desktop/Motor_Control/motor_controls.ws/install/coucou/include/coucou
[9.126s] -- Up-to-date: /home/hd/Desktop/Motor_Control/motor_controls.ws/install/coucou/include/coucou/msg
[9.126s] -- Up-to-date: /home/hd/Desktop/Motor_Control/motor_controls.ws/install/coucou/include/coucou/msg/detail
[9.126s] -- Up-to-date: /home/hd/Desktop/Motor_Control/motor_controls.ws/install/coucou/include/coucou/msg/detail/motor_command__rosidl_typesupport_fastrtps_c.h
[9.126s] -- Up-to-date: /home/hd/Desktop/Motor_Control/motor_controls.ws/install/coucou/include/coucou/msg/rosidl_typesupport_fastrtps_c__visibility_control.h
[9.126s] -- Up-to-date: /home/hd/Desktop/Motor_Control/motor_controls.ws/install/coucou/lib/libcoucou__rosidl_typesupport_fastrtps_c.so
[9.127s] -- Up-to-date: /home/hd/Desktop/Motor_Control/motor_controls.ws/install/coucou/include/coucou
[9.127s] -- Up-to-date: /home/hd/Desktop/Motor_Control/motor_controls.ws/install/coucou/include/coucou/msg
[9.127s] -- Up-to-date: /home/hd/Desktop/Motor_Control/motor_controls.ws/install/coucou/include/coucou/msg/rosidl_typesupport_fastrtps_cpp__visibility_control.h
[9.128s] -- Up-to-date: /home/hd/Desktop/Motor_Control/motor_controls.ws/install/coucou/include/coucou/msg/detail
[9.128s] -- Up-to-date: /home/hd/Desktop/Motor_Control/motor_controls.ws/install/coucou/include/coucou/msg/detail/motor_command__rosidl_typesupport_fastrtps_cpp.hpp
[9.129s] -- Up-to-date: /home/hd/Desktop/Motor_Control/motor_controls.ws/install/coucou/include/coucou/msg/detail/dds_fastrtps
[9.129s] -- Up-to-date: /home/hd/Desktop/Motor_Control/motor_controls.ws/install/coucou/lib/libcoucou__rosidl_typesupport_fastrtps_cpp.so
[9.131s] -- Up-to-date: /home/hd/Desktop/Motor_Control/motor_controls.ws/install/coucou/include/coucou
[9.131s] -- Up-to-date: /home/hd/Desktop/Motor_Control/motor_controls.ws/install/coucou/include/coucou/msg
[9.131s] -- Up-to-date: /home/hd/Desktop/Motor_Control/motor_controls.ws/install/coucou/include/coucou/msg/detail
[9.132s] -- Up-to-date: /home/hd/Desktop/Motor_Control/motor_controls.ws/install/coucou/include/coucou/msg/detail/motor_command__rosidl_typesupport_introspection_c.h
[9.132s] -- Up-to-date: /home/hd/Desktop/Motor_Control/motor_controls.ws/install/coucou/include/coucou/msg/detail/motor_command__type_support.c
[9.132s] -- Up-to-date: /home/hd/Desktop/Motor_Control/motor_controls.ws/install/coucou/include/coucou/msg/rosidl_typesupport_introspection_c__visibility_control.h
[9.132s] -- Up-to-date: /home/hd/Desktop/Motor_Control/motor_controls.ws/install/coucou/lib/libcoucou__rosidl_typesupport_introspection_c.so
[9.132s] -- Up-to-date: /home/hd/Desktop/Motor_Control/motor_controls.ws/install/coucou/lib/libcoucou__rosidl_typesupport_c.so
[9.132s] -- Up-to-date: /home/hd/Desktop/Motor_Control/motor_controls.ws/install/coucou/include/coucou
[9.133s] -- Up-to-date: /home/hd/Desktop/Motor_Control/motor_controls.ws/install/coucou/include/coucou/msg
[9.133s] -- Up-to-date: /home/hd/Desktop/Motor_Control/motor_controls.ws/install/coucou/include/coucou/msg/motor_command.hpp
[9.133s] -- Up-to-date: /home/hd/Desktop/Motor_Control/motor_controls.ws/install/coucou/include/coucou/msg/detail
[9.133s] -- Up-to-date: /home/hd/Desktop/Motor_Control/motor_controls.ws/install/coucou/include/coucou/msg/detail/motor_command__builder.hpp
[9.133s] -- Up-to-date: /home/hd/Desktop/Motor_Control/motor_controls.ws/install/coucou/include/coucou/msg/detail/motor_command__struct.hpp
[9.133s] -- Up-to-date: /home/hd/Desktop/Motor_Control/motor_controls.ws/install/coucou/include/coucou/msg/detail/motor_command__traits.hpp
[9.134s] -- Up-to-date: /home/hd/Desktop/Motor_Control/motor_controls.ws/install/coucou/include/coucou
[9.134s] -- Up-to-date: /home/hd/Desktop/Motor_Control/motor_controls.ws/install/coucou/include/coucou/msg
[9.134s] -- Up-to-date: /home/hd/Desktop/Motor_Control/motor_controls.ws/install/coucou/include/coucou/msg/detail
[9.134s] -- Up-to-date: /home/hd/Desktop/Motor_Control/motor_controls.ws/install/coucou/include/coucou/msg/detail/motor_command__rosidl_typesupport_introspection_cpp.hpp
[9.135s] -- Up-to-date: /home/hd/Desktop/Motor_Control/motor_controls.ws/install/coucou/include/coucou/msg/detail/motor_command__type_support.cpp
[9.135s] -- Up-to-date: /home/hd/Desktop/Motor_Control/motor_controls.ws/install/coucou/lib/libcoucou__rosidl_typesupport_introspection_cpp.so
[9.135s] -- Up-to-date: /home/hd/Desktop/Motor_Control/motor_controls.ws/install/coucou/lib/libcoucou__rosidl_typesupport_cpp.so
[9.137s] -- Up-to-date: /home/hd/Desktop/Motor_Control/motor_controls.ws/install/coucou/share/coucou/environment/pythonpath.sh
[9.137s] -- Installing: /home/hd/Desktop/Motor_Control/motor_controls.ws/install/coucou/share/coucou/environment/pythonpath.dsv
[9.137s] -- Installing: /home/hd/Desktop/Motor_Control/motor_controls.ws/install/coucou/lib/python3.8/site-packages/coucou/__init__.py
[9.781s] Compiling '/home/hd/Desktop/Motor_Control/motor_controls.ws/install/coucou/lib/python3.8/site-packages/coucou/__init__.py'...
[9.793s] -- Up-to-date: /home/hd/Desktop/Motor_Control/motor_controls.ws/install/coucou/lib/python3.8/site-packages/coucou/msg
[9.793s] -- Up-to-date: /home/hd/Desktop/Motor_Control/motor_controls.ws/install/coucou/lib/python3.8/site-packages/coucou/msg/__init__.py
[9.793s] -- Up-to-date: /home/hd/Desktop/Motor_Control/motor_controls.ws/install/coucou/lib/python3.8/site-packages/coucou/msg/_motor_command_s.c
[9.794s] -- Up-to-date: /home/hd/Desktop/Motor_Control/motor_controls.ws/install/coucou/lib/python3.8/site-packages/coucou/msg/_motor_command.py
[9.794s] -- Up-to-date: /home/hd/Desktop/Motor_Control/motor_controls.ws/install/coucou/lib/python3.8/site-packages/coucou/coucou_s__rosidl_typesupport_fastrtps_c.cpython-38-x86_64-linux-gnu.so
[9.795s] -- Up-to-date: /home/hd/Desktop/Motor_Control/motor_controls.ws/install/coucou/lib/python3.8/site-packages/coucou/coucou_s__rosidl_typesupport_introspection_c.cpython-38-x86_64-linux-gnu.so
[9.796s] -- Up-to-date: /home/hd/Desktop/Motor_Control/motor_controls.ws/install/coucou/lib/python3.8/site-packages/coucou/coucou_s__rosidl_typesupport_c.cpython-38-x86_64-linux-gnu.so
[9.798s] -- Up-to-date: /home/hd/Desktop/Motor_Control/motor_controls.ws/install/coucou/lib/libcoucou__python.so
[9.798s] -- Up-to-date: /home/hd/Desktop/Motor_Control/motor_controls.ws/install/coucou/share/coucou/msg/MotorCommand.idl
[9.799s] -- Up-to-date: /home/hd/Desktop/Motor_Control/motor_controls.ws/install/coucou/share/coucou/msg/MotorCommand.msg
[9.800s] -- Up-to-date: /home/hd/Desktop/Motor_Control/motor_controls.ws/install/coucou/lib/coucou/talker
[9.801s] -- Up-to-date: /home/hd/Desktop/Motor_Control/motor_controls.ws/install/coucou/lib/coucou/suscriber
[9.802s] -- Up-to-date: /home/hd/Desktop/Motor_Control/motor_controls.ws/install/coucou/share/ament_index/resource_index/package_run_dependencies/coucou
[9.802s] -- Up-to-date: /home/hd/Desktop/Motor_Control/motor_controls.ws/install/coucou/share/ament_index/resource_index/parent_prefix_path/coucou
[9.803s] -- Installing: /home/hd/Desktop/Motor_Control/motor_controls.ws/install/coucou/share/coucou/environment/ament_prefix_path.dsv
[9.804s] -- Installing: /home/hd/Desktop/Motor_Control/motor_controls.ws/install/coucou/share/coucou/environment/path.dsv
[9.805s] -- Up-to-date: /home/hd/Desktop/Motor_Control/motor_controls.ws/install/coucou/share/coucou/local_setup.bash
[9.806s] -- Up-to-date: /home/hd/Desktop/Motor_Control/motor_controls.ws/install/coucou/share/coucou/local_setup.sh
[9.808s] -- Up-to-date: /home/hd/Desktop/Motor_Control/motor_controls.ws/install/coucou/share/coucou/local_setup.zsh
[9.808s] -- Installing: /home/hd/Desktop/Motor_Control/motor_controls.ws/install/coucou/share/coucou/local_setup.dsv
[9.808s] -- Installing: /home/hd/Desktop/Motor_Control/motor_controls.ws/install/coucou/share/coucou/package.dsv
[9.809s] -- Up-to-date: /home/hd/Desktop/Motor_Control/motor_controls.ws/install/coucou/share/ament_index/resource_index/packages/coucou
[9.810s] -- Up-to-date: /home/hd/Desktop/Motor_Control/motor_controls.ws/install/coucou/share/coucou/cmake/coucou__rosidl_generator_cExport.cmake
[9.810s] -- Installing: /home/hd/Desktop/Motor_Control/motor_controls.ws/install/coucou/share/coucou/cmake/coucou__rosidl_generator_cExport-noconfig.cmake
[9.812s] -- Up-to-date: /home/hd/Desktop/Motor_Control/motor_controls.ws/install/coucou/share/coucou/cmake/coucou__rosidl_typesupport_introspection_cExport.cmake
[9.812s] -- Installing: /home/hd/Desktop/Motor_Control/motor_controls.ws/install/coucou/share/coucou/cmake/coucou__rosidl_typesupport_introspection_cExport-noconfig.cmake
[9.813s] -- Up-to-date: /home/hd/Desktop/Motor_Control/motor_controls.ws/install/coucou/share/coucou/cmake/coucou__rosidl_typesupport_cExport.cmake
[9.813s] -- Installing: /home/hd/Desktop/Motor_Control/motor_controls.ws/install/coucou/share/coucou/cmake/coucou__rosidl_typesupport_cExport-noconfig.cmake
[9.815s] -- Up-to-date: /home/hd/Desktop/Motor_Control/motor_controls.ws/install/coucou/share/coucou/cmake/coucou__rosidl_generator_cppExport.cmake
[9.816s] -- Up-to-date: /home/hd/Desktop/Motor_Control/motor_controls.ws/install/coucou/share/coucou/cmake/coucou__rosidl_typesupport_introspection_cppExport.cmake
[9.816s] -- Installing: /home/hd/Desktop/Motor_Control/motor_controls.ws/install/coucou/share/coucou/cmake/coucou__rosidl_typesupport_introspection_cppExport-noconfig.cmake
[9.817s] -- Up-to-date: /home/hd/Desktop/Motor_Control/motor_controls.ws/install/coucou/share/coucou/cmake/coucou__rosidl_typesupport_cppExport.cmake
[9.820s] -- Installing: /home/hd/Desktop/Motor_Control/motor_controls.ws/install/coucou/share/coucou/cmake/coucou__rosidl_typesupport_cppExport-noconfig.cmake
[9.822s] -- Up-to-date: /home/hd/Desktop/Motor_Control/motor_controls.ws/install/coucou/share/coucou/cmake/rosidl_cmake-extras.cmake
[9.822s] -- Up-to-date: /home/hd/Desktop/Motor_Control/motor_controls.ws/install/coucou/share/coucou/cmake/ament_cmake_export_dependencies-extras.cmake
[9.822s] -- Up-to-date: /home/hd/Desktop/Motor_Control/motor_controls.ws/install/coucou/share/coucou/cmake/ament_cmake_export_libraries-extras.cmake
[9.822s] -- Up-to-date: /home/hd/Desktop/Motor_Control/motor_controls.ws/install/coucou/share/coucou/cmake/ament_cmake_export_targets-extras.cmake
[9.823s] -- Up-to-date: /home/hd/Desktop/Motor_Control/motor_controls.ws/install/coucou/share/coucou/cmake/ament_cmake_export_include_directories-extras.cmake
[9.823s] -- Up-to-date: /home/hd/Desktop/Motor_Control/motor_controls.ws/install/coucou/share/coucou/cmake/rosidl_cmake_export_typesupport_libraries-extras.cmake
[9.823s] -- Up-to-date: /home/hd/Desktop/Motor_Control/motor_controls.ws/install/coucou/share/coucou/cmake/rosidl_cmake_export_typesupport_targets-extras.cmake
[9.823s] -- Up-to-date: /home/hd/Desktop/Motor_Control/motor_controls.ws/install/coucou/share/coucou/cmake/coucouConfig.cmake
[9.823s] -- Up-to-date: /home/hd/Desktop/Motor_Control/motor_controls.ws/install/coucou/share/coucou/cmake/coucouConfig-version.cmake
[9.823s] -- Installing: /home/hd/Desktop/Motor_Control/motor_controls.ws/install/coucou/share/coucou/package.xml
[9.835s] Invoked command in '/home/hd/Desktop/Motor_Control/motor_controls.ws/build/coucou' returned '0': CMAKE_PREFIX_PATH=${CMAKE_PREFIX_PATH}:/opt/ros/foxy:/home/hd/ros2_foxy/install/ros2bag:/home/hd/ros2_foxy/install/tracetools_launch:/home/hd/ros2_foxy/install/topic_monitor:/home/hd/ros2_foxy/install/examples_tf2_py:/home/hd/ros2_foxy/install/sros2:/home/hd/ros2_foxy/install/rqt_topic:/home/hd/ros2_foxy/install/rqt_top:/home/hd/ros2_foxy/install/rqt_srv:/home/hd/ros2_foxy/install/rqt_shell:/home/hd/ros2_foxy/install/rqt_service_caller:/home/hd/ros2_foxy/install/rqt_reconfigure:/home/hd/ros2_foxy/install/rqt_py_console:/home/hd/ros2_foxy/install/rqt_publisher:/home/hd/ros2_foxy/install/rqt_plot:/home/hd/ros2_foxy/install/rqt_action:/home/hd/ros2_foxy/install/rqt_msg:/home/hd/ros2_foxy/install/rqt_console:/home/hd/ros2_foxy/install/rqt:/home/hd/ros2_foxy/install/rqt_graph:/home/hd/ros2_foxy/install/rqt_gui_py:/home/hd/ros2_foxy/install/rqt_gui:/home/hd/ros2_foxy/install/ros2trace:/home/hd/ros2_foxy/install/ros2topic:/home/hd/ros2_foxy/install/ros2test:/home/hd/ros2_foxy/install/ros2component:/home/hd/ros2_foxy/install/ros2param:/home/hd/ros2_foxy/install/ros2lifecycle:/home/hd/ros2_foxy/install/ros2service:/home/hd/ros2_foxy/install/ros2run:/home/hd/ros2_foxy/install/ros2launch:/home/hd/ros2_foxy/install/ros2pkg:/home/hd/ros2_foxy/install/ros2node:/home/hd/ros2_foxy/install/ros2multicast:/home/hd/ros2_foxy/install/ros2interface:/home/hd/ros2_foxy/install/ros2doctor:/home/hd/ros2_foxy/install/ros2action:/home/hd/ros2_foxy/install/ros2cli:/home/hd/ros2_foxy/install/quality_of_service_demo_py:/home/hd/ros2_foxy/install/launch_testing_ros:/home/hd/ros2_foxy/install/launch_ros:/home/hd/ros2_foxy/install/joystick_ros2:/home/hd/ros2_foxy/install/examples_rclpy_minimal_subscriber:/home/hd/ros2_foxy/install/examples_rclpy_minimal_service:/home/hd/ros2_foxy/install/examples_rclpy_minimal_publisher:/home/hd/ros2_foxy/install/examples_rclpy_minimal_client:/home/hd/ros2_foxy/install/examples_rclpy_minimal_action_server:/home/hd/ros2_foxy/install/examples_rclpy_minimal_action_client:/home/hd/ros2_foxy/install/examples_rclpy_executors:/home/hd/ros2_foxy/install/demo_nodes_py:/home/hd/ros2_foxy/install/action_tutorials_py:/home/hd/ros2_foxy/install/ament_uncrustify:/home/hd/ros2_foxy/install/tracetools_trace:/home/hd/ros2_foxy/install/tracetools_read:/home/hd/ros2_foxy/install/test_launch_ros:/home/hd/ros2_foxy/install/sensor_msgs_py:/home/hd/ros2_foxy/install/rpyutils:/home/hd/ros2_foxy/install/rosidl_runtime_py:/home/hd/ros2_foxy/install/launch_yaml:/home/hd/ros2_foxy/install/launch_xml:/home/hd/ros2_foxy/install/launch_testing:/home/hd/ros2_foxy/install/launch:/home/hd/ros2_foxy/install/osrf_pycommon:/home/hd/ros2_foxy/install/domain_coordinator:/home/hd/ros2_foxy/install/ament_xmllint:/home/hd/ros2_foxy/install/ament_pyflakes:/home/hd/ros2_foxy/install/ament_pycodestyle:/home/hd/ros2_foxy/install/ament_pep257:/home/hd/ros2_foxy/install/ament_pclint:/home/hd/ros2_foxy/install/ament_package:/home/hd/ros2_foxy/install/ament_mypy:/home/hd/ros2_foxy/install/ament_lint_cmake:/home/hd/ros2_foxy/install/ament_flake8:/home/hd/ros2_foxy/install/ament_copyright:/home/hd/ros2_foxy/install/ament_lint:/home/hd/ros2_foxy/install/ament_index_python:/home/hd/ros2_foxy/install/ament_cpplint:/home/hd/ros2_foxy/install/ament_cppcheck:/home/hd/ros2_foxy/install/ament_clang_tidy:/home/hd/ros2_foxy/install/ament_clang_format /usr/bin/cmake --install /home/hd/Desktop/Motor_Control/motor_controls.ws/build/coucou
