[0.099s] Invoking command in '/home/hd/Desktop/Motor_Control/motor_controls.ws/build/motor_control_interfaces': CMAKE_PREFIX_PATH=${CMAKE_PREFIX_PATH}:/opt/ros/foxy:/home/hd/ros2_foxy/install/ros2bag:/home/hd/ros2_foxy/install/tracetools_launch:/home/hd/ros2_foxy/install/topic_monitor:/home/hd/ros2_foxy/install/examples_tf2_py:/home/hd/ros2_foxy/install/sros2:/home/hd/ros2_foxy/install/rqt_topic:/home/hd/ros2_foxy/install/rqt_top:/home/hd/ros2_foxy/install/rqt_srv:/home/hd/ros2_foxy/install/rqt_shell:/home/hd/ros2_foxy/install/rqt_service_caller:/home/hd/ros2_foxy/install/rqt_reconfigure:/home/hd/ros2_foxy/install/rqt_py_console:/home/hd/ros2_foxy/install/rqt_publisher:/home/hd/ros2_foxy/install/rqt_plot:/home/hd/ros2_foxy/install/rqt_action:/home/hd/ros2_foxy/install/rqt_msg:/home/hd/ros2_foxy/install/rqt_console:/home/hd/ros2_foxy/install/rqt:/home/hd/ros2_foxy/install/rqt_graph:/home/hd/ros2_foxy/install/rqt_gui_py:/home/hd/ros2_foxy/install/rqt_gui:/home/hd/ros2_foxy/install/ros2trace:/home/hd/ros2_foxy/install/ros2topic:/home/hd/ros2_foxy/install/ros2test:/home/hd/ros2_foxy/install/ros2component:/home/hd/ros2_foxy/install/ros2param:/home/hd/ros2_foxy/install/ros2lifecycle:/home/hd/ros2_foxy/install/ros2service:/home/hd/ros2_foxy/install/ros2run:/home/hd/ros2_foxy/install/ros2launch:/home/hd/ros2_foxy/install/ros2pkg:/home/hd/ros2_foxy/install/ros2node:/home/hd/ros2_foxy/install/ros2multicast:/home/hd/ros2_foxy/install/ros2interface:/home/hd/ros2_foxy/install/ros2doctor:/home/hd/ros2_foxy/install/ros2action:/home/hd/ros2_foxy/install/ros2cli:/home/hd/ros2_foxy/install/quality_of_service_demo_py:/home/hd/ros2_foxy/install/launch_testing_ros:/home/hd/ros2_foxy/install/launch_ros:/home/hd/ros2_foxy/install/joystick_ros2:/home/hd/ros2_foxy/install/examples_rclpy_minimal_subscriber:/home/hd/ros2_foxy/install/examples_rclpy_minimal_service:/home/hd/ros2_foxy/install/examples_rclpy_minimal_publisher:/home/hd/ros2_foxy/install/examples_rclpy_minimal_client:/home/hd/ros2_foxy/install/examples_rclpy_minimal_action_server:/home/hd/ros2_foxy/install/examples_rclpy_minimal_action_client:/home/hd/ros2_foxy/install/examples_rclpy_executors:/home/hd/ros2_foxy/install/demo_nodes_py:/home/hd/ros2_foxy/install/action_tutorials_py:/home/hd/ros2_foxy/install/ament_uncrustify:/home/hd/ros2_foxy/install/tracetools_trace:/home/hd/ros2_foxy/install/tracetools_read:/home/hd/ros2_foxy/install/test_launch_ros:/home/hd/ros2_foxy/install/sensor_msgs_py:/home/hd/ros2_foxy/install/rpyutils:/home/hd/ros2_foxy/install/rosidl_runtime_py:/home/hd/ros2_foxy/install/launch_yaml:/home/hd/ros2_foxy/install/launch_xml:/home/hd/ros2_foxy/install/launch_testing:/home/hd/ros2_foxy/install/launch:/home/hd/ros2_foxy/install/osrf_pycommon:/home/hd/ros2_foxy/install/domain_coordinator:/home/hd/ros2_foxy/install/ament_xmllint:/home/hd/ros2_foxy/install/ament_pyflakes:/home/hd/ros2_foxy/install/ament_pycodestyle:/home/hd/ros2_foxy/install/ament_pep257:/home/hd/ros2_foxy/install/ament_pclint:/home/hd/ros2_foxy/install/ament_package:/home/hd/ros2_foxy/install/ament_mypy:/home/hd/ros2_foxy/install/ament_lint_cmake:/home/hd/ros2_foxy/install/ament_flake8:/home/hd/ros2_foxy/install/ament_copyright:/home/hd/ros2_foxy/install/ament_lint:/home/hd/ros2_foxy/install/ament_index_python:/home/hd/ros2_foxy/install/ament_cpplint:/home/hd/ros2_foxy/install/ament_cppcheck:/home/hd/ros2_foxy/install/ament_clang_tidy:/home/hd/ros2_foxy/install/ament_clang_format /usr/bin/cmake /home/hd/Desktop/Motor_Control/motor_controls.ws/src/motor_control_interfaces -DCMAKE_INSTALL_PREFIX=/home/hd/Desktop/Motor_Control/motor_controls.ws/install/motor_control_interfaces
[0.311s] -- The C compiler identification is GNU 9.4.0
[0.752s] -- The CXX compiler identification is GNU 9.4.0
[0.785s] -- Check for working C compiler: /usr/bin/cc
[1.068s] -- Check for working C compiler: /usr/bin/cc -- works
[1.075s] -- Detecting C compiler ABI info
[1.251s] -- Detecting C compiler ABI info - done
[1.272s] -- Detecting C compile features
[1.273s] -- Detecting C compile features - done
[1.276s] -- Check for working CXX compiler: /usr/bin/c++
[1.461s] -- Check for working CXX compiler: /usr/bin/c++ -- works
[1.462s] -- Detecting CXX compiler ABI info
[1.687s] -- Detecting CXX compiler ABI info - done
[1.701s] -- Detecting CXX compile features
[1.702s] -- Detecting CXX compile features - done
[1.726s] -- Found ament_cmake: 0.9.11 (/home/hd/ros2_foxy/install/ament_cmake/share/ament_cmake/cmake)
[2.131s] -- Found PythonInterp: /usr/bin/python3 (found suitable version "3.8.10", minimum required is "3") 
[2.131s] -- Using PYTHON_EXECUTABLE: /usr/bin/python3
[2.929s] -- Found rosidl_default_generators: 1.0.1 (/home/hd/ros2_foxy/install/rosidl_default_generators/share/rosidl_default_generators/cmake)
[3.051s] -- Using all available rosidl_typesupport_c: rosidl_typesupport_fastrtps_c;rosidl_typesupport_introspection_c
[3.096s] -- Found rosidl_adapter: 1.3.0 (/home/hd/ros2_foxy/install/rosidl_adapter/share/rosidl_adapter/cmake)
[3.519s] -- Found OpenSSL: /usr/lib/x86_64-linux-gnu/libcrypto.so (found version "1.1.1f")  
[3.587s] -- Found FastRTPS: /home/hd/ros2_foxy/install/fastrtps/include  
[3.801s] -- Using all available rosidl_typesupport_cpp: rosidl_typesupport_fastrtps_cpp;rosidl_typesupport_introspection_cpp
[4.172s] -- Found PythonInterp: /usr/bin/python3 (found version "3.8.10") 
[5.027s] -- Found ament_cmake_ros: 0.9.2 (/home/hd/ros2_foxy/install/ament_cmake_ros/share/ament_cmake_ros/cmake)
[5.478s] -- Using all available rosidl_typesupport_c: rosidl_typesupport_fastrtps_c;rosidl_typesupport_introspection_c
[5.636s] -- Using all available rosidl_typesupport_cpp: rosidl_typesupport_fastrtps_cpp;rosidl_typesupport_introspection_cpp
[6.013s] -- Found PythonInterp: /usr/bin/python3 (found suitable version "3.8.10", minimum required is "3.5") 
[6.025s] -- Found python_cmake_module: 0.8.1 (/home/hd/ros2_foxy/install/python_cmake_module/share/python_cmake_module/cmake)
[6.376s] -- Found PythonLibs: /usr/lib/x86_64-linux-gnu/libpython3.8.so (found suitable version "3.8.10", minimum required is "3.5") 
[6.377s] -- Using PYTHON_EXECUTABLE: /usr/bin/python3
[6.377s] -- Using PYTHON_INCLUDE_DIRS: /usr/include/python3.8
[6.377s] -- Using PYTHON_LIBRARIES: /usr/lib/x86_64-linux-gnu/libpython3.8.so
[6.720s] -- Found PythonExtra: .so  
[7.468s] -- Configuring done
[7.517s] -- Generating done
[7.522s] -- Build files have been written to: /home/hd/Desktop/Motor_Control/motor_controls.ws/build/motor_control_interfaces
[7.534s] Invoked command in '/home/hd/Desktop/Motor_Control/motor_controls.ws/build/motor_control_interfaces' returned '0': CMAKE_PREFIX_PATH=${CMAKE_PREFIX_PATH}:/opt/ros/foxy:/home/hd/ros2_foxy/install/ros2bag:/home/hd/ros2_foxy/install/tracetools_launch:/home/hd/ros2_foxy/install/topic_monitor:/home/hd/ros2_foxy/install/examples_tf2_py:/home/hd/ros2_foxy/install/sros2:/home/hd/ros2_foxy/install/rqt_topic:/home/hd/ros2_foxy/install/rqt_top:/home/hd/ros2_foxy/install/rqt_srv:/home/hd/ros2_foxy/install/rqt_shell:/home/hd/ros2_foxy/install/rqt_service_caller:/home/hd/ros2_foxy/install/rqt_reconfigure:/home/hd/ros2_foxy/install/rqt_py_console:/home/hd/ros2_foxy/install/rqt_publisher:/home/hd/ros2_foxy/install/rqt_plot:/home/hd/ros2_foxy/install/rqt_action:/home/hd/ros2_foxy/install/rqt_msg:/home/hd/ros2_foxy/install/rqt_console:/home/hd/ros2_foxy/install/rqt:/home/hd/ros2_foxy/install/rqt_graph:/home/hd/ros2_foxy/install/rqt_gui_py:/home/hd/ros2_foxy/install/rqt_gui:/home/hd/ros2_foxy/install/ros2trace:/home/hd/ros2_foxy/install/ros2topic:/home/hd/ros2_foxy/install/ros2test:/home/hd/ros2_foxy/install/ros2component:/home/hd/ros2_foxy/install/ros2param:/home/hd/ros2_foxy/install/ros2lifecycle:/home/hd/ros2_foxy/install/ros2service:/home/hd/ros2_foxy/install/ros2run:/home/hd/ros2_foxy/install/ros2launch:/home/hd/ros2_foxy/install/ros2pkg:/home/hd/ros2_foxy/install/ros2node:/home/hd/ros2_foxy/install/ros2multicast:/home/hd/ros2_foxy/install/ros2interface:/home/hd/ros2_foxy/install/ros2doctor:/home/hd/ros2_foxy/install/ros2action:/home/hd/ros2_foxy/install/ros2cli:/home/hd/ros2_foxy/install/quality_of_service_demo_py:/home/hd/ros2_foxy/install/launch_testing_ros:/home/hd/ros2_foxy/install/launch_ros:/home/hd/ros2_foxy/install/joystick_ros2:/home/hd/ros2_foxy/install/examples_rclpy_minimal_subscriber:/home/hd/ros2_foxy/install/examples_rclpy_minimal_service:/home/hd/ros2_foxy/install/examples_rclpy_minimal_publisher:/home/hd/ros2_foxy/install/examples_rclpy_minimal_client:/home/hd/ros2_foxy/install/examples_rclpy_minimal_action_server:/home/hd/ros2_foxy/install/examples_rclpy_minimal_action_client:/home/hd/ros2_foxy/install/examples_rclpy_executors:/home/hd/ros2_foxy/install/demo_nodes_py:/home/hd/ros2_foxy/install/action_tutorials_py:/home/hd/ros2_foxy/install/ament_uncrustify:/home/hd/ros2_foxy/install/tracetools_trace:/home/hd/ros2_foxy/install/tracetools_read:/home/hd/ros2_foxy/install/test_launch_ros:/home/hd/ros2_foxy/install/sensor_msgs_py:/home/hd/ros2_foxy/install/rpyutils:/home/hd/ros2_foxy/install/rosidl_runtime_py:/home/hd/ros2_foxy/install/launch_yaml:/home/hd/ros2_foxy/install/launch_xml:/home/hd/ros2_foxy/install/launch_testing:/home/hd/ros2_foxy/install/launch:/home/hd/ros2_foxy/install/osrf_pycommon:/home/hd/ros2_foxy/install/domain_coordinator:/home/hd/ros2_foxy/install/ament_xmllint:/home/hd/ros2_foxy/install/ament_pyflakes:/home/hd/ros2_foxy/install/ament_pycodestyle:/home/hd/ros2_foxy/install/ament_pep257:/home/hd/ros2_foxy/install/ament_pclint:/home/hd/ros2_foxy/install/ament_package:/home/hd/ros2_foxy/install/ament_mypy:/home/hd/ros2_foxy/install/ament_lint_cmake:/home/hd/ros2_foxy/install/ament_flake8:/home/hd/ros2_foxy/install/ament_copyright:/home/hd/ros2_foxy/install/ament_lint:/home/hd/ros2_foxy/install/ament_index_python:/home/hd/ros2_foxy/install/ament_cpplint:/home/hd/ros2_foxy/install/ament_cppcheck:/home/hd/ros2_foxy/install/ament_clang_tidy:/home/hd/ros2_foxy/install/ament_clang_format /usr/bin/cmake /home/hd/Desktop/Motor_Control/motor_controls.ws/src/motor_control_interfaces -DCMAKE_INSTALL_PREFIX=/home/hd/Desktop/Motor_Control/motor_controls.ws/install/motor_control_interfaces
[7.535s] Invoking command in '/home/hd/Desktop/Motor_Control/motor_controls.ws/build/motor_control_interfaces': CMAKE_PREFIX_PATH=${CMAKE_PREFIX_PATH}:/opt/ros/foxy:/home/hd/ros2_foxy/install/ros2bag:/home/hd/ros2_foxy/install/tracetools_launch:/home/hd/ros2_foxy/install/topic_monitor:/home/hd/ros2_foxy/install/examples_tf2_py:/home/hd/ros2_foxy/install/sros2:/home/hd/ros2_foxy/install/rqt_topic:/home/hd/ros2_foxy/install/rqt_top:/home/hd/ros2_foxy/install/rqt_srv:/home/hd/ros2_foxy/install/rqt_shell:/home/hd/ros2_foxy/install/rqt_service_caller:/home/hd/ros2_foxy/install/rqt_reconfigure:/home/hd/ros2_foxy/install/rqt_py_console:/home/hd/ros2_foxy/install/rqt_publisher:/home/hd/ros2_foxy/install/rqt_plot:/home/hd/ros2_foxy/install/rqt_action:/home/hd/ros2_foxy/install/rqt_msg:/home/hd/ros2_foxy/install/rqt_console:/home/hd/ros2_foxy/install/rqt:/home/hd/ros2_foxy/install/rqt_graph:/home/hd/ros2_foxy/install/rqt_gui_py:/home/hd/ros2_foxy/install/rqt_gui:/home/hd/ros2_foxy/install/ros2trace:/home/hd/ros2_foxy/install/ros2topic:/home/hd/ros2_foxy/install/ros2test:/home/hd/ros2_foxy/install/ros2component:/home/hd/ros2_foxy/install/ros2param:/home/hd/ros2_foxy/install/ros2lifecycle:/home/hd/ros2_foxy/install/ros2service:/home/hd/ros2_foxy/install/ros2run:/home/hd/ros2_foxy/install/ros2launch:/home/hd/ros2_foxy/install/ros2pkg:/home/hd/ros2_foxy/install/ros2node:/home/hd/ros2_foxy/install/ros2multicast:/home/hd/ros2_foxy/install/ros2interface:/home/hd/ros2_foxy/install/ros2doctor:/home/hd/ros2_foxy/install/ros2action:/home/hd/ros2_foxy/install/ros2cli:/home/hd/ros2_foxy/install/quality_of_service_demo_py:/home/hd/ros2_foxy/install/launch_testing_ros:/home/hd/ros2_foxy/install/launch_ros:/home/hd/ros2_foxy/install/joystick_ros2:/home/hd/ros2_foxy/install/examples_rclpy_minimal_subscriber:/home/hd/ros2_foxy/install/examples_rclpy_minimal_service:/home/hd/ros2_foxy/install/examples_rclpy_minimal_publisher:/home/hd/ros2_foxy/install/examples_rclpy_minimal_client:/home/hd/ros2_foxy/install/examples_rclpy_minimal_action_server:/home/hd/ros2_foxy/install/examples_rclpy_minimal_action_client:/home/hd/ros2_foxy/install/examples_rclpy_executors:/home/hd/ros2_foxy/install/demo_nodes_py:/home/hd/ros2_foxy/install/action_tutorials_py:/home/hd/ros2_foxy/install/ament_uncrustify:/home/hd/ros2_foxy/install/tracetools_trace:/home/hd/ros2_foxy/install/tracetools_read:/home/hd/ros2_foxy/install/test_launch_ros:/home/hd/ros2_foxy/install/sensor_msgs_py:/home/hd/ros2_foxy/install/rpyutils:/home/hd/ros2_foxy/install/rosidl_runtime_py:/home/hd/ros2_foxy/install/launch_yaml:/home/hd/ros2_foxy/install/launch_xml:/home/hd/ros2_foxy/install/launch_testing:/home/hd/ros2_foxy/install/launch:/home/hd/ros2_foxy/install/osrf_pycommon:/home/hd/ros2_foxy/install/domain_coordinator:/home/hd/ros2_foxy/install/ament_xmllint:/home/hd/ros2_foxy/install/ament_pyflakes:/home/hd/ros2_foxy/install/ament_pycodestyle:/home/hd/ros2_foxy/install/ament_pep257:/home/hd/ros2_foxy/install/ament_pclint:/home/hd/ros2_foxy/install/ament_package:/home/hd/ros2_foxy/install/ament_mypy:/home/hd/ros2_foxy/install/ament_lint_cmake:/home/hd/ros2_foxy/install/ament_flake8:/home/hd/ros2_foxy/install/ament_copyright:/home/hd/ros2_foxy/install/ament_lint:/home/hd/ros2_foxy/install/ament_index_python:/home/hd/ros2_foxy/install/ament_cpplint:/home/hd/ros2_foxy/install/ament_cppcheck:/home/hd/ros2_foxy/install/ament_clang_tidy:/home/hd/ros2_foxy/install/ament_clang_format /usr/bin/cmake --build /home/hd/Desktop/Motor_Control/motor_controls.ws/build/motor_control_interfaces -- -j2 -l2
[7.637s] [  2%] [34m[1mGenerating C code for ROS interfaces[0m
[7.638s] [35m[1mScanning dependencies of target motor_control_interfaces__cpp[0m
[7.666s] [  5%] [34m[1mGenerating C++ code for ROS interfaces[0m
[8.445s] [  5%] Built target motor_control_interfaces__cpp
[8.476s] [  7%] [34m[1mGenerating C++ type support for eProsima Fast-RTPS[0m
[8.536s] [35m[1mScanning dependencies of target motor_control_interfaces__rosidl_generator_c[0m
[8.566s] [ 10%] [32mBuilding C object CMakeFiles/motor_control_interfaces__rosidl_generator_c.dir/rosidl_generator_c/motor_control_interfaces/msg/detail/motor_command__functions.c.o[0m
[8.636s] [ 12%] [32mBuilding C object CMakeFiles/motor_control_interfaces__rosidl_generator_c.dir/rosidl_generator_c/motor_control_interfaces/msg/detail/motor_data__functions.c.o[0m
[8.704s] [ 15%] [32m[1mLinking C shared library libmotor_control_interfaces__rosidl_generator_c.so[0m
[8.775s] [ 15%] Built target motor_control_interfaces__rosidl_generator_c
[8.799s] [ 17%] [34m[1mGenerating C++ introspection for ROS interfaces[0m
[9.199s] [35m[1mScanning dependencies of target motor_control_interfaces__rosidl_typesupport_fastrtps_cpp[0m
[9.232s] [ 20%] [32mBuilding CXX object CMakeFiles/motor_control_interfaces__rosidl_typesupport_fastrtps_cpp.dir/rosidl_typesupport_fastrtps_cpp/motor_control_interfaces/msg/detail/dds_fastrtps/motor_command__type_support.cpp.o[0m
[9.459s] [35m[1mScanning dependencies of target motor_control_interfaces__rosidl_typesupport_introspection_cpp[0m
[9.488s] [ 23%] [32mBuilding CXX object CMakeFiles/motor_control_interfaces__rosidl_typesupport_introspection_cpp.dir/rosidl_typesupport_introspection_cpp/motor_control_interfaces/msg/detail/motor_command__type_support.cpp.o[0m
[9.900s] [ 25%] [32mBuilding CXX object CMakeFiles/motor_control_interfaces__rosidl_typesupport_introspection_cpp.dir/rosidl_typesupport_introspection_cpp/motor_control_interfaces/msg/detail/motor_data__type_support.cpp.o[0m
[9.934s] [ 28%] [32mBuilding CXX object CMakeFiles/motor_control_interfaces__rosidl_typesupport_fastrtps_cpp.dir/rosidl_typesupport_fastrtps_cpp/motor_control_interfaces/msg/detail/dds_fastrtps/motor_data__type_support.cpp.o[0m
[10.189s] [ 30%] [32m[1mLinking CXX shared library libmotor_control_interfaces__rosidl_typesupport_introspection_cpp.so[0m
[10.292s] [ 30%] Built target motor_control_interfaces__rosidl_typesupport_introspection_cpp
[10.321s] [ 33%] [34m[1mGenerating C++ type support dispatch for ROS interfaces[0m
[10.409s] [ 35%] [32m[1mLinking CXX shared library libmotor_control_interfaces__rosidl_typesupport_fastrtps_cpp.so[0m
[10.704s] [ 35%] Built target motor_control_interfaces__rosidl_typesupport_fastrtps_cpp
[10.727s] [ 38%] [34m[1mGenerating C type support dispatch for ROS interfaces[0m
[10.957s] [35m[1mScanning dependencies of target motor_control_interfaces__rosidl_typesupport_cpp[0m
[10.986s] [ 41%] [32mBuilding CXX object CMakeFiles/motor_control_interfaces__rosidl_typesupport_cpp.dir/rosidl_typesupport_cpp/motor_control_interfaces/msg/motor_command__type_support.cpp.o[0m
[11.268s] [ 43%] [32mBuilding CXX object CMakeFiles/motor_control_interfaces__rosidl_typesupport_cpp.dir/rosidl_typesupport_cpp/motor_control_interfaces/msg/motor_data__type_support.cpp.o[0m
[11.373s] [35m[1mScanning dependencies of target motor_control_interfaces__rosidl_typesupport_c[0m
[11.401s] [ 46%] [32mBuilding CXX object CMakeFiles/motor_control_interfaces__rosidl_typesupport_c.dir/rosidl_typesupport_c/motor_control_interfaces/msg/motor_command__type_support.cpp.o[0m
[11.461s] [ 48%] [32mBuilding CXX object CMakeFiles/motor_control_interfaces__rosidl_typesupport_c.dir/rosidl_typesupport_c/motor_control_interfaces/msg/motor_data__type_support.cpp.o[0m
[11.517s] [ 51%] [32m[1mLinking CXX shared library libmotor_control_interfaces__rosidl_typesupport_c.so[0m
[11.579s] [ 53%] [32m[1mLinking CXX shared library libmotor_control_interfaces__rosidl_typesupport_cpp.so[0m
[11.604s] [ 53%] Built target motor_control_interfaces__rosidl_typesupport_c
[11.633s] [ 56%] [34m[1mGenerating C introspection for ROS interfaces[0m
[11.657s] [ 56%] Built target motor_control_interfaces__rosidl_typesupport_cpp
[11.684s] [ 58%] [34m[1mGenerating C type support for eProsima Fast-RTPS[0m
[12.321s] [35m[1mScanning dependencies of target motor_control_interfaces__rosidl_typesupport_introspection_c[0m
[12.336s] [35m[1mScanning dependencies of target motor_control_interfaces__rosidl_typesupport_fastrtps_c[0m
[12.356s] [ 61%] [32mBuilding C object CMakeFiles/motor_control_interfaces__rosidl_typesupport_introspection_c.dir/rosidl_typesupport_introspection_c/motor_control_interfaces/msg/detail/motor_command__type_support.c.o[0m
[12.367s] [ 64%] [32mBuilding CXX object CMakeFiles/motor_control_interfaces__rosidl_typesupport_fastrtps_c.dir/rosidl_typesupport_fastrtps_c/motor_control_interfaces/msg/detail/motor_command__type_support_c.cpp.o[0m
[12.428s] [ 66%] [32mBuilding C object CMakeFiles/motor_control_interfaces__rosidl_typesupport_introspection_c.dir/rosidl_typesupport_introspection_c/motor_control_interfaces/msg/detail/motor_data__type_support.c.o[0m
[12.482s] [ 69%] [32m[1mLinking C shared library libmotor_control_interfaces__rosidl_typesupport_introspection_c.so[0m
[12.647s] [ 69%] Built target motor_control_interfaces__rosidl_typesupport_introspection_c
[12.673s] [ 71%] [32mBuilding CXX object CMakeFiles/motor_control_interfaces__rosidl_typesupport_fastrtps_c.dir/rosidl_typesupport_fastrtps_c/motor_control_interfaces/msg/detail/motor_data__type_support_c.cpp.o[0m
[13.041s] [ 74%] [32m[1mLinking CXX shared library libmotor_control_interfaces__rosidl_typesupport_fastrtps_c.so[0m
[13.154s] [ 74%] Built target motor_control_interfaces__rosidl_typesupport_fastrtps_c
[13.179s] [35m[1mScanning dependencies of target motor_control_interfaces[0m
[13.203s] [ 74%] Built target motor_control_interfaces
[13.230s] [35m[1mScanning dependencies of target motor_control_interfaces__py[0m
[13.269s] [ 76%] [34m[1mGenerating Python code for ROS interfaces[0m
[14.473s] [ 76%] Built target motor_control_interfaces__py
[14.501s] [35m[1mScanning dependencies of target motor_control_interfaces__python[0m
[14.544s] [ 79%] [32mBuilding C object CMakeFiles/motor_control_interfaces__python.dir/rosidl_generator_py/motor_control_interfaces/msg/_motor_command_s.c.o[0m
[14.551s] [ 82%] [32mBuilding C object CMakeFiles/motor_control_interfaces__python.dir/rosidl_generator_py/motor_control_interfaces/msg/_motor_data_s.c.o[0m
[14.668s] [ 84%] [32m[1mLinking C shared library rosidl_generator_py/motor_control_interfaces/libmotor_control_interfaces__python.so[0m
[14.740s] [ 84%] Built target motor_control_interfaces__python
[14.765s] [35m[1mScanning dependencies of target motor_control_interfaces__rosidl_typesupport_c__pyext[0m
[14.766s] [35m[1mScanning dependencies of target motor_control_interfaces__rosidl_typesupport_introspection_c__pyext[0m
[14.805s] [ 87%] [32mBuilding C object CMakeFiles/motor_control_interfaces__rosidl_typesupport_introspection_c__pyext.dir/rosidl_generator_py/motor_control_interfaces/_motor_control_interfaces_s.ep.rosidl_typesupport_introspection_c.c.o[0m
[14.820s] [ 89%] [32mBuilding C object CMakeFiles/motor_control_interfaces__rosidl_typesupport_c__pyext.dir/rosidl_generator_py/motor_control_interfaces/_motor_control_interfaces_s.ep.rosidl_typesupport_c.c.o[0m
[14.915s] [ 92%] [32m[1mLinking C shared library rosidl_generator_py/motor_control_interfaces/motor_control_interfaces_s__rosidl_typesupport_introspection_c.cpython-38-x86_64-linux-gnu.so[0m
[14.927s] [ 94%] [32m[1mLinking C shared library rosidl_generator_py/motor_control_interfaces/motor_control_interfaces_s__rosidl_typesupport_c.cpython-38-x86_64-linux-gnu.so[0m
[14.990s] [ 94%] Built target motor_control_interfaces__rosidl_typesupport_c__pyext
[14.991s] [ 94%] Built target motor_control_interfaces__rosidl_typesupport_introspection_c__pyext
[15.016s] [35m[1mScanning dependencies of target motor_control_interfaces__rosidl_typesupport_fastrtps_c__pyext[0m
[15.058s] [ 97%] [32mBuilding C object CMakeFiles/motor_control_interfaces__rosidl_typesupport_fastrtps_c__pyext.dir/rosidl_generator_py/motor_control_interfaces/_motor_control_interfaces_s.ep.rosidl_typesupport_fastrtps_c.c.o[0m
[15.166s] [100%] [32m[1mLinking CXX shared library rosidl_generator_py/motor_control_interfaces/motor_control_interfaces_s__rosidl_typesupport_fastrtps_c.cpython-38-x86_64-linux-gnu.so[0m
[15.260s] [100%] Built target motor_control_interfaces__rosidl_typesupport_fastrtps_c__pyext
[15.293s] Invoked command in '/home/hd/Desktop/Motor_Control/motor_controls.ws/build/motor_control_interfaces' returned '0': CMAKE_PREFIX_PATH=${CMAKE_PREFIX_PATH}:/opt/ros/foxy:/home/hd/ros2_foxy/install/ros2bag:/home/hd/ros2_foxy/install/tracetools_launch:/home/hd/ros2_foxy/install/topic_monitor:/home/hd/ros2_foxy/install/examples_tf2_py:/home/hd/ros2_foxy/install/sros2:/home/hd/ros2_foxy/install/rqt_topic:/home/hd/ros2_foxy/install/rqt_top:/home/hd/ros2_foxy/install/rqt_srv:/home/hd/ros2_foxy/install/rqt_shell:/home/hd/ros2_foxy/install/rqt_service_caller:/home/hd/ros2_foxy/install/rqt_reconfigure:/home/hd/ros2_foxy/install/rqt_py_console:/home/hd/ros2_foxy/install/rqt_publisher:/home/hd/ros2_foxy/install/rqt_plot:/home/hd/ros2_foxy/install/rqt_action:/home/hd/ros2_foxy/install/rqt_msg:/home/hd/ros2_foxy/install/rqt_console:/home/hd/ros2_foxy/install/rqt:/home/hd/ros2_foxy/install/rqt_graph:/home/hd/ros2_foxy/install/rqt_gui_py:/home/hd/ros2_foxy/install/rqt_gui:/home/hd/ros2_foxy/install/ros2trace:/home/hd/ros2_foxy/install/ros2topic:/home/hd/ros2_foxy/install/ros2test:/home/hd/ros2_foxy/install/ros2component:/home/hd/ros2_foxy/install/ros2param:/home/hd/ros2_foxy/install/ros2lifecycle:/home/hd/ros2_foxy/install/ros2service:/home/hd/ros2_foxy/install/ros2run:/home/hd/ros2_foxy/install/ros2launch:/home/hd/ros2_foxy/install/ros2pkg:/home/hd/ros2_foxy/install/ros2node:/home/hd/ros2_foxy/install/ros2multicast:/home/hd/ros2_foxy/install/ros2interface:/home/hd/ros2_foxy/install/ros2doctor:/home/hd/ros2_foxy/install/ros2action:/home/hd/ros2_foxy/install/ros2cli:/home/hd/ros2_foxy/install/quality_of_service_demo_py:/home/hd/ros2_foxy/install/launch_testing_ros:/home/hd/ros2_foxy/install/launch_ros:/home/hd/ros2_foxy/install/joystick_ros2:/home/hd/ros2_foxy/install/examples_rclpy_minimal_subscriber:/home/hd/ros2_foxy/install/examples_rclpy_minimal_service:/home/hd/ros2_foxy/install/examples_rclpy_minimal_publisher:/home/hd/ros2_foxy/install/examples_rclpy_minimal_client:/home/hd/ros2_foxy/install/examples_rclpy_minimal_action_server:/home/hd/ros2_foxy/install/examples_rclpy_minimal_action_client:/home/hd/ros2_foxy/install/examples_rclpy_executors:/home/hd/ros2_foxy/install/demo_nodes_py:/home/hd/ros2_foxy/install/action_tutorials_py:/home/hd/ros2_foxy/install/ament_uncrustify:/home/hd/ros2_foxy/install/tracetools_trace:/home/hd/ros2_foxy/install/tracetools_read:/home/hd/ros2_foxy/install/test_launch_ros:/home/hd/ros2_foxy/install/sensor_msgs_py:/home/hd/ros2_foxy/install/rpyutils:/home/hd/ros2_foxy/install/rosidl_runtime_py:/home/hd/ros2_foxy/install/launch_yaml:/home/hd/ros2_foxy/install/launch_xml:/home/hd/ros2_foxy/install/launch_testing:/home/hd/ros2_foxy/install/launch:/home/hd/ros2_foxy/install/osrf_pycommon:/home/hd/ros2_foxy/install/domain_coordinator:/home/hd/ros2_foxy/install/ament_xmllint:/home/hd/ros2_foxy/install/ament_pyflakes:/home/hd/ros2_foxy/install/ament_pycodestyle:/home/hd/ros2_foxy/install/ament_pep257:/home/hd/ros2_foxy/install/ament_pclint:/home/hd/ros2_foxy/install/ament_package:/home/hd/ros2_foxy/install/ament_mypy:/home/hd/ros2_foxy/install/ament_lint_cmake:/home/hd/ros2_foxy/install/ament_flake8:/home/hd/ros2_foxy/install/ament_copyright:/home/hd/ros2_foxy/install/ament_lint:/home/hd/ros2_foxy/install/ament_index_python:/home/hd/ros2_foxy/install/ament_cpplint:/home/hd/ros2_foxy/install/ament_cppcheck:/home/hd/ros2_foxy/install/ament_clang_tidy:/home/hd/ros2_foxy/install/ament_clang_format /usr/bin/cmake --build /home/hd/Desktop/Motor_Control/motor_controls.ws/build/motor_control_interfaces -- -j2 -l2
[15.540s] Invoking command in '/home/hd/Desktop/Motor_Control/motor_controls.ws/build/motor_control_interfaces': CMAKE_PREFIX_PATH=${CMAKE_PREFIX_PATH}:/opt/ros/foxy:/home/hd/ros2_foxy/install/ros2bag:/home/hd/ros2_foxy/install/tracetools_launch:/home/hd/ros2_foxy/install/topic_monitor:/home/hd/ros2_foxy/install/examples_tf2_py:/home/hd/ros2_foxy/install/sros2:/home/hd/ros2_foxy/install/rqt_topic:/home/hd/ros2_foxy/install/rqt_top:/home/hd/ros2_foxy/install/rqt_srv:/home/hd/ros2_foxy/install/rqt_shell:/home/hd/ros2_foxy/install/rqt_service_caller:/home/hd/ros2_foxy/install/rqt_reconfigure:/home/hd/ros2_foxy/install/rqt_py_console:/home/hd/ros2_foxy/install/rqt_publisher:/home/hd/ros2_foxy/install/rqt_plot:/home/hd/ros2_foxy/install/rqt_action:/home/hd/ros2_foxy/install/rqt_msg:/home/hd/ros2_foxy/install/rqt_console:/home/hd/ros2_foxy/install/rqt:/home/hd/ros2_foxy/install/rqt_graph:/home/hd/ros2_foxy/install/rqt_gui_py:/home/hd/ros2_foxy/install/rqt_gui:/home/hd/ros2_foxy/install/ros2trace:/home/hd/ros2_foxy/install/ros2topic:/home/hd/ros2_foxy/install/ros2test:/home/hd/ros2_foxy/install/ros2component:/home/hd/ros2_foxy/install/ros2param:/home/hd/ros2_foxy/install/ros2lifecycle:/home/hd/ros2_foxy/install/ros2service:/home/hd/ros2_foxy/install/ros2run:/home/hd/ros2_foxy/install/ros2launch:/home/hd/ros2_foxy/install/ros2pkg:/home/hd/ros2_foxy/install/ros2node:/home/hd/ros2_foxy/install/ros2multicast:/home/hd/ros2_foxy/install/ros2interface:/home/hd/ros2_foxy/install/ros2doctor:/home/hd/ros2_foxy/install/ros2action:/home/hd/ros2_foxy/install/ros2cli:/home/hd/ros2_foxy/install/quality_of_service_demo_py:/home/hd/ros2_foxy/install/launch_testing_ros:/home/hd/ros2_foxy/install/launch_ros:/home/hd/ros2_foxy/install/joystick_ros2:/home/hd/ros2_foxy/install/examples_rclpy_minimal_subscriber:/home/hd/ros2_foxy/install/examples_rclpy_minimal_service:/home/hd/ros2_foxy/install/examples_rclpy_minimal_publisher:/home/hd/ros2_foxy/install/examples_rclpy_minimal_client:/home/hd/ros2_foxy/install/examples_rclpy_minimal_action_server:/home/hd/ros2_foxy/install/examples_rclpy_minimal_action_client:/home/hd/ros2_foxy/install/examples_rclpy_executors:/home/hd/ros2_foxy/install/demo_nodes_py:/home/hd/ros2_foxy/install/action_tutorials_py:/home/hd/ros2_foxy/install/ament_uncrustify:/home/hd/ros2_foxy/install/tracetools_trace:/home/hd/ros2_foxy/install/tracetools_read:/home/hd/ros2_foxy/install/test_launch_ros:/home/hd/ros2_foxy/install/sensor_msgs_py:/home/hd/ros2_foxy/install/rpyutils:/home/hd/ros2_foxy/install/rosidl_runtime_py:/home/hd/ros2_foxy/install/launch_yaml:/home/hd/ros2_foxy/install/launch_xml:/home/hd/ros2_foxy/install/launch_testing:/home/hd/ros2_foxy/install/launch:/home/hd/ros2_foxy/install/osrf_pycommon:/home/hd/ros2_foxy/install/domain_coordinator:/home/hd/ros2_foxy/install/ament_xmllint:/home/hd/ros2_foxy/install/ament_pyflakes:/home/hd/ros2_foxy/install/ament_pycodestyle:/home/hd/ros2_foxy/install/ament_pep257:/home/hd/ros2_foxy/install/ament_pclint:/home/hd/ros2_foxy/install/ament_package:/home/hd/ros2_foxy/install/ament_mypy:/home/hd/ros2_foxy/install/ament_lint_cmake:/home/hd/ros2_foxy/install/ament_flake8:/home/hd/ros2_foxy/install/ament_copyright:/home/hd/ros2_foxy/install/ament_lint:/home/hd/ros2_foxy/install/ament_index_python:/home/hd/ros2_foxy/install/ament_cpplint:/home/hd/ros2_foxy/install/ament_cppcheck:/home/hd/ros2_foxy/install/ament_clang_tidy:/home/hd/ros2_foxy/install/ament_clang_format /usr/bin/cmake --install /home/hd/Desktop/Motor_Control/motor_controls.ws/build/motor_control_interfaces
[15.561s] -- Install configuration: ""
[15.562s] -- Installing: /home/hd/Desktop/Motor_Control/motor_controls.ws/install/motor_control_interfaces/share/ament_index/resource_index/rosidl_interfaces/motor_control_interfaces
[15.562s] -- Installing: /home/hd/Desktop/Motor_Control/motor_controls.ws/install/motor_control_interfaces/include/motor_control_interfaces
[15.563s] -- Installing: /home/hd/Desktop/Motor_Control/motor_controls.ws/install/motor_control_interfaces/include/motor_control_interfaces/msg
[15.563s] -- Installing: /home/hd/Desktop/Motor_Control/motor_controls.ws/install/motor_control_interfaces/include/motor_control_interfaces/msg/motor_command.h
[15.563s] -- Installing: /home/hd/Desktop/Motor_Control/motor_controls.ws/install/motor_control_interfaces/include/motor_control_interfaces/msg/motor_data.h
[15.563s] -- Installing: /home/hd/Desktop/Motor_Control/motor_controls.ws/install/motor_control_interfaces/include/motor_control_interfaces/msg/detail
[15.564s] -- Installing: /home/hd/Desktop/Motor_Control/motor_controls.ws/install/motor_control_interfaces/include/motor_control_interfaces/msg/detail/motor_data__struct.h
[15.564s] -- Installing: /home/hd/Desktop/Motor_Control/motor_controls.ws/install/motor_control_interfaces/include/motor_control_interfaces/msg/detail/motor_command__type_support.h
[15.564s] -- Installing: /home/hd/Desktop/Motor_Control/motor_controls.ws/install/motor_control_interfaces/include/motor_control_interfaces/msg/detail/motor_command__struct.h
[15.565s] -- Installing: /home/hd/Desktop/Motor_Control/motor_controls.ws/install/motor_control_interfaces/include/motor_control_interfaces/msg/detail/motor_command__functions.c
[15.565s] -- Installing: /home/hd/Desktop/Motor_Control/motor_controls.ws/install/motor_control_interfaces/include/motor_control_interfaces/msg/detail/motor_data__functions.h
[15.566s] -- Installing: /home/hd/Desktop/Motor_Control/motor_controls.ws/install/motor_control_interfaces/include/motor_control_interfaces/msg/detail/motor_data__functions.c
[15.566s] -- Installing: /home/hd/Desktop/Motor_Control/motor_controls.ws/install/motor_control_interfaces/include/motor_control_interfaces/msg/detail/motor_command__functions.h
[15.566s] -- Installing: /home/hd/Desktop/Motor_Control/motor_controls.ws/install/motor_control_interfaces/include/motor_control_interfaces/msg/detail/motor_data__type_support.h
[15.567s] -- Installing: /home/hd/Desktop/Motor_Control/motor_controls.ws/install/motor_control_interfaces/include/motor_control_interfaces/msg/rosidl_generator_c__visibility_control.h
[15.568s] -- Installing: /home/hd/Desktop/Motor_Control/motor_controls.ws/install/motor_control_interfaces/share/motor_control_interfaces/environment/library_path.sh
[15.568s] -- Installing: /home/hd/Desktop/Motor_Control/motor_controls.ws/install/motor_control_interfaces/share/motor_control_interfaces/environment/library_path.dsv
[15.568s] -- Installing: /home/hd/Desktop/Motor_Control/motor_controls.ws/install/motor_control_interfaces/lib/libmotor_control_interfaces__rosidl_generator_c.so
[15.569s] -- Set runtime path of "/home/hd/Desktop/Motor_Control/motor_controls.ws/install/motor_control_interfaces/lib/libmotor_control_interfaces__rosidl_generator_c.so" to ""
[15.570s] -- Up-to-date: /home/hd/Desktop/Motor_Control/motor_controls.ws/install/motor_control_interfaces/include/motor_control_interfaces
[15.571s] -- Up-to-date: /home/hd/Desktop/Motor_Control/motor_controls.ws/install/motor_control_interfaces/include/motor_control_interfaces/msg
[15.571s] -- Up-to-date: /home/hd/Desktop/Motor_Control/motor_controls.ws/install/motor_control_interfaces/include/motor_control_interfaces/msg/detail
[15.571s] -- Installing: /home/hd/Desktop/Motor_Control/motor_controls.ws/install/motor_control_interfaces/include/motor_control_interfaces/msg/detail/motor_data__rosidl_typesupport_fastrtps_c.h
[15.571s] -- Installing: /home/hd/Desktop/Motor_Control/motor_controls.ws/install/motor_control_interfaces/include/motor_control_interfaces/msg/detail/motor_command__rosidl_typesupport_fastrtps_c.h
[15.571s] -- Installing: /home/hd/Desktop/Motor_Control/motor_controls.ws/install/motor_control_interfaces/include/motor_control_interfaces/msg/rosidl_typesupport_fastrtps_c__visibility_control.h
[15.571s] -- Installing: /home/hd/Desktop/Motor_Control/motor_controls.ws/install/motor_control_interfaces/lib/libmotor_control_interfaces__rosidl_typesupport_fastrtps_c.so
[15.571s] -- Set runtime path of "/home/hd/Desktop/Motor_Control/motor_controls.ws/install/motor_control_interfaces/lib/libmotor_control_interfaces__rosidl_typesupport_fastrtps_c.so" to ""
[15.572s] -- Up-to-date: /home/hd/Desktop/Motor_Control/motor_controls.ws/install/motor_control_interfaces/include/motor_control_interfaces
[15.572s] -- Up-to-date: /home/hd/Desktop/Motor_Control/motor_controls.ws/install/motor_control_interfaces/include/motor_control_interfaces/msg
[15.572s] -- Installing: /home/hd/Desktop/Motor_Control/motor_controls.ws/install/motor_control_interfaces/include/motor_control_interfaces/msg/rosidl_typesupport_fastrtps_cpp__visibility_control.h
[15.572s] -- Up-to-date: /home/hd/Desktop/Motor_Control/motor_controls.ws/install/motor_control_interfaces/include/motor_control_interfaces/msg/detail
[15.572s] -- Installing: /home/hd/Desktop/Motor_Control/motor_controls.ws/install/motor_control_interfaces/include/motor_control_interfaces/msg/detail/motor_command__rosidl_typesupport_fastrtps_cpp.hpp
[15.572s] -- Installing: /home/hd/Desktop/Motor_Control/motor_controls.ws/install/motor_control_interfaces/include/motor_control_interfaces/msg/detail/dds_fastrtps
[15.572s] -- Installing: /home/hd/Desktop/Motor_Control/motor_controls.ws/install/motor_control_interfaces/include/motor_control_interfaces/msg/detail/motor_data__rosidl_typesupport_fastrtps_cpp.hpp
[15.572s] -- Installing: /home/hd/Desktop/Motor_Control/motor_controls.ws/install/motor_control_interfaces/lib/libmotor_control_interfaces__rosidl_typesupport_fastrtps_cpp.so
[15.572s] -- Set runtime path of "/home/hd/Desktop/Motor_Control/motor_controls.ws/install/motor_control_interfaces/lib/libmotor_control_interfaces__rosidl_typesupport_fastrtps_cpp.so" to ""
[15.572s] -- Up-to-date: /home/hd/Desktop/Motor_Control/motor_controls.ws/install/motor_control_interfaces/include/motor_control_interfaces
[15.572s] -- Up-to-date: /home/hd/Desktop/Motor_Control/motor_controls.ws/install/motor_control_interfaces/include/motor_control_interfaces/msg
[15.572s] -- Up-to-date: /home/hd/Desktop/Motor_Control/motor_controls.ws/install/motor_control_interfaces/include/motor_control_interfaces/msg/detail
[15.573s] -- Installing: /home/hd/Desktop/Motor_Control/motor_controls.ws/install/motor_control_interfaces/include/motor_control_interfaces/msg/detail/motor_command__rosidl_typesupport_introspection_c.h
[15.573s] -- Installing: /home/hd/Desktop/Motor_Control/motor_controls.ws/install/motor_control_interfaces/include/motor_control_interfaces/msg/detail/motor_data__type_support.c
[15.573s] -- Installing: /home/hd/Desktop/Motor_Control/motor_controls.ws/install/motor_control_interfaces/include/motor_control_interfaces/msg/detail/motor_command__type_support.c
[15.573s] -- Installing: /home/hd/Desktop/Motor_Control/motor_controls.ws/install/motor_control_interfaces/include/motor_control_interfaces/msg/detail/motor_data__rosidl_typesupport_introspection_c.h
[15.573s] -- Installing: /home/hd/Desktop/Motor_Control/motor_controls.ws/install/motor_control_interfaces/include/motor_control_interfaces/msg/rosidl_typesupport_introspection_c__visibility_control.h
[15.573s] -- Installing: /home/hd/Desktop/Motor_Control/motor_controls.ws/install/motor_control_interfaces/lib/libmotor_control_interfaces__rosidl_typesupport_introspection_c.so
[15.573s] -- Set runtime path of "/home/hd/Desktop/Motor_Control/motor_controls.ws/install/motor_control_interfaces/lib/libmotor_control_interfaces__rosidl_typesupport_introspection_c.so" to ""
[15.573s] -- Installing: /home/hd/Desktop/Motor_Control/motor_controls.ws/install/motor_control_interfaces/lib/libmotor_control_interfaces__rosidl_typesupport_c.so
[15.573s] -- Set runtime path of "/home/hd/Desktop/Motor_Control/motor_controls.ws/install/motor_control_interfaces/lib/libmotor_control_interfaces__rosidl_typesupport_c.so" to ""
[15.573s] -- Up-to-date: /home/hd/Desktop/Motor_Control/motor_controls.ws/install/motor_control_interfaces/include/motor_control_interfaces
[15.574s] -- Up-to-date: /home/hd/Desktop/Motor_Control/motor_controls.ws/install/motor_control_interfaces/include/motor_control_interfaces/msg
[15.574s] -- Installing: /home/hd/Desktop/Motor_Control/motor_controls.ws/install/motor_control_interfaces/include/motor_control_interfaces/msg/motor_command.hpp
[15.575s] -- Up-to-date: /home/hd/Desktop/Motor_Control/motor_controls.ws/install/motor_control_interfaces/include/motor_control_interfaces/msg/detail
[15.575s] -- Installing: /home/hd/Desktop/Motor_Control/motor_controls.ws/install/motor_control_interfaces/include/motor_control_interfaces/msg/detail/motor_data__builder.hpp
[15.576s] -- Installing: /home/hd/Desktop/Motor_Control/motor_controls.ws/install/motor_control_interfaces/include/motor_control_interfaces/msg/detail/motor_command__builder.hpp
[15.576s] -- Installing: /home/hd/Desktop/Motor_Control/motor_controls.ws/install/motor_control_interfaces/include/motor_control_interfaces/msg/detail/motor_data__struct.hpp
[15.577s] -- Installing: /home/hd/Desktop/Motor_Control/motor_controls.ws/install/motor_control_interfaces/include/motor_control_interfaces/msg/detail/motor_data__traits.hpp
[15.577s] -- Installing: /home/hd/Desktop/Motor_Control/motor_controls.ws/install/motor_control_interfaces/include/motor_control_interfaces/msg/detail/motor_command__struct.hpp
[15.578s] -- Installing: /home/hd/Desktop/Motor_Control/motor_controls.ws/install/motor_control_interfaces/include/motor_control_interfaces/msg/detail/motor_command__traits.hpp
[15.579s] -- Installing: /home/hd/Desktop/Motor_Control/motor_controls.ws/install/motor_control_interfaces/include/motor_control_interfaces/msg/motor_data.hpp
[15.579s] -- Up-to-date: /home/hd/Desktop/Motor_Control/motor_controls.ws/install/motor_control_interfaces/include/motor_control_interfaces
[15.579s] -- Up-to-date: /home/hd/Desktop/Motor_Control/motor_controls.ws/install/motor_control_interfaces/include/motor_control_interfaces/msg
[15.579s] -- Up-to-date: /home/hd/Desktop/Motor_Control/motor_controls.ws/install/motor_control_interfaces/include/motor_control_interfaces/msg/detail
[15.580s] -- Installing: /home/hd/Desktop/Motor_Control/motor_controls.ws/install/motor_control_interfaces/include/motor_control_interfaces/msg/detail/motor_data__rosidl_typesupport_introspection_cpp.hpp
[15.580s] -- Installing: /home/hd/Desktop/Motor_Control/motor_controls.ws/install/motor_control_interfaces/include/motor_control_interfaces/msg/detail/motor_command__rosidl_typesupport_introspection_cpp.hpp
[15.581s] -- Installing: /home/hd/Desktop/Motor_Control/motor_controls.ws/install/motor_control_interfaces/include/motor_control_interfaces/msg/detail/motor_command__type_support.cpp
[15.581s] -- Installing: /home/hd/Desktop/Motor_Control/motor_controls.ws/install/motor_control_interfaces/include/motor_control_interfaces/msg/detail/motor_data__type_support.cpp
[15.582s] -- Installing: /home/hd/Desktop/Motor_Control/motor_controls.ws/install/motor_control_interfaces/lib/libmotor_control_interfaces__rosidl_typesupport_introspection_cpp.so
[15.582s] -- Set runtime path of "/home/hd/Desktop/Motor_Control/motor_controls.ws/install/motor_control_interfaces/lib/libmotor_control_interfaces__rosidl_typesupport_introspection_cpp.so" to ""
[15.583s] -- Installing: /home/hd/Desktop/Motor_Control/motor_controls.ws/install/motor_control_interfaces/lib/libmotor_control_interfaces__rosidl_typesupport_cpp.so
[15.584s] -- Set runtime path of "/home/hd/Desktop/Motor_Control/motor_controls.ws/install/motor_control_interfaces/lib/libmotor_control_interfaces__rosidl_typesupport_cpp.so" to ""
[15.584s] -- Installing: /home/hd/Desktop/Motor_Control/motor_controls.ws/install/motor_control_interfaces/share/motor_control_interfaces/environment/pythonpath.sh
[15.584s] -- Installing: /home/hd/Desktop/Motor_Control/motor_controls.ws/install/motor_control_interfaces/share/motor_control_interfaces/environment/pythonpath.dsv
[15.585s] -- Installing: /home/hd/Desktop/Motor_Control/motor_controls.ws/install/motor_control_interfaces/lib/python3.8/site-packages/motor_control_interfaces/__init__.py
[15.908s] Compiling '/home/hd/Desktop/Motor_Control/motor_controls.ws/install/motor_control_interfaces/lib/python3.8/site-packages/motor_control_interfaces/__init__.py'...
[15.916s] -- Installing: /home/hd/Desktop/Motor_Control/motor_controls.ws/install/motor_control_interfaces/lib/python3.8/site-packages/motor_control_interfaces/msg
[15.916s] -- Installing: /home/hd/Desktop/Motor_Control/motor_controls.ws/install/motor_control_interfaces/lib/python3.8/site-packages/motor_control_interfaces/msg/__init__.py
[15.917s] -- Installing: /home/hd/Desktop/Motor_Control/motor_controls.ws/install/motor_control_interfaces/lib/python3.8/site-packages/motor_control_interfaces/msg/_motor_data_s.c
[15.917s] -- Installing: /home/hd/Desktop/Motor_Control/motor_controls.ws/install/motor_control_interfaces/lib/python3.8/site-packages/motor_control_interfaces/msg/_motor_command_s.c
[15.919s] -- Installing: /home/hd/Desktop/Motor_Control/motor_controls.ws/install/motor_control_interfaces/lib/python3.8/site-packages/motor_control_interfaces/msg/_motor_data.py
[15.919s] -- Installing: /home/hd/Desktop/Motor_Control/motor_controls.ws/install/motor_control_interfaces/lib/python3.8/site-packages/motor_control_interfaces/msg/_motor_command.py
[15.920s] -- Installing: /home/hd/Desktop/Motor_Control/motor_controls.ws/install/motor_control_interfaces/lib/python3.8/site-packages/motor_control_interfaces/motor_control_interfaces_s__rosidl_typesupport_fastrtps_c.cpython-38-x86_64-linux-gnu.so
[15.921s] -- Set runtime path of "/home/hd/Desktop/Motor_Control/motor_controls.ws/install/motor_control_interfaces/lib/python3.8/site-packages/motor_control_interfaces/motor_control_interfaces_s__rosidl_typesupport_fastrtps_c.cpython-38-x86_64-linux-gnu.so" to ""
[15.921s] -- Installing: /home/hd/Desktop/Motor_Control/motor_controls.ws/install/motor_control_interfaces/lib/python3.8/site-packages/motor_control_interfaces/motor_control_interfaces_s__rosidl_typesupport_introspection_c.cpython-38-x86_64-linux-gnu.so
[15.922s] -- Set runtime path of "/home/hd/Desktop/Motor_Control/motor_controls.ws/install/motor_control_interfaces/lib/python3.8/site-packages/motor_control_interfaces/motor_control_interfaces_s__rosidl_typesupport_introspection_c.cpython-38-x86_64-linux-gnu.so" to ""
[15.923s] -- Installing: /home/hd/Desktop/Motor_Control/motor_controls.ws/install/motor_control_interfaces/lib/python3.8/site-packages/motor_control_interfaces/motor_control_interfaces_s__rosidl_typesupport_c.cpython-38-x86_64-linux-gnu.so
[15.924s] -- Set runtime path of "/home/hd/Desktop/Motor_Control/motor_controls.ws/install/motor_control_interfaces/lib/python3.8/site-packages/motor_control_interfaces/motor_control_interfaces_s__rosidl_typesupport_c.cpython-38-x86_64-linux-gnu.so" to ""
[15.924s] -- Installing: /home/hd/Desktop/Motor_Control/motor_controls.ws/install/motor_control_interfaces/lib/libmotor_control_interfaces__python.so
[15.925s] -- Set runtime path of "/home/hd/Desktop/Motor_Control/motor_controls.ws/install/motor_control_interfaces/lib/libmotor_control_interfaces__python.so" to ""
[15.927s] -- Installing: /home/hd/Desktop/Motor_Control/motor_controls.ws/install/motor_control_interfaces/share/motor_control_interfaces/msg/MotorCommand.idl
[15.927s] -- Installing: /home/hd/Desktop/Motor_Control/motor_controls.ws/install/motor_control_interfaces/share/motor_control_interfaces/msg/MotorData.idl
[15.927s] -- Installing: /home/hd/Desktop/Motor_Control/motor_controls.ws/install/motor_control_interfaces/share/motor_control_interfaces/msg/MotorCommand.msg
[15.928s] -- Installing: /home/hd/Desktop/Motor_Control/motor_controls.ws/install/motor_control_interfaces/share/motor_control_interfaces/msg/MotorData.msg
[15.928s] -- Installing: /home/hd/Desktop/Motor_Control/motor_controls.ws/install/motor_control_interfaces/share/ament_index/resource_index/package_run_dependencies/motor_control_interfaces
[15.929s] -- Installing: /home/hd/Desktop/Motor_Control/motor_controls.ws/install/motor_control_interfaces/share/ament_index/resource_index/parent_prefix_path/motor_control_interfaces
[15.929s] -- Installing: /home/hd/Desktop/Motor_Control/motor_controls.ws/install/motor_control_interfaces/share/motor_control_interfaces/environment/ament_prefix_path.sh
[15.930s] -- Installing: /home/hd/Desktop/Motor_Control/motor_controls.ws/install/motor_control_interfaces/share/motor_control_interfaces/environment/ament_prefix_path.dsv
[15.932s] -- Installing: /home/hd/Desktop/Motor_Control/motor_controls.ws/install/motor_control_interfaces/share/motor_control_interfaces/environment/path.sh
[15.932s] -- Installing: /home/hd/Desktop/Motor_Control/motor_controls.ws/install/motor_control_interfaces/share/motor_control_interfaces/environment/path.dsv
[15.933s] -- Installing: /home/hd/Desktop/Motor_Control/motor_controls.ws/install/motor_control_interfaces/share/motor_control_interfaces/local_setup.bash
[15.933s] -- Installing: /home/hd/Desktop/Motor_Control/motor_controls.ws/install/motor_control_interfaces/share/motor_control_interfaces/local_setup.sh
[15.934s] -- Installing: /home/hd/Desktop/Motor_Control/motor_controls.ws/install/motor_control_interfaces/share/motor_control_interfaces/local_setup.zsh
[15.934s] -- Installing: /home/hd/Desktop/Motor_Control/motor_controls.ws/install/motor_control_interfaces/share/motor_control_interfaces/local_setup.dsv
[15.934s] -- Installing: /home/hd/Desktop/Motor_Control/motor_controls.ws/install/motor_control_interfaces/share/motor_control_interfaces/package.dsv
[15.934s] -- Installing: /home/hd/Desktop/Motor_Control/motor_controls.ws/install/motor_control_interfaces/share/ament_index/resource_index/packages/motor_control_interfaces
[15.934s] -- Installing: /home/hd/Desktop/Motor_Control/motor_controls.ws/install/motor_control_interfaces/share/motor_control_interfaces/cmake/motor_control_interfaces__rosidl_generator_cExport.cmake
[15.935s] -- Installing: /home/hd/Desktop/Motor_Control/motor_controls.ws/install/motor_control_interfaces/share/motor_control_interfaces/cmake/motor_control_interfaces__rosidl_generator_cExport-noconfig.cmake
[15.935s] -- Installing: /home/hd/Desktop/Motor_Control/motor_controls.ws/install/motor_control_interfaces/share/motor_control_interfaces/cmake/motor_control_interfaces__rosidl_typesupport_introspection_cExport.cmake
[15.935s] -- Installing: /home/hd/Desktop/Motor_Control/motor_controls.ws/install/motor_control_interfaces/share/motor_control_interfaces/cmake/motor_control_interfaces__rosidl_typesupport_introspection_cExport-noconfig.cmake
[15.935s] -- Installing: /home/hd/Desktop/Motor_Control/motor_controls.ws/install/motor_control_interfaces/share/motor_control_interfaces/cmake/motor_control_interfaces__rosidl_typesupport_cExport.cmake
[15.935s] -- Installing: /home/hd/Desktop/Motor_Control/motor_controls.ws/install/motor_control_interfaces/share/motor_control_interfaces/cmake/motor_control_interfaces__rosidl_typesupport_cExport-noconfig.cmake
[15.936s] -- Installing: /home/hd/Desktop/Motor_Control/motor_controls.ws/install/motor_control_interfaces/share/motor_control_interfaces/cmake/motor_control_interfaces__rosidl_generator_cppExport.cmake
[15.936s] -- Installing: /home/hd/Desktop/Motor_Control/motor_controls.ws/install/motor_control_interfaces/share/motor_control_interfaces/cmake/motor_control_interfaces__rosidl_typesupport_introspection_cppExport.cmake
[15.936s] -- Installing: /home/hd/Desktop/Motor_Control/motor_controls.ws/install/motor_control_interfaces/share/motor_control_interfaces/cmake/motor_control_interfaces__rosidl_typesupport_introspection_cppExport-noconfig.cmake
[15.937s] -- Installing: /home/hd/Desktop/Motor_Control/motor_controls.ws/install/motor_control_interfaces/share/motor_control_interfaces/cmake/motor_control_interfaces__rosidl_typesupport_cppExport.cmake
[15.937s] -- Installing: /home/hd/Desktop/Motor_Control/motor_controls.ws/install/motor_control_interfaces/share/motor_control_interfaces/cmake/motor_control_interfaces__rosidl_typesupport_cppExport-noconfig.cmake
[15.938s] -- Installing: /home/hd/Desktop/Motor_Control/motor_controls.ws/install/motor_control_interfaces/share/motor_control_interfaces/cmake/rosidl_cmake-extras.cmake
[15.938s] -- Installing: /home/hd/Desktop/Motor_Control/motor_controls.ws/install/motor_control_interfaces/share/motor_control_interfaces/cmake/ament_cmake_export_dependencies-extras.cmake
[15.939s] -- Installing: /home/hd/Desktop/Motor_Control/motor_controls.ws/install/motor_control_interfaces/share/motor_control_interfaces/cmake/ament_cmake_export_libraries-extras.cmake
[15.939s] -- Installing: /home/hd/Desktop/Motor_Control/motor_controls.ws/install/motor_control_interfaces/share/motor_control_interfaces/cmake/ament_cmake_export_targets-extras.cmake
[15.939s] -- Installing: /home/hd/Desktop/Motor_Control/motor_controls.ws/install/motor_control_interfaces/share/motor_control_interfaces/cmake/ament_cmake_export_include_directories-extras.cmake
[15.940s] -- Installing: /home/hd/Desktop/Motor_Control/motor_controls.ws/install/motor_control_interfaces/share/motor_control_interfaces/cmake/rosidl_cmake_export_typesupport_libraries-extras.cmake
[15.940s] -- Installing: /home/hd/Desktop/Motor_Control/motor_controls.ws/install/motor_control_interfaces/share/motor_control_interfaces/cmake/rosidl_cmake_export_typesupport_targets-extras.cmake
[15.940s] -- Installing: /home/hd/Desktop/Motor_Control/motor_controls.ws/install/motor_control_interfaces/share/motor_control_interfaces/cmake/motor_control_interfacesConfig.cmake
[15.941s] -- Installing: /home/hd/Desktop/Motor_Control/motor_controls.ws/install/motor_control_interfaces/share/motor_control_interfaces/cmake/motor_control_interfacesConfig-version.cmake
[15.941s] -- Installing: /home/hd/Desktop/Motor_Control/motor_controls.ws/install/motor_control_interfaces/share/motor_control_interfaces/package.xml
[15.952s] Invoked command in '/home/hd/Desktop/Motor_Control/motor_controls.ws/build/motor_control_interfaces' returned '0': CMAKE_PREFIX_PATH=${CMAKE_PREFIX_PATH}:/opt/ros/foxy:/home/hd/ros2_foxy/install/ros2bag:/home/hd/ros2_foxy/install/tracetools_launch:/home/hd/ros2_foxy/install/topic_monitor:/home/hd/ros2_foxy/install/examples_tf2_py:/home/hd/ros2_foxy/install/sros2:/home/hd/ros2_foxy/install/rqt_topic:/home/hd/ros2_foxy/install/rqt_top:/home/hd/ros2_foxy/install/rqt_srv:/home/hd/ros2_foxy/install/rqt_shell:/home/hd/ros2_foxy/install/rqt_service_caller:/home/hd/ros2_foxy/install/rqt_reconfigure:/home/hd/ros2_foxy/install/rqt_py_console:/home/hd/ros2_foxy/install/rqt_publisher:/home/hd/ros2_foxy/install/rqt_plot:/home/hd/ros2_foxy/install/rqt_action:/home/hd/ros2_foxy/install/rqt_msg:/home/hd/ros2_foxy/install/rqt_console:/home/hd/ros2_foxy/install/rqt:/home/hd/ros2_foxy/install/rqt_graph:/home/hd/ros2_foxy/install/rqt_gui_py:/home/hd/ros2_foxy/install/rqt_gui:/home/hd/ros2_foxy/install/ros2trace:/home/hd/ros2_foxy/install/ros2topic:/home/hd/ros2_foxy/install/ros2test:/home/hd/ros2_foxy/install/ros2component:/home/hd/ros2_foxy/install/ros2param:/home/hd/ros2_foxy/install/ros2lifecycle:/home/hd/ros2_foxy/install/ros2service:/home/hd/ros2_foxy/install/ros2run:/home/hd/ros2_foxy/install/ros2launch:/home/hd/ros2_foxy/install/ros2pkg:/home/hd/ros2_foxy/install/ros2node:/home/hd/ros2_foxy/install/ros2multicast:/home/hd/ros2_foxy/install/ros2interface:/home/hd/ros2_foxy/install/ros2doctor:/home/hd/ros2_foxy/install/ros2action:/home/hd/ros2_foxy/install/ros2cli:/home/hd/ros2_foxy/install/quality_of_service_demo_py:/home/hd/ros2_foxy/install/launch_testing_ros:/home/hd/ros2_foxy/install/launch_ros:/home/hd/ros2_foxy/install/joystick_ros2:/home/hd/ros2_foxy/install/examples_rclpy_minimal_subscriber:/home/hd/ros2_foxy/install/examples_rclpy_minimal_service:/home/hd/ros2_foxy/install/examples_rclpy_minimal_publisher:/home/hd/ros2_foxy/install/examples_rclpy_minimal_client:/home/hd/ros2_foxy/install/examples_rclpy_minimal_action_server:/home/hd/ros2_foxy/install/examples_rclpy_minimal_action_client:/home/hd/ros2_foxy/install/examples_rclpy_executors:/home/hd/ros2_foxy/install/demo_nodes_py:/home/hd/ros2_foxy/install/action_tutorials_py:/home/hd/ros2_foxy/install/ament_uncrustify:/home/hd/ros2_foxy/install/tracetools_trace:/home/hd/ros2_foxy/install/tracetools_read:/home/hd/ros2_foxy/install/test_launch_ros:/home/hd/ros2_foxy/install/sensor_msgs_py:/home/hd/ros2_foxy/install/rpyutils:/home/hd/ros2_foxy/install/rosidl_runtime_py:/home/hd/ros2_foxy/install/launch_yaml:/home/hd/ros2_foxy/install/launch_xml:/home/hd/ros2_foxy/install/launch_testing:/home/hd/ros2_foxy/install/launch:/home/hd/ros2_foxy/install/osrf_pycommon:/home/hd/ros2_foxy/install/domain_coordinator:/home/hd/ros2_foxy/install/ament_xmllint:/home/hd/ros2_foxy/install/ament_pyflakes:/home/hd/ros2_foxy/install/ament_pycodestyle:/home/hd/ros2_foxy/install/ament_pep257:/home/hd/ros2_foxy/install/ament_pclint:/home/hd/ros2_foxy/install/ament_package:/home/hd/ros2_foxy/install/ament_mypy:/home/hd/ros2_foxy/install/ament_lint_cmake:/home/hd/ros2_foxy/install/ament_flake8:/home/hd/ros2_foxy/install/ament_copyright:/home/hd/ros2_foxy/install/ament_lint:/home/hd/ros2_foxy/install/ament_index_python:/home/hd/ros2_foxy/install/ament_cpplint:/home/hd/ros2_foxy/install/ament_cppcheck:/home/hd/ros2_foxy/install/ament_clang_tidy:/home/hd/ros2_foxy/install/ament_clang_format /usr/bin/cmake --install /home/hd/Desktop/Motor_Control/motor_controls.ws/build/motor_control_interfaces
