[35m[1mScanning dependencies of target suscriber[0m
[ 50%] Built target talker
[ 75%] [32mBuilding CXX object CMakeFiles/suscriber.dir/src/read.cpp.o[0m
In file included from [01m[K/home/hd/ros2_foxy/install/rclcpp/include/rclcpp/client.hpp:40[m[K,
                 from [01m[K/home/hd/ros2_foxy/install/rclcpp/include/rclcpp/callback_group.hpp:23[m[K,
                 from [01m[K/home/hd/ros2_foxy/install/rclcpp/include/rclcpp/any_executable.hpp:20[m[K,
                 from [01m[K/home/hd/ros2_foxy/install/rclcpp/include/rclcpp/memory_strategy.hpp:24[m[K,
                 from [01m[K/home/hd/ros2_foxy/install/rclcpp/include/rclcpp/memory_strategies.hpp:18[m[K,
                 from [01m[K/home/hd/ros2_foxy/install/rclcpp/include/rclcpp/executor_options.hpp:20[m[K,
                 from [01m[K/home/hd/ros2_foxy/install/rclcpp/include/rclcpp/executor.hpp:33[m[K,
                 from [01m[K/home/hd/ros2_foxy/install/rclcpp/include/rclcpp/executors/multi_threaded_executor.hpp:26[m[K,
                 from [01m[K/home/hd/ros2_foxy/install/rclcpp/include/rclcpp/executors.hpp:21[m[K,
                 from [01m[K/home/hd/ros2_foxy/install/rclcpp/include/rclcpp/rclcpp.hpp:146[m[K,
                 from [01m[K/home/hd/Desktop/Motor_Control/motor_controls.ws/src/coucou/src/read.cpp:3[m[K:
[01m[K/home/hd/Desktop/Motor_Control/motor_controls.ws/src/coucou/src/read.cpp:[m[K In member function ‘[01m[Kvoid MinimalSubscriber::topic_callback(sensor_msgs::msg::Joy_<std::allocator<void> >::SharedPtr) const[m[K’:
[01m[K/home/hd/Desktop/Motor_Control/motor_controls.ws/src/coucou/src/read.cpp:21:7:[m[K [01;31m[Kerror: [m[Kno matching function for call to ‘[01m[Kget_c_string(__gnu_cxx::__alloc_traits<std::allocator<float>, float>::value_type&)[m[K’
   21 |       [01;31m[KRCLCPP_INFO[m[K(this->get_logger(), msg->axes[0]);
      |       [01;31m[K^~~~~~~~~~~[m[K
In file included from [01m[K/home/hd/ros2_foxy/install/rclcpp/include/rclcpp/client.hpp:36[m[K,
                 from [01m[K/home/hd/ros2_foxy/install/rclcpp/include/rclcpp/callback_group.hpp:23[m[K,
                 from [01m[K/home/hd/ros2_foxy/install/rclcpp/include/rclcpp/any_executable.hpp:20[m[K,
                 from [01m[K/home/hd/ros2_foxy/install/rclcpp/include/rclcpp/memory_strategy.hpp:24[m[K,
                 from [01m[K/home/hd/ros2_foxy/install/rclcpp/include/rclcpp/memory_strategies.hpp:18[m[K,
                 from [01m[K/home/hd/ros2_foxy/install/rclcpp/include/rclcpp/executor_options.hpp:20[m[K,
                 from [01m[K/home/hd/ros2_foxy/install/rclcpp/include/rclcpp/executor.hpp:33[m[K,
                 from [01m[K/home/hd/ros2_foxy/install/rclcpp/include/rclcpp/executors/multi_threaded_executor.hpp:26[m[K,
                 from [01m[K/home/hd/ros2_foxy/install/rclcpp/include/rclcpp/executors.hpp:21[m[K,
                 from [01m[K/home/hd/ros2_foxy/install/rclcpp/include/rclcpp/rclcpp.hpp:146[m[K,
                 from [01m[K/home/hd/Desktop/Motor_Control/motor_controls.ws/src/coucou/src/read.cpp:3[m[K:
[01m[K/home/hd/ros2_foxy/install/rclcpp/include/rclcpp/utilities.hpp:296:1:[m[K [01;36m[Knote: [m[Kcandidate: ‘[01m[Kconst char* rclcpp::get_c_string(const char*)[m[K’
  296 | [01;36m[Kget_c_string[m[K(const char * string_in);
      | [01;36m[K^~~~~~~~~~~~[m[K
[01m[K/home/hd/ros2_foxy/install/rclcpp/include/rclcpp/utilities.hpp:296:27:[m[K [01;36m[Knote: [m[K  no known conversion for argument 1 from ‘[01m[K__gnu_cxx::__alloc_traits<std::allocator<float>, float>::value_type[m[K’ {aka ‘[01m[Kfloat[m[K’} to ‘[01m[Kconst char*[m[K’
  296 | get_c_string([01;36m[Kconst char * string_in[m[K);
      |              [01;36m[K~~~~~~~~~~~~~^~~~~~~~~[m[K
[01m[K/home/hd/ros2_foxy/install/rclcpp/include/rclcpp/utilities.hpp:305:1:[m[K [01;36m[Knote: [m[Kcandidate: ‘[01m[Kconst char* rclcpp::get_c_string(const string&)[m[K’
  305 | [01;36m[Kget_c_string[m[K(const std::string & string_in);
      | [01;36m[K^~~~~~~~~~~~[m[K
[01m[K/home/hd/ros2_foxy/install/rclcpp/include/rclcpp/utilities.hpp:305:34:[m[K [01;36m[Knote: [m[K  no known conversion for argument 1 from ‘[01m[K__gnu_cxx::__alloc_traits<std::allocator<float>, float>::value_type[m[K’ {aka ‘[01m[Kfloat[m[K’} to ‘[01m[Kconst string&[m[K’ {aka ‘[01m[Kconst std::__cxx11::basic_string<char>&[m[K’}
  305 | get_c_string([01;36m[Kconst std::string & string_in[m[K);
      |              [01;36m[K~~~~~~~~~~~~~~~~~~~~^~~~~~~~~[m[K
make[2]: *** [CMakeFiles/suscriber.dir/build.make:63: CMakeFiles/suscriber.dir/src/read.cpp.o] Error 1
make[1]: *** [CMakeFiles/Makefile2:80: CMakeFiles/suscriber.dir/all] Error 2
make: *** [Makefile:141: all] Error 2
