-- Found ament_cmake: 0.9.11 (/home/hd/ros2_foxy/install/ament_cmake/share/ament_cmake/cmake)
-- Using PYTHON_EXECUTABLE: /usr/bin/python3
-- Found rclcpp: 2.4.2 (/home/hd/ros2_foxy/install/rclcpp/share/rclcpp/cmake)
-- Using all available rosidl_typesupport_c: rosidl_typesupport_fastrtps_c;rosidl_typesupport_introspection_c
-- Found rosidl_adapter: 1.3.0 (/home/hd/ros2_foxy/install/rosidl_adapter/share/rosidl_adapter/cmake)
-- Using all available rosidl_typesupport_cpp: rosidl_typesupport_fastrtps_cpp;rosidl_typesupport_introspection_cpp
-- Found rmw_implementation_cmake: 1.0.4 (/home/hd/ros2_foxy/install/rmw_implementation_cmake/share/rmw_implementation_cmake/cmake)
-- Using RMW implementation 'rmw_fastrtps_cpp' as default
-- Found sensor_msgs: 2.0.5 (/home/hd/ros2_foxy/install/sensor_msgs/share/sensor_msgs/cmake)
-- Found motor_control_interfaces: 0.0.0 (/home/hd/Desktop/Motor_Control/motor_controls.ws/install/motor_control_interfaces/share/motor_control_interfaces/cmake)
-- Configuring done
-- Generating done
-- Build files have been written to: /home/hd/Desktop/Motor_Control/motor_controls.ws/build/coucou
[35m[1mScanning dependencies of target suscriber[0m
[ 33%] Built target suscriber_test
[ 50%] [32mBuilding CXX object CMakeFiles/suscriber.dir/src/read.cpp.o[0m
[ 83%] Built target talker
[01m[K/home/hd/Desktop/Motor_Control/motor_controls.ws/src/coucou/src/read.cpp:56:23:[m[K [01;31m[Kerror: [m[K‘[01m[Kmotor_control_interface[m[K’ was not declared in this scope; did you mean ‘[01m[Kmotor_control_interfaces[m[K’?
   56 |     rclcpp::Publisher<[01;31m[Kmotor_control_interface[m[K::msg::MotorControl>::SharedPtr publisher_;
      |                       [01;31m[K^~~~~~~~~~~~~~~~~~~~~~~[m[K
      |                       [32m[Kmotor_control_interfaces[m[K
[01m[K/home/hd/Desktop/Motor_Control/motor_controls.ws/src/coucou/src/read.cpp:56:65:[m[K [01;31m[Kerror: [m[Ktemplate argument 1 is invalid
   56 |     rclcpp::Publisher<motor_control_interface::msg::MotorControl[01;31m[K>[m[K::SharedPtr publisher_;
      |                                                                 [01;31m[K^[m[K
[01m[K/home/hd/Desktop/Motor_Control/motor_controls.ws/src/coucou/src/read.cpp:56:68:[m[K [01;31m[Kerror: [m[Kexpected ‘[01m[K;[m[K’ at end of member declaration
   56 |     rclcpp::Publisher<motor_control_interface::msg::MotorControl>::[01;31m[KSharedPtr[m[K publisher_;
      |                                                                    [01;31m[K^~~~~~~~~[m[K
      |                                                                             [32m[K;[m[K
[01m[K/home/hd/Desktop/Motor_Control/motor_controls.ws/src/coucou/src/read.cpp:56:78:[m[K [01;31m[Kerror: [m[K‘[01m[Kpublisher_[m[K’ does not name a type; did you mean ‘[01m[Krcl_publisher_t[m[K’?
   56 |     rclcpp::Publisher<motor_control_interface::msg::MotorControl>::SharedPtr [01;31m[Kpublisher_[m[K;
      |                                                                              [01;31m[K^~~~~~~~~~[m[K
      |                                                                              [32m[Krcl_publisher_t[m[K
[01m[K/home/hd/Desktop/Motor_Control/motor_controls.ws/src/coucou/src/read.cpp:[m[K In constructor ‘[01m[KMinimalSubscriber::MinimalSubscriber()[m[K’:
[01m[K/home/hd/Desktop/Motor_Control/motor_controls.ws/src/coucou/src/read.cpp:20:7:[m[K [01;31m[Kerror: [m[K‘[01m[Kpublisher_[m[K’ was not declared in this scope; did you mean ‘[01m[Krcl_publisher_t[m[K’?
   20 |       [01;31m[Kpublisher_[m[K = this->create_publisher<motor_control_interface::msg::MotorControl>("hd_motor_command", 10);
      |       [01;31m[K^~~~~~~~~~[m[K
      |       [32m[Krcl_publisher_t[m[K
[01m[K/home/hd/Desktop/Motor_Control/motor_controls.ws/src/coucou/src/read.cpp:20:43:[m[K [01;31m[Kerror: [m[K‘[01m[Kmotor_control_interface[m[K’ was not declared in this scope; did you mean ‘[01m[Kmotor_control_interfaces[m[K’?
   20 |       publisher_ = this->create_publisher<[01;31m[Kmotor_control_interface[m[K::msg::MotorControl>("hd_motor_command", 10);
      |                                           [01;31m[K^~~~~~~~~~~~~~~~~~~~~~~[m[K
      |                                           [32m[Kmotor_control_interfaces[m[K
[01m[K/home/hd/Desktop/Motor_Control/motor_controls.ws/src/coucou/src/read.cpp:20:26:[m[K [01;31m[Kerror: [m[Kparse error in template argument list
   20 |       publisher_ = this->[01;31m[Kcreate_publisher<motor_control_interface::msg::MotorControl>[m[K("hd_motor_command", 10);
      |                          [01;31m[K^~~~~~~~~~~~~~~~~~~~~~~~~~~~~~~~~~~~~~~~~~~~~~~~~~~~~~~~~~~~[m[K
[01m[K/home/hd/Desktop/Motor_Control/motor_controls.ws/src/coucou/src/read.cpp:20:109:[m[K [01;31m[Kerror: [m[Kno matching function for call to ‘[01m[KMinimalSubscriber::create_publisher<<expression error> >(const char [17], int)[m[K’
   20 |       publisher_ = this->create_publisher<motor_control_interface::msg::MotorControl>("hd_motor_command", 10[01;31m[K)[m[K;
      |                                                                                                             [01;31m[K^[m[K
In file included from [01m[K/home/hd/ros2_foxy/install/rclcpp/include/rclcpp/executors/single_threaded_executor.hpp:28[m[K,
                 from [01m[K/home/hd/ros2_foxy/install/rclcpp/include/rclcpp/executors.hpp:22[m[K,
                 from [01m[K/home/hd/ros2_foxy/install/rclcpp/include/rclcpp/rclcpp.hpp:146[m[K,
                 from [01m[K/home/hd/Desktop/Motor_Control/motor_controls.ws/src/coucou/src/read.cpp:3[m[K:
[01m[K/home/hd/ros2_foxy/install/rclcpp/include/rclcpp/node.hpp:184:3:[m[K [01;36m[Knote: [m[Kcandidate: ‘[01m[Ktemplate<class MessageT, class AllocatorT, class PublisherT> std::shared_ptr<PublisherT> rclcpp::Node::create_publisher(const string&, const rclcpp::QoS&, const rclcpp::PublisherOptionsWithAllocator<AllocatorT>&)[m[K’
  184 |   [01;36m[Kcreate_publisher[m[K(
      |   [01;36m[K^~~~~~~~~~~~~~~~[m[K
[01m[K/home/hd/ros2_foxy/install/rclcpp/include/rclcpp/node.hpp:184:3:[m[K [01;36m[Knote: [m[K  template argument deduction/substitution failed:
[01m[K/home/hd/Desktop/Motor_Control/motor_controls.ws/src/coucou/src/read.cpp:20:109:[m[K [01;31m[Kerror: [m[Ktemplate argument 1 is invalid
   20 |       publisher_ = this->create_publisher<motor_control_interface::msg::MotorControl>("hd_motor_command", 10[01;31m[K)[m[K;
      |                                                                                                             [01;31m[K^[m[K
[01m[K/home/hd/Desktop/Motor_Control/motor_controls.ws/src/coucou/src/read.cpp:[m[K In member function ‘[01m[Kvoid MinimalSubscriber::topic_callback(sensor_msgs::msg::Joy_<std::allocator<void> >::SharedPtr) const[m[K’:
[01m[K/home/hd/Desktop/Motor_Control/motor_controls.ws/src/coucou/src/read.cpp:29:22:[m[K [01;31m[Kerror: [m[K‘[01m[Kmotor_control_interface[m[K’ has not been declared
   29 |       auto message = [01;31m[Kmotor_control_interface[m[K::msg::MotorControl();
      |                      [01;31m[K^~~~~~~~~~~~~~~~~~~~~~~[m[K
[01m[K/home/hd/Desktop/Motor_Control/motor_controls.ws/src/coucou/src/read.cpp:35:7:[m[K [01;31m[Kerror: [m[K‘[01m[Kpublisher_[m[K’ was not declared in this scope; did you mean ‘[01m[Krcl_publisher_t[m[K’?
   35 |       [01;31m[Kpublisher_[m[K->publish(message);
      |       [01;31m[K^~~~~~~~~~[m[K
      |       [32m[Krcl_publisher_t[m[K
make[2]: *** [CMakeFiles/suscriber.dir/build.make:63: CMakeFiles/suscriber.dir/src/read.cpp.o] Error 1
make[1]: *** [CMakeFiles/Makefile2:109: CMakeFiles/suscriber.dir/all] Error 2
make: *** [Makefile:141: all] Error 2
