[0.706s] Invoking command in '/home/alex/Desktop/xplore/NAV_workspace/nav_ws/src/controller': PYTHONPATH=/home/alex/Desktop/xplore/NAV_workspace/nav_ws/src/controller/build/controller/prefix_override:/home/alex/Desktop/xplore/NAV_workspace/nav_ws/src/controller/install/controller/lib/python3.8/site-packages:${PYTHONPATH} /usr/bin/python3 setup.py egg_info --egg-base build/controller build --build-base /home/alex/Desktop/xplore/NAV_workspace/nav_ws/src/controller/build/controller/build install --record /home/alex/Desktop/xplore/NAV_workspace/nav_ws/src/controller/build/controller/install.log --install-scripts $base/lib/controller --single-version-externally-managed
[0.941s] running egg_info
[0.943s] writing build/controller/controller.egg-info/PKG-INFO
[0.947s] writing dependency_links to build/controller/controller.egg-info/dependency_links.txt
[0.947s] writing entry points to build/controller/controller.egg-info/entry_points.txt
[0.948s] writing requirements to build/controller/controller.egg-info/requires.txt
[0.949s] writing top-level names to build/controller/controller.egg-info/top_level.txt
[0.976s] reading manifest file 'build/controller/controller.egg-info/SOURCES.txt'
[0.980s] writing manifest file 'build/controller/controller.egg-info/SOURCES.txt'
[0.981s] running build
[0.981s] running build_py
[0.981s] copying controller/controller_publisher.py -> /home/alex/Desktop/xplore/NAV_workspace/nav_ws/src/controller/build/controller/build/lib/controller
[0.982s] running install
[0.984s] running install_lib
[0.985s] copying /home/alex/Desktop/xplore/NAV_workspace/nav_ws/src/controller/build/controller/build/lib/controller/controller_publisher.py -> /home/alex/Desktop/xplore/NAV_workspace/nav_ws/src/controller/install/controller/lib/python3.8/site-packages/controller
[0.986s] byte-compiling /home/alex/Desktop/xplore/NAV_workspace/nav_ws/src/controller/install/controller/lib/python3.8/site-packages/controller/controller_publisher.py to controller_publisher.cpython-38.pyc
[0.988s] running install_data
[0.989s] running install_egg_info
[0.990s] removing '/home/alex/Desktop/xplore/NAV_workspace/nav_ws/src/controller/install/controller/lib/python3.8/site-packages/controller-0.0.0-py3.8.egg-info' (and everything under it)
[1.001s] Copying build/controller/controller.egg-info to /home/alex/Desktop/xplore/NAV_workspace/nav_ws/src/controller/install/controller/lib/python3.8/site-packages/controller-0.0.0-py3.8.egg-info
[1.002s] running install_scripts
[1.013s] Installing listener script to /home/alex/Desktop/xplore/NAV_workspace/nav_ws/src/controller/install/controller/lib/controller
[1.014s] Installing talker script to /home/alex/Desktop/xplore/NAV_workspace/nav_ws/src/controller/install/controller/lib/controller
[1.015s] writing list of installed files to '/home/alex/Desktop/xplore/NAV_workspace/nav_ws/src/controller/build/controller/install.log'
[1.036s] Invoked command in '/home/alex/Desktop/xplore/NAV_workspace/nav_ws/src/controller' returned '0': PYTHONPATH=/home/alex/Desktop/xplore/NAV_workspace/nav_ws/src/controller/build/controller/prefix_override:/home/alex/Desktop/xplore/NAV_workspace/nav_ws/src/controller/install/controller/lib/python3.8/site-packages:${PYTHONPATH} /usr/bin/python3 setup.py egg_info --egg-base build/controller build --build-base /home/alex/Desktop/xplore/NAV_workspace/nav_ws/src/controller/build/controller/build install --record /home/alex/Desktop/xplore/NAV_workspace/nav_ws/src/controller/build/controller/install.log --install-scripts $base/lib/controller --single-version-externally-managed
