[ 33%] Built target suscriber_test
[35m[1mScanning dependencies of target suscriber[0m
[ 50%] [32mBuilding CXX object CMakeFiles/suscriber.dir/src/read.cpp.o[0m
[ 66%] [32m[1mLinking CXX executable suscriber[0m
[ 66%] Built target suscriber
[100%] Built target talker
-- Install configuration: ""
-- Up-to-date: /home/hd/Desktop/Motor_Control/motor_controls.ws/install/coucou/lib/coucou/talker
-- Installing: /home/hd/Desktop/Motor_Control/motor_controls.ws/install/coucou/lib/coucou/suscriber
-- Set runtime path of "/home/hd/Desktop/Motor_Control/motor_controls.ws/install/coucou/lib/coucou/suscriber" to ""
-- Installing: /home/hd/Desktop/Motor_Control/motor_controls.ws/install/coucou/lib/coucou/suscriber_test
-- Set runtime path of "/home/hd/Desktop/Motor_Control/motor_controls.ws/install/coucou/lib/coucou/suscriber_test" to ""
-- Up-to-date: /home/hd/Desktop/Motor_Control/motor_controls.ws/install/coucou/share/ament_index/resource_index/package_run_dependencies/coucou
-- Installing: /home/hd/Desktop/Motor_Control/motor_controls.ws/install/coucou/share/ament_index/resource_index/parent_prefix_path/coucou
-- Installing: /home/hd/Desktop/Motor_Control/motor_controls.ws/install/coucou/share/coucou/environment/ament_prefix_path.dsv
-- Installing: /home/hd/Desktop/Motor_Control/motor_controls.ws/install/coucou/share/coucou/environment/path.dsv
-- Up-to-date: /home/hd/Desktop/Motor_Control/motor_controls.ws/install/coucou/share/coucou/local_setup.bash
-- Up-to-date: /home/hd/Desktop/Motor_Control/motor_controls.ws/install/coucou/share/coucou/local_setup.sh
-- Up-to-date: /home/hd/Desktop/Motor_Control/motor_controls.ws/install/coucou/share/coucou/local_setup.zsh
-- Installing: /home/hd/Desktop/Motor_Control/motor_controls.ws/install/coucou/share/coucou/local_setup.dsv
-- Installing: /home/hd/Desktop/Motor_Control/motor_controls.ws/install/coucou/share/coucou/package.dsv
-- Up-to-date: /home/hd/Desktop/Motor_Control/motor_controls.ws/install/coucou/share/ament_index/resource_index/packages/coucou
-- Up-to-date: /home/hd/Desktop/Motor_Control/motor_controls.ws/install/coucou/share/coucou/cmake/coucouConfig.cmake
-- Up-to-date: /home/hd/Desktop/Motor_Control/motor_controls.ws/install/coucou/share/coucou/cmake/coucouConfig-version.cmake
-- Installing: /home/hd/Desktop/Motor_Control/motor_controls.ws/install/coucou/share/coucou/package.xml
