[  9%] Built target soem_interface
[ 48%] Built target yaml-cpp
[ 51%] Built target ethercat_sdk_master
[ 55%] Built target message_logger
[ 69%] Built target soem
[ 72%] Built target yaml-cpp-read
[ 74%] Built target yaml-cpp-parse
[ 77%] Built target yaml-cpp-sandbox
[ 92%] Built target maxon_epos_ethercat_sdk
[35m[1mScanning dependencies of target motor_control[0m
[ 93%] [32mBuilding CXX object CMakeFiles/motor_control.dir/src/motor_control.cpp.o[0m
[01m[K/home/hd/Desktop/Motor_Control/motor_controls.ws/src/ethercat_device_configurator/src/motor_control.cpp:[m[K In function ‘[01m[Kvoid signal_handler(int)[m[K’:
[01m[K/home/hd/Desktop/Motor_Control/motor_controls.ws/src/ethercat_device_configurator/src/motor_control.cpp:180:25:[m[K [01;35m[Kwarning: [m[Kunused parameter ‘[01m[Ksig[m[K’ [[01;35m[K-Wunused-parameter[m[K]
  180 | void signal_handler([01;35m[Kint sig[m[K)
      |                     [01;35m[K~~~~^~~[m[K
[01m[K/home/hd/Desktop/Motor_Control/motor_controls.ws/src/ethercat_device_configurator/src/motor_control.cpp:[m[K In function ‘[01m[Kint main(int, char**)[m[K’:
[01m[K/home/hd/Desktop/Motor_Control/motor_controls.ws/src/ethercat_device_configurator/src/motor_control.cpp:272:5:[m[K [01;31m[Kerror: [m[Kexpected ‘[01m[K,[m[K’ or ‘[01m[K;[m[K’ before ‘[01m[Kstd[m[K’
  272 |     [01;31m[Kstd[m[K::cout << "Node finished" << std::endl;
      |     [01;31m[K^~~[m[K
make[2]: *** [CMakeFiles/motor_control.dir/build.make:63: CMakeFiles/motor_control.dir/src/motor_control.cpp.o] Error 1
make[1]: *** [CMakeFiles/Makefile2:261: CMakeFiles/motor_control.dir/all] Error 2
make: *** [Makefile:141: all] Error 2
