[1.794s] Invoking command in '/home/hd/Desktop/Motor_Control/motor_controls.ws/build/coucou': CMAKE_PREFIX_PATH=${CMAKE_PREFIX_PATH}:/home/hd/Desktop/Motor_Control/motor_controls.ws/install/controller:/opt/ros/foxy:/home/hd/ros2_foxy/install/ros2bag:/home/hd/ros2_foxy/install/tracetools_launch:/home/hd/ros2_foxy/install/topic_monitor:/home/hd/ros2_foxy/install/examples_tf2_py:/home/hd/ros2_foxy/install/sros2:/home/hd/ros2_foxy/install/rqt_topic:/home/hd/ros2_foxy/install/rqt_top:/home/hd/ros2_foxy/install/rqt_srv:/home/hd/ros2_foxy/install/rqt_shell:/home/hd/ros2_foxy/install/rqt_service_caller:/home/hd/ros2_foxy/install/rqt_reconfigure:/home/hd/ros2_foxy/install/rqt_py_console:/home/hd/ros2_foxy/install/rqt_publisher:/home/hd/ros2_foxy/install/rqt_plot:/home/hd/ros2_foxy/install/rqt_action:/home/hd/ros2_foxy/install/rqt_msg:/home/hd/ros2_foxy/install/rqt_console:/home/hd/ros2_foxy/install/rqt:/home/hd/ros2_foxy/install/rqt_graph:/home/hd/ros2_foxy/install/rqt_gui_py:/home/hd/ros2_foxy/install/rqt_gui:/home/hd/ros2_foxy/install/ros2trace:/home/hd/ros2_foxy/install/ros2topic:/home/hd/ros2_foxy/install/ros2test:/home/hd/ros2_foxy/install/ros2component:/home/hd/ros2_foxy/install/ros2param:/home/hd/ros2_foxy/install/ros2lifecycle:/home/hd/ros2_foxy/install/ros2service:/home/hd/ros2_foxy/install/ros2run:/home/hd/ros2_foxy/install/ros2launch:/home/hd/ros2_foxy/install/ros2pkg:/home/hd/ros2_foxy/install/ros2node:/home/hd/ros2_foxy/install/ros2multicast:/home/hd/ros2_foxy/install/ros2interface:/home/hd/ros2_foxy/install/ros2doctor:/home/hd/ros2_foxy/install/ros2action:/home/hd/ros2_foxy/install/ros2cli:/home/hd/ros2_foxy/install/quality_of_service_demo_py:/home/hd/ros2_foxy/install/launch_testing_ros:/home/hd/ros2_foxy/install/launch_ros:/home/hd/ros2_foxy/install/joystick_ros2:/home/hd/ros2_foxy/install/examples_rclpy_minimal_subscriber:/home/hd/ros2_foxy/install/examples_rclpy_minimal_service:/home/hd/ros2_foxy/install/examples_rclpy_minimal_publisher:/home/hd/ros2_foxy/install/examples_rclpy_minimal_client:/home/hd/ros2_foxy/install/examples_rclpy_minimal_action_server:/home/hd/ros2_foxy/install/examples_rclpy_minimal_action_client:/home/hd/ros2_foxy/install/examples_rclpy_executors:/home/hd/ros2_foxy/install/demo_nodes_py:/home/hd/ros2_foxy/install/action_tutorials_py:/home/hd/ros2_foxy/install/ament_uncrustify:/home/hd/ros2_foxy/install/tracetools_trace:/home/hd/ros2_foxy/install/tracetools_read:/home/hd/ros2_foxy/install/test_launch_ros:/home/hd/ros2_foxy/install/sensor_msgs_py:/home/hd/ros2_foxy/install/rpyutils:/home/hd/ros2_foxy/install/rosidl_runtime_py:/home/hd/ros2_foxy/install/launch_yaml:/home/hd/ros2_foxy/install/launch_xml:/home/hd/ros2_foxy/install/launch_testing:/home/hd/ros2_foxy/install/launch:/home/hd/ros2_foxy/install/osrf_pycommon:/home/hd/ros2_foxy/install/domain_coordinator:/home/hd/ros2_foxy/install/ament_xmllint:/home/hd/ros2_foxy/install/ament_pyflakes:/home/hd/ros2_foxy/install/ament_pycodestyle:/home/hd/ros2_foxy/install/ament_pep257:/home/hd/ros2_foxy/install/ament_pclint:/home/hd/ros2_foxy/install/ament_package:/home/hd/ros2_foxy/install/ament_mypy:/home/hd/ros2_foxy/install/ament_lint_cmake:/home/hd/ros2_foxy/install/ament_flake8:/home/hd/ros2_foxy/install/ament_copyright:/home/hd/ros2_foxy/install/ament_lint:/home/hd/ros2_foxy/install/ament_index_python:/home/hd/ros2_foxy/install/ament_cpplint:/home/hd/ros2_foxy/install/ament_cppcheck:/home/hd/ros2_foxy/install/ament_clang_tidy:/home/hd/ros2_foxy/install/ament_clang_format /usr/bin/cmake --build /home/hd/Desktop/Motor_Control/motor_controls.ws/build/coucou -- -j2 -l2
[2.141s] [  5%] Built target talker
[2.168s] [  8%] Built target coucou__cpp
[2.275s] [ 17%] Built target coucou__rosidl_generator_c
[2.314s] [ 22%] Built target suscriber
[2.429s] [ 31%] Built target coucou__rosidl_typesupport_c
[2.479s] [ 40%] Built target coucou__rosidl_typesupport_introspection_cpp
[2.609s] [ 48%] Built target coucou__rosidl_typesupport_cpp
[2.745s] [ 57%] Built target coucou__rosidl_typesupport_fastrtps_cpp
[2.831s] [ 65%] Built target coucou__rosidl_typesupport_introspection_c
[2.964s] [ 74%] Built target coucou__rosidl_typesupport_fastrtps_c
[3.073s] [ 74%] Built target coucou
[3.175s] [ 77%] Built target coucou__py
[3.306s] [ 82%] Built target coucou__python
[3.503s] [ 88%] Built target coucou__rosidl_typesupport_introspection_c__pyext
[3.546s] [ 94%] Built target coucou__rosidl_typesupport_c__pyext
[3.623s] [100%] Built target coucou__rosidl_typesupport_fastrtps_c__pyext
[3.675s] Invoked command in '/home/hd/Desktop/Motor_Control/motor_controls.ws/build/coucou' returned '0': CMAKE_PREFIX_PATH=${CMAKE_PREFIX_PATH}:/home/hd/Desktop/Motor_Control/motor_controls.ws/install/controller:/opt/ros/foxy:/home/hd/ros2_foxy/install/ros2bag:/home/hd/ros2_foxy/install/tracetools_launch:/home/hd/ros2_foxy/install/topic_monitor:/home/hd/ros2_foxy/install/examples_tf2_py:/home/hd/ros2_foxy/install/sros2:/home/hd/ros2_foxy/install/rqt_topic:/home/hd/ros2_foxy/install/rqt_top:/home/hd/ros2_foxy/install/rqt_srv:/home/hd/ros2_foxy/install/rqt_shell:/home/hd/ros2_foxy/install/rqt_service_caller:/home/hd/ros2_foxy/install/rqt_reconfigure:/home/hd/ros2_foxy/install/rqt_py_console:/home/hd/ros2_foxy/install/rqt_publisher:/home/hd/ros2_foxy/install/rqt_plot:/home/hd/ros2_foxy/install/rqt_action:/home/hd/ros2_foxy/install/rqt_msg:/home/hd/ros2_foxy/install/rqt_console:/home/hd/ros2_foxy/install/rqt:/home/hd/ros2_foxy/install/rqt_graph:/home/hd/ros2_foxy/install/rqt_gui_py:/home/hd/ros2_foxy/install/rqt_gui:/home/hd/ros2_foxy/install/ros2trace:/home/hd/ros2_foxy/install/ros2topic:/home/hd/ros2_foxy/install/ros2test:/home/hd/ros2_foxy/install/ros2component:/home/hd/ros2_foxy/install/ros2param:/home/hd/ros2_foxy/install/ros2lifecycle:/home/hd/ros2_foxy/install/ros2service:/home/hd/ros2_foxy/install/ros2run:/home/hd/ros2_foxy/install/ros2launch:/home/hd/ros2_foxy/install/ros2pkg:/home/hd/ros2_foxy/install/ros2node:/home/hd/ros2_foxy/install/ros2multicast:/home/hd/ros2_foxy/install/ros2interface:/home/hd/ros2_foxy/install/ros2doctor:/home/hd/ros2_foxy/install/ros2action:/home/hd/ros2_foxy/install/ros2cli:/home/hd/ros2_foxy/install/quality_of_service_demo_py:/home/hd/ros2_foxy/install/launch_testing_ros:/home/hd/ros2_foxy/install/launch_ros:/home/hd/ros2_foxy/install/joystick_ros2:/home/hd/ros2_foxy/install/examples_rclpy_minimal_subscriber:/home/hd/ros2_foxy/install/examples_rclpy_minimal_service:/home/hd/ros2_foxy/install/examples_rclpy_minimal_publisher:/home/hd/ros2_foxy/install/examples_rclpy_minimal_client:/home/hd/ros2_foxy/install/examples_rclpy_minimal_action_server:/home/hd/ros2_foxy/install/examples_rclpy_minimal_action_client:/home/hd/ros2_foxy/install/examples_rclpy_executors:/home/hd/ros2_foxy/install/demo_nodes_py:/home/hd/ros2_foxy/install/action_tutorials_py:/home/hd/ros2_foxy/install/ament_uncrustify:/home/hd/ros2_foxy/install/tracetools_trace:/home/hd/ros2_foxy/install/tracetools_read:/home/hd/ros2_foxy/install/test_launch_ros:/home/hd/ros2_foxy/install/sensor_msgs_py:/home/hd/ros2_foxy/install/rpyutils:/home/hd/ros2_foxy/install/rosidl_runtime_py:/home/hd/ros2_foxy/install/launch_yaml:/home/hd/ros2_foxy/install/launch_xml:/home/hd/ros2_foxy/install/launch_testing:/home/hd/ros2_foxy/install/launch:/home/hd/ros2_foxy/install/osrf_pycommon:/home/hd/ros2_foxy/install/domain_coordinator:/home/hd/ros2_foxy/install/ament_xmllint:/home/hd/ros2_foxy/install/ament_pyflakes:/home/hd/ros2_foxy/install/ament_pycodestyle:/home/hd/ros2_foxy/install/ament_pep257:/home/hd/ros2_foxy/install/ament_pclint:/home/hd/ros2_foxy/install/ament_package:/home/hd/ros2_foxy/install/ament_mypy:/home/hd/ros2_foxy/install/ament_lint_cmake:/home/hd/ros2_foxy/install/ament_flake8:/home/hd/ros2_foxy/install/ament_copyright:/home/hd/ros2_foxy/install/ament_lint:/home/hd/ros2_foxy/install/ament_index_python:/home/hd/ros2_foxy/install/ament_cpplint:/home/hd/ros2_foxy/install/ament_cppcheck:/home/hd/ros2_foxy/install/ament_clang_tidy:/home/hd/ros2_foxy/install/ament_clang_format /usr/bin/cmake --build /home/hd/Desktop/Motor_Control/motor_controls.ws/build/coucou -- -j2 -l2
[4.358s] Invoking command in '/home/hd/Desktop/Motor_Control/motor_controls.ws/build/coucou': CMAKE_PREFIX_PATH=${CMAKE_PREFIX_PATH}:/home/hd/Desktop/Motor_Control/motor_controls.ws/install/controller:/opt/ros/foxy:/home/hd/ros2_foxy/install/ros2bag:/home/hd/ros2_foxy/install/tracetools_launch:/home/hd/ros2_foxy/install/topic_monitor:/home/hd/ros2_foxy/install/examples_tf2_py:/home/hd/ros2_foxy/install/sros2:/home/hd/ros2_foxy/install/rqt_topic:/home/hd/ros2_foxy/install/rqt_top:/home/hd/ros2_foxy/install/rqt_srv:/home/hd/ros2_foxy/install/rqt_shell:/home/hd/ros2_foxy/install/rqt_service_caller:/home/hd/ros2_foxy/install/rqt_reconfigure:/home/hd/ros2_foxy/install/rqt_py_console:/home/hd/ros2_foxy/install/rqt_publisher:/home/hd/ros2_foxy/install/rqt_plot:/home/hd/ros2_foxy/install/rqt_action:/home/hd/ros2_foxy/install/rqt_msg:/home/hd/ros2_foxy/install/rqt_console:/home/hd/ros2_foxy/install/rqt:/home/hd/ros2_foxy/install/rqt_graph:/home/hd/ros2_foxy/install/rqt_gui_py:/home/hd/ros2_foxy/install/rqt_gui:/home/hd/ros2_foxy/install/ros2trace:/home/hd/ros2_foxy/install/ros2topic:/home/hd/ros2_foxy/install/ros2test:/home/hd/ros2_foxy/install/ros2component:/home/hd/ros2_foxy/install/ros2param:/home/hd/ros2_foxy/install/ros2lifecycle:/home/hd/ros2_foxy/install/ros2service:/home/hd/ros2_foxy/install/ros2run:/home/hd/ros2_foxy/install/ros2launch:/home/hd/ros2_foxy/install/ros2pkg:/home/hd/ros2_foxy/install/ros2node:/home/hd/ros2_foxy/install/ros2multicast:/home/hd/ros2_foxy/install/ros2interface:/home/hd/ros2_foxy/install/ros2doctor:/home/hd/ros2_foxy/install/ros2action:/home/hd/ros2_foxy/install/ros2cli:/home/hd/ros2_foxy/install/quality_of_service_demo_py:/home/hd/ros2_foxy/install/launch_testing_ros:/home/hd/ros2_foxy/install/launch_ros:/home/hd/ros2_foxy/install/joystick_ros2:/home/hd/ros2_foxy/install/examples_rclpy_minimal_subscriber:/home/hd/ros2_foxy/install/examples_rclpy_minimal_service:/home/hd/ros2_foxy/install/examples_rclpy_minimal_publisher:/home/hd/ros2_foxy/install/examples_rclpy_minimal_client:/home/hd/ros2_foxy/install/examples_rclpy_minimal_action_server:/home/hd/ros2_foxy/install/examples_rclpy_minimal_action_client:/home/hd/ros2_foxy/install/examples_rclpy_executors:/home/hd/ros2_foxy/install/demo_nodes_py:/home/hd/ros2_foxy/install/action_tutorials_py:/home/hd/ros2_foxy/install/ament_uncrustify:/home/hd/ros2_foxy/install/tracetools_trace:/home/hd/ros2_foxy/install/tracetools_read:/home/hd/ros2_foxy/install/test_launch_ros:/home/hd/ros2_foxy/install/sensor_msgs_py:/home/hd/ros2_foxy/install/rpyutils:/home/hd/ros2_foxy/install/rosidl_runtime_py:/home/hd/ros2_foxy/install/launch_yaml:/home/hd/ros2_foxy/install/launch_xml:/home/hd/ros2_foxy/install/launch_testing:/home/hd/ros2_foxy/install/launch:/home/hd/ros2_foxy/install/osrf_pycommon:/home/hd/ros2_foxy/install/domain_coordinator:/home/hd/ros2_foxy/install/ament_xmllint:/home/hd/ros2_foxy/install/ament_pyflakes:/home/hd/ros2_foxy/install/ament_pycodestyle:/home/hd/ros2_foxy/install/ament_pep257:/home/hd/ros2_foxy/install/ament_pclint:/home/hd/ros2_foxy/install/ament_package:/home/hd/ros2_foxy/install/ament_mypy:/home/hd/ros2_foxy/install/ament_lint_cmake:/home/hd/ros2_foxy/install/ament_flake8:/home/hd/ros2_foxy/install/ament_copyright:/home/hd/ros2_foxy/install/ament_lint:/home/hd/ros2_foxy/install/ament_index_python:/home/hd/ros2_foxy/install/ament_cpplint:/home/hd/ros2_foxy/install/ament_cppcheck:/home/hd/ros2_foxy/install/ament_clang_tidy:/home/hd/ros2_foxy/install/ament_clang_format /usr/bin/cmake --install /home/hd/Desktop/Motor_Control/motor_controls.ws/build/coucou
[4.435s] -- Install configuration: ""
[4.436s] -- Up-to-date: /home/hd/Desktop/Motor_Control/motor_controls.ws/install/coucou/share/ament_index/resource_index/rosidl_interfaces/coucou
[4.437s] -- Up-to-date: /home/hd/Desktop/Motor_Control/motor_controls.ws/install/coucou/include/coucou
[4.439s] -- Up-to-date: /home/hd/Desktop/Motor_Control/motor_controls.ws/install/coucou/include/coucou/msg
[4.440s] -- Up-to-date: /home/hd/Desktop/Motor_Control/motor_controls.ws/install/coucou/include/coucou/msg/motor_command.h
[4.440s] -- Up-to-date: /home/hd/Desktop/Motor_Control/motor_controls.ws/install/coucou/include/coucou/msg/detail
[4.442s] -- Up-to-date: /home/hd/Desktop/Motor_Control/motor_controls.ws/install/coucou/include/coucou/msg/detail/motor_command__type_support.h
[4.443s] -- Up-to-date: /home/hd/Desktop/Motor_Control/motor_controls.ws/install/coucou/include/coucou/msg/detail/motor_command__struct.h
[4.444s] -- Up-to-date: /home/hd/Desktop/Motor_Control/motor_controls.ws/install/coucou/include/coucou/msg/detail/motor_command__functions.c
[4.444s] -- Up-to-date: /home/hd/Desktop/Motor_Control/motor_controls.ws/install/coucou/include/coucou/msg/detail/motor_command__functions.h
[4.446s] -- Up-to-date: /home/hd/Desktop/Motor_Control/motor_controls.ws/install/coucou/include/coucou/msg/rosidl_generator_c__visibility_control.h
[4.447s] -- Up-to-date: /home/hd/Desktop/Motor_Control/motor_controls.ws/install/coucou/share/coucou/environment/library_path.sh
[4.448s] -- Up-to-date: /home/hd/Desktop/Motor_Control/motor_controls.ws/install/coucou/share/coucou/environment/library_path.dsv
[4.449s] -- Up-to-date: /home/hd/Desktop/Motor_Control/motor_controls.ws/install/coucou/lib/libcoucou__rosidl_generator_c.so
[4.451s] -- Up-to-date: /home/hd/Desktop/Motor_Control/motor_controls.ws/install/coucou/include/coucou
[4.452s] -- Up-to-date: /home/hd/Desktop/Motor_Control/motor_controls.ws/install/coucou/include/coucou/msg
[4.452s] -- Up-to-date: /home/hd/Desktop/Motor_Control/motor_controls.ws/install/coucou/include/coucou/msg/detail
[4.453s] -- Up-to-date: /home/hd/Desktop/Motor_Control/motor_controls.ws/install/coucou/include/coucou/msg/detail/motor_command__rosidl_typesupport_fastrtps_c.h
[4.455s] -- Up-to-date: /home/hd/Desktop/Motor_Control/motor_controls.ws/install/coucou/include/coucou/msg/rosidl_typesupport_fastrtps_c__visibility_control.h
[4.457s] -- Up-to-date: /home/hd/Desktop/Motor_Control/motor_controls.ws/install/coucou/lib/libcoucou__rosidl_typesupport_fastrtps_c.so
[4.458s] -- Up-to-date: /home/hd/Desktop/Motor_Control/motor_controls.ws/install/coucou/include/coucou
[4.459s] -- Up-to-date: /home/hd/Desktop/Motor_Control/motor_controls.ws/install/coucou/include/coucou/msg
[4.459s] -- Up-to-date: /home/hd/Desktop/Motor_Control/motor_controls.ws/install/coucou/include/coucou/msg/rosidl_typesupport_fastrtps_cpp__visibility_control.h
[4.459s] -- Up-to-date: /home/hd/Desktop/Motor_Control/motor_controls.ws/install/coucou/include/coucou/msg/detail
[4.462s] -- Up-to-date: /home/hd/Desktop/Motor_Control/motor_controls.ws/install/coucou/include/coucou/msg/detail/motor_command__rosidl_typesupport_fastrtps_cpp.hpp
[4.463s] -- Up-to-date: /home/hd/Desktop/Motor_Control/motor_controls.ws/install/coucou/include/coucou/msg/detail/dds_fastrtps
[4.463s] -- Up-to-date: /home/hd/Desktop/Motor_Control/motor_controls.ws/install/coucou/lib/libcoucou__rosidl_typesupport_fastrtps_cpp.so
[4.463s] -- Up-to-date: /home/hd/Desktop/Motor_Control/motor_controls.ws/install/coucou/include/coucou
[4.463s] -- Up-to-date: /home/hd/Desktop/Motor_Control/motor_controls.ws/install/coucou/include/coucou/msg
[4.463s] -- Up-to-date: /home/hd/Desktop/Motor_Control/motor_controls.ws/install/coucou/include/coucou/msg/detail
[4.465s] -- Up-to-date: /home/hd/Desktop/Motor_Control/motor_controls.ws/install/coucou/include/coucou/msg/detail/motor_command__rosidl_typesupport_introspection_c.h
[4.466s] -- Up-to-date: /home/hd/Desktop/Motor_Control/motor_controls.ws/install/coucou/include/coucou/msg/detail/motor_command__type_support.c
[4.466s] -- Up-to-date: /home/hd/Desktop/Motor_Control/motor_controls.ws/install/coucou/include/coucou/msg/rosidl_typesupport_introspection_c__visibility_control.h
[4.466s] -- Up-to-date: /home/hd/Desktop/Motor_Control/motor_controls.ws/install/coucou/lib/libcoucou__rosidl_typesupport_introspection_c.so
[4.467s] -- Up-to-date: /home/hd/Desktop/Motor_Control/motor_controls.ws/install/coucou/lib/libcoucou__rosidl_typesupport_c.so
[4.468s] -- Up-to-date: /home/hd/Desktop/Motor_Control/motor_controls.ws/install/coucou/include/coucou
[4.469s] -- Up-to-date: /home/hd/Desktop/Motor_Control/motor_controls.ws/install/coucou/include/coucou/msg
[4.471s] -- Up-to-date: /home/hd/Desktop/Motor_Control/motor_controls.ws/install/coucou/include/coucou/msg/motor_command.hpp
[4.471s] -- Up-to-date: /home/hd/Desktop/Motor_Control/motor_controls.ws/install/coucou/include/coucou/msg/detail
[4.472s] -- Up-to-date: /home/hd/Desktop/Motor_Control/motor_controls.ws/install/coucou/include/coucou/msg/detail/motor_command__builder.hpp
[4.477s] -- Up-to-date: /home/hd/Desktop/Motor_Control/motor_controls.ws/install/coucou/include/coucou/msg/detail/motor_command__struct.hpp
[4.477s] -- Up-to-date: /home/hd/Desktop/Motor_Control/motor_controls.ws/install/coucou/include/coucou/msg/detail/motor_command__traits.hpp
[4.477s] -- Up-to-date: /home/hd/Desktop/Motor_Control/motor_controls.ws/install/coucou/include/coucou
[4.477s] -- Up-to-date: /home/hd/Desktop/Motor_Control/motor_controls.ws/install/coucou/include/coucou/msg
[4.478s] -- Up-to-date: /home/hd/Desktop/Motor_Control/motor_controls.ws/install/coucou/include/coucou/msg/detail
[4.478s] -- Up-to-date: /home/hd/Desktop/Motor_Control/motor_controls.ws/install/coucou/include/coucou/msg/detail/motor_command__rosidl_typesupport_introspection_cpp.hpp
[4.478s] -- Up-to-date: /home/hd/Desktop/Motor_Control/motor_controls.ws/install/coucou/include/coucou/msg/detail/motor_command__type_support.cpp
[4.478s] -- Up-to-date: /home/hd/Desktop/Motor_Control/motor_controls.ws/install/coucou/lib/libcoucou__rosidl_typesupport_introspection_cpp.so
[4.478s] -- Up-to-date: /home/hd/Desktop/Motor_Control/motor_controls.ws/install/coucou/lib/libcoucou__rosidl_typesupport_cpp.so
[4.478s] -- Up-to-date: /home/hd/Desktop/Motor_Control/motor_controls.ws/install/coucou/share/coucou/environment/pythonpath.sh
[4.479s] -- Up-to-date: /home/hd/Desktop/Motor_Control/motor_controls.ws/install/coucou/share/coucou/environment/pythonpath.dsv
[4.479s] -- Up-to-date: /home/hd/Desktop/Motor_Control/motor_controls.ws/install/coucou/lib/python3.8/site-packages/coucou/__init__.py
[6.047s] -- Up-to-date: /home/hd/Desktop/Motor_Control/motor_controls.ws/install/coucou/lib/python3.8/site-packages/coucou/msg
[6.048s] -- Up-to-date: /home/hd/Desktop/Motor_Control/motor_controls.ws/install/coucou/lib/python3.8/site-packages/coucou/msg/__init__.py
[6.049s] -- Up-to-date: /home/hd/Desktop/Motor_Control/motor_controls.ws/install/coucou/lib/python3.8/site-packages/coucou/msg/_motor_command_s.c
[6.049s] -- Up-to-date: /home/hd/Desktop/Motor_Control/motor_controls.ws/install/coucou/lib/python3.8/site-packages/coucou/msg/_motor_command.py
[6.051s] -- Up-to-date: /home/hd/Desktop/Motor_Control/motor_controls.ws/install/coucou/lib/python3.8/site-packages/coucou/coucou_s__rosidl_typesupport_fastrtps_c.cpython-38-x86_64-linux-gnu.so
[6.051s] -- Up-to-date: /home/hd/Desktop/Motor_Control/motor_controls.ws/install/coucou/lib/python3.8/site-packages/coucou/coucou_s__rosidl_typesupport_introspection_c.cpython-38-x86_64-linux-gnu.so
[6.052s] -- Up-to-date: /home/hd/Desktop/Motor_Control/motor_controls.ws/install/coucou/lib/python3.8/site-packages/coucou/coucou_s__rosidl_typesupport_c.cpython-38-x86_64-linux-gnu.so
[6.054s] -- Up-to-date: /home/hd/Desktop/Motor_Control/motor_controls.ws/install/coucou/lib/libcoucou__python.so
[6.056s] -- Up-to-date: /home/hd/Desktop/Motor_Control/motor_controls.ws/install/coucou/share/coucou/msg/MotorCommand.idl
[6.057s] -- Up-to-date: /home/hd/Desktop/Motor_Control/motor_controls.ws/install/coucou/share/coucou/msg/MotorCommand.msg
[6.058s] -- Up-to-date: /home/hd/Desktop/Motor_Control/motor_controls.ws/install/coucou/lib/coucou/talker
[6.059s] -- Up-to-date: /home/hd/Desktop/Motor_Control/motor_controls.ws/install/coucou/lib/coucou/suscriber
[6.060s] -- Up-to-date: /home/hd/Desktop/Motor_Control/motor_controls.ws/install/coucou/share/ament_index/resource_index/package_run_dependencies/coucou
[6.061s] -- Up-to-date: /home/hd/Desktop/Motor_Control/motor_controls.ws/install/coucou/share/ament_index/resource_index/parent_prefix_path/coucou
[6.061s] -- Up-to-date: /home/hd/Desktop/Motor_Control/motor_controls.ws/install/coucou/share/coucou/environment/ament_prefix_path.dsv
[6.062s] -- Up-to-date: /home/hd/Desktop/Motor_Control/motor_controls.ws/install/coucou/share/coucou/environment/path.dsv
[6.062s] -- Up-to-date: /home/hd/Desktop/Motor_Control/motor_controls.ws/install/coucou/share/coucou/local_setup.bash
[6.063s] -- Up-to-date: /home/hd/Desktop/Motor_Control/motor_controls.ws/install/coucou/share/coucou/local_setup.sh
[6.063s] -- Up-to-date: /home/hd/Desktop/Motor_Control/motor_controls.ws/install/coucou/share/coucou/local_setup.zsh
[6.063s] -- Up-to-date: /home/hd/Desktop/Motor_Control/motor_controls.ws/install/coucou/share/coucou/local_setup.dsv
[6.064s] -- Installing: /home/hd/Desktop/Motor_Control/motor_controls.ws/install/coucou/share/coucou/package.dsv
[6.065s] -- Up-to-date: /home/hd/Desktop/Motor_Control/motor_controls.ws/install/coucou/share/ament_index/resource_index/packages/coucou
[6.066s] -- Up-to-date: /home/hd/Desktop/Motor_Control/motor_controls.ws/install/coucou/share/coucou/cmake/coucou__rosidl_generator_cExport.cmake
[6.066s] -- Up-to-date: /home/hd/Desktop/Motor_Control/motor_controls.ws/install/coucou/share/coucou/cmake/coucou__rosidl_generator_cExport-noconfig.cmake
[6.067s] -- Up-to-date: /home/hd/Desktop/Motor_Control/motor_controls.ws/install/coucou/share/coucou/cmake/coucou__rosidl_typesupport_introspection_cExport.cmake
[6.067s] -- Up-to-date: /home/hd/Desktop/Motor_Control/motor_controls.ws/install/coucou/share/coucou/cmake/coucou__rosidl_typesupport_introspection_cExport-noconfig.cmake
[6.067s] -- Up-to-date: /home/hd/Desktop/Motor_Control/motor_controls.ws/install/coucou/share/coucou/cmake/coucou__rosidl_typesupport_cExport.cmake
[6.068s] -- Up-to-date: /home/hd/Desktop/Motor_Control/motor_controls.ws/install/coucou/share/coucou/cmake/coucou__rosidl_typesupport_cExport-noconfig.cmake
[6.068s] -- Up-to-date: /home/hd/Desktop/Motor_Control/motor_controls.ws/install/coucou/share/coucou/cmake/coucou__rosidl_generator_cppExport.cmake
[6.069s] -- Up-to-date: /home/hd/Desktop/Motor_Control/motor_controls.ws/install/coucou/share/coucou/cmake/coucou__rosidl_typesupport_introspection_cppExport.cmake
[6.069s] -- Up-to-date: /home/hd/Desktop/Motor_Control/motor_controls.ws/install/coucou/share/coucou/cmake/coucou__rosidl_typesupport_introspection_cppExport-noconfig.cmake
[6.070s] -- Up-to-date: /home/hd/Desktop/Motor_Control/motor_controls.ws/install/coucou/share/coucou/cmake/coucou__rosidl_typesupport_cppExport.cmake
[6.071s] -- Up-to-date: /home/hd/Desktop/Motor_Control/motor_controls.ws/install/coucou/share/coucou/cmake/coucou__rosidl_typesupport_cppExport-noconfig.cmake
[6.073s] -- Up-to-date: /home/hd/Desktop/Motor_Control/motor_controls.ws/install/coucou/share/coucou/cmake/rosidl_cmake-extras.cmake
[6.074s] -- Up-to-date: /home/hd/Desktop/Motor_Control/motor_controls.ws/install/coucou/share/coucou/cmake/ament_cmake_export_dependencies-extras.cmake
[6.074s] -- Up-to-date: /home/hd/Desktop/Motor_Control/motor_controls.ws/install/coucou/share/coucou/cmake/ament_cmake_export_libraries-extras.cmake
[6.075s] -- Up-to-date: /home/hd/Desktop/Motor_Control/motor_controls.ws/install/coucou/share/coucou/cmake/ament_cmake_export_targets-extras.cmake
[6.076s] -- Up-to-date: /home/hd/Desktop/Motor_Control/motor_controls.ws/install/coucou/share/coucou/cmake/ament_cmake_export_include_directories-extras.cmake
[6.076s] -- Up-to-date: /home/hd/Desktop/Motor_Control/motor_controls.ws/install/coucou/share/coucou/cmake/rosidl_cmake_export_typesupport_libraries-extras.cmake
[6.077s] -- Up-to-date: /home/hd/Desktop/Motor_Control/motor_controls.ws/install/coucou/share/coucou/cmake/rosidl_cmake_export_typesupport_targets-extras.cmake
[6.077s] -- Up-to-date: /home/hd/Desktop/Motor_Control/motor_controls.ws/install/coucou/share/coucou/cmake/coucouConfig.cmake
[6.078s] -- Up-to-date: /home/hd/Desktop/Motor_Control/motor_controls.ws/install/coucou/share/coucou/cmake/coucouConfig-version.cmake
[6.078s] -- Up-to-date: /home/hd/Desktop/Motor_Control/motor_controls.ws/install/coucou/share/coucou/package.xml
[6.119s] Invoked command in '/home/hd/Desktop/Motor_Control/motor_controls.ws/build/coucou' returned '0': CMAKE_PREFIX_PATH=${CMAKE_PREFIX_PATH}:/home/hd/Desktop/Motor_Control/motor_controls.ws/install/controller:/opt/ros/foxy:/home/hd/ros2_foxy/install/ros2bag:/home/hd/ros2_foxy/install/tracetools_launch:/home/hd/ros2_foxy/install/topic_monitor:/home/hd/ros2_foxy/install/examples_tf2_py:/home/hd/ros2_foxy/install/sros2:/home/hd/ros2_foxy/install/rqt_topic:/home/hd/ros2_foxy/install/rqt_top:/home/hd/ros2_foxy/install/rqt_srv:/home/hd/ros2_foxy/install/rqt_shell:/home/hd/ros2_foxy/install/rqt_service_caller:/home/hd/ros2_foxy/install/rqt_reconfigure:/home/hd/ros2_foxy/install/rqt_py_console:/home/hd/ros2_foxy/install/rqt_publisher:/home/hd/ros2_foxy/install/rqt_plot:/home/hd/ros2_foxy/install/rqt_action:/home/hd/ros2_foxy/install/rqt_msg:/home/hd/ros2_foxy/install/rqt_console:/home/hd/ros2_foxy/install/rqt:/home/hd/ros2_foxy/install/rqt_graph:/home/hd/ros2_foxy/install/rqt_gui_py:/home/hd/ros2_foxy/install/rqt_gui:/home/hd/ros2_foxy/install/ros2trace:/home/hd/ros2_foxy/install/ros2topic:/home/hd/ros2_foxy/install/ros2test:/home/hd/ros2_foxy/install/ros2component:/home/hd/ros2_foxy/install/ros2param:/home/hd/ros2_foxy/install/ros2lifecycle:/home/hd/ros2_foxy/install/ros2service:/home/hd/ros2_foxy/install/ros2run:/home/hd/ros2_foxy/install/ros2launch:/home/hd/ros2_foxy/install/ros2pkg:/home/hd/ros2_foxy/install/ros2node:/home/hd/ros2_foxy/install/ros2multicast:/home/hd/ros2_foxy/install/ros2interface:/home/hd/ros2_foxy/install/ros2doctor:/home/hd/ros2_foxy/install/ros2action:/home/hd/ros2_foxy/install/ros2cli:/home/hd/ros2_foxy/install/quality_of_service_demo_py:/home/hd/ros2_foxy/install/launch_testing_ros:/home/hd/ros2_foxy/install/launch_ros:/home/hd/ros2_foxy/install/joystick_ros2:/home/hd/ros2_foxy/install/examples_rclpy_minimal_subscriber:/home/hd/ros2_foxy/install/examples_rclpy_minimal_service:/home/hd/ros2_foxy/install/examples_rclpy_minimal_publisher:/home/hd/ros2_foxy/install/examples_rclpy_minimal_client:/home/hd/ros2_foxy/install/examples_rclpy_minimal_action_server:/home/hd/ros2_foxy/install/examples_rclpy_minimal_action_client:/home/hd/ros2_foxy/install/examples_rclpy_executors:/home/hd/ros2_foxy/install/demo_nodes_py:/home/hd/ros2_foxy/install/action_tutorials_py:/home/hd/ros2_foxy/install/ament_uncrustify:/home/hd/ros2_foxy/install/tracetools_trace:/home/hd/ros2_foxy/install/tracetools_read:/home/hd/ros2_foxy/install/test_launch_ros:/home/hd/ros2_foxy/install/sensor_msgs_py:/home/hd/ros2_foxy/install/rpyutils:/home/hd/ros2_foxy/install/rosidl_runtime_py:/home/hd/ros2_foxy/install/launch_yaml:/home/hd/ros2_foxy/install/launch_xml:/home/hd/ros2_foxy/install/launch_testing:/home/hd/ros2_foxy/install/launch:/home/hd/ros2_foxy/install/osrf_pycommon:/home/hd/ros2_foxy/install/domain_coordinator:/home/hd/ros2_foxy/install/ament_xmllint:/home/hd/ros2_foxy/install/ament_pyflakes:/home/hd/ros2_foxy/install/ament_pycodestyle:/home/hd/ros2_foxy/install/ament_pep257:/home/hd/ros2_foxy/install/ament_pclint:/home/hd/ros2_foxy/install/ament_package:/home/hd/ros2_foxy/install/ament_mypy:/home/hd/ros2_foxy/install/ament_lint_cmake:/home/hd/ros2_foxy/install/ament_flake8:/home/hd/ros2_foxy/install/ament_copyright:/home/hd/ros2_foxy/install/ament_lint:/home/hd/ros2_foxy/install/ament_index_python:/home/hd/ros2_foxy/install/ament_cpplint:/home/hd/ros2_foxy/install/ament_cppcheck:/home/hd/ros2_foxy/install/ament_clang_tidy:/home/hd/ros2_foxy/install/ament_clang_format /usr/bin/cmake --install /home/hd/Desktop/Motor_Control/motor_controls.ws/build/coucou
